7 RECEIVE 100 1449433072369 
7 RECEIVE 0 1449433103131 
7 RECEIVE 300 1449433115274 
7 RECEIVE 200 1449433142503 
7 RECEIVE 500 1449433157175 
7 RECEIVE 400 1449433183365 
7 RECEIVE 700 1449433199087 
7 RECEIVE 600 1449433224752 
7 RECEIVE 900 1449433237852 
7 RECEIVE 800 1449433262192 
7 RECEIVE 1100 1449433277939 
7 RECEIVE 1000 1449433300434 
7 RECEIVE 1300 1449433318457 
7 RECEIVE 1200 1449433344582 
7 RECEIVE 1500 1449433358428 
7 RECEIVE 1400 1449433384841 
7 RECEIVE 1700 1449433399824 
7 RECEIVE 1600 1449433424287 
7 RECEIVE 1900 1449433438507 
7 RECEIVE 1800 1449433464927 
7 RECEIVE 2100 1449433479512 
7 RECEIVE 2000 1449433505149 
