4 RECEIVE 100 1449433072689 
4 RECEIVE 0 1449433103595 
4 RECEIVE 300 1449433116722 
4 RECEIVE 200 1449433141970 
4 RECEIVE 500 1449433156437 
4 RECEIVE 400 1449433180552 
4 RECEIVE 700 1449433197428 
4 RECEIVE 600 1449433223124 
4 RECEIVE 900 1449433237709 
4 RECEIVE 800 1449433262831 
4 RECEIVE 1100 1449433277095 
4 RECEIVE 1000 1449433304544 
4 RECEIVE 1300 1449433317882 
4 RECEIVE 1200 1449433343429 
4 RECEIVE 1500 1449433358935 
4 RECEIVE 1400 1449433384015 
4 RECEIVE 1700 1449433398575 
4 RECEIVE 1600 1449433426177 
4 RECEIVE 1900 1449433439383 
4 RECEIVE 1800 1449433459656 
4 RECEIVE 2100 1449433479149 
4 RECEIVE 2000 1449433505459 
