10 RECEIVE 100 1449433073179 
10 RECEIVE 0 1449433103008 
10 RECEIVE 300 1449433116263 
10 RECEIVE 200 1449433143308 
10 RECEIVE 500 1449433157500 
10 RECEIVE 400 1449433184363 
10 RECEIVE 700 1449433198580 
10 RECEIVE 600 1449433224994 
10 RECEIVE 900 1449433238034 
10 RECEIVE 800 1449433264499 
10 RECEIVE 1100 1449433277335 
10 RECEIVE 1000 1449433305436 
10 RECEIVE 1300 1449433318879 
10 RECEIVE 1200 1449433345512 
10 RECEIVE 1500 1449433359030 
10 RECEIVE 1400 1449433385829 
10 RECEIVE 1700 1449433399870 
10 RECEIVE 1600 1449433425217 
10 RECEIVE 1900 1449433438795 
10 RECEIVE 1800 1449433465917 
10 RECEIVE 2100 1449433480471 
10 RECEIVE 2000 1449433506099 
