1 SEND 0 1449433067196 
1 SEND 0 1449433067170 
1 SEND 0 1449433067196 
1 SEND 100 1449433067196 
1 SEND 0 1449433067193 
1 SEND 100 1449433067195 
1 SEND 100 1449433067193 
1 SEND 0 1449433067194 
1 SEND 100 1449433067195 
1 SEND 100 1449433067193 
1 SEND 100 1449433067193 
1 SEND 100 1449433067196 
1 SEND 100 1449433067169 
1 SEND 0 1449433067196 
1 SEND 0 1449433067196 
1 SEND 0 1449433067196 
1 SEND 100 1449433067171 
1 SEND 100 1449433067194 
1 SEND 0 1449433067196 
1 SEND 0 1449433067196 
1 SEND 200 1449433107241 
1 SEND 200 1449433107242 
1 SEND 200 1449433107243 
1 SEND 200 1449433107259 
1 SEND 200 1449433107259 
1 SEND 200 1449433107260 
1 SEND 200 1449433107260 
1 SEND 200 1449433107266 
1 SEND 200 1449433107295 
1 SEND 200 1449433107296 
1 SEND 300 1449433108446 
1 SEND 300 1449433108459 
1 SEND 300 1449433108460 
1 SEND 300 1449433108463 
1 SEND 300 1449433108463 
1 SEND 300 1449433108463 
1 SEND 300 1449433108464 
1 SEND 300 1449433108464 
1 SEND 300 1449433108465 
1 SEND 300 1449433108466 
1 SEND 400 1449433147494 
1 SEND 400 1449433147494 
1 SEND 400 1449433147499 
1 SEND 400 1449433147499 
1 SEND 400 1449433147713 
1 SEND 400 1449433147715 
1 SEND 400 1449433147751 
1 SEND 400 1449433147798 
1 SEND 400 1449433147798 
1 SEND 400 1449433147799 
1 SEND 500 1449433148885 
1 SEND 500 1449433148889 
1 SEND 500 1449433148894 
1 SEND 500 1449433148894 
1 SEND 500 1449433148894 
1 SEND 500 1449433148895 
1 SEND 500 1449433148895 
1 SEND 500 1449433148895 
1 SEND 500 1449433148896 
1 SEND 500 1449433148898 
1 SEND 600 1449433187801 
1 SEND 600 1449433187801 
1 SEND 600 1449433187806 
1 SEND 600 1449433187807 
1 SEND 600 1449433187808 
1 SEND 600 1449433187808 
1 SEND 600 1449433187809 
1 SEND 600 1449433187813 
1 SEND 600 1449433187813 
1 SEND 600 1449433187814 
1 SEND 700 1449433189310 
1 SEND 700 1449433189312 
1 SEND 700 1449433189314 
1 SEND 700 1449433189314 
1 SEND 700 1449433189316 
1 SEND 700 1449433189316 
1 SEND 700 1449433189317 
1 SEND 700 1449433189317 
1 SEND 700 1449433189317 
1 SEND 700 1449433189317 
1 SEND 800 1449433228039 
1 SEND 800 1449433228041 
1 SEND 800 1449433228043 
1 SEND 800 1449433228044 
1 SEND 800 1449433228044 
1 SEND 800 1449433228045 
1 SEND 800 1449433228047 
1 SEND 800 1449433228052 
1 SEND 800 1449433228054 
1 SEND 800 1449433228353 
1 SEND 900 1449433229586 
1 SEND 900 1449433229586 
1 SEND 900 1449433229588 
1 SEND 900 1449433229588 
1 SEND 900 1449433229588 
1 SEND 900 1449433229589 
1 SEND 900 1449433229592 
1 SEND 900 1449433229592 
1 SEND 900 1449433229593 
1 SEND 900 1449433229596 
1 SEND 1000 1449433268259 
1 SEND 1000 1449433268262 
1 SEND 1000 1449433268263 
1 SEND 1000 1449433268263 
1 SEND 1000 1449433268469 
1 SEND 1000 1449433268471 
1 SEND 1000 1449433268471 
1 SEND 1000 1449433268474 
1 SEND 1000 1449433268479 
1 SEND 1000 1449433268481 
1 SEND 1100 1449433269441 
1 SEND 1100 1449433269446 
1 SEND 1100 1449433269446 
1 SEND 1100 1449433269447 
1 SEND 1100 1449433269447 
1 SEND 1100 1449433269446 
1 SEND 1100 1449433269449 
1 SEND 1100 1449433269449 
1 SEND 1100 1449433269450 
1 SEND 1100 1449433269450 
1 SEND 1200 1449433308417 
1 SEND 1200 1449433308425 
1 SEND 1200 1449433308467 
1 SEND 1200 1449433308483 
1 SEND 1200 1449433308485 
1 SEND 1200 1449433308544 
1 SEND 1200 1449433308545 
1 SEND 1200 1449433308547 
1 SEND 1200 1449433308548 
1 SEND 1200 1449433308551 
1 SEND 1300 1449433310066 
1 SEND 1300 1449433310067 
1 SEND 1300 1449433310069 
1 SEND 1300 1449433310069 
1 SEND 1300 1449433310071 
1 SEND 1300 1449433310071 
1 SEND 1300 1449433310071 
1 SEND 1300 1449433310072 
1 SEND 1300 1449433310074 
1 SEND 1300 1449433310074 
1 SEND 1400 1449433348692 
1 SEND 1400 1449433348695 
1 SEND 1400 1449433348699 
1 SEND 1400 1449433348699 
1 SEND 1400 1449433348753 
1 SEND 1400 1449433348799 
1 SEND 1400 1449433348800 
1 SEND 1400 1449433348801 
1 SEND 1400 1449433348801 
1 SEND 1400 1449433348803 
1 SEND 1500 1449433350094 
1 SEND 1500 1449433350096 
1 SEND 1500 1449433350097 
1 SEND 1500 1449433350097 
1 SEND 1500 1449433350098 
1 SEND 1500 1449433350098 
1 SEND 1500 1449433350098 
1 SEND 1500 1449433350099 
1 SEND 1500 1449433350099 
1 SEND 1500 1449433350102 
1 SEND 1600 1449433388864 
1 SEND 1600 1449433388942 
1 SEND 1600 1449433388944 
1 SEND 1600 1449433388944 
1 SEND 1600 1449433388944 
1 SEND 1600 1449433388945 
1 SEND 1600 1449433388945 
1 SEND 1600 1449433388946 
1 SEND 1600 1449433388948 
1 SEND 1600 1449433388950 
1 SEND 1700 1449433390494 
1 SEND 1700 1449433390496 
1 SEND 1700 1449433390498 
1 SEND 1700 1449433390499 
1 SEND 1700 1449433390500 
1 SEND 1700 1449433390501 
1 SEND 1700 1449433390501 
1 SEND 1700 1449433390502 
1 SEND 1700 1449433390502 
1 SEND 1700 1449433390507 
1 SEND 1800 1449433429058 
1 SEND 1800 1449433429061 
1 SEND 1800 1449433429061 
1 SEND 1800 1449433429065 
1 SEND 1800 1449433429278 
1 SEND 1800 1449433429278 
1 SEND 1800 1449433429279 
1 SEND 1800 1449433429287 
1 SEND 1800 1449433429288 
1 SEND 1800 1449433429288 
1 SEND 1900 1449433430228 
1 SEND 1900 1449433430229 
1 SEND 1900 1449433430229 
1 SEND 1900 1449433430229 
1 SEND 1900 1449433430230 
1 SEND 1900 1449433430232 
1 SEND 1900 1449433430232 
1 SEND 1900 1449433430236 
1 SEND 1900 1449433430237 
1 SEND 1900 1449433430253 
1 SEND 2000 1449433469240 
1 SEND 2000 1449433469241 
1 SEND 2000 1449433469241 
1 SEND 2000 1449433469241 
1 SEND 2000 1449433469245 
1 SEND 2000 1449433469248 
1 SEND 2000 1449433469252 
1 SEND 2000 1449433469252 
1 SEND 2000 1449433469253 
1 SEND 2000 1449433469253 
1 SEND 2100 1449433470951 
1 SEND 2100 1449433470954 
1 SEND 2100 1449433470955 
1 SEND 2100 1449433470956 
1 SEND 2100 1449433470956 
1 SEND 2100 1449433470956 
1 SEND 2100 1449433470958 
1 SEND 2100 1449433470972 
1 SEND 2100 1449433470975 
1 SEND 2100 1449433470977 
