6 RECEIVE 100 1449433073256 
6 RECEIVE 0 1449433099849 
6 RECEIVE 300 1449433116656 
6 RECEIVE 200 1449433141573 
6 RECEIVE 500 1449433156850 
6 RECEIVE 400 1449433180756 
6 RECEIVE 700 1449433198233 
6 RECEIVE 600 1449433222793 
6 RECEIVE 900 1449433238580 
6 RECEIVE 800 1449433265462 
6 RECEIVE 1100 1449433276482 
6 RECEIVE 1000 1449433300851 
6 RECEIVE 1300 1449433318285 
6 RECEIVE 1200 1449433344892 
6 RECEIVE 1500 1449433357725 
6 RECEIVE 1400 1449433384520 
6 RECEIVE 1700 1449433399237 
6 RECEIVE 1600 1449433423976 
6 RECEIVE 1900 1449433438320 
6 RECEIVE 1800 1449433465277 
6 RECEIVE 2100 1449433479743 
6 RECEIVE 2000 1449433500654 
