8 RECEIVE 100 1449433073082 
8 RECEIVE 0 1449433104128 
8 RECEIVE 300 1449433115582 
8 RECEIVE 200 1449433142125 
8 RECEIVE 500 1449433156658 
8 RECEIVE 400 1449433183675 
8 RECEIVE 700 1449433198061 
8 RECEIVE 600 1449433223841 
8 RECEIVE 900 1449433238255 
8 RECEIVE 800 1449433262540 
8 RECEIVE 1100 1449433277672 
8 RECEIVE 1000 1449433304797 
8 RECEIVE 1300 1449433319223 
8 RECEIVE 1200 1449433343816 
8 RECEIVE 1500 1449433359200 
8 RECEIVE 1400 1449433385160 
8 RECEIVE 1700 1449433399897 
8 RECEIVE 1600 1449433424597 
8 RECEIVE 1900 1449433439188 
8 RECEIVE 1800 1449433465597 
8 RECEIVE 2100 1449433480298 
8 RECEIVE 2000 1449433504442 
