11 RECEIVE 100 1449433072282 
11 RECEIVE 0 1449433100256 
11 RECEIVE 300 1449433116033 
11 RECEIVE 200 1449433144180 
11 RECEIVE 500 1449433157357 
11 RECEIVE 400 1449433184983 
11 RECEIVE 700 1449433197859 
11 RECEIVE 600 1449433224568 
11 RECEIVE 900 1449433238645 
11 RECEIVE 800 1449433264809 
11 RECEIVE 1100 1449433277835 
11 RECEIVE 1000 1449433305756 
11 RECEIVE 1300 1449433318103 
11 RECEIVE 1200 1449433345803 
11 RECEIVE 1500 1449433359066 
11 RECEIVE 1400 1449433386159 
11 RECEIVE 1700 1449433399448 
11 RECEIVE 1600 1449433425576 
11 RECEIVE 1900 1449433439016 
11 RECEIVE 1800 1449433466556 
11 RECEIVE 2100 1449433479944 
11 RECEIVE 2000 1449433506409 
