3 RECEIVE 100 1449433072669 
3 RECEIVE 0 1449433104390 
3 RECEIVE 300 1449433115754 
3 RECEIVE 200 1449433141805 
3 RECEIVE 500 1449433156006 
3 RECEIVE 400 1449433178332 
3 RECEIVE 700 1449433198800 
3 RECEIVE 600 1449433219244 
3 RECEIVE 900 1449433237151 
3 RECEIVE 800 1449433263549 
3 RECEIVE 1100 1449433276874 
3 RECEIVE 1000 1449433304147 
3 RECEIVE 1300 1449433317681 
3 RECEIVE 1200 1449433339998 
3 RECEIVE 1500 1449433358266 
3 RECEIVE 1400 1449433381825 
3 RECEIVE 1700 1449433398202 
3 RECEIVE 1600 1449433423647 
3 RECEIVE 1900 1449433439684 
3 RECEIVE 1800 1449433459365 
3 RECEIVE 2100 1449433478967 
3 RECEIVE 2000 1449433504761 
