2 RECEIVE 100 1449433072131 
2 RECEIVE 0 1449433102979 
2 RECEIVE 300 1449433115073 
2 RECEIVE 200 1449433143036 
2 RECEIVE 500 1449433155824 
2 RECEIVE 400 1449433180009 
2 RECEIVE 700 1449433197610 
2 RECEIVE 600 1449433219730 
2 RECEIVE 900 1449433236979 
2 RECEIVE 800 1449433261688 
2 RECEIVE 1100 1449433276300 
2 RECEIVE 1000 1449433301200 
2 RECEIVE 1300 1449433317499 
2 RECEIVE 1200 1449433341432 
2 RECEIVE 1500 1449433357543 
2 RECEIVE 1400 1449433377951 
2 RECEIVE 1700 1449433398393 
2 RECEIVE 1600 1449433414032 
2 RECEIVE 1900 1449433439351 
2 RECEIVE 1800 1449433462428 
2 RECEIVE 2100 1449433478785 
2 RECEIVE 2000 1449433503532 
