6 RECEIVE 100 1449458057994 
6 RECEIVE 0 1449458087923 
6 RECEIVE 300 1449458101980 
6 RECEIVE 200 1449458129737 
6 RECEIVE 500 1449458141932 
6 RECEIVE 400 1449458168615 
6 RECEIVE 700 1449458183652 
6 RECEIVE 600 1449458208685 
6 RECEIVE 900 1449458224058 
6 RECEIVE 800 1449458249137 
6 RECEIVE 1100 1449458263925 
6 RECEIVE 1000 1449458290559 
6 RECEIVE 1300 1449458303233 
6 RECEIVE 1200 1449458330169 
6 RECEIVE 1500 1449458342961 
6 RECEIVE 1400 1449458368931 
6 RECEIVE 1700 1449458384500 
6 RECEIVE 1600 1449458410643 
6 RECEIVE 1900 1449458423837 
6 RECEIVE 1800 1449458450341 
6 RECEIVE 2100 1449458463402 
6 RECEIVE 2000 1449458490423 
