7 RECEIVE 100 1449458057936 
7 RECEIVE 0 1449458088844 
7 RECEIVE 300 1449458101169 
7 RECEIVE 200 1449458127143 
7 RECEIVE 500 1449458142926 
7 RECEIVE 400 1449458170176 
7 RECEIVE 700 1449458183917 
7 RECEIVE 600 1449458205049 
7 RECEIVE 900 1449458223993 
7 RECEIVE 800 1449458250446 
7 RECEIVE 1100 1449458263632 
7 RECEIVE 1000 1449458290183 
7 RECEIVE 1300 1449458303444 
7 RECEIVE 1200 1449458330518 
7 RECEIVE 1500 1449458343834 
7 RECEIVE 1400 1449458368601 
7 RECEIVE 1700 1449458384123 
7 RECEIVE 1600 1449458410333 
7 RECEIVE 1900 1449458423667 
7 RECEIVE 1800 1449458450021 
7 RECEIVE 2100 1449458463960 
7 RECEIVE 2000 1449458490742 
