9 RECEIVE 100 1449458058801 
9 RECEIVE 0 1449458088951 
9 RECEIVE 300 1449458101399 
9 RECEIVE 200 1449458127075 
9 RECEIVE 500 1449458142305 
9 RECEIVE 400 1449458169915 
9 RECEIVE 700 1449458183688 
9 RECEIVE 600 1449458209051 
9 RECEIVE 900 1449458223566 
9 RECEIVE 800 1449458250126 
9 RECEIVE 1100 1449458263537 
9 RECEIVE 1000 1449458288885 
9 RECEIVE 1300 1449458303926 
9 RECEIVE 1200 1449458326250 
9 RECEIVE 1500 1449458344207 
9 RECEIVE 1400 1449458370425 
9 RECEIVE 1700 1449458384262 
9 RECEIVE 1600 1449458409977 
9 RECEIVE 1900 1449458423565 
9 RECEIVE 1800 1449458449323 
9 RECEIVE 2100 1449458463977 
9 RECEIVE 2000 1449458491072 
