2 RECEIVE 100 1449458057073 
2 RECEIVE 0 1449458088505 
2 RECEIVE 300 1449458101953 
2 RECEIVE 200 1449458129350 
2 RECEIVE 500 1449458141750 
2 RECEIVE 400 1449458162808 
2 RECEIVE 700 1449458182939 
2 RECEIVE 600 1449458203749 
2 RECEIVE 900 1449458223976 
2 RECEIVE 800 1449458243906 
2 RECEIVE 1100 1449458262643 
2 RECEIVE 1000 1449458283654 
2 RECEIVE 1300 1449458304021 
2 RECEIVE 1200 1449458325232 
2 RECEIVE 1500 1449458342837 
2 RECEIVE 1400 1449458368194 
2 RECEIVE 1700 1449458383854 
2 RECEIVE 1600 1449458408057 
2 RECEIVE 1900 1449458422554 
2 RECEIVE 1800 1449458446895 
2 RECEIVE 2100 1449458462898 
2 RECEIVE 2000 1449458487628 
