10 RECEIVE 100 1449458057839 
10 RECEIVE 0 1449458087865 
10 RECEIVE 300 1449458101880 
10 RECEIVE 200 1449458130031 
10 RECEIVE 500 1449458142992 
10 RECEIVE 400 1449458169537 
10 RECEIVE 700 1449458183934 
10 RECEIVE 600 1449458209759 
10 RECEIVE 900 1449458223726 
10 RECEIVE 800 1449458249457 
10 RECEIVE 1100 1449458263200 
10 RECEIVE 1000 1449458289680 
10 RECEIVE 1300 1449458304208 
10 RECEIVE 1200 1449458329214 
10 RECEIVE 1500 1449458343751 
10 RECEIVE 1400 1449458369600 
10 RECEIVE 1700 1449458384196 
10 RECEIVE 1600 1449458408627 
10 RECEIVE 1900 1449458423820 
10 RECEIVE 1800 1449458450980 
10 RECEIVE 2100 1449458463894 
10 RECEIVE 2000 1449458488912 
