9 RECEIVE 100 1449451949230 
9 RECEIVE 200 1449451964490 
9 RECEIVE 300 1449451975327 
9 RECEIVE 0 1449451999908 
9 RECEIVE 500 1449452018240 
9 RECEIVE 600 1449452031897 
9 RECEIVE 700 1449452049605 
9 RECEIVE 400 1449452059767 
9 RECEIVE 900 1449452075939 
9 RECEIVE 1000 1449452089901 
9 RECEIVE 1100 1449452106412 
9 RECEIVE 800 1449452119770 
9 RECEIVE 1300 1449452137504 
9 RECEIVE 1400 1449452150703 
9 RECEIVE 1500 1449452166055 
9 RECEIVE 1200 1449452176379 
9 RECEIVE 1700 1449452198484 
9 RECEIVE 1800 1449452212370 
9 RECEIVE 1900 1449452229768 
9 RECEIVE 1600 1449452235469 
9 RECEIVE 2100 1449452257546 
9 RECEIVE 2200 1449452271448 
9 RECEIVE 2300 1449452287663 
9 RECEIVE 2000 1449452301516 
9 RECEIVE 2500 1449452319045 
9 RECEIVE 2600 1449452333848 
9 RECEIVE 2700 1449452349447 
9 RECEIVE 2400 1449452362302 
9 RECEIVE 2900 1449452376612 
9 RECEIVE 3000 1449452391970 
9 RECEIVE 3100 1449452407397 
9 RECEIVE 2800 1449452422856 
9 RECEIVE 3300 1449452438659 
9 RECEIVE 3400 1449452451661 
9 RECEIVE 3500 1449452468574 
9 RECEIVE 3200 1449452481754 
9 RECEIVE 3700 1449452497089 
9 RECEIVE 3800 1449452512742 
9 RECEIVE 3900 1449452528213 
9 RECEIVE 3600 1449452542433 
9 RECEIVE 4100 1449452559065 
9 RECEIVE 4200 1449452572664 
9 RECEIVE 4300 1449452588670 
9 RECEIVE 4000 1449452603115 
