10 RECEIVE 100 1449451953277 
10 RECEIVE 200 1449451966630 
10 RECEIVE 300 1449451978643 
10 RECEIVE 0 1449451999709 
10 RECEIVE 500 1449452015917 
10 RECEIVE 600 1449452031977 
10 RECEIVE 700 1449452049386 
10 RECEIVE 400 1449452057399 
10 RECEIVE 900 1449452076327 
10 RECEIVE 1000 1449452089326 
10 RECEIVE 1100 1449452106306 
10 RECEIVE 800 1449452120736 
10 RECEIVE 1300 1449452136698 
10 RECEIVE 1400 1449452137214 
10 RECEIVE 1500 1449452166963 
10 RECEIVE 1200 1449452178593 
10 RECEIVE 1700 1449452198154 
10 RECEIVE 1800 1449452211966 
10 RECEIVE 1900 1449452229719 
10 RECEIVE 1600 1449452241478 
10 RECEIVE 2100 1449452257640 
10 RECEIVE 2200 1449452271369 
10 RECEIVE 2300 1449452287539 
10 RECEIVE 2000 1449452301545 
10 RECEIVE 2500 1449452318606 
10 RECEIVE 2600 1449452333171 
10 RECEIVE 2700 1449452350406 
10 RECEIVE 2400 1449452362033 
10 RECEIVE 2900 1449452376793 
10 RECEIVE 3000 1449452392080 
10 RECEIVE 3100 1449452407263 
10 RECEIVE 2800 1449452420156 
10 RECEIVE 3300 1449452437323 
10 RECEIVE 3400 1449452452409 
10 RECEIVE 3500 1449452469025 
10 RECEIVE 3200 1449452482074 
10 RECEIVE 3700 1449452497569 
10 RECEIVE 3800 1449452512928 
10 RECEIVE 3900 1449452527935 
10 RECEIVE 3600 1449452542829 
10 RECEIVE 4100 1449452557486 
10 RECEIVE 4200 1449452572645 
10 RECEIVE 4300 1449452589366 
10 RECEIVE 4000 1449452603368 
