6 RECEIVE 100 1449451956200 
6 RECEIVE 200 1449451967627 
6 RECEIVE 300 1449451976132 
6 RECEIVE 0 1449451995528 
6 RECEIVE 500 1449452016695 
6 RECEIVE 600 1449452031013 
6 RECEIVE 700 1449452049634 
6 RECEIVE 400 1449452058847 
6 RECEIVE 900 1449452073670 
6 RECEIVE 1000 1449452089970 
6 RECEIVE 1100 1449452105624 
6 RECEIVE 800 1449452117139 
6 RECEIVE 1300 1449452134352 
6 RECEIVE 1400 1449452151038 
6 RECEIVE 1500 1449452165911 
6 RECEIVE 1200 1449452177119 
6 RECEIVE 1700 1449452195595 
6 RECEIVE 1800 1449452212215 
6 RECEIVE 1900 1449452228865 
6 RECEIVE 1600 1449452238293 
6 RECEIVE 2100 1449452255165 
6 RECEIVE 2200 1449452270909 
6 RECEIVE 2300 1449452286760 
6 RECEIVE 2000 1449452298794 
6 RECEIVE 2500 1449452318419 
6 RECEIVE 2600 1449452333555 
6 RECEIVE 2700 1449452350291 
6 RECEIVE 2400 1449452360395 
6 RECEIVE 2900 1449452377588 
6 RECEIVE 3000 1449452391497 
6 RECEIVE 3100 1449452407580 
6 RECEIVE 2800 1449452415035 
6 RECEIVE 3300 1449452438365 
6 RECEIVE 3400 1449452452175 
6 RECEIVE 3500 1449452469112 
6 RECEIVE 3200 1449452482664 
6 RECEIVE 3700 1449452496726 
6 RECEIVE 3800 1449452512371 
6 RECEIVE 3900 1449452527790 
6 RECEIVE 3600 1449452543422 
6 RECEIVE 4100 1449452556712 
6 RECEIVE 4200 1449452572165 
6 RECEIVE 4300 1449452589140 
6 RECEIVE 4000 1449452600906 
