4 RECEIVE 100 1449451949608 
4 RECEIVE 200 1449451966839 
4 RECEIVE 300 1449451978381 
4 RECEIVE 0 1449452000717 
4 RECEIVE 500 1449452016063 
4 RECEIVE 600 1449452031208 
4 RECEIVE 700 1449452049374 
4 RECEIVE 400 1449452054213 
4 RECEIVE 900 1449452075172 
4 RECEIVE 1000 1449452089080 
4 RECEIVE 1100 1449452105192 
4 RECEIVE 800 1449452120265 
4 RECEIVE 1300 1449452134725 
4 RECEIVE 1400 1449452150465 
4 RECEIVE 1500 1449452169498 
4 RECEIVE 1200 1449452180664 
4 RECEIVE 1700 1449452196127 
4 RECEIVE 1800 1449452212644 
4 RECEIVE 1900 1449452229364 
4 RECEIVE 1600 1449452238418 
4 RECEIVE 2100 1449452254812 
4 RECEIVE 2200 1449452271525 
4 RECEIVE 2300 1449452287066 
4 RECEIVE 2000 1449452296598 
4 RECEIVE 2500 1449452317196 
4 RECEIVE 2600 1449452333435 
4 RECEIVE 2700 1449452349633 
4 RECEIVE 2400 1449452357142 
4 RECEIVE 2900 1449452375874 
4 RECEIVE 3000 1449452391862 
4 RECEIVE 3100 1449452408127 
4 RECEIVE 2800 1449452418447 
4 RECEIVE 3300 1449452436480 
4 RECEIVE 3400 1449452451242 
4 RECEIVE 3500 1449452468623 
4 RECEIVE 3200 1449452479756 
4 RECEIVE 3700 1449452495529 
4 RECEIVE 3800 1449452511833 
4 RECEIVE 3900 1449452527483 
4 RECEIVE 3600 1449452540125 
4 RECEIVE 4100 1449452558543 
4 RECEIVE 4200 1449452572576 
4 RECEIVE 4300 1449452589415 
4 RECEIVE 4000 1449452602844 
