7 RECEIVE 100 1449451954635 
7 RECEIVE 200 1449451966929 
7 RECEIVE 300 1449451971109 
7 RECEIVE 0 1449451995450 
7 RECEIVE 500 1449452017359 
7 RECEIVE 600 1449452031071 
7 RECEIVE 700 1449452049086 
7 RECEIVE 400 1449452059138 
7 RECEIVE 900 1449452076140 
7 RECEIVE 1000 1449452089217 
7 RECEIVE 1100 1449452105921 
7 RECEIVE 800 1449452117982 
7 RECEIVE 1300 1449452136344 
7 RECEIVE 1400 1449452150968 
7 RECEIVE 1500 1449452166672 
7 RECEIVE 1200 1449452180212 
7 RECEIVE 1700 1449452197887 
7 RECEIVE 1800 1449452212097 
7 RECEIVE 1900 1449452229223 
7 RECEIVE 1600 1449452240328 
7 RECEIVE 2100 1449452255727 
7 RECEIVE 2200 1449452270665 
7 RECEIVE 2300 1449452289143 
7 RECEIVE 2000 1449452300994 
7 RECEIVE 2500 1449452316540 
7 RECEIVE 2600 1449452333318 
7 RECEIVE 2700 1449452349476 
7 RECEIVE 2400 1449452361395 
7 RECEIVE 2900 1449452377531 
7 RECEIVE 3000 1449452392188 
7 RECEIVE 3100 1449452407830 
7 RECEIVE 2800 1449452415888 
7 RECEIVE 3300 1449452438319 
7 RECEIVE 3400 1449452451448 
7 RECEIVE 3500 1449452468333 
7 RECEIVE 3200 1449452482722 
7 RECEIVE 3700 1449452496545 
7 RECEIVE 3800 1449452512203 
7 RECEIVE 3900 1449452529946 
7 RECEIVE 3600 1449452538584 
7 RECEIVE 4100 1449452556512 
7 RECEIVE 4200 1449452572274 
7 RECEIVE 4300 1449452588987 
7 RECEIVE 4000 1449452601846 
