3 RECEIVE 100 1449451954410 
3 RECEIVE 200 1449451964789 
3 RECEIVE 300 1449451979769 
3 RECEIVE 0 1449452000155 
3 RECEIVE 500 1449452015744 
3 RECEIVE 600 1449452031798 
3 RECEIVE 700 1449452049067 
3 RECEIVE 400 1449452055056 
3 RECEIVE 900 1449452073339 
3 RECEIVE 1000 1449452089569 
3 RECEIVE 1100 1449452105365 
3 RECEIVE 800 1449452116828 
3 RECEIVE 1300 1449452133941 
3 RECEIVE 1400 1449452149986 
3 RECEIVE 1500 1449452166161 
3 RECEIVE 1200 1449452178273 
3 RECEIVE 1700 1449452195106 
3 RECEIVE 1800 1449452211674 
3 RECEIVE 1900 1449452228474 
3 RECEIVE 1600 1449452240512 
3 RECEIVE 2100 1449452254630 
3 RECEIVE 2200 1449452271467 
3 RECEIVE 2300 1449452287211 
3 RECEIVE 2000 1449452298415 
3 RECEIVE 2500 1449452316707 
3 RECEIVE 2600 1449452332845 
3 RECEIVE 2700 1449452350167 
3 RECEIVE 2400 1449452359168 
3 RECEIVE 2900 1449452375668 
3 RECEIVE 3000 1449452392168 
3 RECEIVE 3100 1449452408088 
3 RECEIVE 2800 1449452417739 
3 RECEIVE 3300 1449452438744 
3 RECEIVE 3400 1449452451076 
3 RECEIVE 3500 1449452467988 
3 RECEIVE 3200 1449452480106 
3 RECEIVE 3700 1449452495348 
3 RECEIVE 3800 1449452511970 
3 RECEIVE 3900 1449452527617 
3 RECEIVE 3600 1449452541143 
3 RECEIVE 4100 1449452555943 
3 RECEIVE 4200 1449452571697 
3 RECEIVE 4300 1449452589246 
3 RECEIVE 4000 1449452597570 
