1 SEND 0 1449451941963 
1 SEND 0 1449451941975 
1 SEND 0 1449451942001 
1 SEND 0 1449451942002 
1 SEND 0 1449451942002 
1 SEND 0 1449451942002 
1 SEND 0 1449451942003 
1 SEND 0 1449451942003 
1 SEND 0 1449451942003 
1 SEND 0 1449451942010 
1 SEND 100 1449451942072 
1 SEND 100 1449451942073 
1 SEND 100 1449451942074 
1 SEND 100 1449451942074 
1 SEND 100 1449451942074 
1 SEND 100 1449451942078 
1 SEND 100 1449451942088 
1 SEND 100 1449451942102 
1 SEND 100 1449451942106 
1 SEND 100 1449451942113 
1 SEND 200 1449451942238 
1 SEND 200 1449451942245 
1 SEND 200 1449451942248 
1 SEND 200 1449451942248 
1 SEND 200 1449451942249 
1 SEND 200 1449451942251 
1 SEND 200 1449451942251 
1 SEND 200 1449451942252 
1 SEND 200 1449451942255 
1 SEND 200 1449451942256 
1 SEND 300 1449451942350 
1 SEND 300 1449451942353 
1 SEND 300 1449451942356 
1 SEND 300 1449451942356 
1 SEND 300 1449451942356 
1 SEND 300 1449451942375 
1 SEND 300 1449451942383 
1 SEND 300 1449451942392 
1 SEND 300 1449451942397 
1 SEND 300 1449451942400 
1 SEND 400 1449452002456 
1 SEND 400 1449452002456 
1 SEND 400 1449452002461 
1 SEND 400 1449452002525 
1 SEND 400 1449452002543 
1 SEND 400 1449452002546 
1 SEND 400 1449452002547 
1 SEND 400 1449452002554 
1 SEND 400 1449452002571 
1 SEND 400 1449452002713 
1 SEND 500 1449452003662 
1 SEND 600 1449452003665 
1 SEND 600 1449452003676 
1 SEND 500 1449452003676 
1 SEND 600 1449452003676 
1 SEND 500 1449452003677 
1 SEND 600 1449452003677 
1 SEND 600 1449452003682 
1 SEND 600 1449452003682 
1 SEND 600 1449452003688 
1 SEND 500 1449452003691 
1 SEND 500 1449452003693 
1 SEND 600 1449452003693 
1 SEND 600 1449452003693 
1 SEND 500 1449452003694 
1 SEND 600 1449452003698 
1 SEND 500 1449452003699 
1 SEND 500 1449452003699 
1 SEND 500 1449452003701 
1 SEND 500 1449452003704 
1 SEND 700 1449452005166 
1 SEND 700 1449452005168 
1 SEND 700 1449452005168 
1 SEND 700 1449452005169 
1 SEND 700 1449452005169 
1 SEND 700 1449452005170 
1 SEND 700 1449452005170 
1 SEND 700 1449452005170 
1 SEND 700 1449452005170 
1 SEND 700 1449452005171 
1 SEND 800 1449452062935 
1 SEND 800 1449452062935 
1 SEND 800 1449452062939 
1 SEND 800 1449452062944 
1 SEND 800 1449452062944 
1 SEND 800 1449452063119 
1 SEND 800 1449452063187 
1 SEND 800 1449452063190 
1 SEND 800 1449452063242 
1 SEND 800 1449452063242 
1 SEND 1000 1449452063724 
1 SEND 900 1449452063724 
1 SEND 1000 1449452063725 
1 SEND 900 1449452063726 
1 SEND 900 1449452063727 
1 SEND 900 1449452063727 
1 SEND 900 1449452063726 
1 SEND 900 1449452063729 
1 SEND 1000 1449452063729 
1 SEND 1000 1449452063729 
1 SEND 900 1449452063732 
1 SEND 1000 1449452063732 
1 SEND 900 1449452063732 
1 SEND 1000 1449452063733 
1 SEND 1000 1449452063733 
1 SEND 1000 1449452063737 
1 SEND 1000 1449452063737 
1 SEND 900 1449452063738 
1 SEND 1000 1449452063738 
1 SEND 900 1449452063742 
1 SEND 1100 1449452064189 
1 SEND 1100 1449452064189 
1 SEND 1100 1449452064191 
1 SEND 1100 1449452064192 
1 SEND 1100 1449452064193 
1 SEND 1100 1449452064194 
1 SEND 1100 1449452064226 
1 SEND 1100 1449452064247 
1 SEND 1100 1449452064248 
1 SEND 1100 1449452064250 
1 SEND 1200 1449452123258 
1 SEND 1200 1449452123259 
1 SEND 1200 1449452123260 
1 SEND 1200 1449452123261 
1 SEND 1200 1449452123262 
1 SEND 1200 1449452123263 
1 SEND 1200 1449452123266 
1 SEND 1200 1449452123267 
1 SEND 1200 1449452123427 
1 SEND 1200 1449452123523 
1 SEND 1300 1449452124258 
1 SEND 1300 1449452124260 
1 SEND 1300 1449452124269 
1 SEND 1300 1449452124269 
1 SEND 1300 1449452124269 
1 SEND 1400 1449452124269 
1 SEND 1400 1449452124281 
1 SEND 1400 1449452124315 
1 SEND 1400 1449452124315 
1 SEND 1400 1449452124323 
1 SEND 1400 1449452124323 
1 SEND 1300 1449452124324 
1 SEND 1300 1449452124324 
1 SEND 1400 1449452124324 
1 SEND 1400 1449452124324 
1 SEND 1400 1449452124324 
1 SEND 1400 1449452124324 
1 SEND 1300 1449452124324 
1 SEND 1300 1449452124324 
1 SEND 1300 1449452124323 
1 SEND 1500 1449452124811 
1 SEND 1500 1449452124811 
1 SEND 1500 1449452124812 
1 SEND 1500 1449452124812 
1 SEND 1500 1449452124813 
1 SEND 1500 1449452124813 
1 SEND 1500 1449452124813 
1 SEND 1500 1449452124814 
1 SEND 1500 1449452124815 
1 SEND 1500 1449452124816 
1 SEND 1600 1449452183645 
1 SEND 1600 1449452183648 
1 SEND 1600 1449452183648 
1 SEND 1600 1449452183648 
1 SEND 1600 1449452183648 
1 SEND 1600 1449452183648 
1 SEND 1600 1449452183649 
1 SEND 1600 1449452183650 
1 SEND 1600 1449452183651 
1 SEND 1600 1449452183656 
1 SEND 1700 1449452184613 
1 SEND 1700 1449452184618 
1 SEND 1800 1449452184619 
1 SEND 1800 1449452184632 
1 SEND 1700 1449452184632 
1 SEND 1700 1449452184632 
1 SEND 1700 1449452184632 
1 SEND 1800 1449452184661 
1 SEND 1800 1449452184663 
1 SEND 1700 1449452184663 
1 SEND 1800 1449452184663 
1 SEND 1700 1449452184664 
1 SEND 1800 1449452184664 
1 SEND 1800 1449452184664 
1 SEND 1800 1449452184664 
1 SEND 1700 1449452184664 
1 SEND 1800 1449452184665 
1 SEND 1700 1449452184666 
1 SEND 1700 1449452184668 
1 SEND 1800 1449452184669 
1 SEND 1900 1449452185462 
1 SEND 1900 1449452185463 
1 SEND 1900 1449452185464 
1 SEND 1900 1449452185465 
1 SEND 1900 1449452185466 
1 SEND 1900 1449452185467 
1 SEND 1900 1449452185468 
1 SEND 1900 1449452185467 
1 SEND 1900 1449452185468 
1 SEND 1900 1449452185468 
1 SEND 2000 1449452243987 
1 SEND 2000 1449452243987 
1 SEND 2000 1449452243988 
1 SEND 2000 1449452243990 
1 SEND 2000 1449452243991 
1 SEND 2000 1449452243994 
1 SEND 2000 1449452244150 
1 SEND 2000 1449452244254 
1 SEND 2000 1449452244254 
1 SEND 2000 1449452244256 
1 SEND 2100 1449452244801 
1 SEND 2100 1449452244804 
1 SEND 2100 1449452244804 
1 SEND 2100 1449452244804 
1 SEND 2100 1449452244812 
1 SEND 2100 1449452244818 
1 SEND 2200 1449452244818 
1 SEND 2200 1449452244818 
1 SEND 2200 1449452244819 
1 SEND 2100 1449452244819 
1 SEND 2200 1449452244819 
1 SEND 2200 1449452244819 
1 SEND 2100 1449452244821 
1 SEND 2100 1449452244822 
1 SEND 2100 1449452244823 
1 SEND 2200 1449452244823 
1 SEND 2200 1449452244823 
1 SEND 2200 1449452244823 
1 SEND 2200 1449452244823 
1 SEND 2200 1449452244825 
1 SEND 2300 1449452245324 
1 SEND 2300 1449452245326 
1 SEND 2300 1449452245333 
1 SEND 2300 1449452245333 
1 SEND 2300 1449452245334 
1 SEND 2300 1449452245338 
1 SEND 2300 1449452245338 
1 SEND 2300 1449452245339 
1 SEND 2300 1449452245339 
1 SEND 2300 1449452245340 
1 SEND 2400 1449452304294 
1 SEND 2400 1449452304297 
1 SEND 2400 1449452304308 
1 SEND 2400 1449452304336 
1 SEND 2400 1449452304337 
1 SEND 2400 1449452304337 
1 SEND 2400 1449452304337 
1 SEND 2400 1449452304341 
1 SEND 2400 1449452304342 
1 SEND 2400 1449452304342 
1 SEND 2500 1449452305515 
1 SEND 2500 1449452305516 
1 SEND 2500 1449452305517 
1 SEND 2500 1449452305517 
1 SEND 2500 1449452305517 
1 SEND 2500 1449452305519 
1 SEND 2500 1449452305519 
1 SEND 2500 1449452305529 
1 SEND 2600 1449452305529 
1 SEND 2600 1449452305530 
1 SEND 2500 1449452305531 
1 SEND 2500 1449452305532 
1 SEND 2600 1449452305532 
1 SEND 2600 1449452305533 
1 SEND 2600 1449452305535 
1 SEND 2600 1449452305535 
1 SEND 2600 1449452305534 
1 SEND 2600 1449452305536 
1 SEND 2600 1449452305538 
1 SEND 2600 1449452305538 
1 SEND 2700 1449452306565 
1 SEND 2700 1449452306566 
1 SEND 2700 1449452306567 
1 SEND 2700 1449452306567 
1 SEND 2700 1449452306572 
1 SEND 2700 1449452306572 
1 SEND 2700 1449452306572 
1 SEND 2700 1449452306574 
1 SEND 2700 1449452306575 
1 SEND 2700 1449452306576 
1 SEND 2800 1449452364742 
1 SEND 2800 1449452364742 
1 SEND 2800 1449452364744 
1 SEND 2800 1449452364746 
1 SEND 2800 1449452364746 
1 SEND 2800 1449452364746 
1 SEND 2800 1449452364749 
1 SEND 2800 1449452364791 
1 SEND 2800 1449452364907 
1 SEND 2900 1449452365638 
1 SEND 2900 1449452365641 
1 SEND 2900 1449452365642 
1 SEND 2900 1449452365648 
1 SEND 2900 1449452365648 
1 SEND 2900 1449452365649 
1 SEND 2900 1449452365649 
1 SEND 2900 1449452365649 
1 SEND 2900 1449452365650 
1 SEND 2900 1449452365650 
1 SEND 3000 1449452365656 
1 SEND 3000 1449452365656 
1 SEND 3000 1449452365658 
1 SEND 3000 1449452365658 
1 SEND 3000 1449452365658 
1 SEND 3000 1449452365658 
1 SEND 3000 1449452365660 
1 SEND 3000 1449452365666 
1 SEND 3000 1449452365672 
1 SEND 3000 1449452365672 
1 SEND 3100 1449452366370 
1 SEND 3100 1449452366370 
1 SEND 3100 1449452366374 
1 SEND 3100 1449452366375 
1 SEND 3100 1449452366375 
1 SEND 3100 1449452366376 
1 SEND 3100 1449452366377 
1 SEND 3100 1449452366377 
1 SEND 3100 1449452366379 
1 SEND 3100 1449452366382 
1 SEND 2800 1449452368022 
1 SEND 3200 1449452425055 
1 SEND 3200 1449452425056 
1 SEND 3200 1449452425058 
1 SEND 3200 1449452425058 
1 SEND 3200 1449452425062 
1 SEND 3200 1449452425066 
1 SEND 3200 1449452425068 
1 SEND 3200 1449452425267 
1 SEND 3200 1449452425268 
1 SEND 3200 1449452425276 
1 SEND 3400 1449452425831 
1 SEND 3400 1449452425833 
1 SEND 3300 1449452425833 
1 SEND 3400 1449452425834 
1 SEND 3400 1449452425834 
1 SEND 3300 1449452425835 
1 SEND 3300 1449452425835 
1 SEND 3400 1449452425835 
1 SEND 3400 1449452425836 
1 SEND 3400 1449452425835 
1 SEND 3400 1449452425844 
1 SEND 3400 1449452425847 
1 SEND 3400 1449452425847 
1 SEND 3300 1449452425848 
1 SEND 3300 1449452425848 
1 SEND 3300 1449452425848 
1 SEND 3300 1449452425848 
1 SEND 3300 1449452425848 
1 SEND 3300 1449452425848 
1 SEND 3300 1449452425848 
1 SEND 3500 1449452426453 
1 SEND 3500 1449452426453 
1 SEND 3500 1449452426455 
1 SEND 3500 1449452426455 
1 SEND 3500 1449452426456 
1 SEND 3500 1449452426456 
1 SEND 3500 1449452426458 
1 SEND 3500 1449452426458 
1 SEND 3500 1449452426458 
1 SEND 3500 1449452426461 
1 SEND 3600 1449452485327 
1 SEND 3600 1449452485331 
1 SEND 3600 1449452485331 
1 SEND 3600 1449452485333 
1 SEND 3600 1449452485333 
1 SEND 3600 1449452485384 
1 SEND 3600 1449452485384 
1 SEND 3600 1449452485489 
1 SEND 3600 1449452485549 
1 SEND 3600 1449452485681 
1 SEND 3700 1449452486021 
1 SEND 3700 1449452486024 
1 SEND 3700 1449452486026 
1 SEND 3800 1449452486027 
1 SEND 3700 1449452486029 
1 SEND 3700 1449452486079 
1 SEND 3700 1449452486079 
1 SEND 3700 1449452486080 
1 SEND 3700 1449452486080 
1 SEND 3800 1449452486087 
1 SEND 3800 1449452486087 
1 SEND 3700 1449452486093 
1 SEND 3800 1449452486094 
1 SEND 3800 1449452486094 
1 SEND 3800 1449452486094 
1 SEND 3800 1449452486099 
1 SEND 3800 1449452486100 
1 SEND 3800 1449452486102 
1 SEND 3800 1449452486102 
1 SEND 3700 1449452486108 
1 SEND 3900 1449452486478 
1 SEND 3900 1449452486478 
1 SEND 3900 1449452486478 
1 SEND 3900 1449452486479 
1 SEND 3900 1449452486479 
1 SEND 3900 1449452486481 
1 SEND 3900 1449452486481 
1 SEND 3900 1449452486483 
1 SEND 3900 1449452486483 
1 SEND 3900 1449452486483 
1 SEND 4000 1449452545568 
1 SEND 4000 1449452545571 
1 SEND 4000 1449452545572 
1 SEND 4000 1449452545573 
1 SEND 4000 1449452545580 
1 SEND 4000 1449452545580 
1 SEND 4000 1449452545743 
1 SEND 4000 1449452545798 
1 SEND 4000 1449452545868 
1 SEND 4000 1449452545892 
1 SEND 4100 1449452546223 
1 SEND 4100 1449452546223 
1 SEND 4200 1449452546226 
1 SEND 4200 1449452546227 
1 SEND 4100 1449452546228 
1 SEND 4200 1449452546228 
1 SEND 4100 1449452546228 
1 SEND 4100 1449452546228 
1 SEND 4100 1449452546228 
1 SEND 4200 1449452546228 
1 SEND 4200 1449452546228 
1 SEND 4200 1449452546228 
1 SEND 4100 1449452546228 
1 SEND 4100 1449452546229 
1 SEND 4200 1449452546229 
1 SEND 4100 1449452546229 
1 SEND 4100 1449452546232 
1 SEND 4200 1449452546241 
1 SEND 4200 1449452546242 
1 SEND 4200 1449452546292 
1 SEND 4300 1449452546969 
1 SEND 4300 1449452546969 
1 SEND 4300 1449452546969 
1 SEND 4300 1449452546969 
1 SEND 4300 1449452546969 
1 SEND 4300 1449452546970 
1 SEND 4300 1449452546971 
1 SEND 4300 1449452546971 
1 SEND 4300 1449452546971 
1 SEND 4300 1449452546972 
