8 RECEIVE 100 1449451953621 
8 RECEIVE 200 1449451966149 
8 RECEIVE 300 1449451974125 
8 RECEIVE 0 1449451998718 
8 RECEIVE 500 1449452016244 
8 RECEIVE 600 1449452032075 
8 RECEIVE 700 1449452049834 
8 RECEIVE 400 1449452059264 
8 RECEIVE 900 1449452075345 
8 RECEIVE 1000 1449452089627 
8 RECEIVE 1100 1449452106113 
8 RECEIVE 800 1449452118214 
8 RECEIVE 1300 1449452136938 
8 RECEIVE 1400 1449452150624 
8 RECEIVE 1500 1449452167011 
8 RECEIVE 1200 1449452177875 
8 RECEIVE 1700 1449452196941 
8 RECEIVE 1800 1449452212526 
8 RECEIVE 1900 1449452228731 
8 RECEIVE 1600 1449452237940 
8 RECEIVE 2100 1449452256971 
8 RECEIVE 2200 1449452270723 
8 RECEIVE 2300 1449452287741 
8 RECEIVE 2000 1449452301264 
8 RECEIVE 2500 1449452316305 
8 RECEIVE 2600 1449452333005 
8 RECEIVE 2700 1449452349918 
8 RECEIVE 2400 1449452358267 
8 RECEIVE 2900 1449452378632 
8 RECEIVE 3000 1449452391618 
8 RECEIVE 3100 1449452407686 
8 RECEIVE 2800 1449452419885 
8 RECEIVE 3300 1449452438596 
8 RECEIVE 3400 1449452451525 
8 RECEIVE 3500 1449452468536 
8 RECEIVE 3200 1449452481744 
8 RECEIVE 3700 1449452496922 
8 RECEIVE 3800 1449452512478 
8 RECEIVE 3900 1449452528359 
8 RECEIVE 3600 1449452540387 
8 RECEIVE 4100 1449452558696 
8 RECEIVE 4200 1449452572069 
8 RECEIVE 4300 1449452589624 
8 RECEIVE 4000 1449452599140 
