5 RECEIVE 100 1449451949777 
5 RECEIVE 200 1449451965653 
5 RECEIVE 300 1449451980001 
5 RECEIVE 0 1449452000232 
5 RECEIVE 500 1449452018039 
5 RECEIVE 600 1449452031356 
5 RECEIVE 700 1449452048923 
5 RECEIVE 400 1449452059496 
5 RECEIVE 900 1449452073167 
5 RECEIVE 1000 1449452088942 
5 RECEIVE 1100 1449452105443 
5 RECEIVE 800 1449452120168 
5 RECEIVE 1300 1449452134674 
5 RECEIVE 1400 1449452150318 
5 RECEIVE 1500 1449452165738 
5 RECEIVE 1200 1449452179902 
5 RECEIVE 1700 1449452196231 
5 RECEIVE 1800 1449452212840 
5 RECEIVE 1900 1449452229508 
5 RECEIVE 1600 1449452237797 
5 RECEIVE 2100 1449452254993 
5 RECEIVE 2200 1449452270518 
5 RECEIVE 2300 1449452287374 
5 RECEIVE 2000 1449452298066 
5 RECEIVE 2500 1449452316918 
5 RECEIVE 2600 1449452332709 
5 RECEIVE 2700 1449452350137 
5 RECEIVE 2400 1449452360784 
5 RECEIVE 2900 1449452378200 
5 RECEIVE 3000 1449452392236 
5 RECEIVE 3100 1449452408021 
5 RECEIVE 2800 1449452418876 
5 RECEIVE 3300 1449452438632 
5 RECEIVE 3400 1449452451949 
5 RECEIVE 3500 1449452468401 
5 RECEIVE 3200 1449452479378 
5 RECEIVE 3700 1449452496194 
5 RECEIVE 3800 1449452512292 
5 RECEIVE 3900 1449452528128 
5 RECEIVE 3600 1449452539960 
5 RECEIVE 4100 1449452557614 
5 RECEIVE 4200 1449452572537 
5 RECEIVE 4300 1449452596699 
5 RECEIVE 4000 1449452599818 
