3 RECEIVE 100 1449453614306 
3 RECEIVE 0 1449453644469 
3 RECEIVE 300 1449453658610 
3 RECEIVE 200 1449453686375 
3 RECEIVE 500 1449453699729 
3 RECEIVE 400 1449453722531 
3 RECEIVE 700 1449453739642 
3 RECEIVE 600 1449453766516 
3 RECEIVE 900 1449453778727 
3 RECEIVE 800 1449453804076 
3 RECEIVE 1100 1449453820002 
3 RECEIVE 1000 1449453841752 
3 RECEIVE 1300 1449453860644 
3 RECEIVE 1200 1449453881704 
3 RECEIVE 1500 1449453899974 
3 RECEIVE 1400 1449453923791 
3 RECEIVE 1700 1449453938998 
3 RECEIVE 1600 1449453959755 
3 RECEIVE 1900 1449453979748 
3 RECEIVE 1800 1449454004390 
3 RECEIVE 2100 1449454021073 
3 RECEIVE 2000 1449454047918 
