5 RECEIVE 100 1449453613400 
5 RECEIVE 0 1449453644129 
5 RECEIVE 300 1449453659913 
5 RECEIVE 200 1449453685093 
5 RECEIVE 500 1449453701133 
5 RECEIVE 400 1449453723219 
5 RECEIVE 700 1449453741165 
5 RECEIVE 600 1449453761093 
5 RECEIVE 900 1449453779416 
5 RECEIVE 800 1449453804425 
5 RECEIVE 1100 1449453820916 
5 RECEIVE 1000 1449453842150 
5 RECEIVE 1300 1449453859820 
5 RECEIVE 1200 1449453882714 
5 RECEIVE 1500 1449453899647 
5 RECEIVE 1400 1449453920394 
5 RECEIVE 1700 1449453938816 
5 RECEIVE 1600 1449453967456 
5 RECEIVE 1900 1449453980791 
5 RECEIVE 1800 1449453999287 
5 RECEIVE 2100 1449454021612 
5 RECEIVE 2000 1449454042687 
