4 RECEIVE 100 1449453613792 
4 RECEIVE 0 1449453647132 
4 RECEIVE 300 1449453658535 
4 RECEIVE 200 1449453684977 
4 RECEIVE 500 1449453700796 
4 RECEIVE 400 1449453725361 
4 RECEIVE 700 1449453740558 
4 RECEIVE 600 1449453762430 
4 RECEIVE 900 1449453779380 
4 RECEIVE 800 1449453805143 
4 RECEIVE 1100 1449453821173 
4 RECEIVE 1000 1449453844922 
4 RECEIVE 1300 1449453859900 
4 RECEIVE 1200 1449453886546 
4 RECEIVE 1500 1449453899620 
4 RECEIVE 1400 1449453924820 
4 RECEIVE 1700 1449453939180 
4 RECEIVE 1600 1449453967088 
4 RECEIVE 1900 1449453979198 
4 RECEIVE 1800 1449454003738 
4 RECEIVE 2100 1449454022701 
4 RECEIVE 2000 1449454042997 
