7 RECEIVE 100 1449453613654 
7 RECEIVE 0 1449453644478 
7 RECEIVE 300 1449453659830 
7 RECEIVE 200 1449453684870 
7 RECEIVE 500 1449453700393 
7 RECEIVE 400 1449453726160 
7 RECEIVE 700 1449453740728 
7 RECEIVE 600 1449453763430 
7 RECEIVE 900 1449453779848 
7 RECEIVE 800 1449453807312 
7 RECEIVE 1100 1449453821098 
7 RECEIVE 1000 1449453845959 
7 RECEIVE 1300 1449453860996 
7 RECEIVE 1200 1449453887176 
7 RECEIVE 1500 1449453900748 
7 RECEIVE 1400 1449453927290 
7 RECEIVE 1700 1449453940189 
7 RECEIVE 1600 1449453966428 
7 RECEIVE 1900 1449453980235 
7 RECEIVE 1800 1449454007797 
7 RECEIVE 2100 1449454022453 
7 RECEIVE 2000 1449454045344 
