4 RECEIVE 100 1449445940588 
4 RECEIVE 200 1449445943275 
4 RECEIVE 0 1449445973962 
4 RECEIVE 500 1449446008162 
4 RECEIVE 400 1449446008665 
4 RECEIVE 300 1449446032667 
4 RECEIVE 700 1449446065634 
4 RECEIVE 800 1449446067399 
4 RECEIVE 600 1449446094811 
4 RECEIVE 1000 1449446126276 
4 RECEIVE 1100 1449446129029 
4 RECEIVE 900 1449446150915 
4 RECEIVE 1400 1449446189524 
4 RECEIVE 1300 1449446190284 
4 RECEIVE 1200 1449446214752 
4 RECEIVE 1600 1449446247308 
4 RECEIVE 1700 1449446250158 
4 RECEIVE 1500 1449446274629 
4 RECEIVE 1900 1449446307628 
4 RECEIVE 2000 1449446309777 
4 RECEIVE 1800 1449446334021 
4 RECEIVE 2200 1449446366213 
4 RECEIVE 2300 1449446369351 
4 RECEIVE 2100 1449446395972 
4 RECEIVE 2500 1449446427620 
4 RECEIVE 2600 1449446430249 
4 RECEIVE 2400 1449446452271 
4 RECEIVE 2800 1449446490458 
4 RECEIVE 2900 1449446490657 
4 RECEIVE 2700 1449446514665 
4 RECEIVE 3100 1449446550403 
4 RECEIVE 3200 1449446551493 
4 RECEIVE 3000 1449446575689 
