4 RECEIVE 100 1449447682419 
4 RECEIVE 200 1449447695537 
4 RECEIVE 300 1449447706733 
4 RECEIVE 0 1449447723974 
4 RECEIVE 500 1449447744253 
4 RECEIVE 600 1449447758210 
4 RECEIVE 700 1449447774552 
4 RECEIVE 400 1449447786975 
4 RECEIVE 900 1449447802099 
4 RECEIVE 1000 1449447818472 
4 RECEIVE 1100 1449447834637 
4 RECEIVE 800 1449447843630 
4 RECEIVE 1300 1449447863828 
4 RECEIVE 1400 1449447877913 
4 RECEIVE 1500 1449447892693 
4 RECEIVE 1200 1449447906510 
4 RECEIVE 1700 1449447922736 
4 RECEIVE 1800 1449447937993 
4 RECEIVE 1900 1449447953953 
4 RECEIVE 1600 1449447966092 
4 RECEIVE 2100 1449447982509 
4 RECEIVE 2200 1449447998680 
4 RECEIVE 2300 1449448014933 
4 RECEIVE 2000 1449448026872 
4 RECEIVE 2500 1449448044416 
4 RECEIVE 2600 1449448059564 
4 RECEIVE 2700 1449448083686 
4 RECEIVE 2400 1449448089090 
4 RECEIVE 2900 1449448104540 
4 RECEIVE 3000 1449448119878 
4 RECEIVE 3100 1449448136286 
4 RECEIVE 2800 1449448145065 
4 RECEIVE 3300 1449448163978 
4 RECEIVE 3400 1449448178693 
4 RECEIVE 3500 1449448197790 
4 RECEIVE 3200 1449448207375 
4 RECEIVE 3700 1449448222915 
4 RECEIVE 3800 1449448239215 
4 RECEIVE 3900 1449448257876 
4 RECEIVE 3600 1449448263314 
4 RECEIVE 4100 1449448282444 
4 RECEIVE 4200 1449448298761 
4 RECEIVE 4300 1449448315665 
4 RECEIVE 4000 1449448324512 
