7 RECEIVE 100 1449447677119 
7 RECEIVE 200 1449447688950 
7 RECEIVE 300 1449447706002 
7 RECEIVE 0 1449447726567 
7 RECEIVE 500 1449447744119 
7 RECEIVE 600 1449447759181 
7 RECEIVE 700 1449447775627 
7 RECEIVE 400 1449447783684 
7 RECEIVE 900 1449447803186 
7 RECEIVE 1000 1449447819117 
7 RECEIVE 1100 1449447834321 
7 RECEIVE 800 1449447848368 
7 RECEIVE 1300 1449447864782 
7 RECEIVE 1400 1449447877517 
7 RECEIVE 1500 1449447892166 
7 RECEIVE 1200 1449447906452 
7 RECEIVE 1700 1449447924635 
7 RECEIVE 1800 1449447938306 
7 RECEIVE 1900 1449447954440 
7 RECEIVE 1600 1449447967314 
7 RECEIVE 2100 1449447984289 
7 RECEIVE 2200 1449447998641 
7 RECEIVE 2300 1449448014817 
7 RECEIVE 2000 1449448027405 
7 RECEIVE 2500 1449448046013 
7 RECEIVE 2600 1449448060280 
7 RECEIVE 2700 1449448075515 
7 RECEIVE 2400 1449448087246 
7 RECEIVE 2900 1449448104090 
7 RECEIVE 3000 1449448120571 
7 RECEIVE 3100 1449448135884 
7 RECEIVE 2800 1449448148359 
7 RECEIVE 3300 1449448165538 
7 RECEIVE 3400 1449448179026 
7 RECEIVE 3500 1449448195343 
7 RECEIVE 3200 1449448209787 
7 RECEIVE 3700 1449448223689 
7 RECEIVE 3800 1449448239352 
7 RECEIVE 3900 1449448254949 
7 RECEIVE 3600 1449448269475 
7 RECEIVE 4100 1449448285502 
7 RECEIVE 4200 1449448298416 
7 RECEIVE 4300 1449448315772 
7 RECEIVE 4000 1449448330174 
