2 RECEIVE 100 1449447681364 
2 RECEIVE 200 1449447697480 
2 RECEIVE 0 1449447724935 
2 RECEIVE 300 1449447725119 
2 RECEIVE 500 1449447742784 
2 RECEIVE 600 1449447758320 
2 RECEIVE 700 1449447775781 
2 RECEIVE 400 1449447783519 
2 RECEIVE 900 1449447801514 
2 RECEIVE 1000 1449447817824 
2 RECEIVE 1100 1449447834177 
2 RECEIVE 800 1449447842229 
2 RECEIVE 1300 1449447861503 
2 RECEIVE 1400 1449447877766 
2 RECEIVE 1500 1449447891714 
2 RECEIVE 1200 1449447903210 
2 RECEIVE 1700 1449447922613 
2 RECEIVE 1800 1449447937679 
2 RECEIVE 1900 1449447953817 
2 RECEIVE 1600 1449447965055 
2 RECEIVE 2100 1449447982337 
2 RECEIVE 2200 1449447998543 
2 RECEIVE 2300 1449448015499 
2 RECEIVE 2000 1449448022485 
2 RECEIVE 2500 1449448043213 
2 RECEIVE 2600 1449448059408 
2 RECEIVE 2700 1449448075228 
2 RECEIVE 2400 1449448082108 
2 RECEIVE 2900 1449448106247 
2 RECEIVE 3000 1449448119740 
2 RECEIVE 3100 1449448134903 
2 RECEIVE 2800 1449448142824 
2 RECEIVE 3300 1449448162332 
2 RECEIVE 3400 1449448178331 
2 RECEIVE 3500 1449448194433 
2 RECEIVE 3200 1449448205350 
2 RECEIVE 3700 1449448222724 
2 RECEIVE 3800 1449448239273 
2 RECEIVE 3900 1449448254506 
2 RECEIVE 3600 1449448270405 
2 RECEIVE 4100 1449448283776 
2 RECEIVE 4200 1449448299073 
2 RECEIVE 4300 1449448315013 
2 RECEIVE 4000 1449448327071 
