1 SEND 0 1449447669923 
1 SEND 0 1449447669933 
1 SEND 0 1449447669933 
1 SEND 0 1449447669935 
1 SEND 0 1449447669935 
1 SEND 0 1449447669946 
1 SEND 0 1449447669947 
1 SEND 0 1449447669927 
1 SEND 0 1449447669929 
1 SEND 0 1449447669947 
1 SEND 100 1449447669954 
1 SEND 100 1449447669982 
1 SEND 100 1449447669982 
1 SEND 100 1449447669982 
1 SEND 100 1449447669985 
1 SEND 100 1449447669986 
1 SEND 100 1449447669987 
1 SEND 100 1449447669988 
1 SEND 100 1449447669988 
1 SEND 100 1449447669989 
1 SEND 200 1449447670073 
1 SEND 200 1449447670076 
1 SEND 200 1449447670077 
1 SEND 200 1449447670080 
1 SEND 200 1449447670081 
1 SEND 200 1449447670081 
1 SEND 200 1449447670082 
1 SEND 200 1449447670082 
1 SEND 200 1449447670083 
1 SEND 200 1449447670087 
1 SEND 300 1449447670159 
1 SEND 300 1449447670159 
1 SEND 300 1449447670159 
1 SEND 300 1449447670161 
1 SEND 300 1449447670161 
1 SEND 300 1449447670163 
1 SEND 300 1449447670165 
1 SEND 300 1449447670168 
1 SEND 300 1449447670173 
1 SEND 300 1449447674188 
1 SEND 400 1449447730242 
1 SEND 400 1449447730244 
1 SEND 400 1449447730244 
1 SEND 400 1449447730246 
1 SEND 400 1449447730247 
1 SEND 400 1449447730247 
1 SEND 400 1449447730250 
1 SEND 400 1449447730288 
1 SEND 400 1449447730311 
1 SEND 400 1449447730392 
1 SEND 500 1449447731364 
1 SEND 500 1449447731364 
1 SEND 500 1449447731364 
1 SEND 500 1449447731365 
1 SEND 600 1449447731365 
1 SEND 600 1449447731365 
1 SEND 500 1449447731366 
1 SEND 500 1449447731366 
1 SEND 500 1449447731368 
1 SEND 600 1449447731369 
1 SEND 500 1449447731369 
1 SEND 500 1449447731371 
1 SEND 500 1449447731371 
1 SEND 600 1449447731383 
1 SEND 600 1449447731384 
1 SEND 600 1449447731384 
1 SEND 600 1449447731385 
1 SEND 600 1449447731385 
1 SEND 600 1449447731388 
1 SEND 600 1449447731388 
1 SEND 700 1449447732018 
1 SEND 700 1449447732018 
1 SEND 700 1449447732019 
1 SEND 700 1449447732020 
1 SEND 700 1449447732020 
1 SEND 700 1449447732020 
1 SEND 700 1449447732022 
1 SEND 700 1449447732024 
1 SEND 700 1449447732025 
1 SEND 700 1449447732025 
1 SEND 800 1449447790613 
1 SEND 800 1449447790616 
1 SEND 800 1449447790617 
1 SEND 800 1449447790619 
1 SEND 800 1449447790619 
1 SEND 800 1449447790625 
1 SEND 800 1449447790868 
1 SEND 800 1449447790946 
1 SEND 800 1449447790947 
1 SEND 800 1449447790947 
1 SEND 900 1449447791332 
1 SEND 900 1449447791346 
1 SEND 900 1449447791365 
1 SEND 1000 1449447791372 
1 SEND 900 1449447791373 
1 SEND 900 1449447791394 
1 SEND 1000 1449447791409 
1 SEND 900 1449447791438 
1 SEND 900 1449447791439 
1 SEND 900 1449447791440 
1 SEND 1000 1449447791440 
1 SEND 1000 1449447791442 
1 SEND 1000 1449447791442 
1 SEND 1000 1449447791443 
1 SEND 900 1449447791443 
1 SEND 1000 1449447791443 
1 SEND 900 1449447791444 
1 SEND 1000 1449447791444 
1 SEND 1000 1449447791444 
1 SEND 1000 1449447791446 
1 SEND 1100 1449447791974 
1 SEND 1100 1449447791976 
1 SEND 1100 1449447791976 
1 SEND 1100 1449447791977 
1 SEND 1100 1449447791978 
1 SEND 1100 1449447791978 
1 SEND 1100 1449447791978 
1 SEND 1100 1449447791979 
1 SEND 1100 1449447791979 
1 SEND 1100 1449447791983 
1 SEND 1200 1449447850879 
1 SEND 1200 1449447850879 
1 SEND 1200 1449447851005 
1 SEND 1200 1449447851005 
1 SEND 1200 1449447851005 
1 SEND 1200 1449447851006 
1 SEND 1200 1449447851006 
1 SEND 1200 1449447851018 
1 SEND 1200 1449447851020 
1 SEND 1200 1449447851022 
1 SEND 1300 1449447851772 
1 SEND 1300 1449447851773 
1 SEND 1400 1449447851805 
1 SEND 1400 1449447851804 
1 SEND 1400 1449447851806 
1 SEND 1300 1449447851807 
1 SEND 1300 1449447851807 
1 SEND 1300 1449447851807 
1 SEND 1400 1449447851807 
1 SEND 1400 1449447851809 
1 SEND 1300 1449447851809 
1 SEND 1400 1449447851809 
1 SEND 1300 1449447851810 
1 SEND 1300 1449447851810 
1 SEND 1300 1449447851813 
1 SEND 1400 1449447851813 
1 SEND 1400 1449447851813 
1 SEND 1400 1449447851814 
1 SEND 1400 1449447851814 
1 SEND 1300 1449447851814 
1 SEND 1500 1449447851882 
1 SEND 1500 1449447851884 
1 SEND 1500 1449447851884 
1 SEND 1500 1449447851884 
1 SEND 1500 1449447851885 
1 SEND 1500 1449447851885 
1 SEND 1500 1449447851885 
1 SEND 1500 1449447851887 
1 SEND 1500 1449447851887 
1 SEND 1500 1449447851887 
1 SEND 1600 1449447911163 
1 SEND 1600 1449447911167 
1 SEND 1600 1449447911167 
1 SEND 1600 1449447911167 
1 SEND 1600 1449447911169 
1 SEND 1600 1449447911228 
1 SEND 1600 1449447911320 
1 SEND 1600 1449447911379 
1 SEND 1600 1449447911382 
1 SEND 1600 1449447911390 
1 SEND 1700 1449447911929 
1 SEND 1700 1449447911930 
1 SEND 1700 1449447911930 
1 SEND 1700 1449447911931 
1 SEND 1700 1449447911931 
1 SEND 1800 1449447911931 
1 SEND 1800 1449447911932 
1 SEND 1700 1449447911933 
1 SEND 1700 1449447911935 
1 SEND 1700 1449447911939 
1 SEND 1700 1449447911939 
1 SEND 1800 1449447911940 
1 SEND 1800 1449447911940 
1 SEND 1800 1449447911941 
1 SEND 1800 1449447911942 
1 SEND 1800 1449447911943 
1 SEND 1800 1449447911944 
1 SEND 1800 1449447911944 
1 SEND 1700 1449447911944 
1 SEND 1800 1449447911947 
1 SEND 1900 1449447912405 
1 SEND 1900 1449447912408 
1 SEND 1900 1449447912408 
1 SEND 1900 1449447912418 
1 SEND 1900 1449447912418 
1 SEND 1900 1449447912419 
1 SEND 1900 1449447912419 
1 SEND 1900 1449447912421 
1 SEND 1900 1449447912421 
1 SEND 1900 1449447912421 
1 SEND 2000 1449447971436 
1 SEND 2000 1449447971436 
1 SEND 2000 1449447971439 
1 SEND 2000 1449447971441 
1 SEND 2000 1449447971441 
1 SEND 2000 1449447971442 
1 SEND 2000 1449447971694 
1 SEND 2000 1449447971694 
1 SEND 2000 1449447971704 
1 SEND 2000 1449447971720 
1 SEND 2100 1449447972131 
1 SEND 2100 1449447972132 
1 SEND 2100 1449447972133 
1 SEND 2100 1449447972140 
1 SEND 2100 1449447972144 
1 SEND 2100 1449447972145 
1 SEND 2100 1449447972145 
1 SEND 2100 1449447972145 
1 SEND 2200 1449447972147 
1 SEND 2100 1449447972147 
1 SEND 2100 1449447972147 
1 SEND 2200 1449447972147 
1 SEND 2200 1449447972147 
1 SEND 2200 1449447972147 
1 SEND 2200 1449447972148 
1 SEND 2200 1449447972149 
1 SEND 2200 1449447972149 
1 SEND 2200 1449447972150 
1 SEND 2200 1449447972151 
1 SEND 2200 1449447972151 
1 SEND 2300 1449447972759 
1 SEND 2300 1449447972759 
1 SEND 2300 1449447972760 
1 SEND 2300 1449447972760 
1 SEND 2300 1449447972760 
1 SEND 2300 1449447972762 
1 SEND 2300 1449447972762 
1 SEND 2300 1449447972762 
1 SEND 2300 1449447972777 
1 SEND 2300 1449447974155 
1 SEND 2400 1449448031673 
1 SEND 2400 1449448031673 
1 SEND 2400 1449448031675 
1 SEND 2400 1449448031677 
1 SEND 2400 1449448031678 
1 SEND 2400 1449448031678 
1 SEND 2400 1449448031836 
1 SEND 2400 1449448031893 
1 SEND 2400 1449448032001 
1 SEND 2400 1449448032004 
1 SEND 2500 1449448032596 
1 SEND 2500 1449448032597 
1 SEND 2500 1449448032598 
1 SEND 2500 1449448032598 
1 SEND 2500 1449448032599 
1 SEND 2600 1449448032599 
1 SEND 2500 1449448032599 
1 SEND 2500 1449448032599 
1 SEND 2500 1449448032599 
1 SEND 2500 1449448032599 
1 SEND 2600 1449448032600 
1 SEND 2600 1449448032600 
1 SEND 2500 1449448032602 
1 SEND 2600 1449448032602 
1 SEND 2600 1449448032607 
1 SEND 2600 1449448032607 
1 SEND 2600 1449448032609 
1 SEND 2600 1449448032608 
1 SEND 2600 1449448032610 
1 SEND 2600 1449448032610 
1 SEND 2700 1449448033245 
1 SEND 2700 1449448033248 
1 SEND 2700 1449448033249 
1 SEND 2700 1449448033250 
1 SEND 2700 1449448033250 
1 SEND 2700 1449448033250 
1 SEND 2700 1449448033250 
1 SEND 2700 1449448033252 
1 SEND 2700 1449448033253 
1 SEND 2700 1449448033255 
1 SEND 2800 1449448091998 
1 SEND 2800 1449448091998 
1 SEND 2800 1449448092001 
1 SEND 2800 1449448092002 
1 SEND 2800 1449448092093 
1 SEND 2800 1449448092114 
1 SEND 2800 1449448092114 
1 SEND 2800 1449448092114 
1 SEND 2800 1449448092115 
1 SEND 2800 1449448092117 
1 SEND 2900 1449448092853 
1 SEND 2900 1449448092854 
1 SEND 3000 1449448092855 
1 SEND 2900 1449448092855 
1 SEND 2900 1449448092855 
1 SEND 2900 1449448092855 
1 SEND 2900 1449448092856 
1 SEND 3000 1449448092857 
1 SEND 2900 1449448092861 
1 SEND 3000 1449448092868 
1 SEND 2900 1449448092868 
1 SEND 3000 1449448092868 
1 SEND 3000 1449448092868 
1 SEND 3000 1449448092871 
1 SEND 3000 1449448092871 
1 SEND 3000 1449448092871 
1 SEND 3000 1449448092871 
1 SEND 3000 1449448092871 
1 SEND 2900 1449448092871 
1 SEND 2900 1449448092871 
1 SEND 3100 1449448093380 
1 SEND 3100 1449448093384 
1 SEND 3100 1449448093384 
1 SEND 3100 1449448093384 
1 SEND 3100 1449448093384 
1 SEND 3100 1449448093384 
1 SEND 3100 1449448093386 
1 SEND 3100 1449448093387 
1 SEND 3100 1449448093387 
1 SEND 3100 1449448093388 
1 SEND 3200 1449448152235 
1 SEND 3200 1449448152239 
1 SEND 3200 1449448152239 
1 SEND 3200 1449448152242 
1 SEND 3200 1449448152242 
1 SEND 3200 1449448152304 
1 SEND 3200 1449448152305 
1 SEND 3200 1449448152398 
1 SEND 3200 1449448152398 
1 SEND 3200 1449448152406 
1 SEND 3300 1449448152911 
1 SEND 3300 1449448152913 
1 SEND 3400 1449448152930 
1 SEND 3300 1449448152930 
1 SEND 3300 1449448152932 
1 SEND 3400 1449448152932 
1 SEND 3300 1449448152932 
1 SEND 3400 1449448152932 
1 SEND 3400 1449448152933 
1 SEND 3400 1449448152936 
1 SEND 3300 1449448152936 
1 SEND 3400 1449448152937 
1 SEND 3300 1449448152937 
1 SEND 3400 1449448152938 
1 SEND 3300 1449448152938 
1 SEND 3400 1449448152938 
1 SEND 3400 1449448152938 
1 SEND 3300 1449448152948 
1 SEND 3400 1449448152948 
1 SEND 3300 1449448153027 
1 SEND 3500 1449448153481 
1 SEND 3500 1449448153482 
1 SEND 3500 1449448153482 
1 SEND 3500 1449448153484 
1 SEND 3500 1449448153484 
1 SEND 3500 1449448153485 
1 SEND 3500 1449448153486 
1 SEND 3500 1449448153486 
1 SEND 3500 1449448153487 
1 SEND 3500 1449448153487 
1 SEND 3600 1449448212453 
1 SEND 3600 1449448212454 
1 SEND 3600 1449448212456 
1 SEND 3600 1449448212456 
1 SEND 3600 1449448212456 
1 SEND 3600 1449448212506 
1 SEND 3600 1449448212563 
1 SEND 3600 1449448212565 
1 SEND 3600 1449448212690 
1 SEND 3600 1449448212712 
1 SEND 3700 1449448213154 
1 SEND 3700 1449448213155 
1 SEND 3700 1449448213155 
1 SEND 3700 1449448213157 
1 SEND 3700 1449448213157 
1 SEND 3700 1449448213165 
1 SEND 3700 1449448213165 
1 SEND 3800 1449448213167 
1 SEND 3800 1449448213168 
1 SEND 3800 1449448213168 
1 SEND 3700 1449448213168 
1 SEND 3800 1449448213169 
1 SEND 3800 1449448213169 
1 SEND 3800 1449448213170 
1 SEND 3700 1449448213171 
1 SEND 3700 1449448213174 
1 SEND 3800 1449448213174 
1 SEND 3800 1449448213174 
1 SEND 3800 1449448213174 
1 SEND 3800 1449448213175 
1 SEND 3900 1449448213670 
1 SEND 3900 1449448213670 
1 SEND 3900 1449448213670 
1 SEND 3900 1449448213671 
1 SEND 3900 1449448213672 
1 SEND 3900 1449448213677 
1 SEND 3900 1449448213677 
1 SEND 3900 1449448213679 
1 SEND 3900 1449448213683 
1 SEND 3900 1449448213685 
1 SEND 4000 1449448272659 
1 SEND 4000 1449448272660 
1 SEND 4000 1449448272660 
1 SEND 4000 1449448272663 
1 SEND 4000 1449448272668 
1 SEND 4000 1449448272670 
1 SEND 4000 1449448272877 
1 SEND 4000 1449448272879 
1 SEND 4000 1449448272880 
1 SEND 4000 1449448272880 
1 SEND 4100 1449448273253 
1 SEND 4100 1449448273254 
1 SEND 4100 1449448273254 
1 SEND 4100 1449448273254 
1 SEND 4200 1449448273255 
1 SEND 4100 1449448273255 
1 SEND 4200 1449448273255 
1 SEND 4200 1449448273256 
1 SEND 4100 1449448273256 
1 SEND 4100 1449448273257 
1 SEND 4100 1449448273257 
1 SEND 4100 1449448273257 
1 SEND 4200 1449448273258 
1 SEND 4200 1449448273258 
1 SEND 4100 1449448273258 
1 SEND 4200 1449448273259 
1 SEND 4200 1449448273260 
1 SEND 4200 1449448273262 
1 SEND 4200 1449448273266 
1 SEND 4200 1449448273267 
1 SEND 4300 1449448273956 
1 SEND 4300 1449448273958 
1 SEND 4300 1449448273960 
1 SEND 4300 1449448273960 
1 SEND 4300 1449448273961 
1 SEND 4300 1449448273961 
1 SEND 4300 1449448273962 
1 SEND 4300 1449448273962 
1 SEND 4300 1449448273962 
1 SEND 4300 1449448273962 
