8 RECEIVE 100 1449447679631 
8 RECEIVE 200 1449447696566 
8 RECEIVE 300 1449447699113 
8 RECEIVE 0 1449447728389 
8 RECEIVE 500 1449447745301 
8 RECEIVE 600 1449447759358 
8 RECEIVE 700 1449447774754 
8 RECEIVE 400 1449447784925 
8 RECEIVE 900 1449447803357 
8 RECEIVE 1000 1449447818306 
8 RECEIVE 1100 1449447834464 
8 RECEIVE 800 1449447846509 
8 RECEIVE 1300 1449447864434 
8 RECEIVE 1400 1449447877046 
8 RECEIVE 1500 1449447892320 
8 RECEIVE 1200 1449447906860 
8 RECEIVE 1700 1449447924419 
8 RECEIVE 1800 1449447938080 
8 RECEIVE 1900 1449447954593 
8 RECEIVE 1600 1449447966209 
8 RECEIVE 2100 1449447982710 
8 RECEIVE 2200 1449447998349 
8 RECEIVE 2300 1449448015114 
8 RECEIVE 2000 1449448026220 
8 RECEIVE 2500 1449448045283 
8 RECEIVE 2600 1449448060457 
8 RECEIVE 2700 1449448075929 
8 RECEIVE 2400 1449448085439 
8 RECEIVE 2900 1449448106825 
8 RECEIVE 3000 1449448119936 
8 RECEIVE 3100 1449448135066 
8 RECEIVE 2800 1449448148969 
8 RECEIVE 3300 1449448163237 
8 RECEIVE 3400 1449448178204 
8 RECEIVE 3500 1449448195469 
8 RECEIVE 3200 1449448208180 
8 RECEIVE 3700 1449448223764 
8 RECEIVE 3800 1449448239430 
8 RECEIVE 3900 1449448254852 
8 RECEIVE 3600 1449448267587 
8 RECEIVE 4100 1449448282914 
8 RECEIVE 4200 1449448297989 
8 RECEIVE 4300 1449448315994 
8 RECEIVE 4000 1449448330241 
