3 RECEIVE 100 1449447677900 
3 RECEIVE 200 1449447685590 
3 RECEIVE 300 1449447706521 
3 RECEIVE 0 1449447725791 
3 RECEIVE 500 1449447742975 
3 RECEIVE 600 1449447758301 
3 RECEIVE 700 1449447775062 
3 RECEIVE 400 1449447786262 
3 RECEIVE 900 1449447801928 
3 RECEIVE 1000 1449447818110 
3 RECEIVE 1100 1449447835608 
3 RECEIVE 800 1449447842845 
3 RECEIVE 1300 1449447861322 
3 RECEIVE 1400 1449447877379 
3 RECEIVE 1500 1449447892530 
3 RECEIVE 1200 1449447902987 
3 RECEIVE 1700 1449447922642 
3 RECEIVE 1800 1449447937581 
3 RECEIVE 1900 1449447954067 
3 RECEIVE 1600 1449447968313 
3 RECEIVE 2100 1449447982165 
3 RECEIVE 2200 1449447998079 
3 RECEIVE 2300 1449448016016 
3 RECEIVE 2000 1449448023151 
3 RECEIVE 2500 1449448043760 
3 RECEIVE 2600 1449448059719 
3 RECEIVE 2700 1449448075381 
3 RECEIVE 2400 1449448082887 
3 RECEIVE 2900 1449448103445 
3 RECEIVE 3000 1449448120199 
3 RECEIVE 3100 1449448135548 
3 RECEIVE 2800 1449448142298 
3 RECEIVE 3300 1449448162518 
3 RECEIVE 3400 1449448179105 
3 RECEIVE 3500 1449448194269 
3 RECEIVE 3200 1449448209248 
3 RECEIVE 3700 1449448223174 
3 RECEIVE 3800 1449448239234 
3 RECEIVE 3900 1449448258136 
3 RECEIVE 3600 1449448265900 
3 RECEIVE 4100 1449448285568 
3 RECEIVE 4200 1449448298222 
3 RECEIVE 4300 1449448315483 
3 RECEIVE 4000 1449448326674 
