5 RECEIVE 100 1449447681534 
5 RECEIVE 200 1449447693573 
5 RECEIVE 300 1449447698813 
5 RECEIVE 0 1449447724304 
5 RECEIVE 500 1449447745046 
5 RECEIVE 600 1449447758618 
5 RECEIVE 700 1449447774870 
5 RECEIVE 400 1449447786897 
5 RECEIVE 900 1449447802477 
5 RECEIVE 1000 1449447818539 
5 RECEIVE 1100 1449447834879 
5 RECEIVE 800 1449447845918 
5 RECEIVE 1300 1449447864962 
5 RECEIVE 1400 1449447877203 
5 RECEIVE 1500 1449447892828 
5 RECEIVE 1200 1449447907180 
5 RECEIVE 1700 1449447922289 
5 RECEIVE 1800 1449447938119 
5 RECEIVE 1900 1449447954766 
5 RECEIVE 1600 1449447965695 
5 RECEIVE 2100 1449447982901 
5 RECEIVE 2200 1449447998562 
5 RECEIVE 2300 1449448015249 
5 RECEIVE 2000 1449448028799 
5 RECEIVE 2500 1449448043913 
5 RECEIVE 2600 1449448059945 
5 RECEIVE 2700 1449448076207 
5 RECEIVE 2400 1449448086577 
5 RECEIVE 2900 1449448103728 
5 RECEIVE 3000 1449448120758 
5 RECEIVE 3100 1449448135355 
5 RECEIVE 2800 1449448149667 
5 RECEIVE 3300 1449448162719 
5 RECEIVE 3400 1449448179280 
5 RECEIVE 3500 1449448195122 
5 RECEIVE 3200 1449448207007 
5 RECEIVE 3700 1449448223420 
5 RECEIVE 3800 1449448239627 
5 RECEIVE 3900 1449448255246 
5 RECEIVE 3600 1449448269163 
5 RECEIVE 4100 1449448282732 
5 RECEIVE 4200 1449448298339 
5 RECEIVE 4300 1449448315840 
5 RECEIVE 4000 1449448326324 
