6 RECEIVE 100 1449447679349 
6 RECEIVE 200 1449447694934 
6 RECEIVE 300 1449447705821 
6 RECEIVE 0 1449447727843 
6 RECEIVE 500 1449447741869 
6 RECEIVE 600 1449447758935 
6 RECEIVE 700 1449447775264 
6 RECEIVE 400 1449447785962 
6 RECEIVE 900 1449447802735 
6 RECEIVE 1000 1449447818667 
6 RECEIVE 1100 1449447834763 
6 RECEIVE 800 1449447843291 
6 RECEIVE 1300 1449447864136 
6 RECEIVE 1400 1449447878325 
6 RECEIVE 1500 1449447891867 
6 RECEIVE 1200 1449447907471 
6 RECEIVE 1700 1449447924892 
6 RECEIVE 1800 1449447937836 
6 RECEIVE 1900 1449447954306 
6 RECEIVE 1600 1449447968798 
6 RECEIVE 2100 1449447983828 
6 RECEIVE 2200 1449447998399 
6 RECEIVE 2300 1449448017594 
6 RECEIVE 2000 1449448023831 
6 RECEIVE 2500 1449448044201 
6 RECEIVE 2600 1449448059866 
6 RECEIVE 2700 1449448075669 
6 RECEIVE 2400 1449448088780 
6 RECEIVE 2900 1449448104282 
6 RECEIVE 3000 1449448120739 
6 RECEIVE 3100 1449448135307 
6 RECEIVE 2800 1449448147805 
6 RECEIVE 3300 1449448163428 
6 RECEIVE 3400 1449448178566 
6 RECEIVE 3500 1449448194567 
6 RECEIVE 3200 1449448209471 
6 RECEIVE 3700 1449448223336 
6 RECEIVE 3800 1449448239126 
6 RECEIVE 3900 1449448254652 
6 RECEIVE 3600 1449448269785 
6 RECEIVE 4100 1449448284505 
6 RECEIVE 4200 1449448298653 
6 RECEIVE 4300 1449448315156 
6 RECEIVE 4000 1449448329901 
