9 RECEIVE 100 1449447678961 
9 RECEIVE 200 1449447685028 
9 RECEIVE 300 1449447699782 
9 RECEIVE 0 1449447727120 
9 RECEIVE 500 1449447743295 
9 RECEIVE 600 1449447758829 
9 RECEIVE 700 1449447774705 
9 RECEIVE 400 1449447787695 
9 RECEIVE 900 1449447805210 
9 RECEIVE 1000 1449447819019 
9 RECEIVE 1100 1449447834676 
9 RECEIVE 800 1449447847999 
9 RECEIVE 1300 1449447863362 
9 RECEIVE 1400 1449447877625 
9 RECEIVE 1500 1449447893019 
9 RECEIVE 1200 1449447908101 
9 RECEIVE 1700 1449447921522 
9 RECEIVE 1800 1449447938258 
9 RECEIVE 1900 1449447954910 
9 RECEIVE 1600 1449447968537 
9 RECEIVE 2100 1449447984818 
9 RECEIVE 2200 1449447998128 
9 RECEIVE 2300 1449448015720 
9 RECEIVE 2000 1449448029090 
9 RECEIVE 2500 1449448046586 
9 RECEIVE 2600 1449448060438 
9 RECEIVE 2700 1449448075804 
9 RECEIVE 2400 1449448085041 
9 RECEIVE 2900 1449448105951 
9 RECEIVE 3000 1449448120180 
9 RECEIVE 3100 1449448135586 
9 RECEIVE 2800 1449448149425 
9 RECEIVE 3300 1449448165217 
9 RECEIVE 3400 1449448178831 
9 RECEIVE 3500 1449448195276 
9 RECEIVE 3200 1449448210049 
9 RECEIVE 3700 1449448224365 
9 RECEIVE 3800 1449448238814 
9 RECEIVE 3900 1449448255411 
9 RECEIVE 3600 1449448270231 
9 RECEIVE 4100 1449448284285 
9 RECEIVE 4200 1449448298534 
9 RECEIVE 4300 1449448315310 
9 RECEIVE 4000 1449448329862 
