Awaiting simulation instructions...

Awaiting simulation instructions...

Awaiting simulation instructions...

Awaiting simulation instructions...

Awaiting simulation instructions...

3 RECEIVE 100 1449447677900 

[Reducer1]: Got 87480 bytes.
3 RECEIVE 200 1449447685590 

[Reducer1]: Got 184072 bytes.
[Reducer1]: Got 376216 bytes.
3 RECEIVE 300 1449447706521 

3 RECEIVE 0 1449447725791 

[Reducer1]: Got 951800 bytes.
Awaiting simulation instructions...

Awaiting simulation instructions...

Awaiting simulation instructions...

Awaiting simulation instructions...

3 RECEIVE 500 1449447742975 

[Reducer1]: Got 89512 bytes.
3 RECEIVE 600 1449447758301 

[Reducer1]: Got 185256 bytes.
3 RECEIVE 700 1449447775062 

[Reducer1]: Got 376392 bytes.
3 RECEIVE 400 1449447786262 

[Reducer1]: Got 957464 bytes.
Awaiting simulation instructions...

Awaiting simulation instructions...

Awaiting simulation instructions...

Awaiting simulation instructions...

3 RECEIVE 900 1449447801928 

[Reducer1]: Got 89512 bytes.
[Reducer1]: Got 185080 bytes.
3 RECEIVE 1000 1449447818110 

3 RECEIVE 1100 1449447835608 

[Reducer1]: Got 378264 bytes.
3 RECEIVE 800 1449447842845 

[Reducer1]: Got 953704 bytes.
Awaiting simulation instructions...

Awaiting simulation instructions...

Awaiting simulation instructions...

Awaiting simulation instructions...

3 RECEIVE 1300 1449447861322 

[Reducer1]: Got 90536 bytes.
3 RECEIVE 1400 1449447877379 

[Reducer1]: Got 185080 bytes.
3 RECEIVE 1500 1449447892530 

[Reducer1]: Got 374520 bytes.
3 RECEIVE 1200 1449447902987 

[Reducer1]: Got 958912 bytes.
Awaiting simulation instructions...

Awaiting simulation instructions...

Awaiting simulation instructions...

Awaiting simulation instructions...

3 RECEIVE 1700 1449447922642 

[Reducer1]: Got 89512 bytes.
3 RECEIVE 1800 1449447937581 

[Reducer1]: Got 184056 bytes.
3 RECEIVE 1900 1449447954067 

[Reducer1]: Got 373496 bytes.
3 RECEIVE 1600 1449447968313 

[Reducer1]: Got 956616 bytes.
Awaiting simulation instructions...

Awaiting simulation instructions...

Awaiting simulation instructions...

Awaiting simulation instructions...

3 RECEIVE 2100 1449447982165 

[Reducer1]: Got 89512 bytes.
3 RECEIVE 2200 1449447998079 

[Reducer1]: Got 184232 bytes.
3 RECEIVE 2300 1449448016016 

[Reducer1]: Got 377416 bytes.
3 RECEIVE 2000 1449448023151 

[Reducer1]: Got 954128 bytes.
Awaiting simulation instructions...

Awaiting simulation instructions...

Awaiting simulation instructions...

Awaiting simulation instructions...

3 RECEIVE 2500 1449448043760 

[Reducer1]: Got 89512 bytes.
[Reducer1]: Got 183384 bytes.
3 RECEIVE 2600 1449448059719 

3 RECEIVE 2700 1449448075381 

[Reducer1]: Got 377416 bytes.
3 RECEIVE 2400 1449448082887 

[Reducer1]: Got 957024 bytes.
Awaiting simulation instructions...

Awaiting simulation instructions...

Awaiting simulation instructions...

Awaiting simulation instructions...

3 RECEIVE 2900 1449448103445 

[Reducer1]: Got 89512 bytes.
3 RECEIVE 3000 1449448120199 

[Reducer1]: Got 185256 bytes.
3 RECEIVE 3100 1449448135548 

[Reducer1]: Got 378264 bytes.
3 RECEIVE 2800 1449448142298 

[Reducer1]: Got 955048 bytes.
Awaiting simulation instructions...

Awaiting simulation instructions...

Awaiting simulation instructions...

Awaiting simulation instructions...

3 RECEIVE 3300 1449448162518 

[Reducer1]: Got 89512 bytes.
[Reducer1]: Got 186280 bytes.
3 RECEIVE 3400 1449448179105 

[Reducer1]: Got 372472 bytes.
3 RECEIVE 3500 1449448194269 

3 RECEIVE 3200 1449448209248 

[Reducer1]: Got 954568 bytes.
Awaiting simulation instructions...

Awaiting simulation instructions...

Awaiting simulation instructions...

Awaiting simulation instructions...

3 RECEIVE 3700 1449448223174 

[Reducer1]: Got 89512 bytes.
3 RECEIVE 3800 1449448239234 

[Reducer1]: Got 183384 bytes.
[Reducer1]: Got 376392 bytes.
3 RECEIVE 3900 1449448258136 

3 RECEIVE 3600 1449448265900 

[Reducer1]: Got 958312 bytes.
Awaiting simulation instructions...

Awaiting simulation instructions...

Awaiting simulation instructions...

Awaiting simulation instructions...

3 RECEIVE 4100 1449448285568 

[Reducer1]: Got 91136 bytes.
3 RECEIVE 4200 1449448298222 

[Reducer1]: Got 184056 bytes.
[Reducer1]: Got 376392 bytes.
3 RECEIVE 4300 1449448315483 

3 RECEIVE 4000 1449448326674 

[Reducer1]: Got 957288 bytes.
Slave finished all tasks and exited.
logger exit
