Awaiting simulation instructions...

Awaiting simulation instructions...

Awaiting simulation instructions...

Awaiting simulation instructions...

Awaiting simulation instructions...

4 RECEIVE 100 1449447682419 

[Reducer2]: Got 88504 bytes.
4 RECEIVE 200 1449447695537 

[Reducer2]: Got 183208 bytes.
4 RECEIVE 300 1449447706733 

[Reducer2]: Got 376216 bytes.
4 RECEIVE 0 1449447723974 

[Reducer2]: Got 954408 bytes.
Awaiting simulation instructions...

Awaiting simulation instructions...

Awaiting simulation instructions...

Awaiting simulation instructions...

4 RECEIVE 500 1449447744253 

[Reducer2]: Got 91560 bytes.
4 RECEIVE 600 1449447758210 

[Reducer2]: Got 186104 bytes.
4 RECEIVE 700 1449447774552 

[Reducer2]: Got 375368 bytes.
4 RECEIVE 400 1449447786975 

[Reducer2]: Got 950896 bytes.
Awaiting simulation instructions...

Awaiting simulation instructions...

Awaiting simulation instructions...

Awaiting simulation instructions...

4 RECEIVE 900 1449447802099 

[Reducer2]: Got 89512 bytes.
4 RECEIVE 1000 1449447818472 

[Reducer2]: Got 184232 bytes.
4 RECEIVE 1100 1449447834637 

[Reducer2]: Got 378264 bytes.
4 RECEIVE 800 1449447843630 

[Reducer2]: Got 957528 bytes.
Awaiting simulation instructions...

Awaiting simulation instructions...

Awaiting simulation instructions...

Awaiting simulation instructions...

4 RECEIVE 1300 1449447863828 

[Reducer2]: Got 88488 bytes.
4 RECEIVE 1400 1449447877913 

[Reducer2]: Got 184056 bytes.
4 RECEIVE 1500 1449447892693 

[Reducer2]: Got 378264 bytes.
4 RECEIVE 1200 1449447906510 

[Reducer2]: Got 954392 bytes.
Awaiting simulation instructions...

Awaiting simulation instructions...

Awaiting simulation instructions...

Awaiting simulation instructions...

4 RECEIVE 1700 1449447922736 

[Reducer2]: Got 89512 bytes.
4 RECEIVE 1800 1449447937993 

[Reducer2]: Got 184232 bytes.
4 RECEIVE 1900 1449447953953 

[Reducer2]: Got 372048 bytes.
4 RECEIVE 1600 1449447966092 

[Reducer2]: Got 958488 bytes.
Awaiting simulation instructions...

Awaiting simulation instructions...

Awaiting simulation instructions...

Awaiting simulation instructions...

4 RECEIVE 2100 1449447982509 

[Reducer2]: Got 89512 bytes.
4 RECEIVE 2200 1449447998680 

[Reducer2]: Got 184232 bytes.
4 RECEIVE 2300 1449448014933 

[Reducer2]: Got 378264 bytes.
4 RECEIVE 2000 1449448026872 

[Reducer2]: Got 956616 bytes.
Awaiting simulation instructions...

Awaiting simulation instructions...

Awaiting simulation instructions...

Awaiting simulation instructions...

4 RECEIVE 2500 1449448044416 

[Reducer2]: Got 88488 bytes.
4 RECEIVE 2600 1449448059564 

[Reducer2]: Got 183384 bytes.
4 RECEIVE 2700 1449448083686 

[Reducer2]: Got 377416 bytes.
4 RECEIVE 2400 1449448089090 

[Reducer2]: Got 956616 bytes.
Awaiting simulation instructions...

Awaiting simulation instructions...

Awaiting simulation instructions...

Awaiting simulation instructions...

4 RECEIVE 2900 1449448104540 

[Reducer2]: Got 89512 bytes.
4 RECEIVE 3000 1449448119878 

[Reducer2]: Got 184232 bytes.
4 RECEIVE 3100 1449448136286 

[Reducer2]: Got 375368 bytes.
[Reducer2]: Got 958824 bytes.
4 RECEIVE 2800 1449448145065 

Awaiting simulation instructions...

Awaiting simulation instructions...

Awaiting simulation instructions...

Awaiting simulation instructions...

4 RECEIVE 3300 1449448163978 

[Reducer2]: Got 91136 bytes.
4 RECEIVE 3400 1449448178693 

[Reducer2]: Got 185080 bytes.
4 RECEIVE 3500 1449448197790 

[Reducer2]: Got 377416 bytes.
4 RECEIVE 3200 1449448207375 

[Reducer2]: Got 957288 bytes.
Awaiting simulation instructions...

Awaiting simulation instructions...

Awaiting simulation instructions...

Awaiting simulation instructions...

4 RECEIVE 3700 1449448222915 

[Reducer2]: Got 89512 bytes.
4 RECEIVE 3800 1449448239215 

[Reducer2]: Got 184232 bytes.
4 RECEIVE 3900 1449448257876 

[Reducer2]: Got 374520 bytes.
4 RECEIVE 3600 1449448263314 

[Reducer2]: Got 888808 bytes.
Awaiting simulation instructions...

Awaiting simulation instructions...

Awaiting simulation instructions...

Awaiting simulation instructions...

4 RECEIVE 4100 1449448282444 

[Reducer2]: Got 89512 bytes.
4 RECEIVE 4200 1449448298761 

[Reducer2]: Got 184232 bytes.
[Reducer2]: Got 377416 bytes.
4 RECEIVE 4300 1449448315665 

4 RECEIVE 4000 1449448324512 

[Reducer2]: Got 904488 bytes.
Slave finished all tasks and exited.
logger exit
