Awaiting simulation instructions...

Awaiting simulation instructions...

Awaiting simulation instructions...

Awaiting simulation instructions...

Awaiting simulation instructions...

8 RECEIVE 100 1449447679631 

[Reducer6]: Got 88488 bytes.
8 RECEIVE 200 1449447696566 

[Reducer6]: Got 183808 bytes.
8 RECEIVE 300 1449447699113 

[Reducer6]: Got 376552 bytes.
8 RECEIVE 0 1449447728389 

[Reducer6]: Got 953296 bytes.
Awaiting simulation instructions...

Awaiting simulation instructions...

Awaiting simulation instructions...

Awaiting simulation instructions...

8 RECEIVE 500 1449447745301 

[Reducer6]: Got 91560 bytes.
8 RECEIVE 600 1449447759358 

[Reducer6]: Got 183384 bytes.
8 RECEIVE 700 1449447774754 

[Reducer6]: Got 375368 bytes.
8 RECEIVE 400 1449447784925 

[Reducer6]: Got 951976 bytes.
Awaiting simulation instructions...

Awaiting simulation instructions...

Awaiting simulation instructions...

Awaiting simulation instructions...

8 RECEIVE 900 1449447803357 

[Reducer6]: Got 88488 bytes.
8 RECEIVE 1000 1449447818306 

[Reducer6]: Got 185256 bytes.
8 RECEIVE 1100 1449447834464 

[Reducer6]: Got 377416 bytes.
8 RECEIVE 800 1449447846509 

[Reducer6]: Got 954408 bytes.
Awaiting simulation instructions...

Awaiting simulation instructions...

Awaiting simulation instructions...

Awaiting simulation instructions...

8 RECEIVE 1300 1449447864434 

[Reducer6]: Got 91136 bytes.
8 RECEIVE 1400 1449447877046 

[Reducer6]: Got 186104 bytes.
8 RECEIVE 1500 1449447892320 

[Reducer6]: Got 376392 bytes.
8 RECEIVE 1200 1449447906860 

[Reducer6]: Got 957288 bytes.
Awaiting simulation instructions...

Awaiting simulation instructions...

Awaiting simulation instructions...

Awaiting simulation instructions...

8 RECEIVE 1700 1449447924419 

[Reducer6]: Got 90112 bytes.
8 RECEIVE 1800 1449447938080 

[Reducer6]: Got 183384 bytes.
8 RECEIVE 1900 1449447954593 

[Reducer6]: Got 377416 bytes.
8 RECEIVE 1600 1449447966209 

[Reducer6]: Got 951672 bytes.
Awaiting simulation instructions...

Awaiting simulation instructions...

Awaiting simulation instructions...

Awaiting simulation instructions...

8 RECEIVE 2100 1449447982710 

[Reducer6]: Got 89512 bytes.
8 RECEIVE 2200 1449447998349 

[Reducer6]: Got 183384 bytes.
8 RECEIVE 2300 1449448015114 

[Reducer6]: Got 376392 bytes.
8 RECEIVE 2000 1449448026220 

[Reducer6]: Got 953720 bytes.
Awaiting simulation instructions...

Awaiting simulation instructions...

Awaiting simulation instructions...

Awaiting simulation instructions...

8 RECEIVE 2500 1449448045283 

[Reducer6]: Got 90112 bytes.
8 RECEIVE 2600 1449448060457 

[Reducer6]: Got 183384 bytes.
8 RECEIVE 2700 1449448075929 

[Reducer6]: Got 378264 bytes.
8 RECEIVE 2400 1449448085439 

[Reducer6]: Got 869400 bytes.
Awaiting simulation instructions...

Awaiting simulation instructions...

Awaiting simulation instructions...

Awaiting simulation instructions...

8 RECEIVE 2900 1449448106825 

[Reducer6]: Got 91136 bytes.
8 RECEIVE 3000 1449448119936 

[Reducer6]: Got 183384 bytes.
8 RECEIVE 3100 1449448135066 

[Reducer6]: Got 376392 bytes.
8 RECEIVE 2800 1449448148969 

[Reducer6]: Got 957288 bytes.
Awaiting simulation instructions...

Awaiting simulation instructions...

Awaiting simulation instructions...

Awaiting simulation instructions...

8 RECEIVE 3300 1449448163237 

[Reducer6]: Got 89512 bytes.
8 RECEIVE 3400 1449448178204 

[Reducer6]: Got 186280 bytes.
8 RECEIVE 3500 1449448195469 

[Reducer6]: Got 377416 bytes.
8 RECEIVE 3200 1449448208180 

[Reducer6]: Got 955416 bytes.
Awaiting simulation instructions...

Awaiting simulation instructions...

Awaiting simulation instructions...

Awaiting simulation instructions...

8 RECEIVE 3700 1449448223764 

[Reducer6]: Got 89512 bytes.
8 RECEIVE 3800 1449448239430 

[Reducer6]: Got 182360 bytes.
8 RECEIVE 3900 1449448254852 

[Reducer6]: Got 378264 bytes.
8 RECEIVE 3600 1449448267587 

[Reducer6]: Got 957464 bytes.
Awaiting simulation instructions...

Awaiting simulation instructions...

Awaiting simulation instructions...

Awaiting simulation instructions...

8 RECEIVE 4100 1449448282914 

[Reducer6]: Got 89512 bytes.
8 RECEIVE 4200 1449448297989 

[Reducer6]: Got 186280 bytes.
8 RECEIVE 4300 1449448315994 

[Reducer6]: Got 377416 bytes.
8 RECEIVE 4000 1449448330241 

[Reducer6]: Got 955416 bytes.
Slave finished all tasks and exited.
logger exit
