Awaiting simulation instructions...

Awaiting simulation instructions...

Awaiting simulation instructions...

Awaiting simulation instructions...

Awaiting simulation instructions...

5 RECEIVE 100 1449447681534 

[Reducer3]: Got 89528 bytes.
5 RECEIVE 200 1449447693573 

[Reducer3]: Got 183048 bytes.
5 RECEIVE 300 1449447698813 

[Reducer3]: Got 378104 bytes.
5 RECEIVE 0 1449447724304 

[Reducer3]: Got 956280 bytes.
Awaiting simulation instructions...

Awaiting simulation instructions...

Awaiting simulation instructions...

Awaiting simulation instructions...

5 RECEIVE 500 1449447745046 

[Reducer3]: Got 91560 bytes.
5 RECEIVE 600 1449447758618 

[Reducer3]: Got 185080 bytes.
5 RECEIVE 700 1449447774870 

[Reducer3]: Got 376392 bytes.
5 RECEIVE 400 1449447786897 

[Reducer3]: Got 953792 bytes.
Awaiting simulation instructions...

Awaiting simulation instructions...

Awaiting simulation instructions...

Awaiting simulation instructions...

5 RECEIVE 900 1449447802477 

[Reducer3]: Got 88488 bytes.
5 RECEIVE 1000 1449447818539 

[Reducer3]: Got 184232 bytes.
5 RECEIVE 1100 1449447834879 

[Reducer3]: Got 378264 bytes.
5 RECEIVE 800 1449447845918 

[Reducer3]: Got 958064 bytes.
Awaiting simulation instructions...

Awaiting simulation instructions...

Awaiting simulation instructions...

Awaiting simulation instructions...

5 RECEIVE 1300 1449447864962 

[Reducer3]: Got 91136 bytes.
5 RECEIVE 1400 1449447877203 

[Reducer3]: Got 186952 bytes.
5 RECEIVE 1500 1449447892828 

[Reducer3]: Got 376392 bytes.
5 RECEIVE 1200 1449447907180 

[Reducer3]: Got 958488 bytes.
Awaiting simulation instructions...

Awaiting simulation instructions...

Awaiting simulation instructions...

Awaiting simulation instructions...

5 RECEIVE 1700 1449447922289 

[Reducer3]: Got 89512 bytes.
5 RECEIVE 1800 1449447938119 

[Reducer3]: Got 186280 bytes.
5 RECEIVE 1900 1449447954766 

[Reducer3]: Got 377416 bytes.
5 RECEIVE 1600 1449447965695 

[Reducer3]: Got 957288 bytes.
Awaiting simulation instructions...

Awaiting simulation instructions...

Awaiting simulation instructions...

Awaiting simulation instructions...

5 RECEIVE 2100 1449447982901 

[Reducer3]: Got 89512 bytes.
5 RECEIVE 2200 1449447998562 

[Reducer3]: Got 185256 bytes.
5 RECEIVE 2300 1449448015249 

[Reducer3]: Got 375368 bytes.
5 RECEIVE 2000 1449448028799 

[Reducer3]: Got 955416 bytes.
Awaiting simulation instructions...

Awaiting simulation instructions...

Awaiting simulation instructions...

Awaiting simulation instructions...

5 RECEIVE 2500 1449448043913 

[Reducer3]: Got 89512 bytes.
5 RECEIVE 2600 1449448059945 

[Reducer3]: Got 185256 bytes.
5 RECEIVE 2700 1449448076207 

[Reducer3]: Got 377416 bytes.
5 RECEIVE 2400 1449448086577 

[Reducer3]: Got 958488 bytes.
Awaiting simulation instructions...

Awaiting simulation instructions...

Awaiting simulation instructions...

Awaiting simulation instructions...

5 RECEIVE 2900 1449448103728 

[Reducer3]: Got 89512 bytes.
5 RECEIVE 3000 1449448120758 

[Reducer3]: Got 184232 bytes.
[Reducer3]: Got 376392 bytes.
5 RECEIVE 3100 1449448135355 

5 RECEIVE 2800 1449448149667 

[Reducer3]: Got 954568 bytes.
Awaiting simulation instructions...

Awaiting simulation instructions...

Awaiting simulation instructions...

Awaiting simulation instructions...

[Reducer3]: Got 89512 bytes.
5 RECEIVE 3300 1449448162719 

5 RECEIVE 3400 1449448179280 

[Reducer3]: Got 185256 bytes.
5 RECEIVE 3500 1449448195122 

[Reducer3]: Got 375368 bytes.
5 RECEIVE 3200 1449448207007 

[Reducer3]: Got 957288 bytes.
Awaiting simulation instructions...

Awaiting simulation instructions...

Awaiting simulation instructions...

Awaiting simulation instructions...

5 RECEIVE 3700 1449448223420 

[Reducer3]: Got 89512 bytes.
5 RECEIVE 3800 1449448239627 

[Reducer3]: Got 185256 bytes.
5 RECEIVE 3900 1449448255246 

[Reducer3]: Got 378264 bytes.
5 RECEIVE 3600 1449448269163 

[Reducer3]: Got 957464 bytes.
Awaiting simulation instructions...

Awaiting simulation instructions...

Awaiting simulation instructions...

Awaiting simulation instructions...

5 RECEIVE 4100 1449448282732 

[Reducer3]: Got 89512 bytes.
5 RECEIVE 4200 1449448298339 

[Reducer3]: Got 185256 bytes.
5 RECEIVE 4300 1449448315840 

[Reducer3]: Got 378264 bytes.
5 RECEIVE 4000 1449448326324 

[Reducer3]: Got 957288 bytes.
Slave finished all tasks and exited.
logger exit
