Awaiting simulation instructions...

Awaiting simulation instructions...

Awaiting simulation instructions...

Awaiting simulation instructions...

Awaiting simulation instructions...

11 RECEIVE 100 1449447683763 

[Reducer9]: Got 89352 bytes.
11 RECEIVE 200 1449447693230 

[Reducer9]: Got 184072 bytes.
11 RECEIVE 300 1449447701420 

[Reducer9]: Got 373624 bytes.
11 RECEIVE 0 1449447727463 

[Reducer9]: Got 955256 bytes.
Awaiting simulation instructions...

Awaiting simulation instructions...

Awaiting simulation instructions...

Awaiting simulation instructions...

11 RECEIVE 500 1449447744971 

[Reducer9]: Got 91560 bytes.
[Reducer9]: Got 185256 bytes.
11 RECEIVE 600 1449447759023 

11 RECEIVE 700 1449447775225 

[Reducer9]: Got 377416 bytes.
11 RECEIVE 400 1449447788000 

[Reducer9]: Got 957304 bytes.
Awaiting simulation instructions...

Awaiting simulation instructions...

Awaiting simulation instructions...

Awaiting simulation instructions...

11 RECEIVE 900 1449447805227 

[Reducer9]: Got 91136 bytes.
11 RECEIVE 1000 1449447818794 

[Reducer9]: Got 185256 bytes.
11 RECEIVE 1100 1449447834860 

[Reducer9]: Got 378264 bytes.
11 RECEIVE 800 1449447847904 

[Reducer9]: Got 954392 bytes.
Awaiting simulation instructions...

Awaiting simulation instructions...

Awaiting simulation instructions...

Awaiting simulation instructions...

11 RECEIVE 1300 1449447864699 

[Reducer9]: Got 91136 bytes.
11 RECEIVE 1400 1449447878198 

[Reducer9]: Got 184232 bytes.
11 RECEIVE 1500 1449447892981 

[Reducer9]: Got 377416 bytes.
11 RECEIVE 1200 1449447908004 

[Reducer9]: Got 956616 bytes.
Awaiting simulation instructions...

Awaiting simulation instructions...

Awaiting simulation instructions...

Awaiting simulation instructions...

11 RECEIVE 1700 1449447924868 

[Reducer9]: Got 91136 bytes.
[Reducer9]: Got 185256 bytes.
11 RECEIVE 1800 1449447938585 

11 RECEIVE 1900 1449447955093 

[Reducer9]: Got 378264 bytes.
11 RECEIVE 1600 1449447968731 

[Reducer9]: Got 958312 bytes.
Awaiting simulation instructions...

Awaiting simulation instructions...

Awaiting simulation instructions...

Awaiting simulation instructions...

11 RECEIVE 2100 1449447985048 

[Reducer9]: Got 91136 bytes.
11 RECEIVE 2200 1449447999393 

[Reducer9]: Got 184232 bytes.
11 RECEIVE 2300 1449448015882 

[Reducer9]: Got 379288 bytes.
11 RECEIVE 2000 1449448028993 

[Reducer9]: Got 955416 bytes.
Awaiting simulation instructions...

Awaiting simulation instructions...

Awaiting simulation instructions...

Awaiting simulation instructions...

11 RECEIVE 2500 1449448044723 

[Reducer9]: Got 88488 bytes.
[Reducer9]: Got 185256 bytes.
11 RECEIVE 2600 1449448060045 

11 RECEIVE 2700 1449448076407 

[Reducer9]: Got 379288 bytes.
11 RECEIVE 2400 1449448089604 

[Reducer9]: Got 955416 bytes.
Awaiting simulation instructions...

Awaiting simulation instructions...

Awaiting simulation instructions...

Awaiting simulation instructions...

11 RECEIVE 2900 1449448106599 

[Reducer9]: Got 91136 bytes.
11 RECEIVE 3000 1449448120346 

[Reducer9]: Got 184232 bytes.
11 RECEIVE 3100 1449448135961 

[Reducer9]: Got 377416 bytes.
11 RECEIVE 2800 1449448149513 

[Reducer9]: Got 954568 bytes.
Awaiting simulation instructions...

Awaiting simulation instructions...

Awaiting simulation instructions...

Awaiting simulation instructions...

11 RECEIVE 3300 1449448166047 

[Reducer9]: Got 91136 bytes.
11 RECEIVE 3400 1449448179408 

[Reducer9]: Got 185256 bytes.
11 RECEIVE 3500 1449448195056 

[Reducer9]: Got 378264 bytes.
11 RECEIVE 3200 1449448208355 

[Reducer9]: Got 955416 bytes.
Awaiting simulation instructions...

Awaiting simulation instructions...

Awaiting simulation instructions...

Awaiting simulation instructions...

11 RECEIVE 3700 1449448225927 

[Reducer9]: Got 91136 bytes.
11 RECEIVE 3800 1449448238677 

[Reducer9]: Got 185256 bytes.
11 RECEIVE 3900 1449448255102 

[Reducer9]: Got 377416 bytes.
11 RECEIVE 3600 1449448268169 

[Reducer9]: Got 955592 bytes.
Awaiting simulation instructions...

Awaiting simulation instructions...

Awaiting simulation instructions...

Awaiting simulation instructions...

11 RECEIVE 4100 1449448285855 

[Reducer9]: Got 91136 bytes.
11 RECEIVE 4200 1449448299004 

[Reducer9]: Got 184232 bytes.
11 RECEIVE 4300 1449448315743 

[Reducer9]: Got 378264 bytes.
11 RECEIVE 4000 1449448329263 

[Reducer9]: Got 949464 bytes.
Slave finished all tasks and exited.
logger exit
