Awaiting simulation instructions...

Awaiting simulation instructions...

Awaiting simulation instructions...

Awaiting simulation instructions...

Awaiting simulation instructions...

2 RECEIVE 100 1449447681364 

[Reducer0]: Got 88488 bytes.
2 RECEIVE 200 1449447697480 

[Reducer0]: Got 183048 bytes.
2 RECEIVE 0 1449447724935 

[Reducer0]: Got 954408 bytes.
2 RECEIVE 300 1449447725119 

[Reducer0]: Got 381512 bytes.
Awaiting simulation instructions...

Awaiting simulation instructions...

Awaiting simulation instructions...

Awaiting simulation instructions...

2 RECEIVE 500 1449447742784 

[Reducer0]: Got 90536 bytes.
2 RECEIVE 600 1449447758320 

[Reducer0]: Got 185256 bytes.
2 RECEIVE 700 1449447775781 

[Reducer0]: Got 376392 bytes.
2 RECEIVE 400 1449447783519 

[Reducer0]: Got 957464 bytes.
Awaiting simulation instructions...

Awaiting simulation instructions...

Awaiting simulation instructions...

Awaiting simulation instructions...

2 RECEIVE 900 1449447801514 

[Reducer0]: Got 89512 bytes.
2 RECEIVE 1000 1449447817824 

[Reducer0]: Got 185080 bytes.
2 RECEIVE 1100 1449447834177 

[Reducer0]: Got 377416 bytes.
2 RECEIVE 800 1449447842229 

[Reducer0]: Got 955856 bytes.
Awaiting simulation instructions...

Awaiting simulation instructions...

Awaiting simulation instructions...

Awaiting simulation instructions...

2 RECEIVE 1300 1449447861503 

[Reducer0]: Got 90536 bytes.
2 RECEIVE 1400 1449447877766 

[Reducer0]: Got 185080 bytes.
2 RECEIVE 1500 1449447891714 

[Reducer0]: Got 375368 bytes.
2 RECEIVE 1200 1449447903210 

[Reducer0]: Got 956616 bytes.
Awaiting simulation instructions...

Awaiting simulation instructions...

Awaiting simulation instructions...

Awaiting simulation instructions...

2 RECEIVE 1700 1449447922613 

[Reducer0]: Got 89512 bytes.
2 RECEIVE 1800 1449447937679 

[Reducer0]: Got 184056 bytes.
2 RECEIVE 1900 1449447953817 

[Reducer0]: Got 374520 bytes.
2 RECEIVE 1600 1449447965055 

[Reducer0]: Got 957464 bytes.
Awaiting simulation instructions...

Awaiting simulation instructions...

Awaiting simulation instructions...

Awaiting simulation instructions...

2 RECEIVE 2100 1449447982337 

[Reducer0]: Got 89512 bytes.
2 RECEIVE 2200 1449447998543 

[Reducer0]: Got 184232 bytes.
2 RECEIVE 2300 1449448015499 

[Reducer0]: Got 379288 bytes.
2 RECEIVE 2000 1449448022485 

[Reducer0]: Got 955048 bytes.
Awaiting simulation instructions...

Awaiting simulation instructions...

Awaiting simulation instructions...

Awaiting simulation instructions...

2 RECEIVE 2500 1449448043213 

[Reducer0]: Got 89512 bytes.
2 RECEIVE 2600 1449448059408 

[Reducer0]: Got 185256 bytes.
2 RECEIVE 2700 1449448075228 

[Reducer0]: Got 375368 bytes.
2 RECEIVE 2400 1449448082108 

[Reducer0]: Got 961016 bytes.
Awaiting simulation instructions...

Awaiting simulation instructions...

Awaiting simulation instructions...

Awaiting simulation instructions...

2 RECEIVE 2900 1449448106247 

[Reducer0]: Got 91136 bytes.
2 RECEIVE 3000 1449448119740 

[Reducer0]: Got 184056 bytes.
2 RECEIVE 3100 1449448134903 

[Reducer0]: Got 375368 bytes.
2 RECEIVE 2800 1449448142824 

[Reducer0]: Got 951232 bytes.
Awaiting simulation instructions...

Awaiting simulation instructions...

Awaiting simulation instructions...

Awaiting simulation instructions...

2 RECEIVE 3300 1449448162332 

[Reducer0]: Got 88488 bytes.
2 RECEIVE 3400 1449448178331 

[Reducer0]: Got 184056 bytes.
2 RECEIVE 3500 1449448194433 

[Reducer0]: Got 377416 bytes.
2 RECEIVE 3200 1449448205350 

[Reducer0]: Got 957464 bytes.
Awaiting simulation instructions...

Awaiting simulation instructions...

Awaiting simulation instructions...

Awaiting simulation instructions...

2 RECEIVE 3700 1449448222724 

[Reducer0]: Got 89512 bytes.
2 RECEIVE 3800 1449448239273 

[Reducer0]: Got 183384 bytes.
2 RECEIVE 3900 1449448254506 

[Reducer0]: Got 376392 bytes.
2 RECEIVE 3600 1449448270405 

[Reducer0]: Got 953544 bytes.
Awaiting simulation instructions...

Awaiting simulation instructions...

Awaiting simulation instructions...

Awaiting simulation instructions...

2 RECEIVE 4100 1449448283776 

[Reducer0]: Got 91136 bytes.
[Reducer0]: Got 183384 bytes.
2 RECEIVE 4200 1449448299073 

2 RECEIVE 4300 1449448315013 

[Reducer0]: Got 377416 bytes.
2 RECEIVE 4000 1449448327071 

[Reducer0]: Got 958488 bytes.
Slave finished all tasks and exited.
logger exit
