Awaiting simulation instructions...

Awaiting simulation instructions...

Awaiting simulation instructions...

Awaiting simulation instructions...

Awaiting simulation instructions...

10 RECEIVE 100 1449447682683 

[Reducer8]: Got 89528 bytes.
10 RECEIVE 200 1449447689445 

[Reducer8]: Got 181464 bytes.
10 RECEIVE 300 1449447706935 

[Reducer8]: Got 376216 bytes.
10 RECEIVE 0 1449447728096 

[Reducer8]: Got 955168 bytes.
Awaiting simulation instructions...

Awaiting simulation instructions...

Awaiting simulation instructions...

Awaiting simulation instructions...

10 RECEIVE 500 1449447744750 

[Reducer8]: Got 91560 bytes.
10 RECEIVE 600 1449447759152 

[Reducer8]: Got 184232 bytes.
10 RECEIVE 700 1449447769403 

[Reducer8]: Got 348456 bytes.
10 RECEIVE 400 1449447786448 

[Reducer8]: Got 868712 bytes.
Awaiting simulation instructions...

Awaiting simulation instructions...

Awaiting simulation instructions...

Awaiting simulation instructions...

10 RECEIVE 900 1449447805358 

[Reducer8]: Got 91136 bytes.
10 RECEIVE 1000 1449447818813 

[Reducer8]: Got 185256 bytes.
10 RECEIVE 1100 1449447834802 

[Reducer8]: Got 377416 bytes.
10 RECEIVE 800 1449447847895 

[Reducer8]: Got 953544 bytes.
Awaiting simulation instructions...

Awaiting simulation instructions...

Awaiting simulation instructions...

Awaiting simulation instructions...

10 RECEIVE 1400 1449447864680 

[Reducer8]: Got 90112 bytes.
10 RECEIVE 1300 1449447864809 

[Reducer8]: Got 90112 bytes.
10 RECEIVE 1500 1449447892030 

[Reducer8]: Got 377416 bytes.
10 RECEIVE 1200 1449447908430 

[Reducer8]: Got 954568 bytes.
Awaiting simulation instructions...

Awaiting simulation instructions...

Awaiting simulation instructions...

Awaiting simulation instructions...

10 RECEIVE 1700 1449447923010 

[Reducer8]: Got 91136 bytes.
10 RECEIVE 1800 1449447938364 

[Reducer8]: Got 185256 bytes.
10 RECEIVE 1900 1449447954949 

[Reducer8]: Got 377416 bytes.
10 RECEIVE 1600 1449447968673 

[Reducer8]: Got 954568 bytes.
Awaiting simulation instructions...

Awaiting simulation instructions...

Awaiting simulation instructions...

Awaiting simulation instructions...

10 RECEIVE 2100 1449447985303 

[Reducer8]: Got 91136 bytes.
10 RECEIVE 2200 1449447999043 

[Reducer8]: Got 184232 bytes.
10 RECEIVE 2300 1449448015450 

[Reducer8]: Got 378264 bytes.
10 RECEIVE 2000 1449448028789 

[Reducer8]: Got 953544 bytes.
Awaiting simulation instructions...

Awaiting simulation instructions...

Awaiting simulation instructions...

Awaiting simulation instructions...

10 RECEIVE 2500 1449448043404 

[Reducer8]: Got 89512 bytes.
10 RECEIVE 2600 1449448060142 

[Reducer8]: Got 184232 bytes.
10 RECEIVE 2700 1449448075977 

[Reducer8]: Got 376392 bytes.
10 RECEIVE 2400 1449448089342 

[Reducer8]: Got 955416 bytes.
Awaiting simulation instructions...

Awaiting simulation instructions...

Awaiting simulation instructions...

Awaiting simulation instructions...

10 RECEIVE 2900 1449448105742 

[Reducer8]: Got 91136 bytes.
10 RECEIVE 3000 1449448120482 

[Reducer8]: Got 184232 bytes.
10 RECEIVE 3100 1449448135837 

[Reducer8]: Got 379288 bytes.
10 RECEIVE 2800 1449448149173 

[Reducer8]: Got 956616 bytes.
Awaiting simulation instructions...

Awaiting simulation instructions...

Awaiting simulation instructions...

Awaiting simulation instructions...

10 RECEIVE 3300 1449448165501 

[Reducer8]: Got 91136 bytes.
10 RECEIVE 3400 1449448179163 

[Reducer8]: Got 184232 bytes.
10 RECEIVE 3500 1449448194721 

[Reducer8]: Got 376392 bytes.
10 RECEIVE 3200 1449448208238 

[Reducer8]: Got 957288 bytes.
Awaiting simulation instructions...

Awaiting simulation instructions...

Awaiting simulation instructions...

Awaiting simulation instructions...

10 RECEIVE 3700 1449448225699 

[Reducer8]: Got 91136 bytes.
10 RECEIVE 3800 1449448238609 

[Reducer8]: Got 184232 bytes.
10 RECEIVE 3900 1449448255554 

[Reducer8]: Got 378264 bytes.
10 RECEIVE 3600 1449448268324 

[Reducer8]: Got 956440 bytes.
Awaiting simulation instructions...

Awaiting simulation instructions...

Awaiting simulation instructions...

Awaiting simulation instructions...

10 RECEIVE 4100 1449448284600 

[Reducer8]: Got 91136 bytes.
10 RECEIVE 4200 1449448298163 

[Reducer8]: Got 183208 bytes.
10 RECEIVE 4300 1449448315627 

[Reducer8]: Got 378264 bytes.
10 RECEIVE 4000 1449448328952 

[Reducer8]: Got 953544 bytes.
Slave finished all tasks and exited.
logger exit
