Awaiting simulation instructions...

Awaiting simulation instructions...

Awaiting simulation instructions...

Awaiting simulation instructions...

Awaiting simulation instructions...

6 RECEIVE 100 1449447679349 

[Reducer4]: Got 88504 bytes.
6 RECEIVE 200 1449447694934 

[Reducer4]: Got 184056 bytes.
6 RECEIVE 300 1449447705821 

[Reducer4]: Got 376056 bytes.
6 RECEIVE 0 1449447727843 

[Reducer4]: Got 957040 bytes.
Awaiting simulation instructions...

Awaiting simulation instructions...

Awaiting simulation instructions...

Awaiting simulation instructions...

6 RECEIVE 500 1449447741869 

[Reducer4]: Got 90536 bytes.
6 RECEIVE 600 1449447758935 

[Reducer4]: Got 183384 bytes.
6 RECEIVE 700 1449447775264 

[Reducer4]: Got 376392 bytes.
6 RECEIVE 400 1449447785962 

[Reducer4]: Got 956616 bytes.
Awaiting simulation instructions...

Awaiting simulation instructions...

Awaiting simulation instructions...

Awaiting simulation instructions...

6 RECEIVE 900 1449447802735 

[Reducer4]: Got 88488 bytes.
6 RECEIVE 1000 1449447818667 

[Reducer4]: Got 184232 bytes.
6 RECEIVE 1100 1449447834763 

[Reducer4]: Got 378264 bytes.
6 RECEIVE 800 1449447843291 

[Reducer4]: Got 958552 bytes.
Awaiting simulation instructions...

Awaiting simulation instructions...

Awaiting simulation instructions...

Awaiting simulation instructions...

6 RECEIVE 1300 1449447864136 

[Reducer4]: Got 91136 bytes.
6 RECEIVE 1400 1449447878325 

[Reducer4]: Got 186280 bytes.
6 RECEIVE 1500 1449447891867 

[Reducer4]: Got 373496 bytes.
6 RECEIVE 1200 1449447907471 

[Reducer4]: Got 954568 bytes.
Awaiting simulation instructions...

Awaiting simulation instructions...

Awaiting simulation instructions...

Awaiting simulation instructions...

6 RECEIVE 1700 1449447924892 

[Reducer4]: Got 90112 bytes.
6 RECEIVE 1800 1449447937836 

[Reducer4]: Got 184232 bytes.
6 RECEIVE 1900 1449447954306 

[Reducer4]: Got 377416 bytes.
6 RECEIVE 1600 1449447968798 

[Reducer4]: Got 958312 bytes.
Awaiting simulation instructions...

Awaiting simulation instructions...

Awaiting simulation instructions...

Awaiting simulation instructions...

6 RECEIVE 2100 1449447983828 

[Reducer4]: Got 90112 bytes.
[Reducer4]: Got 183808 bytes.
6 RECEIVE 2200 1449447998399 

6 RECEIVE 2300 1449448017594 

[Reducer4]: Got 376392 bytes.
6 RECEIVE 2000 1449448023831 

[Reducer4]: Got 958824 bytes.
Awaiting simulation instructions...

Awaiting simulation instructions...

Awaiting simulation instructions...

Awaiting simulation instructions...

6 RECEIVE 2500 1449448044201 

[Reducer4]: Got 89512 bytes.
6 RECEIVE 2600 1449448059866 

[Reducer4]: Got 185256 bytes.
6 RECEIVE 2700 1449448075669 

[Reducer4]: Got 377416 bytes.
6 RECEIVE 2400 1449448088780 

[Reducer4]: Got 956616 bytes.
Awaiting simulation instructions...

Awaiting simulation instructions...

Awaiting simulation instructions...

Awaiting simulation instructions...

6 RECEIVE 2900 1449448104282 

[Reducer4]: Got 89512 bytes.
6 RECEIVE 3000 1449448120739 

[Reducer4]: Got 183384 bytes.
6 RECEIVE 3100 1449448135307 

[Reducer4]: Got 378264 bytes.
6 RECEIVE 2800 1449448147805 

[Reducer4]: Got 956440 bytes.
Awaiting simulation instructions...

Awaiting simulation instructions...

Awaiting simulation instructions...

Awaiting simulation instructions...

6 RECEIVE 3300 1449448163428 

[Reducer4]: Got 89512 bytes.
[Reducer4]: Got 185080 bytes.
6 RECEIVE 3400 1449448178566 

6 RECEIVE 3500 1449448194567 

[Reducer4]: Got 373496 bytes.
6 RECEIVE 3200 1449448209471 

[Reducer4]: Got 956616 bytes.
Awaiting simulation instructions...

Awaiting simulation instructions...

Awaiting simulation instructions...

Awaiting simulation instructions...

6 RECEIVE 3700 1449448223336 

[Reducer4]: Got 89512 bytes.
6 RECEIVE 3800 1449448239126 

[Reducer4]: Got 183384 bytes.
[Reducer4]: Got 372472 bytes.
6 RECEIVE 3900 1449448254652 

6 RECEIVE 3600 1449448269785 

[Reducer4]: Got 957464 bytes.
Awaiting simulation instructions...

Awaiting simulation instructions...

Awaiting simulation instructions...

Awaiting simulation instructions...

6 RECEIVE 4100 1449448284505 

[Reducer4]: Got 91136 bytes.
6 RECEIVE 4200 1449448298653 

[Reducer4]: Got 184232 bytes.
6 RECEIVE 4300 1449448315156 

[Reducer4]: Got 375368 bytes.
6 RECEIVE 4000 1449448329901 

[Reducer4]: Got 954392 bytes.
Slave finished all tasks and exited.
logger exit
