11 RECEIVE 100 1449453614848 
11 RECEIVE 0 1449453644963 
11 RECEIVE 300 1449453659794 
11 RECEIVE 200 1449453685997 
11 RECEIVE 500 1449453700961 
11 RECEIVE 400 1449453725225 
11 RECEIVE 700 1449453740908 
11 RECEIVE 600 1449453766081 
11 RECEIVE 900 1449453779198 
11 RECEIVE 800 1449453803427 
11 RECEIVE 1100 1449453821265 
11 RECEIVE 1000 1449453847098 
11 RECEIVE 1300 1449453861403 
11 RECEIVE 1200 1449453886237 
11 RECEIVE 1500 1449453900949 
11 RECEIVE 1400 1449453920656 
11 RECEIVE 1700 1449453940172 
11 RECEIVE 1600 1449453967708 
11 RECEIVE 1900 1449453980837 
11 RECEIVE 1800 1449454006838 
11 RECEIVE 2100 1449454022436 
11 RECEIVE 2000 1449454047589 
