6 RECEIVE 100 1449453613434 
6 RECEIVE 0 1449453646187 
6 RECEIVE 300 1449453659776 
6 RECEIVE 200 1449453685881 
6 RECEIVE 500 1449453700507 
6 RECEIVE 400 1449453726286 
6 RECEIVE 700 1449453740522 
6 RECEIVE 600 1449453763245 
6 RECEIVE 900 1449453778890 
6 RECEIVE 800 1449453805589 
6 RECEIVE 1100 1449453821428 
6 RECEIVE 1000 1449453845629 
6 RECEIVE 1300 1449453860843 
6 RECEIVE 1200 1449453887496 
6 RECEIVE 1500 1449453900059 
6 RECEIVE 1400 1449453927600 
6 RECEIVE 1700 1449453939760 
6 RECEIVE 1600 1449453966748 
6 RECEIVE 1900 1449453979910 
6 RECEIVE 1800 1449454007478 
6 RECEIVE 2100 1449454022382 
6 RECEIVE 2000 1449454045014 
