9 RECEIVE 100 1449453615648 
9 RECEIVE 0 1449453645215 
9 RECEIVE 300 1449453659847 
9 RECEIVE 200 1449453683105 
9 RECEIVE 500 1449453700859 
9 RECEIVE 400 1449453726475 
9 RECEIVE 700 1449453740745 
9 RECEIVE 600 1449453765533 
9 RECEIVE 900 1449453779914 
9 RECEIVE 800 1449453806005 
9 RECEIVE 1100 1449453821591 
9 RECEIVE 1000 1449453845237 
9 RECEIVE 1300 1449453861166 
9 RECEIVE 1200 1449453883334 
9 RECEIVE 1500 1449453900493 
9 RECEIVE 1400 1449453926650 
9 RECEIVE 1700 1449453940427 
9 RECEIVE 1600 1449453963907 
9 RECEIVE 1900 1449453980696 
9 RECEIVE 1800 1449454007158 
9 RECEIVE 2100 1449454022346 
9 RECEIVE 2000 1449454044297 
