10 RECEIVE 100 1449453615783 
10 RECEIVE 0 1449453646488 
10 RECEIVE 300 1449453659442 
10 RECEIVE 200 1449453685968 
10 RECEIVE 500 1449453700915 
10 RECEIVE 400 1449453724363 
10 RECEIVE 700 1449453740983 
10 RECEIVE 600 1449453765945 
10 RECEIVE 900 1449453779782 
10 RECEIVE 800 1449453805540 
10 RECEIVE 1100 1449453821248 
10 RECEIVE 1000 1449453847430 
10 RECEIVE 1300 1449453861386 
10 RECEIVE 1200 1449453886837 
10 RECEIVE 1500 1449453900673 
10 RECEIVE 1400 1449453926980 
10 RECEIVE 1700 1449453940097 
10 RECEIVE 1600 1449453965865 
10 RECEIVE 1900 1449453980131 
10 RECEIVE 1800 1449454006458 
10 RECEIVE 2100 1449454021420 
10 RECEIVE 2000 1449454047296 
