8 RECEIVE 100 1449453614209 
8 RECEIVE 0 1449453644527 
8 RECEIVE 300 1449453659759 
8 RECEIVE 200 1449453683144 
8 RECEIVE 500 1449453700813 
8 RECEIVE 400 1449453726209 
8 RECEIVE 700 1449453740701 
8 RECEIVE 600 1449453767166 
8 RECEIVE 900 1449453780008 
8 RECEIVE 800 1449453803747 
8 RECEIVE 1100 1449453820048 
8 RECEIVE 1000 1449453844147 
8 RECEIVE 1300 1449453861071 
8 RECEIVE 1200 1449453883169 
8 RECEIVE 1500 1449453900530 
8 RECEIVE 1400 1449453924101 
8 RECEIVE 1700 1449453940361 
8 RECEIVE 1600 1449453963605 
8 RECEIVE 1900 1449453980864 
8 RECEIVE 1800 1449454001305 
8 RECEIVE 2100 1449454022471 
8 RECEIVE 2000 1449454044035 
