2 RECEIVE 100 1449453614519 
2 RECEIVE 0 1449453646621 
2 RECEIVE 300 1449453658499 
2 RECEIVE 200 1449453679450 
2 RECEIVE 500 1449453699756 
2 RECEIVE 400 1449453722880 
2 RECEIVE 700 1449453739625 
2 RECEIVE 600 1449453760724 
2 RECEIVE 900 1449453780161 
2 RECEIVE 800 1449453799956 
2 RECEIVE 1100 1449453820230 
2 RECEIVE 1000 1449453841442 
2 RECEIVE 1300 1449453860777 
2 RECEIVE 1200 1449453880967 
2 RECEIVE 1500 1449453899283 
2 RECEIVE 1400 1449453924422 
2 RECEIVE 1700 1449453940483 
2 RECEIVE 1600 1449453963275 
2 RECEIVE 1900 1449453980563 
2 RECEIVE 1800 1449454004730 
2 RECEIVE 2100 1449454022419 
2 RECEIVE 2000 1449454044685 
