1 SEND 0 1449453609375 
1 SEND 0 1449453609375 
1 SEND 0 1449453609376 
1 SEND 100 1449453609375 
1 SEND 0 1449453609376 
1 SEND 100 1449453609375 
1 SEND 100 1449453609376 
1 SEND 100 1449453609379 
1 SEND 100 1449453609379 
1 SEND 0 1449453609379 
1 SEND 0 1449453609379 
1 SEND 100 1449453609380 
1 SEND 0 1449453609380 
1 SEND 0 1449453609381 
1 SEND 100 1449453609381 
1 SEND 0 1449453609381 
1 SEND 0 1449453609382 
1 SEND 100 1449453609382 
1 SEND 100 1449453609383 
1 SEND 100 1449453609386 
1 SEND 200 1449453649404 
1 SEND 200 1449453649407 
1 SEND 200 1449453649407 
1 SEND 200 1449453649407 
1 SEND 200 1449453649409 
1 SEND 200 1449453649409 
1 SEND 200 1449453649410 
1 SEND 200 1449453649410 
1 SEND 200 1449453649412 
1 SEND 200 1449453649412 
1 SEND 300 1449453650441 
1 SEND 300 1449453650441 
1 SEND 300 1449453650441 
1 SEND 300 1449453650450 
1 SEND 300 1449453650452 
1 SEND 300 1449453650454 
1 SEND 300 1449453650454 
1 SEND 300 1449453650454 
1 SEND 300 1449453650454 
1 SEND 300 1449453650456 
1 SEND 400 1449453689551 
1 SEND 400 1449453689552 
1 SEND 400 1449453689552 
1 SEND 400 1449453689552 
1 SEND 400 1449453689555 
1 SEND 400 1449453689555 
1 SEND 400 1449453689555 
1 SEND 400 1449453689555 
1 SEND 400 1449453689555 
1 SEND 400 1449453689556 
1 SEND 500 1449453690795 
1 SEND 500 1449453690795 
1 SEND 500 1449453690798 
1 SEND 500 1449453690798 
1 SEND 500 1449453690798 
1 SEND 500 1449453690798 
1 SEND 500 1449453690798 
1 SEND 500 1449453690800 
1 SEND 500 1449453690800 
1 SEND 500 1449453690809 
1 SEND 600 1449453729665 
1 SEND 600 1449453729667 
1 SEND 600 1449453729669 
1 SEND 600 1449453729669 
1 SEND 600 1449453729669 
1 SEND 600 1449453729670 
1 SEND 600 1449453729779 
1 SEND 600 1449453729779 
1 SEND 600 1449453729780 
1 SEND 600 1449453730481 
1 SEND 700 1449453730981 
1 SEND 700 1449453730981 
1 SEND 700 1449453730983 
1 SEND 700 1449453730983 
1 SEND 700 1449453730983 
1 SEND 700 1449453730983 
1 SEND 700 1449453730983 
1 SEND 700 1449453730983 
1 SEND 700 1449453730985 
1 SEND 700 1449453730988 
1 SEND 800 1449453769787 
1 SEND 800 1449453769790 
1 SEND 800 1449453769791 
1 SEND 800 1449453769792 
1 SEND 800 1449453769792 
1 SEND 800 1449453769792 
1 SEND 800 1449453769792 
1 SEND 800 1449453769792 
1 SEND 800 1449453769792 
1 SEND 900 1449453771144 
1 SEND 900 1449453771144 
1 SEND 900 1449453771144 
1 SEND 900 1449453771145 
1 SEND 900 1449453771145 
1 SEND 900 1449453771146 
1 SEND 900 1449453771146 
1 SEND 900 1449453771146 
1 SEND 900 1449453771146 
1 SEND 900 1449453771153 
1 SEND 800 1449453772157 
1 SEND 1000 1449453809892 
1 SEND 1000 1449453809892 
1 SEND 1000 1449453809894 
1 SEND 1000 1449453809894 
1 SEND 1000 1449453809895 
1 SEND 1000 1449453809896 
1 SEND 1000 1449453809896 
1 SEND 1000 1449453809897 
1 SEND 1000 1449453810217 
1 SEND 1000 1449453810274 
1 SEND 1100 1449453811320 
1 SEND 1100 1449453811320 
1 SEND 1100 1449453811337 
1 SEND 1100 1449453811376 
1 SEND 1100 1449453811376 
1 SEND 1100 1449453811376 
1 SEND 1100 1449453811376 
1 SEND 1100 1449453811376 
1 SEND 1100 1449453811376 
1 SEND 1100 1449453811380 
1 SEND 1200 1449453849995 
1 SEND 1200 1449453849996 
1 SEND 1200 1449453850001 
1 SEND 1200 1449453850001 
1 SEND 1200 1449453850001 
1 SEND 1200 1449453850042 
1 SEND 1200 1449453850091 
1 SEND 1200 1449453850091 
1 SEND 1200 1449453850224 
1 SEND 1200 1449453850252 
1 SEND 1300 1449453851212 
1 SEND 1300 1449453851212 
1 SEND 1300 1449453851215 
1 SEND 1300 1449453851215 
1 SEND 1300 1449453851215 
1 SEND 1300 1449453851215 
1 SEND 1300 1449453851216 
1 SEND 1300 1449453851216 
1 SEND 1300 1449453851217 
1 SEND 1300 1449453851221 
1 SEND 1400 1449453890097 
1 SEND 1400 1449453890098 
1 SEND 1400 1449453890099 
1 SEND 1400 1449453890099 
1 SEND 1400 1449453890099 
1 SEND 1400 1449453890099 
1 SEND 1400 1449453890381 
1 SEND 1400 1449453890401 
1 SEND 1400 1449453890403 
1 SEND 1400 1449453890403 
1 SEND 1500 1449453891456 
1 SEND 1500 1449453891458 
1 SEND 1500 1449453891458 
1 SEND 1500 1449453891459 
1 SEND 1500 1449453891460 
1 SEND 1500 1449453891461 
1 SEND 1500 1449453891461 
1 SEND 1500 1449453891461 
1 SEND 1500 1449453891461 
1 SEND 1500 1449453891470 
1 SEND 1600 1449453930197 
1 SEND 1600 1449453930197 
1 SEND 1600 1449453930199 
1 SEND 1600 1449453930199 
1 SEND 1600 1449453930202 
1 SEND 1600 1449453930395 
1 SEND 1600 1449453930400 
1 SEND 1600 1449453930406 
1 SEND 1600 1449453930406 
1 SEND 1600 1449453930406 
1 SEND 1700 1449453931437 
1 SEND 1700 1449453931439 
1 SEND 1700 1449453931439 
1 SEND 1700 1449453931441 
1 SEND 1700 1449453931441 
1 SEND 1700 1449453931441 
1 SEND 1700 1449453931441 
1 SEND 1700 1449453931443 
1 SEND 1700 1449453931443 
1 SEND 1700 1449453931443 
1 SEND 1800 1449453970290 
1 SEND 1800 1449453970290 
1 SEND 1800 1449453970292 
1 SEND 1800 1449453970292 
1 SEND 1800 1449453970292 
1 SEND 1800 1449453970404 
1 SEND 1800 1449453970546 
1 SEND 1800 1449453970547 
1 SEND 1800 1449453970547 
1 SEND 1800 1449453970547 
1 SEND 1900 1449453971536 
1 SEND 1900 1449453971538 
1 SEND 1900 1449453971538 
1 SEND 1900 1449453971538 
1 SEND 1900 1449453971538 
1 SEND 1900 1449453971538 
1 SEND 1900 1449453971539 
1 SEND 1900 1449453971539 
1 SEND 1900 1449453971540 
1 SEND 1900 1449453971540 
1 SEND 2000 1449454010395 
1 SEND 2000 1449454010395 
1 SEND 2000 1449454010396 
1 SEND 2000 1449454010396 
1 SEND 2000 1449454010396 
1 SEND 2000 1449454010396 
1 SEND 2000 1449454010396 
1 SEND 2000 1449454010508 
1 SEND 2000 1449454010509 
1 SEND 2000 1449454010745 
1 SEND 2100 1449454011770 
1 SEND 2100 1449454011770 
1 SEND 2100 1449454011770 
1 SEND 2100 1449454011770 
1 SEND 2100 1449454011771 
1 SEND 2100 1449454011772 
1 SEND 2100 1449454011772 
1 SEND 2100 1449454011772 
1 SEND 2100 1449454011772 
1 SEND 2100 1449454011776 
