Awaiting simulation instructions...

Awaiting simulation instructions...

Awaiting simulation instructions...

5 RECEIVE 100 1449458056972 

[Reducer3]: Got 88488 bytes.
5 RECEIVE 0 1449458089377 

[Reducer3]: Got 957304 bytes.
Awaiting simulation instructions...

Awaiting simulation instructions...

5 RECEIVE 300 1449458101897 

[Reducer3]: Got 91560 bytes.
5 RECEIVE 200 1449458128482 

[Reducer3]: Got 957584 bytes.
Awaiting simulation instructions...

Awaiting simulation instructions...

5 RECEIVE 500 1449458142390 

[Reducer3]: Got 91560 bytes.
5 RECEIVE 400 1449458168092 

[Reducer3]: Got 958312 bytes.
Awaiting simulation instructions...

Awaiting simulation instructions...

5 RECEIVE 700 1449458182546 

[Reducer3]: Got 91560 bytes.
5 RECEIVE 600 1449458204797 

[Reducer3]: Got 959576 bytes.
Awaiting simulation instructions...

Awaiting simulation instructions...

5 RECEIVE 900 1449458223035 

[Reducer3]: Got 91136 bytes.
5 RECEIVE 800 1449458244983 

[Reducer3]: Got 959672 bytes.
Awaiting simulation instructions...

Awaiting simulation instructions...

5 RECEIVE 1100 1449458264107 

[Reducer3]: Got 91136 bytes.
5 RECEIVE 1000 1449458284032 

[Reducer3]: Got 956000 bytes.
Awaiting simulation instructions...

Awaiting simulation instructions...

5 RECEIVE 1300 1449458302770 

[Reducer3]: Got 91560 bytes.
5 RECEIVE 1200 1449458329864 

[Reducer3]: Got 958152 bytes.
Awaiting simulation instructions...

Awaiting simulation instructions...

5 RECEIVE 1500 1449458344302 

[Reducer3]: Got 91136 bytes.
5 RECEIVE 1400 1449458364433 

[Reducer3]: Got 958152 bytes.
Awaiting simulation instructions...

Awaiting simulation instructions...

5 RECEIVE 1700 1449458383015 

[Reducer3]: Got 91560 bytes.
5 RECEIVE 1600 1449458409296 

[Reducer3]: Got 958488 bytes.
Awaiting simulation instructions...

Awaiting simulation instructions...

5 RECEIVE 1900 1449458422881 

[Reducer3]: Got 91560 bytes.
5 RECEIVE 1800 1449458444113 

[Reducer3]: Got 957624 bytes.
Awaiting simulation instructions...

Awaiting simulation instructions...

5 RECEIVE 2100 1449458463126 

[Reducer3]: Got 91560 bytes.
5 RECEIVE 2000 1449458486911 

[Reducer3]: Got 957304 bytes.
Slave finished all tasks and exited.
logger exit
