Awaiting simulation instructions...

Awaiting simulation instructions...

Awaiting simulation instructions...

4 RECEIVE 100 1449458058864 

[Reducer2]: Got 88504 bytes.
4 RECEIVE 0 1449458088156 

[Reducer2]: Got 960200 bytes.
Awaiting simulation instructions...

Awaiting simulation instructions...

4 RECEIVE 300 1449458101417 

[Reducer2]: Got 91560 bytes.
4 RECEIVE 200 1449458127172 

[Reducer2]: Got 959032 bytes.
Awaiting simulation instructions...

Awaiting simulation instructions...

4 RECEIVE 500 1449458141988 

[Reducer2]: Got 91560 bytes.
4 RECEIVE 400 1449458165901 

[Reducer2]: Got 959632 bytes.
Awaiting simulation instructions...

Awaiting simulation instructions...

4 RECEIVE 700 1449458182481 

[Reducer2]: Got 91560 bytes.
4 RECEIVE 600 1449458204457 

[Reducer2]: Got 957448 bytes.
Awaiting simulation instructions...

Awaiting simulation instructions...

4 RECEIVE 900 1449458222683 

[Reducer2]: Got 90536 bytes.
4 RECEIVE 800 1449458244615 

[Reducer2]: Got 959672 bytes.
Awaiting simulation instructions...

Awaiting simulation instructions...

4 RECEIVE 1100 1449458263688 

[Reducer2]: Got 91136 bytes.
4 RECEIVE 1000 1449458287200 

[Reducer2]: Got 958488 bytes.
Awaiting simulation instructions...

Awaiting simulation instructions...

4 RECEIVE 1300 1449458302753 

[Reducer2]: Got 91560 bytes.
4 RECEIVE 1200 1449458329544 

[Reducer2]: Got 958152 bytes.
Awaiting simulation instructions...

Awaiting simulation instructions...

4 RECEIVE 1500 1449458343788 

[Reducer2]: Got 91560 bytes.
4 RECEIVE 1400 1449458364112 

[Reducer2]: Got 958152 bytes.
Awaiting simulation instructions...

Awaiting simulation instructions...

4 RECEIVE 1700 1449458382930 

[Reducer2]: Got 91560 bytes.
4 RECEIVE 1600 1449458408976 

[Reducer2]: Got 958312 bytes.
Awaiting simulation instructions...

Awaiting simulation instructions...

4 RECEIVE 1900 1449458424057 

[Reducer2]: Got 91136 bytes.
4 RECEIVE 1800 1449458443754 

[Reducer2]: Got 956000 bytes.
Awaiting simulation instructions...

Awaiting simulation instructions...

4 RECEIVE 2100 1449458462915 

[Reducer2]: Got 91560 bytes.
4 RECEIVE 2000 1449458490103 

[Reducer2]: Got 958488 bytes.
Slave finished all tasks and exited.
logger exit
