Awaiting simulation instructions...

Awaiting simulation instructions...

Awaiting simulation instructions...

6 RECEIVE 100 1449458057994 

[Reducer4]: Got 89352 bytes.
6 RECEIVE 0 1449458087923 

[Reducer4]: Got 956440 bytes.
Awaiting simulation instructions...

Awaiting simulation instructions...

6 RECEIVE 300 1449458101980 

[Reducer4]: Got 91560 bytes.
6 RECEIVE 200 1449458129737 

[Reducer4]: Got 958152 bytes.
Awaiting simulation instructions...

Awaiting simulation instructions...

6 RECEIVE 500 1449458141932 

[Reducer4]: Got 91560 bytes.
6 RECEIVE 400 1449458168615 

[Reducer4]: Got 958312 bytes.
Awaiting simulation instructions...

Awaiting simulation instructions...

6 RECEIVE 700 1449458183652 

[Reducer4]: Got 91136 bytes.
6 RECEIVE 600 1449458208685 

[Reducer4]: Got 957304 bytes.
Awaiting simulation instructions...

Awaiting simulation instructions...

6 RECEIVE 900 1449458224058 

[Reducer4]: Got 91136 bytes.
6 RECEIVE 800 1449458249137 

[Reducer4]: Got 958312 bytes.
Awaiting simulation instructions...

Awaiting simulation instructions...

6 RECEIVE 1100 1449458263925 

[Reducer4]: Got 91136 bytes.
6 RECEIVE 1000 1449458290559 

[Reducer4]: Got 958488 bytes.
Awaiting simulation instructions...

Awaiting simulation instructions...

6 RECEIVE 1300 1449458303233 

[Reducer4]: Got 91560 bytes.
6 RECEIVE 1200 1449458330169 

[Reducer4]: Got 958152 bytes.
Awaiting simulation instructions...

Awaiting simulation instructions...

6 RECEIVE 1500 1449458342961 

[Reducer4]: Got 91560 bytes.
6 RECEIVE 1400 1449458368931 

[Reducer4]: Got 957304 bytes.
Awaiting simulation instructions...

Awaiting simulation instructions...

6 RECEIVE 1700 1449458384500 

[Reducer4]: Got 91136 bytes.
6 RECEIVE 1600 1449458410643 

[Reducer4]: Got 957304 bytes.
Awaiting simulation instructions...

Awaiting simulation instructions...

6 RECEIVE 1900 1449458423837 

[Reducer4]: Got 91560 bytes.
6 RECEIVE 1800 1449458450341 

[Reducer4]: Got 958488 bytes.
Awaiting simulation instructions...

Awaiting simulation instructions...

6 RECEIVE 2100 1449458463402 

[Reducer4]: Got 91560 bytes.
6 RECEIVE 2000 1449458490423 

[Reducer4]: Got 958488 bytes.
Slave finished all tasks and exited.
logger exit
