2 RECEIVE 100 1449454808107 
2 RECEIVE 0 1449454837813 
2 RECEIVE 300 1449454852765 
2 RECEIVE 200 1449454872472 
2 RECEIVE 500 1449454892910 
2 RECEIVE 400 1449454915848 
2 RECEIVE 700 1449454933244 
2 RECEIVE 600 1449454954390 
2 RECEIVE 900 1449454974314 
2 RECEIVE 800 1449454994967 
2 RECEIVE 1100 1449455013682 
2 RECEIVE 1000 1449455036592 
2 RECEIVE 1300 1449455053246 
2 RECEIVE 1200 1449455078445 
2 RECEIVE 1500 1449455093221 
2 RECEIVE 1400 1449455117863 
2 RECEIVE 1700 1449455136213 
2 RECEIVE 1600 1449455156303 
2 RECEIVE 1900 1449455172979 
2 RECEIVE 1800 1449455197296 
2 RECEIVE 2100 1449455215041 
2 RECEIVE 2000 1449455233413 
