4 RECEIVE 100 1449454809507 
4 RECEIVE 0 1449454838579 
4 RECEIVE 300 1449454852410 
4 RECEIVE 200 1449454879426 
4 RECEIVE 500 1449454893816 
4 RECEIVE 400 1449454916296 
4 RECEIVE 700 1449454934108 
4 RECEIVE 600 1449454955069 
4 RECEIVE 900 1449454973276 
4 RECEIVE 800 1449454995346 
4 RECEIVE 1100 1449455012196 
4 RECEIVE 1000 1449455037319 
4 RECEIVE 1300 1449455054073 
4 RECEIVE 1200 1449455079231 
4 RECEIVE 1500 1449455094480 
4 RECEIVE 1400 1449455117233 
4 RECEIVE 1700 1449455134826 
4 RECEIVE 1600 1449455156962 
4 RECEIVE 1900 1449455172962 
4 RECEIVE 1800 1449455198003 
4 RECEIVE 2100 1449455214049 
4 RECEIVE 2000 1449455238566 
