10 RECEIVE 100 1449454809932 
10 RECEIVE 0 1449454841204 
10 RECEIVE 300 1449454853529 
10 RECEIVE 200 1449454880661 
10 RECEIVE 500 1449454894464 
10 RECEIVE 400 1449454920432 
10 RECEIVE 700 1449454934654 
10 RECEIVE 600 1449454960260 
10 RECEIVE 900 1449454974755 
10 RECEIVE 800 1449454999708 
10 RECEIVE 1100 1449455013646 
10 RECEIVE 1000 1449455040500 
10 RECEIVE 1300 1449455053757 
10 RECEIVE 1200 1449455080574 
10 RECEIVE 1500 1449455093895 
10 RECEIVE 1400 1449455113772 
10 RECEIVE 1700 1449455135645 
10 RECEIVE 1600 1449455161170 
10 RECEIVE 1900 1449455173939 
10 RECEIVE 1800 1449455200934 
10 RECEIVE 2100 1449455214583 
10 RECEIVE 2000 1449455241370 
