8 RECEIVE 100 1449454809600 
8 RECEIVE 0 1449454839529 
8 RECEIVE 300 1449454853573 
8 RECEIVE 200 1449454878970 
8 RECEIVE 500 1449454894083 
8 RECEIVE 400 1449454919419 
8 RECEIVE 700 1449454933974 
8 RECEIVE 600 1449454960648 
8 RECEIVE 900 1449454973458 
8 RECEIVE 800 1449455000687 
8 RECEIVE 1100 1449455012732 
8 RECEIVE 1000 1449455040966 
8 RECEIVE 1300 1449455054846 
8 RECEIVE 1200 1449455079585 
8 RECEIVE 1500 1449455094019 
8 RECEIVE 1400 1449455120472 
8 RECEIVE 1700 1449455135941 
8 RECEIVE 1600 1449455160821 
8 RECEIVE 1900 1449455173847 
8 RECEIVE 1800 1449455199642 
8 RECEIVE 2100 1449455214891 
8 RECEIVE 2000 1449455241690 
