3 RECEIVE 100 1449454807783 
3 RECEIVE 0 1449454840060 
3 RECEIVE 300 1449454852792 
3 RECEIVE 200 1449454878864 
3 RECEIVE 500 1449454893111 
3 RECEIVE 400 1449454915615 
3 RECEIVE 700 1449454933300 
3 RECEIVE 600 1449454957832 
3 RECEIVE 900 1449454974134 
3 RECEIVE 800 1449454999069 
3 RECEIVE 1100 1449455012378 
3 RECEIVE 1000 1449455038579 
3 RECEIVE 1300 1449455054864 
3 RECEIVE 1200 1449455078086 
3 RECEIVE 1500 1449455094128 
3 RECEIVE 1400 1449455117543 
3 RECEIVE 1700 1449455135628 
3 RECEIVE 1600 1449455155925 
3 RECEIVE 1900 1449455172819 
3 RECEIVE 1800 1449455196995 
3 RECEIVE 2100 1449455213365 
3 RECEIVE 2000 1449455234790 
