Awaiting simulation instructions...

Awaiting simulation instructions...

Awaiting simulation instructions...

11 RECEIVE 100 1449531971572 

[Reducer9]: Got 184072 bytes.
11 RECEIVE 0 1449532000098 

[Reducer9]: Got 958064 bytes.
Awaiting simulation instructions...

Awaiting simulation instructions...

11 RECEIVE 300 1449532028806 

[Reducer9]: Got 186280 bytes.
11 RECEIVE 200 1449532049600 

[Reducer9]: Got 956280 bytes.
Awaiting simulation instructions...

Awaiting simulation instructions...

11 RECEIVE 500 1449532080153 

[Reducer9]: Got 186280 bytes.
11 RECEIVE 400 1449532098525 

[Reducer9]: Got 956280 bytes.
Awaiting simulation instructions...

Awaiting simulation instructions...

11 RECEIVE 700 1449532129492 

[Reducer9]: Got 186280 bytes.
11 RECEIVE 600 1449532149010 

[Reducer9]: Got 955256 bytes.
Awaiting simulation instructions...

Awaiting simulation instructions...

11 RECEIVE 900 1449532179228 

[Reducer9]: Got 186280 bytes.
11 RECEIVE 800 1449532199451 

[Reducer9]: Got 958488 bytes.
Awaiting simulation instructions...

Awaiting simulation instructions...

11 RECEIVE 1100 1449532229622 

[Reducer9]: Got 187128 bytes.
11 RECEIVE 1000 1449532247433 

[Reducer9]: Got 958312 bytes.
Awaiting simulation instructions...

Awaiting simulation instructions...

11 RECEIVE 1300 1449532281285 

[Reducer9]: Got 186280 bytes.
11 RECEIVE 1200 1449532299546 

[Reducer9]: Got 958488 bytes.
Awaiting simulation instructions...

Awaiting simulation instructions...

11 RECEIVE 1500 1449532330621 

[Reducer9]: Got 186280 bytes.
11 RECEIVE 1400 1449532350858 

[Reducer9]: Got 959336 bytes.
Awaiting simulation instructions...

Awaiting simulation instructions...

11 RECEIVE 1700 1449532381050 

[Reducer9]: Got 186280 bytes.
11 RECEIVE 1600 1449532400256 

[Reducer9]: Got 958488 bytes.
Awaiting simulation instructions...

Awaiting simulation instructions...

11 RECEIVE 1900 1449532430186 

[Reducer9]: Got 186280 bytes.
11 RECEIVE 1800 1449532451127 

[Reducer9]: Got 956616 bytes.
Awaiting simulation instructions...

Awaiting simulation instructions...

11 RECEIVE 2100 1449532480010 

[Reducer9]: Got 186280 bytes.
11 RECEIVE 2000 1449532500843 

[Reducer9]: Got 934296 bytes.
Slave finished all tasks and exited.
logger exit
