Awaiting simulation instructions...

Awaiting simulation instructions...

Awaiting simulation instructions...

9 RECEIVE 100 1449531971630 

[Reducer7]: Got 184920 bytes.
9 RECEIVE 0 1449531999570 

[Reducer7]: Got 958328 bytes.
Awaiting simulation instructions...

Awaiting simulation instructions...

9 RECEIVE 300 1449532029283 

[Reducer7]: Got 187128 bytes.
9 RECEIVE 200 1449532048747 

[Reducer7]: Got 958488 bytes.
Awaiting simulation instructions...

Awaiting simulation instructions...

9 RECEIVE 500 1449532079849 

[Reducer7]: Got 187128 bytes.
9 RECEIVE 400 1449532099245 

[Reducer7]: Got 958152 bytes.
Awaiting simulation instructions...

Awaiting simulation instructions...

9 RECEIVE 700 1449532129021 

[Reducer7]: Got 186280 bytes.
9 RECEIVE 600 1449532148060 

[Reducer7]: Got 958312 bytes.
Awaiting simulation instructions...

Awaiting simulation instructions...

9 RECEIVE 900 1449532179492 

[Reducer7]: Got 186280 bytes.
9 RECEIVE 800 1449532199851 

[Reducer7]: Got 958488 bytes.
Awaiting simulation instructions...

Awaiting simulation instructions...

9 RECEIVE 1100 1449532229603 

[Reducer7]: Got 187128 bytes.
9 RECEIVE 1000 1449532247773 

[Reducer7]: Got 958312 bytes.
Awaiting simulation instructions...

Awaiting simulation instructions...

9 RECEIVE 1300 1449532281531 

[Reducer7]: Got 186280 bytes.
9 RECEIVE 1200 1449532300195 

[Reducer7]: Got 958152 bytes.
Awaiting simulation instructions...

Awaiting simulation instructions...

9 RECEIVE 1500 1449532329753 

[Reducer7]: Got 187128 bytes.
9 RECEIVE 1400 1449532349884 

[Reducer7]: Got 958488 bytes.
Awaiting simulation instructions...

Awaiting simulation instructions...

9 RECEIVE 1700 1449532380651 

[Reducer7]: Got 186280 bytes.
9 RECEIVE 1600 1449532399857 

[Reducer7]: Got 957304 bytes.
Awaiting simulation instructions...

Awaiting simulation instructions...

9 RECEIVE 1900 1449532431035 

[Reducer7]: Got 186280 bytes.
9 RECEIVE 1800 1449532450065 

[Reducer7]: Got 958488 bytes.
Awaiting simulation instructions...

Awaiting simulation instructions...

9 RECEIVE 2100 1449532480408 

[Reducer7]: Got 186280 bytes.
9 RECEIVE 2000 1449532498495 

[Reducer7]: Got 957304 bytes.
Slave finished all tasks and exited.
logger exit
