Awaiting simulation instructions...

Awaiting simulation instructions...

Awaiting simulation instructions...

4 RECEIVE 100 1449531972585 

[Reducer2]: Got 186968 bytes.
4 RECEIVE 0 1449531998472 

[Reducer2]: Got 957304 bytes.
Awaiting simulation instructions...

Awaiting simulation instructions...

4 RECEIVE 300 1449532028552 

[Reducer2]: Got 187128 bytes.
4 RECEIVE 200 1449532044964 

[Reducer2]: Got 960600 bytes.
Awaiting simulation instructions...

Awaiting simulation instructions...

[Reducer2]: Got 186280 bytes.
4 RECEIVE 500 1449532079976 

4 RECEIVE 400 1449532100186 

[Reducer2]: Got 955360 bytes.
Awaiting simulation instructions...

Awaiting simulation instructions...

4 RECEIVE 700 1449532128535 

[Reducer2]: Got 187128 bytes.
4 RECEIVE 600 1449532149814 

[Reducer2]: Got 958152 bytes.
Awaiting simulation instructions...

Awaiting simulation instructions...

4 RECEIVE 900 1449532178360 

[Reducer2]: Got 187128 bytes.
4 RECEIVE 800 1449532195910 

[Reducer2]: Got 956016 bytes.
Awaiting simulation instructions...

Awaiting simulation instructions...

4 RECEIVE 1100 1449532228639 

[Reducer2]: Got 186280 bytes.
4 RECEIVE 1000 1449532245039 

[Reducer2]: Got 958488 bytes.
Awaiting simulation instructions...

Awaiting simulation instructions...

4 RECEIVE 1300 1449532280301 

[Reducer2]: Got 186280 bytes.
4 RECEIVE 1200 1449532295767 

[Reducer2]: Got 957448 bytes.
Awaiting simulation instructions...

Awaiting simulation instructions...

4 RECEIVE 1500 1449532330104 

[Reducer2]: Got 187128 bytes.
4 RECEIVE 1400 1449532343402 

[Reducer2]: Got 956600 bytes.
Awaiting simulation instructions...

Awaiting simulation instructions...

4 RECEIVE 1700 1449532380182 

[Reducer2]: Got 186280 bytes.
4 RECEIVE 1600 1449532397564 

[Reducer2]: Got 956440 bytes.
Awaiting simulation instructions...

Awaiting simulation instructions...

4 RECEIVE 1900 1449532430556 

[Reducer2]: Got 186280 bytes.
4 RECEIVE 1800 1449532447384 

[Reducer2]: Got 958312 bytes.
Awaiting simulation instructions...

Awaiting simulation instructions...

4 RECEIVE 2100 1449532479620 

[Reducer2]: Got 186280 bytes.
4 RECEIVE 2000 1449532498786 

[Reducer2]: Got 957304 bytes.
Slave finished all tasks and exited.
logger exit
