Awaiting simulation instructions...

Awaiting simulation instructions...

Awaiting simulation instructions...

7 RECEIVE 100 1449531971734 

[Reducer5]: Got 184920 bytes.
7 RECEIVE 0 1449531994475 

[Reducer5]: Got 958328 bytes.
Awaiting simulation instructions...

Awaiting simulation instructions...

7 RECEIVE 300 1449532029254 

[Reducer5]: Got 187128 bytes.
7 RECEIVE 200 1449532048501 

[Reducer5]: Got 958488 bytes.
Awaiting simulation instructions...

Awaiting simulation instructions...

7 RECEIVE 500 1449532079390 

[Reducer5]: Got 186280 bytes.
7 RECEIVE 400 1449532098753 

[Reducer5]: Got 958064 bytes.
Awaiting simulation instructions...

Awaiting simulation instructions...

7 RECEIVE 700 1449532128369 

[Reducer5]: Got 187128 bytes.
7 RECEIVE 600 1449532148884 

[Reducer5]: Got 958312 bytes.
Awaiting simulation instructions...

Awaiting simulation instructions...

7 RECEIVE 900 1449532179071 

[Reducer5]: Got 186280 bytes.
7 RECEIVE 800 1449532196550 

[Reducer5]: Got 958488 bytes.
Awaiting simulation instructions...

Awaiting simulation instructions...

7 RECEIVE 1100 1449532229535 

[Reducer5]: Got 187128 bytes.
7 RECEIVE 1000 1449532246745 

[Reducer5]: Got 956616 bytes.
Awaiting simulation instructions...

Awaiting simulation instructions...

7 RECEIVE 1300 1449532280896 

[Reducer5]: Got 186280 bytes.
7 RECEIVE 1200 1449532299269 

[Reducer5]: Got 956280 bytes.
Awaiting simulation instructions...

Awaiting simulation instructions...

7 RECEIVE 1500 1449532330212 

[Reducer5]: Got 186280 bytes.
7 RECEIVE 1400 1449532350203 

[Reducer5]: Got 958488 bytes.
Awaiting simulation instructions...

Awaiting simulation instructions...

7 RECEIVE 1700 1449532381285 

[Reducer5]: Got 186280 bytes.
7 RECEIVE 1600 1449532400567 

[Reducer5]: Got 958488 bytes.
Awaiting simulation instructions...

Awaiting simulation instructions...

7 RECEIVE 1900 1449532430392 

[Reducer5]: Got 186280 bytes.
7 RECEIVE 1800 1449532448997 

[Reducer5]: Got 957304 bytes.
Awaiting simulation instructions...

Awaiting simulation instructions...

7 RECEIVE 2100 1449532479396 

[Reducer5]: Got 187128 bytes.
7 RECEIVE 2000 1449532497497 

[Reducer5]: Got 958312 bytes.
Slave finished all tasks and exited.
logger exit
