Awaiting simulation instructions...

Awaiting simulation instructions...

Awaiting simulation instructions...

2 RECEIVE 100 1449531972111 

[Reducer0]: Got 186968 bytes.
2 RECEIVE 0 1449531999657 

[Reducer0]: Got 959088 bytes.
Awaiting simulation instructions...

Awaiting simulation instructions...

2 RECEIVE 300 1449532028017 

[Reducer0]: Got 186280 bytes.
2 RECEIVE 200 1449532039194 

[Reducer0]: Got 957944 bytes.
Awaiting simulation instructions...

Awaiting simulation instructions...

2 RECEIVE 500 1449532078572 

[Reducer0]: Got 186280 bytes.
2 RECEIVE 400 1449532097818 

[Reducer0]: Got 957288 bytes.
Awaiting simulation instructions...

Awaiting simulation instructions...

2 RECEIVE 700 1449532128174 

[Reducer0]: Got 186280 bytes.
2 RECEIVE 600 1449532150175 

[Reducer0]: Got 958488 bytes.
Awaiting simulation instructions...

Awaiting simulation instructions...

2 RECEIVE 900 1449532178067 

[Reducer0]: Got 187128 bytes.
2 RECEIVE 800 1449532197539 

[Reducer0]: Got 958312 bytes.
Awaiting simulation instructions...

Awaiting simulation instructions...

2 RECEIVE 1100 1449532229029 

[Reducer0]: Got 187128 bytes.
2 RECEIVE 1000 1449532248577 

[Reducer0]: Got 958488 bytes.
Awaiting simulation instructions...

Awaiting simulation instructions...

2 RECEIVE 1300 1449532280780 

[Reducer0]: Got 187128 bytes.
2 RECEIVE 1200 1449532293732 

[Reducer0]: Got 954800 bytes.
Awaiting simulation instructions...

Awaiting simulation instructions...

2 RECEIVE 1500 1449532329948 

[Reducer0]: Got 186280 bytes.
2 RECEIVE 1400 1449532340746 

[Reducer0]: Got 961648 bytes.
Awaiting simulation instructions...

Awaiting simulation instructions...

2 RECEIVE 1700 1449532379860 

[Reducer0]: Got 187128 bytes.
2 RECEIVE 1600 1449532393971 

[Reducer0]: Got 958968 bytes.
Awaiting simulation instructions...

Awaiting simulation instructions...

2 RECEIVE 1900 1449532429962 

[Reducer0]: Got 187128 bytes.
2 RECEIVE 1800 1449532443481 

[Reducer0]: Got 955224 bytes.
Awaiting simulation instructions...

Awaiting simulation instructions...

2 RECEIVE 2100 1449532480350 

[Reducer0]: Got 187128 bytes.
2 RECEIVE 2000 1449532496673 

[Reducer0]: Got 958488 bytes.
Slave finished all tasks and exited.
logger exit
