Awaiting simulation instructions...

Awaiting simulation instructions...

Awaiting simulation instructions...

2 RECEIVE 100 1449458057073 

[Reducer0]: Got 88488 bytes.
2 RECEIVE 0 1449458088505 

[Reducer0]: Got 959576 bytes.
Awaiting simulation instructions...

Awaiting simulation instructions...

2 RECEIVE 300 1449458101953 

[Reducer0]: Got 91560 bytes.
2 RECEIVE 200 1449458129350 

[Reducer0]: Got 958488 bytes.
Awaiting simulation instructions...

Awaiting simulation instructions...

2 RECEIVE 500 1449458141750 

[Reducer0]: Got 91560 bytes.
2 RECEIVE 400 1449458162808 

[Reducer0]: Got 958552 bytes.
Awaiting simulation instructions...

Awaiting simulation instructions...

2 RECEIVE 700 1449458182939 

[Reducer0]: Got 91136 bytes.
2 RECEIVE 600 1449458203749 

[Reducer0]: Got 957096 bytes.
Awaiting simulation instructions...

Awaiting simulation instructions...

2 RECEIVE 900 1449458223976 

[Reducer0]: Got 91136 bytes.
2 RECEIVE 800 1449458243906 

[Reducer0]: Got 957944 bytes.
Awaiting simulation instructions...

Awaiting simulation instructions...

2 RECEIVE 1100 1449458262643 

[Reducer0]: Got 91560 bytes.
2 RECEIVE 1000 1449458283654 

[Reducer0]: Got 959144 bytes.
Awaiting simulation instructions...

Awaiting simulation instructions...

2 RECEIVE 1300 1449458304021 

[Reducer0]: Got 91560 bytes.
2 RECEIVE 1200 1449458325232 

[Reducer0]: Got 957448 bytes.
Awaiting simulation instructions...

Awaiting simulation instructions...

2 RECEIVE 1500 1449458342837 

[Reducer0]: Got 91560 bytes.
2 RECEIVE 1400 1449458368194 

[Reducer0]: Got 958488 bytes.
Awaiting simulation instructions...

Awaiting simulation instructions...

2 RECEIVE 1700 1449458383854 

[Reducer0]: Got 91560 bytes.
2 RECEIVE 1600 1449458408057 

[Reducer0]: Got 958312 bytes.
Awaiting simulation instructions...

Awaiting simulation instructions...

2 RECEIVE 1900 1449458422554 

[Reducer0]: Got 91560 bytes.
2 RECEIVE 1800 1449458446895 

[Reducer0]: Got 959336 bytes.
Awaiting simulation instructions...

Awaiting simulation instructions...

2 RECEIVE 2100 1449458462898 

[Reducer0]: Got 91560 bytes.
2 RECEIVE 2000 1449458487628 

[Reducer0]: Got 958312 bytes.
Slave finished all tasks and exited.
logger exit
