Awaiting simulation instructions...

Awaiting simulation instructions...

Awaiting simulation instructions...

10 RECEIVE 100 1449458057839 

[Reducer8]: Got 89352 bytes.
10 RECEIVE 0 1449458087865 

[Reducer8]: Got 959176 bytes.
Awaiting simulation instructions...

Awaiting simulation instructions...

10 RECEIVE 300 1449458101880 

[Reducer8]: Got 91560 bytes.
10 RECEIVE 200 1449458130031 

[Reducer8]: Got 958488 bytes.
Awaiting simulation instructions...

Awaiting simulation instructions...

10 RECEIVE 500 1449458142992 

[Reducer8]: Got 91136 bytes.
10 RECEIVE 400 1449458169537 

[Reducer8]: Got 958488 bytes.
Awaiting simulation instructions...

Awaiting simulation instructions...

10 RECEIVE 700 1449458183934 

[Reducer8]: Got 91136 bytes.
10 RECEIVE 600 1449458209759 

[Reducer8]: Got 958488 bytes.
Awaiting simulation instructions...

Awaiting simulation instructions...

10 RECEIVE 900 1449458223726 

[Reducer8]: Got 91136 bytes.
10 RECEIVE 800 1449458249457 

[Reducer8]: Got 958312 bytes.
Awaiting simulation instructions...

Awaiting simulation instructions...

10 RECEIVE 1100 1449458263200 

[Reducer8]: Got 91136 bytes.
10 RECEIVE 1000 1449458289680 

[Reducer8]: Got 958488 bytes.
Awaiting simulation instructions...

Awaiting simulation instructions...

10 RECEIVE 1300 1449458304208 

[Reducer8]: Got 91560 bytes.
10 RECEIVE 1200 1449458329214 

[Reducer8]: Got 957304 bytes.
Awaiting simulation instructions...

Awaiting simulation instructions...

10 RECEIVE 1500 1449458343751 

[Reducer8]: Got 91560 bytes.
10 RECEIVE 1400 1449458369600 

[Reducer8]: Got 957304 bytes.
Awaiting simulation instructions...

Awaiting simulation instructions...

10 RECEIVE 1700 1449458384196 

[Reducer8]: Got 91560 bytes.
10 RECEIVE 1600 1449458408627 

[Reducer8]: Got 958312 bytes.
Awaiting simulation instructions...

Awaiting simulation instructions...

10 RECEIVE 1900 1449458423820 

[Reducer8]: Got 91560 bytes.
10 RECEIVE 1800 1449458450980 

[Reducer8]: Got 958488 bytes.
Awaiting simulation instructions...

Awaiting simulation instructions...

10 RECEIVE 2100 1449458463894 

[Reducer8]: Got 91136 bytes.
10 RECEIVE 2000 1449458488912 

[Reducer8]: Got 958488 bytes.
Slave finished all tasks and exited.
logger exit
