Awaiting simulation instructions...

Awaiting simulation instructions...

Awaiting simulation instructions...

11 RECEIVE 100 1449458057975 

[Reducer9]: Got 89352 bytes.
11 RECEIVE 0 1449458087787 

[Reducer9]: Got 959176 bytes.
Awaiting simulation instructions...

Awaiting simulation instructions...

11 RECEIVE 300 1449458102062 

[Reducer9]: Got 91560 bytes.
11 RECEIVE 200 1449458127618 

[Reducer9]: Got 955240 bytes.
Awaiting simulation instructions...

Awaiting simulation instructions...

11 RECEIVE 500 1449458142822 

[Reducer9]: Got 91136 bytes.
11 RECEIVE 400 1449458169275 

[Reducer9]: Got 958488 bytes.
Awaiting simulation instructions...

Awaiting simulation instructions...

11 RECEIVE 700 1449458183890 

[Reducer9]: Got 91136 bytes.
11 RECEIVE 600 1449458210351 

[Reducer9]: Got 958488 bytes.
Awaiting simulation instructions...

Awaiting simulation instructions...

11 RECEIVE 900 1449458223651 

[Reducer9]: Got 91136 bytes.
11 RECEIVE 800 1449458249807 

[Reducer9]: Got 958488 bytes.
Awaiting simulation instructions...

Awaiting simulation instructions...

11 RECEIVE 1100 1449458263164 

[Reducer9]: Got 91136 bytes.
11 RECEIVE 1000 1449458289641 

[Reducer9]: Got 958488 bytes.
Awaiting simulation instructions...

Awaiting simulation instructions...

11 RECEIVE 1300 1449458304181 

[Reducer9]: Got 91560 bytes.
11 RECEIVE 1200 1449458325620 

[Reducer9]: Got 958648 bytes.
Awaiting simulation instructions...

Awaiting simulation instructions...

11 RECEIVE 1500 1449458343948 

[Reducer9]: Got 91560 bytes.
11 RECEIVE 1400 1449458370810 

[Reducer9]: Got 958488 bytes.
Awaiting simulation instructions...

Awaiting simulation instructions...

11 RECEIVE 1700 1449458384327 

[Reducer9]: Got 91136 bytes.
11 RECEIVE 1600 1449458407146 

[Reducer9]: Got 958152 bytes.
Awaiting simulation instructions...

Awaiting simulation instructions...

11 RECEIVE 1900 1449458423640 

[Reducer9]: Got 91560 bytes.
11 RECEIVE 1800 1449458448343 

[Reducer9]: Got 958488 bytes.
Awaiting simulation instructions...

Awaiting simulation instructions...

11 RECEIVE 2100 1449458464072 

[Reducer9]: Got 91136 bytes.
11 RECEIVE 2000 1449458489271 

[Reducer9]: Got 958312 bytes.
Slave finished all tasks and exited.
logger exit
