Awaiting simulation instructions...

Awaiting simulation instructions...

Awaiting simulation instructions...

3 RECEIVE 100 1449458057369 

[Reducer1]: Got 90376 bytes.
3 RECEIVE 0 1449458087244 

[Reducer1]: Got 957304 bytes.
Awaiting simulation instructions...

Awaiting simulation instructions...

3 RECEIVE 300 1449458102118 

[Reducer1]: Got 91560 bytes.
3 RECEIVE 200 1449458129004 

[Reducer1]: Got 958488 bytes.
Awaiting simulation instructions...

Awaiting simulation instructions...

3 RECEIVE 500 1449458141394 

[Reducer1]: Got 91560 bytes.
3 RECEIVE 400 1449458162343 

[Reducer1]: Got 959144 bytes.
Awaiting simulation instructions...

Awaiting simulation instructions...

3 RECEIVE 700 1449458182718 

[Reducer1]: Got 91136 bytes.
3 RECEIVE 600 1449458204059 

[Reducer1]: Got 956000 bytes.
Awaiting simulation instructions...

Awaiting simulation instructions...

3 RECEIVE 900 1449458224325 

[Reducer1]: Got 91136 bytes.
3 RECEIVE 800 1449458244255 

[Reducer1]: Got 956000 bytes.
Awaiting simulation instructions...

Awaiting simulation instructions...

3 RECEIVE 1100 1449458262567 

[Reducer1]: Got 91560 bytes.
3 RECEIVE 1000 1449458284382 

[Reducer1]: Got 959672 bytes.
Awaiting simulation instructions...

Awaiting simulation instructions...

3 RECEIVE 1300 1449458304086 

[Reducer1]: Got 91560 bytes.
3 RECEIVE 1200 1449458327306 

[Reducer1]: Got 957464 bytes.
Awaiting simulation instructions...

Awaiting simulation instructions...

3 RECEIVE 1500 1449458343559 

[Reducer1]: Got 91560 bytes.
3 RECEIVE 1400 1449458367560 

[Reducer1]: Got 957288 bytes.
Awaiting simulation instructions...

Awaiting simulation instructions...

3 RECEIVE 1700 1449458384179 

[Reducer1]: Got 91560 bytes.
3 RECEIVE 1600 1449458405304 

[Reducer1]: Got 958152 bytes.
Awaiting simulation instructions...

Awaiting simulation instructions...

3 RECEIVE 1900 1449458422537 

[Reducer1]: Got 91560 bytes.
3 RECEIVE 1800 1449458449691 

[Reducer1]: Got 958312 bytes.
Awaiting simulation instructions...

Awaiting simulation instructions...

3 RECEIVE 2100 1449458463162 

[Reducer1]: Got 91560 bytes.
3 RECEIVE 2000 1449458487279 

[Reducer1]: Got 958312 bytes.
Slave finished all tasks and exited.
logger exit
