Awaiting simulation instructions...

Awaiting simulation instructions...

Awaiting simulation instructions...

8 RECEIVE 100 1449458058772 

[Reducer6]: Got 89512 bytes.
8 RECEIVE 0 1449458088737 

[Reducer6]: Got 958312 bytes.
Awaiting simulation instructions...

Awaiting simulation instructions...

8 RECEIVE 300 1449458101997 

[Reducer6]: Got 91560 bytes.
8 RECEIVE 200 1449458127017 

[Reducer6]: Got 957112 bytes.
Awaiting simulation instructions...

Awaiting simulation instructions...

8 RECEIVE 500 1449458142679 

[Reducer6]: Got 91136 bytes.
8 RECEIVE 400 1449458168936 

[Reducer6]: Got 958312 bytes.
Awaiting simulation instructions...

Awaiting simulation instructions...

8 RECEIVE 700 1449458183635 

[Reducer6]: Got 91136 bytes.
8 RECEIVE 600 1449458207355 

[Reducer6]: Got 958152 bytes.
Awaiting simulation instructions...

Awaiting simulation instructions...

8 RECEIVE 900 1449458224153 

[Reducer6]: Got 91136 bytes.
8 RECEIVE 800 1449458245972 

[Reducer6]: Got 959672 bytes.
Awaiting simulation instructions...

Awaiting simulation instructions...

8 RECEIVE 1100 1449458263889 

[Reducer6]: Got 91136 bytes.
8 RECEIVE 1000 1449458288497 

[Reducer6]: Got 958312 bytes.
Awaiting simulation instructions...

Awaiting simulation instructions...

8 RECEIVE 1300 1449458304235 

[Reducer6]: Got 91560 bytes.
8 RECEIVE 1200 1449458325959 

[Reducer6]: Got 959672 bytes.
Awaiting simulation instructions...

Awaiting simulation instructions...

8 RECEIVE 1500 1449458344358 

[Reducer6]: Got 91136 bytes.
8 RECEIVE 1400 1449458367889 

[Reducer6]: Got 957464 bytes.
Awaiting simulation instructions...

Awaiting simulation instructions...

8 RECEIVE 1700 1449458383682 

[Reducer6]: Got 91560 bytes.
8 RECEIVE 1600 1449458409667 

[Reducer6]: Got 958152 bytes.
Awaiting simulation instructions...

Awaiting simulation instructions...

8 RECEIVE 1900 1449458423315 

[Reducer6]: Got 91560 bytes.
8 RECEIVE 1800 1449458450661 

[Reducer6]: Got 958488 bytes.
Awaiting simulation instructions...

Awaiting simulation instructions...

8 RECEIVE 2100 1449458464244 

[Reducer6]: Got 91136 bytes.
8 RECEIVE 2000 1449458484139 

[Reducer6]: Got 957624 bytes.
Slave finished all tasks and exited.
logger exit
