Awaiting simulation instructions...

Awaiting simulation instructions...

Awaiting simulation instructions...

7 RECEIVE 100 1449458057936 

[Reducer5]: Got 89352 bytes.
7 RECEIVE 0 1449458088844 

[Reducer5]: Got 957288 bytes.
Awaiting simulation instructions...

Awaiting simulation instructions...

7 RECEIVE 300 1449458101169 

[Reducer5]: Got 91560 bytes.
7 RECEIVE 200 1449458127143 

[Reducer5]: Got 959336 bytes.
Awaiting simulation instructions...

Awaiting simulation instructions...

7 RECEIVE 500 1449458142926 

[Reducer5]: Got 91136 bytes.
7 RECEIVE 400 1449458170176 

[Reducer5]: Got 958488 bytes.
Awaiting simulation instructions...

Awaiting simulation instructions...

7 RECEIVE 700 1449458183917 

[Reducer5]: Got 91136 bytes.
7 RECEIVE 600 1449458205049 

[Reducer5]: Got 959672 bytes.
Awaiting simulation instructions...

Awaiting simulation instructions...

7 RECEIVE 900 1449458223993 

[Reducer5]: Got 91136 bytes.
7 RECEIVE 800 1449458250446 

[Reducer5]: Got 958488 bytes.
Awaiting simulation instructions...

Awaiting simulation instructions...

7 RECEIVE 1100 1449458263632 

[Reducer5]: Got 91136 bytes.
7 RECEIVE 1000 1449458290183 

[Reducer5]: Got 958488 bytes.
Awaiting simulation instructions...

Awaiting simulation instructions...

7 RECEIVE 1300 1449458303444 

[Reducer5]: Got 91560 bytes.
7 RECEIVE 1200 1449458330518 

[Reducer5]: Got 958488 bytes.
Awaiting simulation instructions...

Awaiting simulation instructions...

7 RECEIVE 1500 1449458343834 

[Reducer5]: Got 91560 bytes.
7 RECEIVE 1400 1449458368601 

[Reducer5]: Got 957304 bytes.
Awaiting simulation instructions...

Awaiting simulation instructions...

7 RECEIVE 1700 1449458384123 

[Reducer5]: Got 91560 bytes.
7 RECEIVE 1600 1449458410333 

[Reducer5]: Got 958152 bytes.
Awaiting simulation instructions...

Awaiting simulation instructions...

7 RECEIVE 1900 1449458423667 

[Reducer5]: Got 91560 bytes.
7 RECEIVE 1800 1449458450021 

[Reducer5]: Got 958488 bytes.
Awaiting simulation instructions...

Awaiting simulation instructions...

7 RECEIVE 2100 1449458463960 

[Reducer5]: Got 91136 bytes.
7 RECEIVE 2000 1449458490742 

[Reducer5]: Got 958488 bytes.
Slave finished all tasks and exited.
logger exit
