Awaiting simulation instructions...

Awaiting simulation instructions...

Awaiting simulation instructions...

9 RECEIVE 100 1449458058801 

[Reducer7]: Got 90376 bytes.
9 RECEIVE 0 1449458088951 

[Reducer7]: Got 958312 bytes.
Awaiting simulation instructions...

Awaiting simulation instructions...

9 RECEIVE 300 1449458101399 

[Reducer7]: Got 91560 bytes.
9 RECEIVE 200 1449458127075 

[Reducer7]: Got 959336 bytes.
Awaiting simulation instructions...

Awaiting simulation instructions...

9 RECEIVE 500 1449458142305 

[Reducer7]: Got 91136 bytes.
9 RECEIVE 400 1449458169915 

[Reducer7]: Got 958488 bytes.
Awaiting simulation instructions...

Awaiting simulation instructions...

9 RECEIVE 700 1449458183688 

[Reducer7]: Got 91136 bytes.
9 RECEIVE 600 1449458209051 

[Reducer7]: Got 958488 bytes.
Awaiting simulation instructions...

Awaiting simulation instructions...

9 RECEIVE 900 1449458223566 

[Reducer7]: Got 91136 bytes.
9 RECEIVE 800 1449458250126 

[Reducer7]: Got 958488 bytes.
Awaiting simulation instructions...

Awaiting simulation instructions...

9 RECEIVE 1100 1449458263537 

[Reducer7]: Got 91136 bytes.
9 RECEIVE 1000 1449458288885 

[Reducer7]: Got 957304 bytes.
Awaiting simulation instructions...

Awaiting simulation instructions...

9 RECEIVE 1300 1449458303926 

[Reducer7]: Got 91560 bytes.
9 RECEIVE 1200 1449458326250 

[Reducer7]: Got 959672 bytes.
Awaiting simulation instructions...

Awaiting simulation instructions...

9 RECEIVE 1500 1449458344207 

[Reducer7]: Got 91136 bytes.
9 RECEIVE 1400 1449458370425 

[Reducer7]: Got 958488 bytes.
Awaiting simulation instructions...

Awaiting simulation instructions...

9 RECEIVE 1700 1449458384262 

[Reducer7]: Got 91560 bytes.
9 RECEIVE 1600 1449458409977 

[Reducer7]: Got 958152 bytes.
Awaiting simulation instructions...

Awaiting simulation instructions...

9 RECEIVE 1900 1449458423565 

[Reducer7]: Got 91560 bytes.
9 RECEIVE 1800 1449458449323 

[Reducer7]: Got 958312 bytes.
Awaiting simulation instructions...

Awaiting simulation instructions...

9 RECEIVE 2100 1449458463977 

[Reducer7]: Got 91136 bytes.
9 RECEIVE 2000 1449458491072 

[Reducer7]: Got 958488 bytes.
Slave finished all tasks and exited.
logger exit
