2 RECEIVE 100 1449448266309 
2 RECEIVE 0 1449448295024 
2 RECEIVE 300 1449448309485 
2 RECEIVE 200 1449448334693 
2 RECEIVE 500 1449448351654 
2 RECEIVE 400 1449448374591 
2 RECEIVE 700 1449448391578 
2 RECEIVE 600 1449448417422 
2 RECEIVE 900 1449448430776 
2 RECEIVE 800 1449448455690 
2 RECEIVE 1100 1449448472037 
2 RECEIVE 1000 1449448495895 
2 RECEIVE 1300 1449448511985 
2 RECEIVE 1200 1449448529836 
2 RECEIVE 1500 1449448552649 
2 RECEIVE 1400 1449448573429 
2 RECEIVE 1700 1449448590289 
2 RECEIVE 1600 1449448607574 
2 RECEIVE 1900 1449448631721 
2 RECEIVE 1800 1449448652914 
2 RECEIVE 2100 1449448673156 
2 RECEIVE 2000 1449448696478 
