1 SEND 0 1449448260701 
1 SEND 0 1449448260719 
1 SEND 0 1449448260705 
1 SEND 0 1449448260720 
1 SEND 0 1449448260705 
1 SEND 0 1449448260720 
1 SEND 0 1449448260729 
1 SEND 0 1449448260730 
1 SEND 0 1449448260733 
1 SEND 0 1449448260735 
1 SEND 100 1449448260852 
1 SEND 100 1449448260857 
1 SEND 100 1449448260864 
1 SEND 100 1449448260864 
1 SEND 100 1449448260870 
1 SEND 100 1449448260882 
1 SEND 100 1449448260888 
1 SEND 100 1449448260890 
1 SEND 100 1449448260891 
1 SEND 100 1449448260891 
1 SEND 200 1449448300956 
1 SEND 200 1449448300959 
1 SEND 200 1449448300979 
1 SEND 200 1449448300979 
1 SEND 200 1449448300980 
1 SEND 200 1449448300980 
1 SEND 200 1449448300978 
1 SEND 200 1449448300981 
1 SEND 200 1449448300983 
1 SEND 200 1449448301051 
1 SEND 300 1449448302103 
1 SEND 300 1449448302108 
1 SEND 300 1449448302110 
1 SEND 300 1449448302111 
1 SEND 300 1449448302114 
1 SEND 300 1449448302118 
1 SEND 300 1449448302118 
1 SEND 300 1449448302119 
1 SEND 300 1449448302119 
1 SEND 300 1449448302119 
1 SEND 400 1449448341174 
1 SEND 400 1449448341175 
1 SEND 400 1449448341175 
1 SEND 400 1449448341178 
1 SEND 400 1449448341180 
1 SEND 400 1449448341180 
1 SEND 400 1449448341180 
1 SEND 400 1449448341185 
1 SEND 400 1449448341190 
1 SEND 400 1449448341190 
1 SEND 500 1449448342529 
1 SEND 500 1449448342531 
1 SEND 500 1449448342540 
1 SEND 500 1449448342541 
1 SEND 500 1449448342542 
1 SEND 500 1449448342542 
1 SEND 500 1449448342542 
1 SEND 500 1449448342542 
1 SEND 500 1449448342545 
1 SEND 500 1449448342545 
1 SEND 600 1449448381384 
1 SEND 600 1449448381389 
1 SEND 600 1449448381389 
1 SEND 600 1449448381390 
1 SEND 600 1449448381391 
1 SEND 600 1449448381453 
1 SEND 600 1449448381557 
1 SEND 600 1449448381597 
1 SEND 600 1449448381628 
1 SEND 600 1449448381661 
1 SEND 700 1449448382809 
1 SEND 700 1449448382809 
1 SEND 700 1449448382812 
1 SEND 700 1449448382812 
1 SEND 700 1449448382812 
1 SEND 700 1449448382812 
1 SEND 700 1449448382813 
1 SEND 700 1449448382814 
1 SEND 700 1449448382814 
1 SEND 700 1449448382817 
1 SEND 800 1449448421615 
1 SEND 800 1449448421618 
1 SEND 800 1449448421620 
1 SEND 800 1449448421621 
1 SEND 800 1449448421622 
1 SEND 800 1449448421622 
1 SEND 800 1449448421623 
1 SEND 800 1449448421625 
1 SEND 800 1449448421627 
1 SEND 800 1449448421629 
1 SEND 900 1449448423073 
1 SEND 900 1449448423078 
1 SEND 900 1449448423080 
1 SEND 900 1449448423081 
1 SEND 900 1449448423080 
1 SEND 900 1449448423082 
1 SEND 900 1449448423084 
1 SEND 900 1449448423085 
1 SEND 900 1449448423093 
1 SEND 900 1449448423092 
1 SEND 1000 1449448461770 
1 SEND 1000 1449448461770 
1 SEND 1000 1449448461772 
1 SEND 1000 1449448461774 
1 SEND 1000 1449448461775 
1 SEND 1000 1449448461775 
1 SEND 1000 1449448461776 
1 SEND 1000 1449448461777 
1 SEND 1000 1449448461777 
1 SEND 1000 1449448462129 
1 SEND 1100 1449448463331 
1 SEND 1100 1449448463331 
1 SEND 1100 1449448463332 
1 SEND 1100 1449448463333 
1 SEND 1100 1449448463335 
1 SEND 1100 1449448463335 
1 SEND 1100 1449448463337 
1 SEND 1100 1449448463337 
1 SEND 1100 1449448463337 
1 SEND 1100 1449448463338 
1 SEND 1200 1449448501966 
1 SEND 1200 1449448502034 
1 SEND 1200 1449448502055 
1 SEND 1200 1449448502056 
1 SEND 1200 1449448502057 
1 SEND 1200 1449448502057 
1 SEND 1200 1449448502058 
1 SEND 1200 1449448502059 
1 SEND 1200 1449448502060 
1 SEND 1200 1449448502060 
1 SEND 1300 1449448503639 
1 SEND 1300 1449448503639 
1 SEND 1300 1449448503639 
1 SEND 1300 1449448503640 
1 SEND 1300 1449448503640 
1 SEND 1300 1449448503642 
1 SEND 1300 1449448503642 
1 SEND 1300 1449448503647 
1 SEND 1300 1449448503647 
1 SEND 1300 1449448503650 
1 SEND 1400 1449448542149 
1 SEND 1400 1449448542149 
1 SEND 1400 1449448542151 
1 SEND 1400 1449448542153 
1 SEND 1400 1449448542154 
1 SEND 1400 1449448542155 
1 SEND 1400 1449448542457 
1 SEND 1400 1449448542459 
1 SEND 1400 1449448542461 
1 SEND 1400 1449448542464 
1 SEND 1500 1449448543595 
1 SEND 1500 1449448543595 
1 SEND 1500 1449448543595 
1 SEND 1500 1449448543598 
1 SEND 1500 1449448543601 
1 SEND 1500 1449448543602 
1 SEND 1500 1449448543602 
1 SEND 1500 1449448543602 
1 SEND 1500 1449448543603 
1 SEND 1500 1449448543606 
1 SEND 1600 1449448582330 
1 SEND 1600 1449448582426 
1 SEND 1600 1449448582429 
1 SEND 1600 1449448582437 
1 SEND 1600 1449448582438 
1 SEND 1600 1449448582449 
1 SEND 1600 1449448582450 
1 SEND 1600 1449448582450 
1 SEND 1600 1449448582451 
1 SEND 1600 1449448582452 
1 SEND 1700 1449448583293 
1 SEND 1700 1449448583294 
1 SEND 1700 1449448583296 
1 SEND 1700 1449448583296 
1 SEND 1700 1449448583297 
1 SEND 1700 1449448583298 
1 SEND 1700 1449448583298 
1 SEND 1700 1449448583299 
1 SEND 1700 1449448583300 
1 SEND 1700 1449448583300 
1 SEND 1800 1449448622508 
1 SEND 1800 1449448622514 
1 SEND 1800 1449448622514 
1 SEND 1800 1449448622516 
1 SEND 1800 1449448622516 
1 SEND 1800 1449448622517 
1 SEND 1800 1449448622517 
1 SEND 1800 1449448622516 
1 SEND 1800 1449448622578 
1 SEND 1800 1449448622910 
1 SEND 1900 1449448624063 
1 SEND 1900 1449448624067 
1 SEND 1900 1449448624067 
1 SEND 1900 1449448624067 
1 SEND 1900 1449448624068 
1 SEND 1900 1449448624068 
1 SEND 1900 1449448624069 
1 SEND 1900 1449448624069 
1 SEND 1900 1449448624069 
1 SEND 1900 1449448624070 
1 SEND 2000 1449448662716 
1 SEND 2000 1449448662716 
1 SEND 2000 1449448662720 
1 SEND 2000 1449448662720 
1 SEND 2000 1449448662721 
1 SEND 2000 1449448662721 
1 SEND 2000 1449448662721 
1 SEND 2000 1449448662724 
1 SEND 2000 1449448663076 
1 SEND 2000 1449448663135 
1 SEND 2100 1449448664285 
1 SEND 2100 1449448664287 
1 SEND 2100 1449448664289 
1 SEND 2100 1449448664289 
1 SEND 2100 1449448664290 
1 SEND 2100 1449448664290 
1 SEND 2100 1449448664290 
1 SEND 2100 1449448664290 
1 SEND 2100 1449448664291 
1 SEND 2100 1449448664293 
