9 RECEIVE 100 1449433074854 
9 RECEIVE 0 1449433103309 
9 RECEIVE 300 1449433116513 
9 RECEIVE 200 1449433143482 
9 RECEIVE 500 1449433156255 
9 RECEIVE 400 1449433184586 
9 RECEIVE 700 1449433199113 
9 RECEIVE 600 1449433224238 
9 RECEIVE 900 1449433238475 
9 RECEIVE 800 1449433264179 
9 RECEIVE 1100 1449433277985 
9 RECEIVE 1000 1449433305116 
9 RECEIVE 1300 1449433319071 
9 RECEIVE 1200 1449433344165 
9 RECEIVE 1500 1449433358533 
9 RECEIVE 1400 1449433385471 
9 RECEIVE 1700 1449433398959 
9 RECEIVE 1600 1449433424907 
9 RECEIVE 1900 1449433439511 
9 RECEIVE 1800 1449433466237 
9 RECEIVE 2100 1449433480136 
9 RECEIVE 2000 1449433504092 
