5 RECEIVE 100 1449433073593 
5 RECEIVE 0 1449433103876 
5 RECEIVE 300 1449433116877 
5 RECEIVE 200 1449433142813 
5 RECEIVE 500 1449433157012 
5 RECEIVE 400 1449433183985 
5 RECEIVE 700 1449433199040 
5 RECEIVE 600 1449433223453 
5 RECEIVE 900 1449433237343 
5 RECEIVE 800 1449433263141 
5 RECEIVE 1100 1449433276693 
5 RECEIVE 1000 1449433301529 
5 RECEIVE 1300 1449433318639 
5 RECEIVE 1200 1449433345202 
5 RECEIVE 1500 1449433358714 
5 RECEIVE 1400 1449433383715 
5 RECEIVE 1700 1449433398777 
5 RECEIVE 1600 1449433425818 
5 RECEIVE 1900 1449433438100 
5 RECEIVE 1800 1449433460063 
5 RECEIVE 2100 1449433479330 
5 RECEIVE 2000 1449433505779 
