Awaiting simulation instructions...

Awaiting simulation instructions...

Awaiting simulation instructions...

Awaiting simulation instructions...

Awaiting simulation instructions...

10 RECEIVE 100 1449453160913 

[Reducer8]: Got 88504 bytes.
10 RECEIVE 200 1449453174653 

[Reducer8]: Got 185856 bytes.
[Reducer8]: Got 375208 bytes.
10 RECEIVE 300 1449453182714 

10 RECEIVE 0 1449453204357 

[Reducer8]: Got 929104 bytes.
Awaiting simulation instructions...

Awaiting simulation instructions...

Awaiting simulation instructions...

Awaiting simulation instructions...

10 RECEIVE 500 1449453221866 

[Reducer8]: Got 90112 bytes.
10 RECEIVE 600 1449453236470 

[Reducer8]: Got 183384 bytes.
10 RECEIVE 700 1449453253775 

[Reducer8]: Got 378264 bytes.
10 RECEIVE 400 1449453265721 

[Reducer8]: Got 955256 bytes.
Awaiting simulation instructions...

Awaiting simulation instructions...

Awaiting simulation instructions...

Awaiting simulation instructions...

10 RECEIVE 900 1449453280891 

[Reducer8]: Got 89512 bytes.
10 RECEIVE 1000 1449453295722 

[Reducer8]: Got 184232 bytes.
10 RECEIVE 1100 1449453309094 

[Reducer8]: Got 376392 bytes.
10 RECEIVE 800 1449453320209 

[Reducer8]: Got 956616 bytes.
Awaiting simulation instructions...

Awaiting simulation instructions...

Awaiting simulation instructions...

Awaiting simulation instructions...

10 RECEIVE 1300 1449453341816 

[Reducer8]: Got 88504 bytes.
10 RECEIVE 1400 1449453343395 

[Reducer8]: Got 88504 bytes.
[Reducer8]: Got 377416 bytes.
10 RECEIVE 1500 1449453372426 

10 RECEIVE 1200 1449453385579 

[Reducer8]: Got 950488 bytes.
Awaiting simulation instructions...

Awaiting simulation instructions...

Awaiting simulation instructions...

Awaiting simulation instructions...

10 RECEIVE 1700 1449453402193 

[Reducer8]: Got 90112 bytes.
10 RECEIVE 1800 1449453417370 

[Reducer8]: Got 184232 bytes.
[Reducer8]: Got 377416 bytes.
10 RECEIVE 1900 1449453433963 

10 RECEIVE 1600 1449453446348 

[Reducer8]: Got 952360 bytes.
Awaiting simulation instructions...

Awaiting simulation instructions...

Awaiting simulation instructions...

Awaiting simulation instructions...

10 RECEIVE 2100 1449453463310 

[Reducer8]: Got 90112 bytes.
10 RECEIVE 2200 1449453478179 

[Reducer8]: Got 185256 bytes.
10 RECEIVE 2300 1449453493462 

[Reducer8]: Got 377416 bytes.
10 RECEIVE 2000 1449453505335 

[Reducer8]: Got 920664 bytes.
Awaiting simulation instructions...

Awaiting simulation instructions...

Awaiting simulation instructions...

Awaiting simulation instructions...

10 RECEIVE 2500 1449453525133 

[Reducer8]: Got 91136 bytes.
10 RECEIVE 2600 1449453538818 

[Reducer8]: Got 185256 bytes.
10 RECEIVE 2700 1449453555390 

[Reducer8]: Got 376392 bytes.
10 RECEIVE 2400 1449453567981 

[Reducer8]: Got 950488 bytes.
Awaiting simulation instructions...

Awaiting simulation instructions...

Awaiting simulation instructions...

Awaiting simulation instructions...

10 RECEIVE 2900 1449453583950 

[Reducer8]: Got 91136 bytes.
10 RECEIVE 3000 1449453597927 

[Reducer8]: Got 185080 bytes.
10 RECEIVE 3100 1449453614657 

[Reducer8]: Got 378264 bytes.
[Reducer8]: Got 954568 bytes.
10 RECEIVE 2800 1449453628532 

Awaiting simulation instructions...

Awaiting simulation instructions...

Awaiting simulation instructions...

Awaiting simulation instructions...

10 RECEIVE 3300 1449453641504 

[Reducer8]: Got 89512 bytes.
10 RECEIVE 3400 1449453657799 

[Reducer8]: Got 185256 bytes.
[Reducer8]: Got 376392 bytes.
10 RECEIVE 3500 1449453674207 

10 RECEIVE 3200 1449453689087 

[Reducer8]: Got 952520 bytes.
Awaiting simulation instructions...

Awaiting simulation instructions...

Awaiting simulation instructions...

Awaiting simulation instructions...

10 RECEIVE 3700 1449453705537 

[Reducer8]: Got 91136 bytes.
10 RECEIVE 3800 1449453719143 

[Reducer8]: Got 186280 bytes.
10 RECEIVE 3900 1449453736759 

[Reducer8]: Got 378264 bytes.
10 RECEIVE 3600 1449453748815 

[Reducer8]: Got 952360 bytes.
Awaiting simulation instructions...

Awaiting simulation instructions...

Awaiting simulation instructions...

Awaiting simulation instructions...

10 RECEIVE 4100 1449453765036 

[Reducer8]: Got 91136 bytes.
10 RECEIVE 4200 1449453779040 

[Reducer8]: Got 186104 bytes.
10 RECEIVE 4300 1449453793433 

[Reducer8]: Got 378264 bytes.
10 RECEIVE 4000 1449453809019 

[Reducer8]: Got 957464 bytes.
Slave finished all tasks and exited.
logger exit
