Awaiting simulation instructions...

Awaiting simulation instructions...

Awaiting simulation instructions...

Awaiting simulation instructions...

Awaiting simulation instructions...

9 RECEIVE 100 1449453157868 

[Reducer7]: Got 90112 bytes.
9 RECEIVE 200 1449453171455 

[Reducer7]: Got 185944 bytes.
9 RECEIVE 300 1449453184800 

[Reducer7]: Got 376056 bytes.
9 RECEIVE 0 1449453205898 

[Reducer7]: Got 958912 bytes.
Awaiting simulation instructions...

Awaiting simulation instructions...

Awaiting simulation instructions...

Awaiting simulation instructions...

9 RECEIVE 500 1449453220442 

[Reducer7]: Got 88488 bytes.
9 RECEIVE 600 1449453236158 

[Reducer7]: Got 185080 bytes.
9 RECEIVE 700 1449453253103 

[Reducer7]: Got 374520 bytes.
9 RECEIVE 400 1449453265401 

[Reducer7]: Got 954568 bytes.
Awaiting simulation instructions...

Awaiting simulation instructions...

Awaiting simulation instructions...

Awaiting simulation instructions...

9 RECEIVE 900 1449453280183 

[Reducer7]: Got 89512 bytes.
9 RECEIVE 1000 1449453295477 

[Reducer7]: Got 183384 bytes.
9 RECEIVE 1100 1449453312971 

[Reducer7]: Got 379288 bytes.
[Reducer7]: Got 957464 bytes.
9 RECEIVE 800 1449453319472 

Awaiting simulation instructions...

Awaiting simulation instructions...

Awaiting simulation instructions...

Awaiting simulation instructions...

[Reducer7]: Got 89512 bytes.
9 RECEIVE 1300 1449453341891 

9 RECEIVE 1400 1449453356318 

[Reducer7]: Got 183384 bytes.
9 RECEIVE 1500 1449453372533 

[Reducer7]: Got 378264 bytes.
9 RECEIVE 1200 1449453384939 

[Reducer7]: Got 956440 bytes.
Awaiting simulation instructions...

Awaiting simulation instructions...

Awaiting simulation instructions...

Awaiting simulation instructions...

9 RECEIVE 1700 1449453401965 

[Reducer7]: Got 90112 bytes.
9 RECEIVE 1800 1449453416474 

[Reducer7]: Got 185080 bytes.
9 RECEIVE 1900 1449453433905 

[Reducer7]: Got 379288 bytes.
9 RECEIVE 1600 1449453446058 

[Reducer7]: Got 955256 bytes.
Awaiting simulation instructions...

Awaiting simulation instructions...

Awaiting simulation instructions...

Awaiting simulation instructions...

9 RECEIVE 2100 1449453462015 

[Reducer7]: Got 88488 bytes.
9 RECEIVE 2200 1449453477697 

[Reducer7]: Got 185256 bytes.
[Reducer7]: Got 376392 bytes.
9 RECEIVE 2300 1449453495589 

[Reducer7]: Got 956440 bytes.
9 RECEIVE 2000 1449453505664 

Awaiting simulation instructions...

Awaiting simulation instructions...

Awaiting simulation instructions...

Awaiting simulation instructions...

9 RECEIVE 2500 1449453525434 

[Reducer7]: Got 91136 bytes.
9 RECEIVE 2600 1449453539065 

[Reducer7]: Got 184232 bytes.
9 RECEIVE 2700 1449453557556 

[Reducer7]: Got 376392 bytes.
9 RECEIVE 2400 1449453565927 

[Reducer7]: Got 955416 bytes.
Awaiting simulation instructions...

Awaiting simulation instructions...

Awaiting simulation instructions...

Awaiting simulation instructions...

[Reducer7]: Got 90536 bytes.
9 RECEIVE 2900 1449453582326 

9 RECEIVE 3000 1449453597702 

[Reducer7]: Got 185080 bytes.
9 RECEIVE 3100 1449453616282 

[Reducer7]: Got 375368 bytes.
9 RECEIVE 2800 1449453628271 

[Reducer7]: Got 954568 bytes.
Awaiting simulation instructions...

Awaiting simulation instructions...

Awaiting simulation instructions...

Awaiting simulation instructions...

9 RECEIVE 3300 1449453642247 

[Reducer7]: Got 88488 bytes.
9 RECEIVE 3400 1449453657418 

[Reducer7]: Got 184232 bytes.
9 RECEIVE 3500 1449453675905 

[Reducer7]: Got 377416 bytes.
9 RECEIVE 3200 1449453688825 

[Reducer7]: Got 953544 bytes.
Awaiting simulation instructions...

Awaiting simulation instructions...

Awaiting simulation instructions...

Awaiting simulation instructions...

[Reducer7]: Got 88488 bytes.
9 RECEIVE 3700 1449453703282 

9 RECEIVE 3800 1449453719240 

[Reducer7]: Got 185256 bytes.
9 RECEIVE 3900 1449453737590 

[Reducer7]: Got 376392 bytes.
9 RECEIVE 3600 1449453748507 

[Reducer7]: Got 952360 bytes.
Awaiting simulation instructions...

Awaiting simulation instructions...

Awaiting simulation instructions...

Awaiting simulation instructions...

9 RECEIVE 4100 1449453765446 

[Reducer7]: Got 91136 bytes.
9 RECEIVE 4200 1449453779266 

[Reducer7]: Got 184232 bytes.
[Reducer7]: Got 378264 bytes.
9 RECEIVE 4300 1449453793952 

9 RECEIVE 4000 1449453807835 

[Reducer7]: Got 953544 bytes.
Slave finished all tasks and exited.
logger exit
