Awaiting simulation instructions...

Awaiting simulation instructions...

Awaiting simulation instructions...

Awaiting simulation instructions...

Awaiting simulation instructions...

3 RECEIVE 100 1449453154856 

[Reducer1]: Got 89352 bytes.
3 RECEIVE 200 1449453164668 

[Reducer1]: Got 186168 bytes.
3 RECEIVE 300 1449453185663 

[Reducer1]: Got 378864 bytes.
3 RECEIVE 0 1449453204037 

[Reducer1]: Got 958152 bytes.
Awaiting simulation instructions...

Awaiting simulation instructions...

Awaiting simulation instructions...

Awaiting simulation instructions...

3 RECEIVE 500 1449453221093 

[Reducer1]: Got 91560 bytes.
3 RECEIVE 600 1449453235815 

[Reducer1]: Got 186104 bytes.
3 RECEIVE 700 1449453253141 

[Reducer1]: Got 377416 bytes.
3 RECEIVE 400 1449453264300 

[Reducer1]: Got 954216 bytes.
Awaiting simulation instructions...

Awaiting simulation instructions...

Awaiting simulation instructions...

Awaiting simulation instructions...

3 RECEIVE 900 1449453279481 

[Reducer1]: Got 90536 bytes.
3 RECEIVE 1000 1449453295535 

[Reducer1]: Got 186104 bytes.
3 RECEIVE 1100 1449453309644 

[Reducer1]: Got 379288 bytes.
3 RECEIVE 800 1449453320548 

[Reducer1]: Got 953720 bytes.
Awaiting simulation instructions...

Awaiting simulation instructions...

Awaiting simulation instructions...

Awaiting simulation instructions...

3 RECEIVE 1300 1449453340103 

[Reducer1]: Got 88488 bytes.
3 RECEIVE 1400 1449453356016 

[Reducer1]: Got 185080 bytes.
3 RECEIVE 1500 1449453372033 

[Reducer1]: Got 378264 bytes.
3 RECEIVE 1200 1449453385812 

[Reducer1]: Got 929528 bytes.
Awaiting simulation instructions...

Awaiting simulation instructions...

Awaiting simulation instructions...

Awaiting simulation instructions...

3 RECEIVE 1700 1449453400484 

[Reducer1]: Got 90536 bytes.
3 RECEIVE 1800 1449453416571 

[Reducer1]: Got 182360 bytes.
3 RECEIVE 1900 1449453433703 

[Reducer1]: Got 376392 bytes.
3 RECEIVE 1600 1449453442462 

[Reducer1]: Got 884216 bytes.
Awaiting simulation instructions...

Awaiting simulation instructions...

Awaiting simulation instructions...

Awaiting simulation instructions...

3 RECEIVE 2100 1449453460970 

[Reducer1]: Got 90536 bytes.
3 RECEIVE 2200 1449453477843 

[Reducer1]: Got 184232 bytes.
3 RECEIVE 2300 1449453492520 

[Reducer1]: Got 376392 bytes.
3 RECEIVE 2000 1449453502524 

[Reducer1]: Got 957464 bytes.
Awaiting simulation instructions...

Awaiting simulation instructions...

Awaiting simulation instructions...

Awaiting simulation instructions...

3 RECEIVE 2500 1449453523181 

[Reducer1]: Got 90536 bytes.
3 RECEIVE 2600 1449453538349 

[Reducer1]: Got 186104 bytes.
3 RECEIVE 2700 1449453556125 

[Reducer1]: Got 377416 bytes.
3 RECEIVE 2400 1449453564844 

[Reducer1]: Got 957640 bytes.
Awaiting simulation instructions...

Awaiting simulation instructions...

Awaiting simulation instructions...

Awaiting simulation instructions...

[Reducer1]: Got 88488 bytes.
3 RECEIVE 2900 1449453583359 

[Reducer1]: Got 185080 bytes.
3 RECEIVE 3000 1449453597446 

3 RECEIVE 3100 1449453615500 

[Reducer1]: Got 378264 bytes.
3 RECEIVE 2800 1449453625960 

[Reducer1]: Got 956136 bytes.
Awaiting simulation instructions...

Awaiting simulation instructions...

Awaiting simulation instructions...

Awaiting simulation instructions...

3 RECEIVE 3300 1449453640902 

[Reducer1]: Got 89512 bytes.
3 RECEIVE 3400 1449453656586 

[Reducer1]: Got 183208 bytes.
3 RECEIVE 3500 1449453673669 

[Reducer1]: Got 377416 bytes.
3 RECEIVE 3200 1449453684927 

[Reducer1]: Got 959336 bytes.
Awaiting simulation instructions...

Awaiting simulation instructions...

Awaiting simulation instructions...

Awaiting simulation instructions...

3 RECEIVE 3700 1449453702345 

[Reducer1]: Got 90536 bytes.
3 RECEIVE 3800 1449453718301 

[Reducer1]: Got 186104 bytes.
3 RECEIVE 3900 1449453735539 

[Reducer1]: Got 376392 bytes.
3 RECEIVE 3600 1449453747256 

[Reducer1]: Got 958312 bytes.
Awaiting simulation instructions...

Awaiting simulation instructions...

Awaiting simulation instructions...

Awaiting simulation instructions...

3 RECEIVE 4100 1449453762976 

[Reducer1]: Got 89512 bytes.
3 RECEIVE 4200 1449453778012 

[Reducer1]: Got 185080 bytes.
3 RECEIVE 4300 1449453792810 

[Reducer1]: Got 377416 bytes.
3 RECEIVE 4000 1449453807563 

[Reducer1]: Got 953544 bytes.
Slave finished all tasks and exited.
logger exit
