Awaiting simulation instructions...

Awaiting simulation instructions...

Awaiting simulation instructions...

Awaiting simulation instructions...

Awaiting simulation instructions...

2 RECEIVE 100 1449453161071 

[Reducer0]: Got 88504 bytes.
2 RECEIVE 200 1449453168709 

[Reducer0]: Got 185256 bytes.
2 RECEIVE 300 1449453181747 

[Reducer0]: Got 343336 bytes.
2 RECEIVE 0 1449453206589 

[Reducer0]: Got 955168 bytes.
Awaiting simulation instructions...

Awaiting simulation instructions...

Awaiting simulation instructions...

Awaiting simulation instructions...

2 RECEIVE 500 1449453220241 

[Reducer0]: Got 89512 bytes.
2 RECEIVE 600 1449453236646 

[Reducer0]: Got 186280 bytes.
2 RECEIVE 700 1449453253295 

[Reducer0]: Got 377416 bytes.
2 RECEIVE 400 1449453259614 

[Reducer0]: Got 959512 bytes.
Awaiting simulation instructions...

Awaiting simulation instructions...

Awaiting simulation instructions...

Awaiting simulation instructions...

2 RECEIVE 900 1449453279123 

[Reducer0]: Got 90536 bytes.
2 RECEIVE 1000 1449453294851 

[Reducer0]: Got 184056 bytes.
2 RECEIVE 1100 1449453312847 

[Reducer0]: Got 378264 bytes.
[Reducer0]: Got 960712 bytes.
2 RECEIVE 800 1449453326894 

Awaiting simulation instructions...

Awaiting simulation instructions...

Awaiting simulation instructions...

Awaiting simulation instructions...

2 RECEIVE 1300 1449453339849 

[Reducer0]: Got 90536 bytes.
2 RECEIVE 1400 1449453355762 

[Reducer0]: Got 184056 bytes.
2 RECEIVE 1500 1449453372197 

[Reducer0]: Got 378264 bytes.
2 RECEIVE 1200 1449453386256 

[Reducer0]: Got 957464 bytes.
Awaiting simulation instructions...

Awaiting simulation instructions...

Awaiting simulation instructions...

Awaiting simulation instructions...

2 RECEIVE 1700 1449453400053 

[Reducer0]: Got 90536 bytes.
2 RECEIVE 1800 1449453416140 

[Reducer0]: Got 185080 bytes.
2 RECEIVE 1900 1449453433847 

[Reducer0]: Got 377416 bytes.
2 RECEIVE 1600 1449453443615 

[Reducer0]: Got 957464 bytes.
Awaiting simulation instructions...

Awaiting simulation instructions...

Awaiting simulation instructions...

Awaiting simulation instructions...

2 RECEIVE 2100 1449453460876 

[Reducer0]: Got 90536 bytes.
2 RECEIVE 2200 1449453477135 

[Reducer0]: Got 185256 bytes.
2 RECEIVE 2300 1449453492679 

[Reducer0]: Got 374944 bytes.
2 RECEIVE 2000 1449453507146 

[Reducer0]: Got 958152 bytes.
Awaiting simulation instructions...

Awaiting simulation instructions...

Awaiting simulation instructions...

Awaiting simulation instructions...

2 RECEIVE 2500 1449453521850 

[Reducer0]: Got 90536 bytes.
2 RECEIVE 2600 1449453538192 

[Reducer0]: Got 186104 bytes.
2 RECEIVE 2700 1449453556203 

[Reducer0]: Got 376392 bytes.
[Reducer0]: Got 953384 bytes.
2 RECEIVE 2400 1449453567091 

Awaiting simulation instructions...

Awaiting simulation instructions...

Awaiting simulation instructions...

Awaiting simulation instructions...

2 RECEIVE 2900 1449453584588 

[Reducer0]: Got 91136 bytes.
2 RECEIVE 3000 1449453596935 

[Reducer0]: Got 185080 bytes.
2 RECEIVE 3100 1449453614445 

[Reducer0]: Got 373496 bytes.
2 RECEIVE 2800 1449453622595 

[Reducer0]: Got 960184 bytes.
Awaiting simulation instructions...

Awaiting simulation instructions...

Awaiting simulation instructions...

Awaiting simulation instructions...

2 RECEIVE 3300 1449453641083 

[Reducer0]: Got 89512 bytes.
2 RECEIVE 3400 1449453656742 

[Reducer0]: Got 183208 bytes.
2 RECEIVE 3500 1449453674561 

[Reducer0]: Got 377416 bytes.
2 RECEIVE 3200 1449453685945 

[Reducer0]: Got 958488 bytes.
Awaiting simulation instructions...

Awaiting simulation instructions...

Awaiting simulation instructions...

Awaiting simulation instructions...

2 RECEIVE 3700 1449453702159 

[Reducer0]: Got 90536 bytes.
2 RECEIVE 3800 1449453718847 

[Reducer0]: Got 185080 bytes.
[Reducer0]: Got 375368 bytes.
2 RECEIVE 3900 1449453735673 

2 RECEIVE 3600 1449453744022 

[Reducer0]: Got 871432 bytes.
Awaiting simulation instructions...

Awaiting simulation instructions...

Awaiting simulation instructions...

Awaiting simulation instructions...

2 RECEIVE 4100 1449453763266 

[Reducer0]: Got 88488 bytes.
2 RECEIVE 4200 1449453778403 

[Reducer0]: Got 186952 bytes.
2 RECEIVE 4300 1449453793202 

[Reducer0]: Got 375368 bytes.
2 RECEIVE 4000 1449453802426 

[Reducer0]: Got 959512 bytes.
Slave finished all tasks and exited.
logger exit
