Awaiting simulation instructions...

Awaiting simulation instructions...

Awaiting simulation instructions...

Awaiting simulation instructions...

Awaiting simulation instructions...

8 RECEIVE 100 1449453156046 

[Reducer6]: Got 90376 bytes.
8 RECEIVE 200 1449453174761 

[Reducer6]: Got 184056 bytes.
8 RECEIVE 300 1449453178284 

[Reducer6]: Got 378104 bytes.
[Reducer6]: Got 947592 bytes.
8 RECEIVE 0 1449453205413 

Awaiting simulation instructions...

Awaiting simulation instructions...

Awaiting simulation instructions...

Awaiting simulation instructions...

8 RECEIVE 500 1449453223223 

[Reducer6]: Got 90112 bytes.
8 RECEIVE 600 1449453236071 

[Reducer6]: Got 183384 bytes.
8 RECEIVE 700 1449453253918 

[Reducer6]: Got 376392 bytes.
[Reducer6]: Got 957288 bytes.
8 RECEIVE 400 1449453264028 

Awaiting simulation instructions...

Awaiting simulation instructions...

Awaiting simulation instructions...

Awaiting simulation instructions...

[Reducer6]: Got 89512 bytes.
8 RECEIVE 900 1449453280577 

[Reducer6]: Got 184232 bytes.
8 RECEIVE 1000 1449453294699 

8 RECEIVE 1100 1449453309806 

[Reducer6]: Got 379288 bytes.
8 RECEIVE 800 1449453324164 

[Reducer6]: Got 954568 bytes.
Awaiting simulation instructions...

Awaiting simulation instructions...

Awaiting simulation instructions...

Awaiting simulation instructions...

8 RECEIVE 1300 1449453340863 

[Reducer6]: Got 89512 bytes.
8 RECEIVE 1400 1449453356555 

[Reducer6]: Got 183384 bytes.
8 RECEIVE 1500 1449453372263 

[Reducer6]: Got 375368 bytes.
8 RECEIVE 1200 1449453385230 

[Reducer6]: Got 955592 bytes.
Awaiting simulation instructions...

Awaiting simulation instructions...

Awaiting simulation instructions...

Awaiting simulation instructions...

8 RECEIVE 1700 1449453401004 

[Reducer6]: Got 89512 bytes.
[Reducer6]: Got 186280 bytes.
8 RECEIVE 1800 1449453416945 

8 RECEIVE 1900 1449453433560 

[Reducer6]: Got 376392 bytes.
8 RECEIVE 1600 1449453447328 

[Reducer6]: Got 952520 bytes.
Awaiting simulation instructions...

Awaiting simulation instructions...

Awaiting simulation instructions...

Awaiting simulation instructions...

8 RECEIVE 2100 1449453461587 

[Reducer6]: Got 90536 bytes.
8 RECEIVE 2200 1449453477399 

[Reducer6]: Got 185256 bytes.
8 RECEIVE 2300 1449453493202 

[Reducer6]: Got 376392 bytes.
8 RECEIVE 2000 1449453506470 

[Reducer6]: Got 951512 bytes.
Awaiting simulation instructions...

Awaiting simulation instructions...

Awaiting simulation instructions...

Awaiting simulation instructions...

8 RECEIVE 2500 1449453524226 

[Reducer6]: Got 90112 bytes.
8 RECEIVE 2600 1449453538938 

[Reducer6]: Got 183384 bytes.
8 RECEIVE 2700 1449453555600 

[Reducer6]: Got 376392 bytes.
8 RECEIVE 2400 1449453567683 

[Reducer6]: Got 952360 bytes.
Awaiting simulation instructions...

Awaiting simulation instructions...

Awaiting simulation instructions...

Awaiting simulation instructions...

8 RECEIVE 2900 1449453583429 

[Reducer6]: Got 89512 bytes.
8 RECEIVE 3000 1449453597192 

[Reducer6]: Got 186104 bytes.
8 RECEIVE 3100 1449453615529 

[Reducer6]: Got 377416 bytes.
8 RECEIVE 2800 1449453627961 

[Reducer6]: Got 953720 bytes.
Awaiting simulation instructions...

Awaiting simulation instructions...

Awaiting simulation instructions...

Awaiting simulation instructions...

8 RECEIVE 3300 1449453644124 

[Reducer6]: Got 91136 bytes.
8 RECEIVE 3400 1449453657535 

[Reducer6]: Got 184232 bytes.
[Reducer6]: Got 376392 bytes.
8 RECEIVE 3500 1449453674063 

8 RECEIVE 3200 1449453686284 

[Reducer6]: Got 954568 bytes.
Awaiting simulation instructions...

Awaiting simulation instructions...

Awaiting simulation instructions...

Awaiting simulation instructions...

8 RECEIVE 3700 1449453704135 

[Reducer6]: Got 89512 bytes.
8 RECEIVE 3800 1449453719564 

[Reducer6]: Got 183384 bytes.
8 RECEIVE 3900 1449453736672 

[Reducer6]: Got 379288 bytes.
8 RECEIVE 3600 1449453748206 

[Reducer6]: Got 949464 bytes.
Awaiting simulation instructions...

Awaiting simulation instructions...

Awaiting simulation instructions...

Awaiting simulation instructions...

8 RECEIVE 4100 1449453764653 

[Reducer6]: Got 91136 bytes.
8 RECEIVE 4200 1449453779188 

[Reducer6]: Got 184232 bytes.
8 RECEIVE 4300 1449453793472 

[Reducer6]: Got 375368 bytes.
8 RECEIVE 4000 1449453807864 

[Reducer6]: Got 955416 bytes.
Slave finished all tasks and exited.
logger exit
