9 RECEIVE 300 1449453604082 
9 RECEIVE 100 1449453607118 
9 RECEIVE 200 1449453607350 
9 RECEIVE 0 1449453638557 
9 RECEIVE 600 1449453668722 
9 RECEIVE 500 1449453670099 
9 RECEIVE 700 1449453674003 
9 RECEIVE 400 1449453699093 
9 RECEIVE 1000 1449453729329 
9 RECEIVE 900 1449453731042 
9 RECEIVE 1100 1449453735271 
9 RECEIVE 800 1449453758679 
9 RECEIVE 1400 1449453791030 
9 RECEIVE 1300 1449453791084 
9 RECEIVE 1500 1449453793042 
9 RECEIVE 1200 1449453817041 
9 RECEIVE 1700 1449453847873 
9 RECEIVE 1800 1449453849846 
9 RECEIVE 1900 1449453853845 
9 RECEIVE 1600 1449453877255 
9 RECEIVE 2100 1449453909447 
9 RECEIVE 2200 1449453910631 
9 RECEIVE 2300 1449453912837 
9 RECEIVE 2000 1449453941084 
9 RECEIVE 2500 1449453969838 
9 RECEIVE 2600 1449453971672 
9 RECEIVE 2700 1449453975222 
9 RECEIVE 2400 1449454001365 
9 RECEIVE 3000 1449454030830 
9 RECEIVE 2900 1449454031065 
9 RECEIVE 3100 1449454035040 
9 RECEIVE 2800 1449454058403 
9 RECEIVE 3300 1449454090964 
9 RECEIVE 3400 1449454092822 
9 RECEIVE 3500 1449454096271 
9 RECEIVE 3200 1449454121239 
9 RECEIVE 3700 1449454149333 
9 RECEIVE 3800 1449454151887 
9 RECEIVE 3900 1449454155878 
9 RECEIVE 3600 1449454181831 
9 RECEIVE 4200 1449454212949 
9 RECEIVE 4100 1449454212995 
9 RECEIVE 4300 1449454216609 
9 RECEIVE 4000 1449454239757 
