3 RECEIVE 100 1449453604659 
3 RECEIVE 300 1449453605027 
3 RECEIVE 200 1449453605315 
3 RECEIVE 0 1449453639051 
3 RECEIVE 500 1449453666965 
3 RECEIVE 600 1449453669461 
3 RECEIVE 700 1449453673777 
3 RECEIVE 400 1449453699219 
3 RECEIVE 1000 1449453729024 
3 RECEIVE 900 1449453730170 
3 RECEIVE 1100 1449453735156 
3 RECEIVE 800 1449453756449 
3 RECEIVE 1400 1449453790145 
3 RECEIVE 1300 1449453790984 
3 RECEIVE 1500 1449453792644 
3 RECEIVE 1200 1449453813978 
3 RECEIVE 1700 1449453847334 
3 RECEIVE 1800 1449453848309 
3 RECEIVE 1900 1449453853100 
3 RECEIVE 1600 1449453877902 
3 RECEIVE 2200 1449453908283 
3 RECEIVE 2100 1449453909714 
3 RECEIVE 2300 1449453913511 
3 RECEIVE 2000 1449453937712 
3 RECEIVE 2500 1449453968764 
3 RECEIVE 2600 1449453971636 
3 RECEIVE 2700 1449453974090 
3 RECEIVE 2400 1449453995721 
3 RECEIVE 2900 1449454028706 
3 RECEIVE 3000 1449454031456 
3 RECEIVE 3100 1449454035276 
3 RECEIVE 2800 1449454058742 
3 RECEIVE 3300 1449454089457 
3 RECEIVE 3400 1449454091135 
3 RECEIVE 3500 1449454096696 
3 RECEIVE 3200 1449454117481 
3 RECEIVE 3700 1449454149909 
3 RECEIVE 3800 1449454152273 
3 RECEIVE 3900 1449454155652 
3 RECEIVE 3600 1449454176807 
3 RECEIVE 4100 1449454209951 
3 RECEIVE 4200 1449454211550 
3 RECEIVE 4300 1449454217286 
3 RECEIVE 4000 1449454238807 
