5 RECEIVE 300 1449453603026 
5 RECEIVE 200 1449453606718 
5 RECEIVE 100 1449453606963 
5 RECEIVE 0 1449453639688 
5 RECEIVE 600 1449453668020 
5 RECEIVE 500 1449453670269 
5 RECEIVE 700 1449453673098 
5 RECEIVE 400 1449453698652 
5 RECEIVE 1000 1449453729232 
5 RECEIVE 900 1449453731416 
5 RECEIVE 1100 1449453733995 
5 RECEIVE 800 1449453760456 
5 RECEIVE 1400 1449453789732 
5 RECEIVE 1300 1449453791048 
5 RECEIVE 1500 1449453793222 
5 RECEIVE 1200 1449453817565 
5 RECEIVE 1800 1449453850474 
5 RECEIVE 1700 1449453850764 
5 RECEIVE 1900 1449453853571 
5 RECEIVE 1600 1449453880566 
5 RECEIVE 2100 1449453907448 
5 RECEIVE 2200 1449453909590 
5 RECEIVE 2300 1449453913705 
5 RECEIVE 2000 1449453939476 
5 RECEIVE 2500 1449453969376 
5 RECEIVE 2600 1449453972039 
5 RECEIVE 2700 1449453975467 
5 RECEIVE 2400 1449453999841 
5 RECEIVE 2900 1449454028677 
5 RECEIVE 3000 1449454031537 
5 RECEIVE 3100 1449454034177 
5 RECEIVE 2800 1449454059740 
5 RECEIVE 3300 1449454089725 
5 RECEIVE 3400 1449454091561 
5 RECEIVE 3500 1449454095251 
5 RECEIVE 3200 1449454120560 
5 RECEIVE 3700 1449454148830 
5 RECEIVE 3800 1449454151640 
5 RECEIVE 3900 1449454154595 
5 RECEIVE 3600 1449454179484 
5 RECEIVE 4200 1449454213187 
5 RECEIVE 4100 1449454213243 
5 RECEIVE 4300 1449454217623 
5 RECEIVE 4000 1449454239505 
