8 RECEIVE 200 1449453602224 
8 RECEIVE 300 1449453603723 
8 RECEIVE 100 1449453608015 
8 RECEIVE 0 1449453637035 
8 RECEIVE 500 1449453668565 
8 RECEIVE 600 1449453669344 
8 RECEIVE 700 1449453673937 
8 RECEIVE 400 1449453699141 
8 RECEIVE 1000 1449453728574 
8 RECEIVE 900 1449453731664 
8 RECEIVE 1100 1449453735489 
8 RECEIVE 800 1449453756779 
8 RECEIVE 1400 1449453789597 
8 RECEIVE 1300 1449453791237 
8 RECEIVE 1500 1449453792889 
8 RECEIVE 1200 1449453819272 
8 RECEIVE 1700 1449453848226 
8 RECEIVE 1800 1449453850594 
8 RECEIVE 1900 1449453852848 
8 RECEIVE 1600 1449453880818 
8 RECEIVE 2200 1449453909535 
8 RECEIVE 2100 1449453910384 
8 RECEIVE 2300 1449453913135 
8 RECEIVE 2000 1449453938740 
8 RECEIVE 2500 1449453969666 
8 RECEIVE 2600 1449453971252 
8 RECEIVE 2700 1449453974562 
8 RECEIVE 2400 1449453997109 
8 RECEIVE 2900 1449454030352 
8 RECEIVE 3000 1449454031476 
8 RECEIVE 3100 1449454033992 
8 RECEIVE 2800 1449454061410 
8 RECEIVE 3300 1449454090714 
8 RECEIVE 3400 1449454092529 
8 RECEIVE 3500 1449454096492 
8 RECEIVE 3200 1449454120919 
8 RECEIVE 3700 1449454149011 
8 RECEIVE 3800 1449454151980 
8 RECEIVE 3900 1449454155744 
8 RECEIVE 3600 1449454179922 
8 RECEIVE 4200 1449454212769 
8 RECEIVE 4100 1449454212864 
8 RECEIVE 4300 1449454217747 
8 RECEIVE 4000 1449454240184 
