2 RECEIVE 300 1449453605173 
2 RECEIVE 100 1449453607676 
2 RECEIVE 200 1449453608216 
2 RECEIVE 0 1449453636444 
2 RECEIVE 500 1449453667132 
2 RECEIVE 600 1449453667420 
2 RECEIVE 700 1449453673260 
2 RECEIVE 400 1449453693979 
2 RECEIVE 1000 1449453728398 
2 RECEIVE 900 1449453729747 
2 RECEIVE 1100 1449453735142 
2 RECEIVE 800 1449453759950 
2 RECEIVE 1300 1449453790261 
2 RECEIVE 1400 1449453790797 
2 RECEIVE 1500 1449453792775 
2 RECEIVE 1200 1449453812872 
2 RECEIVE 1700 1449453850132 
2 RECEIVE 1800 1449453850207 
2 RECEIVE 1900 1449453853454 
2 RECEIVE 1600 1449453873874 
2 RECEIVE 2100 1449453907702 
2 RECEIVE 2200 1449453907912 
2 RECEIVE 2300 1449453912668 
2 RECEIVE 2000 1449453938099 
2 RECEIVE 2500 1449453968593 
2 RECEIVE 2600 1449453971690 
2 RECEIVE 2700 1449453973859 
2 RECEIVE 2400 1449453996411 
2 RECEIVE 2900 1449454029499 
2 RECEIVE 3000 1449454031189 
2 RECEIVE 3100 1449454034475 
2 RECEIVE 2800 1449454055348 
2 RECEIVE 3300 1449454089343 
2 RECEIVE 3400 1449454090669 
2 RECEIVE 3500 1449454096653 
2 RECEIVE 3200 1449454117092 
2 RECEIVE 3700 1449454149505 
2 RECEIVE 3800 1449454150262 
2 RECEIVE 3900 1449454154394 
2 RECEIVE 3600 1449454176100 
2 RECEIVE 4100 1449454210094 
2 RECEIVE 4200 1449454212584 
2 RECEIVE 4300 1449454216246 
2 RECEIVE 4000 1449454238069 
