7 RECEIVE 300 1449453604320 
7 RECEIVE 100 1449453606769 
7 RECEIVE 200 1449453608061 
7 RECEIVE 0 1449453637422 
7 RECEIVE 600 1449453667678 
7 RECEIVE 500 1449453669798 
7 RECEIVE 700 1449453674030 
7 RECEIVE 400 1449453698782 
7 RECEIVE 1000 1449453729442 
7 RECEIVE 900 1449453730785 
7 RECEIVE 1100 1449453734579 
7 RECEIVE 800 1449453758398 
7 RECEIVE 1300 1449453787784 
7 RECEIVE 1400 1449453789701 
7 RECEIVE 1500 1449453791643 
7 RECEIVE 1200 1449453819000 
7 RECEIVE 1700 1449453848045 
7 RECEIVE 1800 1449453848842 
7 RECEIVE 1900 1449453853643 
7 RECEIVE 1600 1449453879298 
7 RECEIVE 2100 1449453908454 
7 RECEIVE 2200 1449453910318 
7 RECEIVE 2300 1449453914276 
7 RECEIVE 2000 1449453939777 
7 RECEIVE 2500 1449453968984 
7 RECEIVE 2600 1449453971327 
7 RECEIVE 2700 1449453975280 
7 RECEIVE 2400 1449454000165 
7 RECEIVE 3000 1449454029020 
7 RECEIVE 2900 1449454029567 
7 RECEIVE 3100 1449454034945 
7 RECEIVE 2800 1449454061371 
7 RECEIVE 3300 1449454090294 
7 RECEIVE 3400 1449454091954 
7 RECEIVE 3500 1449454096584 
7 RECEIVE 3200 1449454117830 
7 RECEIVE 3700 1449454149964 
7 RECEIVE 3800 1449454150890 
7 RECEIVE 3900 1449454155764 
7 RECEIVE 3600 1449454182345 
7 RECEIVE 4100 1449454210934 
7 RECEIVE 4200 1449454213403 
7 RECEIVE 4300 1449454217380 
7 RECEIVE 4000 1449454238458 
