4 RECEIVE 200 1449453602838 
4 RECEIVE 100 1449453603937 
4 RECEIVE 300 1449453605681 
4 RECEIVE 0 1449453636511 
4 RECEIVE 600 1449453668908 
4 RECEIVE 500 1449453670177 
4 RECEIVE 700 1449453673362 
4 RECEIVE 400 1449453696935 
4 RECEIVE 1000 1449453729592 
4 RECEIVE 900 1449453731361 
4 RECEIVE 1100 1449453734555 
4 RECEIVE 800 1449453759824 
4 RECEIVE 1300 1449453788135 
4 RECEIVE 1400 1449453788905 
4 RECEIVE 1500 1449453792578 
4 RECEIVE 1200 1449453820475 
4 RECEIVE 1700 1449453847506 
4 RECEIVE 1800 1449453848670 
4 RECEIVE 1900 1449453853663 
4 RECEIVE 1600 1449453878212 
4 RECEIVE 2200 1449453908597 
4 RECEIVE 2100 1449453910682 
4 RECEIVE 2300 1449453914151 
4 RECEIVE 2000 1449453938420 
4 RECEIVE 2500 1449453969461 
4 RECEIVE 2600 1449453971867 
4 RECEIVE 2700 1449453974722 
4 RECEIVE 2400 1449453999569 
4 RECEIVE 2900 1449454029722 
4 RECEIVE 3000 1449454031255 
4 RECEIVE 3100 1449454033696 
4 RECEIVE 2800 1449454059372 
4 RECEIVE 3300 1449454089970 
4 RECEIVE 3400 1449454091307 
4 RECEIVE 3500 1449454095421 
4 RECEIVE 3200 1449454121818 
4 RECEIVE 3700 1449454151761 
4 RECEIVE 3800 1449454151931 
4 RECEIVE 3900 1449454154774 
4 RECEIVE 3600 1449454177195 
4 RECEIVE 4100 1449454210440 
4 RECEIVE 4200 1449454212636 
4 RECEIVE 4300 1449454217436 
4 RECEIVE 4000 1449454241538 
