6 RECEIVE 100 1449453603205 
6 RECEIVE 300 1449453603341 
6 RECEIVE 200 1449453607508 
6 RECEIVE 0 1449453640240 
6 RECEIVE 500 1449453670334 
6 RECEIVE 600 1449453670522 
6 RECEIVE 700 1449453672402 
6 RECEIVE 400 1449453697653 
6 RECEIVE 1000 1449453728966 
6 RECEIVE 900 1449453731501 
6 RECEIVE 1100 1449453735176 
6 RECEIVE 800 1449453755894 
6 RECEIVE 1300 1449453790970 
6 RECEIVE 1400 1449453791274 
6 RECEIVE 1500 1449453792387 
6 RECEIVE 1200 1449453819845 
6 RECEIVE 1700 1449453849673 
6 RECEIVE 1800 1449453850640 
6 RECEIVE 1900 1449453852331 
6 RECEIVE 1600 1449453878571 
6 RECEIVE 2100 1449453908798 
6 RECEIVE 2200 1449453909829 
6 RECEIVE 2300 1449453913856 
6 RECEIVE 2000 1449453939060 
6 RECEIVE 2500 1449453969166 
6 RECEIVE 2600 1449453971560 
6 RECEIVE 2700 1449453975370 
6 RECEIVE 2400 1449453996740 
6 RECEIVE 3000 1449454030493 
6 RECEIVE 2900 1449454031000 
6 RECEIVE 3100 1449454035151 
6 RECEIVE 2800 1449454061118 
6 RECEIVE 3300 1449454090122 
6 RECEIVE 3400 1449454092927 
6 RECEIVE 3500 1449454095079 
6 RECEIVE 3200 1449454118324 
6 RECEIVE 3800 1449454150517 
6 RECEIVE 3700 1449454152188 
6 RECEIVE 3900 1449454155895 
6 RECEIVE 3600 1449454181166 
6 RECEIVE 4100 1449454210612 
6 RECEIVE 4200 1449454211173 
6 RECEIVE 4300 1449454217509 
6 RECEIVE 4000 1449454242584 
