11 RECEIVE 300 1449453604722 
11 RECEIVE 100 1449453606417 
11 RECEIVE 200 1449453609480 
11 RECEIVE 0 1449453639873 
11 RECEIVE 500 1449453669825 
11 RECEIVE 600 1449453670429 
11 RECEIVE 700 1449453673421 
11 RECEIVE 400 1449453700158 
11 RECEIVE 1000 1449453730003 
11 RECEIVE 900 1449453730902 
11 RECEIVE 1100 1449453735346 
11 RECEIVE 800 1449453759008 
11 RECEIVE 1300 1449453789560 
11 RECEIVE 1400 1449453790125 
11 RECEIVE 1500 1449453793108 
11 RECEIVE 1200 1449453820165 
11 RECEIVE 1800 1449453849989 
11 RECEIVE 1700 1449453850567 
11 RECEIVE 1900 1449453853930 
11 RECEIVE 1600 1449453880219 
11 RECEIVE 2200 1449453910719 
11 RECEIVE 2100 1449453910932 
11 RECEIVE 2300 1449453914171 
11 RECEIVE 2000 1449453941366 
11 RECEIVE 2500 1449453970365 
11 RECEIVE 2600 1449453971774 
11 RECEIVE 2700 1449453975297 
11 RECEIVE 2400 1449454001066 
11 RECEIVE 3000 1449454031490 
11 RECEIVE 2900 1449454031670 
11 RECEIVE 3100 1449454034625 
11 RECEIVE 2800 1449454061867 
11 RECEIVE 3400 1449454092322 
11 RECEIVE 3300 1449454092454 
11 RECEIVE 3500 1449454096417 
11 RECEIVE 3200 1449454122087 
11 RECEIVE 3700 1449454150670 
11 RECEIVE 3800 1449454151419 
11 RECEIVE 3900 1449454155727 
11 RECEIVE 3600 1449454182083 
11 RECEIVE 4100 1449454211497 
11 RECEIVE 4200 1449454213486 
11 RECEIVE 4300 1449454217679 
11 RECEIVE 4000 1449454242305 
