1 SEND 0 1449453595395 
1 SEND 0 1449453595404 
1 SEND 0 1449453595405 
1 SEND 0 1449453595405 
1 SEND 0 1449453595407 
1 SEND 0 1449453595410 
1 SEND 0 1449453595419 
1 SEND 0 1449453595426 
1 SEND 0 1449453595438 
1 SEND 0 1449453595447 
1 SEND 100 1449453595491 
1 SEND 100 1449453595494 
1 SEND 100 1449453595494 
1 SEND 100 1449453595496 
1 SEND 100 1449453595497 
1 SEND 100 1449453595499 
1 SEND 100 1449453595501 
1 SEND 100 1449453595506 
1 SEND 100 1449453595515 
1 SEND 100 1449453595519 
1 SEND 200 1449453595607 
1 SEND 200 1449453595608 
1 SEND 200 1449453595609 
1 SEND 200 1449453595618 
1 SEND 200 1449453595621 
1 SEND 200 1449453595621 
1 SEND 200 1449453595623 
1 SEND 200 1449453595629 
1 SEND 200 1449453595634 
1 SEND 200 1449453595635 
1 SEND 300 1449453595726 
1 SEND 300 1449453595726 
1 SEND 300 1449453595726 
1 SEND 300 1449453595729 
1 SEND 300 1449453595730 
1 SEND 300 1449453595731 
1 SEND 300 1449453595733 
1 SEND 300 1449453595733 
1 SEND 300 1449453595735 
1 SEND 300 1449453595746 
1 SEND 400 1449453655804 
1 SEND 400 1449453655813 
1 SEND 400 1449453655813 
1 SEND 400 1449453655814 
1 SEND 400 1449453655815 
1 SEND 400 1449453655815 
1 SEND 400 1449453655817 
1 SEND 400 1449453655817 
1 SEND 400 1449453655825 
1 SEND 400 1449453655984 
1 SEND 500 1449453656823 
1 SEND 500 1449453656823 
1 SEND 600 1449453656823 
1 SEND 500 1449453656824 
1 SEND 600 1449453656834 
1 SEND 600 1449453656838 
1 SEND 500 1449453656838 
1 SEND 500 1449453656838 
1 SEND 600 1449453656838 
1 SEND 500 1449453656839 
1 SEND 500 1449453656839 
1 SEND 500 1449453656840 
1 SEND 500 1449453656841 
1 SEND 600 1449453656841 
1 SEND 500 1449453656841 
1 SEND 600 1449453656841 
1 SEND 600 1449453656841 
1 SEND 600 1449453656841 
1 SEND 600 1449453656843 
1 SEND 600 1449453656844 
1 SEND 700 1449453657637 
1 SEND 700 1449453657638 
1 SEND 700 1449453657638 
1 SEND 700 1449453657640 
1 SEND 700 1449453657640 
1 SEND 700 1449453657640 
1 SEND 700 1449453657642 
1 SEND 700 1449453657642 
1 SEND 700 1449453657642 
1 SEND 700 1449453657642 
1 SEND 800 1449453716154 
1 SEND 800 1449453716156 
1 SEND 800 1449453716157 
1 SEND 800 1449453716157 
1 SEND 800 1449453716157 
1 SEND 800 1449453716157 
1 SEND 800 1449453716157 
1 SEND 800 1449453716158 
1 SEND 800 1449453716158 
1 SEND 800 1449453716163 
1 SEND 1000 1449453717039 
1 SEND 1000 1449453717040 
1 SEND 900 1449453717040 
1 SEND 1000 1449453717040 
1 SEND 1000 1449453717040 
1 SEND 1000 1449453717041 
1 SEND 1000 1449453717041 
1 SEND 1000 1449453717042 
1 SEND 1000 1449453717042 
1 SEND 1000 1449453717049 
1 SEND 1000 1449453717052 
1 SEND 900 1449453717069 
1 SEND 900 1449453717096 
1 SEND 900 1449453717096 
1 SEND 900 1449453717097 
1 SEND 900 1449453717097 
1 SEND 900 1449453717098 
1 SEND 900 1449453717098 
1 SEND 900 1449453717099 
1 SEND 900 1449453717108 
1 SEND 1100 1449453717822 
1 SEND 1100 1449453717822 
1 SEND 1100 1449453717823 
1 SEND 1100 1449453717823 
1 SEND 1100 1449453717823 
1 SEND 1100 1449453717823 
1 SEND 1100 1449453717823 
1 SEND 1100 1449453717824 
1 SEND 1100 1449453717825 
1 SEND 1100 1449453717826 
1 SEND 1200 1449453776401 
1 SEND 1200 1449453776404 
1 SEND 1200 1449453776407 
1 SEND 1200 1449453776467 
1 SEND 1200 1449453776468 
1 SEND 1200 1449453776553 
1 SEND 1200 1449453776560 
1 SEND 1200 1449453776567 
1 SEND 1200 1449453776567 
1 SEND 1200 1449453776568 
1 SEND 1300 1449453777339 
1 SEND 1300 1449453777339 
1 SEND 1300 1449453777340 
1 SEND 1400 1449453777341 
1 SEND 1300 1449453777341 
1 SEND 1300 1449453777341 
1 SEND 1400 1449453777341 
1 SEND 1300 1449453777341 
1 SEND 1400 1449453777342 
1 SEND 1400 1449453777343 
1 SEND 1300 1449453777343 
1 SEND 1300 1449453777343 
1 SEND 1400 1449453777343 
1 SEND 1300 1449453777346 
1 SEND 1400 1449453777346 
1 SEND 1300 1449453777347 
1 SEND 1400 1449453777347 
1 SEND 1400 1449453777347 
1 SEND 1400 1449453777348 
1 SEND 1400 1449453777348 
1 SEND 1500 1449453777485 
1 SEND 1500 1449453777486 
1 SEND 1500 1449453777486 
1 SEND 1500 1449453777486 
1 SEND 1500 1449453777486 
1 SEND 1500 1449453777486 
1 SEND 1500 1449453777486 
1 SEND 1500 1449453777487 
1 SEND 1500 1449453777487 
1 SEND 1500 1449453777487 
1 SEND 1600 1449453836686 
1 SEND 1600 1449453836698 
1 SEND 1600 1449453836700 
1 SEND 1600 1449453836702 
1 SEND 1600 1449453836703 
1 SEND 1600 1449453836705 
1 SEND 1600 1449453836809 
1 SEND 1600 1449453836952 
1 SEND 1600 1449453837002 
1 SEND 1600 1449453837003 
1 SEND 1700 1449453837484 
1 SEND 1700 1449453837486 
1 SEND 1700 1449453837486 
1 SEND 1700 1449453837487 
1 SEND 1800 1449453837487 
1 SEND 1700 1449453837488 
1 SEND 1700 1449453837488 
1 SEND 1700 1449453837488 
1 SEND 1700 1449453837488 
1 SEND 1800 1449453837489 
1 SEND 1800 1449453837489 
1 SEND 1700 1449453837496 
1 SEND 1800 1449453837498 
1 SEND 1800 1449453837498 
1 SEND 1800 1449453837498 
1 SEND 1700 1449453837499 
1 SEND 1800 1449453837499 
1 SEND 1800 1449453837499 
1 SEND 1800 1449453837499 
1 SEND 1800 1449453837499 
1 SEND 1900 1449453838061 
1 SEND 1900 1449453838062 
1 SEND 1900 1449453838062 
1 SEND 1900 1449453838062 
1 SEND 1900 1449453838063 
1 SEND 1900 1449453838063 
1 SEND 1900 1449453838063 
1 SEND 1900 1449453838064 
1 SEND 1900 1449453838065 
1 SEND 1900 1449453838065 
1 SEND 2000 1449453896979 
1 SEND 2000 1449453896982 
1 SEND 2000 1449453896982 
1 SEND 2000 1449453896982 
1 SEND 2000 1449453896984 
1 SEND 2000 1449453896984 
1 SEND 2000 1449453896984 
1 SEND 2000 1449453896984 
1 SEND 2000 1449453897340 
1 SEND 2000 1449453897342 
1 SEND 2100 1449453897832 
1 SEND 2100 1449453897832 
1 SEND 2100 1449453897832 
1 SEND 2200 1449453897832 
1 SEND 2100 1449453897834 
1 SEND 2200 1449453897835 
1 SEND 2200 1449453897837 
1 SEND 2200 1449453897837 
1 SEND 2200 1449453897837 
1 SEND 2100 1449453897838 
1 SEND 2100 1449453897838 
1 SEND 2100 1449453897842 
1 SEND 2200 1449453897845 
1 SEND 2200 1449453897845 
1 SEND 2200 1449453897845 
1 SEND 2100 1449453897847 
1 SEND 2100 1449453897848 
1 SEND 2100 1449453897851 
1 SEND 2200 1449453897852 
1 SEND 2200 1449453897852 
1 SEND 2300 1449453898495 
1 SEND 2300 1449453898496 
1 SEND 2300 1449453898496 
1 SEND 2300 1449453898496 
1 SEND 2300 1449453898496 
1 SEND 2300 1449453898498 
1 SEND 2300 1449453898498 
1 SEND 2300 1449453898499 
1 SEND 2300 1449453898499 
1 SEND 2300 1449453898499 
1 SEND 2400 1449453957250 
1 SEND 2400 1449453957252 
1 SEND 2400 1449453957254 
1 SEND 2400 1449453957254 
1 SEND 2400 1449453957255 
1 SEND 2400 1449453957255 
1 SEND 2400 1449453957255 
1 SEND 2400 1449453957299 
1 SEND 2400 1449453957599 
1 SEND 2400 1449453957601 
1 SEND 2500 1449453957997 
1 SEND 2500 1449453957999 
1 SEND 2500 1449453958000 
1 SEND 2500 1449453958000 
1 SEND 2500 1449453958000 
1 SEND 2500 1449453958002 
1 SEND 2500 1449453958024 
1 SEND 2500 1449453958025 
1 SEND 2600 1449453958026 
1 SEND 2600 1449453958026 
1 SEND 2600 1449453958027 
1 SEND 2600 1449453958027 
1 SEND 2500 1449453958028 
1 SEND 2500 1449453958028 
1 SEND 2600 1449453958028 
1 SEND 2600 1449453958028 
1 SEND 2600 1449453958029 
1 SEND 2600 1449453958030 
1 SEND 2600 1449453958030 
1 SEND 2600 1449453958030 
1 SEND 2700 1449453958707 
1 SEND 2700 1449453958707 
1 SEND 2700 1449453958708 
1 SEND 2700 1449453958709 
1 SEND 2700 1449453958709 
1 SEND 2700 1449453958709 
1 SEND 2700 1449453958709 
1 SEND 2700 1449453958710 
1 SEND 2700 1449453958710 
1 SEND 2700 1449453958711 
1 SEND 2800 1449454017496 
1 SEND 2800 1449454017500 
1 SEND 2800 1449454017500 
1 SEND 2800 1449454017501 
1 SEND 2800 1449454017502 
1 SEND 2800 1449454017504 
1 SEND 2800 1449454017609 
1 SEND 2800 1449454017703 
1 SEND 2800 1449454017737 
1 SEND 2800 1449454017751 
1 SEND 2900 1449454018207 
1 SEND 3000 1449454018207 
1 SEND 2900 1449454018207 
1 SEND 3000 1449454018207 
1 SEND 2900 1449454018207 
1 SEND 3000 1449454018208 
1 SEND 2900 1449454018208 
1 SEND 2900 1449454018208 
1 SEND 2900 1449454018208 
1 SEND 2900 1449454018208 
1 SEND 2900 1449454018208 
1 SEND 2900 1449454018208 
1 SEND 3000 1449454018209 
1 SEND 2900 1449454018209 
1 SEND 3000 1449454018209 
1 SEND 3000 1449454018212 
1 SEND 3000 1449454018215 
1 SEND 3000 1449454018215 
1 SEND 3000 1449454018217 
1 SEND 3000 1449454018217 
1 SEND 3100 1449454018904 
1 SEND 3100 1449454018904 
1 SEND 3100 1449454018905 
1 SEND 3100 1449454018905 
1 SEND 3100 1449454018905 
1 SEND 3100 1449454018906 
1 SEND 3100 1449454018906 
1 SEND 3100 1449454018906 
1 SEND 3100 1449454018908 
1 SEND 3100 1449454018909 
1 SEND 3200 1449454077731 
1 SEND 3200 1449454077733 
1 SEND 3200 1449454077734 
1 SEND 3200 1449454077734 
1 SEND 3200 1449454077735 
1 SEND 3200 1449454077735 
1 SEND 3200 1449454077737 
1 SEND 3200 1449454077737 
1 SEND 3200 1449454077739 
1 SEND 3200 1449454077740 
1 SEND 3300 1449454078605 
1 SEND 3300 1449454078605 
1 SEND 3300 1449454078607 
1 SEND 3300 1449454078607 
1 SEND 3300 1449454078609 
1 SEND 3300 1449454078616 
1 SEND 3300 1449454078619 
1 SEND 3400 1449454078619 
1 SEND 3300 1449454078641 
1 SEND 3400 1449454078643 
1 SEND 3400 1449454078644 
1 SEND 3400 1449454078649 
1 SEND 3300 1449454078649 
1 SEND 3400 1449454078649 
1 SEND 3300 1449454078649 
1 SEND 3400 1449454078649 
1 SEND 3400 1449454078650 
1 SEND 3400 1449454078650 
1 SEND 3400 1449454078650 
1 SEND 3400 1449454078662 
1 SEND 3500 1449454079495 
1 SEND 3500 1449454079498 
1 SEND 3500 1449454079498 
1 SEND 3500 1449454079498 
1 SEND 3500 1449454079498 
1 SEND 3500 1449454079499 
1 SEND 3500 1449454079501 
1 SEND 3500 1449454079501 
1 SEND 3500 1449454079502 
1 SEND 3500 1449454079503 
1 SEND 3600 1449454137968 
1 SEND 3600 1449454137971 
1 SEND 3600 1449454137973 
1 SEND 3600 1449454137973 
1 SEND 3600 1449454137973 
1 SEND 3600 1449454137974 
1 SEND 3600 1449454137977 
1 SEND 3600 1449454138223 
1 SEND 3600 1449454138270 
1 SEND 3600 1449454138313 
1 SEND 3700 1449454138665 
1 SEND 3700 1449454138667 
1 SEND 3700 1449454138667 
1 SEND 3700 1449454138668 
1 SEND 3800 1449454138669 
1 SEND 3700 1449454138669 
1 SEND 3700 1449454138669 
1 SEND 3700 1449454138670 
1 SEND 3800 1449454138670 
1 SEND 3700 1449454138670 
1 SEND 3800 1449454138670 
1 SEND 3800 1449454138671 
1 SEND 3800 1449454138671 
1 SEND 3800 1449454138671 
1 SEND 3800 1449454138671 
1 SEND 3700 1449454138671 
1 SEND 3800 1449454138671 
1 SEND 3800 1449454138675 
1 SEND 3700 1449454138684 
1 SEND 3800 1449454138685 
1 SEND 3900 1449454139425 
1 SEND 3900 1449454139426 
1 SEND 3900 1449454139427 
1 SEND 3900 1449454139427 
1 SEND 3900 1449454139427 
1 SEND 3900 1449454139427 
1 SEND 3900 1449454139428 
1 SEND 3900 1449454139428 
1 SEND 3900 1449454139430 
1 SEND 3900 1449454139430 
1 SEND 4000 1449454198187 
1 SEND 4000 1449454198187 
1 SEND 4000 1449454198188 
1 SEND 4000 1449454198190 
1 SEND 4000 1449454198190 
1 SEND 4000 1449454198190 
1 SEND 4000 1449454198191 
1 SEND 4000 1449454198192 
1 SEND 4000 1449454198193 
1 SEND 4000 1449454198194 
1 SEND 4100 1449454199016 
1 SEND 4100 1449454199016 
1 SEND 4100 1449454199026 
1 SEND 4100 1449454199028 
1 SEND 4100 1449454199028 
1 SEND 4100 1449454199028 
1 SEND 4100 1449454199028 
1 SEND 4200 1449454199029 
1 SEND 4200 1449454199030 
1 SEND 4200 1449454199031 
1 SEND 4200 1449454199031 
1 SEND 4100 1449454199031 
1 SEND 4200 1449454199031 
1 SEND 4100 1449454199031 
1 SEND 4200 1449454199031 
1 SEND 4200 1449454199032 
1 SEND 4100 1449454199032 
1 SEND 4200 1449454199032 
1 SEND 4200 1449454199036 
1 SEND 4200 1449454199038 
1 SEND 4300 1449454200006 
1 SEND 4300 1449454200006 
1 SEND 4300 1449454200006 
1 SEND 4300 1449454200007 
1 SEND 4300 1449454200007 
1 SEND 4300 1449454200007 
1 SEND 4300 1449454200007 
1 SEND 4300 1449454200007 
1 SEND 4300 1449454200007 
1 SEND 4300 1449454200007 
