Awaiting simulation instructions...

Awaiting simulation instructions...

Awaiting simulation instructions...

Awaiting simulation instructions...

Awaiting simulation instructions...

7 RECEIVE 100 1449451954635 

[Reducer5]: Got 90112 bytes.
7 RECEIVE 200 1449451966929 

[Reducer5]: Got 186704 bytes.
7 RECEIVE 300 1449451971109 

[Reducer5]: Got 378104 bytes.
7 RECEIVE 0 1449451995450 

[Reducer5]: Got 956016 bytes.
Awaiting simulation instructions...

Awaiting simulation instructions...

Awaiting simulation instructions...

Awaiting simulation instructions...

7 RECEIVE 500 1449452017359 

[Reducer5]: Got 90112 bytes.
7 RECEIVE 600 1449452031071 

[Reducer5]: Got 184232 bytes.
[Reducer5]: Got 377416 bytes.
7 RECEIVE 700 1449452049086 

7 RECEIVE 400 1449452059138 

[Reducer5]: Got 953936 bytes.
Awaiting simulation instructions...

Awaiting simulation instructions...

Awaiting simulation instructions...

Awaiting simulation instructions...

7 RECEIVE 900 1449452076140 

[Reducer5]: Got 91136 bytes.
7 RECEIVE 1000 1449452089217 

[Reducer5]: Got 186104 bytes.
[Reducer5]: Got 377416 bytes.
7 RECEIVE 1100 1449452105921 

7 RECEIVE 800 1449452117982 

[Reducer5]: Got 958488 bytes.
Awaiting simulation instructions...

Awaiting simulation instructions...

Awaiting simulation instructions...

Awaiting simulation instructions...

7 RECEIVE 1300 1449452136344 

[Reducer5]: Got 91136 bytes.
7 RECEIVE 1400 1449452150968 

[Reducer5]: Got 185256 bytes.
[Reducer5]: Got 376816 bytes.
7 RECEIVE 1500 1449452166672 

7 RECEIVE 1200 1449452180212 

[Reducer5]: Got 955168 bytes.
Awaiting simulation instructions...

Awaiting simulation instructions...

Awaiting simulation instructions...

Awaiting simulation instructions...

7 RECEIVE 1700 1449452197887 

[Reducer5]: Got 91136 bytes.
7 RECEIVE 1800 1449452212097 

[Reducer5]: Got 184056 bytes.
[Reducer5]: Got 374944 bytes.
7 RECEIVE 1900 1449452229223 

7 RECEIVE 1600 1449452240328 

[Reducer5]: Got 956440 bytes.
Awaiting simulation instructions...

Awaiting simulation instructions...

Awaiting simulation instructions...

Awaiting simulation instructions...

[Reducer5]: Got 90536 bytes.
7 RECEIVE 2100 1449452255727 

7 RECEIVE 2200 1449452270665 

[Reducer5]: Got 182360 bytes.
7 RECEIVE 2300 1449452289143 

[Reducer5]: Got 377416 bytes.
7 RECEIVE 2000 1449452300994 

[Reducer5]: Got 952360 bytes.
Awaiting simulation instructions...

Awaiting simulation instructions...

Awaiting simulation instructions...

Awaiting simulation instructions...

7 RECEIVE 2500 1449452316540 

[Reducer5]: Got 89512 bytes.
7 RECEIVE 2600 1449452333318 

[Reducer5]: Got 184232 bytes.
7 RECEIVE 2700 1449452349476 

[Reducer5]: Got 374520 bytes.
7 RECEIVE 2400 1449452361395 

[Reducer5]: Got 954408 bytes.
Awaiting simulation instructions...

Awaiting simulation instructions...

Awaiting simulation instructions...

Awaiting simulation instructions...

[Reducer5]: Got 90536 bytes.
7 RECEIVE 2900 1449452377531 

7 RECEIVE 3000 1449452392188 

[Reducer5]: Got 184232 bytes.
7 RECEIVE 3100 1449452407830 

[Reducer5]: Got 377416 bytes.
7 RECEIVE 2800 1449452415888 

[Reducer5]: Got 958824 bytes.
Awaiting simulation instructions...

Awaiting simulation instructions...

Awaiting simulation instructions...

Awaiting simulation instructions...

7 RECEIVE 3300 1449452438319 

[Reducer5]: Got 91136 bytes.
7 RECEIVE 3400 1449452451448 

[Reducer5]: Got 185080 bytes.
7 RECEIVE 3500 1449452468333 

[Reducer5]: Got 378264 bytes.
[Reducer5]: Got 956616 bytes.
7 RECEIVE 3200 1449452482722 

Awaiting simulation instructions...

Awaiting simulation instructions...

Awaiting simulation instructions...

Awaiting simulation instructions...

[Reducer5]: Got 88064 bytes.
7 RECEIVE 3700 1449452496545 

[Reducer5]: Got 185256 bytes.
7 RECEIVE 3800 1449452512203 

7 RECEIVE 3900 1449452529946 

[Reducer5]: Got 376392 bytes.
7 RECEIVE 3600 1449452538584 

[Reducer5]: Got 956616 bytes.
Awaiting simulation instructions...

Awaiting simulation instructions...

Awaiting simulation instructions...

Awaiting simulation instructions...

7 RECEIVE 4100 1449452556512 

[Reducer5]: Got 88488 bytes.
7 RECEIVE 4200 1449452572274 

[Reducer5]: Got 183208 bytes.
7 RECEIVE 4300 1449452588987 

[Reducer5]: Got 377416 bytes.
7 RECEIVE 4000 1449452601846 

[Reducer5]: Got 953544 bytes.
Slave finished all tasks and exited.
logger exit
