Awaiting simulation instructions...

Awaiting simulation instructions...

Awaiting simulation instructions...

Awaiting simulation instructions...

Awaiting simulation instructions...

2 RECEIVE 100 1449451950821 

[Reducer0]: Got 89528 bytes.
2 RECEIVE 200 1449451958586 

[Reducer0]: Got 187016 bytes.
2 RECEIVE 300 1449451973406 

[Reducer0]: Got 378152 bytes.
2 RECEIVE 0 1449451996739 

[Reducer0]: Got 926208 bytes.
Awaiting simulation instructions...

Awaiting simulation instructions...

Awaiting simulation instructions...

Awaiting simulation instructions...

[Reducer0]: Got 90536 bytes.
2 RECEIVE 500 1449452014478 

2 RECEIVE 600 1449452030817 

[Reducer0]: Got 184056 bytes.
2 RECEIVE 700 1449452049413 

[Reducer0]: Got 376392 bytes.
2 RECEIVE 400 1449452050361 

[Reducer0]: Got 958968 bytes.
Awaiting simulation instructions...

Awaiting simulation instructions...

Awaiting simulation instructions...

Awaiting simulation instructions...

2 RECEIVE 900 1449452075633 

[Reducer0]: Got 91136 bytes.
2 RECEIVE 1000 1449452089647 

[Reducer0]: Got 186280 bytes.
2 RECEIVE 1100 1449452105777 

[Reducer0]: Got 376392 bytes.
2 RECEIVE 800 1449452114628 

[Reducer0]: Got 958488 bytes.
Awaiting simulation instructions...

Awaiting simulation instructions...

Awaiting simulation instructions...

Awaiting simulation instructions...

2 RECEIVE 1300 1449452134122 

[Reducer0]: Got 90536 bytes.
2 RECEIVE 1400 1449452149762 

[Reducer0]: Got 185080 bytes.
2 RECEIVE 1500 1449452166113 

[Reducer0]: Got 378264 bytes.
[Reducer0]: Got 957288 bytes.
2 RECEIVE 1200 1449452177605 

Awaiting simulation instructions...

Awaiting simulation instructions...

Awaiting simulation instructions...

Awaiting simulation instructions...

2 RECEIVE 1700 1449452194924 

[Reducer0]: Got 88488 bytes.
2 RECEIVE 1800 1449452211449 

[Reducer0]: Got 186104 bytes.
2 RECEIVE 1900 1449452229537 

[Reducer0]: Got 378264 bytes.
2 RECEIVE 1600 1449452239872 

[Reducer0]: Got 958312 bytes.
Awaiting simulation instructions...

Awaiting simulation instructions...

Awaiting simulation instructions...

Awaiting simulation instructions...

2 RECEIVE 2100 1449452254449 

[Reducer0]: Got 89512 bytes.
2 RECEIVE 2200 1449452270831 

[Reducer0]: Got 185256 bytes.
2 RECEIVE 2300 1449452286903 

[Reducer0]: Got 376392 bytes.
2 RECEIVE 2000 1449452299433 

[Reducer0]: Got 956616 bytes.
Awaiting simulation instructions...

Awaiting simulation instructions...

Awaiting simulation instructions...

Awaiting simulation instructions...

2 RECEIVE 2500 1449452316110 

[Reducer0]: Got 90536 bytes.
2 RECEIVE 2600 1449452332787 

[Reducer0]: Got 185256 bytes.
[Reducer0]: Got 376392 bytes.
2 RECEIVE 2700 1449452349707 

2 RECEIVE 2400 1449452353765 

[Reducer0]: Got 959992 bytes.
Awaiting simulation instructions...

Awaiting simulation instructions...

Awaiting simulation instructions...

Awaiting simulation instructions...

[Reducer0]: Got 90536 bytes.
2 RECEIVE 2900 1449452375477 

[Reducer0]: Got 184056 bytes.
2 RECEIVE 3000 1449452391321 

2 RECEIVE 3100 1449452408137 

[Reducer0]: Got 377416 bytes.
2 RECEIVE 2800 1449452420493 

[Reducer0]: Got 955256 bytes.
Awaiting simulation instructions...

Awaiting simulation instructions...

Awaiting simulation instructions...

Awaiting simulation instructions...

2 RECEIVE 3300 1449452436636 

[Reducer0]: Got 88488 bytes.
2 RECEIVE 3400 1449452452067 

[Reducer0]: Got 184232 bytes.
2 RECEIVE 3500 1449452468131 

[Reducer0]: Got 374520 bytes.
2 RECEIVE 3200 1449452480494 

[Reducer0]: Got 955592 bytes.
Awaiting simulation instructions...

Awaiting simulation instructions...

Awaiting simulation instructions...

Awaiting simulation instructions...

2 RECEIVE 3700 1449452495734 

[Reducer0]: Got 89512 bytes.
2 RECEIVE 3800 1449452511276 

[Reducer0]: Got 185080 bytes.
2 RECEIVE 3900 1449452527329 

[Reducer0]: Got 375368 bytes.
2 RECEIVE 3600 1449452540861 

[Reducer0]: Got 957288 bytes.
Awaiting simulation instructions...

Awaiting simulation instructions...

Awaiting simulation instructions...

Awaiting simulation instructions...

2 RECEIVE 4100 1449452557353 

[Reducer0]: Got 88488 bytes.
[Reducer0]: Got 184056 bytes.
2 RECEIVE 4200 1449452571844 

2 RECEIVE 4300 1449452588526 

[Reducer0]: Got 377416 bytes.
2 RECEIVE 4000 1449452600128 

[Reducer0]: Got 956440 bytes.
Slave finished all tasks and exited.
logger exit
