Awaiting simulation instructions...

Awaiting simulation instructions...

Awaiting simulation instructions...

Awaiting simulation instructions...

Awaiting simulation instructions...

11 RECEIVE 100 1449451951497 

[Reducer9]: Got 89512 bytes.
11 RECEIVE 200 1449451967797 

[Reducer9]: Got 185680 bytes.
11 RECEIVE 300 1449451978191 

[Reducer9]: Got 378104 bytes.
11 RECEIVE 0 1449451996274 

[Reducer9]: Got 956280 bytes.
Awaiting simulation instructions...

Awaiting simulation instructions...

Awaiting simulation instructions...

Awaiting simulation instructions...

11 RECEIVE 500 1449452017558 

[Reducer9]: Got 90112 bytes.
11 RECEIVE 600 1449452031642 

[Reducer9]: Got 184232 bytes.
11 RECEIVE 700 1449452049106 

[Reducer9]: Got 376392 bytes.
[Reducer9]: Got 954568 bytes.
11 RECEIVE 400 1449452060312 

Awaiting simulation instructions...

Awaiting simulation instructions...

Awaiting simulation instructions...

Awaiting simulation instructions...

[Reducer9]: Got 91136 bytes.
11 RECEIVE 900 1449452076611 

11 RECEIVE 1000 1449452089774 

[Reducer9]: Got 186280 bytes.
11 RECEIVE 1100 1449452106612 

[Reducer9]: Got 376392 bytes.
11 RECEIVE 800 1449452120900 

[Reducer9]: Got 953544 bytes.
Awaiting simulation instructions...

Awaiting simulation instructions...

Awaiting simulation instructions...

Awaiting simulation instructions...

11 RECEIVE 1300 1449452137683 

[Reducer9]: Got 91136 bytes.
[Reducer9]: Got 185256 bytes.
11 RECEIVE 1400 1449452151086 

11 RECEIVE 1500 1449452166152 

[Reducer9]: Got 378264 bytes.
11 RECEIVE 1200 1449452180945 

[Reducer9]: Got 955592 bytes.
Awaiting simulation instructions...

Awaiting simulation instructions...

Awaiting simulation instructions...

Awaiting simulation instructions...

11 RECEIVE 1700 1449452196746 

[Reducer9]: Got 89512 bytes.
11 RECEIVE 1800 1449452212723 

[Reducer9]: Got 186280 bytes.
11 RECEIVE 1900 1449452229047 

[Reducer9]: Got 376392 bytes.
11 RECEIVE 1600 1449452238999 

[Reducer9]: Got 953384 bytes.
Awaiting simulation instructions...

Awaiting simulation instructions...

Awaiting simulation instructions...

Awaiting simulation instructions...

11 RECEIVE 2100 1449452256798 

[Reducer9]: Got 91136 bytes.
[Reducer9]: Got 184232 bytes.
11 RECEIVE 2200 1449452271164 

11 RECEIVE 2300 1449452289578 

[Reducer9]: Got 377416 bytes.
11 RECEIVE 2000 1449452300965 

[Reducer9]: Got 955592 bytes.
Awaiting simulation instructions...

Awaiting simulation instructions...

Awaiting simulation instructions...

Awaiting simulation instructions...

11 RECEIVE 2500 1449452317406 

[Reducer9]: Got 89512 bytes.
11 RECEIVE 2600 1449452333634 

[Reducer9]: Got 184232 bytes.
11 RECEIVE 2700 1449452358791 

[Reducer9]: Got 377416 bytes.
11 RECEIVE 2400 1449452361726 

[Reducer9]: Got 950488 bytes.
Awaiting simulation instructions...

Awaiting simulation instructions...

Awaiting simulation instructions...

Awaiting simulation instructions...

11 RECEIVE 2900 1449452376249 

[Reducer9]: Got 89512 bytes.
11 RECEIVE 3000 1449452392482 

[Reducer9]: Got 185256 bytes.
11 RECEIVE 3100 1449452411055 

[Reducer9]: Got 376392 bytes.
11 RECEIVE 2800 1449452420955 

[Reducer9]: Got 957464 bytes.
Awaiting simulation instructions...

Awaiting simulation instructions...

Awaiting simulation instructions...

Awaiting simulation instructions...

11 RECEIVE 3300 1449452438790 

[Reducer9]: Got 91136 bytes.
11 RECEIVE 3400 1449452451841 

[Reducer9]: Got 186104 bytes.
11 RECEIVE 3500 1449452471676 

[Reducer9]: Got 378264 bytes.
[Reducer9]: Got 953384 bytes.
11 RECEIVE 3200 1449452482365 

Awaiting simulation instructions...

Awaiting simulation instructions...

Awaiting simulation instructions...

Awaiting simulation instructions...

[Reducer9]: Got 91136 bytes.
11 RECEIVE 3700 1449452498949 

11 RECEIVE 3800 1449452512587 

[Reducer9]: Got 183384 bytes.
11 RECEIVE 3900 1449452530711 

[Reducer9]: Got 374520 bytes.
11 RECEIVE 3600 1449452542732 

[Reducer9]: Got 957288 bytes.
Awaiting simulation instructions...

Awaiting simulation instructions...

Awaiting simulation instructions...

Awaiting simulation instructions...

11 RECEIVE 4100 1449452558934 

[Reducer9]: Got 91136 bytes.
11 RECEIVE 4200 1449452573241 

[Reducer9]: Got 185256 bytes.
11 RECEIVE 4300 1449452588814 

[Reducer9]: Got 377416 bytes.
[Reducer9]: Got 951496 bytes.
11 RECEIVE 4000 1449452603630 

Slave finished all tasks and exited.
logger exit
