Awaiting simulation instructions...

Awaiting simulation instructions...

Awaiting simulation instructions...

Awaiting simulation instructions...

Awaiting simulation instructions...

4 RECEIVE 100 1449451949608 

[Reducer2]: Got 90376 bytes.
4 RECEIVE 200 1449451966839 

[Reducer2]: Got 186704 bytes.
4 RECEIVE 300 1449451978381 

[Reducer2]: Got 377416 bytes.
4 RECEIVE 0 1449452000717 

[Reducer2]: Got 954144 bytes.
Awaiting simulation instructions...

Awaiting simulation instructions...

Awaiting simulation instructions...

Awaiting simulation instructions...

4 RECEIVE 500 1449452016063 

[Reducer2]: Got 90536 bytes.
4 RECEIVE 600 1449452031208 

[Reducer2]: Got 183208 bytes.
4 RECEIVE 700 1449452049374 

[Reducer2]: Got 378264 bytes.
4 RECEIVE 400 1449452054213 

[Reducer2]: Got 954232 bytes.
Awaiting simulation instructions...

Awaiting simulation instructions...

Awaiting simulation instructions...

Awaiting simulation instructions...

4 RECEIVE 900 1449452075172 

[Reducer2]: Got 91136 bytes.
4 RECEIVE 1000 1449452089080 

[Reducer2]: Got 186104 bytes.
4 RECEIVE 1100 1449452105192 

[Reducer2]: Got 376392 bytes.
4 RECEIVE 800 1449452120265 

[Reducer2]: Got 956616 bytes.
Awaiting simulation instructions...

Awaiting simulation instructions...

Awaiting simulation instructions...

Awaiting simulation instructions...

4 RECEIVE 1300 1449452134725 

[Reducer2]: Got 88488 bytes.
4 RECEIVE 1400 1449452150465 

[Reducer2]: Got 185080 bytes.
4 RECEIVE 1500 1449452169498 

[Reducer2]: Got 377416 bytes.
4 RECEIVE 1200 1449452180664 

[Reducer2]: Got 957464 bytes.
Awaiting simulation instructions...

Awaiting simulation instructions...

Awaiting simulation instructions...

Awaiting simulation instructions...

4 RECEIVE 1700 1449452196127 

[Reducer2]: Got 89512 bytes.
4 RECEIVE 1800 1449452212644 

[Reducer2]: Got 186280 bytes.
4 RECEIVE 1900 1449452229364 

[Reducer2]: Got 376392 bytes.
4 RECEIVE 1600 1449452238418 

[Reducer2]: Got 957464 bytes.
Awaiting simulation instructions...

Awaiting simulation instructions...

Awaiting simulation instructions...

Awaiting simulation instructions...

4 RECEIVE 2100 1449452254812 

[Reducer2]: Got 89512 bytes.
4 RECEIVE 2200 1449452271525 

[Reducer2]: Got 184232 bytes.
4 RECEIVE 2300 1449452287066 

[Reducer2]: Got 376392 bytes.
[Reducer2]: Got 891704 bytes.
4 RECEIVE 2000 1449452296598 

Awaiting simulation instructions...

Awaiting simulation instructions...

Awaiting simulation instructions...

Awaiting simulation instructions...

4 RECEIVE 2500 1449452317196 

[Reducer2]: Got 89512 bytes.
4 RECEIVE 2600 1449452333435 

[Reducer2]: Got 185256 bytes.
4 RECEIVE 2700 1449452349633 

[Reducer2]: Got 375368 bytes.
4 RECEIVE 2400 1449452357142 

[Reducer2]: Got 954408 bytes.
Awaiting simulation instructions...

Awaiting simulation instructions...

Awaiting simulation instructions...

Awaiting simulation instructions...

4 RECEIVE 2900 1449452375874 

[Reducer2]: Got 90536 bytes.
4 RECEIVE 3000 1449452391862 

[Reducer2]: Got 184232 bytes.
4 RECEIVE 3100 1449452408127 

[Reducer2]: Got 377416 bytes.
4 RECEIVE 2800 1449452418447 

[Reducer2]: Got 957288 bytes.
Awaiting simulation instructions...

Awaiting simulation instructions...

Awaiting simulation instructions...

Awaiting simulation instructions...

[Reducer2]: Got 89936 bytes.
4 RECEIVE 3300 1449452436480 

4 RECEIVE 3400 1449452451242 

[Reducer2]: Got 185080 bytes.
[Reducer2]: Got 378264 bytes.
4 RECEIVE 3500 1449452468623 

4 RECEIVE 3200 1449452479756 

[Reducer2]: Got 958312 bytes.
Awaiting simulation instructions...

Awaiting simulation instructions...

Awaiting simulation instructions...

Awaiting simulation instructions...

4 RECEIVE 3700 1449452495529 

[Reducer2]: Got 89512 bytes.
4 RECEIVE 3800 1449452511833 

[Reducer2]: Got 184232 bytes.
4 RECEIVE 3900 1449452527483 

[Reducer2]: Got 376392 bytes.
[Reducer2]: Got 955592 bytes.
4 RECEIVE 3600 1449452540125 

Awaiting simulation instructions...

Awaiting simulation instructions...

Awaiting simulation instructions...

Awaiting simulation instructions...

4 RECEIVE 4100 1449452558543 

[Reducer2]: Got 91136 bytes.
4 RECEIVE 4200 1449452572576 

[Reducer2]: Got 186280 bytes.
4 RECEIVE 4300 1449452589415 

[Reducer2]: Got 378264 bytes.
4 RECEIVE 4000 1449452602844 

[Reducer2]: Got 954568 bytes.
Slave finished all tasks and exited.
logger exit
