Awaiting simulation instructions...

Awaiting simulation instructions...

Awaiting simulation instructions...

Awaiting simulation instructions...

Awaiting simulation instructions...

6 RECEIVE 100 1449451956200 

[Reducer4]: Got 89352 bytes.
6 RECEIVE 200 1449451967627 

[Reducer4]: Got 185680 bytes.
6 RECEIVE 300 1449451976132 

[Reducer4]: Got 376056 bytes.
6 RECEIVE 0 1449451995528 

[Reducer4]: Got 955592 bytes.
Awaiting simulation instructions...

Awaiting simulation instructions...

Awaiting simulation instructions...

Awaiting simulation instructions...

6 RECEIVE 500 1449452016695 

[Reducer4]: Got 89512 bytes.
6 RECEIVE 600 1449452031013 

[Reducer4]: Got 186104 bytes.
6 RECEIVE 700 1449452049634 

[Reducer4]: Got 378264 bytes.
6 RECEIVE 400 1449452058847 

[Reducer4]: Got 955592 bytes.
Awaiting simulation instructions...

Awaiting simulation instructions...

Awaiting simulation instructions...

Awaiting simulation instructions...

6 RECEIVE 900 1449452073670 

[Reducer4]: Got 88488 bytes.
[Reducer4]: Got 185256 bytes.
6 RECEIVE 1000 1449452089970 

6 RECEIVE 1100 1449452105624 

[Reducer4]: Got 377416 bytes.
6 RECEIVE 800 1449452117139 

[Reducer4]: Got 954568 bytes.
Awaiting simulation instructions...

Awaiting simulation instructions...

Awaiting simulation instructions...

Awaiting simulation instructions...

6 RECEIVE 1300 1449452134352 

[Reducer4]: Got 90536 bytes.
6 RECEIVE 1400 1449452151038 

[Reducer4]: Got 183384 bytes.
6 RECEIVE 1500 1449452165911 

[Reducer4]: Got 378264 bytes.
6 RECEIVE 1200 1449452177119 

[Reducer4]: Got 958856 bytes.
Awaiting simulation instructions...

Awaiting simulation instructions...

Awaiting simulation instructions...

Awaiting simulation instructions...

6 RECEIVE 1700 1449452195595 

[Reducer4]: Got 88488 bytes.
6 RECEIVE 1800 1449452212215 

[Reducer4]: Got 184232 bytes.
6 RECEIVE 1900 1449452228865 

[Reducer4]: Got 374520 bytes.
6 RECEIVE 1600 1449452238293 

[Reducer4]: Got 881408 bytes.
Awaiting simulation instructions...

Awaiting simulation instructions...

Awaiting simulation instructions...

Awaiting simulation instructions...

6 RECEIVE 2100 1449452255165 

[Reducer4]: Got 89512 bytes.
6 RECEIVE 2200 1449452270909 

[Reducer4]: Got 183384 bytes.
6 RECEIVE 2300 1449452286760 

[Reducer4]: Got 376392 bytes.
6 RECEIVE 2000 1449452298794 

[Reducer4]: Got 956616 bytes.
Awaiting simulation instructions...

Awaiting simulation instructions...

Awaiting simulation instructions...

Awaiting simulation instructions...

6 RECEIVE 2500 1449452318419 

[Reducer4]: Got 91136 bytes.
6 RECEIVE 2600 1449452333555 

[Reducer4]: Got 186280 bytes.
6 RECEIVE 2700 1449452350291 

[Reducer4]: Got 377416 bytes.
6 RECEIVE 2400 1449452360395 

[Reducer4]: Got 957288 bytes.
Awaiting simulation instructions...

Awaiting simulation instructions...

Awaiting simulation instructions...

Awaiting simulation instructions...

6 RECEIVE 2900 1449452377588 

[Reducer4]: Got 89512 bytes.
6 RECEIVE 3000 1449452391497 

[Reducer4]: Got 185080 bytes.
[Reducer4]: Got 378264 bytes.
6 RECEIVE 3100 1449452407580 

6 RECEIVE 2800 1449452415035 

[Reducer4]: Got 956600 bytes.
Awaiting simulation instructions...

Awaiting simulation instructions...

Awaiting simulation instructions...

Awaiting simulation instructions...

6 RECEIVE 3300 1449452438365 

[Reducer4]: Got 91136 bytes.
6 RECEIVE 3400 1449452452175 

[Reducer4]: Got 184232 bytes.
6 RECEIVE 3500 1449452469112 

[Reducer4]: Got 379288 bytes.
6 RECEIVE 3200 1449452482664 

[Reducer4]: Got 957288 bytes.
Awaiting simulation instructions...

Awaiting simulation instructions...

Awaiting simulation instructions...

Awaiting simulation instructions...

6 RECEIVE 3700 1449452496726 

[Reducer4]: Got 88064 bytes.
6 RECEIVE 3800 1449452512371 

[Reducer4]: Got 183384 bytes.
6 RECEIVE 3900 1449452527790 

[Reducer4]: Got 376392 bytes.
6 RECEIVE 3600 1449452543422 

[Reducer4]: Got 958312 bytes.
Awaiting simulation instructions...

Awaiting simulation instructions...

Awaiting simulation instructions...

Awaiting simulation instructions...

6 RECEIVE 4100 1449452556712 

[Reducer4]: Got 88064 bytes.
6 RECEIVE 4200 1449452572165 

[Reducer4]: Got 185080 bytes.
6 RECEIVE 4300 1449452589140 

[Reducer4]: Got 377416 bytes.
6 RECEIVE 4000 1449452600906 

[Reducer4]: Got 957464 bytes.
Slave finished all tasks and exited.
logger exit
