Awaiting simulation instructions...

Awaiting simulation instructions...

Awaiting simulation instructions...

9 RECEIVE 100 1449452193316 

[Reducer7]: Got 90112 bytes.
9 RECEIVE 0 1449452222486 

[Reducer7]: Got 958152 bytes.
Awaiting simulation instructions...

Awaiting simulation instructions...

9 RECEIVE 300 1449452236188 

[Reducer7]: Got 91560 bytes.
9 RECEIVE 200 1449452262227 

[Reducer7]: Got 955240 bytes.
Awaiting simulation instructions...

Awaiting simulation instructions...

9 RECEIVE 500 1449452275749 

[Reducer7]: Got 91560 bytes.
9 RECEIVE 400 1449452303562 

[Reducer7]: Got 958064 bytes.
Awaiting simulation instructions...

Awaiting simulation instructions...

9 RECEIVE 700 1449452316748 

[Reducer7]: Got 91560 bytes.
9 RECEIVE 600 1449452342928 

[Reducer7]: Got 958312 bytes.
Awaiting simulation instructions...

Awaiting simulation instructions...

9 RECEIVE 900 1449452357573 

[Reducer7]: Got 91560 bytes.
[Reducer7]: Got 958312 bytes.
9 RECEIVE 800 1449452383614 

Awaiting simulation instructions...

Awaiting simulation instructions...

9 RECEIVE 1100 1449452396990 

[Reducer7]: Got 91560 bytes.
9 RECEIVE 1000 1449452424763 

[Reducer7]: Got 958488 bytes.
Awaiting simulation instructions...

Awaiting simulation instructions...

9 RECEIVE 1300 1449452438354 

[Reducer7]: Got 91560 bytes.
9 RECEIVE 1200 1449452465259 

[Reducer7]: Got 958488 bytes.
Awaiting simulation instructions...

Awaiting simulation instructions...

9 RECEIVE 1500 1449452479003 

[Reducer7]: Got 91136 bytes.
9 RECEIVE 1400 1449452504325 

[Reducer7]: Got 958152 bytes.
Awaiting simulation instructions...

Awaiting simulation instructions...

9 RECEIVE 1700 1449452518931 

[Reducer7]: Got 91560 bytes.
9 RECEIVE 1600 1449452545666 

[Reducer7]: Got 958488 bytes.
Awaiting simulation instructions...

Awaiting simulation instructions...

9 RECEIVE 1900 1449452559461 

[Reducer7]: Got 91560 bytes.
9 RECEIVE 1800 1449452584285 

[Reducer7]: Got 956280 bytes.
Awaiting simulation instructions...

Awaiting simulation instructions...

9 RECEIVE 2100 1449452598118 

[Reducer7]: Got 91560 bytes.
9 RECEIVE 2000 1449452623522 

[Reducer7]: Got 958488 bytes.
Slave finished all tasks and exited.
logger exit
