Awaiting simulation instructions...

Awaiting simulation instructions...

Awaiting simulation instructions...

Awaiting simulation instructions...

5 RECEIVE 100 1449441835660 

[Reducer3]: Got 89352 bytes.
5 RECEIVE 200 1449441837518 

[Reducer3]: Got 90112 bytes.
5 RECEIVE 0 1449441865077 

[Reducer3]: Got 957288 bytes.
Awaiting simulation instructions...

Awaiting simulation instructions...

Awaiting simulation instructions...

5 RECEIVE 400 1449441899764 

[Reducer3]: Got 91560 bytes.
[Reducer3]: Got 91136 bytes.
5 RECEIVE 500 1449441901709 

5 RECEIVE 300 1449441927530 

[Reducer3]: Got 957288 bytes.
Awaiting simulation instructions...

Awaiting simulation instructions...

Awaiting simulation instructions...

5 RECEIVE 700 1449441960552 

[Reducer3]: Got 91136 bytes.
5 RECEIVE 800 1449441962220 

[Reducer3]: Got 90112 bytes.
5 RECEIVE 600 1449441988072 

[Reducer3]: Got 957464 bytes.
Awaiting simulation instructions...

Awaiting simulation instructions...

Awaiting simulation instructions...

5 RECEIVE 1100 1449442023230 

[Reducer3]: Got 91136 bytes.
5 RECEIVE 1000 1449442023276 

[Reducer3]: Got 91136 bytes.
5 RECEIVE 900 1449442048143 

[Reducer3]: Got 956440 bytes.
Awaiting simulation instructions...

Awaiting simulation instructions...

Awaiting simulation instructions...

5 RECEIVE 1400 1449442082175 

[Reducer3]: Got 91136 bytes.
[Reducer3]: Got 91136 bytes.
5 RECEIVE 1300 1449442082624 

[Reducer3]: Got 956616 bytes.
5 RECEIVE 1200 1449442109762 

Awaiting simulation instructions...

Awaiting simulation instructions...

Awaiting simulation instructions...

5 RECEIVE 1600 1449442140588 

[Reducer3]: Got 91560 bytes.
5 RECEIVE 1700 1449442143006 

[Reducer3]: Got 91136 bytes.
5 RECEIVE 1500 1449442168161 

[Reducer3]: Got 957288 bytes.
Awaiting simulation instructions...

Awaiting simulation instructions...

Awaiting simulation instructions...

5 RECEIVE 2000 1449442203965 

[Reducer3]: Got 91136 bytes.
5 RECEIVE 1900 1449442204271 

[Reducer3]: Got 91136 bytes.
5 RECEIVE 1800 1449442224557 

[Reducer3]: Got 958472 bytes.
Awaiting simulation instructions...

Awaiting simulation instructions...

Awaiting simulation instructions...

5 RECEIVE 2200 1449442261486 

[Reducer3]: Got 91560 bytes.
5 RECEIVE 2300 1449442262681 

[Reducer3]: Got 91560 bytes.
[Reducer3]: Got 958312 bytes.
5 RECEIVE 2100 1449442288105 

Awaiting simulation instructions...

Awaiting simulation instructions...

Awaiting simulation instructions...

5 RECEIVE 2500 1449442321108 

[Reducer3]: Got 90536 bytes.
[Reducer3]: Got 91136 bytes.
5 RECEIVE 2600 1449442323809 

5 RECEIVE 2400 1449442348870 

[Reducer3]: Got 958312 bytes.
Awaiting simulation instructions...

Awaiting simulation instructions...

Awaiting simulation instructions...

5 RECEIVE 2800 1449442384431 

[Reducer3]: Got 91560 bytes.
5 RECEIVE 2900 1449442385717 

[Reducer3]: Got 90112 bytes.
5 RECEIVE 2700 1449442410387 

[Reducer3]: Got 957288 bytes.
Awaiting simulation instructions...

Awaiting simulation instructions...

Awaiting simulation instructions...

[Reducer3]: Got 91560 bytes.
5 RECEIVE 3200 1449442442921 

5 RECEIVE 3100 1449442443903 

[Reducer3]: Got 91136 bytes.
[Reducer3]: Got 957304 bytes.
5 RECEIVE 3000 1449442470508 

Slave finished all tasks and exited.
logger exit
