Awaiting simulation instructions...

Awaiting simulation instructions...

Awaiting simulation instructions...

Awaiting simulation instructions...

6 RECEIVE 200 1449441834993 

[Reducer4]: Got 89352 bytes.
6 RECEIVE 100 1449441836329 

[Reducer4]: Got 89880 bytes.
6 RECEIVE 0 1449441865464 

[Reducer4]: Got 957464 bytes.
Awaiting simulation instructions...

Awaiting simulation instructions...

Awaiting simulation instructions...

6 RECEIVE 500 1449441899516 

[Reducer4]: Got 91560 bytes.
6 RECEIVE 400 1449441900503 

[Reducer4]: Got 91560 bytes.
6 RECEIVE 300 1449441927928 

[Reducer4]: Got 955456 bytes.
Awaiting simulation instructions...

Awaiting simulation instructions...

Awaiting simulation instructions...

[Reducer4]: Got 91136 bytes.
6 RECEIVE 700 1449441960916 

6 RECEIVE 800 1449441962728 

[Reducer4]: Got 91136 bytes.
6 RECEIVE 600 1449441988188 

[Reducer4]: Got 958488 bytes.
Awaiting simulation instructions...

Awaiting simulation instructions...

Awaiting simulation instructions...

[Reducer4]: Got 89512 bytes.
6 RECEIVE 1100 1449442020821 

6 RECEIVE 1000 1449442022560 

[Reducer4]: Got 91136 bytes.
6 RECEIVE 900 1449442047900 

[Reducer4]: Got 958312 bytes.
Awaiting simulation instructions...

Awaiting simulation instructions...

Awaiting simulation instructions...

6 RECEIVE 1400 1449442080620 

[Reducer4]: Got 91560 bytes.
6 RECEIVE 1300 1449442082970 

[Reducer4]: Got 91560 bytes.
6 RECEIVE 1200 1449442110285 

[Reducer4]: Got 957464 bytes.
Awaiting simulation instructions...

Awaiting simulation instructions...

Awaiting simulation instructions...

6 RECEIVE 1600 1449442140761 

[Reducer4]: Got 91560 bytes.
6 RECEIVE 1700 1449442143856 

[Reducer4]: Got 91136 bytes.
6 RECEIVE 1500 1449442169375 

[Reducer4]: Got 957304 bytes.
Awaiting simulation instructions...

Awaiting simulation instructions...

Awaiting simulation instructions...

6 RECEIVE 1900 1449442201295 

[Reducer4]: Got 91560 bytes.
6 RECEIVE 2000 1449442203429 

[Reducer4]: Got 91560 bytes.
6 RECEIVE 1800 1449442227969 

[Reducer4]: Got 958312 bytes.
Awaiting simulation instructions...

Awaiting simulation instructions...

Awaiting simulation instructions...

[Reducer4]: Got 91560 bytes.
6 RECEIVE 2300 1449442263464 

6 RECEIVE 2200 1449442263642 

[Reducer4]: Got 91560 bytes.
6 RECEIVE 2100 1449442289095 

[Reducer4]: Got 957288 bytes.
Awaiting simulation instructions...

Awaiting simulation instructions...

Awaiting simulation instructions...

6 RECEIVE 2500 1449442320639 

[Reducer4]: Got 90536 bytes.
6 RECEIVE 2600 1449442323855 

[Reducer4]: Got 91560 bytes.
6 RECEIVE 2400 1449442349830 

[Reducer4]: Got 958312 bytes.
Awaiting simulation instructions...

Awaiting simulation instructions...

Awaiting simulation instructions...

6 RECEIVE 2900 1449442384145 

[Reducer4]: Got 91136 bytes.
6 RECEIVE 2800 1449442384717 

[Reducer4]: Got 91560 bytes.
6 RECEIVE 2700 1449442407362 

[Reducer4]: Got 959672 bytes.
Awaiting simulation instructions...

Awaiting simulation instructions...

Awaiting simulation instructions...

6 RECEIVE 3100 1449442442402 

[Reducer4]: Got 91560 bytes.
6 RECEIVE 3200 1449442444575 

[Reducer4]: Got 91136 bytes.
6 RECEIVE 3000 1449442470827 

[Reducer4]: Got 956280 bytes.
Slave finished all tasks and exited.
logger exit
