Awaiting simulation instructions...

Awaiting simulation instructions...

Awaiting simulation instructions...

Awaiting simulation instructions...

3 RECEIVE 200 1449441837344 

[Reducer1]: Got 92248 bytes.
[Reducer1]: Got 90112 bytes.
3 RECEIVE 100 1449441838762 

3 RECEIVE 0 1449441866298 

[Reducer1]: Got 959176 bytes.
Awaiting simulation instructions...

Awaiting simulation instructions...

Awaiting simulation instructions...

3 RECEIVE 400 1449441898521 

[Reducer1]: Got 91560 bytes.
3 RECEIVE 500 1449441900744 

[Reducer1]: Got 91136 bytes.
3 RECEIVE 300 1449441922425 

[Reducer1]: Got 959424 bytes.
Awaiting simulation instructions...

Awaiting simulation instructions...

Awaiting simulation instructions...

3 RECEIVE 700 1449441959439 

[Reducer1]: Got 91560 bytes.
3 RECEIVE 800 1449441959621 

[Reducer1]: Got 91560 bytes.
3 RECEIVE 600 1449441987500 

[Reducer1]: Got 957288 bytes.
Awaiting simulation instructions...

Awaiting simulation instructions...

Awaiting simulation instructions...

3 RECEIVE 1000 1449442020109 

[Reducer1]: Got 90536 bytes.
3 RECEIVE 1100 1449442023427 

[Reducer1]: Got 91136 bytes.
3 RECEIVE 900 1449442044746 

[Reducer1]: Got 958824 bytes.
Awaiting simulation instructions...

Awaiting simulation instructions...

Awaiting simulation instructions...

3 RECEIVE 1300 1449442079825 

[Reducer1]: Got 91560 bytes.
3 RECEIVE 1400 1449442081129 

[Reducer1]: Got 91560 bytes.
3 RECEIVE 1200 1449442109665 

[Reducer1]: Got 957464 bytes.
Awaiting simulation instructions...

Awaiting simulation instructions...

Awaiting simulation instructions...

[Reducer1]: Got 91560 bytes.
3 RECEIVE 1600 1449442140368 

3 RECEIVE 1700 1449442143800 

[Reducer1]: Got 91136 bytes.
[Reducer1]: Got 958152 bytes.
3 RECEIVE 1500 1449442164373 

Awaiting simulation instructions...

Awaiting simulation instructions...

Awaiting simulation instructions...

3 RECEIVE 1900 1449442202246 

[Reducer1]: Got 91560 bytes.
3 RECEIVE 2000 1449442202966 

[Reducer1]: Got 91136 bytes.
3 RECEIVE 1800 1449442226253 

[Reducer1]: Got 959688 bytes.
Awaiting simulation instructions...

Awaiting simulation instructions...

Awaiting simulation instructions...

3 RECEIVE 2300 1449442263530 

[Reducer1]: Got 91560 bytes.
3 RECEIVE 2200 1449442263975 

[Reducer1]: Got 91560 bytes.
3 RECEIVE 2100 1449442290244 

[Reducer1]: Got 957464 bytes.
Awaiting simulation instructions...

Awaiting simulation instructions...

Awaiting simulation instructions...

3 RECEIVE 2500 1449442320438 

[Reducer1]: Got 90536 bytes.
3 RECEIVE 2600 1449442321744 

[Reducer1]: Got 89512 bytes.
3 RECEIVE 2400 1449442341307 

[Reducer1]: Got 958968 bytes.
Awaiting simulation instructions...

Awaiting simulation instructions...

Awaiting simulation instructions...

3 RECEIVE 2800 1449442383299 

[Reducer1]: Got 91560 bytes.
[Reducer1]: Got 91136 bytes.
3 RECEIVE 2900 1449442385237 

3 RECEIVE 2700 1449442409524 

[Reducer1]: Got 961208 bytes.
Awaiting simulation instructions...

Awaiting simulation instructions...

Awaiting simulation instructions...

3 RECEIVE 3100 1449442441886 

[Reducer1]: Got 91560 bytes.
[Reducer1]: Got 90112 bytes.
3 RECEIVE 3200 1449442445172 

3 RECEIVE 3000 1449442470130 

[Reducer1]: Got 958488 bytes.
Slave finished all tasks and exited.
logger exit
