Awaiting simulation instructions...

Awaiting simulation instructions...

Awaiting simulation instructions...

Awaiting simulation instructions...

11 RECEIVE 100 1449441835834 

[Reducer9]: Got 90112 bytes.
11 RECEIVE 200 1449441837676 

[Reducer9]: Got 90112 bytes.
11 RECEIVE 0 1449441865018 

[Reducer9]: Got 957304 bytes.
Awaiting simulation instructions...

Awaiting simulation instructions...

Awaiting simulation instructions...

[Reducer9]: Got 91136 bytes.
11 RECEIVE 400 1449441901568 

11 RECEIVE 500 1449441901605 

[Reducer9]: Got 91136 bytes.
11 RECEIVE 300 1449441929410 

[Reducer9]: Got 957464 bytes.
Awaiting simulation instructions...

Awaiting simulation instructions...

Awaiting simulation instructions...

11 RECEIVE 700 1449441962611 

[Reducer9]: Got 90112 bytes.
11 RECEIVE 800 1449441962871 

[Reducer9]: Got 91136 bytes.
[Reducer9]: Got 956280 bytes.
11 RECEIVE 600 1449441989724 

Awaiting simulation instructions...

Awaiting simulation instructions...

Awaiting simulation instructions...

11 RECEIVE 1000 1449442022028 

[Reducer9]: Got 90112 bytes.
[Reducer9]: Got 91136 bytes.
11 RECEIVE 1100 1449442022939 

11 RECEIVE 900 1449442050084 

[Reducer9]: Got 958488 bytes.
Awaiting simulation instructions...

Awaiting simulation instructions...

Awaiting simulation instructions...

11 RECEIVE 1400 1449442081697 

[Reducer9]: Got 91136 bytes.
11 RECEIVE 1300 1449442082051 

[Reducer9]: Got 91136 bytes.
11 RECEIVE 1200 1449442109305 

[Reducer9]: Got 956280 bytes.
Awaiting simulation instructions...

Awaiting simulation instructions...

Awaiting simulation instructions...

11 RECEIVE 1700 1449442143566 

[Reducer9]: Got 91136 bytes.
11 RECEIVE 1600 1449442143685 

[Reducer9]: Got 91136 bytes.
11 RECEIVE 1500 1449442169996 

[Reducer9]: Got 958152 bytes.
Awaiting simulation instructions...

Awaiting simulation instructions...

Awaiting simulation instructions...

11 RECEIVE 1900 1449442202563 

[Reducer9]: Got 91136 bytes.
11 RECEIVE 2000 1449442204254 

[Reducer9]: Got 91136 bytes.
[Reducer9]: Got 956616 bytes.
11 RECEIVE 1800 1449442230567 

Awaiting simulation instructions...

Awaiting simulation instructions...

Awaiting simulation instructions...

11 RECEIVE 2200 1449442263595 

[Reducer9]: Got 91560 bytes.
11 RECEIVE 2300 1449442263834 

[Reducer9]: Got 91560 bytes.
11 RECEIVE 2100 1449442291125 

[Reducer9]: Got 957464 bytes.
Awaiting simulation instructions...

Awaiting simulation instructions...

Awaiting simulation instructions...

11 RECEIVE 2600 1449442322317 

[Reducer9]: Got 91136 bytes.
11 RECEIVE 2500 1449442323342 

[Reducer9]: Got 90112 bytes.
11 RECEIVE 2400 1449442351390 

[Reducer9]: Got 957304 bytes.
Awaiting simulation instructions...

Awaiting simulation instructions...

Awaiting simulation instructions...

[Reducer9]: Got 91560 bytes.
11 RECEIVE 2800 1449442385625 

11 RECEIVE 2900 1449442385870 

[Reducer9]: Got 90112 bytes.
11 RECEIVE 2700 1449442411593 

[Reducer9]: Got 956280 bytes.
Awaiting simulation instructions...

Awaiting simulation instructions...

Awaiting simulation instructions...

11 RECEIVE 3100 1449442442603 

[Reducer9]: Got 91560 bytes.
11 RECEIVE 3200 1449442445155 

[Reducer9]: Got 90112 bytes.
11 RECEIVE 3000 1449442469810 

[Reducer9]: Got 957288 bytes.
Slave finished all tasks and exited.
logger exit
