Awaiting simulation instructions...

Awaiting simulation instructions...

Awaiting simulation instructions...

Awaiting simulation instructions...

4 RECEIVE 200 1449441835992 

[Reducer2]: Got 90112 bytes.
4 RECEIVE 100 1449441836150 

[Reducer2]: Got 90112 bytes.
4 RECEIVE 0 1449441868160 

[Reducer2]: Got 957040 bytes.
Awaiting simulation instructions...

Awaiting simulation instructions...

Awaiting simulation instructions...

4 RECEIVE 400 1449441899436 

[Reducer2]: Got 89512 bytes.
4 RECEIVE 500 1449441901396 

[Reducer2]: Got 91136 bytes.
4 RECEIVE 300 1449441927220 

[Reducer2]: Got 957288 bytes.
Awaiting simulation instructions...

Awaiting simulation instructions...

Awaiting simulation instructions...

4 RECEIVE 700 1449441959994 

[Reducer2]: Got 91560 bytes.
4 RECEIVE 800 1449441960176 

[Reducer2]: Got 91136 bytes.
4 RECEIVE 600 1449441984158 

[Reducer2]: Got 957304 bytes.
Awaiting simulation instructions...

Awaiting simulation instructions...

Awaiting simulation instructions...

4 RECEIVE 1100 1449442022220 

[Reducer2]: Got 90112 bytes.
4 RECEIVE 1000 1449442022844 

[Reducer2]: Got 91136 bytes.
4 RECEIVE 900 1449442045133 

[Reducer2]: Got 957800 bytes.
Awaiting simulation instructions...

Awaiting simulation instructions...

Awaiting simulation instructions...

4 RECEIVE 1400 1449442080822 

[Reducer2]: Got 91560 bytes.
4 RECEIVE 1300 1449442083148 

[Reducer2]: Got 91136 bytes.
4 RECEIVE 1200 1449442106560 

[Reducer2]: Got 959336 bytes.
Awaiting simulation instructions...

Awaiting simulation instructions...

Awaiting simulation instructions...

4 RECEIVE 1600 1449442141614 

[Reducer2]: Got 91136 bytes.
4 RECEIVE 1700 1449442143931 

[Reducer2]: Got 91136 bytes.
4 RECEIVE 1500 1449442167715 

[Reducer2]: Got 957288 bytes.
Awaiting simulation instructions...

Awaiting simulation instructions...

Awaiting simulation instructions...

4 RECEIVE 1900 1449442200718 

[Reducer2]: Got 91560 bytes.
4 RECEIVE 2000 1449442203659 

[Reducer2]: Got 91136 bytes.
4 RECEIVE 1800 1449442229598 

[Reducer2]: Got 958488 bytes.
Awaiting simulation instructions...

Awaiting simulation instructions...

Awaiting simulation instructions...

4 RECEIVE 2200 1449442260598 

[Reducer2]: Got 90536 bytes.
4 RECEIVE 2300 1449442263294 

[Reducer2]: Got 91560 bytes.
4 RECEIVE 2100 1449442287194 

[Reducer2]: Got 962232 bytes.
Awaiting simulation instructions...

Awaiting simulation instructions...

Awaiting simulation instructions...

4 RECEIVE 2500 1449442320859 

[Reducer2]: Got 91384 bytes.
[Reducer2]: Got 91136 bytes.
4 RECEIVE 2600 1449442323391 

4 RECEIVE 2400 1449442349200 

[Reducer2]: Got 956440 bytes.
Awaiting simulation instructions...

Awaiting simulation instructions...

Awaiting simulation instructions...

4 RECEIVE 2800 1449442382319 

[Reducer2]: Got 91560 bytes.
4 RECEIVE 2900 1449442383798 

[Reducer2]: Got 90112 bytes.
4 RECEIVE 2700 1449442410038 

[Reducer2]: Got 957288 bytes.
Awaiting simulation instructions...

Awaiting simulation instructions...

Awaiting simulation instructions...

4 RECEIVE 3100 1449442442048 

[Reducer2]: Got 91560 bytes.
4 RECEIVE 3200 1449442443644 

[Reducer2]: Got 91136 bytes.
4 RECEIVE 3000 1449442468958 

[Reducer2]: Got 957288 bytes.
Slave finished all tasks and exited.
logger exit
