Awaiting simulation instructions...

Awaiting simulation instructions...

Awaiting simulation instructions...

Awaiting simulation instructions...

7 RECEIVE 200 1449441835316 

[Reducer5]: Got 89352 bytes.
7 RECEIVE 100 1449441840274 

[Reducer5]: Got 90112 bytes.
7 RECEIVE 0 1449441865842 

[Reducer5]: Got 958152 bytes.
Awaiting simulation instructions...

Awaiting simulation instructions...

Awaiting simulation instructions...

7 RECEIVE 400 1449441898290 

[Reducer5]: Got 90536 bytes.
7 RECEIVE 500 1449441899727 

[Reducer5]: Got 91136 bytes.
7 RECEIVE 300 1449441927831 

[Reducer5]: Got 956904 bytes.
Awaiting simulation instructions...

Awaiting simulation instructions...

Awaiting simulation instructions...

[Reducer5]: Got 90112 bytes.
7 RECEIVE 800 1449441960809 

7 RECEIVE 700 1449441961156 

[Reducer5]: Got 91136 bytes.
[Reducer5]: Got 956616 bytes.
7 RECEIVE 600 1449441987810 

Awaiting simulation instructions...

Awaiting simulation instructions...

Awaiting simulation instructions...

7 RECEIVE 1000 1449442022712 

[Reducer5]: Got 91560 bytes.
[Reducer5]: Got 91136 bytes.
7 RECEIVE 1100 1449442023332 

[Reducer5]: Got 959440 bytes.
7 RECEIVE 900 1449442048812 

Awaiting simulation instructions...

Awaiting simulation instructions...

Awaiting simulation instructions...

7 RECEIVE 1400 1449442080256 

[Reducer5]: Got 91560 bytes.
[Reducer5]: Got 91560 bytes.
7 RECEIVE 1300 1449442083036 

7 RECEIVE 1200 1449442107927 

[Reducer5]: Got 958488 bytes.
Awaiting simulation instructions...

Awaiting simulation instructions...

Awaiting simulation instructions...

7 RECEIVE 1600 1449442141355 

[Reducer5]: Got 91560 bytes.
7 RECEIVE 1700 1449442142344 

[Reducer5]: Got 91136 bytes.
7 RECEIVE 1500 1449442170495 

[Reducer5]: Got 949464 bytes.
Awaiting simulation instructions...

Awaiting simulation instructions...

Awaiting simulation instructions...

7 RECEIVE 1900 1449442202073 

[Reducer5]: Got 91560 bytes.
7 RECEIVE 2000 1449442203992 

[Reducer5]: Got 91136 bytes.
7 RECEIVE 1800 1449442229288 

[Reducer5]: Got 958488 bytes.
Awaiting simulation instructions...

Awaiting simulation instructions...

Awaiting simulation instructions...

7 RECEIVE 2200 1449442261025 

[Reducer5]: Got 91560 bytes.
7 RECEIVE 2300 1449442263899 

[Reducer5]: Got 91560 bytes.
7 RECEIVE 2100 1449442289560 

[Reducer5]: Got 957288 bytes.
Awaiting simulation instructions...

Awaiting simulation instructions...

Awaiting simulation instructions...

7 RECEIVE 2500 1449442321544 

[Reducer5]: Got 90536 bytes.
7 RECEIVE 2600 1449442323121 

[Reducer5]: Got 90112 bytes.
7 RECEIVE 2400 1449442350141 

[Reducer5]: Got 958488 bytes.
Awaiting simulation instructions...

Awaiting simulation instructions...

Awaiting simulation instructions...

7 RECEIVE 2800 1449442382578 

[Reducer5]: Got 91560 bytes.
[Reducer5]: Got 90112 bytes.
7 RECEIVE 2900 1449442385091 

7 RECEIVE 2700 1449442407837 

[Reducer5]: Got 956280 bytes.
Awaiting simulation instructions...

Awaiting simulation instructions...

Awaiting simulation instructions...

7 RECEIVE 3200 1449442445189 

[Reducer5]: Got 90112 bytes.
7 RECEIVE 3100 1449442445378 

[Reducer5]: Got 90112 bytes.
7 RECEIVE 3000 1449442466108 

[Reducer5]: Got 960200 bytes.
Slave finished all tasks and exited.
logger exit
