Awaiting simulation instructions...

Awaiting simulation instructions...

Awaiting simulation instructions...

Awaiting simulation instructions...

10 RECEIVE 200 1449441835013 

[Reducer8]: Got 89352 bytes.
[Reducer8]: Got 90112 bytes.
10 RECEIVE 100 1449441837843 

10 RECEIVE 0 1449441869067 

[Reducer8]: Got 958912 bytes.
Awaiting simulation instructions...

Awaiting simulation instructions...

Awaiting simulation instructions...

10 RECEIVE 400 1449441901098 

[Reducer8]: Got 91136 bytes.
10 RECEIVE 500 1449441902100 

[Reducer8]: Got 91136 bytes.
10 RECEIVE 300 1449441929090 

[Reducer8]: Got 957464 bytes.
Awaiting simulation instructions...

Awaiting simulation instructions...

Awaiting simulation instructions...

10 RECEIVE 700 1449441961866 

[Reducer8]: Got 89352 bytes.
10 RECEIVE 800 1449441962135 

[Reducer8]: Got 90112 bytes.
10 RECEIVE 600 1449441988605 

[Reducer8]: Got 958064 bytes.
Awaiting simulation instructions...

Awaiting simulation instructions...

Awaiting simulation instructions...

10 RECEIVE 1000 1449442020389 

[Reducer8]: Got 91560 bytes.
10 RECEIVE 1100 1449442021086 

[Reducer8]: Got 91136 bytes.
10 RECEIVE 900 1449442049710 

[Reducer8]: Got 958152 bytes.
Awaiting simulation instructions...

Awaiting simulation instructions...

Awaiting simulation instructions...

10 RECEIVE 1300 1449442080065 

[Reducer8]: Got 91560 bytes.
[Reducer8]: Got 91560 bytes.
10 RECEIVE 1400 1449442080438 

10 RECEIVE 1200 1449442108907 

[Reducer8]: Got 955416 bytes.
Awaiting simulation instructions...

Awaiting simulation instructions...

Awaiting simulation instructions...

10 RECEIVE 1600 1449442142950 

[Reducer8]: Got 91136 bytes.
10 RECEIVE 1700 1449442143603 

[Reducer8]: Got 91136 bytes.
[Reducer8]: Got 957304 bytes.
10 RECEIVE 1500 1449442169695 

Awaiting simulation instructions...

Awaiting simulation instructions...

Awaiting simulation instructions...

10 RECEIVE 2000 1449442203783 

[Reducer8]: Got 91136 bytes.
10 RECEIVE 1900 1449442204162 

[Reducer8]: Got 91136 bytes.
10 RECEIVE 1800 1449442230877 

[Reducer8]: Got 957464 bytes.
Awaiting simulation instructions...

Awaiting simulation instructions...

Awaiting simulation instructions...

10 RECEIVE 2200 1449442261667 

[Reducer8]: Got 91560 bytes.
10 RECEIVE 2300 1449442263163 

[Reducer8]: Got 91136 bytes.
10 RECEIVE 2100 1449442290815 

[Reducer8]: Got 957464 bytes.
Awaiting simulation instructions...

Awaiting simulation instructions...

Awaiting simulation instructions...

10 RECEIVE 2600 1449442321922 

[Reducer8]: Got 91136 bytes.
10 RECEIVE 2500 1449442322804 

[Reducer8]: Got 90112 bytes.
10 RECEIVE 2400 1449442351063 

[Reducer8]: Got 957304 bytes.
Awaiting simulation instructions...

Awaiting simulation instructions...

Awaiting simulation instructions...

10 RECEIVE 2800 1449442382877 

[Reducer8]: Got 91560 bytes.
10 RECEIVE 2900 1449442385367 

[Reducer8]: Got 90112 bytes.
10 RECEIVE 2700 1449442411282 

[Reducer8]: Got 956280 bytes.
Awaiting simulation instructions...

Awaiting simulation instructions...

Awaiting simulation instructions...

[Reducer8]: Got 91136 bytes.
10 RECEIVE 3100 1449442444767 

10 RECEIVE 3200 1449442445313 

[Reducer8]: Got 90112 bytes.
10 RECEIVE 3000 1449442471158 

[Reducer8]: Got 957304 bytes.
Slave finished all tasks and exited.
logger exit
