8 RECEIVE 100 1449453445480 
8 RECEIVE 0 1449453477255 
8 RECEIVE 300 1449453489408 
8 RECEIVE 200 1449453517262 
8 RECEIVE 500 1449453530048 
8 RECEIVE 400 1449453557331 
8 RECEIVE 700 1449453569806 
8 RECEIVE 600 1449453594776 
8 RECEIVE 900 1449453609002 
8 RECEIVE 800 1449453637301 
8 RECEIVE 1100 1449453650822 
8 RECEIVE 1000 1449453677335 
8 RECEIVE 1300 1449453690715 
8 RECEIVE 1200 1449453716842 
8 RECEIVE 1500 1449453730454 
8 RECEIVE 1400 1449453754358 
8 RECEIVE 1700 1449453771919 
8 RECEIVE 1600 1449453796830 
8 RECEIVE 1900 1449453812493 
8 RECEIVE 1800 1449453835740 
8 RECEIVE 2100 1449453852163 
8 RECEIVE 2000 1449453878939 
