10 RECEIVE 100 1449453446176 
10 RECEIVE 0 1449453477839 
10 RECEIVE 300 1449453490509 
10 RECEIVE 200 1449453516339 
10 RECEIVE 500 1449453529245 
10 RECEIVE 400 1449453557651 
10 RECEIVE 700 1449453569488 
10 RECEIVE 600 1449453597528 
10 RECEIVE 900 1449453609174 
10 RECEIVE 800 1449453636011 
10 RECEIVE 1100 1449453651481 
10 RECEIVE 1000 1449453678043 
10 RECEIVE 1300 1449453689430 
10 RECEIVE 1200 1449453718461 
10 RECEIVE 1500 1449453731594 
10 RECEIVE 1400 1449453758997 
10 RECEIVE 1700 1449453772042 
10 RECEIVE 1600 1449453798895 
10 RECEIVE 1900 1449453811603 
10 RECEIVE 1800 1449453837727 
10 RECEIVE 2100 1449453851530 
10 RECEIVE 2000 1449453875160 
