6 RECEIVE 100 1449453444419 
6 RECEIVE 0 1449453476964 
6 RECEIVE 300 1449453490216 
6 RECEIVE 200 1449453515563 
6 RECEIVE 500 1449453530075 
6 RECEIVE 400 1449453554082 
6 RECEIVE 700 1449453569287 
6 RECEIVE 600 1449453598207 
6 RECEIVE 900 1449453609788 
6 RECEIVE 800 1449453637601 
6 RECEIVE 1100 1449453650562 
6 RECEIVE 1000 1449453675619 
6 RECEIVE 1300 1449453690181 
6 RECEIVE 1200 1449453718141 
6 RECEIVE 1500 1449453731698 
6 RECEIVE 1400 1449453758017 
6 RECEIVE 1700 1449453770844 
6 RECEIVE 1600 1449453795822 
6 RECEIVE 1900 1449453810826 
6 RECEIVE 1800 1449453839013 
6 RECEIVE 2100 1449453852481 
6 RECEIVE 2000 1449453876227 
