11 RECEIVE 100 1449453444812 
11 RECEIVE 0 1449453476344 
11 RECEIVE 300 1449453490272 
11 RECEIVE 200 1449453516836 
11 RECEIVE 500 1449453530342 
11 RECEIVE 400 1449453557971 
11 RECEIVE 700 1449453570313 
11 RECEIVE 600 1449453597151 
11 RECEIVE 900 1449453609352 
11 RECEIVE 800 1449453636506 
11 RECEIVE 1100 1449453651464 
11 RECEIVE 1000 1449453678353 
11 RECEIVE 1300 1449453690829 
11 RECEIVE 1200 1449453717502 
11 RECEIVE 1500 1449453731106 
11 RECEIVE 1400 1449453758677 
11 RECEIVE 1700 1449453772147 
11 RECEIVE 1600 1449453799216 
11 RECEIVE 1900 1449453812427 
11 RECEIVE 1800 1449453838114 
11 RECEIVE 2100 1449453852001 
11 RECEIVE 2000 1449453879572 
