7 RECEIVE 100 1449453446321 
7 RECEIVE 0 1449453477563 
7 RECEIVE 300 1449453490675 
7 RECEIVE 200 1449453515865 
7 RECEIVE 500 1449453529505 
7 RECEIVE 400 1449453556303 
7 RECEIVE 700 1449453570786 
7 RECEIVE 600 1449453596433 
7 RECEIVE 900 1449453609970 
7 RECEIVE 800 1449453638318 
7 RECEIVE 1100 1449453651205 
7 RECEIVE 1000 1449453677035 
7 RECEIVE 1300 1449453690429 
7 RECEIVE 1200 1449453718780 
7 RECEIVE 1500 1449453730732 
7 RECEIVE 1400 1449453758357 
7 RECEIVE 1700 1449453771834 
7 RECEIVE 1600 1449453796511 
7 RECEIVE 1900 1449453812400 
7 RECEIVE 1800 1449453839332 
7 RECEIVE 2100 1449453851734 
7 RECEIVE 2000 1449453875916 
