Awaiting simulation instructions...

Awaiting simulation instructions...

Awaiting simulation instructions...

Awaiting simulation instructions...

Awaiting simulation instructions...

11 RECEIVE 300 1449453604722 

[Reducer9]: Got 88504 bytes.
11 RECEIVE 100 1449453606417 

[Reducer9]: Got 90112 bytes.
11 RECEIVE 200 1449453609480 

[Reducer9]: Got 88504 bytes.
11 RECEIVE 0 1449453639873 

[Reducer9]: Got 958064 bytes.
Awaiting simulation instructions...

Awaiting simulation instructions...

Awaiting simulation instructions...

Awaiting simulation instructions...

11 RECEIVE 500 1449453669825 

[Reducer9]: Got 91560 bytes.
11 RECEIVE 600 1449453670429 

[Reducer9]: Got 90112 bytes.
11 RECEIVE 700 1449453673421 

[Reducer9]: Got 91136 bytes.
11 RECEIVE 400 1449453700158 

[Reducer9]: Got 956616 bytes.
Awaiting simulation instructions...

Awaiting simulation instructions...

Awaiting simulation instructions...

Awaiting simulation instructions...

[Reducer9]: Got 89512 bytes.
11 RECEIVE 1000 1449453730003 

11 RECEIVE 900 1449453730902 

[Reducer9]: Got 91136 bytes.
11 RECEIVE 1100 1449453735346 

[Reducer9]: Got 91136 bytes.
11 RECEIVE 800 1449453759008 

[Reducer9]: Got 958152 bytes.
Awaiting simulation instructions...

Awaiting simulation instructions...

Awaiting simulation instructions...

Awaiting simulation instructions...

11 RECEIVE 1300 1449453789560 

[Reducer9]: Got 88064 bytes.
11 RECEIVE 1400 1449453790125 

[Reducer9]: Got 89352 bytes.
11 RECEIVE 1500 1449453793108 

[Reducer9]: Got 91136 bytes.
11 RECEIVE 1200 1449453820165 

[Reducer9]: Got 958488 bytes.
Awaiting simulation instructions...

Awaiting simulation instructions...

Awaiting simulation instructions...

Awaiting simulation instructions...

[Reducer9]: Got 91136 bytes.
11 RECEIVE 1800 1449453849989 

11 RECEIVE 1700 1449453850567 

[Reducer9]: Got 91136 bytes.
11 RECEIVE 1900 1449453853930 

[Reducer9]: Got 91136 bytes.
11 RECEIVE 1600 1449453880219 

[Reducer9]: Got 958488 bytes.
Awaiting simulation instructions...

Awaiting simulation instructions...

Awaiting simulation instructions...

Awaiting simulation instructions...

11 RECEIVE 2200 1449453910719 

[Reducer9]: Got 91136 bytes.
11 RECEIVE 2100 1449453910932 

[Reducer9]: Got 90112 bytes.
11 RECEIVE 2300 1449453914171 

[Reducer9]: Got 91136 bytes.
11 RECEIVE 2000 1449453941366 

[Reducer9]: Got 958312 bytes.
Awaiting simulation instructions...

Awaiting simulation instructions...

Awaiting simulation instructions...

Awaiting simulation instructions...

11 RECEIVE 2500 1449453970365 

[Reducer9]: Got 88488 bytes.
[Reducer9]: Got 91136 bytes.
11 RECEIVE 2600 1449453971774 

11 RECEIVE 2700 1449453975297 

[Reducer9]: Got 91136 bytes.
11 RECEIVE 2400 1449454001066 

[Reducer9]: Got 955256 bytes.
Awaiting simulation instructions...

Awaiting simulation instructions...

Awaiting simulation instructions...

Awaiting simulation instructions...

11 RECEIVE 3000 1449454031490 

[Reducer9]: Got 90112 bytes.
11 RECEIVE 2900 1449454031670 

[Reducer9]: Got 90112 bytes.
11 RECEIVE 3100 1449454034625 

[Reducer9]: Got 90112 bytes.
11 RECEIVE 2800 1449454061867 

[Reducer9]: Got 958312 bytes.
Awaiting simulation instructions...

Awaiting simulation instructions...

Awaiting simulation instructions...

Awaiting simulation instructions...

11 RECEIVE 3400 1449454092322 

[Reducer9]: Got 91136 bytes.
11 RECEIVE 3300 1449454092454 

[Reducer9]: Got 91136 bytes.
11 RECEIVE 3500 1449454096417 

[Reducer9]: Got 91136 bytes.
11 RECEIVE 3200 1449454122087 

[Reducer9]: Got 957304 bytes.
Awaiting simulation instructions...

Awaiting simulation instructions...

Awaiting simulation instructions...

Awaiting simulation instructions...

11 RECEIVE 3700 1449454150670 

[Reducer9]: Got 91136 bytes.
11 RECEIVE 3800 1449454151419 

[Reducer9]: Got 91136 bytes.
11 RECEIVE 3900 1449454155727 

[Reducer9]: Got 90112 bytes.
[Reducer9]: Got 957288 bytes.
11 RECEIVE 3600 1449454182083 

Awaiting simulation instructions...

Awaiting simulation instructions...

Awaiting simulation instructions...

Awaiting simulation instructions...

11 RECEIVE 4100 1449454211497 

[Reducer9]: Got 88488 bytes.
11 RECEIVE 4200 1449454213486 

[Reducer9]: Got 91136 bytes.
11 RECEIVE 4300 1449454217679 

[Reducer9]: Got 90112 bytes.
11 RECEIVE 4000 1449454242305 

[Reducer9]: Got 954408 bytes.
Slave finished all tasks and exited.
logger exit
