Awaiting simulation instructions...

Awaiting simulation instructions...

Awaiting simulation instructions...

Awaiting simulation instructions...

Awaiting simulation instructions...

7 RECEIVE 300 1449453604320 

[Reducer5]: Got 89352 bytes.
7 RECEIVE 100 1449453606769 

[Reducer5]: Got 92424 bytes.
7 RECEIVE 200 1449453608061 

[Reducer5]: Got 89512 bytes.
7 RECEIVE 0 1449453637422 

[Reducer5]: Got 959400 bytes.
Awaiting simulation instructions...

Awaiting simulation instructions...

Awaiting simulation instructions...

Awaiting simulation instructions...

7 RECEIVE 600 1449453667678 

[Reducer5]: Got 88488 bytes.
7 RECEIVE 500 1449453669798 

[Reducer5]: Got 91560 bytes.
7 RECEIVE 700 1449453674030 

[Reducer5]: Got 91136 bytes.
7 RECEIVE 400 1449453698782 

[Reducer5]: Got 957288 bytes.
Awaiting simulation instructions...

Awaiting simulation instructions...

Awaiting simulation instructions...

Awaiting simulation instructions...

[Reducer5]: Got 90536 bytes.
7 RECEIVE 1000 1449453729442 

7 RECEIVE 900 1449453730785 

[Reducer5]: Got 90112 bytes.
7 RECEIVE 1100 1449453734579 

[Reducer5]: Got 90112 bytes.
7 RECEIVE 800 1449453758398 

[Reducer5]: Got 958152 bytes.
Awaiting simulation instructions...

Awaiting simulation instructions...

Awaiting simulation instructions...

Awaiting simulation instructions...

7 RECEIVE 1300 1449453787784 

[Reducer5]: Got 88488 bytes.
7 RECEIVE 1400 1449453789701 

[Reducer5]: Got 89352 bytes.
[Reducer5]: Got 91136 bytes.
7 RECEIVE 1500 1449453791643 

[Reducer5]: Got 958312 bytes.
7 RECEIVE 1200 1449453819000 

Awaiting simulation instructions...

Awaiting simulation instructions...

Awaiting simulation instructions...

Awaiting simulation instructions...

7 RECEIVE 1700 1449453848045 

[Reducer5]: Got 88488 bytes.
7 RECEIVE 1800 1449453848842 

[Reducer5]: Got 91136 bytes.
7 RECEIVE 1900 1449453853643 

[Reducer5]: Got 90112 bytes.
7 RECEIVE 1600 1449453879298 

[Reducer5]: Got 957304 bytes.
Awaiting simulation instructions...

Awaiting simulation instructions...

Awaiting simulation instructions...

Awaiting simulation instructions...

7 RECEIVE 2100 1449453908454 

[Reducer5]: Got 89512 bytes.
7 RECEIVE 2200 1449453910318 

[Reducer5]: Got 89352 bytes.
7 RECEIVE 2300 1449453914276 

[Reducer5]: Got 91136 bytes.
7 RECEIVE 2000 1449453939777 

[Reducer5]: Got 956280 bytes.
Awaiting simulation instructions...

Awaiting simulation instructions...

Awaiting simulation instructions...

Awaiting simulation instructions...

7 RECEIVE 2500 1449453968984 

[Reducer5]: Got 89512 bytes.
7 RECEIVE 2600 1449453971327 

[Reducer5]: Got 90112 bytes.
7 RECEIVE 2700 1449453975280 

[Reducer5]: Got 91136 bytes.
7 RECEIVE 2400 1449454000165 

[Reducer5]: Got 956280 bytes.
Awaiting simulation instructions...

Awaiting simulation instructions...

Awaiting simulation instructions...

Awaiting simulation instructions...

7 RECEIVE 3000 1449454029020 

[Reducer5]: Got 89512 bytes.
7 RECEIVE 2900 1449454029567 

[Reducer5]: Got 89512 bytes.
7 RECEIVE 3100 1449454034945 

[Reducer5]: Got 91136 bytes.
7 RECEIVE 2800 1449454061371 

[Reducer5]: Got 958312 bytes.
Awaiting simulation instructions...

Awaiting simulation instructions...

Awaiting simulation instructions...

Awaiting simulation instructions...

7 RECEIVE 3300 1449454090294 

[Reducer5]: Got 89512 bytes.
7 RECEIVE 3400 1449454091954 

[Reducer5]: Got 89352 bytes.
7 RECEIVE 3500 1449454096584 

[Reducer5]: Got 90112 bytes.
7 RECEIVE 3200 1449454117830 

[Reducer5]: Got 958552 bytes.
Awaiting simulation instructions...

Awaiting simulation instructions...

Awaiting simulation instructions...

Awaiting simulation instructions...

7 RECEIVE 3700 1449454149964 

[Reducer5]: Got 89512 bytes.
7 RECEIVE 3800 1449454150890 

[Reducer5]: Got 91136 bytes.
7 RECEIVE 3900 1449454155764 

[Reducer5]: Got 91136 bytes.
7 RECEIVE 3600 1449454182345 

[Reducer5]: Got 957288 bytes.
Awaiting simulation instructions...

Awaiting simulation instructions...

Awaiting simulation instructions...

Awaiting simulation instructions...

[Reducer5]: Got 88488 bytes.
7 RECEIVE 4100 1449454210934 

[Reducer5]: Got 91136 bytes.
7 RECEIVE 4200 1449454213403 

7 RECEIVE 4300 1449454217380 

[Reducer5]: Got 91136 bytes.
7 RECEIVE 4000 1449454238458 

[Reducer5]: Got 957304 bytes.
Slave finished all tasks and exited.
logger exit
