Awaiting simulation instructions...

Awaiting simulation instructions...

Awaiting simulation instructions...

Awaiting simulation instructions...

Awaiting simulation instructions...

4 RECEIVE 200 1449453602838 

[Reducer2]: Got 89352 bytes.
4 RECEIVE 100 1449453603937 

[Reducer2]: Got 89352 bytes.
4 RECEIVE 300 1449453605681 

[Reducer2]: Got 89512 bytes.
4 RECEIVE 0 1449453636511 

[Reducer2]: Got 957304 bytes.
Awaiting simulation instructions...

Awaiting simulation instructions...

Awaiting simulation instructions...

Awaiting simulation instructions...

4 RECEIVE 600 1449453668908 

[Reducer2]: Got 90536 bytes.
4 RECEIVE 500 1449453670177 

[Reducer2]: Got 91560 bytes.
4 RECEIVE 700 1449453673362 

[Reducer2]: Got 90112 bytes.
4 RECEIVE 400 1449453696935 

[Reducer2]: Got 957880 bytes.
Awaiting simulation instructions...

Awaiting simulation instructions...

Awaiting simulation instructions...

Awaiting simulation instructions...

4 RECEIVE 1000 1449453729592 

[Reducer2]: Got 89512 bytes.
4 RECEIVE 900 1449453731361 

[Reducer2]: Got 91136 bytes.
4 RECEIVE 1100 1449453734555 

[Reducer2]: Got 91136 bytes.
4 RECEIVE 800 1449453759824 

[Reducer2]: Got 957464 bytes.
Awaiting simulation instructions...

Awaiting simulation instructions...

Awaiting simulation instructions...

Awaiting simulation instructions...

4 RECEIVE 1300 1449453788135 

[Reducer2]: Got 89512 bytes.
4 RECEIVE 1400 1449453788905 

[Reducer2]: Got 89512 bytes.
4 RECEIVE 1500 1449453792578 

[Reducer2]: Got 91136 bytes.
4 RECEIVE 1200 1449453820475 

[Reducer2]: Got 958488 bytes.
Awaiting simulation instructions...

Awaiting simulation instructions...

Awaiting simulation instructions...

Awaiting simulation instructions...

4 RECEIVE 1700 1449453847506 

[Reducer2]: Got 89512 bytes.
4 RECEIVE 1800 1449453848670 

[Reducer2]: Got 91136 bytes.
4 RECEIVE 1900 1449453853663 

[Reducer2]: Got 91136 bytes.
4 RECEIVE 1600 1449453878212 

[Reducer2]: Got 957464 bytes.
Awaiting simulation instructions...

Awaiting simulation instructions...

Awaiting simulation instructions...

Awaiting simulation instructions...

4 RECEIVE 2200 1449453908597 

[Reducer2]: Got 89512 bytes.
4 RECEIVE 2100 1449453910682 

[Reducer2]: Got 91136 bytes.
4 RECEIVE 2300 1449453914151 

[Reducer2]: Got 90112 bytes.
4 RECEIVE 2000 1449453938420 

[Reducer2]: Got 959336 bytes.
Awaiting simulation instructions...

Awaiting simulation instructions...

Awaiting simulation instructions...

Awaiting simulation instructions...

4 RECEIVE 2500 1449453969461 

[Reducer2]: Got 89512 bytes.
4 RECEIVE 2600 1449453971867 

[Reducer2]: Got 91136 bytes.
4 RECEIVE 2700 1449453974722 

[Reducer2]: Got 90112 bytes.
4 RECEIVE 2400 1449453999569 

[Reducer2]: Got 958312 bytes.
Awaiting simulation instructions...

Awaiting simulation instructions...

Awaiting simulation instructions...

Awaiting simulation instructions...

4 RECEIVE 2900 1449454029722 

[Reducer2]: Got 89512 bytes.
[Reducer2]: Got 89352 bytes.
4 RECEIVE 3000 1449454031255 

4 RECEIVE 3100 1449454033696 

[Reducer2]: Got 91136 bytes.
4 RECEIVE 2800 1449454059372 

[Reducer2]: Got 957464 bytes.
Awaiting simulation instructions...

Awaiting simulation instructions...

Awaiting simulation instructions...

Awaiting simulation instructions...

4 RECEIVE 3300 1449454089970 

[Reducer2]: Got 89512 bytes.
4 RECEIVE 3400 1449454091307 

[Reducer2]: Got 89512 bytes.
4 RECEIVE 3500 1449454095421 

[Reducer2]: Got 90112 bytes.
4 RECEIVE 3200 1449454121818 

[Reducer2]: Got 957304 bytes.
Awaiting simulation instructions...

Awaiting simulation instructions...

Awaiting simulation instructions...

Awaiting simulation instructions...

4 RECEIVE 3700 1449454151761 

[Reducer2]: Got 89352 bytes.
4 RECEIVE 3800 1449454151931 

[Reducer2]: Got 89352 bytes.
4 RECEIVE 3900 1449454154774 

[Reducer2]: Got 90112 bytes.
4 RECEIVE 3600 1449454177195 

[Reducer2]: Got 959672 bytes.
Awaiting simulation instructions...

Awaiting simulation instructions...

Awaiting simulation instructions...

Awaiting simulation instructions...

4 RECEIVE 4100 1449454210440 

[Reducer2]: Got 89512 bytes.
4 RECEIVE 4200 1449454212636 

[Reducer2]: Got 91136 bytes.
4 RECEIVE 4300 1449454217436 

[Reducer2]: Got 91136 bytes.
4 RECEIVE 4000 1449454241538 

[Reducer2]: Got 958312 bytes.
Slave finished all tasks and exited.
logger exit
