Connecting to each simulation slave
Connect to 10.0.0.3:5000 failed, waiting and trying again

Connect to 10.0.0.3:5000 success

Connect to 10.1.0.2:5000 failed, waiting and trying again

Connect to 10.1.0.2:5000 success

Connect to 10.1.0.3:5000 failed, waiting and trying again

Connect to 10.1.0.3:5000 success

Connect to 10.1.1.2:5000 failed, waiting and trying again

Connect to 10.1.1.2:5000 success

Connect to 10.1.1.3:5000 failed, waiting and trying again

Connect to 10.1.1.3:5000 success

Connect to 10.2.0.2:5000 failed, waiting and trying again

Connect to 10.2.0.2:5000 success

Connect to 10.2.0.3:5000 failed, waiting and trying again

Connect to 10.2.0.3:5000 success

Connect to 10.2.1.2:5000 failed, waiting and trying again

Connect to 10.2.1.2:5000 success

Connect to 10.2.1.3:5000 failed, waiting and trying again

Connect to 10.2.1.3:5000 success

Connect to 10.3.0.2:5000 failed, waiting and trying again

Connect to 10.3.0.2:5000 success

Connect to 10.3.0.3:5000 failed, waiting and trying again

Connect to 10.3.0.3:5000 success

Connect to 10.3.1.2:5000 failed, waiting and trying again

Connect to 10.3.1.2:5000 success

Connect to 10.3.1.3:5000 failed, waiting and trying again

Connect to 10.3.1.3:5000 success

Connection Simulation.Master.Utils.SlaveDesc@6f6a719e 10.0.0.3:5000
Connection Simulation.Master.Utils.SlaveDesc@35497537 10.1.0.2:5000
Connection Simulation.Master.Utils.SlaveDesc@69ae8935 10.1.0.3:5000
Connection Simulation.Master.Utils.SlaveDesc@41b22cc7 10.1.1.2:5000
Connection Simulation.Master.Utils.SlaveDesc@1899de83 10.1.1.3:5000
Connection Simulation.Master.Utils.SlaveDesc@1ddf7713 10.2.0.2:5000
Connection Simulation.Master.Utils.SlaveDesc@3a028fb7 10.2.0.3:5000
Connection Simulation.Master.Utils.SlaveDesc@7e295521 10.2.1.2:5000
Connection Simulation.Master.Utils.SlaveDesc@4b942a3c 10.2.1.3:5000
Connection Simulation.Master.Utils.SlaveDesc@6c60efe7 10.3.0.2:5000
Connection Simulation.Master.Utils.SlaveDesc@50265e47 10.3.0.3:5000
Connection Simulation.Master.Utils.SlaveDesc@6f7b06d 10.3.1.2:5000
Connection Simulation.Master.Utils.SlaveDesc@6f5fc7ad 10.3.1.3:5000
Connection Simulation.Master.Utils.SlaveDesc@792e67fa 10.0.1.2:5000
Connection Simulation.Master.Utils.SlaveDesc@55ac8c3d 10.0.1.3:5000
Configuring logger for Master
Master listening for reports on port4900
15/12/07 01:59:54 INFO slf4j.Slf4jLogger: Slf4jLogger started
Master client before coflow null
15/12/07 01:59:54 INFO client.VarysClient$ClientActor: Connecting to master varys://10.0.0.2:1606
Log: Connected to master, got client ID CLIENT-000000
15/12/07 01:59:55 INFO client.VarysClient$ClientActor: Registered to master in 166 milliseconds.
Master client after coflow CLIENT-000000
Registered coflow 0
1 0 

2 6000
Sending task to host 2
3 6000
Sending task to host 3
4 6000
Sending task to host 4
5 6000
Sending task to host 5
6 6000
Sending task to host 6
7 6000
Sending task to host 7
8 6000
Sending task to host 8
9 6000
Sending task to host 9
10 6000
Sending task to host 10
11 6000
Sending task to host 11
Sending task to host 1
15/12/07 01:59:55 INFO slf4j.Slf4jLogger: Slf4jLogger started
Master client before coflow null
15/12/07 01:59:55 INFO client.VarysClient$ClientActor: Connecting to master varys://10.0.0.2:1606
Log: Connected to master, got client ID CLIENT-000001
15/12/07 01:59:55 INFO client.VarysClient$ClientActor: Registered to master in 43 milliseconds.
Master client after coflow CLIENT-000001
Registered coflow 100
2 6011
Sending task to host 2
2 100 

3 6011
Sending task to host 3
4 6011
Sending task to host 4
5 6011
Sending task to host 5
6 6011
Sending task to host 6
7 6011
Sending task to host 7
8 6011
Sending task to host 8
9 6011
Sending task to host 9
10 6011
Sending task to host 10
11 6011
Sending task to host 11
Sending task to host 1
15/12/07 01:59:55 INFO slf4j.Slf4jLogger: Slf4jLogger started
Master client before coflow null
15/12/07 01:59:55 INFO client.VarysClient$ClientActor: Connecting to master varys://10.0.0.2:1606
Log: Connected to master, got client ID CLIENT-000002
15/12/07 01:59:55 INFO client.VarysClient$ClientActor: Registered to master in 27 milliseconds.
Master client after coflow CLIENT-000002
Registered coflow 200
2 6111
Sending task to host 2
3 200 

3 6111
Sending task to host 3
4 6111
Sending task to host 4
5 6111
Sending task to host 5
6 6111
Sending task to host 6
7 6111
Sending task to host 7
8 6111
Sending task to host 8
9 6111
Sending task to host 9
10 6111
Sending task to host 10
11 6111
Sending task to host 11
Sending task to host 1
15/12/07 01:59:55 INFO slf4j.Slf4jLogger: Slf4jLogger started
Master client before coflow null
15/12/07 01:59:55 INFO client.VarysClient$ClientActor: Connecting to master varys://10.0.0.2:1606
Log: Connected to master, got client ID CLIENT-000003
15/12/07 01:59:55 INFO client.VarysClient$ClientActor: Registered to master in 39 milliseconds.
Master client after coflow CLIENT-000003
Registered coflow 300
2 6211
Sending task to host 2
4 300 

3 6211
Sending task to host 3
4 6211
Sending task to host 4
5 6211
Sending task to host 5
6 6211
Sending task to host 6
7 6211
Sending task to host 7
8 6211
Sending task to host 8
9 6211
Sending task to host 9
10 6211
Sending task to host 10
11 6211
Sending task to host 11
Sending task to host 1
Master got report for task 3 from 6
Master got report for task 3 from 2
Master got report for task 4 from 3
Master got report for task 2 from 4
Master got report for task 4 from 4
Master got report for task 4 from 6
Master got report for task 2 from 2
Master got report for task 4 from 7
Master got report for task 4 from 5
Master got report for task 3 from 8
Master got report for task 2 from 1
Master got report for task 4 from 9
Master got report for task 4 from 1
Master got report for task 4 from 0
Master got report for task 3 from 1
Master got report for task 4 from 2
Master got report for task 2 from 9
Master got report for task 2 from 8
Master got report for task 3 from 3
Master got report for task 2 from 5
Master got report for task 2 from 3
Master got report for task 2 from 7
Master got report for task 3 from 7
Master got report for task 3 from 4
Master got report for task 2 from 0
Master got report for task 2 from 6
Log: Disconnected from master
2 12800

Master got report for task 3 from 5
Master got report for task 3 from 0
Master got report for task 4 from 8
Log: Disconnected from master
4 12877

Master got report for task 3 from 9
Log: Disconnected from master
3 14037

Master got report for task 1 from 8
Master got report for task 1 from 0
Master got report for task 1 from 2
Master got report for task 1 from 6
Master got report for task 1 from 5
Master got report for task 1 from 7
Master got report for task 1 from 1
Master got report for task 1 from 3
Master got report for task 1 from 9
Master got report for task 1 from 4
Log: Disconnected from master
1 46438

15/12/07 02:00:55 INFO slf4j.Slf4jLogger: Slf4jLogger started
Master client before coflow null
15/12/07 02:00:55 INFO client.VarysClient$ClientActor: Connecting to master varys://10.0.0.2:1606
Log: Connected to master, got client ID CLIENT-000004
15/12/07 02:00:55 INFO client.VarysClient$ClientActor: Registered to master in 19 milliseconds.
Master client after coflow CLIENT-000004
Registered coflow 400
2 6001
Sending task to host 2
5 400 

3 6001
Sending task to host 3
4 6001
Sending task to host 4
5 6001
Sending task to host 5
6 6001
Sending task to host 6
7 6001
Sending task to host 7
8 6001
Sending task to host 8
9 6001
Sending task to host 9
10 6001
Sending task to host 10
11 6001
Sending task to host 11
Sending task to host 1
15/12/07 02:00:55 INFO slf4j.Slf4jLogger: Slf4jLogger started
Master client before coflow null
15/12/07 02:00:55 INFO client.VarysClient$ClientActor: Connecting to master varys://10.0.0.2:1606
Log: Connected to master, got client ID CLIENT-000005
15/12/07 02:00:55 INFO client.VarysClient$ClientActor: Registered to master in 45 milliseconds.
Master client after coflow CLIENT-000005
Registered coflow 500
2 6012
6 500 

Sending task to host 2
3 6012
Sending task to host 3
4 6012
Sending task to host 4
5 6012
Sending task to host 5
6 6012
Sending task to host 6
7 6012
Sending task to host 7
8 6012
Sending task to host 8
9 6012
Sending task to host 9
10 6012
Sending task to host 10
11 6012
Sending task to host 11
Sending task to host 1
15/12/07 02:00:55 INFO slf4j.Slf4jLogger: Slf4jLogger started
Master client before coflow null
15/12/07 02:00:55 INFO client.VarysClient$ClientActor: Connecting to master varys://10.0.0.2:1606
Log: Connected to master, got client ID CLIENT-000006
15/12/07 02:00:55 INFO client.VarysClient$ClientActor: Registered to master in 21 milliseconds.
Master client after coflow CLIENT-000006
Registered coflow 600
2 6112
Sending task to host 2
7 600 

3 6112
Sending task to host 3
4 6112
Sending task to host 4
5 6112
Sending task to host 5
6 6112
Sending task to host 6
7 6112
Sending task to host 7
8 6112
Sending task to host 8
9 6112
Sending task to host 9
10 6112
Sending task to host 10
11 6112
Sending task to host 11
Sending task to host 1
15/12/07 02:00:56 INFO slf4j.Slf4jLogger: Slf4jLogger started
Master client before coflow null
15/12/07 02:00:56 INFO client.VarysClient$ClientActor: Connecting to master varys://10.0.0.2:1606
Log: Connected to master, got client ID CLIENT-000007
15/12/07 02:00:56 INFO client.VarysClient$ClientActor: Registered to master in 23 milliseconds.
Master client after coflow CLIENT-000007
Registered coflow 700
2 6212
Sending task to host 2
8 700 

3 6212
Sending task to host 3
4 6212
Sending task to host 4
5 6212
Sending task to host 5
6 6212
Sending task to host 6
7 6212
Sending task to host 7
8 6212
Sending task to host 8
9 6212
Sending task to host 9
10 6212
Sending task to host 10
11 6212
Sending task to host 11
Sending task to host 1
Master got report for task 6 from 1
Master got report for task 6 from 0
Master got report for task 7 from 0
Master got report for task 7 from 5
Master got report for task 7 from 3
Master got report for task 6 from 6
Master got report for task 7 from 7
Master got report for task 7 from 2
Master got report for task 7 from 6
Master got report for task 7 from 1
Master got report for task 6 from 5
Master got report for task 6 from 9
Master got report for task 7 from 8
Master got report for task 6 from 7
Master got report for task 6 from 2
Master got report for task 6 from 3
Master got report for task 6 from 4
Master got report for task 7 from 9
Master got report for task 6 from 8
Log: Disconnected from master
6 14705

Master got report for task 7 from 4
Log: Disconnected from master
7 15617

Master got report for task 8 from 4
Master got report for task 8 from 3
Master got report for task 8 from 0
Master got report for task 8 from 2
Master got report for task 8 from 9
Master got report for task 8 from 1
Master got report for task 8 from 8
Master got report for task 8 from 6
Master got report for task 8 from 7
Master got report for task 8 from 5
Log: Disconnected from master
8 18050

Master got report for task 5 from 0
Master got report for task 5 from 2
Master got report for task 5 from 4
Master got report for task 5 from 8
Master got report for task 5 from 3
Master got report for task 5 from 5
Master got report for task 5 from 7
Master got report for task 5 from 6
Master got report for task 5 from 1
Master got report for task 5 from 9
Log: Disconnected from master
5 44472

15/12/07 02:01:56 INFO slf4j.Slf4jLogger: Slf4jLogger started
Master client before coflow null
15/12/07 02:01:56 INFO client.VarysClient$ClientActor: Connecting to master varys://10.0.0.2:1606
Log: Connected to master, got client ID CLIENT-000008
15/12/07 02:01:56 INFO client.VarysClient$ClientActor: Registered to master in 19 milliseconds.
Master client after coflow CLIENT-000008
Registered coflow 800
2 6002
Sending task to host 2
9 800 

3 6002
Sending task to host 3
4 6002
Sending task to host 4
5 6002
Sending task to host 5
6 6002
Sending task to host 6
7 6002
Sending task to host 7
8 6002
Sending task to host 8
9 6002
Sending task to host 9
10 6002
Sending task to host 10
11 6002
Sending task to host 11
Sending task to host 1
15/12/07 02:01:56 INFO slf4j.Slf4jLogger: Slf4jLogger started
Master client before coflow null
15/12/07 02:01:56 INFO client.VarysClient$ClientActor: Connecting to master varys://10.0.0.2:1606
Log: Connected to master, got client ID CLIENT-000009
15/12/07 02:01:56 INFO client.VarysClient$ClientActor: Registered to master in 21 milliseconds.
Master client after coflow CLIENT-000009
Registered coflow 900
2 6013
Sending task to host 2
10 900 

3 6013
Sending task to host 3
4 6013
Sending task to host 4
5 6013
Sending task to host 5
6 6013
Sending task to host 6
7 6013
Sending task to host 7
8 6013
Sending task to host 8
9 6013
Sending task to host 9
10 6013
Sending task to host 10
11 6013
Sending task to host 11
Sending task to host 1
15/12/07 02:01:56 INFO slf4j.Slf4jLogger: Slf4jLogger started
Master client before coflow null
15/12/07 02:01:56 INFO client.VarysClient$ClientActor: Connecting to master varys://10.0.0.2:1606
Log: Connected to master, got client ID CLIENT-000010
15/12/07 02:01:56 INFO client.VarysClient$ClientActor: Registered to master in 17 milliseconds.
Master client after coflow CLIENT-000010
Registered coflow 1000
2 6113
Sending task to host 2
11 1000 

3 6113
Sending task to host 3
4 6113
Sending task to host 4
5 6113
Sending task to host 5
6 6113
Sending task to host 6
7 6113
Sending task to host 7
8 6113
Sending task to host 8
9 6113
Sending task to host 9
10 6113
Sending task to host 10
11 6113
Sending task to host 11
Sending task to host 1
15/12/07 02:01:56 INFO slf4j.Slf4jLogger: Slf4jLogger started
Master client before coflow null
15/12/07 02:01:56 INFO client.VarysClient$ClientActor: Connecting to master varys://10.0.0.2:1606
Log: Connected to master, got client ID CLIENT-000011
15/12/07 02:01:56 INFO client.VarysClient$ClientActor: Registered to master in 17 milliseconds.
Master client after coflow CLIENT-000011
Registered coflow 1100
2 6213
Sending task to host 2
12 1100 

3 6213
Sending task to host 3
4 6213
Sending task to host 4
5 6213
Sending task to host 5
6 6213
Sending task to host 6
7 6213
Sending task to host 7
8 6213
Sending task to host 8
9 6213
Sending task to host 9
10 6213
Sending task to host 10
11 6213
Sending task to host 11
Sending task to host 1
Master got report for task 11 from 0
Master got report for task 11 from 6
Master got report for task 11 from 4
Master got report for task 11 from 1
Master got report for task 11 from 3
Master got report for task 11 from 7
Master got report for task 11 from 5
Master got report for task 11 from 2
Master got report for task 10 from 0
Master got report for task 11 from 8
Master got report for task 11 from 9
Log: Disconnected from master
11 13820

Master got report for task 10 from 1
Master got report for task 10 from 5
Master got report for task 10 from 9
Master got report for task 10 from 7
Master got report for task 10 from 8
Master got report for task 10 from 2
Master got report for task 10 from 3
Master got report for task 10 from 4
Master got report for task 10 from 6
Log: Disconnected from master
10 15552

Master got report for task 12 from 3
Master got report for task 12 from 8
Master got report for task 12 from 2
Master got report for task 12 from 5
Master got report for task 12 from 0
Master got report for task 12 from 1
Master got report for task 12 from 4
Master got report for task 12 from 7
Master got report for task 12 from 9
Master got report for task 12 from 6
Log: Disconnected from master
12 19252

Master got report for task 9 from 4
Master got report for task 9 from 1
Master got report for task 9 from 6
Master got report for task 9 from 5
Master got report for task 9 from 7
Master got report for task 9 from 9
Master got report for task 9 from 8
Master got report for task 9 from 2
Master got report for task 9 from 0
Master got report for task 9 from 3
Log: Disconnected from master
9 44404

15/12/07 02:02:56 INFO slf4j.Slf4jLogger: Slf4jLogger started
Master client before coflow null
15/12/07 02:02:56 INFO client.VarysClient$ClientActor: Connecting to master varys://10.0.0.2:1606
Log: Connected to master, got client ID CLIENT-000012
15/12/07 02:02:56 INFO client.VarysClient$ClientActor: Registered to master in 20 milliseconds.
Master client after coflow CLIENT-000012
Registered coflow 1200
2 6003
Sending task to host 2
13 1200 

3 6003
Sending task to host 3
4 6003
Sending task to host 4
5 6003
Sending task to host 5
6 6003
Sending task to host 6
7 6003
Sending task to host 7
8 6003
Sending task to host 8
9 6003
Sending task to host 9
10 6003
Sending task to host 10
11 6003
Sending task to host 11
Sending task to host 1
15/12/07 02:02:56 INFO slf4j.Slf4jLogger: Slf4jLogger started
Master client before coflow null
15/12/07 02:02:56 INFO client.VarysClient$ClientActor: Connecting to master varys://10.0.0.2:1606
Log: Connected to master, got client ID CLIENT-000013
15/12/07 02:02:56 INFO client.VarysClient$ClientActor: Registered to master in 16 milliseconds.
Master client after coflow CLIENT-000013
Registered coflow 1300
2 6014
Sending task to host 2
14 1300 

3 6014
Sending task to host 3
4 6014
Sending task to host 4
5 6014
Sending task to host 5
6 6014
Sending task to host 6
7 6014
Sending task to host 7
8 6014
Sending task to host 8
9 6014
Sending task to host 9
10 6014
Sending task to host 10
11 6014
Sending task to host 11
Sending task to host 1
15/12/07 02:02:56 INFO slf4j.Slf4jLogger: Slf4jLogger started
Master client before coflow null
15/12/07 02:02:56 INFO client.VarysClient$ClientActor: Connecting to master varys://10.0.0.2:1606
Log: Connected to master, got client ID CLIENT-000014
15/12/07 02:02:56 INFO client.VarysClient$ClientActor: Registered to master in 16 milliseconds.
Master client after coflow CLIENT-000014
Registered coflow 1400
2 6114
Sending task to host 2
15 1400 

3 6114
Sending task to host 3
4 6114
Sending task to host 4
5 6114
Sending task to host 5
6 6114
Sending task to host 6
7 6114
Sending task to host 7
8 6114
Sending task to host 8
9 6114
Sending task to host 9
10 6114
Sending task to host 10
11 6114
Sending task to host 11
Sending task to host 1
15/12/07 02:02:56 INFO slf4j.Slf4jLogger: Slf4jLogger started
Master client before coflow null
15/12/07 02:02:56 INFO client.VarysClient$ClientActor: Connecting to master varys://10.0.0.2:1606
Log: Connected to master, got client ID CLIENT-000015
15/12/07 02:02:56 INFO client.VarysClient$ClientActor: Registered to master in 25 milliseconds.
Master client after coflow CLIENT-000015
Registered coflow 1500
2 6214
Sending task to host 2
16 1500 

3 6214
Sending task to host 3
4 6214
Sending task to host 4
5 6214
Sending task to host 5
6 6214
Sending task to host 6
7 6214
Sending task to host 7
8 6214
Sending task to host 8
9 6214
Sending task to host 9
10 6214
Sending task to host 10
11 6214
Sending task to host 11
Sending task to host 1
Master got report for task 14 from 5
Master got report for task 14 from 2
Master got report for task 15 from 2
Master got report for task 14 from 8
Master got report for task 14 from 9
Master got report for task 15 from 6
Master got report for task 15 from 5
Master got report for task 15 from 3
Master got report for task 15 from 9
Master got report for task 15 from 1
Master got report for task 14 from 0
Master got report for task 15 from 0
Master got report for task 15 from 8
Master got report for task 14 from 4
Master got report for task 14 from 1
Master got report for task 15 from 7
Master got report for task 14 from 3
Master got report for task 14 from 7
Master got report for task 14 from 6
Log: Disconnected from master
14 14867

Master got report for task 15 from 4
Log: Disconnected from master
15 14834

Master got report for task 16 from 5
Master got report for task 16 from 4
Master got report for task 16 from 2
Master got report for task 16 from 1
Master got report for task 16 from 8
Master got report for task 16 from 0
Master got report for task 16 from 6
Master got report for task 16 from 7
Master got report for task 16 from 9
Master got report for task 16 from 3
Log: Disconnected from master
16 16716

Master got report for task 13 from 0
Master got report for task 13 from 1
Master got report for task 13 from 7
Master got report for task 13 from 3
Master got report for task 13 from 5
Master got report for task 13 from 6
Master got report for task 13 from 4
Master got report for task 13 from 9
Master got report for task 13 from 8
Master got report for task 13 from 2
Log: Disconnected from master
13 44164

15/12/07 02:03:56 INFO slf4j.Slf4jLogger: Slf4jLogger started
Master client before coflow null
15/12/07 02:03:56 INFO client.VarysClient$ClientActor: Connecting to master varys://10.0.0.2:1606
Log: Connected to master, got client ID CLIENT-000016
15/12/07 02:03:56 INFO client.VarysClient$ClientActor: Registered to master in 28 milliseconds.
Master client after coflow CLIENT-000016
Registered coflow 1600
2 6004
Sending task to host 2
17 1600 

3 6004
Sending task to host 3
4 6004
Sending task to host 4
5 6004
Sending task to host 5
6 6004
Sending task to host 6
7 6004
Sending task to host 7
8 6004
Sending task to host 8
9 6004
Sending task to host 9
10 6004
Sending task to host 10
11 6004
Sending task to host 11
Sending task to host 1
15/12/07 02:03:56 INFO slf4j.Slf4jLogger: Slf4jLogger started
Master client before coflow null
15/12/07 02:03:56 INFO client.VarysClient$ClientActor: Connecting to master varys://10.0.0.2:1606
Log: Connected to master, got client ID CLIENT-000017
15/12/07 02:03:56 INFO client.VarysClient$ClientActor: Registered to master in 17 milliseconds.
Master client after coflow CLIENT-000017
Registered coflow 1700
2 6015
Sending task to host 2
18 1700 

3 6015
Sending task to host 3
4 6015
Sending task to host 4
5 6015
Sending task to host 5
6 6015
Sending task to host 6
7 6015
Sending task to host 7
8 6015
Sending task to host 8
9 6015
Sending task to host 9
10 6015
Sending task to host 10
11 6015
Sending task to host 11
Sending task to host 1
15/12/07 02:03:56 INFO slf4j.Slf4jLogger: Slf4jLogger started
Master client before coflow null
15/12/07 02:03:56 INFO client.VarysClient$ClientActor: Connecting to master varys://10.0.0.2:1606
Log: Connected to master, got client ID CLIENT-000018
15/12/07 02:03:56 INFO client.VarysClient$ClientActor: Registered to master in 18 milliseconds.
Master client after coflow CLIENT-000018
Registered coflow 1800
2 6115
Sending task to host 2
19 1800 

3 6115
Sending task to host 3
4 6115
Sending task to host 4
5 6115
Sending task to host 5
6 6115
Sending task to host 6
7 6115
Sending task to host 7
8 6115
Sending task to host 8
9 6115
Sending task to host 9
10 6115
Sending task to host 10
11 6115
Sending task to host 11
Sending task to host 1
15/12/07 02:03:56 INFO slf4j.Slf4jLogger: Slf4jLogger started
Master client before coflow null
15/12/07 02:03:56 INFO client.VarysClient$ClientActor: Connecting to master varys://10.0.0.2:1606
Log: Connected to master, got client ID CLIENT-000019
15/12/07 02:03:56 INFO client.VarysClient$ClientActor: Registered to master in 18 milliseconds.
Master client after coflow CLIENT-000019
Registered coflow 1900
2 6215
Sending task to host 2
20 1900 

3 6215
Sending task to host 3
4 6215
Sending task to host 4
5 6215
Sending task to host 5
6 6215
Sending task to host 6
7 6215
Sending task to host 7
8 6215
Sending task to host 8
9 6215
Sending task to host 9
10 6215
Sending task to host 10
11 6215
Sending task to host 11
Sending task to host 1
Master got report for task 18 from 1
Master got report for task 18 from 2
Master got report for task 18 from 7
Master got report for task 18 from 5
Master got report for task 18 from 6
Master got report for task 19 from 1
Master got report for task 19 from 2
Master got report for task 19 from 5
Master got report for task 18 from 4
Master got report for task 19 from 7
Master got report for task 19 from 9
Master got report for task 18 from 0
Master got report for task 19 from 0
Master got report for task 18 from 8
Master got report for task 19 from 3
Master got report for task 19 from 8
Master got report for task 18 from 9
Master got report for task 19 from 6
Master got report for task 19 from 4
Log: Disconnected from master
19 13902

Master got report for task 18 from 3
Log: Disconnected from master
18 14109

Master got report for task 20 from 4
Master got report for task 20 from 8
Master got report for task 20 from 6
Master got report for task 20 from 1
Master got report for task 20 from 0
Master got report for task 20 from 3
Master got report for task 20 from 5
Master got report for task 20 from 2
Master got report for task 20 from 7
Master got report for task 20 from 9
Log: Disconnected from master
20 17128

Master got report for task 17 from 0
Master got report for task 17 from 7
Master got report for task 17 from 1
Master got report for task 17 from 2
Master got report for task 17 from 4
Master got report for task 17 from 5
Master got report for task 17 from 9
Master got report for task 17 from 3
Master got report for task 17 from 6
Master got report for task 17 from 8
Log: Disconnected from master
17 44489

15/12/07 02:04:56 INFO slf4j.Slf4jLogger: Slf4jLogger started
Master client before coflow null
15/12/07 02:04:56 INFO client.VarysClient$ClientActor: Connecting to master varys://10.0.0.2:1606
Log: Connected to master, got client ID CLIENT-000020
15/12/07 02:04:56 INFO client.VarysClient$ClientActor: Registered to master in 18 milliseconds.
Master client after coflow CLIENT-000020
Registered coflow 2000
2 6005
Sending task to host 2
21 2000 

3 6005
Sending task to host 3
4 6005
Sending task to host 4
5 6005
Sending task to host 5
6 6005
Sending task to host 6
7 6005
Sending task to host 7
8 6005
Sending task to host 8
9 6005
Sending task to host 9
10 6005
Sending task to host 10
11 6005
Sending task to host 11
Sending task to host 1
15/12/07 02:04:56 INFO slf4j.Slf4jLogger: Slf4jLogger started
Master client before coflow null
15/12/07 02:04:57 INFO client.VarysClient$ClientActor: Connecting to master varys://10.0.0.2:1606
Log: Connected to master, got client ID CLIENT-000021
15/12/07 02:04:57 INFO client.VarysClient$ClientActor: Registered to master in 15 milliseconds.
Master client after coflow CLIENT-000021
Registered coflow 2100
2 6016
Sending task to host 2
22 2100 

3 6016
Sending task to host 3
4 6016
Sending task to host 4
5 6016
Sending task to host 5
6 6016
Sending task to host 6
7 6016
Sending task to host 7
8 6016
Sending task to host 8
9 6016
Sending task to host 9
10 6016
Sending task to host 10
11 6016
Sending task to host 11
Sending task to host 1
15/12/07 02:04:57 INFO slf4j.Slf4jLogger: Slf4jLogger started
Master client before coflow null
15/12/07 02:04:57 INFO client.VarysClient$ClientActor: Connecting to master varys://10.0.0.2:1606
Log: Connected to master, got client ID CLIENT-000022
15/12/07 02:04:57 INFO client.VarysClient$ClientActor: Registered to master in 15 milliseconds.
Master client after coflow CLIENT-000022
Registered coflow 2200
2 6116
Sending task to host 2
23 2200 

3 6116
Sending task to host 3
4 6116
Sending task to host 4
5 6116
Sending task to host 5
6 6116
Sending task to host 6
7 6116
Sending task to host 7
8 6116
Sending task to host 8
9 6116
Sending task to host 9
10 6116
Sending task to host 10
11 6116
Sending task to host 11
Sending task to host 1
15/12/07 02:04:57 INFO slf4j.Slf4jLogger: Slf4jLogger started
Master client before coflow null
15/12/07 02:04:57 INFO client.VarysClient$ClientActor: Connecting to master varys://10.0.0.2:1606
Log: Connected to master, got client ID CLIENT-000023
15/12/07 02:04:57 INFO client.VarysClient$ClientActor: Registered to master in 20 milliseconds.
Master client after coflow CLIENT-000023
Registered coflow 2300
2 6216
Sending task to host 2
24 2300 

3 6216
Sending task to host 3
4 6216
Sending task to host 4
5 6216
Sending task to host 5
6 6216
Sending task to host 6
7 6216
Sending task to host 7
8 6216
Sending task to host 8
9 6216
Sending task to host 9
10 6216
Sending task to host 10
11 6216
Sending task to host 11
Sending task to host 1
Master got report for task 22 from 3
Master got report for task 22 from 0
Master got report for task 23 from 0
Master got report for task 23 from 1
Master got report for task 22 from 5
Master got report for task 23 from 2
Master got report for task 22 from 4
Master got report for task 22 from 7
Master got report for task 23 from 6
Master got report for task 23 from 3
Master got report for task 22 from 1
Master got report for task 23 from 4
Master got report for task 23 from 5
Master got report for task 22 from 6
Master got report for task 22 from 8
Master got report for task 23 from 7
Master got report for task 22 from 2
Master got report for task 23 from 9
Master got report for task 23 from 8
Log: Disconnected from master
23 13720

Master got report for task 22 from 9
Log: Disconnected from master
22 13994

Master got report for task 24 from 0
Master got report for task 24 from 7
Master got report for task 24 from 6
Master got report for task 24 from 1
Master got report for task 24 from 3
Master got report for task 24 from 4
Master got report for task 24 from 8
Master got report for task 24 from 2
Master got report for task 24 from 9
Master got report for task 24 from 5
Log: Disconnected from master
24 17171

Master got report for task 21 from 1
Master got report for task 21 from 0
Master got report for task 21 from 2
Master got report for task 21 from 6
Master got report for task 21 from 4
Master got report for task 21 from 3
Master got report for task 21 from 5
Master got report for task 21 from 8
Master got report for task 21 from 7
Master got report for task 21 from 9
Log: Disconnected from master
21 44495

15/12/07 02:05:57 INFO slf4j.Slf4jLogger: Slf4jLogger started
Master client before coflow null
15/12/07 02:05:57 INFO client.VarysClient$ClientActor: Connecting to master varys://10.0.0.2:1606
Log: Connected to master, got client ID CLIENT-000024
15/12/07 02:05:57 INFO client.VarysClient$ClientActor: Registered to master in 14 milliseconds.
Master client after coflow CLIENT-000024
Registered coflow 2400
2 6006
Sending task to host 2
25 2400 

3 6006
Sending task to host 3
4 6006
Sending task to host 4
5 6006
Sending task to host 5
6 6006
Sending task to host 6
7 6006
Sending task to host 7
8 6006
Sending task to host 8
9 6006
Sending task to host 9
10 6006
Sending task to host 10
11 6006
Sending task to host 11
Sending task to host 1
15/12/07 02:05:57 INFO slf4j.Slf4jLogger: Slf4jLogger started
Master client before coflow null
15/12/07 02:05:57 INFO client.VarysClient$ClientActor: Connecting to master varys://10.0.0.2:1606
Log: Connected to master, got client ID CLIENT-000025
15/12/07 02:05:57 INFO client.VarysClient$ClientActor: Registered to master in 18 milliseconds.
Master client after coflow CLIENT-000025
Registered coflow 2500
2 6017
Sending task to host 2
26 2500 

3 6017
Sending task to host 3
4 6017
Sending task to host 4
5 6017
Sending task to host 5
6 6017
Sending task to host 6
7 6017
Sending task to host 7
8 6017
Sending task to host 8
9 6017
Sending task to host 9
10 6017
Sending task to host 10
11 6017
Sending task to host 11
Sending task to host 1
15/12/07 02:05:57 INFO slf4j.Slf4jLogger: Slf4jLogger started
Master client before coflow null
15/12/07 02:05:57 INFO client.VarysClient$ClientActor: Connecting to master varys://10.0.0.2:1606
Log: Connected to master, got client ID CLIENT-000026
15/12/07 02:05:57 INFO client.VarysClient$ClientActor: Registered to master in 14 milliseconds.
Master client after coflow CLIENT-000026
Registered coflow 2600
2 6117
Sending task to host 2
3 6117
Sending task to host 3
27 2600 

4 6117
Sending task to host 4
5 6117
Sending task to host 5
6 6117
Sending task to host 6
7 6117
Sending task to host 7
8 6117
Sending task to host 8
9 6117
Sending task to host 9
10 6117
Sending task to host 10
11 6117
Sending task to host 11
Sending task to host 1
15/12/07 02:05:57 INFO slf4j.Slf4jLogger: Slf4jLogger started
Master client before coflow null
15/12/07 02:05:57 INFO client.VarysClient$ClientActor: Connecting to master varys://10.0.0.2:1606
Log: Connected to master, got client ID CLIENT-000027
15/12/07 02:05:57 INFO client.VarysClient$ClientActor: Registered to master in 14 milliseconds.
Master client after coflow CLIENT-000027
Registered coflow 2700
2 6217
Sending task to host 2
28 2700 

3 6217
Sending task to host 3
4 6217
Sending task to host 4
5 6217
Sending task to host 5
6 6217
Sending task to host 6
7 6217
Sending task to host 7
8 6217
Sending task to host 8
9 6217
Sending task to host 9
10 6217
Sending task to host 10
11 6217
Sending task to host 11
Sending task to host 1
Master got report for task 26 from 0
Master got report for task 26 from 1
Master got report for task 26 from 5
Master got report for task 26 from 4
Master got report for task 26 from 3
Master got report for task 26 from 2
Master got report for task 26 from 6
Master got report for task 26 from 7
Master got report for task 26 from 8
Master got report for task 26 from 9
Log: Disconnected from master
26 13159

Master got report for task 27 from 6
Master got report for task 27 from 5
Master got report for task 27 from 4
Master got report for task 27 from 1
Master got report for task 27 from 7
Master got report for task 27 from 0
Master got report for task 27 from 9
Master got report for task 27 from 8
Master got report for task 27 from 2
Master got report for task 27 from 3
Log: Disconnected from master
27 14762

Master got report for task 28 from 0
Master got report for task 28 from 1
Master got report for task 28 from 6
Master got report for task 28 from 2
Master got report for task 28 from 8
Master got report for task 28 from 7
Master got report for task 28 from 5
Master got report for task 28 from 9
Master got report for task 28 from 4
Master got report for task 28 from 3
Log: Disconnected from master
28 18140

Master got report for task 25 from 1
Master got report for task 25 from 0
Master got report for task 25 from 4
Master got report for task 25 from 6
Master got report for task 25 from 2
Master got report for task 25 from 3
Master got report for task 25 from 5
Master got report for task 25 from 9
Master got report for task 25 from 7
Master got report for task 25 from 8
Log: Disconnected from master
25 44453

15/12/07 02:06:57 INFO slf4j.Slf4jLogger: Slf4jLogger started
Master client before coflow null
15/12/07 02:06:57 INFO client.VarysClient$ClientActor: Connecting to master varys://10.0.0.2:1606
Log: Connected to master, got client ID CLIENT-000028
15/12/07 02:06:57 INFO client.VarysClient$ClientActor: Registered to master in 19 milliseconds.
Master client after coflow CLIENT-000028
Registered coflow 2800
2 6007
Sending task to host 2
29 2800 

3 6007
Sending task to host 3
4 6007
Sending task to host 4
5 6007
Sending task to host 5
6 6007
Sending task to host 6
7 6007
Sending task to host 7
8 6007
Sending task to host 8
9 6007
Sending task to host 9
10 6007
Sending task to host 10
11 6007
Sending task to host 11
Sending task to host 1
15/12/07 02:06:57 INFO slf4j.Slf4jLogger: Slf4jLogger started
Master client before coflow null
15/12/07 02:06:57 INFO client.VarysClient$ClientActor: Connecting to master varys://10.0.0.2:1606
Log: Connected to master, got client ID CLIENT-000029
15/12/07 02:06:57 INFO client.VarysClient$ClientActor: Registered to master in 29 milliseconds.
Master client after coflow CLIENT-000029
Registered coflow 2900
2 6018
Sending task to host 2
30 2900 

3 6018
Sending task to host 3
4 6018
Sending task to host 4
5 6018
Sending task to host 5
6 6018
Sending task to host 6
7 6018
Sending task to host 7
8 6018
Sending task to host 8
9 6018
Sending task to host 9
10 6018
Sending task to host 10
11 6018
Sending task to host 11
Sending task to host 1
15/12/07 02:06:57 INFO slf4j.Slf4jLogger: Slf4jLogger started
Master client before coflow null
15/12/07 02:06:57 INFO client.VarysClient$ClientActor: Connecting to master varys://10.0.0.2:1606
Log: Connected to master, got client ID CLIENT-000030
15/12/07 02:06:57 INFO client.VarysClient$ClientActor: Registered to master in 15 milliseconds.
Master client after coflow CLIENT-000030
Registered coflow 3000
2 6118
Sending task to host 2
31 3000 

3 6118
Sending task to host 3
4 6118
Sending task to host 4
5 6118
Sending task to host 5
6 6118
Sending task to host 6
7 6118
Sending task to host 7
8 6118
Sending task to host 8
9 6118
Sending task to host 9
10 6118
Sending task to host 10
11 6118
Sending task to host 11
Sending task to host 1
15/12/07 02:06:57 INFO slf4j.Slf4jLogger: Slf4jLogger started
Master client before coflow null
15/12/07 02:06:57 INFO client.VarysClient$ClientActor: Connecting to master varys://10.0.0.2:1606
Log: Connected to master, got client ID CLIENT-000031
15/12/07 02:06:57 INFO client.VarysClient$ClientActor: Registered to master in 14 milliseconds.
Master client after coflow CLIENT-000031
Registered coflow 3100
2 6218
Sending task to host 2
32 3100 

3 6218
Sending task to host 3
4 6218
Sending task to host 4
5 6218
Sending task to host 5
6 6218
Sending task to host 6
7 6218
Sending task to host 7
8 6218
Sending task to host 8
9 6218
Sending task to host 9
10 6218
Sending task to host 10
11 6218
Sending task to host 11
Sending task to host 1
Master got report for task 30 from 3
Master got report for task 30 from 1
Master got report for task 31 from 5
Master got report for task 30 from 0
Master got report for task 30 from 5
Master got report for task 30 from 2
Master got report for task 30 from 8
Master got report for task 30 from 6
Master got report for task 31 from 4
Master got report for task 31 from 7
Master got report for task 31 from 8
Master got report for task 30 from 4
Master got report for task 30 from 7
Master got report for task 31 from 0
Master got report for task 31 from 2
Master got report for task 31 from 1
Master got report for task 31 from 6
Master got report for task 31 from 9
Master got report for task 31 from 3
Log: Disconnected from master
31 13992

Master got report for task 30 from 9
Log: Disconnected from master
30 14208

Master got report for task 32 from 2
Master got report for task 32 from 6
Master got report for task 32 from 3
Master got report for task 32 from 0
Master got report for task 32 from 9
Master got report for task 32 from 5
Master got report for task 32 from 7
Master got report for task 32 from 4
Master got report for task 32 from 8
Master got report for task 32 from 1
Log: Disconnected from master
32 17676

Master got report for task 29 from 0
Master got report for task 29 from 8
Master got report for task 29 from 7
Master got report for task 29 from 1
Master got report for task 29 from 2
Master got report for task 29 from 3
Master got report for task 29 from 4
Master got report for task 29 from 5
Master got report for task 29 from 6
Master got report for task 29 from 9
Log: Disconnected from master
29 44467

15/12/07 02:07:57 INFO slf4j.Slf4jLogger: Slf4jLogger started
Master client before coflow null
15/12/07 02:07:57 INFO client.VarysClient$ClientActor: Connecting to master varys://10.0.0.2:1606
Log: Connected to master, got client ID CLIENT-000032
15/12/07 02:07:57 INFO client.VarysClient$ClientActor: Registered to master in 13 milliseconds.
Master client after coflow CLIENT-000032
Registered coflow 3200
2 6008
Sending task to host 2
33 3200 

3 6008
Sending task to host 3
4 6008
Sending task to host 4
5 6008
Sending task to host 5
6 6008
Sending task to host 6
7 6008
Sending task to host 7
8 6008
Sending task to host 8
9 6008
Sending task to host 9
10 6008
Sending task to host 10
11 6008
Sending task to host 11
Sending task to host 1
15/12/07 02:07:57 INFO slf4j.Slf4jLogger: Slf4jLogger started
Master client before coflow null
15/12/07 02:07:57 INFO client.VarysClient$ClientActor: Connecting to master varys://10.0.0.2:1606
Log: Connected to master, got client ID CLIENT-000033
15/12/07 02:07:57 INFO client.VarysClient$ClientActor: Registered to master in 14 milliseconds.
Master client after coflow CLIENT-000033
Registered coflow 3300
2 6019
Sending task to host 2
34 3300 

3 6019
Sending task to host 3
4 6019
Sending task to host 4
5 6019
Sending task to host 5
6 6019
Sending task to host 6
7 6019
Sending task to host 7
8 6019
Sending task to host 8
9 6019
Sending task to host 9
10 6019
Sending task to host 10
11 6019
Sending task to host 11
Sending task to host 1
15/12/07 02:07:57 INFO slf4j.Slf4jLogger: Slf4jLogger started
Master client before coflow null
15/12/07 02:07:57 INFO client.VarysClient$ClientActor: Connecting to master varys://10.0.0.2:1606
Log: Connected to master, got client ID CLIENT-000034
15/12/07 02:07:57 INFO client.VarysClient$ClientActor: Registered to master in 14 milliseconds.
Master client after coflow CLIENT-000034
Registered coflow 3400
2 6119
Sending task to host 2
35 3400 

3 6119
Sending task to host 3
4 6119
Sending task to host 4
5 6119
Sending task to host 5
6 6119
Sending task to host 6
7 6119
Sending task to host 7
8 6119
Sending task to host 8
9 6119
Sending task to host 9
10 6119
Sending task to host 10
11 6119
Sending task to host 11
Sending task to host 1
15/12/07 02:07:57 INFO slf4j.Slf4jLogger: Slf4jLogger started
Master client before coflow null
15/12/07 02:07:57 INFO client.VarysClient$ClientActor: Connecting to master varys://10.0.0.2:1606
Log: Connected to master, got client ID CLIENT-000035
15/12/07 02:07:57 INFO client.VarysClient$ClientActor: Registered to master in 37 milliseconds.
Master client after coflow CLIENT-000035
Registered coflow 3500
2 6219
Sending task to host 2
36 3500 

3 6219
Sending task to host 3
4 6219
Sending task to host 4
5 6219
Sending task to host 5
6 6219
Sending task to host 6
7 6219
Sending task to host 7
8 6219
Sending task to host 8
9 6219
Sending task to host 9
10 6219
Sending task to host 10
11 6219
Sending task to host 11
Sending task to host 1
Master got report for task 34 from 0
Master got report for task 34 from 1
Master got report for task 34 from 3
Master got report for task 34 from 2
Master got report for task 34 from 4
Master got report for task 34 from 5
Master got report for task 35 from 0
Master got report for task 34 from 6
Master got report for task 34 from 7
Master got report for task 35 from 1
Master got report for task 35 from 2
Master got report for task 35 from 3
Master got report for task 35 from 5
Master got report for task 35 from 9
Master got report for task 34 from 8
Master got report for task 34 from 9
Log: Disconnected from master
34 14779

Master got report for task 35 from 6
Master got report for task 35 from 8
Master got report for task 35 from 7
Master got report for task 35 from 4
Log: Disconnected from master
35 15170

Master got report for task 36 from 4
Master got report for task 36 from 3
Master got report for task 36 from 2
Master got report for task 36 from 7
Master got report for task 36 from 9
Master got report for task 36 from 6
Master got report for task 36 from 5
Master got report for task 36 from 0
Master got report for task 36 from 1
Master got report for task 36 from 8
Log: Disconnected from master
36 18904

Master got report for task 33 from 0
Master got report for task 33 from 1
Master got report for task 33 from 5
Master got report for task 33 from 4
Master got report for task 33 from 3
Master got report for task 33 from 6
Master got report for task 33 from 7
Master got report for task 33 from 8
Master got report for task 33 from 2
Master got report for task 33 from 9
Log: Disconnected from master
33 44443

15/12/07 02:08:57 INFO slf4j.Slf4jLogger: Slf4jLogger started
Master client before coflow null
15/12/07 02:08:57 INFO client.VarysClient$ClientActor: Connecting to master varys://10.0.0.2:1606
Log: Connected to master, got client ID CLIENT-000036
15/12/07 02:08:57 INFO client.VarysClient$ClientActor: Registered to master in 23 milliseconds.
Master client after coflow CLIENT-000036
Registered coflow 3600
2 6009
Sending task to host 2
37 3600 

3 6009
Sending task to host 3
4 6009
Sending task to host 4
5 6009
Sending task to host 5
6 6009
Sending task to host 6
7 6009
Sending task to host 7
8 6009
Sending task to host 8
9 6009
Sending task to host 9
10 6009
Sending task to host 10
11 6009
Sending task to host 11
Sending task to host 1
15/12/07 02:08:57 INFO slf4j.Slf4jLogger: Slf4jLogger started
Master client before coflow null
15/12/07 02:08:57 INFO client.VarysClient$ClientActor: Connecting to master varys://10.0.0.2:1606
Log: Connected to master, got client ID CLIENT-000037
15/12/07 02:08:58 INFO client.VarysClient$ClientActor: Registered to master in 13 milliseconds.
Master client after coflow CLIENT-000037
Registered coflow 3700
2 6020
Sending task to host 2
38 3700 

3 6020
Sending task to host 3
4 6020
Sending task to host 4
5 6020
Sending task to host 5
6 6020
Sending task to host 6
7 6020
Sending task to host 7
8 6020
Sending task to host 8
9 6020
Sending task to host 9
10 6020
Sending task to host 10
11 6020
Sending task to host 11
Sending task to host 1
15/12/07 02:08:58 INFO slf4j.Slf4jLogger: Slf4jLogger started
Master client before coflow null
15/12/07 02:08:58 INFO client.VarysClient$ClientActor: Connecting to master varys://10.0.0.2:1606
Log: Connected to master, got client ID CLIENT-000038
15/12/07 02:08:58 INFO client.VarysClient$ClientActor: Registered to master in 26 milliseconds.
Master client after coflow CLIENT-000038
Registered coflow 3800
2 6120
Sending task to host 2
39 3800 

3 6120
Sending task to host 3
4 6120
Sending task to host 4
5 6120
Sending task to host 5
6 6120
Sending task to host 6
7 6120
Sending task to host 7
8 6120
Sending task to host 8
9 6120
Sending task to host 9
10 6120
Sending task to host 10
11 6120
Sending task to host 11
Sending task to host 1
15/12/07 02:08:58 INFO slf4j.Slf4jLogger: Slf4jLogger started
Master client before coflow null
15/12/07 02:08:58 INFO client.VarysClient$ClientActor: Connecting to master varys://10.0.0.2:1606
Log: Connected to master, got client ID CLIENT-000039
15/12/07 02:08:58 INFO client.VarysClient$ClientActor: Registered to master in 15 milliseconds.
Master client after coflow CLIENT-000039
Registered coflow 3900
2 6220
Sending task to host 2
3 6220
Sending task to host 3
4 6220
Sending task to host 4
40 3900 

5 6220
Sending task to host 5
6 6220
Sending task to host 6
7 6220
Sending task to host 7
8 6220
Sending task to host 8
9 6220
Sending task to host 9
10 6220
Sending task to host 10
11 6220
Sending task to host 11
Sending task to host 1
Master got report for task 38 from 3
Master got report for task 38 from 6
Master got report for task 38 from 7
Master got report for task 38 from 0
Master got report for task 38 from 1
Master got report for task 38 from 5
Master got report for task 39 from 0
Master got report for task 39 from 4
Master got report for task 38 from 9
Master got report for task 39 from 5
Master got report for task 39 from 8
Master got report for task 39 from 9
Master got report for task 39 from 3
Master got report for task 38 from 2
Master got report for task 39 from 7
Master got report for task 39 from 2
Master got report for task 39 from 6
Master got report for task 38 from 8
Master got report for task 38 from 4
Log: Disconnected from master
38 14249

Master got report for task 39 from 1
Log: Disconnected from master
39 14278

Master got report for task 40 from 0
Master got report for task 40 from 3
Master got report for task 40 from 2
Master got report for task 40 from 8
Master got report for task 40 from 1
Master got report for task 40 from 9
Master got report for task 40 from 6
Master got report for task 40 from 5
Master got report for task 40 from 7
Master got report for task 40 from 4
Log: Disconnected from master
40 17831

Master got report for task 37 from 0
Master got report for task 37 from 1
Master got report for task 37 from 2
Master got report for task 37 from 3
Master got report for task 37 from 6
Master got report for task 37 from 8
Master got report for task 37 from 4
Master got report for task 37 from 7
Master got report for task 37 from 9
Master got report for task 37 from 5
Log: Disconnected from master
37 44455

15/12/07 02:09:58 INFO slf4j.Slf4jLogger: Slf4jLogger started
Master client before coflow null
15/12/07 02:09:58 INFO client.VarysClient$ClientActor: Connecting to master varys://10.0.0.2:1606
Log: Connected to master, got client ID CLIENT-000040
15/12/07 02:09:58 INFO client.VarysClient$ClientActor: Registered to master in 20 milliseconds.
Master client after coflow CLIENT-000040
Registered coflow 4000
2 6010
Sending task to host 2
41 4000 

3 6010
Sending task to host 3
4 6010
Sending task to host 4
5 6010
Sending task to host 5
6 6010
Sending task to host 6
7 6010
Sending task to host 7
8 6010
Sending task to host 8
9 6010
Sending task to host 9
10 6010
Sending task to host 10
11 6010
Sending task to host 11
Sending task to host 1
15/12/07 02:09:58 INFO slf4j.Slf4jLogger: Slf4jLogger started
Master client before coflow null
15/12/07 02:09:58 INFO client.VarysClient$ClientActor: Connecting to master varys://10.0.0.2:1606
Log: Connected to master, got client ID CLIENT-000041
15/12/07 02:09:58 INFO client.VarysClient$ClientActor: Registered to master in 24 milliseconds.
Master client after coflow CLIENT-000041
Registered coflow 4100
2 6021
42 4100 

Sending task to host 2
3 6021
Sending task to host 3
4 6021
Sending task to host 4
5 6021
Sending task to host 5
6 6021
Sending task to host 6
7 6021
Sending task to host 7
8 6021
Sending task to host 8
9 6021
Sending task to host 9
10 6021
Sending task to host 10
11 6021
Sending task to host 11
Sending task to host 1
15/12/07 02:09:58 INFO slf4j.Slf4jLogger: Slf4jLogger started
Master client before coflow null
15/12/07 02:09:58 INFO client.VarysClient$ClientActor: Connecting to master varys://10.0.0.2:1606
Log: Connected to master, got client ID CLIENT-000042
15/12/07 02:09:58 INFO client.VarysClient$ClientActor: Registered to master in 12 milliseconds.
Master client after coflow CLIENT-000042
Registered coflow 4200
2 6121
Sending task to host 2
43 4200 

3 6121
Sending task to host 3
4 6121
Sending task to host 4
5 6121
Sending task to host 5
6 6121
Sending task to host 6
7 6121
Sending task to host 7
8 6121
Sending task to host 8
9 6121
Sending task to host 9
10 6121
Sending task to host 10
11 6121
Sending task to host 11
Sending task to host 1
15/12/07 02:09:58 INFO slf4j.Slf4jLogger: Slf4jLogger started
Master client before coflow null
15/12/07 02:09:58 INFO client.VarysClient$ClientActor: Connecting to master varys://10.0.0.2:1606
Log: Connected to master, got client ID CLIENT-000043
15/12/07 02:09:58 INFO client.VarysClient$ClientActor: Registered to master in 12 milliseconds.
Master client after coflow CLIENT-000043
Registered coflow 4300
2 6221
Sending task to host 2
44 4300 

3 6221
Sending task to host 3
4 6221
Sending task to host 4
5 6221
Sending task to host 5
6 6221
Sending task to host 6
7 6221
Sending task to host 7
8 6221
Sending task to host 8
9 6221
Sending task to host 9
10 6221
Sending task to host 10
11 6221
Sending task to host 11
Sending task to host 1
All tasks sent! Wait for simulation to finish...
Master waits for finishing
Master got report for task 42 from 1
Master got report for task 42 from 0
Master got report for task 42 from 2
Master got report for task 42 from 4
Master got report for task 42 from 5
Master got report for task 43 from 4
Master got report for task 42 from 9
Master got report for task 43 from 1
Master got report for task 43 from 0
Master got report for task 43 from 2
Master got report for task 43 from 6
Master got report for task 42 from 6
Master got report for task 43 from 7
Master got report for task 42 from 7
Master got report for task 43 from 3
Master got report for task 42 from 3
Master got report for task 43 from 8
Master got report for task 43 from 5
Master got report for task 42 from 8
Log: Disconnected from master
42 15280

Master got report for task 43 from 9
Log: Disconnected from master
43 15259

Master got report for task 44 from 0
Master got report for task 44 from 7
Master got report for task 44 from 8
Master got report for task 44 from 1
Master got report for task 44 from 5
Master got report for task 44 from 2
Master got report for task 44 from 4
Master got report for task 44 from 3
Master got report for task 44 from 9
Master got report for task 44 from 6
Log: Disconnected from master
44 19475

Master got report for task 41 from 0
Master got report for task 41 from 5
Master got report for task 41 from 1
Master got report for task 41 from 3
Master got report for task 41 from 7
Master got report for task 41 from 6
Master got report for task 41 from 2
Master got report for task 41 from 8
Master got report for task 41 from 9
Master got report for task 41 from 4
Log: Disconnected from master
41 44483

Simulation finished!
logger exit
