Awaiting simulation instructions...

Awaiting simulation instructions...

Awaiting simulation instructions...

Awaiting simulation instructions...

Awaiting simulation instructions...

9 RECEIVE 300 1449453604082 

[Reducer7]: Got 89352 bytes.
9 RECEIVE 100 1449453607118 

[Reducer7]: Got 92248 bytes.
9 RECEIVE 200 1449453607350 

[Reducer7]: Got 90112 bytes.
9 RECEIVE 0 1449453638557 

[Reducer7]: Got 957352 bytes.
Awaiting simulation instructions...

Awaiting simulation instructions...

Awaiting simulation instructions...

Awaiting simulation instructions...

9 RECEIVE 600 1449453668722 

[Reducer7]: Got 88488 bytes.
9 RECEIVE 500 1449453670099 

[Reducer7]: Got 90112 bytes.
9 RECEIVE 700 1449453674003 

[Reducer7]: Got 91136 bytes.
9 RECEIVE 400 1449453699093 

[Reducer7]: Got 956440 bytes.
Awaiting simulation instructions...

Awaiting simulation instructions...

Awaiting simulation instructions...

Awaiting simulation instructions...

9 RECEIVE 1000 1449453729329 

[Reducer7]: Got 89512 bytes.
9 RECEIVE 900 1449453731042 

[Reducer7]: Got 90112 bytes.
9 RECEIVE 1100 1449453735271 

[Reducer7]: Got 91136 bytes.
9 RECEIVE 800 1449453758679 

[Reducer7]: Got 956744 bytes.
Awaiting simulation instructions...

Awaiting simulation instructions...

Awaiting simulation instructions...

Awaiting simulation instructions...

9 RECEIVE 1400 1449453791030 

[Reducer7]: Got 90112 bytes.
9 RECEIVE 1300 1449453791084 

[Reducer7]: Got 90112 bytes.
9 RECEIVE 1500 1449453793042 

[Reducer7]: Got 91136 bytes.
9 RECEIVE 1200 1449453817041 

[Reducer7]: Got 958312 bytes.
Awaiting simulation instructions...

Awaiting simulation instructions...

Awaiting simulation instructions...

Awaiting simulation instructions...

9 RECEIVE 1700 1449453847873 

[Reducer7]: Got 88488 bytes.
9 RECEIVE 1800 1449453849846 

[Reducer7]: Got 91136 bytes.
9 RECEIVE 1900 1449453853845 

[Reducer7]: Got 91136 bytes.
9 RECEIVE 1600 1449453877255 

[Reducer7]: Got 959176 bytes.
Awaiting simulation instructions...

Awaiting simulation instructions...

Awaiting simulation instructions...

Awaiting simulation instructions...

9 RECEIVE 2100 1449453909447 

[Reducer7]: Got 90112 bytes.
9 RECEIVE 2200 1449453910631 

[Reducer7]: Got 89352 bytes.
9 RECEIVE 2300 1449453912837 

[Reducer7]: Got 90112 bytes.
9 RECEIVE 2000 1449453941084 

[Reducer7]: Got 958312 bytes.
Awaiting simulation instructions...

Awaiting simulation instructions...

Awaiting simulation instructions...

Awaiting simulation instructions...

9 RECEIVE 2500 1449453969838 

[Reducer7]: Got 88488 bytes.
9 RECEIVE 2600 1449453971672 

[Reducer7]: Got 91136 bytes.
9 RECEIVE 2700 1449453975222 

[Reducer7]: Got 90112 bytes.
9 RECEIVE 2400 1449454001365 

[Reducer7]: Got 957288 bytes.
Awaiting simulation instructions...

Awaiting simulation instructions...

Awaiting simulation instructions...

Awaiting simulation instructions...

9 RECEIVE 3000 1449454030830 

[Reducer7]: Got 90112 bytes.
9 RECEIVE 2900 1449454031065 

[Reducer7]: Got 90112 bytes.
9 RECEIVE 3100 1449454035040 

[Reducer7]: Got 91136 bytes.
9 RECEIVE 2800 1449454058403 

[Reducer7]: Got 957304 bytes.
Awaiting simulation instructions...

Awaiting simulation instructions...

Awaiting simulation instructions...

Awaiting simulation instructions...

9 RECEIVE 3300 1449454090964 

[Reducer7]: Got 89512 bytes.
9 RECEIVE 3400 1449454092822 

[Reducer7]: Got 90112 bytes.
9 RECEIVE 3500 1449454096271 

[Reducer7]: Got 90112 bytes.
9 RECEIVE 3200 1449454121239 

[Reducer7]: Got 955256 bytes.
Awaiting simulation instructions...

Awaiting simulation instructions...

Awaiting simulation instructions...

Awaiting simulation instructions...

9 RECEIVE 3700 1449454149333 

[Reducer7]: Got 89512 bytes.
9 RECEIVE 3800 1449454151887 

[Reducer7]: Got 91136 bytes.
9 RECEIVE 3900 1449454155878 

[Reducer7]: Got 91136 bytes.
9 RECEIVE 3600 1449454181831 

[Reducer7]: Got 957288 bytes.
Awaiting simulation instructions...

Awaiting simulation instructions...

Awaiting simulation instructions...

Awaiting simulation instructions...

9 RECEIVE 4200 1449454212949 

[Reducer7]: Got 91136 bytes.
9 RECEIVE 4100 1449454212995 

[Reducer7]: Got 91136 bytes.
9 RECEIVE 4300 1449454216609 

[Reducer7]: Got 90112 bytes.
9 RECEIVE 4000 1449454239757 

[Reducer7]: Got 958152 bytes.
Slave finished all tasks and exited.
logger exit
