Awaiting simulation instructions...

Awaiting simulation instructions...

Awaiting simulation instructions...

Awaiting simulation instructions...

Awaiting simulation instructions...

3 RECEIVE 100 1449453604659 

[Reducer1]: Got 90376 bytes.
3 RECEIVE 300 1449453605027 

[Reducer1]: Got 91400 bytes.
3 RECEIVE 200 1449453605315 

[Reducer1]: Got 88488 bytes.
3 RECEIVE 0 1449453639051 

[Reducer1]: Got 954408 bytes.
Awaiting simulation instructions...

Awaiting simulation instructions...

Awaiting simulation instructions...

Awaiting simulation instructions...

3 RECEIVE 500 1449453666965 

[Reducer1]: Got 90536 bytes.
3 RECEIVE 600 1449453669461 

[Reducer1]: Got 91560 bytes.
3 RECEIVE 700 1449453673777 

[Reducer1]: Got 91136 bytes.
3 RECEIVE 400 1449453699219 

[Reducer1]: Got 956616 bytes.
Awaiting simulation instructions...

Awaiting simulation instructions...

Awaiting simulation instructions...

Awaiting simulation instructions...

3 RECEIVE 1000 1449453729024 

[Reducer1]: Got 90536 bytes.
3 RECEIVE 900 1449453730170 

[Reducer1]: Got 88488 bytes.
3 RECEIVE 1100 1449453735156 

[Reducer1]: Got 90112 bytes.
3 RECEIVE 800 1449453756449 

[Reducer1]: Got 956776 bytes.
Awaiting simulation instructions...

Awaiting simulation instructions...

Awaiting simulation instructions...

Awaiting simulation instructions...

3 RECEIVE 1400 1449453790145 

[Reducer1]: Got 89352 bytes.
3 RECEIVE 1300 1449453790984 

[Reducer1]: Got 90112 bytes.
3 RECEIVE 1500 1449453792644 

[Reducer1]: Got 91136 bytes.
3 RECEIVE 1200 1449453813978 

[Reducer1]: Got 958552 bytes.
Awaiting simulation instructions...

Awaiting simulation instructions...

Awaiting simulation instructions...

Awaiting simulation instructions...

3 RECEIVE 1700 1449453847334 

[Reducer1]: Got 89512 bytes.
3 RECEIVE 1800 1449453848309 

[Reducer1]: Got 89512 bytes.
3 RECEIVE 1900 1449453853100 

[Reducer1]: Got 91136 bytes.
3 RECEIVE 1600 1449453877902 

[Reducer1]: Got 958312 bytes.
Awaiting simulation instructions...

Awaiting simulation instructions...

Awaiting simulation instructions...

Awaiting simulation instructions...

3 RECEIVE 2200 1449453908283 

[Reducer1]: Got 89512 bytes.
[Reducer1]: Got 91560 bytes.
3 RECEIVE 2100 1449453909714 

3 RECEIVE 2300 1449453913511 

[Reducer1]: Got 89352 bytes.
3 RECEIVE 2000 1449453937712 

[Reducer1]: Got 957464 bytes.
Awaiting simulation instructions...

Awaiting simulation instructions...

Awaiting simulation instructions...

Awaiting simulation instructions...

3 RECEIVE 2500 1449453968764 

[Reducer1]: Got 89512 bytes.
3 RECEIVE 2600 1449453971636 

[Reducer1]: Got 91136 bytes.
3 RECEIVE 2700 1449453974090 

[Reducer1]: Got 91136 bytes.
3 RECEIVE 2400 1449453995721 

[Reducer1]: Got 956248 bytes.
Awaiting simulation instructions...

Awaiting simulation instructions...

Awaiting simulation instructions...

Awaiting simulation instructions...

3 RECEIVE 2900 1449454028706 

[Reducer1]: Got 90536 bytes.
3 RECEIVE 3000 1449454031456 

[Reducer1]: Got 90112 bytes.
3 RECEIVE 3100 1449454035276 

[Reducer1]: Got 91136 bytes.
3 RECEIVE 2800 1449454058742 

[Reducer1]: Got 956440 bytes.
Awaiting simulation instructions...

Awaiting simulation instructions...

Awaiting simulation instructions...

Awaiting simulation instructions...

3 RECEIVE 3300 1449454089457 

[Reducer1]: Got 90536 bytes.
3 RECEIVE 3400 1449454091135 

[Reducer1]: Got 89512 bytes.
3 RECEIVE 3500 1449454096696 

[Reducer1]: Got 90112 bytes.
3 RECEIVE 3200 1449454117481 

[Reducer1]: Got 959176 bytes.
Awaiting simulation instructions...

Awaiting simulation instructions...

Awaiting simulation instructions...

Awaiting simulation instructions...

3 RECEIVE 3700 1449454149909 

[Reducer1]: Got 89512 bytes.
3 RECEIVE 3800 1449454152273 

[Reducer1]: Got 91136 bytes.
3 RECEIVE 3900 1449454155652 

[Reducer1]: Got 90112 bytes.
[Reducer1]: Got 956776 bytes.
3 RECEIVE 3600 1449454176807 

Awaiting simulation instructions...

Awaiting simulation instructions...

Awaiting simulation instructions...

Awaiting simulation instructions...

3 RECEIVE 4100 1449454209951 

[Reducer1]: Got 90536 bytes.
3 RECEIVE 4200 1449454211550 

[Reducer1]: Got 89512 bytes.
3 RECEIVE 4300 1449454217286 

[Reducer1]: Got 91136 bytes.
3 RECEIVE 4000 1449454238807 

[Reducer1]: Got 957448 bytes.
Slave finished all tasks and exited.
logger exit
