Awaiting simulation instructions...

Awaiting simulation instructions...

Awaiting simulation instructions...

Awaiting simulation instructions...

Awaiting simulation instructions...

2 RECEIVE 300 1449453605173 

[Reducer0]: Got 91400 bytes.
2 RECEIVE 100 1449453607676 

[Reducer0]: Got 86456 bytes.
2 RECEIVE 200 1449453608216 

[Reducer0]: Got 89352 bytes.
2 RECEIVE 0 1449453636444 

[Reducer0]: Got 957304 bytes.
Awaiting simulation instructions...

Awaiting simulation instructions...

Awaiting simulation instructions...

Awaiting simulation instructions...

2 RECEIVE 500 1449453667132 

[Reducer0]: Got 90536 bytes.
2 RECEIVE 600 1449453667420 

[Reducer0]: Got 90536 bytes.
2 RECEIVE 700 1449453673260 

[Reducer0]: Got 91136 bytes.
2 RECEIVE 400 1449453693979 

[Reducer0]: Got 957624 bytes.
Awaiting simulation instructions...

Awaiting simulation instructions...

Awaiting simulation instructions...

Awaiting simulation instructions...

2 RECEIVE 1000 1449453728398 

[Reducer0]: Got 90536 bytes.
2 RECEIVE 900 1449453729747 

[Reducer0]: Got 90536 bytes.
2 RECEIVE 1100 1449453735142 

[Reducer0]: Got 91136 bytes.
2 RECEIVE 800 1449453759950 

[Reducer0]: Got 957464 bytes.
Awaiting simulation instructions...

Awaiting simulation instructions...

Awaiting simulation instructions...

Awaiting simulation instructions...

2 RECEIVE 1300 1449453790261 

[Reducer0]: Got 89352 bytes.
2 RECEIVE 1400 1449453790797 

[Reducer0]: Got 90112 bytes.
2 RECEIVE 1500 1449453792775 

[Reducer0]: Got 91136 bytes.
2 RECEIVE 1200 1449453812872 

[Reducer0]: Got 959992 bytes.
Awaiting simulation instructions...

Awaiting simulation instructions...

Awaiting simulation instructions...

Awaiting simulation instructions...

2 RECEIVE 1700 1449453850132 

[Reducer0]: Got 91136 bytes.
2 RECEIVE 1800 1449453850207 

[Reducer0]: Got 91136 bytes.
[Reducer0]: Got 90112 bytes.
2 RECEIVE 1900 1449453853454 

2 RECEIVE 1600 1449453873874 

[Reducer0]: Got 956248 bytes.
Awaiting simulation instructions...

Awaiting simulation instructions...

Awaiting simulation instructions...

Awaiting simulation instructions...

[Reducer0]: Got 88488 bytes.
2 RECEIVE 2100 1449453907702 

2 RECEIVE 2200 1449453907912 

[Reducer0]: Got 88488 bytes.
2 RECEIVE 2300 1449453912668 

[Reducer0]: Got 91136 bytes.
2 RECEIVE 2000 1449453938099 

[Reducer0]: Got 958312 bytes.
Awaiting simulation instructions...

Awaiting simulation instructions...

Awaiting simulation instructions...

Awaiting simulation instructions...

2 RECEIVE 2500 1449453968593 

[Reducer0]: Got 89512 bytes.
2 RECEIVE 2600 1449453971690 

[Reducer0]: Got 91136 bytes.
2 RECEIVE 2700 1449453973859 

[Reducer0]: Got 91136 bytes.
2 RECEIVE 2400 1449453996411 

[Reducer0]: Got 954128 bytes.
Awaiting simulation instructions...

Awaiting simulation instructions...

Awaiting simulation instructions...

Awaiting simulation instructions...

2 RECEIVE 2900 1449454029499 

[Reducer0]: Got 89512 bytes.
2 RECEIVE 3000 1449454031189 

[Reducer0]: Got 90112 bytes.
2 RECEIVE 3100 1449454034475 

[Reducer0]: Got 91136 bytes.
2 RECEIVE 2800 1449454055348 

[Reducer0]: Got 956248 bytes.
Awaiting simulation instructions...

Awaiting simulation instructions...

Awaiting simulation instructions...

Awaiting simulation instructions...

2 RECEIVE 3300 1449454089343 

[Reducer0]: Got 90536 bytes.
2 RECEIVE 3400 1449454090669 

[Reducer0]: Got 89512 bytes.
2 RECEIVE 3500 1449454096653 

[Reducer0]: Got 91136 bytes.
2 RECEIVE 3200 1449454117092 

[Reducer0]: Got 955224 bytes.
Awaiting simulation instructions...

Awaiting simulation instructions...

Awaiting simulation instructions...

Awaiting simulation instructions...

2 RECEIVE 3700 1449454149505 

[Reducer0]: Got 89512 bytes.
2 RECEIVE 3800 1449454150262 

[Reducer0]: Got 89512 bytes.
2 RECEIVE 3900 1449454154394 

[Reducer0]: Got 91136 bytes.
2 RECEIVE 3600 1449454176100 

[Reducer0]: Got 955224 bytes.
Awaiting simulation instructions...

Awaiting simulation instructions...

Awaiting simulation instructions...

Awaiting simulation instructions...

2 RECEIVE 4100 1449454210094 

[Reducer0]: Got 90536 bytes.
2 RECEIVE 4200 1449454212584 

[Reducer0]: Got 89512 bytes.
2 RECEIVE 4300 1449454216246 

[Reducer0]: Got 91136 bytes.
2 RECEIVE 4000 1449454238069 

[Reducer0]: Got 955224 bytes.
Slave finished all tasks and exited.
logger exit
