Awaiting simulation instructions...

Awaiting simulation instructions...

Awaiting simulation instructions...

Awaiting simulation instructions...

Awaiting simulation instructions...

5 RECEIVE 300 1449453603026 

[Reducer3]: Got 90376 bytes.
5 RECEIVE 200 1449453606718 

[Reducer3]: Got 90112 bytes.
5 RECEIVE 100 1449453606963 

[Reducer3]: Got 92248 bytes.
5 RECEIVE 0 1449453639688 

[Reducer3]: Got 959088 bytes.
Awaiting simulation instructions...

Awaiting simulation instructions...

Awaiting simulation instructions...

Awaiting simulation instructions...

5 RECEIVE 600 1449453668020 

[Reducer3]: Got 88064 bytes.
5 RECEIVE 500 1449453670269 

[Reducer3]: Got 90112 bytes.
5 RECEIVE 700 1449453673098 

[Reducer3]: Got 91136 bytes.
5 RECEIVE 400 1449453698652 

[Reducer3]: Got 954760 bytes.
Awaiting simulation instructions...

Awaiting simulation instructions...

Awaiting simulation instructions...

Awaiting simulation instructions...

5 RECEIVE 1000 1449453729232 

[Reducer3]: Got 89512 bytes.
5 RECEIVE 900 1449453731416 

[Reducer3]: Got 91136 bytes.
5 RECEIVE 1100 1449453733995 

[Reducer3]: Got 90112 bytes.
5 RECEIVE 800 1449453760456 

[Reducer3]: Got 956280 bytes.
Awaiting simulation instructions...

Awaiting simulation instructions...

Awaiting simulation instructions...

Awaiting simulation instructions...

5 RECEIVE 1400 1449453789732 

[Reducer3]: Got 89512 bytes.
5 RECEIVE 1300 1449453791048 

[Reducer3]: Got 90112 bytes.
[Reducer3]: Got 91136 bytes.
5 RECEIVE 1500 1449453793222 

5 RECEIVE 1200 1449453817565 

[Reducer3]: Got 957288 bytes.
Awaiting simulation instructions...

Awaiting simulation instructions...

Awaiting simulation instructions...

Awaiting simulation instructions...

[Reducer3]: Got 91136 bytes.
5 RECEIVE 1800 1449453850474 

5 RECEIVE 1700 1449453850764 

[Reducer3]: Got 91136 bytes.
5 RECEIVE 1900 1449453853571 

[Reducer3]: Got 91136 bytes.
5 RECEIVE 1600 1449453880566 

[Reducer3]: Got 958488 bytes.
Awaiting simulation instructions...

Awaiting simulation instructions...

Awaiting simulation instructions...

Awaiting simulation instructions...

5 RECEIVE 2100 1449453907448 

[Reducer3]: Got 90536 bytes.
5 RECEIVE 2200 1449453909590 

[Reducer3]: Got 91136 bytes.
5 RECEIVE 2300 1449453913705 

[Reducer3]: Got 90112 bytes.
5 RECEIVE 2000 1449453939476 

[Reducer3]: Got 957304 bytes.
Awaiting simulation instructions...

Awaiting simulation instructions...

Awaiting simulation instructions...

Awaiting simulation instructions...

5 RECEIVE 2500 1449453969376 

[Reducer3]: Got 89512 bytes.
5 RECEIVE 2600 1449453972039 

[Reducer3]: Got 91136 bytes.
5 RECEIVE 2700 1449453975467 

[Reducer3]: Got 91136 bytes.
5 RECEIVE 2400 1449453999841 

[Reducer3]: Got 957040 bytes.
Awaiting simulation instructions...

Awaiting simulation instructions...

Awaiting simulation instructions...

Awaiting simulation instructions...

5 RECEIVE 2900 1449454028677 

[Reducer3]: Got 89512 bytes.
5 RECEIVE 3000 1449454031537 

[Reducer3]: Got 90112 bytes.
5 RECEIVE 3100 1449454034177 

[Reducer3]: Got 91136 bytes.
5 RECEIVE 2800 1449454059740 

[Reducer3]: Got 958312 bytes.
Awaiting simulation instructions...

Awaiting simulation instructions...

Awaiting simulation instructions...

Awaiting simulation instructions...

5 RECEIVE 3300 1449454089725 

[Reducer3]: Got 89512 bytes.
5 RECEIVE 3400 1449454091561 

[Reducer3]: Got 88488 bytes.
5 RECEIVE 3500 1449454095251 

[Reducer3]: Got 91136 bytes.
5 RECEIVE 3200 1449454120560 

[Reducer3]: Got 957288 bytes.
Awaiting simulation instructions...

Awaiting simulation instructions...

Awaiting simulation instructions...

Awaiting simulation instructions...

5 RECEIVE 3700 1449454148830 

[Reducer3]: Got 88488 bytes.
5 RECEIVE 3800 1449454151640 

[Reducer3]: Got 91136 bytes.
5 RECEIVE 3900 1449454154595 

[Reducer3]: Got 91136 bytes.
5 RECEIVE 3600 1449454179484 

[Reducer3]: Got 958312 bytes.
Awaiting simulation instructions...

Awaiting simulation instructions...

Awaiting simulation instructions...

Awaiting simulation instructions...

5 RECEIVE 4200 1449454213187 

[Reducer3]: Got 91136 bytes.
5 RECEIVE 4100 1449454213243 

[Reducer3]: Got 91136 bytes.
5 RECEIVE 4300 1449454217623 

[Reducer3]: Got 90112 bytes.
5 RECEIVE 4000 1449454239505 

[Reducer3]: Got 955928 bytes.
Slave finished all tasks and exited.
logger exit
