Awaiting simulation instructions...

Awaiting simulation instructions...

Awaiting simulation instructions...

Awaiting simulation instructions...

Awaiting simulation instructions...

8 RECEIVE 200 1449453602224 

[Reducer6]: Got 89528 bytes.
8 RECEIVE 300 1449453603723 

[Reducer6]: Got 90376 bytes.
8 RECEIVE 100 1449453608015 

[Reducer6]: Got 88504 bytes.
8 RECEIVE 0 1449453637035 

[Reducer6]: Got 957304 bytes.
Awaiting simulation instructions...

Awaiting simulation instructions...

Awaiting simulation instructions...

Awaiting simulation instructions...

8 RECEIVE 500 1449453668565 

[Reducer6]: Got 89512 bytes.
8 RECEIVE 600 1449453669344 

[Reducer6]: Got 90112 bytes.
8 RECEIVE 700 1449453673937 

[Reducer6]: Got 91136 bytes.
8 RECEIVE 400 1449453699141 

[Reducer6]: Got 958064 bytes.
Awaiting simulation instructions...

Awaiting simulation instructions...

Awaiting simulation instructions...

Awaiting simulation instructions...

8 RECEIVE 1000 1449453728574 

[Reducer6]: Got 89512 bytes.
8 RECEIVE 900 1449453731664 

[Reducer6]: Got 91136 bytes.
8 RECEIVE 1100 1449453735489 

[Reducer6]: Got 91136 bytes.
8 RECEIVE 800 1449453756779 

[Reducer6]: Got 956600 bytes.
Awaiting simulation instructions...

Awaiting simulation instructions...

Awaiting simulation instructions...

Awaiting simulation instructions...

[Reducer6]: Got 89512 bytes.
8 RECEIVE 1400 1449453789597 

8 RECEIVE 1300 1449453791237 

[Reducer6]: Got 90112 bytes.
8 RECEIVE 1500 1449453792889 

[Reducer6]: Got 91136 bytes.
8 RECEIVE 1200 1449453819272 

[Reducer6]: Got 957288 bytes.
Awaiting simulation instructions...

Awaiting simulation instructions...

Awaiting simulation instructions...

Awaiting simulation instructions...

8 RECEIVE 1700 1449453848226 

[Reducer6]: Got 88488 bytes.
8 RECEIVE 1800 1449453850594 

[Reducer6]: Got 91136 bytes.
8 RECEIVE 1900 1449453852848 

[Reducer6]: Got 89352 bytes.
8 RECEIVE 1600 1449453880818 

[Reducer6]: Got 958312 bytes.
Awaiting simulation instructions...

Awaiting simulation instructions...

Awaiting simulation instructions...

Awaiting simulation instructions...

8 RECEIVE 2200 1449453909535 

[Reducer6]: Got 91136 bytes.
8 RECEIVE 2100 1449453910384 

[Reducer6]: Got 90112 bytes.
8 RECEIVE 2300 1449453913135 

[Reducer6]: Got 90112 bytes.
8 RECEIVE 2000 1449453938740 

[Reducer6]: Got 958488 bytes.
Awaiting simulation instructions...

Awaiting simulation instructions...

Awaiting simulation instructions...

Awaiting simulation instructions...

8 RECEIVE 2500 1449453969666 

[Reducer6]: Got 88488 bytes.
8 RECEIVE 2600 1449453971252 

[Reducer6]: Got 90112 bytes.
8 RECEIVE 2700 1449453974562 

[Reducer6]: Got 91136 bytes.
8 RECEIVE 2400 1449453997109 

[Reducer6]: Got 959672 bytes.
Awaiting simulation instructions...

Awaiting simulation instructions...

Awaiting simulation instructions...

Awaiting simulation instructions...

8 RECEIVE 2900 1449454030352 

[Reducer6]: Got 91136 bytes.
8 RECEIVE 3000 1449454031476 

[Reducer6]: Got 91136 bytes.
8 RECEIVE 3100 1449454033992 

[Reducer6]: Got 90112 bytes.
8 RECEIVE 2800 1449454061410 

[Reducer6]: Got 957288 bytes.
Awaiting simulation instructions...

Awaiting simulation instructions...

Awaiting simulation instructions...

Awaiting simulation instructions...

[Reducer6]: Got 89512 bytes.
8 RECEIVE 3300 1449454090714 

8 RECEIVE 3400 1449454092529 

[Reducer6]: Got 91136 bytes.
8 RECEIVE 3500 1449454096492 

[Reducer6]: Got 91136 bytes.
8 RECEIVE 3200 1449454120919 

[Reducer6]: Got 955592 bytes.
Awaiting simulation instructions...

Awaiting simulation instructions...

Awaiting simulation instructions...

Awaiting simulation instructions...

8 RECEIVE 3700 1449454149011 

[Reducer6]: Got 88488 bytes.
8 RECEIVE 3800 1449454151980 

[Reducer6]: Got 91136 bytes.
8 RECEIVE 3900 1449454155744 

[Reducer6]: Got 90112 bytes.
8 RECEIVE 3600 1449454179922 

[Reducer6]: Got 957288 bytes.
Awaiting simulation instructions...

Awaiting simulation instructions...

Awaiting simulation instructions...

Awaiting simulation instructions...

8 RECEIVE 4200 1449454212769 

[Reducer6]: Got 91136 bytes.
8 RECEIVE 4100 1449454212864 

[Reducer6]: Got 91136 bytes.
8 RECEIVE 4300 1449454217747 

[Reducer6]: Got 91136 bytes.
8 RECEIVE 4000 1449454240184 

[Reducer6]: Got 957304 bytes.
Slave finished all tasks and exited.
logger exit
