Awaiting simulation instructions...

Awaiting simulation instructions...

Awaiting simulation instructions...

Awaiting simulation instructions...

Awaiting simulation instructions...

10 RECEIVE 200 1449453604581 

[Reducer8]: Got 91400 bytes.
10 RECEIVE 100 1449453606572 

[Reducer8]: Got 89512 bytes.
10 RECEIVE 300 1449453608451 

[Reducer8]: Got 88504 bytes.
10 RECEIVE 0 1449453636201 

[Reducer8]: Got 958152 bytes.
Awaiting simulation instructions...

Awaiting simulation instructions...

Awaiting simulation instructions...

Awaiting simulation instructions...

[Reducer8]: Got 90112 bytes.
10 RECEIVE 600 1449453669965 

10 RECEIVE 500 1449453670475 

[Reducer8]: Got 90112 bytes.
10 RECEIVE 700 1449453673792 

[Reducer8]: Got 90112 bytes.
10 RECEIVE 400 1449453698215 

[Reducer8]: Got 957112 bytes.
Awaiting simulation instructions...

Awaiting simulation instructions...

Awaiting simulation instructions...

Awaiting simulation instructions...

10 RECEIVE 1000 1449453729880 

[Reducer8]: Got 89512 bytes.
10 RECEIVE 900 1449453731263 

[Reducer8]: Got 90112 bytes.
10 RECEIVE 1100 1449453734199 

[Reducer8]: Got 91136 bytes.
10 RECEIVE 800 1449453759541 

[Reducer8]: Got 958488 bytes.
Awaiting simulation instructions...

Awaiting simulation instructions...

Awaiting simulation instructions...

Awaiting simulation instructions...

10 RECEIVE 1300 1449453789423 

[Reducer8]: Got 89512 bytes.
10 RECEIVE 1400 1449453790834 

[Reducer8]: Got 90112 bytes.
10 RECEIVE 1500 1449453792700 

[Reducer8]: Got 91136 bytes.
10 RECEIVE 1200 1449453820310 

[Reducer8]: Got 958488 bytes.
Awaiting simulation instructions...

Awaiting simulation instructions...

Awaiting simulation instructions...

Awaiting simulation instructions...

10 RECEIVE 1700 1449453850428 

[Reducer8]: Got 91136 bytes.
10 RECEIVE 1800 1449453850550 

[Reducer8]: Got 91136 bytes.
10 RECEIVE 1900 1449453852717 

[Reducer8]: Got 91136 bytes.
10 RECEIVE 1600 1449453881070 

[Reducer8]: Got 958312 bytes.
Awaiting simulation instructions...

Awaiting simulation instructions...

Awaiting simulation instructions...

Awaiting simulation instructions...

10 RECEIVE 2100 1449453910604 

[Reducer8]: Got 90112 bytes.
10 RECEIVE 2200 1449453910736 

[Reducer8]: Got 91136 bytes.
10 RECEIVE 2300 1449453913926 

[Reducer8]: Got 91136 bytes.
10 RECEIVE 2000 1449453940698 

[Reducer8]: Got 953384 bytes.
Awaiting simulation instructions...

Awaiting simulation instructions...

Awaiting simulation instructions...

Awaiting simulation instructions...

10 RECEIVE 2500 1449453970092 

[Reducer8]: Got 89512 bytes.
10 RECEIVE 2600 1449453971792 

[Reducer8]: Got 91136 bytes.
[Reducer8]: Got 91136 bytes.
10 RECEIVE 2700 1449453975013 

10 RECEIVE 2400 1449454001628 

[Reducer8]: Got 957288 bytes.
Awaiting simulation instructions...

Awaiting simulation instructions...

Awaiting simulation instructions...

Awaiting simulation instructions...

10 RECEIVE 2900 1449454029887 

[Reducer8]: Got 90112 bytes.
10 RECEIVE 3000 1449454030934 

[Reducer8]: Got 90112 bytes.
10 RECEIVE 3100 1449454035190 

[Reducer8]: Got 91136 bytes.
10 RECEIVE 2800 1449454057413 

[Reducer8]: Got 958824 bytes.
Awaiting simulation instructions...

Awaiting simulation instructions...

Awaiting simulation instructions...

Awaiting simulation instructions...

10 RECEIVE 3300 1449454092340 

[Reducer8]: Got 91136 bytes.
10 RECEIVE 3400 1449454092575 

[Reducer8]: Got 91136 bytes.
10 RECEIVE 3500 1449454096716 

[Reducer8]: Got 91136 bytes.
10 RECEIVE 3200 1449454121520 

[Reducer8]: Got 956280 bytes.
Awaiting simulation instructions...

Awaiting simulation instructions...

Awaiting simulation instructions...

Awaiting simulation instructions...

10 RECEIVE 3800 1449454150936 

[Reducer8]: Got 91136 bytes.
10 RECEIVE 3700 1449454152103 

[Reducer8]: Got 91136 bytes.
10 RECEIVE 3900 1449454155024 

[Reducer8]: Got 90112 bytes.
10 RECEIVE 3600 1449454180563 

[Reducer8]: Got 956280 bytes.
Awaiting simulation instructions...

Awaiting simulation instructions...

Awaiting simulation instructions...

Awaiting simulation instructions...

10 RECEIVE 4200 1449454213279 

[Reducer8]: Got 91136 bytes.
10 RECEIVE 4100 1449454213430 

[Reducer8]: Got 91136 bytes.
10 RECEIVE 4300 1449454216907 

[Reducer8]: Got 90112 bytes.
10 RECEIVE 4000 1449454242012 

[Reducer8]: Got 956280 bytes.
Slave finished all tasks and exited.
logger exit
