Awaiting simulation instructions...

Awaiting simulation instructions...

Awaiting simulation instructions...

Awaiting simulation instructions...

Awaiting simulation instructions...

2 RECEIVE 100 1449461534671 

[Reducer0]: Got 89352 bytes.
2 RECEIVE 200 1449461552088 

[Reducer0]: Got 184832 bytes.
2 RECEIVE 300 1449461564629 

[Reducer0]: Got 375968 bytes.
2 RECEIVE 0 1449461583122 

[Reducer0]: Got 955416 bytes.
Awaiting simulation instructions...

Awaiting simulation instructions...

Awaiting simulation instructions...

Awaiting simulation instructions...

2 RECEIVE 500 1449461599941 

[Reducer0]: Got 90536 bytes.
2 RECEIVE 600 1449461615555 

[Reducer0]: Got 180488 bytes.
2 RECEIVE 700 1449461632434 

[Reducer0]: Got 376392 bytes.
2 RECEIVE 400 1449461642140 

[Reducer0]: Got 955416 bytes.
Awaiting simulation instructions...

Awaiting simulation instructions...

Awaiting simulation instructions...

Awaiting simulation instructions...

2 RECEIVE 900 1449461658458 

[Reducer0]: Got 89512 bytes.
2 RECEIVE 1000 1449461674072 

[Reducer0]: Got 183384 bytes.
2 RECEIVE 1100 1449461691209 

[Reducer0]: Got 376392 bytes.
2 RECEIVE 800 1449461698446 

[Reducer0]: Got 953352 bytes.
Awaiting simulation instructions...

Awaiting simulation instructions...

Awaiting simulation instructions...

Awaiting simulation instructions...

2 RECEIVE 1300 1449461718652 

[Reducer0]: Got 89512 bytes.
2 RECEIVE 1400 1449461734456 

[Reducer0]: Got 185080 bytes.
2 RECEIVE 1500 1449461754395 

[Reducer0]: Got 374128 bytes.
2 RECEIVE 1200 1449461758698 

[Reducer0]: Got 956248 bytes.
Awaiting simulation instructions...

Awaiting simulation instructions...

Awaiting simulation instructions...

Awaiting simulation instructions...

2 RECEIVE 1700 1449461778753 

[Reducer0]: Got 89512 bytes.
2 RECEIVE 1800 1449461802005 

[Reducer0]: Got 185888 bytes.
2 RECEIVE 1900 1449461813510 

[Reducer0]: Got 378264 bytes.
2 RECEIVE 1600 1449461818174 

[Reducer0]: Got 957944 bytes.
Awaiting simulation instructions...

Awaiting simulation instructions...

Awaiting simulation instructions...

Awaiting simulation instructions...

2 RECEIVE 2100 1449461839613 

[Reducer0]: Got 88064 bytes.
2 RECEIVE 2200 1449461854409 

[Reducer0]: Got 186104 bytes.
2 RECEIVE 2300 1449461870467 

[Reducer0]: Got 379024 bytes.
2 RECEIVE 2000 1449461882738 

[Reducer0]: Got 963080 bytes.
Awaiting simulation instructions...

Awaiting simulation instructions...

Awaiting simulation instructions...

Awaiting simulation instructions...

2 RECEIVE 2500 1449461899414 

[Reducer0]: Got 89512 bytes.
[Reducer0]: Got 183912 bytes.
2 RECEIVE 2600 1449461922666 

2 RECEIVE 2700 1449461934891 

[Reducer0]: Got 373496 bytes.
2 RECEIVE 2400 1449461940447 

[Reducer0]: Got 956000 bytes.
Awaiting simulation instructions...

Awaiting simulation instructions...

Awaiting simulation instructions...

Awaiting simulation instructions...

2 RECEIVE 2900 1449461960071 

[Reducer0]: Got 88488 bytes.
2 RECEIVE 3000 1449461976145 

[Reducer0]: Got 184056 bytes.
2 RECEIVE 3100 1449461989811 

[Reducer0]: Got 357568 bytes.
[Reducer0]: Got 956000 bytes.
2 RECEIVE 2800 1449462001444 

Awaiting simulation instructions...

Awaiting simulation instructions...

Awaiting simulation instructions...

Awaiting simulation instructions...

2 RECEIVE 3300 1449462019441 

[Reducer0]: Got 89512 bytes.
2 RECEIVE 3400 1449462034895 

[Reducer0]: Got 183208 bytes.
2 RECEIVE 3500 1449462052677 

[Reducer0]: Got 378264 bytes.
2 RECEIVE 3200 1449462063483 

[Reducer0]: Got 958488 bytes.
Awaiting simulation instructions...

Awaiting simulation instructions...

Awaiting simulation instructions...

Awaiting simulation instructions...

2 RECEIVE 3700 1449462080784 

[Reducer0]: Got 89512 bytes.
2 RECEIVE 3800 1449462097171 

[Reducer0]: Got 185256 bytes.
2 RECEIVE 3900 1449462115126 

[Reducer0]: Got 378264 bytes.
2 RECEIVE 3600 1449462121801 

[Reducer0]: Got 959144 bytes.
Awaiting simulation instructions...

Awaiting simulation instructions...

Awaiting simulation instructions...

Awaiting simulation instructions...

2 RECEIVE 4100 1449462139926 

[Reducer0]: Got 89512 bytes.
2 RECEIVE 4200 1449462155830 

[Reducer0]: Got 185256 bytes.
2 RECEIVE 4300 1449462171937 

[Reducer0]: Got 374520 bytes.
2 RECEIVE 4000 1449462182810 

[Reducer0]: Got 962568 bytes.
Slave finished all tasks and exited.
logger exit
