Awaiting simulation instructions...

Awaiting simulation instructions...

Awaiting simulation instructions...

Awaiting simulation instructions...

Awaiting simulation instructions...

4 RECEIVE 100 1449449136589 

[Reducer2]: Got 90112 bytes.
4 RECEIVE 200 1449449153010 

[Reducer2]: Got 183808 bytes.
4 RECEIVE 300 1449449163007 

[Reducer2]: Got 377240 bytes.
4 RECEIVE 0 1449449182613 

[Reducer2]: Got 956440 bytes.
Awaiting simulation instructions...

Awaiting simulation instructions...

Awaiting simulation instructions...

Awaiting simulation instructions...

4 RECEIVE 500 1449449197946 

[Reducer2]: Got 90536 bytes.
4 RECEIVE 600 1449449213713 

[Reducer2]: Got 185256 bytes.
4 RECEIVE 700 1449449230773 

[Reducer2]: Got 376392 bytes.
4 RECEIVE 400 1449449243807 

[Reducer2]: Got 957888 bytes.
Awaiting simulation instructions...

Awaiting simulation instructions...

Awaiting simulation instructions...

Awaiting simulation instructions...

4 RECEIVE 900 1449449259148 

[Reducer2]: Got 91136 bytes.
4 RECEIVE 1000 1449449273777 

[Reducer2]: Got 184232 bytes.
4 RECEIVE 1100 1449449293702 

[Reducer2]: Got 376392 bytes.
4 RECEIVE 800 1449449302687 

[Reducer2]: Got 954392 bytes.
Awaiting simulation instructions...

Awaiting simulation instructions...

Awaiting simulation instructions...

Awaiting simulation instructions...

4 RECEIVE 1300 1449449316592 

[Reducer2]: Got 89512 bytes.
4 RECEIVE 1400 1449449331065 

[Reducer2]: Got 185256 bytes.
4 RECEIVE 1500 1449449347116 

[Reducer2]: Got 379288 bytes.
4 RECEIVE 1200 1449449357829 

[Reducer2]: Got 958488 bytes.
Awaiting simulation instructions...

Awaiting simulation instructions...

Awaiting simulation instructions...

Awaiting simulation instructions...

4 RECEIVE 1700 1449449378435 

[Reducer2]: Got 91136 bytes.
4 RECEIVE 1800 1449449392792 

[Reducer2]: Got 185256 bytes.
4 RECEIVE 1900 1449449412083 

[Reducer2]: Got 378264 bytes.
4 RECEIVE 1600 1449449424058 

[Reducer2]: Got 957464 bytes.
Awaiting simulation instructions...

Awaiting simulation instructions...

Awaiting simulation instructions...

Awaiting simulation instructions...

4 RECEIVE 2100 1449449439737 

[Reducer2]: Got 91136 bytes.
4 RECEIVE 2200 1449449452745 

[Reducer2]: Got 185256 bytes.
4 RECEIVE 2300 1449449469446 

[Reducer2]: Got 377416 bytes.
4 RECEIVE 2000 1449449481447 

[Reducer2]: Got 958488 bytes.
Awaiting simulation instructions...

Awaiting simulation instructions...

Awaiting simulation instructions...

Awaiting simulation instructions...

4 RECEIVE 2500 1449449497610 

[Reducer2]: Got 89512 bytes.
4 RECEIVE 2600 1449449512808 

[Reducer2]: Got 184232 bytes.
4 RECEIVE 2700 1449449530153 

[Reducer2]: Got 378264 bytes.
4 RECEIVE 2400 1449449541010 

[Reducer2]: Got 927656 bytes.
Awaiting simulation instructions...

Awaiting simulation instructions...

Awaiting simulation instructions...

Awaiting simulation instructions...

4 RECEIVE 2900 1449449556628 

[Reducer2]: Got 89512 bytes.
4 RECEIVE 3000 1449449572615 

[Reducer2]: Got 184232 bytes.
[Reducer2]: Got 376816 bytes.
4 RECEIVE 3100 1449449589400 

4 RECEIVE 2800 1449449600836 

[Reducer2]: Got 954408 bytes.
Awaiting simulation instructions...

Awaiting simulation instructions...

Awaiting simulation instructions...

Awaiting simulation instructions...

4 RECEIVE 3300 1449449617876 

[Reducer2]: Got 89512 bytes.
4 RECEIVE 3400 1449449633363 

[Reducer2]: Got 184232 bytes.
4 RECEIVE 3500 1449449651005 

[Reducer2]: Got 371624 bytes.
4 RECEIVE 3200 1449449664429 

[Reducer2]: Got 955592 bytes.
Awaiting simulation instructions...

Awaiting simulation instructions...

Awaiting simulation instructions...

Awaiting simulation instructions...

4 RECEIVE 3700 1449449677782 

[Reducer2]: Got 89512 bytes.
4 RECEIVE 3800 1449449693276 

[Reducer2]: Got 186280 bytes.
4 RECEIVE 3900 1449449710230 

[Reducer2]: Got 377416 bytes.
4 RECEIVE 3600 1449449725694 

[Reducer2]: Got 955416 bytes.
Awaiting simulation instructions...

Awaiting simulation instructions...

Awaiting simulation instructions...

Awaiting simulation instructions...

4 RECEIVE 4100 1449449737356 

[Reducer2]: Got 89512 bytes.
4 RECEIVE 4200 1449449752083 

[Reducer2]: Got 183208 bytes.
4 RECEIVE 4300 1449449769514 

[Reducer2]: Got 377416 bytes.
4 RECEIVE 4000 1449449781408 

[Reducer2]: Got 954392 bytes.
Slave finished all tasks and exited.
logger exit
