Awaiting simulation instructions...

Awaiting simulation instructions...

Awaiting simulation instructions...

Awaiting simulation instructions...

Awaiting simulation instructions...

10 RECEIVE 100 1449449136158 

[Reducer8]: Got 89512 bytes.
10 RECEIVE 200 1449449149601 

[Reducer8]: Got 185944 bytes.
10 RECEIVE 300 1449449155565 

[Reducer8]: Got 378104 bytes.
10 RECEIVE 0 1449449182778 

[Reducer8]: Got 955168 bytes.
Awaiting simulation instructions...

Awaiting simulation instructions...

Awaiting simulation instructions...

Awaiting simulation instructions...

10 RECEIVE 500 1449449200490 

[Reducer8]: Got 90112 bytes.
10 RECEIVE 600 1449449214066 

[Reducer8]: Got 184232 bytes.
10 RECEIVE 700 1449449231034 

[Reducer8]: Got 377416 bytes.
10 RECEIVE 400 1449449242790 

[Reducer8]: Got 959336 bytes.
Awaiting simulation instructions...

Awaiting simulation instructions...

Awaiting simulation instructions...

Awaiting simulation instructions...

10 RECEIVE 900 1449449260098 

[Reducer8]: Got 91136 bytes.
10 RECEIVE 1000 1449449274304 

[Reducer8]: Got 184232 bytes.
10 RECEIVE 1100 1449449290667 

[Reducer8]: Got 377416 bytes.
10 RECEIVE 800 1449449303741 

[Reducer8]: Got 957288 bytes.
Awaiting simulation instructions...

Awaiting simulation instructions...

Awaiting simulation instructions...

Awaiting simulation instructions...

10 RECEIVE 1300 1449449317405 

[Reducer8]: Got 89512 bytes.
10 RECEIVE 1400 1449449319248 

[Reducer8]: Got 91136 bytes.
10 RECEIVE 1500 1449449346999 

[Reducer8]: Got 378264 bytes.
10 RECEIVE 1200 1449449361533 

[Reducer8]: Got 958488 bytes.
Awaiting simulation instructions...

Awaiting simulation instructions...

Awaiting simulation instructions...

Awaiting simulation instructions...

10 RECEIVE 1700 1449449380039 

[Reducer8]: Got 91136 bytes.
10 RECEIVE 1800 1449449393416 

[Reducer8]: Got 184232 bytes.
10 RECEIVE 1900 1449449411505 

[Reducer8]: Got 375368 bytes.
10 RECEIVE 1600 1449449424368 

[Reducer8]: Got 956616 bytes.
Awaiting simulation instructions...

Awaiting simulation instructions...

Awaiting simulation instructions...

Awaiting simulation instructions...

10 RECEIVE 2100 1449449439820 

[Reducer8]: Got 91136 bytes.
10 RECEIVE 2200 1449449452686 

[Reducer8]: Got 185256 bytes.
10 RECEIVE 2300 1449449469725 

[Reducer8]: Got 378264 bytes.
10 RECEIVE 2000 1449449483550 

[Reducer8]: Got 952520 bytes.
Awaiting simulation instructions...

Awaiting simulation instructions...

Awaiting simulation instructions...

Awaiting simulation instructions...

10 RECEIVE 2500 1449449500191 

[Reducer8]: Got 91136 bytes.
10 RECEIVE 2600 1449449513565 

[Reducer8]: Got 185256 bytes.
[Reducer8]: Got 379288 bytes.
10 RECEIVE 2700 1449449531182 

10 RECEIVE 2400 1449449538567 

[Reducer8]: Got 958552 bytes.
Awaiting simulation instructions...

Awaiting simulation instructions...

Awaiting simulation instructions...

Awaiting simulation instructions...

10 RECEIVE 2900 1449449558615 

[Reducer8]: Got 91136 bytes.
10 RECEIVE 3000 1449449572508 

[Reducer8]: Got 184232 bytes.
10 RECEIVE 3100 1449449590226 

[Reducer8]: Got 376392 bytes.
10 RECEIVE 2800 1449449604227 

[Reducer8]: Got 955416 bytes.
Awaiting simulation instructions...

Awaiting simulation instructions...

Awaiting simulation instructions...

Awaiting simulation instructions...

10 RECEIVE 3300 1449449618370 

[Reducer8]: Got 88488 bytes.
10 RECEIVE 3400 1449449633774 

[Reducer8]: Got 184232 bytes.
10 RECEIVE 3500 1449449650659 

[Reducer8]: Got 376392 bytes.
10 RECEIVE 3200 1449449665021 

[Reducer8]: Got 956440 bytes.
Awaiting simulation instructions...

Awaiting simulation instructions...

Awaiting simulation instructions...

Awaiting simulation instructions...

10 RECEIVE 3700 1449449679407 

[Reducer8]: Got 91136 bytes.
10 RECEIVE 3800 1449449693903 

[Reducer8]: Got 184232 bytes.
10 RECEIVE 3900 1449449712611 

[Reducer8]: Got 379288 bytes.
10 RECEIVE 3600 1449449721946 

[Reducer8]: Got 958312 bytes.
Awaiting simulation instructions...

Awaiting simulation instructions...

Awaiting simulation instructions...

Awaiting simulation instructions...

10 RECEIVE 4100 1449449738559 

[Reducer8]: Got 90112 bytes.
10 RECEIVE 4200 1449449752916 

[Reducer8]: Got 185256 bytes.
10 RECEIVE 4300 1449449772142 

[Reducer8]: Got 378264 bytes.
10 RECEIVE 4000 1449449785789 

[Reducer8]: Got 955416 bytes.
Slave finished all tasks and exited.
logger exit
