Awaiting simulation instructions...

Awaiting simulation instructions...

Awaiting simulation instructions...

10 RECEIVE 100 1449433073179 

[Reducer8]: Got 90376 bytes.
10 RECEIVE 0 1449433103008 

[Reducer8]: Got 957288 bytes.
Awaiting simulation instructions...

Awaiting simulation instructions...

10 RECEIVE 300 1449433116263 

[Reducer8]: Got 91560 bytes.
10 RECEIVE 200 1449433143308 

[Reducer8]: Got 958064 bytes.
Awaiting simulation instructions...

Awaiting simulation instructions...

10 RECEIVE 500 1449433157500 

[Reducer8]: Got 91560 bytes.
10 RECEIVE 400 1449433184363 

[Reducer8]: Got 958488 bytes.
Awaiting simulation instructions...

Awaiting simulation instructions...

10 RECEIVE 700 1449433198580 

[Reducer8]: Got 91136 bytes.
10 RECEIVE 600 1449433224994 

[Reducer8]: Got 958152 bytes.
Awaiting simulation instructions...

Awaiting simulation instructions...

10 RECEIVE 900 1449433238034 

[Reducer8]: Got 91560 bytes.
10 RECEIVE 800 1449433264499 

[Reducer8]: Got 956280 bytes.
Awaiting simulation instructions...

Awaiting simulation instructions...

10 RECEIVE 1100 1449433277335 

[Reducer8]: Got 91560 bytes.
10 RECEIVE 1000 1449433305436 

[Reducer8]: Got 958488 bytes.
Awaiting simulation instructions...

Awaiting simulation instructions...

10 RECEIVE 1300 1449433318879 

[Reducer8]: Got 91560 bytes.
[Reducer8]: Got 958488 bytes.
10 RECEIVE 1200 1449433345512 

Awaiting simulation instructions...

Awaiting simulation instructions...

10 RECEIVE 1500 1449433359030 

[Reducer8]: Got 91560 bytes.
10 RECEIVE 1400 1449433385829 

[Reducer8]: Got 958152 bytes.
Awaiting simulation instructions...

Awaiting simulation instructions...

10 RECEIVE 1700 1449433399870 

[Reducer8]: Got 91560 bytes.
10 RECEIVE 1600 1449433425217 

[Reducer8]: Got 958488 bytes.
Awaiting simulation instructions...

Awaiting simulation instructions...

10 RECEIVE 1900 1449433438795 

[Reducer8]: Got 91136 bytes.
10 RECEIVE 1800 1449433465917 

[Reducer8]: Got 958488 bytes.
Awaiting simulation instructions...

Awaiting simulation instructions...

10 RECEIVE 2100 1449433480471 

[Reducer8]: Got 91136 bytes.
10 RECEIVE 2000 1449433506099 

[Reducer8]: Got 957304 bytes.
Slave finished all tasks and exited.
logger exit
