Awaiting simulation instructions...

Awaiting simulation instructions...

Awaiting simulation instructions...

4 RECEIVE 100 1449433072689 

[Reducer2]: Got 90376 bytes.
4 RECEIVE 0 1449433103595 

[Reducer2]: Got 958312 bytes.
Awaiting simulation instructions...

Awaiting simulation instructions...

4 RECEIVE 300 1449433116722 

[Reducer2]: Got 91560 bytes.
4 RECEIVE 200 1449433141970 

[Reducer2]: Got 955464 bytes.
Awaiting simulation instructions...

Awaiting simulation instructions...

4 RECEIVE 500 1449433156437 

[Reducer2]: Got 91560 bytes.
[Reducer2]: Got 958488 bytes.
4 RECEIVE 400 1449433180552 

Awaiting simulation instructions...

Awaiting simulation instructions...

4 RECEIVE 700 1449433197428 

[Reducer2]: Got 91560 bytes.
4 RECEIVE 600 1449433223124 

[Reducer2]: Got 958312 bytes.
Awaiting simulation instructions...

Awaiting simulation instructions...

[Reducer2]: Got 91560 bytes.
4 RECEIVE 900 1449433237709 

4 RECEIVE 800 1449433262831 

[Reducer2]: Got 958312 bytes.
Awaiting simulation instructions...

Awaiting simulation instructions...

4 RECEIVE 1100 1449433277095 

[Reducer2]: Got 91560 bytes.
4 RECEIVE 1000 1449433304544 

[Reducer2]: Got 958312 bytes.
Awaiting simulation instructions...

Awaiting simulation instructions...

4 RECEIVE 1300 1449433317882 

[Reducer2]: Got 91560 bytes.
4 RECEIVE 1200 1449433343429 

[Reducer2]: Got 958312 bytes.
Awaiting simulation instructions...

Awaiting simulation instructions...

4 RECEIVE 1500 1449433358935 

[Reducer2]: Got 91560 bytes.
4 RECEIVE 1400 1449433384015 

[Reducer2]: Got 958312 bytes.
Awaiting simulation instructions...

Awaiting simulation instructions...

4 RECEIVE 1700 1449433398575 

[Reducer2]: Got 91560 bytes.
4 RECEIVE 1600 1449433426177 

[Reducer2]: Got 957304 bytes.
Awaiting simulation instructions...

Awaiting simulation instructions...

4 RECEIVE 1900 1449433439383 

[Reducer2]: Got 92584 bytes.
4 RECEIVE 1800 1449433459656 

[Reducer2]: Got 958552 bytes.
Awaiting simulation instructions...

Awaiting simulation instructions...

4 RECEIVE 2100 1449433479149 

[Reducer2]: Got 91560 bytes.
4 RECEIVE 2000 1449433505459 

[Reducer2]: Got 956280 bytes.
Slave finished all tasks and exited.
logger exit
