Awaiting simulation instructions...

Awaiting simulation instructions...

Awaiting simulation instructions...

8 RECEIVE 100 1449433073082 

[Reducer6]: Got 90376 bytes.
8 RECEIVE 0 1449433104128 

[Reducer6]: Got 959176 bytes.
Awaiting simulation instructions...

Awaiting simulation instructions...

8 RECEIVE 300 1449433115582 

[Reducer6]: Got 91560 bytes.
8 RECEIVE 200 1449433142125 

[Reducer6]: Got 955416 bytes.
Awaiting simulation instructions...

Awaiting simulation instructions...

8 RECEIVE 500 1449433156658 

[Reducer6]: Got 91560 bytes.
8 RECEIVE 400 1449433183675 

[Reducer6]: Got 958312 bytes.
Awaiting simulation instructions...

Awaiting simulation instructions...

[Reducer6]: Got 91136 bytes.
8 RECEIVE 700 1449433198061 

8 RECEIVE 600 1449433223841 

[Reducer6]: Got 958152 bytes.
Awaiting simulation instructions...

Awaiting simulation instructions...

8 RECEIVE 900 1449433238255 

[Reducer6]: Got 91560 bytes.
8 RECEIVE 800 1449433262540 

[Reducer6]: Got 958488 bytes.
Awaiting simulation instructions...

Awaiting simulation instructions...

8 RECEIVE 1100 1449433277672 

[Reducer6]: Got 91560 bytes.
8 RECEIVE 1000 1449433304797 

[Reducer6]: Got 958488 bytes.
Awaiting simulation instructions...

Awaiting simulation instructions...

8 RECEIVE 1300 1449433319223 

[Reducer6]: Got 91560 bytes.
8 RECEIVE 1200 1449433343816 

[Reducer6]: Got 958312 bytes.
Awaiting simulation instructions...

Awaiting simulation instructions...

8 RECEIVE 1500 1449433359200 

[Reducer6]: Got 91560 bytes.
8 RECEIVE 1400 1449433385160 

[Reducer6]: Got 958488 bytes.
Awaiting simulation instructions...

Awaiting simulation instructions...

8 RECEIVE 1700 1449433399897 

[Reducer6]: Got 91560 bytes.
8 RECEIVE 1600 1449433424597 

[Reducer6]: Got 958312 bytes.
Awaiting simulation instructions...

Awaiting simulation instructions...

8 RECEIVE 1900 1449433439188 

[Reducer6]: Got 91136 bytes.
[Reducer6]: Got 958488 bytes.
8 RECEIVE 1800 1449433465597 

Awaiting simulation instructions...

Awaiting simulation instructions...

8 RECEIVE 2100 1449433480298 

[Reducer6]: Got 91560 bytes.
8 RECEIVE 2000 1449433504442 

[Reducer6]: Got 958312 bytes.
Slave finished all tasks and exited.
logger exit
