Awaiting simulation instructions...

Awaiting simulation instructions...

Awaiting simulation instructions...

2 RECEIVE 100 1449433072131 

[Reducer0]: Got 90376 bytes.
[Reducer0]: Got 956440 bytes.
2 RECEIVE 0 1449433102979 

Awaiting simulation instructions...

Awaiting simulation instructions...

2 RECEIVE 300 1449433115073 

[Reducer0]: Got 91560 bytes.
2 RECEIVE 200 1449433143036 

[Reducer0]: Got 958152 bytes.
Awaiting simulation instructions...

Awaiting simulation instructions...

2 RECEIVE 500 1449433155824 

[Reducer0]: Got 91560 bytes.
2 RECEIVE 400 1449433180009 

[Reducer0]: Got 958312 bytes.
Awaiting simulation instructions...

Awaiting simulation instructions...

2 RECEIVE 700 1449433197610 

[Reducer0]: Got 91560 bytes.
2 RECEIVE 600 1449433219730 

[Reducer0]: Got 956776 bytes.
Awaiting simulation instructions...

Awaiting simulation instructions...

2 RECEIVE 900 1449433236979 

[Reducer0]: Got 91560 bytes.
2 RECEIVE 800 1449433261688 

[Reducer0]: Got 957464 bytes.
Awaiting simulation instructions...

Awaiting simulation instructions...

2 RECEIVE 1100 1449433276300 

[Reducer0]: Got 91560 bytes.
2 RECEIVE 1000 1449433301200 

[Reducer0]: Got 958488 bytes.
Awaiting simulation instructions...

Awaiting simulation instructions...

2 RECEIVE 1300 1449433317499 

[Reducer0]: Got 91560 bytes.
2 RECEIVE 1200 1449433341432 

[Reducer0]: Got 958488 bytes.
Awaiting simulation instructions...

Awaiting simulation instructions...

2 RECEIVE 1500 1449433357543 

[Reducer0]: Got 91560 bytes.
2 RECEIVE 1400 1449433377951 

[Reducer0]: Got 959456 bytes.
Awaiting simulation instructions...

Awaiting simulation instructions...

2 RECEIVE 1700 1449433398393 

[Reducer0]: Got 91560 bytes.
2 RECEIVE 1600 1449433414032 

[Reducer0]: Got 961648 bytes.
Awaiting simulation instructions...

Awaiting simulation instructions...

2 RECEIVE 1900 1449433439351 

[Reducer0]: Got 91560 bytes.
2 RECEIVE 1800 1449433462428 

[Reducer0]: Got 958488 bytes.
Awaiting simulation instructions...

Awaiting simulation instructions...

2 RECEIVE 2100 1449433478785 

[Reducer0]: Got 91560 bytes.
2 RECEIVE 2000 1449433503532 

[Reducer0]: Got 959512 bytes.
Slave finished all tasks and exited.
logger exit
