1 SEND 100 1449452443040 
1 SEND 100 1449452443043 
1 SEND 0 1449452443043 
1 SEND 0 1449452443043 
1 SEND 0 1449452443044 
1 SEND 0 1449452443044 
1 SEND 0 1449452443047 
1 SEND 100 1449452443047 
1 SEND 100 1449452443048 
1 SEND 0 1449452443048 
1 SEND 100 1449452443048 
1 SEND 0 1449452443048 
1 SEND 100 1449452443049 
1 SEND 100 1449452443049 
1 SEND 0 1449452443052 
1 SEND 100 1449452443052 
1 SEND 0 1449452443052 
1 SEND 0 1449452443052 
1 SEND 100 1449452443053 
1 SEND 100 1449452443054 
1 SEND 200 1449452443101 
1 SEND 200 1449452443103 
1 SEND 200 1449452443104 
1 SEND 200 1449452443107 
1 SEND 200 1449452443107 
1 SEND 200 1449452443107 
1 SEND 200 1449452443107 
1 SEND 200 1449452443107 
1 SEND 200 1449452443110 
1 SEND 200 1449452443110 
1 SEND 300 1449452443175 
1 SEND 300 1449452443179 
1 SEND 300 1449452443179 
1 SEND 300 1449452443179 
1 SEND 300 1449452443179 
1 SEND 300 1449452443179 
1 SEND 300 1449452443182 
1 SEND 300 1449452443182 
1 SEND 300 1449452443182 
1 SEND 300 1449452443183 
1 SEND 400 1449452503245 
1 SEND 400 1449452503248 
1 SEND 400 1449452503250 
1 SEND 400 1449452503250 
1 SEND 400 1449452503252 
1 SEND 400 1449452503253 
1 SEND 400 1449452503254 
1 SEND 400 1449452503294 
1 SEND 400 1449452503300 
1 SEND 400 1449452503322 
1 SEND 500 1449452504095 
1 SEND 500 1449452504095 
1 SEND 500 1449452504107 
1 SEND 500 1449452504108 
1 SEND 500 1449452504108 
1 SEND 600 1449452504111 
1 SEND 500 1449452504111 
1 SEND 600 1449452504111 
1 SEND 600 1449452504111 
1 SEND 600 1449452504111 
1 SEND 500 1449452504111 
1 SEND 500 1449452504113 
1 SEND 600 1449452504113 
1 SEND 600 1449452504113 
1 SEND 500 1449452504113 
1 SEND 600 1449452504113 
1 SEND 600 1449452504113 
1 SEND 600 1449452504113 
1 SEND 500 1449452504113 
1 SEND 600 1449452504114 
1 SEND 700 1449452504664 
1 SEND 700 1449452504664 
1 SEND 700 1449452504664 
1 SEND 700 1449452504667 
1 SEND 700 1449452504667 
1 SEND 700 1449452504669 
1 SEND 700 1449452504672 
1 SEND 700 1449452504672 
1 SEND 700 1449452504676 
1 SEND 700 1449452504676 
1 SEND 800 1449452563476 
1 SEND 800 1449452563476 
1 SEND 800 1449452563478 
1 SEND 800 1449452563478 
1 SEND 800 1449452563479 
1 SEND 800 1449452563479 
1 SEND 800 1449452563676 
1 SEND 800 1449452563685 
1 SEND 800 1449452563730 
1 SEND 800 1449452563769 
1 SEND 900 1449452564140 
1 SEND 900 1449452564140 
1 SEND 900 1449452564140 
1 SEND 900 1449452564141 
1 SEND 900 1449452564143 
1 SEND 900 1449452564143 
1 SEND 900 1449452564143 
1 SEND 1000 1449452564143 
1 SEND 1000 1449452564143 
1 SEND 1000 1449452564143 
1 SEND 900 1449452564143 
1 SEND 900 1449452564143 
1 SEND 1000 1449452564145 
1 SEND 1000 1449452564145 
1 SEND 900 1449452564146 
1 SEND 1000 1449452564146 
1 SEND 1000 1449452564146 
1 SEND 1000 1449452564146 
1 SEND 1000 1449452564148 
1 SEND 1000 1449452564152 
1 SEND 1100 1449452564848 
1 SEND 1100 1449452564848 
1 SEND 1100 1449452564848 
1 SEND 1100 1449452564849 
1 SEND 1100 1449452564849 
1 SEND 1100 1449452564853 
1 SEND 1100 1449452564853 
1 SEND 1100 1449452564853 
1 SEND 1100 1449452564853 
1 SEND 1100 1449452564854 
1 SEND 1200 1449452623691 
1 SEND 1200 1449452623691 
1 SEND 1200 1449452623692 
1 SEND 1200 1449452623692 
1 SEND 1200 1449452623899 
1 SEND 1200 1449452623900 
1 SEND 1200 1449452623900 
1 SEND 1200 1449452623900 
1 SEND 1200 1449452623900 
1 SEND 1300 1449452624220 
1 SEND 1300 1449452624230 
1 SEND 1300 1449452624232 
1 SEND 1400 1449452624232 
1 SEND 1300 1449452624232 
1 SEND 1400 1449452624232 
1 SEND 1300 1449452624233 
1 SEND 1300 1449452624233 
1 SEND 1400 1449452624235 
1 SEND 1400 1449452624235 
1 SEND 1300 1449452624235 
1 SEND 1300 1449452624235 
1 SEND 1400 1449452624235 
1 SEND 1400 1449452624235 
1 SEND 1400 1449452624235 
1 SEND 1400 1449452624235 
1 SEND 1400 1449452624238 
1 SEND 1300 1449452624239 
1 SEND 1400 1449452624239 
1 SEND 1300 1449452624239 
1 SEND 1500 1449452624774 
1 SEND 1500 1449452624774 
1 SEND 1500 1449452624774 
1 SEND 1500 1449452624775 
1 SEND 1500 1449452624775 
1 SEND 1500 1449452624777 
1 SEND 1500 1449452624778 
1 SEND 1500 1449452624778 
1 SEND 1500 1449452624778 
1 SEND 1500 1449452624778 
1 SEND 1200 1449452627066 
1 SEND 1600 1449452683897 
1 SEND 1600 1449452683897 
1 SEND 1600 1449452683897 
1 SEND 1600 1449452684058 
1 SEND 1600 1449452684058 
1 SEND 1600 1449452684058 
1 SEND 1600 1449452684058 
1 SEND 1600 1449452684059 
1 SEND 1600 1449452684060 
1 SEND 1600 1449452684060 
1 SEND 1700 1449452684330 
1 SEND 1700 1449452684340 
1 SEND 1700 1449452684342 
1 SEND 1700 1449452684342 
1 SEND 1700 1449452684342 
1 SEND 1700 1449452684342 
1 SEND 1700 1449452684342 
1 SEND 1800 1449452684346 
1 SEND 1700 1449452684346 
1 SEND 1800 1449452684346 
1 SEND 1700 1449452684346 
1 SEND 1700 1449452684346 
1 SEND 1800 1449452684349 
1 SEND 1800 1449452684349 
1 SEND 1800 1449452684349 
1 SEND 1800 1449452684350 
1 SEND 1800 1449452684350 
1 SEND 1800 1449452684350 
1 SEND 1800 1449452684352 
1 SEND 1800 1449452684366 
1 SEND 1900 1449452684891 
1 SEND 1900 1449452684891 
1 SEND 1900 1449452684892 
1 SEND 1900 1449452684893 
1 SEND 1900 1449452684893 
1 SEND 1900 1449452684893 
1 SEND 1900 1449452684894 
1 SEND 1900 1449452684894 
1 SEND 1900 1449452684894 
1 SEND 1900 1449452684895 
1 SEND 2000 1449452744088 
1 SEND 2000 1449452744090 
1 SEND 2000 1449452744091 
1 SEND 2000 1449452744092 
1 SEND 2000 1449452744153 
1 SEND 2000 1449452744154 
1 SEND 2000 1449452744155 
1 SEND 2000 1449452744203 
1 SEND 2000 1449452744287 
1 SEND 2000 1449452744287 
1 SEND 2100 1449452744762 
1 SEND 2100 1449452744762 
1 SEND 2100 1449452744764 
1 SEND 2100 1449452744764 
1 SEND 2100 1449452744764 
1 SEND 2100 1449452744768 
1 SEND 2100 1449452744768 
1 SEND 2100 1449452744774 
1 SEND 2100 1449452744774 
1 SEND 2100 1449452744776 
1 SEND 2200 1449452744776 
1 SEND 2200 1449452744778 
1 SEND 2200 1449452744778 
1 SEND 2200 1449452744778 
1 SEND 2200 1449452744778 
1 SEND 2200 1449452744778 
1 SEND 2200 1449452744778 
1 SEND 2200 1449452744778 
1 SEND 2200 1449452744778 
1 SEND 2200 1449452744780 
1 SEND 2300 1449452745279 
1 SEND 2300 1449452745279 
1 SEND 2300 1449452745280 
1 SEND 2300 1449452745281 
1 SEND 2300 1449452745282 
1 SEND 2300 1449452745282 
1 SEND 2300 1449452745282 
1 SEND 2300 1449452745283 
1 SEND 2300 1449452745283 
1 SEND 2300 1449452745285 
1 SEND 2400 1449452804272 
1 SEND 2400 1449452804272 
1 SEND 2400 1449452804273 
1 SEND 2400 1449452804275 
1 SEND 2400 1449452804433 
1 SEND 2400 1449452804433 
1 SEND 2400 1449452804434 
1 SEND 2400 1449452804434 
1 SEND 2400 1449452804480 
1 SEND 2400 1449452804482 
1 SEND 2500 1449452804749 
1 SEND 2500 1449452804749 
1 SEND 2500 1449452804750 
1 SEND 2500 1449452804750 
1 SEND 2500 1449452804752 
1 SEND 2500 1449452804752 
1 SEND 2600 1449452804754 
1 SEND 2600 1449452804754 
1 SEND 2600 1449452804754 
1 SEND 2600 1449452804755 
1 SEND 2500 1449452804755 
1 SEND 2500 1449452804755 
1 SEND 2500 1449452804755 
1 SEND 2600 1449452804755 
1 SEND 2600 1449452804755 
1 SEND 2600 1449452804755 
1 SEND 2600 1449452804757 
1 SEND 2600 1449452804757 
1 SEND 2500 1449452804757 
1 SEND 2600 1449452804757 
1 SEND 2700 1449452805350 
1 SEND 2700 1449452805352 
1 SEND 2700 1449452805352 
1 SEND 2700 1449452805353 
1 SEND 2700 1449452805353 
1 SEND 2700 1449452805354 
1 SEND 2700 1449452805354 
1 SEND 2700 1449452805354 
1 SEND 2700 1449452805354 
1 SEND 2700 1449452805354 
1 SEND 2800 1449452864439 
1 SEND 2800 1449452864439 
1 SEND 2800 1449452864439 
1 SEND 2800 1449452864444 
1 SEND 2800 1449452864444 
1 SEND 2800 1449452864444 
1 SEND 2800 1449452864600 
1 SEND 2800 1449452864602 
1 SEND 2800 1449452864603 
1 SEND 2800 1449452864603 
1 SEND 2900 1449452864973 
1 SEND 2900 1449452864973 
1 SEND 2900 1449452864973 
1 SEND 2900 1449452864973 
1 SEND 2900 1449452864975 
1 SEND 2900 1449452864975 
1 SEND 2900 1449452864977 
1 SEND 3000 1449452864977 
1 SEND 3000 1449452864977 
1 SEND 3000 1449452864977 
1 SEND 3000 1449452864977 
1 SEND 2900 1449452864978 
1 SEND 3000 1449452864978 
1 SEND 3000 1449452864978 
1 SEND 2900 1449452864980 
1 SEND 3000 1449452864980 
1 SEND 3000 1449452864980 
1 SEND 3000 1449452864980 
1 SEND 2900 1449452864981 
1 SEND 3000 1449452864983 
1 SEND 3100 1449452865729 
1 SEND 3100 1449452865730 
1 SEND 3100 1449452865730 
1 SEND 3100 1449452865732 
1 SEND 3100 1449452865732 
1 SEND 3100 1449452865732 
1 SEND 3100 1449452865732 
1 SEND 3100 1449452865732 
1 SEND 3100 1449452865732 
1 SEND 3100 1449452865735 
1 SEND 3200 1449452924597 
1 SEND 3200 1449452924599 
1 SEND 3200 1449452924599 
1 SEND 3200 1449452924600 
1 SEND 3200 1449452924600 
1 SEND 3200 1449452924600 
1 SEND 3200 1449452924602 
1 SEND 3200 1449452924602 
1 SEND 3200 1449452924758 
1 SEND 3200 1449452924758 
1 SEND 3300 1449452925223 
1 SEND 3300 1449452925223 
1 SEND 3300 1449452925224 
1 SEND 3300 1449452925224 
1 SEND 3300 1449452925226 
1 SEND 3400 1449452925226 
1 SEND 3300 1449452925226 
1 SEND 3300 1449452925226 
1 SEND 3300 1449452925226 
1 SEND 3400 1449452925226 
1 SEND 3400 1449452925226 
1 SEND 3400 1449452925229 
1 SEND 3300 1449452925229 
1 SEND 3300 1449452925229 
1 SEND 3400 1449452925229 
1 SEND 3400 1449452925237 
1 SEND 3400 1449452925237 
1 SEND 3400 1449452925237 
1 SEND 3400 1449452925238 
1 SEND 3400 1449452925238 
1 SEND 3500 1449452925973 
1 SEND 3500 1449452925973 
1 SEND 3500 1449452925973 
1 SEND 3500 1449452925975 
1 SEND 3500 1449452925977 
1 SEND 3500 1449452925977 
1 SEND 3500 1449452925977 
1 SEND 3500 1449452925977 
1 SEND 3500 1449452925977 
1 SEND 3500 1449452925979 
1 SEND 3600 1449452984737 
1 SEND 3600 1449452984738 
1 SEND 3600 1449452984738 
1 SEND 3600 1449452984738 
1 SEND 3600 1449452984946 
1 SEND 3600 1449452984946 
1 SEND 3600 1449452984946 
1 SEND 3600 1449452984946 
1 SEND 3600 1449452984947 
1 SEND 3600 1449452984947 
1 SEND 3700 1449452985182 
1 SEND 3700 1449452985182 
1 SEND 3700 1449452985182 
1 SEND 3700 1449452985182 
1 SEND 3700 1449452985185 
1 SEND 3800 1449452985185 
1 SEND 3700 1449452985185 
1 SEND 3700 1449452985185 
1 SEND 3700 1449452985185 
1 SEND 3800 1449452985185 
1 SEND 3800 1449452985185 
1 SEND 3700 1449452985185 
1 SEND 3800 1449452985186 
1 SEND 3800 1449452985187 
1 SEND 3800 1449452985187 
1 SEND 3700 1449452985187 
1 SEND 3800 1449452985187 
1 SEND 3800 1449452985187 
1 SEND 3800 1449452985188 
1 SEND 3800 1449452985191 
1 SEND 3900 1449452985824 
1 SEND 3900 1449452985825 
1 SEND 3900 1449452985825 
1 SEND 3900 1449452985826 
1 SEND 3900 1449452985827 
1 SEND 3900 1449452985827 
1 SEND 3900 1449452985827 
1 SEND 3900 1449452985827 
1 SEND 3900 1449452985829 
1 SEND 3900 1449452985832 
1 SEND 4000 1449453044889 
1 SEND 4000 1449453044889 
1 SEND 4000 1449453044889 
1 SEND 4000 1449453044889 
1 SEND 4000 1449453045097 
1 SEND 4000 1449453045097 
1 SEND 4000 1449453045097 
1 SEND 4000 1449453045099 
1 SEND 4000 1449453045099 
1 SEND 4000 1449453045099 
1 SEND 4100 1449453045331 
1 SEND 4100 1449453045331 
1 SEND 4100 1449453045332 
1 SEND 4100 1449453045332 
1 SEND 4100 1449453045334 
1 SEND 4100 1449453045334 
1 SEND 4100 1449453045334 
1 SEND 4100 1449453045337 
1 SEND 4200 1449453045337 
1 SEND 4200 1449453045337 
1 SEND 4100 1449453045337 
1 SEND 4200 1449453045337 
1 SEND 4200 1449453045337 
1 SEND 4100 1449453045337 
1 SEND 4200 1449453045337 
1 SEND 4200 1449453045340 
1 SEND 4200 1449453045340 
1 SEND 4200 1449453045340 
1 SEND 4200 1449453045340 
1 SEND 4200 1449453045340 
1 SEND 4300 1449453045940 
1 SEND 4300 1449453045941 
1 SEND 4300 1449453045941 
1 SEND 4300 1449453045941 
1 SEND 4300 1449453045946 
1 SEND 4300 1449453045947 
1 SEND 4300 1449453045947 
1 SEND 4300 1449453045947 
1 SEND 4300 1449453045947 
1 SEND 4300 1449453045963 
