3 RECEIVE 100 1449452451046 
3 RECEIVE 200 1449452464386 
3 RECEIVE 300 1449452481656 
3 RECEIVE 0 1449452499656 
3 RECEIVE 500 1449452514446 
3 RECEIVE 600 1449452530790 
3 RECEIVE 700 1449452546913 
3 RECEIVE 400 1449452559701 
3 RECEIVE 900 1449452574476 
3 RECEIVE 1000 1449452589959 
3 RECEIVE 1100 1449452607133 
3 RECEIVE 800 1449452614739 
3 RECEIVE 1300 1449452634139 
3 RECEIVE 1400 1449452649337 
3 RECEIVE 1500 1449452664913 
3 RECEIVE 1200 1449452681452 
3 RECEIVE 1700 1449452694082 
3 RECEIVE 1800 1449452709885 
3 RECEIVE 1900 1449452726621 
3 RECEIVE 1600 1449452735037 
3 RECEIVE 2100 1449452754945 
3 RECEIVE 2200 1449452771233 
3 RECEIVE 2300 1449452786582 
3 RECEIVE 2000 1449452800812 
3 RECEIVE 2500 1449452813992 
3 RECEIVE 2600 1449452829512 
3 RECEIVE 2700 1449452846805 
3 RECEIVE 2400 1449452857712 
3 RECEIVE 2900 1449452875270 
3 RECEIVE 3000 1449452890815 
3 RECEIVE 3100 1449452908714 
3 RECEIVE 2800 1449452916469 
3 RECEIVE 3300 1449452935439 
3 RECEIVE 3400 1449452951561 
3 RECEIVE 3500 1449452968650 
3 RECEIVE 3200 1449452981615 
3 RECEIVE 3700 1449452995485 
3 RECEIVE 3800 1449453012230 
3 RECEIVE 3900 1449453029129 
3 RECEIVE 3600 1449453036957 
3 RECEIVE 4100 1449453055647 
3 RECEIVE 4200 1449453071230 
3 RECEIVE 4300 1449453088636 
3 RECEIVE 4000 1449453101881 
