8 RECEIVE 100 1449452452598 
8 RECEIVE 200 1449452468526 
8 RECEIVE 300 1449452478593 
8 RECEIVE 0 1449452499685 
8 RECEIVE 500 1449452517624 
8 RECEIVE 600 1449452531321 
8 RECEIVE 700 1449452547726 
8 RECEIVE 400 1449452556784 
8 RECEIVE 900 1449452576643 
8 RECEIVE 1000 1449452590164 
8 RECEIVE 1100 1449452606810 
8 RECEIVE 800 1449452619051 
8 RECEIVE 1300 1449452634676 
8 RECEIVE 1400 1449452649795 
8 RECEIVE 1500 1449452665839 
8 RECEIVE 1200 1449452678812 
8 RECEIVE 1700 1449452694878 
8 RECEIVE 1800 1449452710933 
8 RECEIVE 1900 1449452727706 
8 RECEIVE 1600 1449452735347 
8 RECEIVE 2100 1449452755888 
8 RECEIVE 2200 1449452771350 
8 RECEIVE 2300 1449452787627 
8 RECEIVE 2000 1449452800317 
8 RECEIVE 2500 1449452816046 
8 RECEIVE 2600 1449452829638 
8 RECEIVE 2700 1449452847075 
8 RECEIVE 2400 1449452861561 
8 RECEIVE 2900 1449452877893 
8 RECEIVE 3000 1449452891730 
8 RECEIVE 3100 1449452908744 
8 RECEIVE 2800 1449452919291 
8 RECEIVE 3300 1449452936375 
8 RECEIVE 3400 1449452952014 
8 RECEIVE 3500 1449452969351 
8 RECEIVE 3200 1449452978573 
8 RECEIVE 3700 1449452996672 
8 RECEIVE 3800 1449453011611 
8 RECEIVE 3900 1449453028898 
8 RECEIVE 3600 1449453037355 
8 RECEIVE 4100 1449453057732 
8 RECEIVE 4200 1449453071269 
8 RECEIVE 4300 1449453089757 
8 RECEIVE 4000 1449453096772 
