9 RECEIVE 100 1449452454057 
9 RECEIVE 200 1449452469034 
9 RECEIVE 300 1449452479851 
9 RECEIVE 0 1449452499743 
9 RECEIVE 500 1449452517899 
9 RECEIVE 600 1449452531399 
9 RECEIVE 700 1449452547755 
9 RECEIVE 400 1449452560699 
9 RECEIVE 900 1449452574317 
9 RECEIVE 1000 1449452590819 
9 RECEIVE 1100 1449452607589 
9 RECEIVE 800 1449452619197 
9 RECEIVE 1300 1449452635002 
9 RECEIVE 1400 1449452649474 
9 RECEIVE 1500 1449452666366 
9 RECEIVE 1200 1449452678841 
9 RECEIVE 1700 1449452694999 
9 RECEIVE 1800 1449452710539 
9 RECEIVE 1900 1449452727553 
9 RECEIVE 1600 1449452741347 
9 RECEIVE 2100 1449452757192 
9 RECEIVE 2200 1449452771145 
9 RECEIVE 2300 1449452787588 
9 RECEIVE 2000 1449452800327 
9 RECEIVE 2500 1449452816451 
9 RECEIVE 2600 1449452829279 
9 RECEIVE 2700 1449452846766 
9 RECEIVE 2400 1449452861707 
9 RECEIVE 2900 1449452877181 
9 RECEIVE 3000 1449452891156 
9 RECEIVE 3100 1449452908598 
9 RECEIVE 2800 1449452921024 
9 RECEIVE 3300 1449452936223 
9 RECEIVE 3400 1449452951937 
9 RECEIVE 3500 1449452969274 
9 RECEIVE 3200 1449452978883 
9 RECEIVE 3700 1449452997666 
9 RECEIVE 3800 1449453011942 
9 RECEIVE 3900 1449453029216 
9 RECEIVE 3600 1449453035930 
9 RECEIVE 4100 1449453057904 
9 RECEIVE 4200 1449453071307 
9 RECEIVE 4300 1449453089039 
9 RECEIVE 4000 1449453101416 
