4 RECEIVE 100 1449452454938 
4 RECEIVE 200 1449452467749 
4 RECEIVE 300 1449452479200 
4 RECEIVE 0 1449452498270 
4 RECEIVE 500 1449452517675 
4 RECEIVE 600 1449452531360 
4 RECEIVE 700 1449452546992 
4 RECEIVE 400 1449452557899 
4 RECEIVE 900 1449452576170 
4 RECEIVE 1000 1449452590514 
4 RECEIVE 1100 1449452607056 
4 RECEIVE 800 1449452618053 
4 RECEIVE 1300 1449452635281 
4 RECEIVE 1400 1449452649785 
4 RECEIVE 1500 1449452665059 
4 RECEIVE 1200 1449452672467 
4 RECEIVE 1700 1449452694823 
4 RECEIVE 1800 1449452710148 
4 RECEIVE 1900 1449452726774 
4 RECEIVE 1600 1449452738943 
4 RECEIVE 2100 1449452755506 
4 RECEIVE 2200 1449452771398 
4 RECEIVE 2300 1449452787055 
4 RECEIVE 2000 1449452800725 
4 RECEIVE 2500 1449452814258 
4 RECEIVE 2600 1449452829551 
4 RECEIVE 2700 1449452849210 
4 RECEIVE 2400 1449452858061 
4 RECEIVE 2900 1449452875196 
4 RECEIVE 3000 1449452890942 
4 RECEIVE 3100 1449452908204 
4 RECEIVE 2800 1449452921887 
4 RECEIVE 3300 1449452935267 
4 RECEIVE 3400 1449452951490 
4 RECEIVE 3500 1449452968699 
4 RECEIVE 3200 1449452980553 
4 RECEIVE 3700 1449452995529 
4 RECEIVE 3800 1449453011512 
4 RECEIVE 3900 1449453028304 
4 RECEIVE 3600 1449453040411 
4 RECEIVE 4100 1449453055546 
4 RECEIVE 4200 1449453071365 
4 RECEIVE 4300 1449453088464 
4 RECEIVE 4000 1449453097540 
