7 RECEIVE 100 1449452455089 
7 RECEIVE 200 1449452466307 
7 RECEIVE 300 1449452477984 
7 RECEIVE 0 1449452499695 
7 RECEIVE 500 1449452517472 
7 RECEIVE 600 1449452531262 
7 RECEIVE 700 1449452547314 
7 RECEIVE 400 1449452559817 
7 RECEIVE 900 1449452577029 
7 RECEIVE 1000 1449452590368 
7 RECEIVE 1100 1449452607473 
7 RECEIVE 800 1449452620807 
7 RECEIVE 1300 1449452636964 
7 RECEIVE 1400 1449452649903 
7 RECEIVE 1500 1449452665271 
7 RECEIVE 1200 1449452678918 
7 RECEIVE 1700 1449452696708 
7 RECEIVE 1800 1449452710471 
7 RECEIVE 1900 1449452727629 
7 RECEIVE 1600 1449452741522 
7 RECEIVE 2100 1449452755785 
7 RECEIVE 2200 1449452771701 
7 RECEIVE 2300 1449452787444 
7 RECEIVE 2000 1449452796654 
7 RECEIVE 2500 1449452816988 
7 RECEIVE 2600 1449452829357 
7 RECEIVE 2700 1449452846219 
7 RECEIVE 2400 1449452859855 
7 RECEIVE 2900 1449452876273 
7 RECEIVE 3000 1449452890747 
7 RECEIVE 3100 1449452908928 
7 RECEIVE 2800 1449452921858 
7 RECEIVE 3300 1449452937453 
7 RECEIVE 3400 1449452952151 
7 RECEIVE 3500 1449452969477 
7 RECEIVE 3200 1449452982213 
7 RECEIVE 3700 1449452997741 
7 RECEIVE 3800 1449453011328 
7 RECEIVE 3900 1449453029522 
7 RECEIVE 3600 1449453042438 
7 RECEIVE 4100 1449453056239 
7 RECEIVE 4200 1449453072032 
7 RECEIVE 4300 1449453089442 
7 RECEIVE 4000 1449453102927 
