6 RECEIVE 100 1449452455434 
6 RECEIVE 200 1449452466346 
6 RECEIVE 300 1449452481918 
6 RECEIVE 0 1449452499608 
6 RECEIVE 500 1449452516166 
6 RECEIVE 600 1449452531486 
6 RECEIVE 700 1449452547343 
6 RECEIVE 400 1449452559418 
6 RECEIVE 900 1449452576463 
6 RECEIVE 1000 1449452590553 
6 RECEIVE 1100 1449452609872 
6 RECEIVE 800 1449452621399 
6 RECEIVE 1300 1449452636920 
6 RECEIVE 1400 1449452649708 
6 RECEIVE 1500 1449452666146 
6 RECEIVE 1200 1449452679773 
6 RECEIVE 1700 1449452696547 
6 RECEIVE 1800 1449452710051 
6 RECEIVE 1900 1449452727207 
6 RECEIVE 1600 1449452741998 
6 RECEIVE 2100 1449452755477 
6 RECEIVE 2200 1449452771340 
6 RECEIVE 2300 1449452787918 
6 RECEIVE 2000 1449452801451 
6 RECEIVE 2500 1449452814459 
6 RECEIVE 2600 1449452829386 
6 RECEIVE 2700 1449452846102 
6 RECEIVE 2400 1449452862145 
6 RECEIVE 2900 1449452875597 
6 RECEIVE 3000 1449452890965 
6 RECEIVE 3100 1449452908492 
6 RECEIVE 2800 1449452920985 
6 RECEIVE 3300 1449452937293 
6 RECEIVE 3400 1449452951749 
6 RECEIVE 3500 1449452969660 
6 RECEIVE 3200 1449452981905 
6 RECEIVE 3700 1449452998434 
6 RECEIVE 3800 1449453011377 
6 RECEIVE 3900 1449453028448 
6 RECEIVE 3600 1449453042622 
6 RECEIVE 4100 1449453056135 
6 RECEIVE 4200 1449453071933 
6 RECEIVE 4300 1449453089337 
6 RECEIVE 4000 1449453102461 
