10 RECEIVE 100 1449452456797 
10 RECEIVE 200 1449452465814 
10 RECEIVE 300 1449452479365 
10 RECEIVE 0 1449452499627 
10 RECEIVE 500 1449452517519 
10 RECEIVE 600 1449452531054 
10 RECEIVE 700 1449452548042 
10 RECEIVE 400 1449452560883 
10 RECEIVE 900 1449452576330 
10 RECEIVE 1000 1449452590222 
10 RECEIVE 1100 1449452607551 
10 RECEIVE 800 1449452620856 
10 RECEIVE 1400 1449452636937 
10 RECEIVE 1300 1449452637306 
10 RECEIVE 1500 1449452665869 
10 RECEIVE 1200 1449452673572 
10 RECEIVE 1700 1449452695134 
10 RECEIVE 1800 1449452710500 
10 RECEIVE 1900 1449452727398 
10 RECEIVE 1600 1449452740867 
10 RECEIVE 2100 1449452756302 
10 RECEIVE 2200 1449452771282 
10 RECEIVE 2300 1449452787349 
10 RECEIVE 2000 1449452795858 
10 RECEIVE 2500 1449452814582 
10 RECEIVE 2600 1449452830129 
10 RECEIVE 2700 1449452846727 
10 RECEIVE 2400 1449452861145 
10 RECEIVE 2900 1449452877983 
10 RECEIVE 3000 1449452891513 
10 RECEIVE 3100 1449452908033 
10 RECEIVE 2800 1449452921208 
10 RECEIVE 3300 1449452936441 
10 RECEIVE 3400 1449452952357 
10 RECEIVE 3500 1449452969169 
10 RECEIVE 3200 1449452981280 
10 RECEIVE 3700 1449452996572 
10 RECEIVE 3800 1449453011503 
10 RECEIVE 3900 1449453029246 
10 RECEIVE 3600 1449453040081 
10 RECEIVE 4100 1449453056307 
10 RECEIVE 4200 1449453071874 
10 RECEIVE 4300 1449453089145 
10 RECEIVE 4000 1449453102277 
