11 RECEIVE 100 1449452453927 
11 RECEIVE 200 1449452469636 
11 RECEIVE 300 1449452482208 
11 RECEIVE 0 1449452499954 
11 RECEIVE 500 1449452517592 
11 RECEIVE 600 1449452531163 
11 RECEIVE 700 1449452548033 
11 RECEIVE 400 1449452561340 
11 RECEIVE 900 1449452576284 
11 RECEIVE 1000 1449452590988 
11 RECEIVE 1100 1449452607425 
11 RECEIVE 800 1449452620914 
11 RECEIVE 1300 1449452637392 
11 RECEIVE 1400 1449452650127 
11 RECEIVE 1500 1449452665721 
11 RECEIVE 1200 1449452678048 
11 RECEIVE 1700 1449452696303 
11 RECEIVE 1800 1449452710627 
11 RECEIVE 1900 1449452727062 
11 RECEIVE 1600 1449452741039 
11 RECEIVE 2100 1449452756818 
11 RECEIVE 2200 1449452771388 
11 RECEIVE 2300 1449452788060 
11 RECEIVE 2000 1449452800414 
11 RECEIVE 2500 1449452816794 
11 RECEIVE 2600 1449452829962 
11 RECEIVE 2700 1449452846921 
11 RECEIVE 2400 1449452862038 
11 RECEIVE 2900 1449452877647 
11 RECEIVE 3000 1449452891353 
11 RECEIVE 3100 1449452908637 
11 RECEIVE 2800 1449452921111 
11 RECEIVE 3300 1449452937169 
11 RECEIVE 3400 1449452952209 
11 RECEIVE 3500 1449452969313 
11 RECEIVE 3200 1449452981493 
11 RECEIVE 3700 1449452998264 
11 RECEIVE 3800 1449453011747 
11 RECEIVE 3900 1449453028601 
11 RECEIVE 3600 1449453042107 
11 RECEIVE 4100 1449453058208 
11 RECEIVE 4200 1449453072099 
11 RECEIVE 4300 1449453089213 
11 RECEIVE 4000 1449453102694 
