5 RECEIVE 100 1449450156188 
5 RECEIVE 200 1449450167099 
5 RECEIVE 300 1449450173602 
5 RECEIVE 0 1449450203262 
5 RECEIVE 500 1449450218336 
5 RECEIVE 600 1449450232642 
5 RECEIVE 700 1449450248866 
5 RECEIVE 400 1449450261643 
5 RECEIVE 900 1449450277848 
5 RECEIVE 1000 1449450294461 
5 RECEIVE 1100 1449450311267 
5 RECEIVE 800 1449450319725 
5 RECEIVE 1300 1449450336973 
5 RECEIVE 1400 1449450352023 
5 RECEIVE 1500 1449450369070 
5 RECEIVE 1200 1449450377006 
5 RECEIVE 1700 1449450396591 
5 RECEIVE 1800 1449450411614 
5 RECEIVE 1900 1449450427284 
5 RECEIVE 1600 1449450439652 
5 RECEIVE 2100 1449450455552 
5 RECEIVE 2200 1449450471661 
5 RECEIVE 2300 1449450487372 
5 RECEIVE 2000 1449450500597 
5 RECEIVE 2500 1449450516059 
5 RECEIVE 2600 1449450531958 
5 RECEIVE 2700 1449450548968 
5 RECEIVE 2400 1449450555730 
5 RECEIVE 2900 1449450577370 
5 RECEIVE 3000 1449450592424 
5 RECEIVE 3100 1449450608662 
5 RECEIVE 2800 1449450618383 
5 RECEIVE 3300 1449450637115 
5 RECEIVE 3400 1449450652944 
5 RECEIVE 3500 1449450669467 
5 RECEIVE 3200 1449450677788 
5 RECEIVE 3700 1449450696114 
5 RECEIVE 3800 1449450711860 
5 RECEIVE 3900 1449450728204 
5 RECEIVE 3600 1449450742282 
5 RECEIVE 4100 1449450756477 
5 RECEIVE 4200 1449450772804 
5 RECEIVE 4300 1449450789791 
5 RECEIVE 4000 1449450795882 
