1 SEND 0 1449450144705 
1 SEND 100 1449450144706 
1 SEND 100 1449450144704 
1 SEND 0 1449450144706 
1 SEND 100 1449450144706 
1 SEND 0 1449450144709 
1 SEND 100 1449450144709 
1 SEND 100 1449450144709 
1 SEND 0 1449450144709 
1 SEND 0 1449450144709 
1 SEND 100 1449450144709 
1 SEND 100 1449450144709 
1 SEND 0 1449450144709 
1 SEND 0 1449450144709 
1 SEND 100 1449450144709 
1 SEND 0 1449450144718 
1 SEND 100 1449450144719 
1 SEND 0 1449450144719 
1 SEND 0 1449450144719 
1 SEND 100 1449450144720 
1 SEND 200 1449450144761 
1 SEND 200 1449450144761 
1 SEND 200 1449450144764 
1 SEND 200 1449450144764 
1 SEND 200 1449450144768 
1 SEND 200 1449450144768 
1 SEND 200 1449450144771 
1 SEND 200 1449450144771 
1 SEND 200 1449450144771 
1 SEND 200 1449450144771 
1 SEND 300 1449450144834 
1 SEND 300 1449450144834 
1 SEND 300 1449450144834 
1 SEND 300 1449450144835 
1 SEND 300 1449450144835 
1 SEND 300 1449450144837 
1 SEND 300 1449450144837 
1 SEND 300 1449450144838 
1 SEND 300 1449450144840 
1 SEND 300 1449450144840 
1 SEND 400 1449450204896 
1 SEND 400 1449450204899 
1 SEND 400 1449450204899 
1 SEND 400 1449450204900 
1 SEND 400 1449450204900 
1 SEND 400 1449450204900 
1 SEND 400 1449450204904 
1 SEND 400 1449450204904 
1 SEND 400 1449450204963 
1 SEND 400 1449450204963 
1 SEND 500 1449450205758 
1 SEND 500 1449450205758 
1 SEND 500 1449450205760 
1 SEND 600 1449450205760 
1 SEND 500 1449450205760 
1 SEND 500 1449450205760 
1 SEND 600 1449450205760 
1 SEND 500 1449450205760 
1 SEND 500 1449450205760 
1 SEND 500 1449450205761 
1 SEND 500 1449450205761 
1 SEND 600 1449450205763 
1 SEND 500 1449450205765 
1 SEND 600 1449450205770 
1 SEND 600 1449450205771 
1 SEND 600 1449450205771 
1 SEND 600 1449450205771 
1 SEND 600 1449450205773 
1 SEND 600 1449450205773 
1 SEND 600 1449450205775 
1 SEND 700 1449450206519 
1 SEND 700 1449450206519 
1 SEND 700 1449450206520 
1 SEND 700 1449450206520 
1 SEND 700 1449450206521 
1 SEND 700 1449450206521 
1 SEND 700 1449450206522 
1 SEND 700 1449450206523 
1 SEND 700 1449450206523 
1 SEND 700 1449450206523 
1 SEND 800 1449450265140 
1 SEND 800 1449450265140 
1 SEND 800 1449450265140 
1 SEND 800 1449450265140 
1 SEND 800 1449450265141 
1 SEND 800 1449450265141 
1 SEND 800 1449450265141 
1 SEND 800 1449450265141 
1 SEND 800 1449450265142 
1 SEND 800 1449450265478 
1 SEND 900 1449450265921 
1 SEND 1000 1449450265921 
1 SEND 900 1449450265921 
1 SEND 900 1449450265922 
1 SEND 900 1449450265922 
1 SEND 900 1449450265922 
1 SEND 900 1449450265928 
1 SEND 1000 1449450265928 
1 SEND 1000 1449450265929 
1 SEND 900 1449450265930 
1 SEND 900 1449450265930 
1 SEND 1000 1449450265930 
1 SEND 1000 1449450265930 
1 SEND 1000 1449450265930 
1 SEND 1000 1449450265930 
1 SEND 1000 1449450265930 
1 SEND 1000 1449450265930 
1 SEND 900 1449450265930 
1 SEND 900 1449450265930 
1 SEND 1000 1449450265946 
1 SEND 1100 1449450266686 
1 SEND 1100 1449450266686 
1 SEND 1100 1449450266686 
1 SEND 1100 1449450266686 
1 SEND 1100 1449450266686 
1 SEND 1100 1449450266686 
1 SEND 1100 1449450266688 
1 SEND 1100 1449450266688 
1 SEND 1100 1449450266690 
1 SEND 1100 1449450266690 
1 SEND 1200 1449450325349 
1 SEND 1200 1449450325350 
1 SEND 1200 1449450325351 
1 SEND 1200 1449450325351 
1 SEND 1200 1449450325351 
1 SEND 1200 1449450325351 
1 SEND 1200 1449450325353 
1 SEND 1200 1449450325617 
1 SEND 1200 1449450325700 
1 SEND 1200 1449450325701 
1 SEND 1300 1449450326012 
1 SEND 1300 1449450326012 
1 SEND 1300 1449450326013 
1 SEND 1300 1449450326022 
1 SEND 1300 1449450326022 
1 SEND 1400 1449450326022 
1 SEND 1400 1449450326022 
1 SEND 1300 1449450326022 
1 SEND 1300 1449450326024 
1 SEND 1300 1449450326024 
1 SEND 1300 1449450326024 
1 SEND 1300 1449450326024 
1 SEND 1400 1449450326024 
1 SEND 1400 1449450326024 
1 SEND 1400 1449450326026 
1 SEND 1400 1449450326026 
1 SEND 1400 1449450326026 
1 SEND 1400 1449450326027 
1 SEND 1400 1449450326027 
1 SEND 1400 1449450326030 
1 SEND 1500 1449450326749 
1 SEND 1500 1449450326749 
1 SEND 1500 1449450326749 
1 SEND 1500 1449450326749 
1 SEND 1500 1449450326749 
1 SEND 1500 1449450326750 
1 SEND 1500 1449450326751 
1 SEND 1500 1449450326751 
1 SEND 1500 1449450326752 
1 SEND 1500 1449450326753 
1 SEND 1600 1449450385546 
1 SEND 1600 1449450385546 
1 SEND 1600 1449450385547 
1 SEND 1600 1449450385547 
1 SEND 1600 1449450385755 
1 SEND 1600 1449450385755 
1 SEND 1600 1449450385756 
1 SEND 1600 1449450385756 
1 SEND 1600 1449450385757 
1 SEND 1600 1449450385757 
1 SEND 1700 1449450386033 
1 SEND 1700 1449450386033 
1 SEND 1700 1449450386033 
1 SEND 1700 1449450386037 
1 SEND 1800 1449450386041 
1 SEND 1800 1449450386041 
1 SEND 1700 1449450386041 
1 SEND 1700 1449450386041 
1 SEND 1700 1449450386041 
1 SEND 1700 1449450386041 
1 SEND 1800 1449450386041 
1 SEND 1700 1449450386045 
1 SEND 1800 1449450386047 
1 SEND 1700 1449450386047 
1 SEND 1800 1449450386047 
1 SEND 1800 1449450386047 
1 SEND 1800 1449450386049 
1 SEND 1800 1449450386049 
1 SEND 1800 1449450386049 
1 SEND 1800 1449450386051 
1 SEND 1900 1449450386624 
1 SEND 1900 1449450386624 
1 SEND 1900 1449450386625 
1 SEND 1900 1449450386625 
1 SEND 1900 1449450386625 
1 SEND 1900 1449450386626 
1 SEND 1900 1449450386627 
1 SEND 1900 1449450386627 
1 SEND 1900 1449450386629 
1 SEND 1900 1449450386629 
1 SEND 2000 1449450445730 
1 SEND 2000 1449450445730 
1 SEND 2000 1449450445730 
1 SEND 2000 1449450445896 
1 SEND 2000 1449450445896 
1 SEND 2000 1449450445896 
1 SEND 2000 1449450445896 
1 SEND 2000 1449450445896 
1 SEND 2000 1449450445897 
1 SEND 2000 1449450445897 
1 SEND 2100 1449450446179 
1 SEND 2100 1449450446179 
1 SEND 2100 1449450446179 
1 SEND 2100 1449450446180 
1 SEND 2100 1449450446180 
1 SEND 2200 1449450446181 
1 SEND 2100 1449450446182 
1 SEND 2100 1449450446182 
1 SEND 2200 1449450446184 
1 SEND 2200 1449450446184 
1 SEND 2100 1449450446184 
1 SEND 2100 1449450446184 
1 SEND 2200 1449450446184 
1 SEND 2200 1449450446184 
1 SEND 2200 1449450446184 
1 SEND 2200 1449450446185 
1 SEND 2200 1449450446186 
1 SEND 2200 1449450446186 
1 SEND 2100 1449450446186 
1 SEND 2200 1449450446187 
1 SEND 2300 1449450446723 
1 SEND 2300 1449450446724 
1 SEND 2300 1449450446725 
1 SEND 2300 1449450446725 
1 SEND 2300 1449450446727 
1 SEND 2300 1449450446727 
1 SEND 2300 1449450446728 
1 SEND 2300 1449450446728 
1 SEND 2300 1449450446728 
1 SEND 2300 1449450446728 
1 SEND 2400 1449450505917 
1 SEND 2400 1449450505917 
1 SEND 2400 1449450505917 
1 SEND 2400 1449450505922 
1 SEND 2400 1449450506036 
1 SEND 2400 1449450506038 
1 SEND 2400 1449450506040 
1 SEND 2400 1449450506060 
1 SEND 2400 1449450506060 
1 SEND 2400 1449450506092 
1 SEND 2500 1449450506371 
1 SEND 2500 1449450506371 
1 SEND 2500 1449450506372 
1 SEND 2600 1449450506374 
1 SEND 2600 1449450506374 
1 SEND 2600 1449450506374 
1 SEND 2500 1449450506374 
1 SEND 2500 1449450506374 
1 SEND 2600 1449450506375 
1 SEND 2600 1449450506375 
1 SEND 2500 1449450506376 
1 SEND 2600 1449450506377 
1 SEND 2600 1449450506377 
1 SEND 2500 1449450506377 
1 SEND 2600 1449450506377 
1 SEND 2500 1449450506377 
1 SEND 2500 1449450506377 
1 SEND 2500 1449450506379 
1 SEND 2600 1449450506379 
1 SEND 2600 1449450506379 
1 SEND 2700 1449450507023 
1 SEND 2700 1449450507023 
1 SEND 2700 1449450507024 
1 SEND 2700 1449450507026 
1 SEND 2700 1449450507027 
1 SEND 2700 1449450507028 
1 SEND 2700 1449450507028 
1 SEND 2700 1449450507028 
1 SEND 2700 1449450507028 
1 SEND 2700 1449450507036 
1 SEND 2800 1449450566087 
1 SEND 2800 1449450566088 
1 SEND 2800 1449450566088 
1 SEND 2800 1449450566088 
1 SEND 2800 1449450566296 
1 SEND 2800 1449450566297 
1 SEND 2800 1449450566297 
1 SEND 2800 1449450566297 
1 SEND 2800 1449450566297 
1 SEND 2800 1449450566304 
1 SEND 3000 1449450566553 
1 SEND 2900 1449450566553 
1 SEND 2900 1449450566553 
1 SEND 2900 1449450566553 
1 SEND 2900 1449450566553 
1 SEND 2900 1449450566553 
1 SEND 2900 1449450566553 
1 SEND 2900 1449450566555 
1 SEND 2900 1449450566555 
1 SEND 2900 1449450566555 
1 SEND 2900 1449450566555 
1 SEND 3000 1449450566558 
1 SEND 3000 1449450566558 
1 SEND 3000 1449450566559 
1 SEND 3000 1449450566559 
1 SEND 3000 1449450566560 
1 SEND 3000 1449450566560 
1 SEND 3000 1449450566561 
1 SEND 3000 1449450566561 
1 SEND 3000 1449450566574 
1 SEND 3100 1449450567162 
1 SEND 3100 1449450567162 
1 SEND 3100 1449450567162 
1 SEND 3100 1449450567163 
1 SEND 3100 1449450567164 
1 SEND 3100 1449450567164 
1 SEND 3100 1449450567164 
1 SEND 3100 1449450567165 
1 SEND 3100 1449450567166 
1 SEND 3100 1449450567168 
1 SEND 3200 1449450626239 
1 SEND 3200 1449450626239 
1 SEND 3200 1449450626240 
1 SEND 3200 1449450626240 
1 SEND 3200 1449450626242 
1 SEND 3200 1449450626448 
1 SEND 3200 1449450626448 
1 SEND 3200 1449450626448 
1 SEND 3200 1449450626494 
1 SEND 3200 1449450626495 
1 SEND 3300 1449450626729 
1 SEND 3300 1449450626729 
1 SEND 3300 1449450626729 
1 SEND 3300 1449450626729 
1 SEND 3300 1449450626731 
1 SEND 3400 1449450626735 
1 SEND 3300 1449450626737 
1 SEND 3300 1449450626737 
1 SEND 3300 1449450626737 
1 SEND 3400 1449450626738 
1 SEND 3400 1449450626738 
1 SEND 3400 1449450626738 
1 SEND 3400 1449450626738 
1 SEND 3300 1449450626738 
1 SEND 3400 1449450626738 
1 SEND 3400 1449450626738 
1 SEND 3400 1449450626738 
1 SEND 3400 1449450626740 
1 SEND 3300 1449450626754 
1 SEND 3400 1449450626756 
1 SEND 3500 1449450627447 
1 SEND 3500 1449450627447 
1 SEND 3500 1449450627447 
1 SEND 3500 1449450627447 
1 SEND 3500 1449450627449 
1 SEND 3500 1449450627449 
1 SEND 3500 1449450627449 
1 SEND 3500 1449450627449 
1 SEND 3500 1449450627449 
1 SEND 3500 1449450627450 
1 SEND 3600 1449450686390 
1 SEND 3600 1449450686390 
1 SEND 3600 1449450686395 
1 SEND 3600 1449450686395 
1 SEND 3600 1449450686506 
1 SEND 3600 1449450686506 
1 SEND 3600 1449450686506 
1 SEND 3600 1449450686507 
1 SEND 3600 1449450686507 
1 SEND 3600 1449450686507 
1 SEND 3700 1449450686829 
1 SEND 3700 1449450686829 
1 SEND 3700 1449450686829 
1 SEND 3700 1449450686829 
1 SEND 3700 1449450686832 
1 SEND 3800 1449450686832 
1 SEND 3800 1449450686832 
1 SEND 3800 1449450686834 
1 SEND 3800 1449450686834 
1 SEND 3800 1449450686834 
1 SEND 3700 1449450686834 
1 SEND 3800 1449450686834 
1 SEND 3800 1449450686834 
1 SEND 3700 1449450686834 
1 SEND 3700 1449450686834 
1 SEND 3700 1449450686834 
1 SEND 3800 1449450686835 
1 SEND 3800 1449450686835 
1 SEND 3700 1449450686836 
1 SEND 3800 1449450686839 
1 SEND 3900 1449450687460 
1 SEND 3900 1449450687460 
1 SEND 3900 1449450687460 
1 SEND 3900 1449450687460 
1 SEND 3900 1449450687461 
1 SEND 3900 1449450687461 
1 SEND 3900 1449450687462 
1 SEND 3900 1449450687462 
1 SEND 3900 1449450687462 
1 SEND 3900 1449450687463 
1 SEND 4000 1449450746544 
1 SEND 4000 1449450746544 
1 SEND 4000 1449450746545 
1 SEND 4000 1449450746545 
1 SEND 4000 1449450746657 
1 SEND 4000 1449450746657 
1 SEND 4000 1449450746704 
1 SEND 4000 1449450746752 
1 SEND 4000 1449450746754 
1 SEND 4000 1449450746756 
1 SEND 4100 1449450746962 
1 SEND 4100 1449450746962 
1 SEND 4100 1449450746964 
1 SEND 4100 1449450746964 
1 SEND 4100 1449450746980 
1 SEND 4100 1449450746980 
1 SEND 4100 1449450746980 
1 SEND 4100 1449450746980 
1 SEND 4200 1449450746980 
1 SEND 4100 1449450746980 
1 SEND 4200 1449450746980 
1 SEND 4200 1449450746980 
1 SEND 4200 1449450746980 
1 SEND 4100 1449450746980 
1 SEND 4200 1449450746982 
1 SEND 4200 1449450746984 
1 SEND 4200 1449450746984 
1 SEND 4200 1449450746984 
1 SEND 4200 1449450746984 
1 SEND 4200 1449450746984 
1 SEND 4300 1449450747588 
1 SEND 4300 1449450747589 
1 SEND 4300 1449450747590 
1 SEND 4300 1449450747590 
1 SEND 4300 1449450747590 
1 SEND 4300 1449450747590 
1 SEND 4300 1449450747592 
1 SEND 4300 1449450747592 
1 SEND 4300 1449450747592 
1 SEND 4300 1449450747594 
