11 RECEIVE 100 1449450153729 
11 RECEIVE 200 1449450167650 
11 RECEIVE 300 1449450183295 
11 RECEIVE 0 1449450201128 
11 RECEIVE 500 1449450219526 
11 RECEIVE 600 1449450233162 
11 RECEIVE 700 1449450249432 
11 RECEIVE 400 1449450262716 
11 RECEIVE 900 1449450280101 
11 RECEIVE 1000 1449450294676 
11 RECEIVE 1100 1449450311747 
11 RECEIVE 800 1449450321140 
11 RECEIVE 1300 1449450338263 
11 RECEIVE 1400 1449450352198 
11 RECEIVE 1500 1449450369633 
11 RECEIVE 1200 1449450383106 
11 RECEIVE 1700 1449450398095 
11 RECEIVE 1800 1449450411467 
11 RECEIVE 1900 1449450427888 
11 RECEIVE 1600 1449450442568 
11 RECEIVE 2100 1449450458565 
11 RECEIVE 2200 1449450471593 
11 RECEIVE 2300 1449450487572 
11 RECEIVE 2000 1449450502526 
11 RECEIVE 2500 1449450518265 
11 RECEIVE 2600 1449450531726 
11 RECEIVE 2700 1449450547961 
11 RECEIVE 2400 1449450562449 
11 RECEIVE 2900 1449450578388 
11 RECEIVE 3000 1449450592620 
11 RECEIVE 3100 1449450609168 
11 RECEIVE 2800 1449450623759 
11 RECEIVE 3300 1449450639735 
11 RECEIVE 3400 1449450653265 
11 RECEIVE 3500 1449450670100 
11 RECEIVE 3200 1449450679942 
11 RECEIVE 3700 1449450698888 
11 RECEIVE 3800 1449450712097 
11 RECEIVE 3900 1449450728925 
11 RECEIVE 3600 1449450743174 
11 RECEIVE 4100 1449450757620 
11 RECEIVE 4200 1449450772716 
11 RECEIVE 4300 1449450790167 
11 RECEIVE 4000 1449450804434 
