10 RECEIVE 100 1449450152469 
10 RECEIVE 200 1449450171425 
10 RECEIVE 300 1449450183111 
10 RECEIVE 0 1449450200779 
10 RECEIVE 500 1449450218392 
10 RECEIVE 600 1449450233045 
10 RECEIVE 700 1449450248896 
10 RECEIVE 400 1449450262970 
10 RECEIVE 900 1449450280196 
10 RECEIVE 1000 1449450294519 
10 RECEIVE 1100 1449450313193 
10 RECEIVE 800 1449450320898 
10 RECEIVE 1300 1449450338605 
10 RECEIVE 1400 1449450339163 
10 RECEIVE 1500 1449450369509 
10 RECEIVE 1200 1449450382844 
10 RECEIVE 1700 1449450396239 
10 RECEIVE 1800 1449450411633 
10 RECEIVE 1900 1449450427927 
10 RECEIVE 1600 1449450440670 
10 RECEIVE 2100 1449450457604 
10 RECEIVE 2200 1449450471632 
10 RECEIVE 2300 1449450487640 
10 RECEIVE 2000 1449450502746 
10 RECEIVE 2500 1449450518969 
10 RECEIVE 2600 1449450532105 
10 RECEIVE 2700 1449450548000 
10 RECEIVE 2400 1449450561819 
10 RECEIVE 2900 1449450578276 
10 RECEIVE 3000 1449450592317 
10 RECEIVE 3100 1449450609312 
10 RECEIVE 2800 1449450621318 
10 RECEIVE 3300 1449450638657 
10 RECEIVE 3400 1449450653246 
10 RECEIVE 3500 1449450670022 
10 RECEIVE 3200 1449450683340 
10 RECEIVE 3700 1449450698688 
10 RECEIVE 3800 1449450711550 
10 RECEIVE 3900 1449450728243 
10 RECEIVE 3600 1449450743184 
10 RECEIVE 4100 1449450757968 
10 RECEIVE 4200 1449450772551 
10 RECEIVE 4300 1449450790118 
10 RECEIVE 4000 1449450798970 
