2 RECEIVE 100 1449450155334 
2 RECEIVE 200 1449450169949 
2 RECEIVE 300 1449450182439 
2 RECEIVE 0 1449450201070 
2 RECEIVE 500 1449450217060 
2 RECEIVE 600 1449450232322 
2 RECEIVE 700 1449450249882 
2 RECEIVE 400 1449450254504 
2 RECEIVE 900 1449450277721 
2 RECEIVE 1000 1449450294041 
2 RECEIVE 1100 1449450311401 
2 RECEIVE 800 1449450321857 
2 RECEIVE 1300 1449450336112 
2 RECEIVE 1400 1449450351709 
2 RECEIVE 1500 1449450368722 
2 RECEIVE 1200 1449450380533 
2 RECEIVE 1700 1449450395140 
2 RECEIVE 1800 1449450410744 
2 RECEIVE 1900 1449450427659 
2 RECEIVE 1600 1449450438828 
2 RECEIVE 2100 1449450455992 
2 RECEIVE 2200 1449450470790 
2 RECEIVE 2300 1449450487111 
2 RECEIVE 2000 1449450500025 
2 RECEIVE 2500 1449450516124 
2 RECEIVE 2600 1449450531900 
2 RECEIVE 2700 1449450547530 
2 RECEIVE 2400 1449450562900 
2 RECEIVE 2900 1449450577266 
2 RECEIVE 3000 1449450592112 
2 RECEIVE 3100 1449450608633 
2 RECEIVE 2800 1449450622714 
2 RECEIVE 3300 1449450637364 
2 RECEIVE 3400 1449450653198 
2 RECEIVE 3500 1449450669428 
2 RECEIVE 3200 1449450683952 
2 RECEIVE 3700 1449450696218 
2 RECEIVE 3800 1449450711278 
2 RECEIVE 3900 1449450729126 
2 RECEIVE 3600 1449450739354 
2 RECEIVE 4100 1449450756811 
2 RECEIVE 4200 1449450772208 
2 RECEIVE 4300 1449450791010 
2 RECEIVE 4000 1449450800395 
