8 RECEIVE 100 1449450157304 
8 RECEIVE 200 1449450160437 
8 RECEIVE 300 1449450180614 
8 RECEIVE 0 1449450198442 
8 RECEIVE 500 1449450218199 
8 RECEIVE 600 1449450232996 
8 RECEIVE 700 1449450249844 
8 RECEIVE 400 1449450260972 
8 RECEIVE 900 1449450279378 
8 RECEIVE 1000 1449450294714 
8 RECEIVE 1100 1449450311947 
8 RECEIVE 800 1449450319589 
8 RECEIVE 1300 1449450336949 
8 RECEIVE 1400 1449450352090 
8 RECEIVE 1500 1449450368916 
8 RECEIVE 1200 1449450382562 
8 RECEIVE 1700 1449450396334 
8 RECEIVE 1800 1449450411135 
8 RECEIVE 1900 1449450428503 
8 RECEIVE 1600 1449450439497 
8 RECEIVE 2100 1449450457531 
8 RECEIVE 2200 1449450471454 
8 RECEIVE 2300 1449450488158 
8 RECEIVE 2000 1449450502487 
8 RECEIVE 2500 1449450518105 
8 RECEIVE 2600 1449450531470 
8 RECEIVE 2700 1449450548772 
8 RECEIVE 2400 1449450559957 
8 RECEIVE 2900 1449450578342 
8 RECEIVE 3000 1449450593170 
8 RECEIVE 3100 1449450609821 
8 RECEIVE 2800 1449450617540 
8 RECEIVE 3300 1449450640174 
8 RECEIVE 3400 1449450653997 
8 RECEIVE 3500 1449450670760 
8 RECEIVE 3200 1449450678827 
8 RECEIVE 3700 1449450697815 
8 RECEIVE 3800 1449450711763 
8 RECEIVE 3900 1449450731164 
8 RECEIVE 3600 1449450742592 
8 RECEIVE 4100 1449450758235 
8 RECEIVE 4200 1449450772833 
8 RECEIVE 4300 1449450790398 
8 RECEIVE 4000 1449450803500 
