9 RECEIVE 100 1449450156555 
9 RECEIVE 200 1449450169023 
9 RECEIVE 300 1449450179673 
9 RECEIVE 0 1449450203024 
9 RECEIVE 500 1449450217606 
9 RECEIVE 600 1449450233240 
9 RECEIVE 700 1449450249210 
9 RECEIVE 400 1449450260488 
9 RECEIVE 900 1449450279911 
9 RECEIVE 1000 1449450294695 
9 RECEIVE 1100 1449450311986 
9 RECEIVE 800 1449450321586 
9 RECEIVE 1300 1449450338454 
9 RECEIVE 1400 1449450352570 
9 RECEIVE 1500 1449450369835 
9 RECEIVE 1200 1449450380833 
9 RECEIVE 1700 1449450397639 
9 RECEIVE 1800 1449450411106 
9 RECEIVE 1900 1449450428494 
9 RECEIVE 1600 1449450443102 
9 RECEIVE 2100 1449450458201 
9 RECEIVE 2200 1449450471366 
9 RECEIVE 2300 1449450487910 
9 RECEIVE 2000 1449450502853 
9 RECEIVE 2500 1449450518996 
9 RECEIVE 2600 1449450532517 
9 RECEIVE 2700 1449450548223 
9 RECEIVE 2400 1449450557086 
9 RECEIVE 2900 1449450576845 
9 RECEIVE 3000 1449450592971 
9 RECEIVE 3100 1449450611186 
9 RECEIVE 2800 1449450623245 
9 RECEIVE 3300 1449450639254 
9 RECEIVE 3400 1449450653440 
9 RECEIVE 3500 1449450672184 
9 RECEIVE 3200 1449450683699 
9 RECEIVE 3700 1449450698835 
9 RECEIVE 3800 1449450712285 
9 RECEIVE 3900 1449450728696 
9 RECEIVE 3600 1449450742030 
9 RECEIVE 4100 1449450759723 
9 RECEIVE 4200 1449450772978 
9 RECEIVE 4300 1449450789908 
9 RECEIVE 4000 1449450799746 
