3 RECEIVE 100 1449450153094 
3 RECEIVE 200 1449450168059 
3 RECEIVE 300 1449450182401 
3 RECEIVE 0 1449450200915 
3 RECEIVE 500 1449450216585 
3 RECEIVE 600 1449450232341 
3 RECEIVE 700 1449450249785 
3 RECEIVE 400 1449450261205 
3 RECEIVE 900 1449450277877 
3 RECEIVE 1000 1449450295109 
3 RECEIVE 1100 1449450310988 
3 RECEIVE 800 1449450320161 
3 RECEIVE 1300 1449450336284 
3 RECEIVE 1400 1449450351651 
3 RECEIVE 1500 1449450368684 
3 RECEIVE 1200 1449450380173 
3 RECEIVE 1700 1449450395273 
3 RECEIVE 1800 1449450410686 
3 RECEIVE 1900 1449450427552 
3 RECEIVE 1600 1449450442821 
3 RECEIVE 2100 1449450455292 
3 RECEIVE 2200 1449450471908 
3 RECEIVE 2300 1449450488642 
3 RECEIVE 2000 1449450493400 
3 RECEIVE 2500 1449450516078 
3 RECEIVE 2600 1449450531929 
3 RECEIVE 2700 1449450556409 
3 RECEIVE 2400 1449450562890 
3 RECEIVE 2900 1449450576680 
3 RECEIVE 3000 1449450592678 
3 RECEIVE 3100 1449450611611 
3 RECEIVE 2800 1449450619944 
3 RECEIVE 3300 1449450637403 
3 RECEIVE 3400 1449450652983 
3 RECEIVE 3500 1449450672619 
3 RECEIVE 3200 1449450679137 
3 RECEIVE 3700 1449450695868 
3 RECEIVE 3800 1449450711317 
3 RECEIVE 3900 1449450728078 
3 RECEIVE 3600 1449450743961 
3 RECEIVE 4100 1449450756886 
3 RECEIVE 4200 1449450772150 
3 RECEIVE 4300 1449450789492 
3 RECEIVE 4000 1449450803364 
