6 RECEIVE 100 1449450154536 
6 RECEIVE 200 1449450168691 
6 RECEIVE 300 1449450181946 
6 RECEIVE 0 1449450201099 
6 RECEIVE 500 1449450218251 
6 RECEIVE 600 1449450232871 
6 RECEIVE 700 1449450249354 
6 RECEIVE 400 1449450259227 
6 RECEIVE 900 1449450277926 
6 RECEIVE 1000 1449450294306 
6 RECEIVE 1100 1449450311537 
6 RECEIVE 800 1449450320646 
6 RECEIVE 1300 1449450338588 
6 RECEIVE 1400 1449450352248 
6 RECEIVE 1500 1449450368877 
6 RECEIVE 1200 1449450380455 
6 RECEIVE 1700 1449450395510 
6 RECEIVE 1800 1449450411077 
6 RECEIVE 1900 1449450427678 
6 RECEIVE 1600 1449450443248 
6 RECEIVE 2100 1449450457453 
6 RECEIVE 2200 1449450471279 
6 RECEIVE 2300 1449450487265 
6 RECEIVE 2000 1449450502649 
6 RECEIVE 2500 1449450518360 
6 RECEIVE 2600 1449450532036 
6 RECEIVE 2700 1449450547817 
6 RECEIVE 2400 1449450562541 
6 RECEIVE 2900 1449450578048 
6 RECEIVE 3000 1449450592922 
6 RECEIVE 3100 1449450608853 
6 RECEIVE 2800 1449450623468 
6 RECEIVE 3300 1449450637535 
6 RECEIVE 3400 1449450653498 
6 RECEIVE 3500 1449450669983 
6 RECEIVE 3200 1449450683369 
6 RECEIVE 3700 1449450698005 
6 RECEIVE 3800 1449450711657 
6 RECEIVE 3900 1449450728369 
6 RECEIVE 3600 1449450741982 
6 RECEIVE 4100 1449450758657 
6 RECEIVE 4200 1449450772920 
6 RECEIVE 4300 1449450789580 
6 RECEIVE 4000 1449450803968 
