4 RECEIVE 100 1449450157329 
4 RECEIVE 200 1449450161106 
4 RECEIVE 300 1449450181700 
4 RECEIVE 0 1449450199809 
4 RECEIVE 500 1449450218216 
4 RECEIVE 600 1449450232458 
4 RECEIVE 700 1449450249022 
4 RECEIVE 400 1449450261156 
4 RECEIVE 900 1449450278039 
4 RECEIVE 1000 1449450294159 
4 RECEIVE 1100 1449450311075 
4 RECEIVE 800 1449450319938 
4 RECEIVE 1300 1449450336066 
4 RECEIVE 1400 1449450351964 
4 RECEIVE 1500 1449450369691 
4 RECEIVE 1200 1449450376645 
4 RECEIVE 1700 1449450395338 
4 RECEIVE 1800 1449450410871 
4 RECEIVE 1900 1449450427361 
4 RECEIVE 1600 1449450439274 
4 RECEIVE 2100 1449450455914 
4 RECEIVE 2200 1449450471111 
4 RECEIVE 2300 1449450486958 
4 RECEIVE 2000 1449450498572 
4 RECEIVE 2500 1449450518180 
4 RECEIVE 2600 1449450531579 
4 RECEIVE 2700 1449450547664 
4 RECEIVE 2400 1449450562488 
4 RECEIVE 2900 1449450577091 
4 RECEIVE 3000 1449450592395 
4 RECEIVE 3100 1449450609456 
4 RECEIVE 2800 1449450617133 
4 RECEIVE 3300 1449450637132 
4 RECEIVE 3400 1449450653362 
4 RECEIVE 3500 1449450670061 
4 RECEIVE 3200 1449450677155 
4 RECEIVE 3700 1449450696172 
4 RECEIVE 3800 1449450711960 
4 RECEIVE 3900 1449450728137 
4 RECEIVE 3600 1449450743446 
4 RECEIVE 4100 1449450756523 
4 RECEIVE 4200 1449450772295 
4 RECEIVE 4300 1449450789339 
4 RECEIVE 4000 1449450803735 
