7 RECEIVE 100 1449450153147 
7 RECEIVE 200 1449450168778 
7 RECEIVE 300 1449450181406 
7 RECEIVE 0 1449450200439 
7 RECEIVE 500 1449450218765 
7 RECEIVE 600 1449450232832 
7 RECEIVE 700 1449450249393 
7 RECEIVE 400 1449450259799 
7 RECEIVE 900 1449450280313 
7 RECEIVE 1000 1449450294598 
7 RECEIVE 1100 1449450311190 
7 RECEIVE 800 1449450323221 
7 RECEIVE 1300 1449450338622 
7 RECEIVE 1400 1449450352277 
7 RECEIVE 1500 1449450369128 
7 RECEIVE 1200 1449450381622 
7 RECEIVE 1700 1449450396448 
7 RECEIVE 1800 1449450411409 
7 RECEIVE 1900 1449450429644 
7 RECEIVE 1600 1449450443131 
7 RECEIVE 2100 1449450458456 
7 RECEIVE 2200 1449450471082 
7 RECEIVE 2300 1449450489447 
7 RECEIVE 2000 1449450502727 
7 RECEIVE 2500 1449450519087 
7 RECEIVE 2600 1449450532291 
7 RECEIVE 2700 1449450549664 
7 RECEIVE 2400 1449450562948 
7 RECEIVE 2900 1449450577653 
7 RECEIVE 3000 1449450592755 
7 RECEIVE 3100 1449450609658 
7 RECEIVE 2800 1449450624178 
7 RECEIVE 3300 1449450639239 
7 RECEIVE 3400 1449450653626 
7 RECEIVE 3500 1449450670607 
7 RECEIVE 3200 1449450684195 
7 RECEIVE 3700 1449450698764 
7 RECEIVE 3800 1449450711715 
7 RECEIVE 3900 1449450728657 
7 RECEIVE 3600 1449450743087 
7 RECEIVE 4100 1449450758310 
7 RECEIVE 4200 1449450773136 
7 RECEIVE 4300 1449450791746 
7 RECEIVE 4000 1449450804201 
