Awaiting simulation instructions...

Awaiting simulation instructions...

Awaiting simulation instructions...

8 RECEIVE 100 1449460194530 

[Reducer6]: Got 89512 bytes.
8 RECEIVE 0 1449460225159 

[Reducer6]: Got 957288 bytes.
Awaiting simulation instructions...

Awaiting simulation instructions...

8 RECEIVE 300 1449460239708 

[Reducer6]: Got 91136 bytes.
[Reducer6]: Got 959336 bytes.
8 RECEIVE 200 1449460266486 

Awaiting simulation instructions...

Awaiting simulation instructions...

8 RECEIVE 500 1449460281355 

[Reducer6]: Got 91136 bytes.
8 RECEIVE 400 1449460302243 

[Reducer6]: Got 958648 bytes.
Awaiting simulation instructions...

Awaiting simulation instructions...

8 RECEIVE 700 1449460320667 

[Reducer6]: Got 91560 bytes.
8 RECEIVE 600 1449460346316 

[Reducer6]: Got 958152 bytes.
Awaiting simulation instructions...

Awaiting simulation instructions...

8 RECEIVE 900 1449460361552 

[Reducer6]: Got 91560 bytes.
8 RECEIVE 800 1449460387282 

[Reducer6]: Got 958488 bytes.
Awaiting simulation instructions...

Awaiting simulation instructions...

8 RECEIVE 1100 1449460400654 

[Reducer6]: Got 91560 bytes.
8 RECEIVE 1000 1449460427738 

[Reducer6]: Got 958488 bytes.
Awaiting simulation instructions...

Awaiting simulation instructions...

8 RECEIVE 1300 1449460441592 

[Reducer6]: Got 91560 bytes.
8 RECEIVE 1200 1449460463796 

[Reducer6]: Got 958552 bytes.
Awaiting simulation instructions...

Awaiting simulation instructions...

8 RECEIVE 1500 1449460482374 

[Reducer6]: Got 91560 bytes.
8 RECEIVE 1400 1449460507514 

[Reducer6]: Got 958488 bytes.
Awaiting simulation instructions...

Awaiting simulation instructions...

8 RECEIVE 1700 1449460520759 

[Reducer6]: Got 91560 bytes.
8 RECEIVE 1600 1449460544801 

[Reducer6]: Got 958488 bytes.
Awaiting simulation instructions...

Awaiting simulation instructions...

8 RECEIVE 1900 1449460561575 

[Reducer6]: Got 91136 bytes.
8 RECEIVE 1800 1449460586822 

[Reducer6]: Got 957304 bytes.
Awaiting simulation instructions...

Awaiting simulation instructions...

8 RECEIVE 2100 1449460600673 

[Reducer6]: Got 91560 bytes.
8 RECEIVE 2000 1449460621211 

[Reducer6]: Got 958552 bytes.
Slave finished all tasks and exited.
logger exit
