Awaiting simulation instructions...

Awaiting simulation instructions...

Awaiting simulation instructions...

10 RECEIVE 100 1449460195768 

[Reducer8]: Got 90376 bytes.
10 RECEIVE 0 1449460227333 

[Reducer8]: Got 958328 bytes.
Awaiting simulation instructions...

Awaiting simulation instructions...

10 RECEIVE 300 1449460239801 

[Reducer8]: Got 91136 bytes.
10 RECEIVE 200 1449460265623 

[Reducer8]: Got 958608 bytes.
Awaiting simulation instructions...

Awaiting simulation instructions...

10 RECEIVE 500 1449460281475 

[Reducer8]: Got 91136 bytes.
10 RECEIVE 400 1449460304162 

[Reducer8]: Got 959576 bytes.
Awaiting simulation instructions...

Awaiting simulation instructions...

10 RECEIVE 700 1449460320504 

[Reducer8]: Got 91560 bytes.
10 RECEIVE 600 1449460347092 

[Reducer8]: Got 958152 bytes.
Awaiting simulation instructions...

Awaiting simulation instructions...

10 RECEIVE 900 1449460360391 

[Reducer8]: Got 91560 bytes.
10 RECEIVE 800 1449460386477 

[Reducer8]: Got 958488 bytes.
Awaiting simulation instructions...

Awaiting simulation instructions...

10 RECEIVE 1100 1449460400579 

[Reducer8]: Got 91136 bytes.
10 RECEIVE 1000 1449460427554 

[Reducer8]: Got 958488 bytes.
Awaiting simulation instructions...

Awaiting simulation instructions...

10 RECEIVE 1300 1449460442710 

[Reducer8]: Got 91136 bytes.
10 RECEIVE 1200 1449460467899 

[Reducer8]: Got 958488 bytes.
Awaiting simulation instructions...

Awaiting simulation instructions...

10 RECEIVE 1500 1449460482136 

[Reducer8]: Got 91560 bytes.
10 RECEIVE 1400 1449460503699 

[Reducer8]: Got 959672 bytes.
Awaiting simulation instructions...

Awaiting simulation instructions...

10 RECEIVE 1700 1449460520825 

[Reducer8]: Got 91560 bytes.
10 RECEIVE 1600 1449460547370 

[Reducer8]: Got 958312 bytes.
Awaiting simulation instructions...

Awaiting simulation instructions...

10 RECEIVE 1900 1449460561461 

[Reducer8]: Got 91560 bytes.
10 RECEIVE 1800 1449460587929 

[Reducer8]: Got 958488 bytes.
Awaiting simulation instructions...

Awaiting simulation instructions...

10 RECEIVE 2100 1449460599769 

[Reducer8]: Got 91560 bytes.
10 RECEIVE 2000 1449460627849 

[Reducer8]: Got 958488 bytes.
Slave finished all tasks and exited.
logger exit
