Awaiting simulation instructions...

Awaiting simulation instructions...

Awaiting simulation instructions...

5 RECEIVE 100 1449460194622 

[Reducer3]: Got 89512 bytes.
5 RECEIVE 0 1449460226284 

[Reducer3]: Got 959176 bytes.
Awaiting simulation instructions...

Awaiting simulation instructions...

5 RECEIVE 300 1449460239652 

[Reducer3]: Got 91560 bytes.
5 RECEIVE 200 1449460265943 

[Reducer3]: Got 957288 bytes.
Awaiting simulation instructions...

Awaiting simulation instructions...

5 RECEIVE 500 1449460281657 

[Reducer3]: Got 91136 bytes.
5 RECEIVE 400 1449460303754 

[Reducer3]: Got 959672 bytes.
Awaiting simulation instructions...

Awaiting simulation instructions...

5 RECEIVE 700 1449460321235 

[Reducer3]: Got 91560 bytes.
5 RECEIVE 600 1449460341883 

[Reducer3]: Got 956424 bytes.
Awaiting simulation instructions...

Awaiting simulation instructions...

5 RECEIVE 900 1449460360248 

[Reducer3]: Got 91560 bytes.
5 RECEIVE 800 1449460382110 

[Reducer3]: Got 959672 bytes.
Awaiting simulation instructions...

Awaiting simulation instructions...

5 RECEIVE 1100 1449460399400 

[Reducer3]: Got 91560 bytes.
5 RECEIVE 1000 1449460425513 

[Reducer3]: Got 957304 bytes.
Awaiting simulation instructions...

Awaiting simulation instructions...

5 RECEIVE 1300 1449460441859 

[Reducer3]: Got 91560 bytes.
5 RECEIVE 1200 1449460466384 

[Reducer3]: Got 957304 bytes.
Awaiting simulation instructions...

Awaiting simulation instructions...

5 RECEIVE 1500 1449460481195 

[Reducer3]: Got 91136 bytes.
5 RECEIVE 1400 1449460503262 

[Reducer3]: Got 959672 bytes.
Awaiting simulation instructions...

Awaiting simulation instructions...

5 RECEIVE 1700 1449460520939 

[Reducer3]: Got 91560 bytes.
5 RECEIVE 1600 1449460544501 

[Reducer3]: Got 958488 bytes.
Awaiting simulation instructions...

Awaiting simulation instructions...

5 RECEIVE 1900 1449460561097 

[Reducer3]: Got 91560 bytes.
5 RECEIVE 1800 1449460585485 

[Reducer3]: Got 958488 bytes.
Awaiting simulation instructions...

Awaiting simulation instructions...

5 RECEIVE 2100 1449460599834 

[Reducer3]: Got 91560 bytes.
5 RECEIVE 2000 1449460626908 

[Reducer3]: Got 958312 bytes.
Slave finished all tasks and exited.
logger exit
