9 RECEIVE 100 1449460194412 
9 RECEIVE 0 1449460225944 
9 RECEIVE 300 1449460239754 
9 RECEIVE 200 1449460266147 
9 RECEIVE 500 1449460281373 
9 RECEIVE 400 1449460307270 
9 RECEIVE 700 1449460320771 
9 RECEIVE 600 1449460347721 
9 RECEIVE 900 1449460360958 
9 RECEIVE 800 1449460387408 
9 RECEIVE 1100 1449460400903 
9 RECEIVE 1000 1449460424446 
9 RECEIVE 1300 1449460442138 
9 RECEIVE 1200 1449460467378 
9 RECEIVE 1500 1449460481590 
9 RECEIVE 1400 1449460506835 
9 RECEIVE 1700 1449460521194 
9 RECEIVE 1600 1449460547686 
9 RECEIVE 1900 1449460561621 
9 RECEIVE 1800 1449460586502 
9 RECEIVE 2100 1449460600930 
9 RECEIVE 2000 1449460621551 
