8 RECEIVE 100 1449460194530 
8 RECEIVE 0 1449460225159 
8 RECEIVE 300 1449460239708 
8 RECEIVE 200 1449460266486 
8 RECEIVE 500 1449460281355 
8 RECEIVE 400 1449460302243 
8 RECEIVE 700 1449460320667 
8 RECEIVE 600 1449460346316 
8 RECEIVE 900 1449460361552 
8 RECEIVE 800 1449460387282 
8 RECEIVE 1100 1449460400654 
8 RECEIVE 1000 1449460427738 
8 RECEIVE 1300 1449460441592 
8 RECEIVE 1200 1449460463796 
8 RECEIVE 1500 1449460482374 
8 RECEIVE 1400 1449460507514 
8 RECEIVE 1700 1449460520759 
8 RECEIVE 1600 1449460544801 
8 RECEIVE 1900 1449460561575 
8 RECEIVE 1800 1449460586822 
8 RECEIVE 2100 1449460600673 
8 RECEIVE 2000 1449460621211 
