11 RECEIVE 100 1449460197053 
11 RECEIVE 0 1449460224994 
11 RECEIVE 300 1449460239321 
11 RECEIVE 200 1449460262627 
11 RECEIVE 500 1449460281419 
11 RECEIVE 400 1449460303842 
11 RECEIVE 700 1449460321218 
11 RECEIVE 600 1449460346995 
11 RECEIVE 900 1449460361752 
11 RECEIVE 800 1449460386322 
11 RECEIVE 1100 1449460400921 
11 RECEIVE 1000 1449460426871 
11 RECEIVE 1300 1449460442465 
11 RECEIVE 1200 1449460467860 
11 RECEIVE 1500 1449460482318 
11 RECEIVE 1400 1449460503796 
11 RECEIVE 1700 1449460521118 
11 RECEIVE 1600 1449460545082 
11 RECEIVE 1900 1449460561696 
11 RECEIVE 1800 1449460588418 
11 RECEIVE 2100 1449460601144 
11 RECEIVE 2000 1449460627539 
