7 RECEIVE 100 1449460194656 
7 RECEIVE 0 1449460225750 
7 RECEIVE 300 1449460239414 
7 RECEIVE 200 1449460267265 
7 RECEIVE 500 1449460281261 
7 RECEIVE 400 1449460307645 
7 RECEIVE 700 1449460321201 
7 RECEIVE 600 1449460345414 
7 RECEIVE 900 1449460361778 
7 RECEIVE 800 1449460387030 
7 RECEIVE 1100 1449460400120 
7 RECEIVE 1000 1449460427428 
7 RECEIVE 1300 1449460442589 
7 RECEIVE 1200 1449460464388 
7 RECEIVE 1500 1449460481860 
7 RECEIVE 1400 1449460508210 
7 RECEIVE 1700 1449460520985 
7 RECEIVE 1600 1449460547996 
7 RECEIVE 1900 1449460560634 
7 RECEIVE 1800 1449460584835 
7 RECEIVE 2100 1449460601015 
7 RECEIVE 2000 1449460628488 
