2 RECEIVE 100 1449460195036 
2 RECEIVE 0 1449460225605 
2 RECEIVE 300 1449460239190 
2 RECEIVE 200 1449460264459 
2 RECEIVE 500 1449460280347 
2 RECEIVE 400 1449460305520 
2 RECEIVE 700 1449460319627 
2 RECEIVE 600 1449460344988 
2 RECEIVE 900 1449460361715 
2 RECEIVE 800 1449460381412 
2 RECEIVE 1100 1449460400035 
2 RECEIVE 1000 1449460420364 
2 RECEIVE 1300 1449460442737 
2 RECEIVE 1200 1449460462709 
2 RECEIVE 1500 1449460480909 
2 RECEIVE 1400 1449460505722 
2 RECEIVE 1700 1449460519804 
2 RECEIVE 1600 1449460540737 
2 RECEIVE 1900 1449460561191 
2 RECEIVE 1800 1449460581382 
2 RECEIVE 2100 1449460600768 
2 RECEIVE 2000 1449460624313 
