3 RECEIVE 100 1449460196204 
3 RECEIVE 0 1449460225120 
3 RECEIVE 300 1449460239304 
3 RECEIVE 200 1449460265332 
3 RECEIVE 500 1449460280364 
3 RECEIVE 400 1449460302195 
3 RECEIVE 700 1449460319770 
3 RECEIVE 600 1449460345608 
3 RECEIVE 900 1449460361390 
3 RECEIVE 800 1449460382517 
3 RECEIVE 1100 1449460400350 
3 RECEIVE 1000 1449460424127 
3 RECEIVE 1300 1449460442654 
3 RECEIVE 1200 1449460463128 
3 RECEIVE 1500 1449460482527 
3 RECEIVE 1400 1449460502622 
3 RECEIVE 1700 1449460519719 
3 RECEIVE 1600 1449460545296 
3 RECEIVE 1900 1449460560491 
3 RECEIVE 1800 1449460586105 
3 RECEIVE 2100 1449460601032 
3 RECEIVE 2000 1449460624023 
