10 RECEIVE 100 1449460195768 
10 RECEIVE 0 1449460227333 
10 RECEIVE 300 1449460239801 
10 RECEIVE 200 1449460265623 
10 RECEIVE 500 1449460281475 
10 RECEIVE 400 1449460304162 
10 RECEIVE 700 1449460320504 
10 RECEIVE 600 1449460347092 
10 RECEIVE 900 1449460360391 
10 RECEIVE 800 1449460386477 
10 RECEIVE 1100 1449460400579 
10 RECEIVE 1000 1449460427554 
10 RECEIVE 1300 1449460442710 
10 RECEIVE 1200 1449460467899 
10 RECEIVE 1500 1449460482136 
10 RECEIVE 1400 1449460503699 
10 RECEIVE 1700 1449460520825 
10 RECEIVE 1600 1449460547370 
10 RECEIVE 1900 1449460561461 
10 RECEIVE 1800 1449460587929 
10 RECEIVE 2100 1449460599769 
10 RECEIVE 2000 1449460627849 
