6 RECEIVE 100 1449460196039 
6 RECEIVE 0 1449460225043 
6 RECEIVE 300 1449460239451 
6 RECEIVE 200 1449460265778 
6 RECEIVE 500 1449460281118 
6 RECEIVE 400 1449460306929 
6 RECEIVE 700 1449460320817 
6 RECEIVE 600 1449460345482 
6 RECEIVE 900 1449460361101 
6 RECEIVE 800 1449460387243 
6 RECEIVE 1100 1449460400368 
6 RECEIVE 1000 1449460424747 
6 RECEIVE 1300 1449460441686 
6 RECEIVE 1200 1449460463476 
6 RECEIVE 1500 1449460481916 
6 RECEIVE 1400 1449460507890 
6 RECEIVE 1700 1449460520044 
6 RECEIVE 1600 1449460548278 
6 RECEIVE 1900 1449460560386 
6 RECEIVE 1800 1449460587132 
6 RECEIVE 2100 1449460601050 
6 RECEIVE 2000 1449460628169 
