4 RECEIVE 100 1449460194451 
4 RECEIVE 0 1449460226708 
4 RECEIVE 300 1449460239358 
4 RECEIVE 200 1449460265488 
4 RECEIVE 500 1449460279952 
4 RECEIVE 400 1449460305830 
4 RECEIVE 700 1449460321077 
4 RECEIVE 600 1449460341428 
4 RECEIVE 900 1449460360670 
4 RECEIVE 800 1449460381790 
4 RECEIVE 1100 1449460399465 
4 RECEIVE 1000 1449460425076 
4 RECEIVE 1300 1449460441100 
4 RECEIVE 1200 1449460463971 
4 RECEIVE 1500 1449460481013 
4 RECEIVE 1400 1449460502244 
4 RECEIVE 1700 1449460521279 
4 RECEIVE 1600 1449460544190 
4 RECEIVE 1900 1449460560049 
4 RECEIVE 1800 1449460585155 
4 RECEIVE 2100 1449460599851 
4 RECEIVE 2000 1449460627228 
