1 SEND 0 1449460189967 
1 SEND 100 1449460189972 
1 SEND 0 1449460189972 
1 SEND 0 1449460189972 
1 SEND 0 1449460189972 
1 SEND 0 1449460189976 
1 SEND 100 1449460189976 
1 SEND 0 1449460189976 
1 SEND 100 1449460189976 
1 SEND 100 1449460189976 
1 SEND 100 1449460189977 
1 SEND 100 1449460189977 
1 SEND 0 1449460189977 
1 SEND 100 1449460189982 
1 SEND 100 1449460189982 
1 SEND 0 1449460189982 
1 SEND 100 1449460189982 
1 SEND 0 1449460189982 
1 SEND 100 1449460189983 
1 SEND 0 1449460189983 
1 SEND 200 1449460230000 
1 SEND 200 1449460230000 
1 SEND 200 1449460230002 
1 SEND 200 1449460230002 
1 SEND 200 1449460230004 
1 SEND 200 1449460230004 
1 SEND 200 1449460230006 
1 SEND 200 1449460230015 
1 SEND 200 1449460230020 
1 SEND 200 1449460230036 
1 SEND 300 1449460231038 
1 SEND 300 1449460231038 
1 SEND 300 1449460231038 
1 SEND 300 1449460231039 
1 SEND 300 1449460231039 
1 SEND 300 1449460231040 
1 SEND 300 1449460231041 
1 SEND 300 1449460231043 
1 SEND 300 1449460231043 
1 SEND 300 1449460231044 
1 SEND 400 1449460270139 
1 SEND 400 1449460270139 
1 SEND 400 1449460270139 
1 SEND 400 1449460270139 
1 SEND 400 1449460270141 
1 SEND 400 1449460270141 
1 SEND 400 1449460270142 
1 SEND 400 1449460270143 
1 SEND 400 1449460270318 
1 SEND 400 1449460270454 
1 SEND 500 1449460271400 
1 SEND 500 1449460271402 
1 SEND 500 1449460271402 
1 SEND 500 1449460271417 
1 SEND 500 1449460271417 
1 SEND 500 1449460271417 
1 SEND 500 1449460271417 
1 SEND 500 1449460271417 
1 SEND 500 1449460271417 
1 SEND 500 1449460271434 
1 SEND 600 1449460310268 
1 SEND 600 1449460310268 
1 SEND 600 1449460310270 
1 SEND 600 1449460310270 
1 SEND 600 1449460310270 
1 SEND 600 1449460310271 
1 SEND 600 1449460310271 
1 SEND 600 1449460310272 
1 SEND 600 1449460310272 
1 SEND 600 1449460310604 
1 SEND 700 1449460311625 
1 SEND 700 1449460311625 
1 SEND 700 1449460311627 
1 SEND 700 1449460311627 
1 SEND 700 1449460311627 
1 SEND 700 1449460311628 
1 SEND 700 1449460311628 
1 SEND 700 1449460311628 
1 SEND 700 1449460311628 
1 SEND 700 1449460311630 
1 SEND 800 1449460350377 
1 SEND 800 1449460350380 
1 SEND 800 1449460350380 
1 SEND 800 1449460350381 
1 SEND 800 1449460350384 
1 SEND 800 1449460350384 
1 SEND 800 1449460350588 
1 SEND 800 1449460350588 
1 SEND 800 1449460350588 
1 SEND 800 1449460350588 
1 SEND 900 1449460351740 
1 SEND 900 1449460351740 
1 SEND 900 1449460351740 
1 SEND 900 1449460351742 
1 SEND 900 1449460351742 
1 SEND 900 1449460351742 
1 SEND 900 1449460351742 
1 SEND 900 1449460351742 
1 SEND 900 1449460351744 
1 SEND 900 1449460351744 
1 SEND 1000 1449460390487 
1 SEND 1000 1449460390492 
1 SEND 1000 1449460390492 
1 SEND 1000 1449460390493 
1 SEND 1000 1449460390493 
1 SEND 1000 1449460390493 
1 SEND 1000 1449460390553 
1 SEND 1000 1449460390792 
1 SEND 1000 1449460390792 
1 SEND 1000 1449460390793 
1 SEND 1100 1449460391857 
1 SEND 1100 1449460391857 
1 SEND 1100 1449460391860 
1 SEND 1100 1449460391860 
1 SEND 1100 1449460391860 
1 SEND 1100 1449460391860 
1 SEND 1100 1449460391860 
1 SEND 1100 1449460391862 
1 SEND 1100 1449460391862 
1 SEND 1100 1449460391864 
1 SEND 1200 1449460430593 
1 SEND 1200 1449460430597 
1 SEND 1200 1449460430597 
1 SEND 1200 1449460430597 
1 SEND 1200 1449460430597 
1 SEND 1200 1449460430598 
1 SEND 1200 1449460430598 
1 SEND 1200 1449460430601 
1 SEND 1200 1449460430944 
1 SEND 1200 1449460430944 
1 SEND 1300 1449460432062 
1 SEND 1300 1449460432064 
1 SEND 1300 1449460432064 
1 SEND 1300 1449460432064 
1 SEND 1300 1449460432064 
1 SEND 1300 1449460432064 
1 SEND 1300 1449460432066 
1 SEND 1300 1449460432066 
1 SEND 1300 1449460432066 
1 SEND 1300 1449460432068 
1 SEND 1400 1449460470694 
1 SEND 1400 1449460470695 
1 SEND 1400 1449460470695 
1 SEND 1400 1449460470696 
1 SEND 1400 1449460470698 
1 SEND 1400 1449460470698 
1 SEND 1400 1449460470699 
1 SEND 1400 1449460470981 
1 SEND 1400 1449460471001 
1 SEND 1400 1449460471026 
1 SEND 1500 1449460472140 
1 SEND 1500 1449460472140 
1 SEND 1500 1449460472143 
1 SEND 1500 1449460472145 
1 SEND 1500 1449460472145 
1 SEND 1500 1449460472145 
1 SEND 1500 1449460472145 
1 SEND 1500 1449460472145 
1 SEND 1500 1449460472147 
1 SEND 1500 1449460472149 
1 SEND 1600 1449460510794 
1 SEND 1600 1449460510794 
1 SEND 1600 1449460510797 
1 SEND 1600 1449460510799 
1 SEND 1600 1449460510799 
1 SEND 1600 1449460510799 
1 SEND 1600 1449460511100 
1 SEND 1600 1449460511102 
1 SEND 1600 1449460511102 
1 SEND 1600 1449460511102 
1 SEND 1700 1449460512145 
1 SEND 1700 1449460512145 
1 SEND 1700 1449460512147 
1 SEND 1700 1449460512148 
1 SEND 1700 1449460512148 
1 SEND 1700 1449460512148 
1 SEND 1700 1449460512148 
1 SEND 1700 1449460512148 
1 SEND 1700 1449460512149 
1 SEND 1700 1449460512151 
1 SEND 1800 1449460550892 
1 SEND 1800 1449460550894 
1 SEND 1800 1449460550894 
1 SEND 1800 1449460550894 
1 SEND 1800 1449460550896 
1 SEND 1800 1449460550896 
1 SEND 1800 1449460550896 
1 SEND 1800 1449460550896 
1 SEND 1800 1449460551101 
1 SEND 1800 1449460551290 
1 SEND 1900 1449460552370 
1 SEND 1900 1449460552372 
1 SEND 1900 1449460552372 
1 SEND 1900 1449460552373 
1 SEND 1900 1449460552373 
1 SEND 1900 1449460552376 
1 SEND 1900 1449460552376 
1 SEND 1900 1449460552378 
1 SEND 1900 1449460552378 
1 SEND 1900 1449460552378 
1 SEND 2000 1449460590985 
1 SEND 2000 1449460590985 
1 SEND 2000 1449460590985 
1 SEND 2000 1449460590985 
1 SEND 2000 1449460591193 
1 SEND 2000 1449460591193 
1 SEND 2000 1449460591195 
1 SEND 2000 1449460591195 
1 SEND 2000 1449460591196 
1 SEND 2000 1449460591198 
1 SEND 2100 1449460592070 
1 SEND 2100 1449460592070 
1 SEND 2100 1449460592070 
1 SEND 2100 1449460592072 
1 SEND 2100 1449460592072 
1 SEND 2100 1449460592072 
1 SEND 2100 1449460592072 
1 SEND 2100 1449460592072 
1 SEND 2100 1449460592072 
1 SEND 2100 1449460592075 
