3 RECEIVE 100 1449531973875 
3 RECEIVE 0 1449532000398 
3 RECEIVE 300 1449532027871 
3 RECEIVE 200 1449532045051 
3 RECEIVE 500 1449532079574 
3 RECEIVE 400 1449532094793 
3 RECEIVE 700 1449532128875 
3 RECEIVE 600 1449532147003 
3 RECEIVE 900 1449532178477 
3 RECEIVE 800 1449532196249 
3 RECEIVE 1100 1449532229419 
3 RECEIVE 1000 1449532249130 
3 RECEIVE 1300 1449532280662 
3 RECEIVE 1200 1449532295418 
3 RECEIVE 1500 1449532329236 
3 RECEIVE 1400 1449532343722 
3 RECEIVE 1700 1449532379997 
3 RECEIVE 1600 1449532394407 
3 RECEIVE 1900 1449532430684 
3 RECEIVE 1800 1449532443849 
3 RECEIVE 2100 1449532479210 
3 RECEIVE 2000 1449532497148 
