6 RECEIVE 100 1449531968609 
6 RECEIVE 0 1449531999256 
6 RECEIVE 300 1449532029011 
6 RECEIVE 200 1449532048835 
6 RECEIVE 500 1449532079069 
6 RECEIVE 400 1449532095084 
6 RECEIVE 700 1449532131790 
6 RECEIVE 600 1449532148167 
6 RECEIVE 900 1449532178906 
6 RECEIVE 800 1449532197859 
6 RECEIVE 1100 1449532229145 
6 RECEIVE 1000 1449532249828 
6 RECEIVE 1300 1449532281472 
6 RECEIVE 1200 1449532298881 
6 RECEIVE 1500 1449532329567 
6 RECEIVE 1400 1449532348535 
6 RECEIVE 1700 1449532380981 
6 RECEIVE 1600 1449532399566 
6 RECEIVE 1900 1449532429776 
6 RECEIVE 1800 1449532448319 
6 RECEIVE 2100 1449532480497 
6 RECEIVE 2000 1449532497778 
