9 RECEIVE 100 1449531971630 
9 RECEIVE 0 1449531999570 
9 RECEIVE 300 1449532029283 
9 RECEIVE 200 1449532048747 
9 RECEIVE 500 1449532079849 
9 RECEIVE 400 1449532099245 
9 RECEIVE 700 1449532129021 
9 RECEIVE 600 1449532148060 
9 RECEIVE 900 1449532179492 
9 RECEIVE 800 1449532199851 
9 RECEIVE 1100 1449532229603 
9 RECEIVE 1000 1449532247773 
9 RECEIVE 1300 1449532281531 
9 RECEIVE 1200 1449532300195 
9 RECEIVE 1500 1449532329753 
9 RECEIVE 1400 1449532349884 
9 RECEIVE 1700 1449532380651 
9 RECEIVE 1600 1449532399857 
9 RECEIVE 1900 1449532431035 
9 RECEIVE 1800 1449532450065 
9 RECEIVE 2100 1449532480408 
9 RECEIVE 2000 1449532498495 
