5 RECEIVE 100 1449531973465 
5 RECEIVE 0 1449531998143 
5 RECEIVE 300 1449532028455 
5 RECEIVE 200 1449532048365 
5 RECEIVE 500 1449532078864 
5 RECEIVE 400 1449532097498 
5 RECEIVE 700 1449532129099 
5 RECEIVE 600 1449532146227 
5 RECEIVE 900 1449532178614 
5 RECEIVE 800 1449532197209 
5 RECEIVE 1100 1449532228424 
5 RECEIVE 1000 1449532248926 
5 RECEIVE 1300 1449532280409 
5 RECEIVE 1200 1449532298508 
5 RECEIVE 1500 1449532329070 
5 RECEIVE 1400 1449532348923 
5 RECEIVE 1700 1449532380514 
5 RECEIVE 1600 1449532398800 
5 RECEIVE 1900 1449532430801 
5 RECEIVE 1800 1449532448619 
5 RECEIVE 2100 1449532480195 
5 RECEIVE 2000 1449532498069 
