8 RECEIVE 100 1449531971138 
8 RECEIVE 0 1449531998793 
8 RECEIVE 300 1449532029030 
8 RECEIVE 200 1449532048200 
8 RECEIVE 500 1449532079662 
8 RECEIVE 400 1449532098811 
8 RECEIVE 700 1449532128710 
8 RECEIVE 600 1449532147410 
8 RECEIVE 900 1449532178731 
8 RECEIVE 800 1449532200170 
8 RECEIVE 1100 1449532229709 
8 RECEIVE 1000 1449532250615 
8 RECEIVE 1300 1449532281169 
8 RECEIVE 1200 1449532300011 
8 RECEIVE 1500 1449532329402 
8 RECEIVE 1400 1449532349564 
8 RECEIVE 1700 1449532380348 
8 RECEIVE 1600 1449532398485 
8 RECEIVE 1900 1449532429874 
8 RECEIVE 1800 1449532449317 
8 RECEIVE 2100 1449532479795 
8 RECEIVE 2000 1449532500619 
