Awaiting simulation instructions...

Awaiting simulation instructions...

Awaiting simulation instructions...

Awaiting simulation instructions...

Awaiting simulation instructions...

10 RECEIVE 200 1449443686084 

[Reducer8]: Got 89352 bytes.
10 RECEIVE 300 1449443688622 

[Reducer8]: Got 90112 bytes.
10 RECEIVE 100 1449443690972 

[Reducer8]: Got 85608 bytes.
10 RECEIVE 0 1449443721789 

[Reducer8]: Got 958912 bytes.
Awaiting simulation instructions...

Awaiting simulation instructions...

Awaiting simulation instructions...

Awaiting simulation instructions...

10 RECEIVE 500 1449443752133 

[Reducer8]: Got 90536 bytes.
10 RECEIVE 600 1449443752932 

[Reducer8]: Got 91136 bytes.
10 RECEIVE 700 1449443757046 

[Reducer8]: Got 91136 bytes.
10 RECEIVE 400 1449443782638 

[Reducer8]: Got 957304 bytes.
Awaiting simulation instructions...

Awaiting simulation instructions...

Awaiting simulation instructions...

Awaiting simulation instructions...

10 RECEIVE 1000 1449443811983 

[Reducer8]: Got 91136 bytes.
10 RECEIVE 900 1449443813910 

[Reducer8]: Got 90112 bytes.
10 RECEIVE 1100 1449443815050 

[Reducer8]: Got 91136 bytes.
10 RECEIVE 800 1449443843603 

[Reducer8]: Got 957288 bytes.
Awaiting simulation instructions...

Awaiting simulation instructions...

Awaiting simulation instructions...

Awaiting simulation instructions...

10 RECEIVE 1300 1449443872323 

[Reducer8]: Got 88488 bytes.
10 RECEIVE 1400 1449443873589 

[Reducer8]: Got 91136 bytes.
10 RECEIVE 1500 1449443874526 

[Reducer8]: Got 91136 bytes.
10 RECEIVE 1200 1449443903142 

[Reducer8]: Got 957464 bytes.
Awaiting simulation instructions...

Awaiting simulation instructions...

Awaiting simulation instructions...

Awaiting simulation instructions...

10 RECEIVE 1700 1449443934400 

[Reducer8]: Got 88504 bytes.
10 RECEIVE 1800 1449443934696 

[Reducer8]: Got 90112 bytes.
[Reducer8]: Got 91136 bytes.
10 RECEIVE 1900 1449443938348 

10 RECEIVE 1600 1449443964089 

[Reducer8]: Got 954408 bytes.
Awaiting simulation instructions...

Awaiting simulation instructions...

Awaiting simulation instructions...

Awaiting simulation instructions...

10 RECEIVE 2100 1449443992456 

[Reducer8]: Got 88488 bytes.
[Reducer8]: Got 91136 bytes.
10 RECEIVE 2200 1449443994515 

10 RECEIVE 2300 1449443996991 

[Reducer8]: Got 91136 bytes.
10 RECEIVE 2000 1449444024350 

[Reducer8]: Got 957464 bytes.
Awaiting simulation instructions...

Awaiting simulation instructions...

Awaiting simulation instructions...

Awaiting simulation instructions...

10 RECEIVE 2600 1449444054603 

[Reducer8]: Got 90112 bytes.
10 RECEIVE 2500 1449444054831 

[Reducer8]: Got 90112 bytes.
[Reducer8]: Got 91136 bytes.
10 RECEIVE 2700 1449444058310 

10 RECEIVE 2400 1449444085116 

[Reducer8]: Got 958312 bytes.
Awaiting simulation instructions...

Awaiting simulation instructions...

Awaiting simulation instructions...

Awaiting simulation instructions...

10 RECEIVE 2900 1449444112998 

[Reducer8]: Got 87040 bytes.
10 RECEIVE 3000 1449444115409 

[Reducer8]: Got 90112 bytes.
10 RECEIVE 3100 1449444117628 

[Reducer8]: Got 90112 bytes.
10 RECEIVE 2800 1449444143079 

[Reducer8]: Got 958312 bytes.
Awaiting simulation instructions...

Awaiting simulation instructions...

Awaiting simulation instructions...

Awaiting simulation instructions...

10 RECEIVE 3300 1449444175005 

[Reducer8]: Got 90112 bytes.
[Reducer8]: Got 91136 bytes.
10 RECEIVE 3400 1449444175813 

10 RECEIVE 3500 1449444177503 

[Reducer8]: Got 91136 bytes.
10 RECEIVE 3200 1449444205411 

[Reducer8]: Got 958488 bytes.
Awaiting simulation instructions...

Awaiting simulation instructions...

Awaiting simulation instructions...

Awaiting simulation instructions...

10 RECEIVE 3800 1449444234325 

[Reducer8]: Got 91136 bytes.
10 RECEIVE 3700 1449444234594 

[Reducer8]: Got 91136 bytes.
[Reducer8]: Got 91136 bytes.
10 RECEIVE 3900 1449444238182 

10 RECEIVE 3600 1449444264741 

[Reducer8]: Got 957288 bytes.
Awaiting simulation instructions...

Awaiting simulation instructions...

Awaiting simulation instructions...

Awaiting simulation instructions...

10 RECEIVE 4100 1449444295214 

[Reducer8]: Got 89512 bytes.
10 RECEIVE 4200 1449444295659 

[Reducer8]: Got 91136 bytes.
10 RECEIVE 4300 1449444297280 

[Reducer8]: Got 91136 bytes.
10 RECEIVE 4000 1449444326160 

[Reducer8]: Got 957464 bytes.
Slave finished all tasks and exited.
logger exit
