Awaiting simulation instructions...

Awaiting simulation instructions...

Awaiting simulation instructions...

Awaiting simulation instructions...

Awaiting simulation instructions...

11 RECEIVE 200 1449443684724 

[Reducer9]: Got 88064 bytes.
11 RECEIVE 300 1449443688309 

[Reducer9]: Got 90112 bytes.
[Reducer9]: Got 86456 bytes.
11 RECEIVE 100 1449443690656 

11 RECEIVE 0 1449443721297 

[Reducer9]: Got 953120 bytes.
Awaiting simulation instructions...

Awaiting simulation instructions...

Awaiting simulation instructions...

Awaiting simulation instructions...

11 RECEIVE 600 1449443751823 

[Reducer9]: Got 91560 bytes.
11 RECEIVE 500 1449443753752 

[Reducer9]: Got 91136 bytes.
11 RECEIVE 700 1449443756510 

[Reducer9]: Got 91136 bytes.
11 RECEIVE 400 1449443782745 

[Reducer9]: Got 958064 bytes.
Awaiting simulation instructions...

Awaiting simulation instructions...

Awaiting simulation instructions...

Awaiting simulation instructions...

11 RECEIVE 1000 1449443812509 

[Reducer9]: Got 91136 bytes.
11 RECEIVE 1100 1449443816006 

[Reducer9]: Got 91136 bytes.
11 RECEIVE 900 1449443817540 

[Reducer9]: Got 88504 bytes.
[Reducer9]: Got 956616 bytes.
11 RECEIVE 800 1449443843360 

Awaiting simulation instructions...

Awaiting simulation instructions...

Awaiting simulation instructions...

Awaiting simulation instructions...

11 RECEIVE 1400 1449443875358 

[Reducer9]: Got 91136 bytes.
11 RECEIVE 1500 1449443875557 

[Reducer9]: Got 91136 bytes.
11 RECEIVE 1300 1449443878676 

[Reducer9]: Got 90832 bytes.
11 RECEIVE 1200 1449443904043 

[Reducer9]: Got 958488 bytes.
Awaiting simulation instructions...

Awaiting simulation instructions...

Awaiting simulation instructions...

Awaiting simulation instructions...

11 RECEIVE 1800 1449443932569 

[Reducer9]: Got 89512 bytes.
[Reducer9]: Got 90112 bytes.
11 RECEIVE 1700 1449443934723 

11 RECEIVE 1900 1449443937765 

[Reducer9]: Got 91136 bytes.
11 RECEIVE 1600 1449443962217 

[Reducer9]: Got 953720 bytes.
Awaiting simulation instructions...

Awaiting simulation instructions...

Awaiting simulation instructions...

Awaiting simulation instructions...

11 RECEIVE 2100 1449443993176 

[Reducer9]: Got 91136 bytes.
11 RECEIVE 2200 1449443993896 

[Reducer9]: Got 91136 bytes.
11 RECEIVE 2300 1449443996370 

[Reducer9]: Got 91136 bytes.
11 RECEIVE 2000 1449444023510 

[Reducer9]: Got 957464 bytes.
Awaiting simulation instructions...

Awaiting simulation instructions...

Awaiting simulation instructions...

Awaiting simulation instructions...

11 RECEIVE 2600 1449444053429 

[Reducer9]: Got 89512 bytes.
11 RECEIVE 2500 1449444054212 

[Reducer9]: Got 91136 bytes.
11 RECEIVE 2700 1449444058511 

[Reducer9]: Got 91136 bytes.
11 RECEIVE 2400 1449444084477 

[Reducer9]: Got 956440 bytes.
Awaiting simulation instructions...

Awaiting simulation instructions...

Awaiting simulation instructions...

Awaiting simulation instructions...

11 RECEIVE 2900 1449444114819 

[Reducer9]: Got 90112 bytes.
11 RECEIVE 3000 1449444115069 

[Reducer9]: Got 90112 bytes.
11 RECEIVE 3100 1449444117570 

[Reducer9]: Got 89352 bytes.
11 RECEIVE 2800 1449444145417 

[Reducer9]: Got 958488 bytes.
Awaiting simulation instructions...

Awaiting simulation instructions...

Awaiting simulation instructions...

Awaiting simulation instructions...

11 RECEIVE 3300 1449444175245 

[Reducer9]: Got 90112 bytes.
11 RECEIVE 3400 1449444176126 

[Reducer9]: Got 91136 bytes.
11 RECEIVE 3500 1449444178272 

[Reducer9]: Got 91136 bytes.
11 RECEIVE 3200 1449444205692 

[Reducer9]: Got 953720 bytes.
Awaiting simulation instructions...

Awaiting simulation instructions...

Awaiting simulation instructions...

Awaiting simulation instructions...

11 RECEIVE 3800 1449444234698 

[Reducer9]: Got 91136 bytes.
11 RECEIVE 3700 1449444235023 

[Reducer9]: Got 91136 bytes.
11 RECEIVE 3900 1449444238306 

[Reducer9]: Got 91136 bytes.
11 RECEIVE 3600 1449444266101 

[Reducer9]: Got 953544 bytes.
Awaiting simulation instructions...

Awaiting simulation instructions...

Awaiting simulation instructions...

Awaiting simulation instructions...

11 RECEIVE 4100 1449444295783 

[Reducer9]: Got 91136 bytes.
11 RECEIVE 4200 1449444295926 

[Reducer9]: Got 91136 bytes.
11 RECEIVE 4300 1449444296981 

[Reducer9]: Got 91136 bytes.
11 RECEIVE 4000 1449444325569 

[Reducer9]: Got 958488 bytes.
Slave finished all tasks and exited.
logger exit
