Awaiting simulation instructions...

Awaiting simulation instructions...

Awaiting simulation instructions...

Awaiting simulation instructions...

Awaiting simulation instructions...

7 RECEIVE 200 1449443686210 

[Reducer5]: Got 90376 bytes.
7 RECEIVE 100 1449443686506 

[Reducer5]: Got 90376 bytes.
7 RECEIVE 300 1449443694724 

[Reducer5]: Got 93192 bytes.
7 RECEIVE 0 1449443723215 

[Reducer5]: Got 955168 bytes.
Awaiting simulation instructions...

Awaiting simulation instructions...

Awaiting simulation instructions...

Awaiting simulation instructions...

7 RECEIVE 500 1449443751918 

[Reducer5]: Got 91136 bytes.
7 RECEIVE 600 1449443752711 

[Reducer5]: Got 91136 bytes.
7 RECEIVE 700 1449443757392 

[Reducer5]: Got 91136 bytes.
[Reducer5]: Got 952696 bytes.
7 RECEIVE 400 1449443782066 

Awaiting simulation instructions...

Awaiting simulation instructions...

Awaiting simulation instructions...

Awaiting simulation instructions...

7 RECEIVE 1000 1449443810597 

[Reducer5]: Got 89512 bytes.
7 RECEIVE 900 1449443813277 

[Reducer5]: Got 89352 bytes.
7 RECEIVE 1100 1449443815615 

[Reducer5]: Got 87480 bytes.
7 RECEIVE 800 1449443840608 

[Reducer5]: Got 953720 bytes.
Awaiting simulation instructions...

Awaiting simulation instructions...

Awaiting simulation instructions...

Awaiting simulation instructions...

[Reducer5]: Got 90536 bytes.
7 RECEIVE 1300 1449443871774 

7 RECEIVE 1500 1449443873944 

[Reducer5]: Got 91136 bytes.
7 RECEIVE 1400 1449443874354 

[Reducer5]: Got 91136 bytes.
7 RECEIVE 1200 1449443902258 

[Reducer5]: Got 952520 bytes.
Awaiting simulation instructions...

Awaiting simulation instructions...

Awaiting simulation instructions...

Awaiting simulation instructions...

7 RECEIVE 1800 1449443932378 

[Reducer5]: Got 90536 bytes.
7 RECEIVE 1700 1449443934221 

[Reducer5]: Got 91136 bytes.
7 RECEIVE 1900 1449443936931 

[Reducer5]: Got 88504 bytes.
7 RECEIVE 1600 1449443963207 

[Reducer5]: Got 955592 bytes.
Awaiting simulation instructions...

Awaiting simulation instructions...

Awaiting simulation instructions...

Awaiting simulation instructions...

[Reducer5]: Got 89512 bytes.
7 RECEIVE 2100 1449443991437 

7 RECEIVE 2200 1449443993923 

[Reducer5]: Got 91136 bytes.
[Reducer5]: Got 91136 bytes.
7 RECEIVE 2300 1449443996542 

7 RECEIVE 2000 1449444024302 

[Reducer5]: Got 955592 bytes.
Awaiting simulation instructions...

Awaiting simulation instructions...

Awaiting simulation instructions...

Awaiting simulation instructions...

7 RECEIVE 2500 1449444054028 

[Reducer5]: Got 90112 bytes.
7 RECEIVE 2600 1449444054411 

[Reducer5]: Got 90112 bytes.
7 RECEIVE 2700 1449444057895 

[Reducer5]: Got 89352 bytes.
7 RECEIVE 2400 1449444083905 

[Reducer5]: Got 951512 bytes.
Awaiting simulation instructions...

Awaiting simulation instructions...

Awaiting simulation instructions...

Awaiting simulation instructions...

7 RECEIVE 2900 1449444113620 

[Reducer5]: Got 86456 bytes.
[Reducer5]: Got 90112 bytes.
7 RECEIVE 3000 1449444114667 

[Reducer5]: Got 91136 bytes.
7 RECEIVE 3100 1449444116653 

7 RECEIVE 2800 1449444145116 

[Reducer5]: Got 956616 bytes.
Awaiting simulation instructions...

Awaiting simulation instructions...

Awaiting simulation instructions...

Awaiting simulation instructions...

7 RECEIVE 3400 1449444174334 

[Reducer5]: Got 88488 bytes.
7 RECEIVE 3300 1449444174484 

[Reducer5]: Got 89512 bytes.
7 RECEIVE 3500 1449444178709 

[Reducer5]: Got 91136 bytes.
[Reducer5]: Got 954392 bytes.
7 RECEIVE 3200 1449444203796 

Awaiting simulation instructions...

Awaiting simulation instructions...

Awaiting simulation instructions...

Awaiting simulation instructions...

7 RECEIVE 3700 1449444233073 

[Reducer5]: Got 89512 bytes.
7 RECEIVE 3800 1449444233699 

[Reducer5]: Got 91136 bytes.
7 RECEIVE 3900 1449444237411 

[Reducer5]: Got 88504 bytes.
7 RECEIVE 3600 1449444263219 

[Reducer5]: Got 955592 bytes.
Awaiting simulation instructions...

Awaiting simulation instructions...

Awaiting simulation instructions...

Awaiting simulation instructions...

7 RECEIVE 4300 1449444296186 

[Reducer5]: Got 91136 bytes.
7 RECEIVE 4100 1449444296368 

[Reducer5]: Got 91136 bytes.
7 RECEIVE 4200 1449444298051 

[Reducer5]: Got 91136 bytes.
7 RECEIVE 4000 1449444326450 

[Reducer5]: Got 955592 bytes.
Slave finished all tasks and exited.
logger exit
