Awaiting simulation instructions...

Awaiting simulation instructions...

Awaiting simulation instructions...

Awaiting simulation instructions...

Awaiting simulation instructions...

2 RECEIVE 200 1449443687621 

[Reducer0]: Got 91400 bytes.
[Reducer0]: Got 90112 bytes.
2 RECEIVE 100 1449443688026 

[Reducer0]: Got 90112 bytes.
2 RECEIVE 300 1449443688941 

[Reducer0]: Got 958912 bytes.
2 RECEIVE 0 1449443722036 

Awaiting simulation instructions...

Awaiting simulation instructions...

Awaiting simulation instructions...

Awaiting simulation instructions...

2 RECEIVE 600 1449443751588 

[Reducer0]: Got 89512 bytes.
2 RECEIVE 500 1449443753334 

[Reducer0]: Got 91560 bytes.
[Reducer0]: Got 91136 bytes.
2 RECEIVE 700 1449443756903 

2 RECEIVE 400 1449443771739 

[Reducer0]: Got 959816 bytes.
Awaiting simulation instructions...

Awaiting simulation instructions...

Awaiting simulation instructions...

Awaiting simulation instructions...

2 RECEIVE 900 1449443809779 

[Reducer0]: Got 89512 bytes.
2 RECEIVE 1000 1449443810009 

[Reducer0]: Got 88064 bytes.
2 RECEIVE 1100 1449443814710 

[Reducer0]: Got 90112 bytes.
2 RECEIVE 800 1449443840007 

[Reducer0]: Got 958312 bytes.
Awaiting simulation instructions...

Awaiting simulation instructions...

Awaiting simulation instructions...

Awaiting simulation instructions...

2 RECEIVE 1300 1449443870443 

[Reducer0]: Got 90536 bytes.
2 RECEIVE 1400 1449443872451 

[Reducer0]: Got 89512 bytes.
2 RECEIVE 1500 1449443872913 

[Reducer0]: Got 90112 bytes.
2 RECEIVE 1200 1449443902540 

[Reducer0]: Got 957288 bytes.
Awaiting simulation instructions...

Awaiting simulation instructions...

Awaiting simulation instructions...

Awaiting simulation instructions...

2 RECEIVE 1800 1449443931212 

[Reducer0]: Got 90536 bytes.
2 RECEIVE 1700 1449443934007 

[Reducer0]: Got 90112 bytes.
2 RECEIVE 1900 1449443937217 

[Reducer0]: Got 90112 bytes.
2 RECEIVE 1600 1449443952850 

[Reducer0]: Got 958968 bytes.
Awaiting simulation instructions...

Awaiting simulation instructions...

Awaiting simulation instructions...

Awaiting simulation instructions...

2 RECEIVE 2100 1449443990958 

[Reducer0]: Got 89512 bytes.
2 RECEIVE 2200 1449443992875 

[Reducer0]: Got 90112 bytes.
2 RECEIVE 2300 1449443996763 

[Reducer0]: Got 91136 bytes.
2 RECEIVE 2000 1449444020253 

[Reducer0]: Got 960360 bytes.
Awaiting simulation instructions...

Awaiting simulation instructions...

Awaiting simulation instructions...

Awaiting simulation instructions...

2 RECEIVE 2500 1449444052043 

[Reducer0]: Got 89512 bytes.
2 RECEIVE 2600 1449444052541 

[Reducer0]: Got 89512 bytes.
2 RECEIVE 2700 1449444057369 

[Reducer0]: Got 90112 bytes.
2 RECEIVE 2400 1449444079224 

[Reducer0]: Got 955256 bytes.
Awaiting simulation instructions...

Awaiting simulation instructions...

Awaiting simulation instructions...

Awaiting simulation instructions...

2 RECEIVE 2900 1449444111783 

[Reducer0]: Got 90536 bytes.
2 RECEIVE 3000 1449444113496 

[Reducer0]: Got 86456 bytes.
2 RECEIVE 3100 1449444117053 

[Reducer0]: Got 88504 bytes.
[Reducer0]: Got 953544 bytes.
2 RECEIVE 2800 1449444143885 

Awaiting simulation instructions...

Awaiting simulation instructions...

Awaiting simulation instructions...

Awaiting simulation instructions...

2 RECEIVE 3300 1449444172566 

[Reducer0]: Got 90536 bytes.
2 RECEIVE 3400 1449444173120 

[Reducer0]: Got 89512 bytes.
2 RECEIVE 3500 1449444178604 

[Reducer0]: Got 91136 bytes.
2 RECEIVE 3200 1449444199376 

[Reducer0]: Got 960360 bytes.
Awaiting simulation instructions...

Awaiting simulation instructions...

Awaiting simulation instructions...

Awaiting simulation instructions...

2 RECEIVE 3800 1449444232094 

[Reducer0]: Got 88488 bytes.
2 RECEIVE 3700 1449444232357 

[Reducer0]: Got 89512 bytes.
2 RECEIVE 3900 1449444238601 

[Reducer0]: Got 90112 bytes.
2 RECEIVE 3600 1449444261756 

[Reducer0]: Got 956616 bytes.
Awaiting simulation instructions...

Awaiting simulation instructions...

Awaiting simulation instructions...

Awaiting simulation instructions...

2 RECEIVE 4100 1449444292887 

[Reducer0]: Got 90536 bytes.
2 RECEIVE 4200 1449444294503 

[Reducer0]: Got 88488 bytes.
2 RECEIVE 4300 1449444296540 

[Reducer0]: Got 91136 bytes.
2 RECEIVE 4000 1449444321468 

[Reducer0]: Got 958488 bytes.
Slave finished all tasks and exited.
logger exit
