Awaiting simulation instructions...

Awaiting simulation instructions...

Awaiting simulation instructions...

Awaiting simulation instructions...

Awaiting simulation instructions...

8 RECEIVE 100 1449443685292 

[Reducer6]: Got 89352 bytes.
8 RECEIVE 300 1449443688928 

[Reducer6]: Got 90112 bytes.
8 RECEIVE 200 1449443689120 

[Reducer6]: Got 90112 bytes.
8 RECEIVE 0 1449443722533 

[Reducer6]: Got 957040 bytes.
Awaiting simulation instructions...

Awaiting simulation instructions...

Awaiting simulation instructions...

Awaiting simulation instructions...

8 RECEIVE 600 1449443753429 

[Reducer6]: Got 91136 bytes.
8 RECEIVE 500 1449443753824 

[Reducer6]: Got 90112 bytes.
8 RECEIVE 700 1449443758069 

[Reducer6]: Got 91136 bytes.
8 RECEIVE 400 1449443781718 

[Reducer6]: Got 948104 bytes.
Awaiting simulation instructions...

Awaiting simulation instructions...

Awaiting simulation instructions...

Awaiting simulation instructions...

8 RECEIVE 1000 1449443810993 

[Reducer6]: Got 88488 bytes.
[Reducer6]: Got 89352 bytes.
8 RECEIVE 900 1449443813479 

8 RECEIVE 1100 1449443815763 

[Reducer6]: Got 91136 bytes.
8 RECEIVE 800 1449443843060 

[Reducer6]: Got 956616 bytes.
Awaiting simulation instructions...

Awaiting simulation instructions...

Awaiting simulation instructions...

Awaiting simulation instructions...

8 RECEIVE 1300 1449443871612 

[Reducer6]: Got 90536 bytes.
8 RECEIVE 1500 1449443875074 

[Reducer6]: Got 91136 bytes.
8 RECEIVE 1400 1449443875302 

[Reducer6]: Got 91136 bytes.
8 RECEIVE 1200 1449443903442 

[Reducer6]: Got 956616 bytes.
Awaiting simulation instructions...

Awaiting simulation instructions...

Awaiting simulation instructions...

Awaiting simulation instructions...

8 RECEIVE 1800 1449443932119 

[Reducer6]: Got 89512 bytes.
8 RECEIVE 1700 1449443933132 

[Reducer6]: Got 89512 bytes.
8 RECEIVE 1900 1449443937984 

[Reducer6]: Got 90112 bytes.
8 RECEIVE 1600 1449443963497 

[Reducer6]: Got 958488 bytes.
Awaiting simulation instructions...

Awaiting simulation instructions...

Awaiting simulation instructions...

Awaiting simulation instructions...

8 RECEIVE 2100 1449443991198 

[Reducer6]: Got 91384 bytes.
8 RECEIVE 2200 1449443993705 

[Reducer6]: Got 91136 bytes.
[Reducer6]: Got 85608 bytes.
8 RECEIVE 2300 1449443995926 

8 RECEIVE 2000 1449444021242 

[Reducer6]: Got 953720 bytes.
Awaiting simulation instructions...

Awaiting simulation instructions...

Awaiting simulation instructions...

Awaiting simulation instructions...

8 RECEIVE 2600 1449444052936 

[Reducer6]: Got 89512 bytes.
8 RECEIVE 2500 1449444055166 

[Reducer6]: Got 90112 bytes.
8 RECEIVE 2700 1449444058067 

[Reducer6]: Got 89352 bytes.
8 RECEIVE 2400 1449444082935 

[Reducer6]: Got 951496 bytes.
Awaiting simulation instructions...

Awaiting simulation instructions...

Awaiting simulation instructions...

Awaiting simulation instructions...

8 RECEIVE 3000 1449444114274 

[Reducer6]: Got 89352 bytes.
8 RECEIVE 2900 1449444115382 

[Reducer6]: Got 90112 bytes.
8 RECEIVE 3100 1449444116241 

[Reducer6]: Got 91136 bytes.
8 RECEIVE 2800 1449444144186 

[Reducer6]: Got 952520 bytes.
Awaiting simulation instructions...

Awaiting simulation instructions...

Awaiting simulation instructions...

Awaiting simulation instructions...

8 RECEIVE 3300 1449444175478 

[Reducer6]: Got 91136 bytes.
8 RECEIVE 3400 1449444176080 

[Reducer6]: Got 91136 bytes.
8 RECEIVE 3500 1449444177850 

[Reducer6]: Got 91136 bytes.
[Reducer6]: Got 954392 bytes.
8 RECEIVE 3200 1449444203486 

Awaiting simulation instructions...

Awaiting simulation instructions...

Awaiting simulation instructions...

Awaiting simulation instructions...

8 RECEIVE 3800 1449444233517 

[Reducer6]: Got 91136 bytes.
8 RECEIVE 3700 1449444234822 

[Reducer6]: Got 91136 bytes.
8 RECEIVE 3900 1449444238660 

[Reducer6]: Got 91136 bytes.
[Reducer6]: Got 958312 bytes.
8 RECEIVE 3600 1449444265596 

Awaiting simulation instructions...

Awaiting simulation instructions...

Awaiting simulation instructions...

Awaiting simulation instructions...

8 RECEIVE 4200 1449444294675 

[Reducer6]: Got 88064 bytes.
8 RECEIVE 4300 1449444297760 

[Reducer6]: Got 91136 bytes.
8 RECEIVE 4100 1449444298165 

[Reducer6]: Got 91400 bytes.
[Reducer6]: Got 957288 bytes.
8 RECEIVE 4000 1449444324832 

Slave finished all tasks and exited.
logger exit
