Awaiting simulation instructions...

Awaiting simulation instructions...

Awaiting simulation instructions...

5 RECEIVE 100 1449454807809 

[Reducer3]: Got 89352 bytes.
5 RECEIVE 0 1449454838870 

[Reducer3]: Got 958312 bytes.
Awaiting simulation instructions...

Awaiting simulation instructions...

5 RECEIVE 300 1449454853058 

[Reducer3]: Got 91560 bytes.
5 RECEIVE 200 1449454879339 

[Reducer3]: Got 957112 bytes.
Awaiting simulation instructions...

Awaiting simulation instructions...

5 RECEIVE 500 1449454894253 

[Reducer3]: Got 91136 bytes.
5 RECEIVE 400 1449454919041 

[Reducer3]: Got 958312 bytes.
Awaiting simulation instructions...

Awaiting simulation instructions...

5 RECEIVE 700 1449454934270 

[Reducer3]: Got 91560 bytes.
5 RECEIVE 600 1449454955447 

[Reducer3]: Got 959672 bytes.
Awaiting simulation instructions...

Awaiting simulation instructions...

5 RECEIVE 900 1449454974933 

[Reducer3]: Got 91136 bytes.
5 RECEIVE 800 1449454999427 

[Reducer3]: Got 958312 bytes.
Awaiting simulation instructions...

Awaiting simulation instructions...

5 RECEIVE 1100 1449455013291 

[Reducer3]: Got 91560 bytes.
5 RECEIVE 1000 1449455036950 

[Reducer3]: Got 958312 bytes.
Awaiting simulation instructions...

Awaiting simulation instructions...

5 RECEIVE 1300 1449455053823 

[Reducer3]: Got 91560 bytes.
5 RECEIVE 1200 1449455075431 

[Reducer3]: Got 957448 bytes.
Awaiting simulation instructions...

Awaiting simulation instructions...

5 RECEIVE 1500 1449455094053 

[Reducer3]: Got 91560 bytes.
5 RECEIVE 1400 1449455118183 

[Reducer3]: Got 958312 bytes.
Awaiting simulation instructions...

Awaiting simulation instructions...

5 RECEIVE 1700 1449455135958 

[Reducer3]: Got 91136 bytes.
5 RECEIVE 1600 1449455156633 

[Reducer3]: Got 959672 bytes.
Awaiting simulation instructions...

Awaiting simulation instructions...

5 RECEIVE 1900 1449455173442 

[Reducer3]: Got 91560 bytes.
5 RECEIVE 1800 1449455197645 

[Reducer3]: Got 958312 bytes.
Awaiting simulation instructions...

Awaiting simulation instructions...

5 RECEIVE 2100 1449455214192 

[Reducer3]: Got 91560 bytes.
5 RECEIVE 2000 1449455241050 

[Reducer3]: Got 958312 bytes.
Slave finished all tasks and exited.
logger exit
