Awaiting simulation instructions...

Awaiting simulation instructions...

Awaiting simulation instructions...

10 RECEIVE 100 1449454809932 

[Reducer8]: Got 90112 bytes.
10 RECEIVE 0 1449454841204 

[Reducer8]: Got 955256 bytes.
Awaiting simulation instructions...

Awaiting simulation instructions...

10 RECEIVE 300 1449454853529 

[Reducer8]: Got 91136 bytes.
10 RECEIVE 200 1449454880661 

[Reducer8]: Got 958488 bytes.
Awaiting simulation instructions...

Awaiting simulation instructions...

10 RECEIVE 500 1449454894464 

[Reducer8]: Got 91136 bytes.
10 RECEIVE 400 1449454920432 

[Reducer8]: Got 958152 bytes.
Awaiting simulation instructions...

Awaiting simulation instructions...

10 RECEIVE 700 1449454934654 

[Reducer8]: Got 91136 bytes.
10 RECEIVE 600 1449454960260 

[Reducer8]: Got 958312 bytes.
Awaiting simulation instructions...

Awaiting simulation instructions...

10 RECEIVE 900 1449454974755 

[Reducer8]: Got 91136 bytes.
10 RECEIVE 800 1449454999708 

[Reducer8]: Got 957464 bytes.
Awaiting simulation instructions...

Awaiting simulation instructions...

10 RECEIVE 1100 1449455013646 

[Reducer8]: Got 91560 bytes.
10 RECEIVE 1000 1449455040500 

[Reducer8]: Got 958488 bytes.
Awaiting simulation instructions...

Awaiting simulation instructions...

10 RECEIVE 1300 1449455053757 

[Reducer8]: Got 91560 bytes.
10 RECEIVE 1200 1449455080574 

[Reducer8]: Got 958064 bytes.
Awaiting simulation instructions...

Awaiting simulation instructions...

10 RECEIVE 1500 1449455093895 

[Reducer8]: Got 91560 bytes.
10 RECEIVE 1400 1449455113772 

[Reducer8]: Got 956568 bytes.
Awaiting simulation instructions...

Awaiting simulation instructions...

10 RECEIVE 1700 1449455135645 

[Reducer8]: Got 91136 bytes.
10 RECEIVE 1600 1449455161170 

[Reducer8]: Got 957288 bytes.
Awaiting simulation instructions...

Awaiting simulation instructions...

10 RECEIVE 1900 1449455173939 

[Reducer8]: Got 91560 bytes.
10 RECEIVE 1800 1449455200934 

[Reducer8]: Got 958488 bytes.
Awaiting simulation instructions...

Awaiting simulation instructions...

10 RECEIVE 2100 1449455214583 

[Reducer8]: Got 91136 bytes.
10 RECEIVE 2000 1449455241370 

[Reducer8]: Got 958488 bytes.
Slave finished all tasks and exited.
logger exit
