Awaiting simulation instructions...

Awaiting simulation instructions...

Awaiting simulation instructions...

11 RECEIVE 100 1449454808175 

[Reducer9]: Got 90376 bytes.
11 RECEIVE 0 1449454838685 

[Reducer9]: Got 958152 bytes.
Awaiting simulation instructions...

Awaiting simulation instructions...

11 RECEIVE 300 1449454852544 

[Reducer9]: Got 91560 bytes.
11 RECEIVE 200 1449454879048 

[Reducer9]: Got 959336 bytes.
Awaiting simulation instructions...

Awaiting simulation instructions...

11 RECEIVE 500 1449454894501 

[Reducer9]: Got 91136 bytes.
11 RECEIVE 400 1449454920335 

[Reducer9]: Got 958152 bytes.
Awaiting simulation instructions...

Awaiting simulation instructions...

11 RECEIVE 700 1449454934452 

[Reducer9]: Got 91136 bytes.
11 RECEIVE 600 1449454961268 

[Reducer9]: Got 958488 bytes.
Awaiting simulation instructions...

Awaiting simulation instructions...

11 RECEIVE 900 1449454974857 

[Reducer9]: Got 91136 bytes.
11 RECEIVE 800 1449454999922 

[Reducer9]: Got 958064 bytes.
Awaiting simulation instructions...

Awaiting simulation instructions...

11 RECEIVE 1100 1449455013386 

[Reducer9]: Got 91560 bytes.
11 RECEIVE 1000 1449455040170 

[Reducer9]: Got 958312 bytes.
Awaiting simulation instructions...

Awaiting simulation instructions...

11 RECEIVE 1300 1449455054274 

[Reducer9]: Got 91560 bytes.
11 RECEIVE 1200 1449455080690 

[Reducer9]: Got 958064 bytes.
Awaiting simulation instructions...

Awaiting simulation instructions...

11 RECEIVE 1500 1449455094424 

[Reducer9]: Got 91560 bytes.
11 RECEIVE 1400 1449455121074 

[Reducer9]: Got 958488 bytes.
Awaiting simulation instructions...

Awaiting simulation instructions...

11 RECEIVE 1700 1449455134692 

[Reducer9]: Got 91560 bytes.
11 RECEIVE 1600 1449455157962 

[Reducer9]: Got 959672 bytes.
Awaiting simulation instructions...

Awaiting simulation instructions...

11 RECEIVE 1900 1449455173903 

[Reducer9]: Got 91560 bytes.
11 RECEIVE 1800 1449455200623 

[Reducer9]: Got 958312 bytes.
Awaiting simulation instructions...

Awaiting simulation instructions...

11 RECEIVE 2100 1449455214459 

[Reducer9]: Got 91136 bytes.
11 RECEIVE 2000 1449455240729 

[Reducer9]: Got 958312 bytes.
Slave finished all tasks and exited.
logger exit
