Awaiting simulation instructions...

Awaiting simulation instructions...

Awaiting simulation instructions...

7 RECEIVE 100 1449454807804 

[Reducer5]: Got 88488 bytes.
7 RECEIVE 0 1449454840815 

[Reducer5]: Got 958152 bytes.
Awaiting simulation instructions...

Awaiting simulation instructions...

7 RECEIVE 300 1449454852809 

[Reducer5]: Got 91136 bytes.
7 RECEIVE 200 1449454880981 

[Reducer5]: Got 958488 bytes.
Awaiting simulation instructions...

Awaiting simulation instructions...

7 RECEIVE 500 1449454894576 

[Reducer5]: Got 91136 bytes.
7 RECEIVE 400 1449454920771 

[Reducer5]: Got 958152 bytes.
Awaiting simulation instructions...

Awaiting simulation instructions...

7 RECEIVE 700 1449454934775 

[Reducer5]: Got 91136 bytes.
7 RECEIVE 600 1449454959910 

[Reducer5]: Got 958152 bytes.
Awaiting simulation instructions...

Awaiting simulation instructions...

7 RECEIVE 900 1449454974709 

[Reducer5]: Got 91560 bytes.
7 RECEIVE 800 1449455001397 

[Reducer5]: Got 958488 bytes.
Awaiting simulation instructions...

Awaiting simulation instructions...

7 RECEIVE 1100 1449455013777 

[Reducer5]: Got 91136 bytes.
7 RECEIVE 1000 1449455041499 

[Reducer5]: Got 958488 bytes.
Awaiting simulation instructions...

Awaiting simulation instructions...

7 RECEIVE 1300 1449455054705 

[Reducer5]: Got 91560 bytes.
7 RECEIVE 1200 1449455081621 

[Reducer5]: Got 958488 bytes.
Awaiting simulation instructions...

Awaiting simulation instructions...

7 RECEIVE 1500 1449455093538 

[Reducer5]: Got 91560 bytes.
7 RECEIVE 1400 1449455121713 

[Reducer5]: Got 958488 bytes.
Awaiting simulation instructions...

Awaiting simulation instructions...

7 RECEIVE 1700 1449455135846 

[Reducer5]: Got 91136 bytes.
7 RECEIVE 1600 1449455157709 

[Reducer5]: Got 959672 bytes.
Awaiting simulation instructions...

Awaiting simulation instructions...

7 RECEIVE 1900 1449455174073 

[Reducer5]: Got 91560 bytes.
7 RECEIVE 1800 1449455201263 

[Reducer5]: Got 958488 bytes.
Awaiting simulation instructions...

Awaiting simulation instructions...

7 RECEIVE 2100 1449455214374 

[Reducer5]: Got 91560 bytes.
7 RECEIVE 2000 1449455237932 

[Reducer5]: Got 958488 bytes.
Slave finished all tasks and exited.
logger exit
