Awaiting simulation instructions...

Awaiting simulation instructions...

Awaiting simulation instructions...

2 RECEIVE 100 1449454808107 

[Reducer0]: Got 89512 bytes.
2 RECEIVE 0 1449454837813 

[Reducer0]: Got 957304 bytes.
Awaiting simulation instructions...

Awaiting simulation instructions...

2 RECEIVE 300 1449454852765 

[Reducer0]: Got 91136 bytes.
2 RECEIVE 200 1449454872472 

[Reducer0]: Got 956920 bytes.
Awaiting simulation instructions...

Awaiting simulation instructions...

2 RECEIVE 500 1449454892910 

[Reducer0]: Got 91560 bytes.
2 RECEIVE 400 1449454915848 

[Reducer0]: Got 955896 bytes.
Awaiting simulation instructions...

Awaiting simulation instructions...

2 RECEIVE 700 1449454933244 

[Reducer0]: Got 91560 bytes.
2 RECEIVE 600 1449454954390 

[Reducer0]: Got 956248 bytes.
Awaiting simulation instructions...

Awaiting simulation instructions...

2 RECEIVE 900 1449454974314 

[Reducer0]: Got 91560 bytes.
2 RECEIVE 800 1449454994967 

[Reducer0]: Got 955224 bytes.
Awaiting simulation instructions...

Awaiting simulation instructions...

2 RECEIVE 1100 1449455013682 

[Reducer0]: Got 91560 bytes.
2 RECEIVE 1000 1449455036592 

[Reducer0]: Got 958488 bytes.
Awaiting simulation instructions...

Awaiting simulation instructions...

2 RECEIVE 1300 1449455053246 

[Reducer0]: Got 91560 bytes.
2 RECEIVE 1200 1449455078445 

[Reducer0]: Got 958312 bytes.
Awaiting simulation instructions...

Awaiting simulation instructions...

2 RECEIVE 1500 1449455093221 

[Reducer0]: Got 91560 bytes.
2 RECEIVE 1400 1449455117863 

[Reducer0]: Got 958488 bytes.
Awaiting simulation instructions...

Awaiting simulation instructions...

2 RECEIVE 1700 1449455136213 

[Reducer0]: Got 91136 bytes.
2 RECEIVE 1600 1449455156303 

[Reducer0]: Got 956000 bytes.
Awaiting simulation instructions...

Awaiting simulation instructions...

2 RECEIVE 1900 1449455172979 

[Reducer0]: Got 91560 bytes.
2 RECEIVE 1800 1449455197296 

[Reducer0]: Got 958312 bytes.
Awaiting simulation instructions...

Awaiting simulation instructions...

2 RECEIVE 2100 1449455215041 

[Reducer0]: Got 91136 bytes.
2 RECEIVE 2000 1449455233413 

[Reducer0]: Got 958968 bytes.
Slave finished all tasks and exited.
logger exit
