Awaiting simulation instructions...

Awaiting simulation instructions...

Awaiting simulation instructions...

8 RECEIVE 100 1449454809600 

[Reducer6]: Got 90376 bytes.
8 RECEIVE 0 1449454839529 

[Reducer6]: Got 957304 bytes.
Awaiting simulation instructions...

Awaiting simulation instructions...

8 RECEIVE 300 1449454853573 

[Reducer6]: Got 91136 bytes.
8 RECEIVE 200 1449454878970 

[Reducer6]: Got 959336 bytes.
Awaiting simulation instructions...

Awaiting simulation instructions...

8 RECEIVE 500 1449454894083 

[Reducer6]: Got 91136 bytes.
8 RECEIVE 400 1449454919419 

[Reducer6]: Got 958488 bytes.
Awaiting simulation instructions...

Awaiting simulation instructions...

8 RECEIVE 700 1449454933974 

[Reducer6]: Got 91560 bytes.
8 RECEIVE 600 1449454960648 

[Reducer6]: Got 958488 bytes.
Awaiting simulation instructions...

Awaiting simulation instructions...

8 RECEIVE 900 1449454973458 

[Reducer6]: Got 91560 bytes.
8 RECEIVE 800 1449455000687 

[Reducer6]: Got 958064 bytes.
Awaiting simulation instructions...

Awaiting simulation instructions...

8 RECEIVE 1100 1449455012732 

[Reducer6]: Got 91560 bytes.
8 RECEIVE 1000 1449455040966 

[Reducer6]: Got 958488 bytes.
Awaiting simulation instructions...

Awaiting simulation instructions...

8 RECEIVE 1300 1449455054846 

[Reducer6]: Got 91560 bytes.
8 RECEIVE 1200 1449455079585 

[Reducer6]: Got 958488 bytes.
Awaiting simulation instructions...

Awaiting simulation instructions...

8 RECEIVE 1500 1449455094019 

[Reducer6]: Got 91560 bytes.
8 RECEIVE 1400 1449455120472 

[Reducer6]: Got 958312 bytes.
Awaiting simulation instructions...

Awaiting simulation instructions...

8 RECEIVE 1700 1449455135941 

[Reducer6]: Got 91136 bytes.
8 RECEIVE 1600 1449455160821 

[Reducer6]: Got 958312 bytes.
Awaiting simulation instructions...

Awaiting simulation instructions...

8 RECEIVE 1900 1449455173847 

[Reducer6]: Got 91560 bytes.
8 RECEIVE 1800 1449455199642 

[Reducer6]: Got 958312 bytes.
Awaiting simulation instructions...

Awaiting simulation instructions...

8 RECEIVE 2100 1449455214891 

[Reducer6]: Got 91136 bytes.
8 RECEIVE 2000 1449455241690 

[Reducer6]: Got 958488 bytes.
Slave finished all tasks and exited.
logger exit
