1 SEND 100 1449443678419 
1 SEND 100 1449443678448 
1 SEND 0 1449443678448 
1 SEND 0 1449443678454 
1 SEND 0 1449443678457 
1 SEND 0 1449443678457 
1 SEND 0 1449443678464 
1 SEND 0 1449443678468 
1 SEND 0 1449443678469 
1 SEND 0 1449443678469 
1 SEND 100 1449443678469 
1 SEND 100 1449443678469 
1 SEND 100 1449443678470 
1 SEND 100 1449443678470 
1 SEND 0 1449443678459 
1 SEND 0 1449443678485 
1 SEND 100 1449443678487 
1 SEND 100 1449443678492 
1 SEND 100 1449443678492 
1 SEND 100 1449443678519 
1 SEND 200 1449443678597 
1 SEND 200 1449443678608 
1 SEND 200 1449443678609 
1 SEND 200 1449443678610 
1 SEND 200 1449443678616 
1 SEND 200 1449443678616 
1 SEND 200 1449443678617 
1 SEND 200 1449443678617 
1 SEND 200 1449443678629 
1 SEND 200 1449443678630 
1 SEND 300 1449443678721 
1 SEND 300 1449443678728 
1 SEND 300 1449443678729 
1 SEND 300 1449443678729 
1 SEND 300 1449443678730 
1 SEND 300 1449443678730 
1 SEND 300 1449443678732 
1 SEND 300 1449443678738 
1 SEND 300 1449443678738 
1 SEND 300 1449443679718 
1 SEND 400 1449443738817 
1 SEND 400 1449443738885 
1 SEND 400 1449443738887 
1 SEND 400 1449443738910 
1 SEND 400 1449443738913 
1 SEND 400 1449443738915 
1 SEND 400 1449443738916 
1 SEND 400 1449443738916 
1 SEND 400 1449443738917 
1 SEND 400 1449443738918 
1 SEND 600 1449443740031 
1 SEND 600 1449443740031 
1 SEND 500 1449443740032 
1 SEND 500 1449443740033 
1 SEND 600 1449443740034 
1 SEND 500 1449443740034 
1 SEND 500 1449443740034 
1 SEND 600 1449443740035 
1 SEND 500 1449443740035 
1 SEND 500 1449443740036 
1 SEND 600 1449443740041 
1 SEND 500 1449443740041 
1 SEND 600 1449443740041 
1 SEND 500 1449443740042 
1 SEND 600 1449443740042 
1 SEND 600 1449443740045 
1 SEND 600 1449443740047 
1 SEND 500 1449443740048 
1 SEND 600 1449443740048 
1 SEND 500 1449443740047 
1 SEND 700 1449443741418 
1 SEND 700 1449443741420 
1 SEND 700 1449443741421 
1 SEND 700 1449443741422 
1 SEND 700 1449443741429 
1 SEND 700 1449443741431 
1 SEND 700 1449443741432 
1 SEND 700 1449443741431 
1 SEND 700 1449443741433 
1 SEND 700 1449443741433 
1 SEND 800 1449443799277 
1 SEND 800 1449443799279 
1 SEND 800 1449443799279 
1 SEND 800 1449443799279 
1 SEND 800 1449443799283 
1 SEND 800 1449443799288 
1 SEND 800 1449443799552 
1 SEND 800 1449443799584 
1 SEND 800 1449443799612 
1 SEND 800 1449443799614 
1 SEND 900 1449443800229 
1 SEND 1000 1449443800239 
1 SEND 1000 1449443800240 
1 SEND 1000 1449443800242 
1 SEND 1000 1449443800242 
1 SEND 1000 1449443800242 
1 SEND 1000 1449443800243 
1 SEND 1000 1449443800252 
1 SEND 1000 1449443800308 
1 SEND 900 1449443800316 
1 SEND 1000 1449443800338 
1 SEND 900 1449443800340 
1 SEND 1000 1449443800340 
1 SEND 900 1449443800340 
1 SEND 900 1449443800356 
1 SEND 900 1449443800473 
1 SEND 900 1449443800476 
1 SEND 900 1449443800483 
1 SEND 900 1449443800487 
1 SEND 1100 1449443800777 
1 SEND 1100 1449443800777 
1 SEND 1100 1449443800778 
1 SEND 1100 1449443800780 
1 SEND 1100 1449443800781 
1 SEND 1100 1449443800781 
1 SEND 1100 1449443800784 
1 SEND 1100 1449443800784 
1 SEND 1100 1449443800785 
1 SEND 1100 1449443800785 
1 SEND 900 1449443801495 
1 SEND 1200 1449443859663 
1 SEND 1200 1449443859680 
1 SEND 1200 1449443859734 
1 SEND 1200 1449443859740 
1 SEND 1200 1449443859813 
1 SEND 1200 1449443859813 
1 SEND 1200 1449443859813 
1 SEND 1200 1449443859815 
1 SEND 1200 1449443859817 
1 SEND 1200 1449443859822 
1 SEND 1300 1449443860596 
1 SEND 1300 1449443860597 
1 SEND 1300 1449443860597 
1 SEND 1300 1449443860598 
1 SEND 1300 1449443860598 
1 SEND 1300 1449443860598 
1 SEND 1300 1449443860600 
1 SEND 1300 1449443860600 
1 SEND 1400 1449443860605 
1 SEND 1400 1449443860605 
1 SEND 1300 1449443860608 
1 SEND 1300 1449443860608 
1 SEND 1400 1449443860608 
1 SEND 1400 1449443860617 
1 SEND 1500 1449443860623 
1 SEND 1400 1449443860625 
1 SEND 1400 1449443860625 
1 SEND 1400 1449443860625 
1 SEND 1500 1449443860625 
1 SEND 1400 1449443860629 
1 SEND 1500 1449443860630 
1 SEND 1500 1449443860630 
1 SEND 1500 1449443860630 
1 SEND 1400 1449443860631 
1 SEND 1400 1449443860632 
1 SEND 1500 1449443860633 
1 SEND 1500 1449443860637 
1 SEND 1500 1449443860637 
1 SEND 1500 1449443860638 
1 SEND 1500 1449443860639 
1 SEND 1600 1449443919998 
1 SEND 1600 1449443920045 
1 SEND 1600 1449443920067 
1 SEND 1600 1449443920069 
1 SEND 1600 1449443920069 
1 SEND 1600 1449443920070 
1 SEND 1600 1449443920074 
1 SEND 1600 1449443920074 
1 SEND 1600 1449443920074 
1 SEND 1600 1449443920078 
1 SEND 1800 1449443921121 
1 SEND 1800 1449443921124 
1 SEND 1800 1449443921127 
1 SEND 1800 1449443921127 
1 SEND 1800 1449443921133 
1 SEND 1800 1449443921133 
1 SEND 1800 1449443921137 
1 SEND 1800 1449443921138 
1 SEND 1700 1449443921145 
1 SEND 1700 1449443921145 
1 SEND 1700 1449443921145 
1 SEND 1700 1449443921145 
1 SEND 1800 1449443921146 
1 SEND 1800 1449443921146 
1 SEND 1700 1449443921156 
1 SEND 1700 1449443921156 
1 SEND 1700 1449443921157 
1 SEND 1700 1449443921157 
1 SEND 1700 1449443921157 
1 SEND 1700 1449443921157 
1 SEND 1900 1449443921919 
1 SEND 1900 1449443921919 
1 SEND 1900 1449443921919 
1 SEND 1900 1449443921919 
1 SEND 1900 1449443921921 
1 SEND 1900 1449443921921 
1 SEND 1900 1449443921930 
1 SEND 1900 1449443921930 
1 SEND 1900 1449443921931 
1 SEND 1900 1449443921933 
1 SEND 2000 1449443980399 
1 SEND 2000 1449443980405 
1 SEND 2000 1449443980405 
1 SEND 2000 1449443980406 
1 SEND 2000 1449443980410 
1 SEND 2000 1449443980618 
1 SEND 2000 1449443980619 
1 SEND 2000 1449443980620 
1 SEND 2000 1449443980675 
1 SEND 2000 1449443980675 
1 SEND 2100 1449443981318 
1 SEND 2100 1449443981320 
1 SEND 2100 1449443981320 
1 SEND 2100 1449443981320 
1 SEND 2100 1449443981320 
1 SEND 2100 1449443981322 
1 SEND 2100 1449443981322 
1 SEND 2100 1449443981331 
1 SEND 2200 1449443981331 
1 SEND 2200 1449443981334 
1 SEND 2200 1449443981335 
1 SEND 2200 1449443981336 
1 SEND 2200 1449443981336 
1 SEND 2100 1449443981337 
1 SEND 2100 1449443981337 
1 SEND 2200 1449443981339 
1 SEND 2200 1449443981340 
1 SEND 2200 1449443981340 
1 SEND 2200 1449443981340 
1 SEND 2200 1449443981342 
1 SEND 2300 1449443981653 
1 SEND 2300 1449443981654 
1 SEND 2300 1449443981658 
1 SEND 2300 1449443981658 
1 SEND 2300 1449443981659 
1 SEND 2300 1449443981660 
1 SEND 2300 1449443981660 
1 SEND 2300 1449443981662 
1 SEND 2300 1449443981663 
1 SEND 2300 1449443981664 
1 SEND 2400 1449444040726 
1 SEND 2400 1449444040727 
1 SEND 2400 1449444040730 
1 SEND 2400 1449444040730 
1 SEND 2400 1449444040732 
1 SEND 2400 1449444040732 
1 SEND 2400 1449444040732 
1 SEND 2400 1449444040733 
1 SEND 2400 1449444040735 
1 SEND 2400 1449444041191 
1 SEND 2500 1449444041668 
1 SEND 2500 1449444041668 
1 SEND 2500 1449444041671 
1 SEND 2500 1449444041680 
1 SEND 2600 1449444041682 
1 SEND 2600 1449444041682 
1 SEND 2500 1449444041685 
1 SEND 2600 1449444041685 
1 SEND 2500 1449444041685 
1 SEND 2600 1449444041685 
1 SEND 2600 1449444041685 
1 SEND 2500 1449444041685 
1 SEND 2600 1449444041684 
1 SEND 2600 1449444041687 
1 SEND 2600 1449444041687 
1 SEND 2500 1449444041687 
1 SEND 2600 1449444041687 
1 SEND 2500 1449444041688 
1 SEND 2500 1449444041689 
1 SEND 2600 1449444041694 
1 SEND 2700 1449444042516 
1 SEND 2700 1449444042517 
1 SEND 2700 1449444042520 
1 SEND 2700 1449444042522 
1 SEND 2700 1449444042522 
1 SEND 2700 1449444042523 
1 SEND 2700 1449444042523 
1 SEND 2700 1449444042524 
1 SEND 2700 1449444042525 
1 SEND 2700 1449444042525 
1 SEND 2800 1449444101038 
1 SEND 2800 1449444101038 
1 SEND 2800 1449444101038 
1 SEND 2800 1449444101043 
1 SEND 2800 1449444101178 
1 SEND 2800 1449444101199 
1 SEND 2800 1449444101199 
1 SEND 2800 1449444101200 
1 SEND 2800 1449444101203 
1 SEND 2800 1449444101269 
1 SEND 2900 1449444101955 
1 SEND 2900 1449444101955 
1 SEND 2900 1449444101957 
1 SEND 2900 1449444101957 
1 SEND 2900 1449444101963 
1 SEND 2900 1449444102030 
1 SEND 3000 1449444102030 
1 SEND 3000 1449444102030 
1 SEND 2900 1449444102031 
1 SEND 2900 1449444102032 
1 SEND 3000 1449444102032 
1 SEND 3000 1449444102033 
1 SEND 2900 1449444102034 
1 SEND 3000 1449444102040 
1 SEND 3000 1449444102041 
1 SEND 3000 1449444102050 
1 SEND 3000 1449444102050 
1 SEND 2900 1449444102050 
1 SEND 3000 1449444102050 
1 SEND 3000 1449444102051 
1 SEND 3100 1449444102391 
1 SEND 3100 1449444102397 
1 SEND 3100 1449444102398 
1 SEND 3100 1449444102399 
1 SEND 3100 1449444102399 
1 SEND 3100 1449444102399 
1 SEND 3100 1449444102399 
1 SEND 3100 1449444102402 
1 SEND 3100 1449444102403 
1 SEND 3100 1449444102403 
1 SEND 3200 1449444161328 
1 SEND 3200 1449444161334 
1 SEND 3200 1449444161378 
1 SEND 3200 1449444161379 
1 SEND 3200 1449444161380 
1 SEND 3200 1449444161380 
1 SEND 3200 1449444161381 
1 SEND 3200 1449444161463 
1 SEND 3200 1449444161468 
1 SEND 3200 1449444161472 
1 SEND 3300 1449444162521 
1 SEND 3400 1449444162524 
1 SEND 3400 1449444162524 
1 SEND 3300 1449444162524 
1 SEND 3300 1449444162540 
1 SEND 3300 1449444162542 
1 SEND 3300 1449444162542 
1 SEND 3300 1449444162542 
1 SEND 3400 1449444162542 
1 SEND 3400 1449444162543 
1 SEND 3400 1449444162543 
1 SEND 3400 1449444162548 
1 SEND 3300 1449444162548 
1 SEND 3400 1449444162555 
1 SEND 3400 1449444162555 
1 SEND 3400 1449444162559 
1 SEND 3300 1449444162561 
1 SEND 3300 1449444162562 
1 SEND 3400 1449444162564 
1 SEND 3300 1449444162564 
1 SEND 3500 1449444162960 
1 SEND 3500 1449444162961 
1 SEND 3500 1449444162961 
1 SEND 3500 1449444162962 
1 SEND 3500 1449444162962 
1 SEND 3500 1449444162963 
1 SEND 3500 1449444162963 
1 SEND 3500 1449444162963 
1 SEND 3500 1449444162963 
1 SEND 3500 1449444162967 
1 SEND 3600 1449444221757 
1 SEND 3600 1449444221764 
1 SEND 3600 1449444221764 
1 SEND 3600 1449444221766 
1 SEND 3600 1449444221772 
1 SEND 3600 1449444221773 
1 SEND 3600 1449444221981 
1 SEND 3600 1449444221983 
1 SEND 3600 1449444221987 
1 SEND 3600 1449444222091 
1 SEND 3700 1449444222505 
1 SEND 3800 1449444222505 
1 SEND 3700 1449444222506 
1 SEND 3700 1449444222509 
1 SEND 3700 1449444222510 
1 SEND 3700 1449444222510 
1 SEND 3800 1449444222511 
1 SEND 3800 1449444222511 
1 SEND 3700 1449444222512 
1 SEND 3800 1449444222526 
1 SEND 3800 1449444222529 
1 SEND 3700 1449444222529 
1 SEND 3800 1449444222529 
1 SEND 3800 1449444222529 
1 SEND 3800 1449444222529 
1 SEND 3800 1449444222534 
1 SEND 3700 1449444222534 
1 SEND 3700 1449444222536 
1 SEND 3800 1449444222536 
1 SEND 3700 1449444222536 
1 SEND 3900 1449444223101 
1 SEND 3900 1449444223102 
1 SEND 3900 1449444223108 
1 SEND 3900 1449444223109 
1 SEND 3900 1449444223109 
1 SEND 3900 1449444223114 
1 SEND 3900 1449444223114 
1 SEND 3900 1449444223114 
1 SEND 3900 1449444223114 
1 SEND 3900 1449444223115 
1 SEND 4000 1449444282074 
1 SEND 4000 1449444282075 
1 SEND 4000 1449444282191 
1 SEND 4000 1449444282192 
1 SEND 4000 1449444282192 
1 SEND 4000 1449444282193 
1 SEND 4000 1449444282193 
1 SEND 4000 1449444282193 
1 SEND 4000 1449444282194 
1 SEND 4000 1449444282196 
1 SEND 4100 1449444282927 
1 SEND 4100 1449444282929 
1 SEND 4100 1449444282930 
1 SEND 4100 1449444282930 
1 SEND 4200 1449444282931 
1 SEND 4200 1449444282932 
1 SEND 4100 1449444282932 
1 SEND 4200 1449444282938 
1 SEND 4200 1449444282944 
1 SEND 4200 1449444282947 
1 SEND 4200 1449444282948 
1 SEND 4100 1449444282948 
1 SEND 4100 1449444282948 
1 SEND 4100 1449444282949 
1 SEND 4100 1449444282949 
1 SEND 4200 1449444282949 
1 SEND 4200 1449444282954 
1 SEND 4200 1449444282954 
1 SEND 4100 1449444282958 
1 SEND 4200 1449444282958 
1 SEND 4300 1449444282972 
1 SEND 4300 1449444282973 
1 SEND 4300 1449444282973 
1 SEND 4300 1449444282975 
1 SEND 4300 1449444282975 
1 SEND 4300 1449444282976 
1 SEND 4300 1449444282976 
1 SEND 4300 1449444282981 
1 SEND 4300 1449444282981 
1 SEND 4300 1449444282984 
