3 RECEIVE 300 1449443687345 
3 RECEIVE 200 1449443689011 
3 RECEIVE 100 1449443689741 
3 RECEIVE 0 1449443722760 
3 RECEIVE 600 1449443751373 
3 RECEIVE 500 1449443753706 
3 RECEIVE 700 1449443756679 
3 RECEIVE 400 1449443780719 
3 RECEIVE 1000 1449443810826 
3 RECEIVE 900 1449443811730 
3 RECEIVE 1100 1449443815846 
3 RECEIVE 800 1449443839687 
3 RECEIVE 1300 1449443870267 
3 RECEIVE 1500 1449443874230 
3 RECEIVE 1400 1449443875376 
3 RECEIVE 1200 1449443902851 
3 RECEIVE 1800 1449443931379 
3 RECEIVE 1700 1449443934573 
3 RECEIVE 1900 1449443938011 
3 RECEIVE 1600 1449443961809 
3 RECEIVE 2100 1449443991599 
3 RECEIVE 2200 1449443993368 
3 RECEIVE 2300 1449443995572 
3 RECEIVE 2000 1449444022638 
3 RECEIVE 2500 1449444051656 
3 RECEIVE 2600 1449444055193 
3 RECEIVE 2700 1449444057553 
3 RECEIVE 2400 1449444081802 
3 RECEIVE 2900 1449444111660 
3 RECEIVE 3000 1449444112843 
3 RECEIVE 3100 1449444116059 
3 RECEIVE 2800 1449444140704 
3 RECEIVE 3300 1449444172951 
3 RECEIVE 3400 1449444173035 
3 RECEIVE 3500 1449444178473 
3 RECEIVE 3200 1449444204127 
3 RECEIVE 3800 1449444232529 
3 RECEIVE 3700 1449444233270 
3 RECEIVE 3900 1449444237182 
3 RECEIVE 3600 1449444265421 
3 RECEIVE 4100 1449444293717 
3 RECEIVE 4200 1449444293899 
3 RECEIVE 4300 1449444297539 
3 RECEIVE 4000 1449444318405 
