7 RECEIVE 200 1449443686210 
7 RECEIVE 100 1449443686506 
7 RECEIVE 300 1449443694724 
7 RECEIVE 0 1449443723215 
7 RECEIVE 500 1449443751918 
7 RECEIVE 600 1449443752711 
7 RECEIVE 700 1449443757392 
7 RECEIVE 400 1449443782066 
7 RECEIVE 1000 1449443810597 
7 RECEIVE 900 1449443813277 
7 RECEIVE 1100 1449443815615 
7 RECEIVE 800 1449443840608 
7 RECEIVE 1300 1449443871774 
7 RECEIVE 1500 1449443873944 
7 RECEIVE 1400 1449443874354 
7 RECEIVE 1200 1449443902258 
7 RECEIVE 1800 1449443932378 
7 RECEIVE 1700 1449443934221 
7 RECEIVE 1900 1449443936931 
7 RECEIVE 1600 1449443963207 
7 RECEIVE 2100 1449443991437 
7 RECEIVE 2200 1449443993923 
7 RECEIVE 2300 1449443996542 
7 RECEIVE 2000 1449444024302 
7 RECEIVE 2500 1449444054028 
7 RECEIVE 2600 1449444054411 
7 RECEIVE 2700 1449444057895 
7 RECEIVE 2400 1449444083905 
7 RECEIVE 2900 1449444113620 
7 RECEIVE 3000 1449444114667 
7 RECEIVE 3100 1449444116653 
7 RECEIVE 2800 1449444145116 
7 RECEIVE 3400 1449444174334 
7 RECEIVE 3300 1449444174484 
7 RECEIVE 3500 1449444178709 
7 RECEIVE 3200 1449444203796 
7 RECEIVE 3700 1449444233073 
7 RECEIVE 3800 1449444233699 
7 RECEIVE 3900 1449444237411 
7 RECEIVE 3600 1449444263219 
7 RECEIVE 4300 1449444296186 
7 RECEIVE 4100 1449444296368 
7 RECEIVE 4200 1449444298051 
7 RECEIVE 4000 1449444326450 
