4 RECEIVE 300 1449443685090 
4 RECEIVE 200 1449443686133 
4 RECEIVE 100 1449443689416 
4 RECEIVE 0 1449443721547 
4 RECEIVE 500 1449443752461 
4 RECEIVE 600 1449443753591 
4 RECEIVE 700 1449443757514 
4 RECEIVE 400 1449443781009 
4 RECEIVE 1000 1449443811182 
4 RECEIVE 900 1449443812262 
4 RECEIVE 1100 1449443814686 
4 RECEIVE 800 1449443838621 
4 RECEIVE 1300 1449443870644 
4 RECEIVE 1400 1449443872122 
4 RECEIVE 1500 1449443872617 
4 RECEIVE 1200 1449443899650 
4 RECEIVE 1800 1449443931556 
4 RECEIVE 1700 1449443933682 
4 RECEIVE 1900 1449443937547 
4 RECEIVE 1600 1449443962837 
4 RECEIVE 2200 1449443994430 
4 RECEIVE 2100 1449443994600 
4 RECEIVE 2300 1449443996108 
4 RECEIVE 2000 1449444020970 
4 RECEIVE 2500 1449444052120 
4 RECEIVE 2600 1449444053683 
4 RECEIVE 2700 1449444057199 
4 RECEIVE 2400 1449444083284 
4 RECEIVE 2900 1449444112291 
4 RECEIVE 3000 1449444114924 
4 RECEIVE 3100 1449444116893 
4 RECEIVE 2800 1449444141063 
4 RECEIVE 3300 1449444173526 
4 RECEIVE 3400 1449444173940 
4 RECEIVE 3500 1449444177217 
4 RECEIVE 3200 1449444204781 
4 RECEIVE 3700 1449444232614 
4 RECEIVE 3800 1449444232785 
4 RECEIVE 3900 1449444238687 
4 RECEIVE 3600 1449444262831 
4 RECEIVE 4100 1449444293064 
4 RECEIVE 4200 1449444293988 
4 RECEIVE 4300 1449444298221 
4 RECEIVE 4000 1449444324550 
