9 RECEIVE 200 1449443685473 
9 RECEIVE 100 1449443686850 
9 RECEIVE 300 1449443690026 
9 RECEIVE 0 1449443722182 
9 RECEIVE 500 1449443750588 
9 RECEIVE 600 1449443753220 
9 RECEIVE 700 1449443757715 
9 RECEIVE 400 1449443783147 
9 RECEIVE 1000 1449443811530 
9 RECEIVE 900 1449443813738 
9 RECEIVE 1100 1449443815960 
9 RECEIVE 800 1449443841373 
9 RECEIVE 1300 1449443870869 
9 RECEIVE 1400 1449443873674 
9 RECEIVE 1500 1449443875237 
9 RECEIVE 1200 1449443903733 
9 RECEIVE 1800 1449443933329 
9 RECEIVE 1700 1449443933876 
9 RECEIVE 1900 1449443938202 
9 RECEIVE 1600 1449443963807 
9 RECEIVE 2200 1449443992703 
9 RECEIVE 2100 1449443994316 
9 RECEIVE 2300 1449443996926 
9 RECEIVE 2000 1449444024001 
9 RECEIVE 2500 1449444053250 
9 RECEIVE 2600 1449444053798 
9 RECEIVE 2700 1449444058776 
9 RECEIVE 2400 1449444084198 
9 RECEIVE 3000 1449444114004 
9 RECEIVE 2900 1449444115201 
9 RECEIVE 3100 1449444117439 
9 RECEIVE 2800 1449444144496 
9 RECEIVE 3400 1449444174891 
9 RECEIVE 3300 1449444175757 
9 RECEIVE 3500 1449444178051 
9 RECEIVE 3200 1449444205101 
9 RECEIVE 3700 1449444234104 
9 RECEIVE 3800 1449444235157 
9 RECEIVE 3900 1449444237833 
9 RECEIVE 3600 1449444264479 
9 RECEIVE 4100 1449444295019 
9 RECEIVE 4200 1449444295375 
9 RECEIVE 4300 1449444298248 
9 RECEIVE 4000 1449444325869 
