11 RECEIVE 200 1449443684724 
11 RECEIVE 300 1449443688309 
11 RECEIVE 100 1449443690656 
11 RECEIVE 0 1449443721297 
11 RECEIVE 600 1449443751823 
11 RECEIVE 500 1449443753752 
11 RECEIVE 700 1449443756510 
11 RECEIVE 400 1449443782745 
11 RECEIVE 1000 1449443812509 
11 RECEIVE 1100 1449443816006 
11 RECEIVE 900 1449443817540 
11 RECEIVE 800 1449443843360 
11 RECEIVE 1400 1449443875358 
11 RECEIVE 1500 1449443875557 
11 RECEIVE 1300 1449443878676 
11 RECEIVE 1200 1449443904043 
11 RECEIVE 1800 1449443932569 
11 RECEIVE 1700 1449443934723 
11 RECEIVE 1900 1449443937765 
11 RECEIVE 1600 1449443962217 
11 RECEIVE 2100 1449443993176 
11 RECEIVE 2200 1449443993896 
11 RECEIVE 2300 1449443996370 
11 RECEIVE 2000 1449444023510 
11 RECEIVE 2600 1449444053429 
11 RECEIVE 2500 1449444054212 
11 RECEIVE 2700 1449444058511 
11 RECEIVE 2400 1449444084477 
11 RECEIVE 2900 1449444114819 
11 RECEIVE 3000 1449444115069 
11 RECEIVE 3100 1449444117570 
11 RECEIVE 2800 1449444145417 
11 RECEIVE 3300 1449444175245 
11 RECEIVE 3400 1449444176126 
11 RECEIVE 3500 1449444178272 
11 RECEIVE 3200 1449444205692 
11 RECEIVE 3800 1449444234698 
11 RECEIVE 3700 1449444235023 
11 RECEIVE 3900 1449444238306 
11 RECEIVE 3600 1449444266101 
11 RECEIVE 4100 1449444295783 
11 RECEIVE 4200 1449444295926 
11 RECEIVE 4300 1449444296981 
11 RECEIVE 4000 1449444325569 
