6 RECEIVE 200 1449443685653 
6 RECEIVE 100 1449443687853 
6 RECEIVE 300 1449443688819 
6 RECEIVE 0 1449443721190 
6 RECEIVE 500 1449443750392 
6 RECEIVE 600 1449443752585 
6 RECEIVE 700 1449443758132 
6 RECEIVE 400 1449443781563 
6 RECEIVE 1000 1449443810396 
6 RECEIVE 900 1449443812405 
6 RECEIVE 1100 1449443816101 
6 RECEIVE 800 1449443840298 
6 RECEIVE 1300 1449443871391 
6 RECEIVE 1500 1449443874106 
6 RECEIVE 1400 1449443874708 
6 RECEIVE 1200 1449443901996 
6 RECEIVE 1800 1449443931771 
6 RECEIVE 1700 1449443932961 
6 RECEIVE 1900 1449443937571 
6 RECEIVE 1600 1449443962314 
6 RECEIVE 2100 1449443991781 
6 RECEIVE 2200 1449443992284 
6 RECEIVE 2300 1449443995754 
6 RECEIVE 2000 1449444023691 
6 RECEIVE 2600 1449444054756 
6 RECEIVE 2500 1449444055149 
6 RECEIVE 2700 1449444058693 
6 RECEIVE 2400 1449444082644 
6 RECEIVE 2900 1449444112375 
6 RECEIVE 3000 1449444114447 
6 RECEIVE 3100 1449444117238 
6 RECEIVE 2800 1449444144806 
6 RECEIVE 3300 1449444173335 
6 RECEIVE 3400 1449444174107 
6 RECEIVE 3500 1449444178442 
6 RECEIVE 3200 1449444202118 
6 RECEIVE 3700 1449444233335 
6 RECEIVE 3800 1449444235365 
6 RECEIVE 3900 1449444237612 
6 RECEIVE 3600 1449444265615 
6 RECEIVE 4100 1449444294151 
6 RECEIVE 4200 1449444294846 
6 RECEIVE 4300 1449444297888 
6 RECEIVE 4000 1449444324618 
