5 RECEIVE 100 1449443689310 
5 RECEIVE 200 1449443689722 
5 RECEIVE 300 1449443692619 
5 RECEIVE 0 1449443718156 
5 RECEIVE 500 1449443750837 
5 RECEIVE 600 1449443752291 
5 RECEIVE 700 1449443757909 
5 RECEIVE 400 1449443781397 
5 RECEIVE 1000 1449443810185 
5 RECEIVE 900 1449443812710 
5 RECEIVE 1100 1449443815200 
5 RECEIVE 800 1449443842703 
5 RECEIVE 1300 1449443871123 
5 RECEIVE 1400 1449443873127 
5 RECEIVE 1500 1449443875632 
5 RECEIVE 1200 1449443896656 
5 RECEIVE 1800 1449443931938 
5 RECEIVE 1700 1449443932770 
5 RECEIVE 1900 1449443937115 
5 RECEIVE 1600 1449443962517 
5 RECEIVE 2100 1449443992006 
5 RECEIVE 2200 1449443994047 
5 RECEIVE 2300 1449443995400 
5 RECEIVE 2000 1449444020699 
5 RECEIVE 2500 1449444052969 
5 RECEIVE 2600 1449444053079 
5 RECEIVE 2700 1449444057784 
5 RECEIVE 2400 1449444083565 
5 RECEIVE 2900 1449444111982 
5 RECEIVE 3000 1449444113341 
5 RECEIVE 3100 1449444116481 
5 RECEIVE 2800 1449444140384 
5 RECEIVE 3300 1449444175774 
5 RECEIVE 3400 1449444176205 
5 RECEIVE 3500 1449444177331 
5 RECEIVE 3200 1449444204448 
5 RECEIVE 3700 1449444231927 
5 RECEIVE 3800 1449444235319 
5 RECEIVE 3900 1449444237239 
5 RECEIVE 3600 1449444262521 
5 RECEIVE 4100 1449444293569 
5 RECEIVE 4200 1449444294399 
5 RECEIVE 4300 1449444296799 
5 RECEIVE 4000 1449444324463 
