8 RECEIVE 100 1449443685292 
8 RECEIVE 300 1449443688928 
8 RECEIVE 200 1449443689120 
8 RECEIVE 0 1449443722533 
8 RECEIVE 600 1449443753429 
8 RECEIVE 500 1449443753824 
8 RECEIVE 700 1449443758069 
8 RECEIVE 400 1449443781718 
8 RECEIVE 1000 1449443810993 
8 RECEIVE 900 1449443813479 
8 RECEIVE 1100 1449443815763 
8 RECEIVE 800 1449443843060 
8 RECEIVE 1300 1449443871612 
8 RECEIVE 1500 1449443875074 
8 RECEIVE 1400 1449443875302 
8 RECEIVE 1200 1449443903442 
8 RECEIVE 1800 1449443932119 
8 RECEIVE 1700 1449443933132 
8 RECEIVE 1900 1449443937984 
8 RECEIVE 1600 1449443963497 
8 RECEIVE 2100 1449443991198 
8 RECEIVE 2200 1449443993705 
8 RECEIVE 2300 1449443995926 
8 RECEIVE 2000 1449444021242 
8 RECEIVE 2600 1449444052936 
8 RECEIVE 2500 1449444055166 
8 RECEIVE 2700 1449444058067 
8 RECEIVE 2400 1449444082935 
8 RECEIVE 3000 1449444114274 
8 RECEIVE 2900 1449444115382 
8 RECEIVE 3100 1449444116241 
8 RECEIVE 2800 1449444144186 
8 RECEIVE 3300 1449444175478 
8 RECEIVE 3400 1449444176080 
8 RECEIVE 3500 1449444177850 
8 RECEIVE 3200 1449444203486 
8 RECEIVE 3800 1449444233517 
8 RECEIVE 3700 1449444234822 
8 RECEIVE 3900 1449444238660 
8 RECEIVE 3600 1449444265596 
8 RECEIVE 4200 1449444294675 
8 RECEIVE 4300 1449444297760 
8 RECEIVE 4100 1449444298165 
8 RECEIVE 4000 1449444324832 
