Awaiting simulation instructions...

Awaiting simulation instructions...

Awaiting simulation instructions...

Awaiting simulation instructions...

11 RECEIVE 200 1449445004273 

[Reducer9]: Got 89352 bytes.
11 RECEIVE 100 1449445007277 

[Reducer9]: Got 91136 bytes.
[Reducer9]: Got 958152 bytes.
11 RECEIVE 0 1449445037297 

Awaiting simulation instructions...

Awaiting simulation instructions...

Awaiting simulation instructions...

11 RECEIVE 500 1449445070037 

[Reducer9]: Got 91560 bytes.
11 RECEIVE 400 1449445070391 

[Reducer9]: Got 91560 bytes.
11 RECEIVE 300 1449445097305 

[Reducer9]: Got 956016 bytes.
Awaiting simulation instructions...

Awaiting simulation instructions...

Awaiting simulation instructions...

[Reducer9]: Got 91136 bytes.
11 RECEIVE 800 1449445130619 

11 RECEIVE 700 1449445131602 

[Reducer9]: Got 91136 bytes.
11 RECEIVE 600 1449445158976 

[Reducer9]: Got 956616 bytes.
Awaiting simulation instructions...

Awaiting simulation instructions...

Awaiting simulation instructions...

11 RECEIVE 1000 1449445192605 

[Reducer9]: Got 91136 bytes.
11 RECEIVE 1100 1449445192623 

[Reducer9]: Got 91136 bytes.
11 RECEIVE 900 1449445219046 

[Reducer9]: Got 956280 bytes.
Awaiting simulation instructions...

Awaiting simulation instructions...

Awaiting simulation instructions...

11 RECEIVE 1300 1449445250526 

[Reducer9]: Got 91136 bytes.
11 RECEIVE 1400 1449445251414 

[Reducer9]: Got 91136 bytes.
11 RECEIVE 1200 1449445279478 

[Reducer9]: Got 958488 bytes.
Awaiting simulation instructions...

Awaiting simulation instructions...

Awaiting simulation instructions...

11 RECEIVE 1600 1449445311748 

[Reducer9]: Got 90112 bytes.
11 RECEIVE 1700 1449445312852 

[Reducer9]: Got 91136 bytes.
11 RECEIVE 1500 1449445338892 

[Reducer9]: Got 958152 bytes.
Awaiting simulation instructions...

Awaiting simulation instructions...

Awaiting simulation instructions...

11 RECEIVE 1900 1449445373348 

[Reducer9]: Got 91560 bytes.
11 RECEIVE 2000 1449445373773 

[Reducer9]: Got 91136 bytes.
11 RECEIVE 1800 1449445399351 

[Reducer9]: Got 957304 bytes.
Awaiting simulation instructions...

Awaiting simulation instructions...

Awaiting simulation instructions...

11 RECEIVE 2300 1449445432399 

[Reducer9]: Got 91136 bytes.
11 RECEIVE 2200 1449445432531 

[Reducer9]: Got 91136 bytes.
11 RECEIVE 2100 1449445459043 

[Reducer9]: Got 958488 bytes.
Awaiting simulation instructions...

Awaiting simulation instructions...

Awaiting simulation instructions...

11 RECEIVE 2600 1449445491177 

[Reducer9]: Got 91560 bytes.
11 RECEIVE 2500 1449445492244 

[Reducer9]: Got 91560 bytes.
11 RECEIVE 2400 1449445520620 

[Reducer9]: Got 958488 bytes.
Awaiting simulation instructions...

Awaiting simulation instructions...

Awaiting simulation instructions...

11 RECEIVE 2900 1449445552442 

[Reducer9]: Got 91560 bytes.
11 RECEIVE 2800 1449445553398 

[Reducer9]: Got 91560 bytes.
11 RECEIVE 2700 1449445579310 

[Reducer9]: Got 957304 bytes.
Awaiting simulation instructions...

Awaiting simulation instructions...

Awaiting simulation instructions...

[Reducer9]: Got 91560 bytes.
11 RECEIVE 3100 1449445610771 

11 RECEIVE 3200 1449445613687 

[Reducer9]: Got 91560 bytes.
11 RECEIVE 3000 1449445640870 

[Reducer9]: Got 957464 bytes.
Slave finished all tasks and exited.
logger exit
