Awaiting simulation instructions...

Awaiting simulation instructions...

Awaiting simulation instructions...

Awaiting simulation instructions...

9 RECEIVE 100 1449445002628 

[Reducer7]: Got 89352 bytes.
9 RECEIVE 200 1449445005795 

[Reducer7]: Got 90112 bytes.
9 RECEIVE 0 1449445034243 

[Reducer7]: Got 958152 bytes.
Awaiting simulation instructions...

Awaiting simulation instructions...

Awaiting simulation instructions...

9 RECEIVE 500 1449445068285 

[Reducer7]: Got 90536 bytes.
[Reducer7]: Got 90536 bytes.
9 RECEIVE 400 1449445068674 

[Reducer7]: Got 956016 bytes.
9 RECEIVE 300 1449445098314 

Awaiting simulation instructions...

Awaiting simulation instructions...

Awaiting simulation instructions...

[Reducer7]: Got 91136 bytes.
9 RECEIVE 800 1449445130646 

9 RECEIVE 700 1449445131223 

[Reducer7]: Got 91136 bytes.
9 RECEIVE 600 1449445156299 

[Reducer7]: Got 958488 bytes.
Awaiting simulation instructions...

Awaiting simulation instructions...

Awaiting simulation instructions...

9 RECEIVE 1100 1449445191417 

[Reducer7]: Got 91136 bytes.
9 RECEIVE 1000 1449445191897 

[Reducer7]: Got 91136 bytes.
9 RECEIVE 900 1449445218465 

[Reducer7]: Got 957304 bytes.
Awaiting simulation instructions...

Awaiting simulation instructions...

Awaiting simulation instructions...

9 RECEIVE 1300 1449445249694 

[Reducer7]: Got 91136 bytes.
9 RECEIVE 1400 1449445250677 

[Reducer7]: Got 89352 bytes.
9 RECEIVE 1200 1449445278965 

[Reducer7]: Got 957464 bytes.
Awaiting simulation instructions...

Awaiting simulation instructions...

Awaiting simulation instructions...

9 RECEIVE 1700 1449445312576 

[Reducer7]: Got 91136 bytes.
9 RECEIVE 1600 1449445312949 

[Reducer7]: Got 91136 bytes.
9 RECEIVE 1500 1449445339258 

[Reducer7]: Got 958152 bytes.
Awaiting simulation instructions...

Awaiting simulation instructions...

Awaiting simulation instructions...

9 RECEIVE 2000 1449445370845 

[Reducer7]: Got 91560 bytes.
9 RECEIVE 1900 1449445372632 

[Reducer7]: Got 91560 bytes.
9 RECEIVE 1800 1449445399561 

[Reducer7]: Got 956880 bytes.
Awaiting simulation instructions...

Awaiting simulation instructions...

Awaiting simulation instructions...

9 RECEIVE 2200 1449445430787 

[Reducer7]: Got 91560 bytes.
[Reducer7]: Got 91560 bytes.
9 RECEIVE 2300 1449445431468 

9 RECEIVE 2100 1449445459953 

[Reducer7]: Got 957464 bytes.
Awaiting simulation instructions...

Awaiting simulation instructions...

Awaiting simulation instructions...

9 RECEIVE 2600 1449445493384 

[Reducer7]: Got 91560 bytes.
[Reducer7]: Got 91560 bytes.
9 RECEIVE 2500 1449445494122 

9 RECEIVE 2400 1449445519869 

[Reducer7]: Got 958488 bytes.
Awaiting simulation instructions...

Awaiting simulation instructions...

Awaiting simulation instructions...

9 RECEIVE 2800 1449445550203 

[Reducer7]: Got 91560 bytes.
9 RECEIVE 2900 1449445553266 

[Reducer7]: Got 91560 bytes.
9 RECEIVE 2700 1449445580549 

[Reducer7]: Got 959512 bytes.
Awaiting simulation instructions...

Awaiting simulation instructions...

Awaiting simulation instructions...

9 RECEIVE 3100 1449445613733 

[Reducer7]: Got 91560 bytes.
9 RECEIVE 3200 1449445613939 

[Reducer7]: Got 90112 bytes.
9 RECEIVE 3000 1449445639033 

[Reducer7]: Got 957304 bytes.
Slave finished all tasks and exited.
logger exit
