Awaiting simulation instructions...

Awaiting simulation instructions...

Awaiting simulation instructions...

Awaiting simulation instructions...

4 RECEIVE 100 1449445003654 

[Reducer2]: Got 89352 bytes.
4 RECEIVE 200 1449445005155 

[Reducer2]: Got 92248 bytes.
4 RECEIVE 0 1449445036967 

[Reducer2]: Got 958328 bytes.
Awaiting simulation instructions...

Awaiting simulation instructions...

Awaiting simulation instructions...

4 RECEIVE 400 1449445069072 

[Reducer2]: Got 91560 bytes.
4 RECEIVE 500 1449445070650 

[Reducer2]: Got 91560 bytes.
4 RECEIVE 300 1449445096688 

[Reducer2]: Got 953968 bytes.
Awaiting simulation instructions...

Awaiting simulation instructions...

Awaiting simulation instructions...

4 RECEIVE 700 1449445128427 

[Reducer2]: Got 90536 bytes.
4 RECEIVE 800 1449445129680 

[Reducer2]: Got 91560 bytes.
[Reducer2]: Got 955592 bytes.
4 RECEIVE 600 1449445158316 

Awaiting simulation instructions...

Awaiting simulation instructions...

Awaiting simulation instructions...

4 RECEIVE 1000 1449445189241 

[Reducer2]: Got 91560 bytes.
4 RECEIVE 1100 1449445190403 

[Reducer2]: Got 91136 bytes.
4 RECEIVE 900 1449445217544 

[Reducer2]: Got 957464 bytes.
Awaiting simulation instructions...

Awaiting simulation instructions...

Awaiting simulation instructions...

4 RECEIVE 1300 1449445250373 

[Reducer2]: Got 91560 bytes.
[Reducer2]: Got 91136 bytes.
4 RECEIVE 1400 1449445251291 

4 RECEIVE 1200 1449445278287 

[Reducer2]: Got 956616 bytes.
Awaiting simulation instructions...

Awaiting simulation instructions...

Awaiting simulation instructions...

4 RECEIVE 1600 1449445311532 

[Reducer2]: Got 91560 bytes.
[Reducer2]: Got 91136 bytes.
4 RECEIVE 1700 1449445311627 

4 RECEIVE 1500 1449445337874 

[Reducer2]: Got 958488 bytes.
Awaiting simulation instructions...

Awaiting simulation instructions...

Awaiting simulation instructions...

[Reducer2]: Got 91560 bytes.
4 RECEIVE 1900 1449445372414 

4 RECEIVE 2000 1449445373282 

[Reducer2]: Got 91560 bytes.
4 RECEIVE 1800 1449445394883 

[Reducer2]: Got 958552 bytes.
Awaiting simulation instructions...

Awaiting simulation instructions...

Awaiting simulation instructions...

4 RECEIVE 2200 1449445429792 

[Reducer2]: Got 90536 bytes.
4 RECEIVE 2300 1449445431776 

[Reducer2]: Got 91136 bytes.
4 RECEIVE 2100 1449445453217 

[Reducer2]: Got 964280 bytes.
Awaiting simulation instructions...

Awaiting simulation instructions...

Awaiting simulation instructions...

4 RECEIVE 2500 1449445491926 

[Reducer2]: Got 91560 bytes.
4 RECEIVE 2600 1449445493241 

[Reducer2]: Got 91136 bytes.
4 RECEIVE 2400 1449445517203 

[Reducer2]: Got 957464 bytes.
Awaiting simulation instructions...

Awaiting simulation instructions...

Awaiting simulation instructions...

4 RECEIVE 2800 1449445551258 

[Reducer2]: Got 91560 bytes.
4 RECEIVE 2900 1449445553437 

[Reducer2]: Got 91560 bytes.
4 RECEIVE 2700 1449445579873 

[Reducer2]: Got 959336 bytes.
Awaiting simulation instructions...

Awaiting simulation instructions...

Awaiting simulation instructions...

4 RECEIVE 3100 1449445610369 

[Reducer2]: Got 91560 bytes.
4 RECEIVE 3200 1449445611118 

[Reducer2]: Got 91560 bytes.
4 RECEIVE 3000 1449445637986 

[Reducer2]: Got 958312 bytes.
Slave finished all tasks and exited.
logger exit
