Awaiting simulation instructions...

Awaiting simulation instructions...

Awaiting simulation instructions...

Awaiting simulation instructions...

6 RECEIVE 200 1449445006125 

[Reducer4]: Got 90112 bytes.
6 RECEIVE 100 1449445006966 

[Reducer4]: Got 90112 bytes.
[Reducer4]: Got 958064 bytes.
6 RECEIVE 0 1449445038312 

Awaiting simulation instructions...

Awaiting simulation instructions...

Awaiting simulation instructions...

6 RECEIVE 500 1449445069396 

[Reducer4]: Got 91560 bytes.
6 RECEIVE 400 1449445069578 

[Reducer4]: Got 91136 bytes.
6 RECEIVE 300 1449445097692 

[Reducer4]: Got 957464 bytes.
Awaiting simulation instructions...

Awaiting simulation instructions...

Awaiting simulation instructions...

6 RECEIVE 700 1449445129518 

[Reducer4]: Got 91136 bytes.
6 RECEIVE 800 1449445131507 

[Reducer4]: Got 91136 bytes.
6 RECEIVE 600 1449445157685 

[Reducer4]: Got 956616 bytes.
Awaiting simulation instructions...

Awaiting simulation instructions...

Awaiting simulation instructions...

6 RECEIVE 1000 1449445190201 

[Reducer4]: Got 91136 bytes.
6 RECEIVE 1100 1449445192079 

[Reducer4]: Got 91136 bytes.
6 RECEIVE 900 1449445218145 

[Reducer4]: Got 957304 bytes.
Awaiting simulation instructions...

Awaiting simulation instructions...

Awaiting simulation instructions...

6 RECEIVE 1300 1449445248220 

[Reducer4]: Got 90536 bytes.
6 RECEIVE 1400 1449445249779 

[Reducer4]: Got 91136 bytes.
6 RECEIVE 1200 1449445274058 

[Reducer4]: Got 958488 bytes.
Awaiting simulation instructions...

Awaiting simulation instructions...

Awaiting simulation instructions...

6 RECEIVE 1600 1449445309852 

[Reducer4]: Got 91560 bytes.
6 RECEIVE 1700 1449445310979 

[Reducer4]: Got 91136 bytes.
6 RECEIVE 1500 1449445337157 

[Reducer4]: Got 957288 bytes.
Awaiting simulation instructions...

Awaiting simulation instructions...

Awaiting simulation instructions...

[Reducer4]: Got 91560 bytes.
6 RECEIVE 1900 1449445371569 

6 RECEIVE 2000 1449445373054 

[Reducer4]: Got 91136 bytes.
6 RECEIVE 1800 1449445397724 

[Reducer4]: Got 958312 bytes.
Awaiting simulation instructions...

Awaiting simulation instructions...

Awaiting simulation instructions...

6 RECEIVE 2300 1449445430590 

[Reducer4]: Got 90536 bytes.
6 RECEIVE 2200 1449445432621 

[Reducer4]: Got 90112 bytes.
6 RECEIVE 2100 1449445459324 

[Reducer4]: Got 957464 bytes.
Awaiting simulation instructions...

Awaiting simulation instructions...

Awaiting simulation instructions...

6 RECEIVE 2600 1449445490898 

[Reducer4]: Got 91560 bytes.
6 RECEIVE 2500 1449445493071 

[Reducer4]: Got 91560 bytes.
6 RECEIVE 2400 1449445514770 

[Reducer4]: Got 956600 bytes.
Awaiting simulation instructions...

Awaiting simulation instructions...

Awaiting simulation instructions...

6 RECEIVE 2800 1449445550567 

[Reducer4]: Got 91560 bytes.
6 RECEIVE 2900 1449445552905 

[Reducer4]: Got 91136 bytes.
6 RECEIVE 2700 1449445580232 

[Reducer4]: Got 959512 bytes.
Awaiting simulation instructions...

Awaiting simulation instructions...

Awaiting simulation instructions...

[Reducer4]: Got 91136 bytes.
6 RECEIVE 3100 1449445611821 

[Reducer4]: Got 91560 bytes.
6 RECEIVE 3200 1449445612462 

6 RECEIVE 3000 1449445638646 

[Reducer4]: Got 956440 bytes.
Slave finished all tasks and exited.
logger exit
