Awaiting simulation instructions...

Awaiting simulation instructions...

Awaiting simulation instructions...

Awaiting simulation instructions...

5 RECEIVE 200 1449445002375 

[Reducer3]: Got 89528 bytes.
5 RECEIVE 100 1449445003159 

[Reducer3]: Got 90376 bytes.
5 RECEIVE 0 1449445035319 

[Reducer3]: Got 958376 bytes.
Awaiting simulation instructions...

Awaiting simulation instructions...

Awaiting simulation instructions...

5 RECEIVE 400 1449445067628 

[Reducer3]: Got 91560 bytes.
5 RECEIVE 500 1449445071422 

[Reducer3]: Got 91136 bytes.
5 RECEIVE 300 1449445097047 

[Reducer3]: Got 958312 bytes.
Awaiting simulation instructions...

Awaiting simulation instructions...

Awaiting simulation instructions...

5 RECEIVE 700 1449445128987 

[Reducer3]: Got 91560 bytes.
5 RECEIVE 800 1449445131405 

[Reducer3]: Got 91136 bytes.
5 RECEIVE 600 1449445158035 

[Reducer3]: Got 957464 bytes.
Awaiting simulation instructions...

Awaiting simulation instructions...

Awaiting simulation instructions...

[Reducer3]: Got 91136 bytes.
5 RECEIVE 1000 1449445189731 

5 RECEIVE 1100 1449445192241 

[Reducer3]: Got 91136 bytes.
5 RECEIVE 900 1449445217234 

[Reducer3]: Got 958312 bytes.
Awaiting simulation instructions...

Awaiting simulation instructions...

Awaiting simulation instructions...

5 RECEIVE 1300 1449445248962 

[Reducer3]: Got 90536 bytes.
5 RECEIVE 1400 1449445249430 

[Reducer3]: Got 89512 bytes.
5 RECEIVE 1200 1449445275095 

[Reducer3]: Got 958312 bytes.
Awaiting simulation instructions...

Awaiting simulation instructions...

Awaiting simulation instructions...

5 RECEIVE 1600 1449445310594 

[Reducer3]: Got 91560 bytes.
5 RECEIVE 1700 1449445311437 

[Reducer3]: Got 91136 bytes.
5 RECEIVE 1500 1449445336817 

[Reducer3]: Got 958312 bytes.
Awaiting simulation instructions...

Awaiting simulation instructions...

Awaiting simulation instructions...

5 RECEIVE 1900 1449445371989 

[Reducer3]: Got 91560 bytes.
5 RECEIVE 2000 1449445373690 

[Reducer3]: Got 91136 bytes.
5 RECEIVE 1800 1449445397336 

[Reducer3]: Got 957288 bytes.
Awaiting simulation instructions...

Awaiting simulation instructions...

Awaiting simulation instructions...

5 RECEIVE 2200 1449445430087 

[Reducer3]: Got 90536 bytes.
5 RECEIVE 2300 1449445432475 

[Reducer3]: Got 91136 bytes.
5 RECEIVE 2100 1449445457879 

[Reducer3]: Got 957288 bytes.
Awaiting simulation instructions...

Awaiting simulation instructions...

Awaiting simulation instructions...

5 RECEIVE 2600 1449445493663 

[Reducer3]: Got 91560 bytes.
5 RECEIVE 2500 1449445493916 

[Reducer3]: Got 91560 bytes.
5 RECEIVE 2400 1449445513034 

[Reducer3]: Got 956920 bytes.
Awaiting simulation instructions...

Awaiting simulation instructions...

Awaiting simulation instructions...

5 RECEIVE 2900 1449445553191 

[Reducer3]: Got 91560 bytes.
5 RECEIVE 2800 1449445553738 

[Reducer3]: Got 91560 bytes.
5 RECEIVE 2700 1449445576974 

[Reducer3]: Got 959336 bytes.
Awaiting simulation instructions...

Awaiting simulation instructions...

Awaiting simulation instructions...

5 RECEIVE 3200 1449445610590 

[Reducer3]: Got 91560 bytes.
5 RECEIVE 3100 1449445613500 

[Reducer3]: Got 91560 bytes.
5 RECEIVE 3000 1449445638306 

[Reducer3]: Got 958488 bytes.
Slave finished all tasks and exited.
logger exit
