Awaiting simulation instructions...

Awaiting simulation instructions...

Awaiting simulation instructions...

Awaiting simulation instructions...

7 RECEIVE 100 1449445002694 

[Reducer5]: Got 89352 bytes.
7 RECEIVE 200 1449445006110 

[Reducer5]: Got 90112 bytes.
7 RECEIVE 0 1449445038056 

[Reducer5]: Got 958912 bytes.
Awaiting simulation instructions...

Awaiting simulation instructions...

Awaiting simulation instructions...

7 RECEIVE 500 1449445068904 

[Reducer5]: Got 90536 bytes.
7 RECEIVE 400 1449445069731 

[Reducer5]: Got 91560 bytes.
7 RECEIVE 300 1449445098198 

[Reducer5]: Got 956016 bytes.
Awaiting simulation instructions...

Awaiting simulation instructions...

Awaiting simulation instructions...

7 RECEIVE 800 1449445129794 

[Reducer5]: Got 91136 bytes.
7 RECEIVE 700 1449445129850 

[Reducer5]: Got 91560 bytes.
7 RECEIVE 600 1449445155049 

[Reducer5]: Got 958312 bytes.
Awaiting simulation instructions...

Awaiting simulation instructions...

Awaiting simulation instructions...

7 RECEIVE 1000 1449445191235 

[Reducer5]: Got 91136 bytes.
7 RECEIVE 1100 1449445191598 

[Reducer5]: Got 91136 bytes.
7 RECEIVE 900 1449445217214 

[Reducer5]: Got 956616 bytes.
Awaiting simulation instructions...

Awaiting simulation instructions...

Awaiting simulation instructions...

[Reducer5]: Got 91560 bytes.
7 RECEIVE 1300 1449445250230 

7 RECEIVE 1400 1449445251031 

[Reducer5]: Got 89352 bytes.
7 RECEIVE 1200 1449445278635 

[Reducer5]: Got 957464 bytes.
Awaiting simulation instructions...

Awaiting simulation instructions...

Awaiting simulation instructions...

7 RECEIVE 1600 1449445310140 

[Reducer5]: Got 91560 bytes.
7 RECEIVE 1700 1449445311911 

[Reducer5]: Got 90112 bytes.
7 RECEIVE 1500 1449445335722 

[Reducer5]: Got 956280 bytes.
Awaiting simulation instructions...

Awaiting simulation instructions...

Awaiting simulation instructions...

7 RECEIVE 2000 1449445373625 

[Reducer5]: Got 91136 bytes.
7 RECEIVE 1900 1449445373746 

[Reducer5]: Got 91136 bytes.
7 RECEIVE 1800 1449445393962 

[Reducer5]: Got 958312 bytes.
Awaiting simulation instructions...

Awaiting simulation instructions...

Awaiting simulation instructions...

7 RECEIVE 2300 1449445430336 

[Reducer5]: Got 90536 bytes.
[Reducer5]: Got 91136 bytes.
7 RECEIVE 2200 1449445430959 

7 RECEIVE 2100 1449445458209 

[Reducer5]: Got 957288 bytes.
Awaiting simulation instructions...

Awaiting simulation instructions...

Awaiting simulation instructions...

7 RECEIVE 2600 1449445492484 

[Reducer5]: Got 91560 bytes.
7 RECEIVE 2500 1449445493953 

[Reducer5]: Got 91560 bytes.
[Reducer5]: Got 957288 bytes.
7 RECEIVE 2400 1449445518156 

Awaiting simulation instructions...

Awaiting simulation instructions...

Awaiting simulation instructions...

7 RECEIVE 2800 1449445551584 

[Reducer5]: Got 91560 bytes.
7 RECEIVE 2900 1449445553461 

[Reducer5]: Got 91560 bytes.
7 RECEIVE 2700 1449445580859 

[Reducer5]: Got 958488 bytes.
Awaiting simulation instructions...

Awaiting simulation instructions...

Awaiting simulation instructions...

7 RECEIVE 3200 1449445612816 

[Reducer5]: Got 90112 bytes.
[Reducer5]: Got 91560 bytes.
7 RECEIVE 3100 1449445613555 

7 RECEIVE 3000 1449445641180 

[Reducer5]: Got 957464 bytes.
Slave finished all tasks and exited.
logger exit
