Awaiting simulation instructions...

Awaiting simulation instructions...

Awaiting simulation instructions...

Awaiting simulation instructions...

2 RECEIVE 200 1449445003363 

[Reducer0]: Got 89528 bytes.
2 RECEIVE 100 1449445005334 

[Reducer0]: Got 90112 bytes.
2 RECEIVE 0 1449445038806 

[Reducer0]: Got 958912 bytes.
Awaiting simulation instructions...

Awaiting simulation instructions...

Awaiting simulation instructions...

2 RECEIVE 500 1449445070257 

[Reducer0]: Got 91560 bytes.
2 RECEIVE 400 1449445070896 

[Reducer0]: Got 91560 bytes.
2 RECEIVE 300 1449445087414 

[Reducer0]: Got 958968 bytes.
Awaiting simulation instructions...

Awaiting simulation instructions...

Awaiting simulation instructions...

2 RECEIVE 700 1449445128236 

[Reducer0]: Got 90536 bytes.
2 RECEIVE 800 1449445128608 

[Reducer0]: Got 90536 bytes.
2 RECEIVE 600 1449445152897 

[Reducer0]: Got 958488 bytes.
Awaiting simulation instructions...

Awaiting simulation instructions...

Awaiting simulation instructions...

2 RECEIVE 1000 1449445189462 

[Reducer0]: Got 91560 bytes.
2 RECEIVE 1100 1449445190048 

[Reducer0]: Got 91136 bytes.
2 RECEIVE 900 1449445212044 

[Reducer0]: Got 959992 bytes.
Awaiting simulation instructions...

Awaiting simulation instructions...

Awaiting simulation instructions...

2 RECEIVE 1400 1449445248522 

[Reducer0]: Got 90536 bytes.
[Reducer0]: Got 90536 bytes.
2 RECEIVE 1300 1449445248742 

2 RECEIVE 1200 1449445277839 

[Reducer0]: Got 959336 bytes.
Awaiting simulation instructions...

Awaiting simulation instructions...

Awaiting simulation instructions...

2 RECEIVE 1700 1449445309670 

[Reducer0]: Got 91560 bytes.
2 RECEIVE 1600 1449445311180 

[Reducer0]: Got 91560 bytes.
2 RECEIVE 1500 1449445336168 

[Reducer0]: Got 958312 bytes.
Awaiting simulation instructions...

Awaiting simulation instructions...

Awaiting simulation instructions...

2 RECEIVE 1900 1449445370430 

[Reducer0]: Got 91560 bytes.
2 RECEIVE 2000 1449445371347 

[Reducer0]: Got 91560 bytes.
[Reducer0]: Got 958488 bytes.
2 RECEIVE 1800 1449445398069 

Awaiting simulation instructions...

Awaiting simulation instructions...

Awaiting simulation instructions...

2 RECEIVE 2200 1449445429063 

[Reducer0]: Got 90536 bytes.
2 RECEIVE 2300 1449445432567 

[Reducer0]: Got 91560 bytes.
2 RECEIVE 2100 1449445455572 

[Reducer0]: Got 958488 bytes.
Awaiting simulation instructions...

Awaiting simulation instructions...

Awaiting simulation instructions...

2 RECEIVE 2500 1449445491224 

[Reducer0]: Got 91560 bytes.
2 RECEIVE 2600 1449445493204 

[Reducer0]: Got 91560 bytes.
[Reducer0]: Got 957304 bytes.
2 RECEIVE 2400 1449445518514 

Awaiting simulation instructions...

Awaiting simulation instructions...

Awaiting simulation instructions...

2 RECEIVE 2800 1449445550385 

[Reducer0]: Got 91560 bytes.
2 RECEIVE 2900 1449445553164 

[Reducer0]: Got 91136 bytes.
2 RECEIVE 2700 1449445576635 

[Reducer0]: Got 958312 bytes.
Awaiting simulation instructions...

Awaiting simulation instructions...

Awaiting simulation instructions...

2 RECEIVE 3100 1449445611290 

[Reducer0]: Got 91560 bytes.
2 RECEIVE 3200 1449445613789 

[Reducer0]: Got 91136 bytes.
2 RECEIVE 3000 1449445636930 

[Reducer0]: Got 958488 bytes.
Slave finished all tasks and exited.
logger exit
