Awaiting simulation instructions...

Awaiting simulation instructions...

Awaiting simulation instructions...

Awaiting simulation instructions...

8 RECEIVE 200 1449445002939 

[Reducer6]: Got 89528 bytes.
[Reducer6]: Got 89352 bytes.
8 RECEIVE 100 1449445004026 

8 RECEIVE 0 1449445037624 

[Reducer6]: Got 958152 bytes.
Awaiting simulation instructions...

Awaiting simulation instructions...

Awaiting simulation instructions...

[Reducer6]: Got 91560 bytes.
8 RECEIVE 500 1449445069787 

8 RECEIVE 400 1449445070830 

[Reducer6]: Got 91560 bytes.
8 RECEIVE 300 1449445097956 

[Reducer6]: Got 959688 bytes.
Awaiting simulation instructions...

Awaiting simulation instructions...

Awaiting simulation instructions...

8 RECEIVE 800 1449445130187 

[Reducer6]: Got 91560 bytes.
8 RECEIVE 700 1449445131432 

[Reducer6]: Got 91136 bytes.
8 RECEIVE 600 1449445158666 

[Reducer6]: Got 957464 bytes.
Awaiting simulation instructions...

Awaiting simulation instructions...

Awaiting simulation instructions...

8 RECEIVE 1100 1449445190861 

[Reducer6]: Got 91136 bytes.
8 RECEIVE 1000 1449445191043 

[Reducer6]: Got 91136 bytes.
8 RECEIVE 900 1449445216797 

[Reducer6]: Got 957288 bytes.
Awaiting simulation instructions...

Awaiting simulation instructions...

Awaiting simulation instructions...

8 RECEIVE 1300 1449445251225 

[Reducer6]: Got 91560 bytes.
8 RECEIVE 1400 1449445251623 

[Reducer6]: Got 91136 bytes.
[Reducer6]: Got 957288 bytes.
8 RECEIVE 1200 1449445275405 

Awaiting simulation instructions...

Awaiting simulation instructions...

Awaiting simulation instructions...

8 RECEIVE 1700 1449445312500 

[Reducer6]: Got 91560 bytes.
[Reducer6]: Got 91136 bytes.
8 RECEIVE 1600 1449445312964 

8 RECEIVE 1500 1449445339692 

[Reducer6]: Got 957464 bytes.
Awaiting simulation instructions...

Awaiting simulation instructions...

Awaiting simulation instructions...

8 RECEIVE 2000 1449445373197 

[Reducer6]: Got 91136 bytes.
8 RECEIVE 1900 1449445373598 

[Reducer6]: Got 91136 bytes.
8 RECEIVE 1800 1449445396851 

[Reducer6]: Got 957304 bytes.
Awaiting simulation instructions...

Awaiting simulation instructions...

Awaiting simulation instructions...

8 RECEIVE 2200 1449445429886 

[Reducer6]: Got 90536 bytes.
8 RECEIVE 2300 1449445432200 

[Reducer6]: Got 91136 bytes.
8 RECEIVE 2100 1449445459643 

[Reducer6]: Got 958488 bytes.
Awaiting simulation instructions...

Awaiting simulation instructions...

Awaiting simulation instructions...

8 RECEIVE 2600 1449445491686 

[Reducer6]: Got 91560 bytes.
8 RECEIVE 2500 1449445493738 

[Reducer6]: Got 91560 bytes.
8 RECEIVE 2400 1449445518873 

[Reducer6]: Got 956280 bytes.
Awaiting simulation instructions...

Awaiting simulation instructions...

Awaiting simulation instructions...

[Reducer6]: Got 91560 bytes.
8 RECEIVE 2900 1449445551096 

8 RECEIVE 2800 1449445553711 

[Reducer6]: Got 91560 bytes.
8 RECEIVE 2700 1449445576198 

[Reducer6]: Got 961384 bytes.
Awaiting simulation instructions...

Awaiting simulation instructions...

Awaiting simulation instructions...

[Reducer6]: Got 91560 bytes.
8 RECEIVE 3100 1449445612183 

8 RECEIVE 3200 1449445613453 

[Reducer6]: Got 91136 bytes.
8 RECEIVE 3000 1449445637657 

[Reducer6]: Got 958312 bytes.
Slave finished all tasks and exited.
logger exit
