Awaiting simulation instructions...

Awaiting simulation instructions...

Awaiting simulation instructions...

Awaiting simulation instructions...

3 RECEIVE 100 1449445004467 

[Reducer1]: Got 89352 bytes.
3 RECEIVE 200 1449445007161 

[Reducer1]: Got 89352 bytes.
3 RECEIVE 0 1449445034728 

[Reducer1]: Got 959400 bytes.
Awaiting simulation instructions...

Awaiting simulation instructions...

Awaiting simulation instructions...

3 RECEIVE 400 1449445069248 

[Reducer1]: Got 90536 bytes.
3 RECEIVE 500 1449445071327 

[Reducer1]: Got 91560 bytes.
3 RECEIVE 300 1449445093608 

[Reducer1]: Got 955256 bytes.
Awaiting simulation instructions...

Awaiting simulation instructions...

Awaiting simulation instructions...

3 RECEIVE 700 1449445128059 

[Reducer1]: Got 90536 bytes.
3 RECEIVE 800 1449445128805 

[Reducer1]: Got 91560 bytes.
3 RECEIVE 600 1449445157375 

[Reducer1]: Got 957464 bytes.
Awaiting simulation instructions...

Awaiting simulation instructions...

Awaiting simulation instructions...

3 RECEIVE 1000 1449445189175 

[Reducer1]: Got 91560 bytes.
3 RECEIVE 1100 1449445190488 

[Reducer1]: Got 91136 bytes.
3 RECEIVE 900 1449445216485 

[Reducer1]: Got 958312 bytes.
Awaiting simulation instructions...

Awaiting simulation instructions...

Awaiting simulation instructions...

3 RECEIVE 1300 1449445248043 

[Reducer1]: Got 90536 bytes.
[Reducer1]: Got 91560 bytes.
3 RECEIVE 1400 1449445249980 

3 RECEIVE 1200 1449445277480 

[Reducer1]: Got 958312 bytes.
Awaiting simulation instructions...

Awaiting simulation instructions...

Awaiting simulation instructions...

3 RECEIVE 1600 1449445309439 

[Reducer1]: Got 91560 bytes.
3 RECEIVE 1700 1449445312054 

[Reducer1]: Got 90112 bytes.
3 RECEIVE 1500 1449445337525 

[Reducer1]: Got 958312 bytes.
Awaiting simulation instructions...

Awaiting simulation instructions...

Awaiting simulation instructions...

3 RECEIVE 1900 1449445370248 

[Reducer1]: Got 91560 bytes.
3 RECEIVE 2000 1449445371837 

[Reducer1]: Got 91136 bytes.
[Reducer1]: Got 957304 bytes.
3 RECEIVE 1800 1449445398584 

Awaiting simulation instructions...

Awaiting simulation instructions...

Awaiting simulation instructions...

3 RECEIVE 2200 1449445429240 

[Reducer1]: Got 90536 bytes.
3 RECEIVE 2300 1449445429630 

[Reducer1]: Got 91560 bytes.
3 RECEIVE 2100 1449445458703 

[Reducer1]: Got 958312 bytes.
Awaiting simulation instructions...

Awaiting simulation instructions...

Awaiting simulation instructions...

3 RECEIVE 2600 1449445492715 

[Reducer1]: Got 91136 bytes.
3 RECEIVE 2500 1449445493823 

[Reducer1]: Got 91560 bytes.
3 RECEIVE 2400 1449445517816 

[Reducer1]: Got 958312 bytes.
Awaiting simulation instructions...

Awaiting simulation instructions...

Awaiting simulation instructions...

3 RECEIVE 2800 1449445550904 

[Reducer1]: Got 91560 bytes.
3 RECEIVE 2900 1449445551737 

[Reducer1]: Got 91560 bytes.
3 RECEIVE 2700 1449445577265 

[Reducer1]: Got 958488 bytes.
Awaiting simulation instructions...

Awaiting simulation instructions...

Awaiting simulation instructions...

3 RECEIVE 3100 1449445612884 

[Reducer1]: Got 91560 bytes.
3 RECEIVE 3200 1449445613670 

[Reducer1]: Got 91136 bytes.
3 RECEIVE 3000 1449445640371 

[Reducer1]: Got 958152 bytes.
Slave finished all tasks and exited.
logger exit
