Awaiting simulation instructions...

Awaiting simulation instructions...

Awaiting simulation instructions...

Awaiting simulation instructions...

10 RECEIVE 100 1449445005637 

[Reducer8]: Got 90112 bytes.
[Reducer8]: Got 91400 bytes.
10 RECEIVE 200 1449445007568 

10 RECEIVE 0 1449445038351 

[Reducer8]: Got 958064 bytes.
Awaiting simulation instructions...

Awaiting simulation instructions...

Awaiting simulation instructions...

[Reducer8]: Got 90112 bytes.
10 RECEIVE 400 1449445070762 

10 RECEIVE 500 1449445071242 

[Reducer8]: Got 91136 bytes.
10 RECEIVE 300 1449445097421 

[Reducer8]: Got 956616 bytes.
Awaiting simulation instructions...

Awaiting simulation instructions...

Awaiting simulation instructions...

10 RECEIVE 800 1449445130446 

[Reducer8]: Got 91136 bytes.
10 RECEIVE 700 1449445130915 

[Reducer8]: Got 91136 bytes.
10 RECEIVE 600 1449445155960 

[Reducer8]: Got 957288 bytes.
Awaiting simulation instructions...

Awaiting simulation instructions...

Awaiting simulation instructions...

10 RECEIVE 1000 1449445190677 

[Reducer8]: Got 90112 bytes.
10 RECEIVE 1100 1449445192539 

[Reducer8]: Got 91136 bytes.
10 RECEIVE 900 1449445218785 

[Reducer8]: Got 956280 bytes.
Awaiting simulation instructions...

Awaiting simulation instructions...

Awaiting simulation instructions...

10 RECEIVE 1300 1449445250849 

[Reducer8]: Got 90112 bytes.
10 RECEIVE 1400 1449445251470 

[Reducer8]: Got 91136 bytes.
10 RECEIVE 1200 1449445278538 

[Reducer8]: Got 956616 bytes.
Awaiting simulation instructions...

Awaiting simulation instructions...

Awaiting simulation instructions...

10 RECEIVE 1600 1449445311352 

[Reducer8]: Got 91560 bytes.
10 RECEIVE 1700 1449445312670 

[Reducer8]: Got 91136 bytes.
10 RECEIVE 1500 1449445338388 

[Reducer8]: Got 958152 bytes.
Awaiting simulation instructions...

Awaiting simulation instructions...

Awaiting simulation instructions...

10 RECEIVE 2000 1449445372605 

[Reducer8]: Got 91136 bytes.
10 RECEIVE 1900 1449445372814 

[Reducer8]: Got 91560 bytes.
10 RECEIVE 1800 1449445399989 

[Reducer8]: Got 958488 bytes.
Awaiting simulation instructions...

Awaiting simulation instructions...

Awaiting simulation instructions...

10 RECEIVE 2200 1449445431228 

[Reducer8]: Got 91136 bytes.
10 RECEIVE 2300 1449445432305 

[Reducer8]: Got 91560 bytes.
10 RECEIVE 2100 1449445460263 

[Reducer8]: Got 957464 bytes.
Awaiting simulation instructions...

Awaiting simulation instructions...

Awaiting simulation instructions...

[Reducer8]: Got 91560 bytes.
10 RECEIVE 2500 1449445493850 

10 RECEIVE 2600 1449445493979 

[Reducer8]: Got 91560 bytes.
10 RECEIVE 2400 1449445520310 

[Reducer8]: Got 958488 bytes.
Awaiting simulation instructions...

Awaiting simulation instructions...

Awaiting simulation instructions...

10 RECEIVE 2800 1449445551421 

[Reducer8]: Got 91560 bytes.
10 RECEIVE 2900 1449445553293 

[Reducer8]: Got 91560 bytes.
10 RECEIVE 2700 1449445577594 

[Reducer8]: Got 958488 bytes.
Awaiting simulation instructions...

Awaiting simulation instructions...

Awaiting simulation instructions...

10 RECEIVE 3100 1449445611906 

[Reducer8]: Got 91560 bytes.
10 RECEIVE 3200 1449445612156 

[Reducer8]: Got 91560 bytes.
10 RECEIVE 3000 1449445639363 

[Reducer8]: Got 956280 bytes.
Slave finished all tasks and exited.
logger exit
