Awaiting simulation instructions...

Awaiting simulation instructions...

Awaiting simulation instructions...

Awaiting simulation instructions...

Awaiting simulation instructions...

9 RECEIVE 100 1449447511745 

[Reducer7]: Got 90112 bytes.
9 RECEIVE 200 1449447518359 

[Reducer7]: Got 185944 bytes.
9 RECEIVE 300 1449447541992 

[Reducer7]: Got 374944 bytes.
9 RECEIVE 0 1449447557991 

[Reducer7]: Got 956504 bytes.
Awaiting simulation instructions...

Awaiting simulation instructions...

Awaiting simulation instructions...

Awaiting simulation instructions...

9 RECEIVE 500 1449447576890 

[Reducer7]: Got 91560 bytes.
[Reducer7]: Got 184232 bytes.
9 RECEIVE 600 1449447590894 

9 RECEIVE 700 1449447607682 

[Reducer7]: Got 378264 bytes.
9 RECEIVE 400 1449447617579 

[Reducer7]: Got 934296 bytes.
Awaiting simulation instructions...

Awaiting simulation instructions...

Awaiting simulation instructions...

Awaiting simulation instructions...

9 RECEIVE 900 1449447636308 

[Reducer7]: Got 91136 bytes.
9 RECEIVE 1000 1449447650775 

[Reducer7]: Got 184232 bytes.
9 RECEIVE 1100 1449447666677 

[Reducer7]: Got 378264 bytes.
9 RECEIVE 800 1449447679981 

[Reducer7]: Got 954568 bytes.
Awaiting simulation instructions...

Awaiting simulation instructions...

Awaiting simulation instructions...

Awaiting simulation instructions...

9 RECEIVE 1300 1449447696016 

[Reducer7]: Got 88488 bytes.
9 RECEIVE 1400 1449447711347 

[Reducer7]: Got 185256 bytes.
[Reducer7]: Got 376392 bytes.
9 RECEIVE 1500 1449447727981 

9 RECEIVE 1200 1449447739621 

[Reducer7]: Got 953384 bytes.
Awaiting simulation instructions...

Awaiting simulation instructions...

Awaiting simulation instructions...

Awaiting simulation instructions...

9 RECEIVE 1700 1449447754757 

[Reducer7]: Got 89512 bytes.
9 RECEIVE 1800 1449447770403 

[Reducer7]: Got 185256 bytes.
9 RECEIVE 1900 1449447787428 

[Reducer7]: Got 378264 bytes.
9 RECEIVE 1600 1449447800802 

[Reducer7]: Got 953720 bytes.
Awaiting simulation instructions...

Awaiting simulation instructions...

Awaiting simulation instructions...

Awaiting simulation instructions...

9 RECEIVE 2100 1449447817980 

[Reducer7]: Got 91136 bytes.
9 RECEIVE 2200 1449447831328 

[Reducer7]: Got 185080 bytes.
9 RECEIVE 2300 1449447846209 

[Reducer7]: Got 378264 bytes.
9 RECEIVE 2000 1449447859910 

[Reducer7]: Got 956440 bytes.
Awaiting simulation instructions...

Awaiting simulation instructions...

Awaiting simulation instructions...

Awaiting simulation instructions...

[Reducer7]: Got 90112 bytes.
9 RECEIVE 2500 1449447879108 

9 RECEIVE 2600 1449447892551 

[Reducer7]: Got 184232 bytes.
9 RECEIVE 2700 1449447908035 

[Reducer7]: Got 378264 bytes.
9 RECEIVE 2400 1449447920166 

[Reducer7]: Got 955256 bytes.
Awaiting simulation instructions...

Awaiting simulation instructions...

Awaiting simulation instructions...

Awaiting simulation instructions...

[Reducer7]: Got 91136 bytes.
9 RECEIVE 2900 1449447938238 

9 RECEIVE 3000 1449447953012 

[Reducer7]: Got 184232 bytes.
9 RECEIVE 3100 1449447969441 

[Reducer7]: Got 378264 bytes.
9 RECEIVE 2800 1449447979081 

[Reducer7]: Got 928504 bytes.
Awaiting simulation instructions...

Awaiting simulation instructions...

Awaiting simulation instructions...

Awaiting simulation instructions...

9 RECEIVE 3300 1449447996396 

[Reducer7]: Got 89512 bytes.
9 RECEIVE 3400 1449448011398 

[Reducer7]: Got 184232 bytes.
9 RECEIVE 3500 1449448027093 

[Reducer7]: Got 374520 bytes.
9 RECEIVE 3200 1449448042203 

[Reducer7]: Got 956440 bytes.
Awaiting simulation instructions...

Awaiting simulation instructions...

Awaiting simulation instructions...

Awaiting simulation instructions...

9 RECEIVE 3700 1449448059826 

[Reducer7]: Got 90112 bytes.
9 RECEIVE 3800 1449448073683 

[Reducer7]: Got 185256 bytes.
9 RECEIVE 3900 1449448090779 

[Reducer7]: Got 378264 bytes.
[Reducer7]: Got 955256 bytes.
9 RECEIVE 3600 1449448102987 

Awaiting simulation instructions...

Awaiting simulation instructions...

Awaiting simulation instructions...

Awaiting simulation instructions...

[Reducer7]: Got 89512 bytes.
9 RECEIVE 4100 1449448117081 

9 RECEIVE 4200 1449448133137 

[Reducer7]: Got 184232 bytes.
[Reducer7]: Got 376392 bytes.
9 RECEIVE 4300 1449448149640 

9 RECEIVE 4000 1449448162521 

[Reducer7]: Got 954408 bytes.
Slave finished all tasks and exited.
logger exit
