Awaiting simulation instructions...

Awaiting simulation instructions...

Awaiting simulation instructions...

Awaiting simulation instructions...

Awaiting simulation instructions...

7 RECEIVE 100 1449447513513 

[Reducer5]: Got 88504 bytes.
7 RECEIVE 200 1449447524750 

[Reducer5]: Got 183048 bytes.
7 RECEIVE 300 1449447531299 

[Reducer5]: Got 378104 bytes.
7 RECEIVE 0 1449447557622 

[Reducer5]: Got 956504 bytes.
Awaiting simulation instructions...

Awaiting simulation instructions...

Awaiting simulation instructions...

Awaiting simulation instructions...

7 RECEIVE 500 1449447575447 

[Reducer5]: Got 88488 bytes.
7 RECEIVE 600 1449447590788 

[Reducer5]: Got 185256 bytes.
7 RECEIVE 700 1449447607731 

[Reducer5]: Got 377416 bytes.
7 RECEIVE 400 1449447619589 

[Reducer5]: Got 957464 bytes.
Awaiting simulation instructions...

Awaiting simulation instructions...

Awaiting simulation instructions...

Awaiting simulation instructions...

7 RECEIVE 900 1449447635971 

[Reducer5]: Got 91136 bytes.
7 RECEIVE 1000 1449447650111 

[Reducer5]: Got 184056 bytes.
7 RECEIVE 1100 1449447666533 

[Reducer5]: Got 376392 bytes.
7 RECEIVE 800 1449447678459 

[Reducer5]: Got 952696 bytes.
Awaiting simulation instructions...

Awaiting simulation instructions...

Awaiting simulation instructions...

Awaiting simulation instructions...

7 RECEIVE 1300 1449447695621 

[Reducer5]: Got 89512 bytes.
[Reducer5]: Got 184232 bytes.
7 RECEIVE 1400 1449447710957 

[Reducer5]: Got 375368 bytes.
7 RECEIVE 1500 1449447727452 

7 RECEIVE 1200 1449447739263 

[Reducer5]: Got 957464 bytes.
Awaiting simulation instructions...

Awaiting simulation instructions...

Awaiting simulation instructions...

Awaiting simulation instructions...

[Reducer5]: Got 91136 bytes.
7 RECEIVE 1700 1449447757472 

7 RECEIVE 1800 1449447770577 

[Reducer5]: Got 185256 bytes.
[Reducer5]: Got 376392 bytes.
7 RECEIVE 1900 1449447786688 

7 RECEIVE 1600 1449447795502 

[Reducer5]: Got 890680 bytes.
Awaiting simulation instructions...

Awaiting simulation instructions...

Awaiting simulation instructions...

Awaiting simulation instructions...

7 RECEIVE 2100 1449447816886 

[Reducer5]: Got 90536 bytes.
7 RECEIVE 2200 1449447831142 

[Reducer5]: Got 185080 bytes.
7 RECEIVE 2300 1449447845445 

[Reducer5]: Got 377240 bytes.
7 RECEIVE 2000 1449447860308 

[Reducer5]: Got 951496 bytes.
Awaiting simulation instructions...

Awaiting simulation instructions...

Awaiting simulation instructions...

Awaiting simulation instructions...

7 RECEIVE 2500 1449447875743 

[Reducer5]: Got 88488 bytes.
7 RECEIVE 2600 1449447892639 

[Reducer5]: Got 185256 bytes.
7 RECEIVE 2700 1449447907775 

[Reducer5]: Got 376392 bytes.
7 RECEIVE 2400 1449447921583 

[Reducer5]: Got 954568 bytes.
Awaiting simulation instructions...

Awaiting simulation instructions...

Awaiting simulation instructions...

Awaiting simulation instructions...

7 RECEIVE 2900 1449447937966 

[Reducer5]: Got 91560 bytes.
7 RECEIVE 3000 1449447951975 

[Reducer5]: Got 183208 bytes.
7 RECEIVE 3100 1449447969383 

[Reducer5]: Got 377416 bytes.
[Reducer5]: Got 954392 bytes.
7 RECEIVE 2800 1449447980536 

Awaiting simulation instructions...

Awaiting simulation instructions...

Awaiting simulation instructions...

Awaiting simulation instructions...

7 RECEIVE 3300 1449447997810 

[Reducer5]: Got 91136 bytes.
7 RECEIVE 3400 1449448011232 

[Reducer5]: Got 184232 bytes.
[Reducer5]: Got 378264 bytes.
7 RECEIVE 3500 1449448027867 

7 RECEIVE 3200 1449448042339 

[Reducer5]: Got 956440 bytes.
Awaiting simulation instructions...

Awaiting simulation instructions...

Awaiting simulation instructions...

Awaiting simulation instructions...

7 RECEIVE 3700 1449448058751 

[Reducer5]: Got 91136 bytes.
7 RECEIVE 3800 1449448072866 

[Reducer5]: Got 186104 bytes.
[Reducer5]: Got 376392 bytes.
7 RECEIVE 3900 1449448089637 

7 RECEIVE 3600 1449448102211 

[Reducer5]: Got 952360 bytes.
Awaiting simulation instructions...

Awaiting simulation instructions...

Awaiting simulation instructions...

Awaiting simulation instructions...

7 RECEIVE 4100 1449448118959 

[Reducer5]: Got 90112 bytes.
7 RECEIVE 4200 1449448132711 

[Reducer5]: Got 183208 bytes.
7 RECEIVE 4300 1449448149929 

[Reducer5]: Got 373496 bytes.
[Reducer5]: Got 883016 bytes.
7 RECEIVE 4000 1449448157711 

Slave finished all tasks and exited.
logger exit
