Awaiting simulation instructions...

Awaiting simulation instructions...

Awaiting simulation instructions...

Awaiting simulation instructions...

Awaiting simulation instructions...

2 RECEIVE 100 1449447511463 

[Reducer0]: Got 90112 bytes.
2 RECEIVE 200 1449447527049 

[Reducer0]: Got 186704 bytes.
2 RECEIVE 300 1449447540935 

[Reducer0]: Got 373920 bytes.
2 RECEIVE 0 1449447558582 

[Reducer0]: Got 957352 bytes.
Awaiting simulation instructions...

Awaiting simulation instructions...

Awaiting simulation instructions...

Awaiting simulation instructions...

[Reducer0]: Got 90536 bytes.
2 RECEIVE 500 1449447575387 

2 RECEIVE 600 1449447590324 

[Reducer0]: Got 186280 bytes.
2 RECEIVE 700 1449447607164 

[Reducer0]: Got 376392 bytes.
2 RECEIVE 400 1449447615640 

[Reducer0]: Got 960360 bytes.
Awaiting simulation instructions...

Awaiting simulation instructions...

Awaiting simulation instructions...

Awaiting simulation instructions...

2 RECEIVE 900 1449447633581 

[Reducer0]: Got 90536 bytes.
2 RECEIVE 1000 1449447649673 

[Reducer0]: Got 185080 bytes.
2 RECEIVE 1100 1449447665890 

[Reducer0]: Got 378264 bytes.
2 RECEIVE 800 1449447676268 

[Reducer0]: Got 885328 bytes.
Awaiting simulation instructions...

Awaiting simulation instructions...

Awaiting simulation instructions...

Awaiting simulation instructions...

2 RECEIVE 1300 1449447694315 

[Reducer0]: Got 90536 bytes.
2 RECEIVE 1400 1449447710289 

[Reducer0]: Got 185080 bytes.
2 RECEIVE 1500 1449447727568 

[Reducer0]: Got 374520 bytes.
2 RECEIVE 1200 1449447738797 

[Reducer0]: Got 956440 bytes.
Awaiting simulation instructions...

Awaiting simulation instructions...

Awaiting simulation instructions...

Awaiting simulation instructions...

2 RECEIVE 1700 1449447753944 

[Reducer0]: Got 90536 bytes.
2 RECEIVE 1800 1449447769991 

[Reducer0]: Got 186104 bytes.
2 RECEIVE 1900 1449447787292 

[Reducer0]: Got 375368 bytes.
2 RECEIVE 1600 1449447799357 

[Reducer0]: Got 956616 bytes.
Awaiting simulation instructions...

Awaiting simulation instructions...

Awaiting simulation instructions...

Awaiting simulation instructions...

2 RECEIVE 2100 1449447814771 

[Reducer0]: Got 90536 bytes.
2 RECEIVE 2200 1449447830605 

[Reducer0]: Got 186952 bytes.
2 RECEIVE 2300 1449447845803 

[Reducer0]: Got 374520 bytes.
2 RECEIVE 2000 1449447861017 

[Reducer0]: Got 955592 bytes.
Awaiting simulation instructions...

Awaiting simulation instructions...

Awaiting simulation instructions...

Awaiting simulation instructions...

2 RECEIVE 2500 1449447875567 

[Reducer0]: Got 89512 bytes.
2 RECEIVE 2600 1449447891847 

[Reducer0]: Got 184232 bytes.
2 RECEIVE 2700 1449447907448 

[Reducer0]: Got 375368 bytes.
2 RECEIVE 2400 1449447917733 

[Reducer0]: Got 958312 bytes.
Awaiting simulation instructions...

Awaiting simulation instructions...

Awaiting simulation instructions...

Awaiting simulation instructions...

2 RECEIVE 2900 1449447935759 

[Reducer0]: Got 90536 bytes.
2 RECEIVE 3000 1449447951649 

[Reducer0]: Got 184056 bytes.
2 RECEIVE 3100 1449447968835 

[Reducer0]: Got 376392 bytes.
2 RECEIVE 2800 1449447979061 

[Reducer0]: Got 954392 bytes.
Awaiting simulation instructions...

Awaiting simulation instructions...

Awaiting simulation instructions...

Awaiting simulation instructions...

2 RECEIVE 3300 1449447994819 

[Reducer0]: Got 89512 bytes.
2 RECEIVE 3400 1449448011047 

[Reducer0]: Got 183384 bytes.
2 RECEIVE 3500 1449448027752 

[Reducer0]: Got 377416 bytes.
2 RECEIVE 3200 1449448041533 

[Reducer0]: Got 956440 bytes.
Awaiting simulation instructions...

Awaiting simulation instructions...

Awaiting simulation instructions...

Awaiting simulation instructions...

2 RECEIVE 3700 1449448056423 

[Reducer0]: Got 90536 bytes.
2 RECEIVE 3800 1449448072641 

[Reducer0]: Got 185080 bytes.
[Reducer0]: Got 375368 bytes.
2 RECEIVE 3900 1449448089685 

2 RECEIVE 3600 1449448097520 

[Reducer0]: Got 955224 bytes.
Awaiting simulation instructions...

Awaiting simulation instructions...

Awaiting simulation instructions...

Awaiting simulation instructions...

2 RECEIVE 4100 1449448116125 

[Reducer0]: Got 89512 bytes.
2 RECEIVE 4200 1449448132166 

[Reducer0]: Got 185080 bytes.
2 RECEIVE 4300 1449448149783 

[Reducer0]: Got 378264 bytes.
2 RECEIVE 4000 1449448157049 

[Reducer0]: Got 955224 bytes.
Slave finished all tasks and exited.
logger exit
