Awaiting simulation instructions...

Awaiting simulation instructions...

Awaiting simulation instructions...

Awaiting simulation instructions...

Awaiting simulation instructions...

11 RECEIVE 100 1449447508675 

[Reducer9]: Got 92248 bytes.
11 RECEIVE 200 1449447519243 

[Reducer9]: Got 185944 bytes.
11 RECEIVE 300 1449447540719 

[Reducer9]: Got 377840 bytes.
11 RECEIVE 0 1449447559690 

[Reducer9]: Got 957040 bytes.
Awaiting simulation instructions...

Awaiting simulation instructions...

Awaiting simulation instructions...

Awaiting simulation instructions...

11 RECEIVE 500 1449447577238 

[Reducer9]: Got 91560 bytes.
11 RECEIVE 600 1449447589970 

[Reducer9]: Got 185080 bytes.
11 RECEIVE 700 1449447607461 

[Reducer9]: Got 377416 bytes.
11 RECEIVE 400 1449447620467 

[Reducer9]: Got 957304 bytes.
Awaiting simulation instructions...

Awaiting simulation instructions...

Awaiting simulation instructions...

Awaiting simulation instructions...

11 RECEIVE 900 1449447636929 

[Reducer9]: Got 91136 bytes.
11 RECEIVE 1000 1449447650755 

[Reducer9]: Got 184232 bytes.
11 RECEIVE 1100 1449447666956 

[Reducer9]: Got 378264 bytes.
[Reducer9]: Got 953512 bytes.
11 RECEIVE 800 1449447677722 

Awaiting simulation instructions...

Awaiting simulation instructions...

Awaiting simulation instructions...

Awaiting simulation instructions...

11 RECEIVE 1300 1449447697822 

[Reducer9]: Got 90112 bytes.
[Reducer9]: Got 184232 bytes.
11 RECEIVE 1400 1449447711289 

11 RECEIVE 1500 1449447728250 

[Reducer9]: Got 377416 bytes.
11 RECEIVE 1200 1449447740680 

[Reducer9]: Got 952360 bytes.
Awaiting simulation instructions...

Awaiting simulation instructions...

Awaiting simulation instructions...

Awaiting simulation instructions...

11 RECEIVE 1700 1449447754958 

[Reducer9]: Got 89512 bytes.
11 RECEIVE 1800 1449447770693 

[Reducer9]: Got 184232 bytes.
11 RECEIVE 1900 1449447787514 

[Reducer9]: Got 375368 bytes.
[Reducer9]: Got 952360 bytes.
11 RECEIVE 1600 1449447800133 

Awaiting simulation instructions...

Awaiting simulation instructions...

Awaiting simulation instructions...

Awaiting simulation instructions...

11 RECEIVE 2100 1449447815813 

[Reducer9]: Got 89512 bytes.
11 RECEIVE 2200 1449447831737 

[Reducer9]: Got 186952 bytes.
11 RECEIVE 2300 1449447845986 

[Reducer9]: Got 378264 bytes.
11 RECEIVE 2000 1449447856489 

[Reducer9]: Got 955768 bytes.
Awaiting simulation instructions...

Awaiting simulation instructions...

Awaiting simulation instructions...

Awaiting simulation instructions...

11 RECEIVE 2500 1449447878945 

[Reducer9]: Got 90112 bytes.
11 RECEIVE 2600 1449447892721 

[Reducer9]: Got 186280 bytes.
[Reducer9]: Got 377416 bytes.
11 RECEIVE 2700 1449447908498 

11 RECEIVE 2400 1449447922072 

[Reducer9]: Got 956616 bytes.
Awaiting simulation instructions...

Awaiting simulation instructions...

Awaiting simulation instructions...

Awaiting simulation instructions...

11 RECEIVE 2900 1449447937113 

[Reducer9]: Got 89512 bytes.
11 RECEIVE 3000 1449447953237 

[Reducer9]: Got 185256 bytes.
11 RECEIVE 3100 1449447969171 

[Reducer9]: Got 376392 bytes.
11 RECEIVE 2800 1449447982127 

[Reducer9]: Got 956616 bytes.
Awaiting simulation instructions...

Awaiting simulation instructions...

Awaiting simulation instructions...

Awaiting simulation instructions...

11 RECEIVE 3300 1449447996570 

[Reducer9]: Got 90112 bytes.
11 RECEIVE 3400 1449448011604 

[Reducer9]: Got 184232 bytes.
11 RECEIVE 3500 1449448028195 

[Reducer9]: Got 377416 bytes.
11 RECEIVE 3200 1449448041427 

[Reducer9]: Got 956440 bytes.
Awaiting simulation instructions...

Awaiting simulation instructions...

Awaiting simulation instructions...

Awaiting simulation instructions...

11 RECEIVE 3700 1449448059789 

[Reducer9]: Got 90112 bytes.
11 RECEIVE 3800 1449448073139 

[Reducer9]: Got 185080 bytes.
11 RECEIVE 3900 1449448089944 

[Reducer9]: Got 378264 bytes.
11 RECEIVE 3600 1449448103256 

[Reducer9]: Got 955256 bytes.
Awaiting simulation instructions...

Awaiting simulation instructions...

Awaiting simulation instructions...

Awaiting simulation instructions...

11 RECEIVE 4100 1449448119292 

[Reducer9]: Got 91136 bytes.
[Reducer9]: Got 186280 bytes.
11 RECEIVE 4200 1449448132950 

11 RECEIVE 4300 1449448150493 

[Reducer9]: Got 378264 bytes.
11 RECEIVE 4000 1449448163157 

[Reducer9]: Got 953544 bytes.
Slave finished all tasks and exited.
logger exit
