1 SEND 0 1449452186469 
1 SEND 0 1449452186483 
1 SEND 0 1449452186483 
1 SEND 0 1449452186483 
1 SEND 0 1449452186487 
1 SEND 0 1449452186487 
1 SEND 0 1449452186489 
1 SEND 0 1449452186500 
1 SEND 0 1449452186501 
1 SEND 0 1449452186518 
1 SEND 100 1449452186569 
1 SEND 100 1449452186571 
1 SEND 100 1449452186580 
1 SEND 100 1449452186580 
1 SEND 100 1449452186605 
1 SEND 100 1449452186606 
1 SEND 100 1449452186607 
1 SEND 100 1449452186612 
1 SEND 100 1449452186614 
1 SEND 100 1449452186614 
1 SEND 200 1449452226683 
1 SEND 200 1449452226684 
1 SEND 200 1449452226685 
1 SEND 200 1449452226686 
1 SEND 200 1449452226689 
1 SEND 200 1449452226691 
1 SEND 200 1449452226691 
1 SEND 200 1449452226691 
1 SEND 200 1449452226702 
1 SEND 200 1449452226703 
1 SEND 300 1449452227897 
1 SEND 300 1449452227899 
1 SEND 300 1449452227899 
1 SEND 300 1449452227899 
1 SEND 300 1449452227899 
1 SEND 300 1449452227900 
1 SEND 300 1449452227900 
1 SEND 300 1449452227900 
1 SEND 300 1449452227900 
1 SEND 300 1449452227900 
1 SEND 400 1449452266946 
1 SEND 400 1449452266950 
1 SEND 400 1449452266951 
1 SEND 400 1449452266951 
1 SEND 400 1449452266952 
1 SEND 400 1449452266954 
1 SEND 400 1449452266958 
1 SEND 400 1449452266959 
1 SEND 400 1449452266963 
1 SEND 400 1449452266965 
1 SEND 500 1449452268369 
1 SEND 500 1449452268369 
1 SEND 500 1449452268370 
1 SEND 500 1449452268370 
1 SEND 500 1449452268370 
1 SEND 500 1449452268370 
1 SEND 500 1449452268371 
1 SEND 500 1449452268371 
1 SEND 500 1449452268371 
1 SEND 500 1449452268376 
1 SEND 600 1449452307173 
1 SEND 600 1449452307175 
1 SEND 600 1449452307178 
1 SEND 600 1449452307178 
1 SEND 600 1449452307179 
1 SEND 600 1449452307183 
1 SEND 600 1449452307190 
1 SEND 600 1449452307192 
1 SEND 600 1449452307245 
1 SEND 600 1449452307348 
1 SEND 700 1449452308706 
1 SEND 700 1449452308708 
1 SEND 700 1449452308709 
1 SEND 700 1449452308709 
1 SEND 700 1449452308712 
1 SEND 700 1449452308713 
1 SEND 700 1449452308713 
1 SEND 700 1449452308713 
1 SEND 700 1449452308713 
1 SEND 700 1449452308716 
1 SEND 800 1449452347406 
1 SEND 800 1449452347408 
1 SEND 800 1449452347415 
1 SEND 800 1449452347417 
1 SEND 800 1449452347454 
1 SEND 800 1449452347523 
1 SEND 800 1449452347525 
1 SEND 800 1449452347528 
1 SEND 800 1449452347622 
1 SEND 800 1449452347624 
1 SEND 900 1449452348747 
1 SEND 900 1449452348750 
1 SEND 900 1449452348750 
1 SEND 900 1449452348751 
1 SEND 900 1449452348754 
1 SEND 900 1449452348754 
1 SEND 900 1449452348755 
1 SEND 900 1449452348755 
1 SEND 900 1449452348755 
1 SEND 900 1449452348756 
1 SEND 1000 1449452387575 
1 SEND 1000 1449452387575 
1 SEND 1000 1449452387578 
1 SEND 1000 1449452387580 
1 SEND 1000 1449452387583 
1 SEND 1000 1449452387694 
1 SEND 1000 1449452387695 
1 SEND 1000 1449452387695 
1 SEND 1000 1449452387853 
1 SEND 1000 1449452387856 
1 SEND 1100 1449452388948 
1 SEND 1100 1449452388950 
1 SEND 1100 1449452388951 
1 SEND 1100 1449452388951 
1 SEND 1100 1449452388951 
1 SEND 1100 1449452388954 
1 SEND 1100 1449452388954 
1 SEND 1100 1449452388954 
1 SEND 1100 1449452388958 
1 SEND 1100 1449452388960 
1 SEND 1200 1449452427761 
1 SEND 1200 1449452427767 
1 SEND 1200 1449452427814 
1 SEND 1200 1449452427831 
1 SEND 1200 1449452427832 
1 SEND 1200 1449452427832 
1 SEND 1200 1449452427837 
1 SEND 1200 1449452427840 
1 SEND 1200 1449452427853 
1 SEND 1200 1449452428303 
1 SEND 1300 1449452429415 
1 SEND 1300 1449452429415 
1 SEND 1300 1449452429422 
1 SEND 1300 1449452429422 
1 SEND 1300 1449452429424 
1 SEND 1300 1449452429424 
1 SEND 1300 1449452429424 
1 SEND 1300 1449452429424 
1 SEND 1300 1449452429424 
1 SEND 1300 1449452429425 
1 SEND 1400 1449452468006 
1 SEND 1400 1449452468007 
1 SEND 1400 1449452468008 
1 SEND 1400 1449452468011 
1 SEND 1400 1449452468014 
1 SEND 1400 1449452468015 
1 SEND 1400 1449452468015 
1 SEND 1400 1449452468016 
1 SEND 1400 1449452468019 
1 SEND 1400 1449452468020 
1 SEND 1500 1449452469620 
1 SEND 1500 1449452469621 
1 SEND 1500 1449452469621 
1 SEND 1500 1449452469623 
1 SEND 1500 1449452469625 
1 SEND 1500 1449452469626 
1 SEND 1500 1449452469628 
1 SEND 1500 1449452469632 
1 SEND 1500 1449452469632 
1 SEND 1500 1449452469632 
1 SEND 1600 1449452508186 
1 SEND 1600 1449452508186 
1 SEND 1600 1449452508193 
1 SEND 1600 1449452508203 
1 SEND 1600 1449452508203 
1 SEND 1600 1449452508203 
1 SEND 1600 1449452508209 
1 SEND 1600 1449452508211 
1 SEND 1600 1449452508293 
1 SEND 1600 1449452508630 
1 SEND 1700 1449452509851 
1 SEND 1700 1449452509853 
1 SEND 1700 1449452509857 
1 SEND 1700 1449452509857 
1 SEND 1700 1449452509857 
1 SEND 1700 1449452509857 
1 SEND 1700 1449452509857 
1 SEND 1700 1449452509858 
1 SEND 1700 1449452509863 
1 SEND 1700 1449452509867 
1 SEND 1800 1449452548395 
1 SEND 1800 1449452548395 
1 SEND 1800 1449452548396 
1 SEND 1800 1449452548396 
1 SEND 1800 1449452548397 
1 SEND 1800 1449452548400 
1 SEND 1800 1449452548402 
1 SEND 1800 1449452548404 
1 SEND 1800 1449452548648 
1 SEND 1800 1449452548808 
1 SEND 1900 1449452550145 
1 SEND 1900 1449452550145 
1 SEND 1900 1449452550146 
1 SEND 1900 1449452550146 
1 SEND 1900 1449452550149 
1 SEND 1900 1449452550149 
1 SEND 1900 1449452550149 
1 SEND 1900 1449452550149 
1 SEND 1900 1449452550149 
1 SEND 1900 1449452550150 
1 SEND 2000 1449452588652 
1 SEND 2000 1449452588653 
1 SEND 2000 1449452588653 
1 SEND 2000 1449452588653 
1 SEND 2000 1449452588653 
1 SEND 2000 1449452588658 
1 SEND 2000 1449452588659 
1 SEND 2000 1449452588659 
1 SEND 2000 1449452588971 
1 SEND 2000 1449452589015 
1 SEND 2100 1449452590235 
1 SEND 2100 1449452590238 
1 SEND 2100 1449452590241 
1 SEND 2100 1449452590241 
1 SEND 2100 1449452590241 
1 SEND 2100 1449452590241 
1 SEND 2100 1449452590241 
1 SEND 2100 1449452590242 
1 SEND 2100 1449452590242 
1 SEND 2100 1449452590246 
