10 RECEIVE 100 1449452190889 
10 RECEIVE 0 1449452222117 
10 RECEIVE 300 1449452235894 
10 RECEIVE 200 1449452263642 
10 RECEIVE 500 1449452276796 
10 RECEIVE 400 1449452302973 
10 RECEIVE 700 1449452317354 
10 RECEIVE 600 1449452343481 
10 RECEIVE 900 1449452356776 
10 RECEIVE 800 1449452383925 
10 RECEIVE 1100 1449452397567 
10 RECEIVE 1000 1449452425083 
10 RECEIVE 1300 1449452438764 
10 RECEIVE 1200 1449452464474 
10 RECEIVE 1500 1449452478532 
10 RECEIVE 1400 1449452503977 
10 RECEIVE 1700 1449452518569 
10 RECEIVE 1600 1449452544409 
10 RECEIVE 1900 1449452559216 
10 RECEIVE 1800 1449452585931 
10 RECEIVE 2100 1449452599049 
10 RECEIVE 2000 1449452624618 
