5 RECEIVE 100 1449452190035 
5 RECEIVE 0 1449452222854 
5 RECEIVE 300 1449452236504 
5 RECEIVE 200 1449452261907 
5 RECEIVE 500 1449452277112 
5 RECEIVE 400 1449452302101 
5 RECEIVE 700 1449452317648 
5 RECEIVE 600 1449452341814 
5 RECEIVE 900 1449452357765 
5 RECEIVE 800 1449452382170 
5 RECEIVE 1100 1449452396310 
5 RECEIVE 1000 1449452420583 
5 RECEIVE 1300 1449452437615 
5 RECEIVE 1200 1449452463146 
5 RECEIVE 1500 1449452479030 
5 RECEIVE 1400 1449452502283 
5 RECEIVE 1700 1449452517965 
5 RECEIVE 1600 1449452543662 
5 RECEIVE 1900 1449452558199 
5 RECEIVE 1800 1449452585422 
5 RECEIVE 2100 1449452598319 
5 RECEIVE 2000 1449452625801 
