3 RECEIVE 100 1449452190630 
3 RECEIVE 0 1449452222166 
3 RECEIVE 300 1449452235827 
3 RECEIVE 200 1449452263982 
3 RECEIVE 500 1449452277367 
3 RECEIVE 400 1449452300918 
3 RECEIVE 700 1449452316297 
3 RECEIVE 600 1449452340621 
3 RECEIVE 900 1449452356152 
3 RECEIVE 800 1449452380561 
3 RECEIVE 1100 1449452396616 
3 RECEIVE 1000 1449452424403 
3 RECEIVE 1300 1449452437365 
3 RECEIVE 1200 1449452455873 
3 RECEIVE 1500 1449452478110 
3 RECEIVE 1400 1449452496540 
3 RECEIVE 1700 1449452517427 
3 RECEIVE 1600 1449452541956 
3 RECEIVE 1900 1449452558726 
3 RECEIVE 1800 1449452579127 
3 RECEIVE 2100 1449452598569 
3 RECEIVE 2000 1449452623183 
