2 RECEIVE 100 1449461534671 
2 RECEIVE 200 1449461552088 
2 RECEIVE 300 1449461564629 
2 RECEIVE 0 1449461583122 
2 RECEIVE 500 1449461599941 
2 RECEIVE 600 1449461615555 
2 RECEIVE 700 1449461632434 
2 RECEIVE 400 1449461642140 
2 RECEIVE 900 1449461658458 
2 RECEIVE 1000 1449461674072 
2 RECEIVE 1100 1449461691209 
2 RECEIVE 800 1449461698446 
2 RECEIVE 1300 1449461718652 
2 RECEIVE 1400 1449461734456 
2 RECEIVE 1500 1449461754395 
2 RECEIVE 1200 1449461758698 
2 RECEIVE 1700 1449461778753 
2 RECEIVE 1800 1449461802005 
2 RECEIVE 1900 1449461813510 
2 RECEIVE 1600 1449461818174 
2 RECEIVE 2100 1449461839613 
2 RECEIVE 2200 1449461854409 
2 RECEIVE 2300 1449461870467 
2 RECEIVE 2000 1449461882738 
2 RECEIVE 2500 1449461899414 
2 RECEIVE 2600 1449461922666 
2 RECEIVE 2700 1449461934891 
2 RECEIVE 2400 1449461940447 
2 RECEIVE 2900 1449461960071 
2 RECEIVE 3000 1449461976145 
2 RECEIVE 3100 1449461989811 
2 RECEIVE 2800 1449462001444 
2 RECEIVE 3300 1449462019441 
2 RECEIVE 3400 1449462034895 
2 RECEIVE 3500 1449462052677 
2 RECEIVE 3200 1449462063483 
2 RECEIVE 3700 1449462080784 
2 RECEIVE 3800 1449462097171 
2 RECEIVE 3900 1449462115126 
2 RECEIVE 3600 1449462121801 
2 RECEIVE 4100 1449462139926 
2 RECEIVE 4200 1449462155830 
2 RECEIVE 4300 1449462171937 
2 RECEIVE 4000 1449462182810 
