7 RECEIVE 100 1449461534661 
7 RECEIVE 200 1449461543364 
7 RECEIVE 300 1449461564070 
7 RECEIVE 0 1449461584384 
7 RECEIVE 500 1449461601745 
7 RECEIVE 600 1449461615913 
7 RECEIVE 700 1449461632754 
7 RECEIVE 400 1449461644517 
7 RECEIVE 900 1449461660399 
7 RECEIVE 1000 1449461674677 
7 RECEIVE 1100 1449461691576 
7 RECEIVE 800 1449461702614 
7 RECEIVE 1300 1449461719426 
7 RECEIVE 1400 1449461734739 
7 RECEIVE 1500 1449461750860 
7 RECEIVE 1200 1449461763053 
7 RECEIVE 1700 1449461781490 
7 RECEIVE 1800 1449461795428 
7 RECEIVE 1900 1449461814022 
7 RECEIVE 1600 1449461825320 
7 RECEIVE 2100 1449461839294 
7 RECEIVE 2200 1449461854643 
7 RECEIVE 2300 1449461870567 
7 RECEIVE 2000 1449461877098 
7 RECEIVE 2500 1449461900256 
7 RECEIVE 2600 1449461915838 
7 RECEIVE 2700 1449461931294 
7 RECEIVE 2400 1449461946241 
7 RECEIVE 2900 1449461960487 
7 RECEIVE 3000 1449461977015 
7 RECEIVE 3100 1449461993223 
7 RECEIVE 2800 1449462002374 
7 RECEIVE 3300 1449462020632 
7 RECEIVE 3400 1449462035548 
7 RECEIVE 3500 1449462051689 
7 RECEIVE 3200 1449462058531 
7 RECEIVE 3700 1449462081260 
7 RECEIVE 3800 1449462097289 
7 RECEIVE 3900 1449462114313 
7 RECEIVE 3600 1449462123643 
7 RECEIVE 4100 1449462141256 
7 RECEIVE 4200 1449462156485 
7 RECEIVE 4300 1449462173034 
7 RECEIVE 4000 1449462180424 
