11 RECEIVE 100 1449461543153 
11 RECEIVE 200 1449461550266 
11 RECEIVE 300 1449461562849 
11 RECEIVE 0 1449461583248 
11 RECEIVE 500 1449461602068 
11 RECEIVE 600 1449461615884 
11 RECEIVE 700 1449461633088 
11 RECEIVE 400 1449461644944 
11 RECEIVE 900 1449461660564 
11 RECEIVE 1000 1449461674696 
11 RECEIVE 1100 1449461691931 
11 RECEIVE 800 1449461705340 
11 RECEIVE 1300 1449461721688 
11 RECEIVE 1400 1449461734984 
11 RECEIVE 1500 1449461751035 
11 RECEIVE 1200 1449461765335 
11 RECEIVE 1700 1449461781728 
11 RECEIVE 1800 1449461795383 
11 RECEIVE 1900 1449461811209 
11 RECEIVE 1600 1449461826310 
11 RECEIVE 2100 1449461839925 
11 RECEIVE 2200 1449461854759 
11 RECEIVE 2300 1449461871253 
11 RECEIVE 2000 1449461885628 
11 RECEIVE 2500 1449461902222 
11 RECEIVE 2600 1449461915956 
11 RECEIVE 2700 1449461932420 
11 RECEIVE 2400 1449461945619 
11 RECEIVE 2900 1449461962764 
11 RECEIVE 3000 1449461976632 
11 RECEIVE 3100 1449461994126 
11 RECEIVE 2800 1449462006423 
11 RECEIVE 3300 1449462021524 
11 RECEIVE 3400 1449462036016 
11 RECEIVE 3500 1449462052619 
11 RECEIVE 3200 1449462066469 
11 RECEIVE 3700 1449462083124 
11 RECEIVE 3800 1449462097681 
11 RECEIVE 3900 1449462112801 
11 RECEIVE 3600 1449462126922 
11 RECEIVE 4100 1449462141389 
11 RECEIVE 4200 1449462156103 
11 RECEIVE 4300 1449462172169 
11 RECEIVE 4000 1449462185357 
