9 RECEIVE 100 1449459099255 
9 RECEIVE 0 1449459130332 
9 RECEIVE 300 1449459144282 
9 RECEIVE 200 1449459172268 
9 RECEIVE 500 1449459186010 
9 RECEIVE 400 1449459212078 
9 RECEIVE 700 1449459225982 
9 RECEIVE 600 1449459251074 
9 RECEIVE 900 1449459264893 
9 RECEIVE 800 1449459292653 
9 RECEIVE 1100 1449459305164 
9 RECEIVE 1000 1449459329213 
9 RECEIVE 1300 1449459345392 
9 RECEIVE 1200 1449459368932 
9 RECEIVE 1500 1449459385672 
9 RECEIVE 1400 1449459412340 
9 RECEIVE 1700 1449459426470 
9 RECEIVE 1600 1449459452056 
9 RECEIVE 1900 1449459466246 
9 RECEIVE 1800 1449459492872 
9 RECEIVE 2100 1449459505193 
9 RECEIVE 2000 1449459532930 
