3 RECEIVE 100 1449459100049 
3 RECEIVE 0 1449459128512 
3 RECEIVE 300 1449459143527 
3 RECEIVE 200 1449459165733 
3 RECEIVE 500 1449459185224 
3 RECEIVE 400 1449459207721 
3 RECEIVE 700 1449459225390 
3 RECEIVE 600 1449459246256 
3 RECEIVE 900 1449459264587 
3 RECEIVE 800 1449459288394 
3 RECEIVE 1100 1449459304592 
3 RECEIVE 1000 1449459328185 
3 RECEIVE 1300 1449459344472 
3 RECEIVE 1200 1449459362814 
3 RECEIVE 1500 1449459384697 
3 RECEIVE 1400 1449459409163 
3 RECEIVE 1700 1449459425864 
3 RECEIVE 1600 1449459445845 
3 RECEIVE 1900 1449459465906 
3 RECEIVE 1800 1449459485907 
3 RECEIVE 2100 1449459504053 
3 RECEIVE 2000 1449459529719 
