5 RECEIVE 100 1449459101879 
5 RECEIVE 0 1449459130487 
5 RECEIVE 300 1449459144238 
5 RECEIVE 200 1449459169240 
5 RECEIVE 500 1449459185461 
5 RECEIVE 400 1449459207256 
5 RECEIVE 700 1449459224878 
5 RECEIVE 600 1449459246896 
5 RECEIVE 900 1449459264492 
5 RECEIVE 800 1449459287298 
5 RECEIVE 1100 1449459303707 
5 RECEIVE 1000 1449459328544 
5 RECEIVE 1300 1449459344416 
5 RECEIVE 1200 1449459368331 
5 RECEIVE 1500 1449459385548 
5 RECEIVE 1400 1449459405375 
5 RECEIVE 1700 1449459425541 
5 RECEIVE 1600 1449459446533 
5 RECEIVE 1900 1449459464982 
5 RECEIVE 1800 1449459489980 
5 RECEIVE 2100 1449459504235 
5 RECEIVE 2000 1449459528381 
