4 RECEIVE 100 1449459099296 
4 RECEIVE 0 1449459130885 
4 RECEIVE 300 1449459144070 
4 RECEIVE 200 1449459165811 
4 RECEIVE 500 1449459185489 
4 RECEIVE 400 1449459207343 
4 RECEIVE 700 1449459224697 
4 RECEIVE 600 1449459247576 
4 RECEIVE 900 1449459264262 
4 RECEIVE 800 1449459287919 
4 RECEIVE 1100 1449459305191 
4 RECEIVE 1000 1449459328874 
4 RECEIVE 1300 1449459344739 
4 RECEIVE 1200 1449459368050 
4 RECEIVE 1500 1449459384993 
4 RECEIVE 1400 1449459405753 
4 RECEIVE 1700 1449459424916 
4 RECEIVE 1600 1449459446894 
4 RECEIVE 1900 1449459464800 
4 RECEIVE 1800 1449459489675 
4 RECEIVE 2100 1449459504926 
4 RECEIVE 2000 1449459527974 
