8 RECEIVE 100 1449459099976 
8 RECEIVE 0 1449459130206 
8 RECEIVE 300 1449459143641 
8 RECEIVE 200 1449459172007 
8 RECEIVE 500 1449459186187 
8 RECEIVE 400 1449459211239 
8 RECEIVE 700 1449459226057 
8 RECEIVE 600 1449459250735 
8 RECEIVE 900 1449459263639 
8 RECEIVE 800 1449459291635 
8 RECEIVE 1100 1449459305296 
8 RECEIVE 1000 1449459331211 
8 RECEIVE 1300 1449459345355 
8 RECEIVE 1200 1449459372861 
8 RECEIVE 1500 1449459386102 
8 RECEIVE 1400 1449459411718 
8 RECEIVE 1700 1449459426611 
8 RECEIVE 1600 1449459449713 
8 RECEIVE 1900 1449459466039 
8 RECEIVE 1800 1449459492229 
8 RECEIVE 2100 1449459505317 
8 RECEIVE 2000 1449459532611 
