6 RECEIVE 100 1449459099335 
6 RECEIVE 0 1449459129985 
6 RECEIVE 300 1449459143774 
6 RECEIVE 200 1449459168959 
6 RECEIVE 500 1449459185280 
6 RECEIVE 400 1449459208070 
6 RECEIVE 700 1449459225723 
6 RECEIVE 600 1449459247334 
6 RECEIVE 900 1449459263592 
6 RECEIVE 800 1449459289276 
6 RECEIVE 1100 1449459305128 
6 RECEIVE 1000 1449459331765 
6 RECEIVE 1300 1449459343820 
6 RECEIVE 1200 1449459371231 
6 RECEIVE 1500 1449459384937 
6 RECEIVE 1400 1449459412029 
6 RECEIVE 1700 1449459425692 
6 RECEIVE 1600 1449459453081 
6 RECEIVE 1900 1449459465598 
6 RECEIVE 1800 1449459490368 
6 RECEIVE 2100 1449459504398 
6 RECEIVE 2000 1449459532291 
