10 RECEIVE 100 1449447682683 
10 RECEIVE 200 1449447689445 
10 RECEIVE 300 1449447706935 
10 RECEIVE 0 1449447728096 
10 RECEIVE 500 1449447744750 
10 RECEIVE 600 1449447759152 
10 RECEIVE 700 1449447769403 
10 RECEIVE 400 1449447786448 
10 RECEIVE 900 1449447805358 
10 RECEIVE 1000 1449447818813 
10 RECEIVE 1100 1449447834802 
10 RECEIVE 800 1449447847895 
10 RECEIVE 1400 1449447864680 
10 RECEIVE 1300 1449447864809 
10 RECEIVE 1500 1449447892030 
10 RECEIVE 1200 1449447908430 
10 RECEIVE 1700 1449447923010 
10 RECEIVE 1800 1449447938364 
10 RECEIVE 1900 1449447954949 
10 RECEIVE 1600 1449447968673 
10 RECEIVE 2100 1449447985303 
10 RECEIVE 2200 1449447999043 
10 RECEIVE 2300 1449448015450 
10 RECEIVE 2000 1449448028789 
10 RECEIVE 2500 1449448043404 
10 RECEIVE 2600 1449448060142 
10 RECEIVE 2700 1449448075977 
10 RECEIVE 2400 1449448089342 
10 RECEIVE 2900 1449448105742 
10 RECEIVE 3000 1449448120482 
10 RECEIVE 3100 1449448135837 
10 RECEIVE 2800 1449448149173 
10 RECEIVE 3300 1449448165501 
10 RECEIVE 3400 1449448179163 
10 RECEIVE 3500 1449448194721 
10 RECEIVE 3200 1449448208238 
10 RECEIVE 3700 1449448225699 
10 RECEIVE 3800 1449448238609 
10 RECEIVE 3900 1449448255554 
10 RECEIVE 3600 1449448268324 
10 RECEIVE 4100 1449448284600 
10 RECEIVE 4200 1449448298163 
10 RECEIVE 4300 1449448315627 
10 RECEIVE 4000 1449448328952 
