11 RECEIVE 100 1449447683763 
11 RECEIVE 200 1449447693230 
11 RECEIVE 300 1449447701420 
11 RECEIVE 0 1449447727463 
11 RECEIVE 500 1449447744971 
11 RECEIVE 600 1449447759023 
11 RECEIVE 700 1449447775225 
11 RECEIVE 400 1449447788000 
11 RECEIVE 900 1449447805227 
11 RECEIVE 1000 1449447818794 
11 RECEIVE 1100 1449447834860 
11 RECEIVE 800 1449447847904 
11 RECEIVE 1300 1449447864699 
11 RECEIVE 1400 1449447878198 
11 RECEIVE 1500 1449447892981 
11 RECEIVE 1200 1449447908004 
11 RECEIVE 1700 1449447924868 
11 RECEIVE 1800 1449447938585 
11 RECEIVE 1900 1449447955093 
11 RECEIVE 1600 1449447968731 
11 RECEIVE 2100 1449447985048 
11 RECEIVE 2200 1449447999393 
11 RECEIVE 2300 1449448015882 
11 RECEIVE 2000 1449448028993 
11 RECEIVE 2500 1449448044723 
11 RECEIVE 2600 1449448060045 
11 RECEIVE 2700 1449448076407 
11 RECEIVE 2400 1449448089604 
11 RECEIVE 2900 1449448106599 
11 RECEIVE 3000 1449448120346 
11 RECEIVE 3100 1449448135961 
11 RECEIVE 2800 1449448149513 
11 RECEIVE 3300 1449448166047 
11 RECEIVE 3400 1449448179408 
11 RECEIVE 3500 1449448195056 
11 RECEIVE 3200 1449448208355 
11 RECEIVE 3700 1449448225927 
11 RECEIVE 3800 1449448238677 
11 RECEIVE 3900 1449448255102 
11 RECEIVE 3600 1449448268169 
11 RECEIVE 4100 1449448285855 
11 RECEIVE 4200 1449448299004 
11 RECEIVE 4300 1449448315743 
11 RECEIVE 4000 1449448329263 
