Awaiting simulation instructions...

Awaiting simulation instructions...

Awaiting simulation instructions...

Awaiting simulation instructions...

Awaiting simulation instructions...

3 RECEIVE 100 1449450153094 

[Reducer1]: Got 89352 bytes.
3 RECEIVE 200 1449450168059 

[Reducer1]: Got 184056 bytes.
3 RECEIVE 300 1449450182401 

[Reducer1]: Got 378864 bytes.
3 RECEIVE 0 1449450200915 

[Reducer1]: Got 956280 bytes.
Awaiting simulation instructions...

Awaiting simulation instructions...

Awaiting simulation instructions...

Awaiting simulation instructions...

3 RECEIVE 500 1449450216585 

[Reducer1]: Got 90536 bytes.
3 RECEIVE 600 1449450232341 

[Reducer1]: Got 183384 bytes.
3 RECEIVE 700 1449450249785 

[Reducer1]: Got 377416 bytes.
3 RECEIVE 400 1449450261205 

[Reducer1]: Got 956264 bytes.
Awaiting simulation instructions...

Awaiting simulation instructions...

Awaiting simulation instructions...

Awaiting simulation instructions...

3 RECEIVE 900 1449450277877 

[Reducer1]: Got 89512 bytes.
3 RECEIVE 1000 1449450295109 

[Reducer1]: Got 184232 bytes.
3 RECEIVE 1100 1449450310988 

[Reducer1]: Got 378264 bytes.
3 RECEIVE 800 1449450320161 

[Reducer1]: Got 959672 bytes.
Awaiting simulation instructions...

Awaiting simulation instructions...

Awaiting simulation instructions...

Awaiting simulation instructions...

3 RECEIVE 1300 1449450336284 

[Reducer1]: Got 89512 bytes.
3 RECEIVE 1400 1449450351651 

[Reducer1]: Got 184056 bytes.
3 RECEIVE 1500 1449450368684 

[Reducer1]: Got 378264 bytes.
3 RECEIVE 1200 1449450380173 

[Reducer1]: Got 958312 bytes.
Awaiting simulation instructions...

Awaiting simulation instructions...

Awaiting simulation instructions...

Awaiting simulation instructions...

3 RECEIVE 1700 1449450395273 

[Reducer1]: Got 89512 bytes.
3 RECEIVE 1800 1449450410686 

[Reducer1]: Got 186280 bytes.
3 RECEIVE 1900 1449450427552 

[Reducer1]: Got 378264 bytes.
3 RECEIVE 1600 1449450442821 

[Reducer1]: Got 955416 bytes.
Awaiting simulation instructions...

Awaiting simulation instructions...

Awaiting simulation instructions...

Awaiting simulation instructions...

3 RECEIVE 2100 1449450455292 

[Reducer1]: Got 89512 bytes.
3 RECEIVE 2200 1449450471908 

[Reducer1]: Got 185256 bytes.
3 RECEIVE 2300 1449450488642 

[Reducer1]: Got 375368 bytes.
3 RECEIVE 2000 1449450493400 

[Reducer1]: Got 957944 bytes.
Awaiting simulation instructions...

Awaiting simulation instructions...

Awaiting simulation instructions...

Awaiting simulation instructions...

3 RECEIVE 2500 1449450516078 

[Reducer1]: Got 89512 bytes.
3 RECEIVE 2600 1449450531929 

[Reducer1]: Got 185256 bytes.
3 RECEIVE 2700 1449450556409 

[Reducer1]: Got 377416 bytes.
3 RECEIVE 2400 1449450562890 

[Reducer1]: Got 954392 bytes.
Awaiting simulation instructions...

Awaiting simulation instructions...

Awaiting simulation instructions...

Awaiting simulation instructions...

3 RECEIVE 2900 1449450576680 

[Reducer1]: Got 89512 bytes.
3 RECEIVE 3000 1449450592678 

[Reducer1]: Got 184232 bytes.
3 RECEIVE 3100 1449450611611 

[Reducer1]: Got 376392 bytes.
3 RECEIVE 2800 1449450619944 

[Reducer1]: Got 958312 bytes.
Awaiting simulation instructions...

Awaiting simulation instructions...

Awaiting simulation instructions...

Awaiting simulation instructions...

3 RECEIVE 3300 1449450637403 

[Reducer1]: Got 89512 bytes.
3 RECEIVE 3400 1449450652983 

[Reducer1]: Got 184232 bytes.
3 RECEIVE 3500 1449450672619 

[Reducer1]: Got 377416 bytes.
3 RECEIVE 3200 1449450679137 

[Reducer1]: Got 957624 bytes.
Awaiting simulation instructions...

Awaiting simulation instructions...

Awaiting simulation instructions...

Awaiting simulation instructions...

3 RECEIVE 3700 1449450695868 

[Reducer1]: Got 89512 bytes.
3 RECEIVE 3800 1449450711317 

[Reducer1]: Got 184232 bytes.
3 RECEIVE 3900 1449450728078 

[Reducer1]: Got 377416 bytes.
[Reducer1]: Got 952520 bytes.
3 RECEIVE 3600 1449450743961 

Awaiting simulation instructions...

Awaiting simulation instructions...

Awaiting simulation instructions...

Awaiting simulation instructions...

3 RECEIVE 4100 1449450756886 

[Reducer1]: Got 89512 bytes.
3 RECEIVE 4200 1449450772150 

[Reducer1]: Got 184232 bytes.
3 RECEIVE 4300 1449450789492 

[Reducer1]: Got 376392 bytes.
3 RECEIVE 4000 1449450803364 

[Reducer1]: Got 956440 bytes.
Slave finished all tasks and exited.
logger exit
