Awaiting simulation instructions...

Awaiting simulation instructions...

Awaiting simulation instructions...

Awaiting simulation instructions...

Awaiting simulation instructions...

11 RECEIVE 100 1449450153729 

[Reducer9]: Got 88504 bytes.
11 RECEIVE 200 1449450167650 

[Reducer9]: Got 184232 bytes.
11 RECEIVE 300 1449450183295 

[Reducer9]: Got 375968 bytes.
11 RECEIVE 0 1449450201128 

[Reducer9]: Got 956280 bytes.
Awaiting simulation instructions...

Awaiting simulation instructions...

Awaiting simulation instructions...

Awaiting simulation instructions...

11 RECEIVE 500 1449450219526 

[Reducer9]: Got 91136 bytes.
11 RECEIVE 600 1449450233162 

[Reducer9]: Got 183384 bytes.
11 RECEIVE 700 1449450249432 

[Reducer9]: Got 378264 bytes.
11 RECEIVE 400 1449450262716 

[Reducer9]: Got 957304 bytes.
Awaiting simulation instructions...

Awaiting simulation instructions...

Awaiting simulation instructions...

Awaiting simulation instructions...

11 RECEIVE 900 1449450280101 

[Reducer9]: Got 91136 bytes.
11 RECEIVE 1000 1449450294676 

[Reducer9]: Got 185256 bytes.
11 RECEIVE 1100 1449450311747 

[Reducer9]: Got 379288 bytes.
11 RECEIVE 800 1449450321140 

[Reducer9]: Got 950952 bytes.
Awaiting simulation instructions...

Awaiting simulation instructions...

Awaiting simulation instructions...

Awaiting simulation instructions...

11 RECEIVE 1300 1449450338263 

[Reducer9]: Got 91136 bytes.
11 RECEIVE 1400 1449450352198 

[Reducer9]: Got 184232 bytes.
11 RECEIVE 1500 1449450369633 

[Reducer9]: Got 378264 bytes.
11 RECEIVE 1200 1449450383106 

[Reducer9]: Got 953544 bytes.
Awaiting simulation instructions...

Awaiting simulation instructions...

Awaiting simulation instructions...

Awaiting simulation instructions...

11 RECEIVE 1700 1449450398095 

[Reducer9]: Got 91136 bytes.
11 RECEIVE 1800 1449450411467 

[Reducer9]: Got 184232 bytes.
11 RECEIVE 1900 1449450427888 

[Reducer9]: Got 378264 bytes.
11 RECEIVE 1600 1449450442568 

[Reducer9]: Got 957288 bytes.
Awaiting simulation instructions...

Awaiting simulation instructions...

Awaiting simulation instructions...

Awaiting simulation instructions...

11 RECEIVE 2100 1449450458565 

[Reducer9]: Got 91136 bytes.
11 RECEIVE 2200 1449450471593 

[Reducer9]: Got 185256 bytes.
11 RECEIVE 2300 1449450487572 

[Reducer9]: Got 378264 bytes.
11 RECEIVE 2000 1449450502526 

[Reducer9]: Got 955416 bytes.
Awaiting simulation instructions...

Awaiting simulation instructions...

Awaiting simulation instructions...

Awaiting simulation instructions...

11 RECEIVE 2500 1449450518265 

[Reducer9]: Got 91136 bytes.
11 RECEIVE 2600 1449450531726 

[Reducer9]: Got 184232 bytes.
[Reducer9]: Got 378264 bytes.
11 RECEIVE 2700 1449450547961 

11 RECEIVE 2400 1449450562449 

[Reducer9]: Got 956440 bytes.
Awaiting simulation instructions...

Awaiting simulation instructions...

Awaiting simulation instructions...

Awaiting simulation instructions...

11 RECEIVE 2900 1449450578388 

[Reducer9]: Got 91136 bytes.
[Reducer9]: Got 184232 bytes.
11 RECEIVE 3000 1449450592620 

[Reducer9]: Got 377416 bytes.
11 RECEIVE 3100 1449450609168 

11 RECEIVE 2800 1449450623759 

[Reducer9]: Got 955416 bytes.
Awaiting simulation instructions...

Awaiting simulation instructions...

Awaiting simulation instructions...

Awaiting simulation instructions...

11 RECEIVE 3300 1449450639735 

[Reducer9]: Got 91136 bytes.
11 RECEIVE 3400 1449450653265 

[Reducer9]: Got 184232 bytes.
11 RECEIVE 3500 1449450670100 

[Reducer9]: Got 378264 bytes.
11 RECEIVE 3200 1449450679942 

[Reducer9]: Got 956776 bytes.
Awaiting simulation instructions...

Awaiting simulation instructions...

Awaiting simulation instructions...

Awaiting simulation instructions...

11 RECEIVE 3700 1449450698888 

[Reducer9]: Got 91136 bytes.
11 RECEIVE 3800 1449450712097 

[Reducer9]: Got 184232 bytes.
11 RECEIVE 3900 1449450728925 

[Reducer9]: Got 378264 bytes.
11 RECEIVE 3600 1449450743174 

[Reducer9]: Got 957288 bytes.
Awaiting simulation instructions...

Awaiting simulation instructions...

Awaiting simulation instructions...

Awaiting simulation instructions...

11 RECEIVE 4100 1449450757620 

[Reducer9]: Got 89512 bytes.
11 RECEIVE 4200 1449450772716 

[Reducer9]: Got 184232 bytes.
11 RECEIVE 4300 1449450790167 

[Reducer9]: Got 378264 bytes.
11 RECEIVE 4000 1449450804434 

[Reducer9]: Got 953544 bytes.
Slave finished all tasks and exited.
logger exit
