Awaiting simulation instructions...

Awaiting simulation instructions...

Awaiting simulation instructions...

Awaiting simulation instructions...

Awaiting simulation instructions...

5 RECEIVE 100 1449450156188 

[Reducer3]: Got 89512 bytes.
5 RECEIVE 200 1449450167099 

[Reducer3]: Got 184072 bytes.
5 RECEIVE 300 1449450173602 

[Reducer3]: Got 377080 bytes.
5 RECEIVE 0 1449450203262 

[Reducer3]: Got 951248 bytes.
Awaiting simulation instructions...

Awaiting simulation instructions...

Awaiting simulation instructions...

Awaiting simulation instructions...

5 RECEIVE 500 1449450218336 

[Reducer3]: Got 90112 bytes.
5 RECEIVE 600 1449450232642 

[Reducer3]: Got 183384 bytes.
5 RECEIVE 700 1449450248866 

[Reducer3]: Got 377416 bytes.
5 RECEIVE 400 1449450261643 

[Reducer3]: Got 955240 bytes.
Awaiting simulation instructions...

Awaiting simulation instructions...

Awaiting simulation instructions...

Awaiting simulation instructions...

5 RECEIVE 900 1449450277848 

[Reducer3]: Got 89512 bytes.
5 RECEIVE 1000 1449450294461 

[Reducer3]: Got 186280 bytes.
5 RECEIVE 1100 1449450311267 

[Reducer3]: Got 377416 bytes.
5 RECEIVE 800 1449450319725 

[Reducer3]: Got 958648 bytes.
Awaiting simulation instructions...

Awaiting simulation instructions...

Awaiting simulation instructions...

Awaiting simulation instructions...

5 RECEIVE 1300 1449450336973 

[Reducer3]: Got 89512 bytes.
5 RECEIVE 1400 1449450352023 

[Reducer3]: Got 184232 bytes.
5 RECEIVE 1500 1449450369070 

[Reducer3]: Got 378264 bytes.
5 RECEIVE 1200 1449450377006 

[Reducer3]: Got 956000 bytes.
Awaiting simulation instructions...

Awaiting simulation instructions...

Awaiting simulation instructions...

Awaiting simulation instructions...

5 RECEIVE 1700 1449450396591 

[Reducer3]: Got 91136 bytes.
5 RECEIVE 1800 1449450411614 

[Reducer3]: Got 184232 bytes.
5 RECEIVE 1900 1449450427284 

[Reducer3]: Got 376392 bytes.
5 RECEIVE 1600 1449450439652 

[Reducer3]: Got 958488 bytes.
Awaiting simulation instructions...

Awaiting simulation instructions...

Awaiting simulation instructions...

Awaiting simulation instructions...

5 RECEIVE 2100 1449450455552 

[Reducer3]: Got 89512 bytes.
5 RECEIVE 2200 1449450471661 

[Reducer3]: Got 185256 bytes.
5 RECEIVE 2300 1449450487372 

[Reducer3]: Got 378264 bytes.
5 RECEIVE 2000 1449450500597 

[Reducer3]: Got 958488 bytes.
Awaiting simulation instructions...

Awaiting simulation instructions...

Awaiting simulation instructions...

Awaiting simulation instructions...

5 RECEIVE 2500 1449450516059 

[Reducer3]: Got 89512 bytes.
5 RECEIVE 2600 1449450531958 

[Reducer3]: Got 185256 bytes.
5 RECEIVE 2700 1449450548968 

[Reducer3]: Got 377416 bytes.
5 RECEIVE 2400 1449450555730 

[Reducer3]: Got 955576 bytes.
Awaiting simulation instructions...

Awaiting simulation instructions...

Awaiting simulation instructions...

Awaiting simulation instructions...

5 RECEIVE 2900 1449450577370 

[Reducer3]: Got 89512 bytes.
5 RECEIVE 3000 1449450592424 

[Reducer3]: Got 183384 bytes.
5 RECEIVE 3100 1449450608662 

[Reducer3]: Got 374520 bytes.
5 RECEIVE 2800 1449450618383 

[Reducer3]: Got 958824 bytes.
Awaiting simulation instructions...

Awaiting simulation instructions...

Awaiting simulation instructions...

Awaiting simulation instructions...

5 RECEIVE 3300 1449450637115 

[Reducer3]: Got 88488 bytes.
5 RECEIVE 3400 1449450652944 

[Reducer3]: Got 184232 bytes.
5 RECEIVE 3500 1449450669467 

[Reducer3]: Got 378264 bytes.
5 RECEIVE 3200 1449450677788 

[Reducer3]: Got 956776 bytes.
Awaiting simulation instructions...

Awaiting simulation instructions...

Awaiting simulation instructions...

Awaiting simulation instructions...

5 RECEIVE 3700 1449450696114 

[Reducer3]: Got 89512 bytes.
5 RECEIVE 3800 1449450711860 

[Reducer3]: Got 184232 bytes.
5 RECEIVE 3900 1449450728204 

[Reducer3]: Got 377416 bytes.
5 RECEIVE 3600 1449450742282 

[Reducer3]: Got 955416 bytes.
Awaiting simulation instructions...

Awaiting simulation instructions...

Awaiting simulation instructions...

Awaiting simulation instructions...

5 RECEIVE 4100 1449450756477 

[Reducer3]: Got 89512 bytes.
5 RECEIVE 4200 1449450772804 

[Reducer3]: Got 185256 bytes.
5 RECEIVE 4300 1449450789791 

[Reducer3]: Got 377416 bytes.
5 RECEIVE 4000 1449450795882 

[Reducer3]: Got 899104 bytes.
Slave finished all tasks and exited.
logger exit
