Awaiting simulation instructions...

Awaiting simulation instructions...

Awaiting simulation instructions...

Awaiting simulation instructions...

Awaiting simulation instructions...

8 RECEIVE 100 1449450157304 

[Reducer6]: Got 89352 bytes.
8 RECEIVE 200 1449450160437 

[Reducer6]: Got 184920 bytes.
8 RECEIVE 300 1449450180614 

[Reducer6]: Got 377080 bytes.
8 RECEIVE 0 1449450198442 

[Reducer6]: Got 958152 bytes.
Awaiting simulation instructions...

Awaiting simulation instructions...

Awaiting simulation instructions...

Awaiting simulation instructions...

8 RECEIVE 500 1449450218199 

[Reducer6]: Got 90112 bytes.
8 RECEIVE 600 1449450232996 

[Reducer6]: Got 184232 bytes.
8 RECEIVE 700 1449450249844 

[Reducer6]: Got 377416 bytes.
8 RECEIVE 400 1449450260972 

[Reducer6]: Got 956264 bytes.
Awaiting simulation instructions...

Awaiting simulation instructions...

Awaiting simulation instructions...

Awaiting simulation instructions...

8 RECEIVE 900 1449450279378 

[Reducer6]: Got 89512 bytes.
8 RECEIVE 1000 1449450294714 

[Reducer6]: Got 185256 bytes.
8 RECEIVE 1100 1449450311947 

[Reducer6]: Got 379288 bytes.
8 RECEIVE 800 1449450319589 

[Reducer6]: Got 957624 bytes.
Awaiting simulation instructions...

Awaiting simulation instructions...

Awaiting simulation instructions...

Awaiting simulation instructions...

8 RECEIVE 1300 1449450336949 

[Reducer6]: Got 88488 bytes.
8 RECEIVE 1400 1449450352090 

[Reducer6]: Got 184232 bytes.
8 RECEIVE 1500 1449450368916 

[Reducer6]: Got 376392 bytes.
8 RECEIVE 1200 1449450382562 

[Reducer6]: Got 954392 bytes.
Awaiting simulation instructions...

Awaiting simulation instructions...

Awaiting simulation instructions...

Awaiting simulation instructions...

8 RECEIVE 1700 1449450396334 

[Reducer6]: Got 91136 bytes.
8 RECEIVE 1800 1449450411135 

[Reducer6]: Got 184232 bytes.
8 RECEIVE 1900 1449450428503 

[Reducer6]: Got 378264 bytes.
8 RECEIVE 1600 1449450439497 

[Reducer6]: Got 958488 bytes.
Awaiting simulation instructions...

Awaiting simulation instructions...

Awaiting simulation instructions...

Awaiting simulation instructions...

8 RECEIVE 2100 1449450457531 

[Reducer6]: Got 91136 bytes.
8 RECEIVE 2200 1449450471454 

[Reducer6]: Got 185256 bytes.
8 RECEIVE 2300 1449450488158 

[Reducer6]: Got 378264 bytes.
8 RECEIVE 2000 1449450502487 

[Reducer6]: Got 955416 bytes.
Awaiting simulation instructions...

Awaiting simulation instructions...

Awaiting simulation instructions...

Awaiting simulation instructions...

8 RECEIVE 2500 1449450518105 

[Reducer6]: Got 91136 bytes.
8 RECEIVE 2600 1449450531470 

[Reducer6]: Got 185080 bytes.
8 RECEIVE 2700 1449450548772 

[Reducer6]: Got 375368 bytes.
8 RECEIVE 2400 1449450559957 

[Reducer6]: Got 955960 bytes.
Awaiting simulation instructions...

Awaiting simulation instructions...

Awaiting simulation instructions...

Awaiting simulation instructions...

8 RECEIVE 2900 1449450578342 

[Reducer6]: Got 91136 bytes.
8 RECEIVE 3000 1449450593170 

[Reducer6]: Got 185256 bytes.
8 RECEIVE 3100 1449450609821 

[Reducer6]: Got 378264 bytes.
8 RECEIVE 2800 1449450617540 

[Reducer6]: Got 956680 bytes.
Awaiting simulation instructions...

Awaiting simulation instructions...

Awaiting simulation instructions...

Awaiting simulation instructions...

8 RECEIVE 3300 1449450640174 

[Reducer6]: Got 91136 bytes.
8 RECEIVE 3400 1449450653997 

[Reducer6]: Got 185256 bytes.
8 RECEIVE 3500 1449450670760 

[Reducer6]: Got 377416 bytes.
8 RECEIVE 3200 1449450678827 

[Reducer6]: Got 957800 bytes.
Awaiting simulation instructions...

Awaiting simulation instructions...

Awaiting simulation instructions...

Awaiting simulation instructions...

8 RECEIVE 3700 1449450697815 

[Reducer6]: Got 91136 bytes.
8 RECEIVE 3800 1449450711763 

[Reducer6]: Got 185256 bytes.
8 RECEIVE 3900 1449450731164 

[Reducer6]: Got 376392 bytes.
8 RECEIVE 3600 1449450742592 

[Reducer6]: Got 954392 bytes.
Awaiting simulation instructions...

Awaiting simulation instructions...

Awaiting simulation instructions...

Awaiting simulation instructions...

[Reducer6]: Got 90112 bytes.
8 RECEIVE 4100 1449450758235 

8 RECEIVE 4200 1449450772833 

[Reducer6]: Got 184232 bytes.
8 RECEIVE 4300 1449450790398 

[Reducer6]: Got 377416 bytes.
8 RECEIVE 4000 1449450803500 

[Reducer6]: Got 955416 bytes.
Slave finished all tasks and exited.
logger exit
