Awaiting simulation instructions...

Awaiting simulation instructions...

Awaiting simulation instructions...

Awaiting simulation instructions...

Awaiting simulation instructions...

4 RECEIVE 100 1449450157329 

[Reducer2]: Got 89352 bytes.
4 RECEIVE 200 1449450161106 

[Reducer2]: Got 184920 bytes.
4 RECEIVE 300 1449450181700 

[Reducer2]: Got 379712 bytes.
4 RECEIVE 0 1449450199809 

[Reducer2]: Got 956440 bytes.
Awaiting simulation instructions...

Awaiting simulation instructions...

Awaiting simulation instructions...

Awaiting simulation instructions...

4 RECEIVE 500 1449450218216 

[Reducer2]: Got 90112 bytes.
4 RECEIVE 600 1449450232458 

[Reducer2]: Got 184232 bytes.
4 RECEIVE 700 1449450249022 

[Reducer2]: Got 377416 bytes.
4 RECEIVE 400 1449450261156 

[Reducer2]: Got 956264 bytes.
Awaiting simulation instructions...

Awaiting simulation instructions...

Awaiting simulation instructions...

Awaiting simulation instructions...

4 RECEIVE 900 1449450278039 

[Reducer2]: Got 89512 bytes.
4 RECEIVE 1000 1449450294159 

[Reducer2]: Got 185080 bytes.
4 RECEIVE 1100 1449450311075 

[Reducer2]: Got 377416 bytes.
4 RECEIVE 800 1449450319938 

[Reducer2]: Got 958968 bytes.
Awaiting simulation instructions...

Awaiting simulation instructions...

Awaiting simulation instructions...

Awaiting simulation instructions...

4 RECEIVE 1300 1449450336066 

[Reducer2]: Got 89512 bytes.
4 RECEIVE 1400 1449450351964 

[Reducer2]: Got 185256 bytes.
4 RECEIVE 1500 1449450369691 

[Reducer2]: Got 378264 bytes.
4 RECEIVE 1200 1449450376645 

[Reducer2]: Got 954200 bytes.
Awaiting simulation instructions...

Awaiting simulation instructions...

Awaiting simulation instructions...

Awaiting simulation instructions...

4 RECEIVE 1700 1449450395338 

[Reducer2]: Got 89512 bytes.
4 RECEIVE 1800 1449450410871 

[Reducer2]: Got 185256 bytes.
4 RECEIVE 1900 1449450427361 

[Reducer2]: Got 376392 bytes.
4 RECEIVE 1600 1449450439274 

[Reducer2]: Got 956440 bytes.
Awaiting simulation instructions...

Awaiting simulation instructions...

Awaiting simulation instructions...

Awaiting simulation instructions...

4 RECEIVE 2100 1449450455914 

[Reducer2]: Got 89512 bytes.
4 RECEIVE 2200 1449450471111 

[Reducer2]: Got 186280 bytes.
4 RECEIVE 2300 1449450486958 

[Reducer2]: Got 377416 bytes.
4 RECEIVE 2000 1449450498572 

[Reducer2]: Got 955592 bytes.
Awaiting simulation instructions...

Awaiting simulation instructions...

Awaiting simulation instructions...

Awaiting simulation instructions...

4 RECEIVE 2500 1449450518180 

[Reducer2]: Got 91136 bytes.
4 RECEIVE 2600 1449450531579 

[Reducer2]: Got 184056 bytes.
4 RECEIVE 2700 1449450547664 

[Reducer2]: Got 375368 bytes.
4 RECEIVE 2400 1449450562488 

[Reducer2]: Got 955416 bytes.
Awaiting simulation instructions...

Awaiting simulation instructions...

Awaiting simulation instructions...

Awaiting simulation instructions...

4 RECEIVE 2900 1449450577091 

[Reducer2]: Got 89512 bytes.
4 RECEIVE 3000 1449450592395 

[Reducer2]: Got 183384 bytes.
4 RECEIVE 3100 1449450609456 

[Reducer2]: Got 378264 bytes.
4 RECEIVE 2800 1449450617133 

[Reducer2]: Got 955152 bytes.
Awaiting simulation instructions...

Awaiting simulation instructions...

Awaiting simulation instructions...

Awaiting simulation instructions...

4 RECEIVE 3300 1449450637132 

[Reducer2]: Got 88488 bytes.
4 RECEIVE 3400 1449450653362 

[Reducer2]: Got 183384 bytes.
4 RECEIVE 3500 1449450670061 

[Reducer2]: Got 378264 bytes.
4 RECEIVE 3200 1449450677155 

[Reducer2]: Got 956920 bytes.
Awaiting simulation instructions...

Awaiting simulation instructions...

Awaiting simulation instructions...

Awaiting simulation instructions...

4 RECEIVE 3700 1449450696172 

[Reducer2]: Got 89512 bytes.
[Reducer2]: Got 185256 bytes.
4 RECEIVE 3800 1449450711960 

4 RECEIVE 3900 1449450728137 

[Reducer2]: Got 378264 bytes.
4 RECEIVE 3600 1449450743446 

[Reducer2]: Got 955416 bytes.
Awaiting simulation instructions...

Awaiting simulation instructions...

Awaiting simulation instructions...

Awaiting simulation instructions...

4 RECEIVE 4100 1449450756523 

[Reducer2]: Got 89512 bytes.
4 RECEIVE 4200 1449450772295 

[Reducer2]: Got 182360 bytes.
4 RECEIVE 4300 1449450789339 

[Reducer2]: Got 375368 bytes.
4 RECEIVE 4000 1449450803735 

[Reducer2]: Got 955416 bytes.
Slave finished all tasks and exited.
logger exit
