Awaiting simulation instructions...

Awaiting simulation instructions...

Awaiting simulation instructions...

Awaiting simulation instructions...

Awaiting simulation instructions...

7 RECEIVE 100 1449450153147 

[Reducer5]: Got 89352 bytes.
7 RECEIVE 200 1449450168778 

[Reducer5]: Got 186704 bytes.
7 RECEIVE 300 1449450181406 

[Reducer5]: Got 378864 bytes.
7 RECEIVE 0 1449450200439 

[Reducer5]: Got 940688 bytes.
Awaiting simulation instructions...

Awaiting simulation instructions...

Awaiting simulation instructions...

Awaiting simulation instructions...

7 RECEIVE 500 1449450218765 

[Reducer5]: Got 90112 bytes.
7 RECEIVE 600 1449450232832 

[Reducer5]: Got 184232 bytes.
7 RECEIVE 700 1449450249393 

[Reducer5]: Got 378264 bytes.
7 RECEIVE 400 1449450259799 

[Reducer5]: Got 957320 bytes.
Awaiting simulation instructions...

Awaiting simulation instructions...

Awaiting simulation instructions...

Awaiting simulation instructions...

7 RECEIVE 900 1449450280313 

[Reducer5]: Got 91136 bytes.
7 RECEIVE 1000 1449450294598 

[Reducer5]: Got 185256 bytes.
[Reducer5]: Got 377416 bytes.
7 RECEIVE 1100 1449450311190 

7 RECEIVE 800 1449450323221 

[Reducer5]: Got 954392 bytes.
Awaiting simulation instructions...

Awaiting simulation instructions...

Awaiting simulation instructions...

Awaiting simulation instructions...

7 RECEIVE 1300 1449450338622 

[Reducer5]: Got 91136 bytes.
7 RECEIVE 1400 1449450352277 

[Reducer5]: Got 184232 bytes.
[Reducer5]: Got 379288 bytes.
7 RECEIVE 1500 1449450369128 

7 RECEIVE 1200 1449450381622 

[Reducer5]: Got 951512 bytes.
Awaiting simulation instructions...

Awaiting simulation instructions...

Awaiting simulation instructions...

Awaiting simulation instructions...

7 RECEIVE 1700 1449450396448 

[Reducer5]: Got 91136 bytes.
7 RECEIVE 1800 1449450411409 

[Reducer5]: Got 184232 bytes.
7 RECEIVE 1900 1449450429644 

[Reducer5]: Got 377416 bytes.
7 RECEIVE 1600 1449450443131 

[Reducer5]: Got 958312 bytes.
Awaiting simulation instructions...

Awaiting simulation instructions...

Awaiting simulation instructions...

Awaiting simulation instructions...

7 RECEIVE 2100 1449450458456 

[Reducer5]: Got 91136 bytes.
7 RECEIVE 2200 1449450471082 

[Reducer5]: Got 186280 bytes.
7 RECEIVE 2300 1449450489447 

[Reducer5]: Got 374944 bytes.
7 RECEIVE 2000 1449450502727 

[Reducer5]: Got 956440 bytes.
Awaiting simulation instructions...

Awaiting simulation instructions...

Awaiting simulation instructions...

Awaiting simulation instructions...

7 RECEIVE 2500 1449450519087 

[Reducer5]: Got 91136 bytes.
7 RECEIVE 2600 1449450532291 

[Reducer5]: Got 185256 bytes.
7 RECEIVE 2700 1449450549664 

[Reducer5]: Got 377416 bytes.
7 RECEIVE 2400 1449450562948 

[Reducer5]: Got 955592 bytes.
Awaiting simulation instructions...

Awaiting simulation instructions...

Awaiting simulation instructions...

Awaiting simulation instructions...

7 RECEIVE 2900 1449450577653 

[Reducer5]: Got 91136 bytes.
7 RECEIVE 3000 1449450592755 

[Reducer5]: Got 184232 bytes.
7 RECEIVE 3100 1449450609658 

[Reducer5]: Got 378264 bytes.
7 RECEIVE 2800 1449450624178 

[Reducer5]: Got 956440 bytes.
Awaiting simulation instructions...

Awaiting simulation instructions...

Awaiting simulation instructions...

Awaiting simulation instructions...

7 RECEIVE 3300 1449450639239 

[Reducer5]: Got 91136 bytes.
7 RECEIVE 3400 1449450653626 

[Reducer5]: Got 184232 bytes.
7 RECEIVE 3500 1449450670607 

[Reducer5]: Got 377416 bytes.
7 RECEIVE 3200 1449450684195 

[Reducer5]: Got 955416 bytes.
Awaiting simulation instructions...

Awaiting simulation instructions...

Awaiting simulation instructions...

Awaiting simulation instructions...

7 RECEIVE 3700 1449450698764 

[Reducer5]: Got 91136 bytes.
7 RECEIVE 3800 1449450711715 

[Reducer5]: Got 184232 bytes.
7 RECEIVE 3900 1449450728657 

[Reducer5]: Got 378264 bytes.
7 RECEIVE 3600 1449450743087 

[Reducer5]: Got 958312 bytes.
Awaiting simulation instructions...

Awaiting simulation instructions...

Awaiting simulation instructions...

Awaiting simulation instructions...

7 RECEIVE 4100 1449450758310 

[Reducer5]: Got 90112 bytes.
7 RECEIVE 4200 1449450773136 

[Reducer5]: Got 185256 bytes.
7 RECEIVE 4300 1449450791746 

[Reducer5]: Got 378264 bytes.
7 RECEIVE 4000 1449450804201 

[Reducer5]: Got 955416 bytes.
Slave finished all tasks and exited.
logger exit
