Awaiting simulation instructions...

Awaiting simulation instructions...

Awaiting simulation instructions...

Awaiting simulation instructions...

Awaiting simulation instructions...

6 RECEIVE 100 1449450154536 

[Reducer4]: Got 90112 bytes.
6 RECEIVE 200 1449450168691 

[Reducer4]: Got 186704 bytes.
6 RECEIVE 300 1449450181946 

[Reducer4]: Got 375192 bytes.
6 RECEIVE 0 1449450201099 

[Reducer4]: Got 957304 bytes.
Awaiting simulation instructions...

Awaiting simulation instructions...

Awaiting simulation instructions...

Awaiting simulation instructions...

6 RECEIVE 500 1449450218251 

[Reducer4]: Got 90112 bytes.
6 RECEIVE 600 1449450232871 

[Reducer4]: Got 183384 bytes.
6 RECEIVE 700 1449450249354 

[Reducer4]: Got 378264 bytes.
6 RECEIVE 400 1449450259227 

[Reducer4]: Got 954024 bytes.
Awaiting simulation instructions...

Awaiting simulation instructions...

Awaiting simulation instructions...

Awaiting simulation instructions...

6 RECEIVE 900 1449450277926 

[Reducer4]: Got 89512 bytes.
6 RECEIVE 1000 1449450294306 

[Reducer4]: Got 186280 bytes.
6 RECEIVE 1100 1449450311537 

[Reducer4]: Got 377840 bytes.
6 RECEIVE 800 1449450320646 

[Reducer4]: Got 956680 bytes.
Awaiting simulation instructions...

Awaiting simulation instructions...

Awaiting simulation instructions...

Awaiting simulation instructions...

6 RECEIVE 1300 1449450338588 

[Reducer4]: Got 91136 bytes.
6 RECEIVE 1400 1449450352248 

[Reducer4]: Got 184232 bytes.
6 RECEIVE 1500 1449450368877 

[Reducer4]: Got 378264 bytes.
6 RECEIVE 1200 1449450380455 

[Reducer4]: Got 956616 bytes.
Awaiting simulation instructions...

Awaiting simulation instructions...

Awaiting simulation instructions...

Awaiting simulation instructions...

6 RECEIVE 1700 1449450395510 

[Reducer4]: Got 89512 bytes.
6 RECEIVE 1800 1449450411077 

[Reducer4]: Got 184232 bytes.
6 RECEIVE 1900 1449450427678 

[Reducer4]: Got 379288 bytes.
6 RECEIVE 1600 1449450443248 

[Reducer4]: Got 955416 bytes.
Awaiting simulation instructions...

Awaiting simulation instructions...

Awaiting simulation instructions...

Awaiting simulation instructions...

6 RECEIVE 2100 1449450457453 

[Reducer4]: Got 90112 bytes.
6 RECEIVE 2200 1449450471279 

[Reducer4]: Got 186280 bytes.
6 RECEIVE 2300 1449450487265 

[Reducer4]: Got 378264 bytes.
6 RECEIVE 2000 1449450502649 

[Reducer4]: Got 955416 bytes.
Awaiting simulation instructions...

Awaiting simulation instructions...

Awaiting simulation instructions...

Awaiting simulation instructions...

6 RECEIVE 2500 1449450518360 

[Reducer4]: Got 91136 bytes.
6 RECEIVE 2600 1449450532036 

[Reducer4]: Got 184232 bytes.
6 RECEIVE 2700 1449450547817 

[Reducer4]: Got 378264 bytes.
6 RECEIVE 2400 1449450562541 

[Reducer4]: Got 956440 bytes.
Awaiting simulation instructions...

Awaiting simulation instructions...

Awaiting simulation instructions...

Awaiting simulation instructions...

6 RECEIVE 2900 1449450578048 

[Reducer4]: Got 91136 bytes.
6 RECEIVE 3000 1449450592922 

[Reducer4]: Got 184232 bytes.
6 RECEIVE 3100 1449450608853 

[Reducer4]: Got 377416 bytes.
6 RECEIVE 2800 1449450623468 

[Reducer4]: Got 955416 bytes.
Awaiting simulation instructions...

Awaiting simulation instructions...

Awaiting simulation instructions...

Awaiting simulation instructions...

6 RECEIVE 3300 1449450637535 

[Reducer4]: Got 89512 bytes.
6 RECEIVE 3400 1449450653498 

[Reducer4]: Got 184232 bytes.
6 RECEIVE 3500 1449450669983 

[Reducer4]: Got 377416 bytes.
6 RECEIVE 3200 1449450683369 

[Reducer4]: Got 954392 bytes.
Awaiting simulation instructions...

Awaiting simulation instructions...

Awaiting simulation instructions...

Awaiting simulation instructions...

6 RECEIVE 3700 1449450698005 

[Reducer4]: Got 91136 bytes.
[Reducer4]: Got 186280 bytes.
6 RECEIVE 3800 1449450711657 

6 RECEIVE 3900 1449450728369 

[Reducer4]: Got 378264 bytes.
6 RECEIVE 3600 1449450741982 

[Reducer4]: Got 957288 bytes.
Awaiting simulation instructions...

Awaiting simulation instructions...

Awaiting simulation instructions...

Awaiting simulation instructions...

6 RECEIVE 4100 1449450758657 

[Reducer4]: Got 91136 bytes.
6 RECEIVE 4200 1449450772920 

[Reducer4]: Got 186280 bytes.
6 RECEIVE 4300 1449450789580 

[Reducer4]: Got 378264 bytes.
6 RECEIVE 4000 1449450803968 

[Reducer4]: Got 955416 bytes.
Slave finished all tasks and exited.
logger exit
