Awaiting simulation instructions...

Awaiting simulation instructions...

Awaiting simulation instructions...

Awaiting simulation instructions...

Awaiting simulation instructions...

10 RECEIVE 100 1449450152469 

[Reducer8]: Got 90376 bytes.
10 RECEIVE 200 1449450171425 

[Reducer8]: Got 183808 bytes.
10 RECEIVE 300 1449450183111 

[Reducer8]: Got 375192 bytes.
10 RECEIVE 0 1449450200779 

[Reducer8]: Got 952520 bytes.
Awaiting simulation instructions...

Awaiting simulation instructions...

Awaiting simulation instructions...

Awaiting simulation instructions...

10 RECEIVE 500 1449450218392 

[Reducer8]: Got 90112 bytes.
10 RECEIVE 600 1449450233045 

[Reducer8]: Got 185256 bytes.
10 RECEIVE 700 1449450248896 

[Reducer8]: Got 376392 bytes.
10 RECEIVE 400 1449450262970 

[Reducer8]: Got 958152 bytes.
Awaiting simulation instructions...

Awaiting simulation instructions...

Awaiting simulation instructions...

Awaiting simulation instructions...

10 RECEIVE 900 1449450280196 

[Reducer8]: Got 91136 bytes.
10 RECEIVE 1000 1449450294519 

[Reducer8]: Got 185256 bytes.
10 RECEIVE 1100 1449450313193 

[Reducer8]: Got 377416 bytes.
10 RECEIVE 800 1449450320898 

[Reducer8]: Got 956920 bytes.
Awaiting simulation instructions...

Awaiting simulation instructions...

Awaiting simulation instructions...

Awaiting simulation instructions...

10 RECEIVE 1300 1449450338605 

[Reducer8]: Got 91136 bytes.
10 RECEIVE 1400 1449450339163 

[Reducer8]: Got 91136 bytes.
10 RECEIVE 1500 1449450369509 

[Reducer8]: Got 378264 bytes.
10 RECEIVE 1200 1449450382844 

[Reducer8]: Got 953544 bytes.
Awaiting simulation instructions...

Awaiting simulation instructions...

Awaiting simulation instructions...

Awaiting simulation instructions...

10 RECEIVE 1700 1449450396239 

[Reducer8]: Got 91136 bytes.
10 RECEIVE 1800 1449450411633 

[Reducer8]: Got 184232 bytes.
10 RECEIVE 1900 1449450427927 

[Reducer8]: Got 378264 bytes.
10 RECEIVE 1600 1449450440670 

[Reducer8]: Got 956280 bytes.
Awaiting simulation instructions...

Awaiting simulation instructions...

Awaiting simulation instructions...

Awaiting simulation instructions...

10 RECEIVE 2100 1449450457604 

[Reducer8]: Got 90112 bytes.
10 RECEIVE 2200 1449450471632 

[Reducer8]: Got 185256 bytes.
10 RECEIVE 2300 1449450487640 

[Reducer8]: Got 377416 bytes.
10 RECEIVE 2000 1449450502746 

[Reducer8]: Got 955416 bytes.
Awaiting simulation instructions...

Awaiting simulation instructions...

Awaiting simulation instructions...

Awaiting simulation instructions...

10 RECEIVE 2500 1449450518969 

[Reducer8]: Got 91136 bytes.
10 RECEIVE 2600 1449450532105 

[Reducer8]: Got 184232 bytes.
10 RECEIVE 2700 1449450548000 

[Reducer8]: Got 378264 bytes.
10 RECEIVE 2400 1449450561819 

[Reducer8]: Got 955416 bytes.
Awaiting simulation instructions...

Awaiting simulation instructions...

Awaiting simulation instructions...

Awaiting simulation instructions...

10 RECEIVE 2900 1449450578276 

[Reducer8]: Got 91136 bytes.
10 RECEIVE 3000 1449450592317 

[Reducer8]: Got 184232 bytes.
10 RECEIVE 3100 1449450609312 

[Reducer8]: Got 378264 bytes.
10 RECEIVE 2800 1449450621318 

[Reducer8]: Got 958152 bytes.
Awaiting simulation instructions...

Awaiting simulation instructions...

Awaiting simulation instructions...

Awaiting simulation instructions...

10 RECEIVE 3300 1449450638657 

[Reducer8]: Got 90112 bytes.
10 RECEIVE 3400 1449450653246 

[Reducer8]: Got 184232 bytes.
10 RECEIVE 3500 1449450670022 

[Reducer8]: Got 378264 bytes.
10 RECEIVE 3200 1449450683340 

[Reducer8]: Got 953544 bytes.
Awaiting simulation instructions...

Awaiting simulation instructions...

Awaiting simulation instructions...

Awaiting simulation instructions...

10 RECEIVE 3700 1449450698688 

[Reducer8]: Got 91136 bytes.
10 RECEIVE 3800 1449450711550 

[Reducer8]: Got 185256 bytes.
[Reducer8]: Got 378264 bytes.
10 RECEIVE 3900 1449450728243 

10 RECEIVE 3600 1449450743184 

[Reducer8]: Got 955416 bytes.
Awaiting simulation instructions...

Awaiting simulation instructions...

Awaiting simulation instructions...

Awaiting simulation instructions...

10 RECEIVE 4100 1449450757968 

[Reducer8]: Got 89512 bytes.
10 RECEIVE 4200 1449450772551 

[Reducer8]: Got 185256 bytes.
10 RECEIVE 4300 1449450790118 

[Reducer8]: Got 378264 bytes.
10 RECEIVE 4000 1449450798970 

[Reducer8]: Got 956776 bytes.
Slave finished all tasks and exited.
logger exit
