Awaiting simulation instructions...

Awaiting simulation instructions...

Awaiting simulation instructions...

Awaiting simulation instructions...

Awaiting simulation instructions...

9 RECEIVE 100 1449450156555 

[Reducer7]: Got 90112 bytes.
9 RECEIVE 200 1449450169023 

[Reducer7]: Got 186704 bytes.
9 RECEIVE 300 1449450179673 

[Reducer7]: Got 379112 bytes.
9 RECEIVE 0 1449450203024 

[Reducer7]: Got 955168 bytes.
Awaiting simulation instructions...

Awaiting simulation instructions...

Awaiting simulation instructions...

Awaiting simulation instructions...

[Reducer7]: Got 91136 bytes.
9 RECEIVE 500 1449450217606 

9 RECEIVE 600 1449450233240 

[Reducer7]: Got 183384 bytes.
[Reducer7]: Got 377416 bytes.
9 RECEIVE 700 1449450249210 

9 RECEIVE 400 1449450260488 

[Reducer7]: Got 959336 bytes.
Awaiting simulation instructions...

Awaiting simulation instructions...

Awaiting simulation instructions...

Awaiting simulation instructions...

9 RECEIVE 900 1449450279911 

[Reducer7]: Got 91136 bytes.
9 RECEIVE 1000 1449450294695 

[Reducer7]: Got 185256 bytes.
9 RECEIVE 1100 1449450311986 

[Reducer7]: Got 379288 bytes.
9 RECEIVE 800 1449450321586 

[Reducer7]: Got 953176 bytes.
Awaiting simulation instructions...

Awaiting simulation instructions...

Awaiting simulation instructions...

Awaiting simulation instructions...

9 RECEIVE 1300 1449450338454 

[Reducer7]: Got 91136 bytes.
9 RECEIVE 1400 1449450352570 

[Reducer7]: Got 184232 bytes.
9 RECEIVE 1500 1449450369835 

[Reducer7]: Got 378264 bytes.
9 RECEIVE 1200 1449450380833 

[Reducer7]: Got 954568 bytes.
Awaiting simulation instructions...

Awaiting simulation instructions...

Awaiting simulation instructions...

Awaiting simulation instructions...

9 RECEIVE 1700 1449450397639 

[Reducer7]: Got 91136 bytes.
9 RECEIVE 1800 1449450411106 

[Reducer7]: Got 184232 bytes.
9 RECEIVE 1900 1449450428494 

[Reducer7]: Got 377416 bytes.
9 RECEIVE 1600 1449450443102 

[Reducer7]: Got 957288 bytes.
Awaiting simulation instructions...

Awaiting simulation instructions...

Awaiting simulation instructions...

Awaiting simulation instructions...

9 RECEIVE 2100 1449450458201 

[Reducer7]: Got 91136 bytes.
9 RECEIVE 2200 1449450471366 

[Reducer7]: Got 185256 bytes.
9 RECEIVE 2300 1449450487910 

[Reducer7]: Got 378264 bytes.
9 RECEIVE 2000 1449450502853 

[Reducer7]: Got 957288 bytes.
Awaiting simulation instructions...

Awaiting simulation instructions...

Awaiting simulation instructions...

Awaiting simulation instructions...

9 RECEIVE 2500 1449450518996 

[Reducer7]: Got 91136 bytes.
9 RECEIVE 2600 1449450532517 

[Reducer7]: Got 184232 bytes.
9 RECEIVE 2700 1449450548223 

[Reducer7]: Got 378264 bytes.
9 RECEIVE 2400 1449450557086 

[Reducer7]: Got 956744 bytes.
Awaiting simulation instructions...

Awaiting simulation instructions...

Awaiting simulation instructions...

Awaiting simulation instructions...

9 RECEIVE 2900 1449450576845 

[Reducer7]: Got 89512 bytes.
9 RECEIVE 3000 1449450592971 

[Reducer7]: Got 184232 bytes.
9 RECEIVE 3100 1449450611186 

[Reducer7]: Got 377416 bytes.
9 RECEIVE 2800 1449450623245 

[Reducer7]: Got 956440 bytes.
Awaiting simulation instructions...

Awaiting simulation instructions...

Awaiting simulation instructions...

Awaiting simulation instructions...

9 RECEIVE 3300 1449450639254 

[Reducer7]: Got 90112 bytes.
9 RECEIVE 3400 1449450653440 

[Reducer7]: Got 184232 bytes.
9 RECEIVE 3500 1449450672184 

[Reducer7]: Got 377416 bytes.
9 RECEIVE 3200 1449450683699 

[Reducer7]: Got 955416 bytes.
Awaiting simulation instructions...

Awaiting simulation instructions...

Awaiting simulation instructions...

Awaiting simulation instructions...

9 RECEIVE 3700 1449450698835 

[Reducer7]: Got 91136 bytes.
9 RECEIVE 3800 1449450712285 

[Reducer7]: Got 184232 bytes.
9 RECEIVE 3900 1449450728696 

[Reducer7]: Got 377416 bytes.
9 RECEIVE 3600 1449450742030 

[Reducer7]: Got 956616 bytes.
Awaiting simulation instructions...

Awaiting simulation instructions...

Awaiting simulation instructions...

Awaiting simulation instructions...

9 RECEIVE 4100 1449450759723 

[Reducer7]: Got 91136 bytes.
9 RECEIVE 4200 1449450772978 

[Reducer7]: Got 185256 bytes.
9 RECEIVE 4300 1449450789908 

[Reducer7]: Got 378264 bytes.
9 RECEIVE 4000 1449450799746 

[Reducer7]: Got 958648 bytes.
Slave finished all tasks and exited.
logger exit
