Awaiting simulation instructions...

Awaiting simulation instructions...

Awaiting simulation instructions...

Awaiting simulation instructions...

Awaiting simulation instructions...

2 RECEIVE 100 1449450155334 

[Reducer0]: Got 90112 bytes.
2 RECEIVE 200 1449450169949 

[Reducer0]: Got 185856 bytes.
2 RECEIVE 300 1449450182439 

[Reducer0]: Got 377840 bytes.
2 RECEIVE 0 1449450201070 

[Reducer0]: Got 956280 bytes.
Awaiting simulation instructions...

Awaiting simulation instructions...

Awaiting simulation instructions...

Awaiting simulation instructions...

2 RECEIVE 500 1449450217060 

[Reducer0]: Got 90536 bytes.
2 RECEIVE 600 1449450232322 

[Reducer0]: Got 183384 bytes.
2 RECEIVE 700 1449450249882 

[Reducer0]: Got 377416 bytes.
2 RECEIVE 400 1449450254504 

[Reducer0]: Got 956072 bytes.
Awaiting simulation instructions...

Awaiting simulation instructions...

Awaiting simulation instructions...

Awaiting simulation instructions...

2 RECEIVE 900 1449450277721 

[Reducer0]: Got 89512 bytes.
2 RECEIVE 1000 1449450294041 

[Reducer0]: Got 185080 bytes.
2 RECEIVE 1100 1449450311401 

[Reducer0]: Got 379712 bytes.
2 RECEIVE 800 1449450321857 

[Reducer0]: Got 956616 bytes.
Awaiting simulation instructions...

Awaiting simulation instructions...

Awaiting simulation instructions...

Awaiting simulation instructions...

2 RECEIVE 1300 1449450336112 

[Reducer0]: Got 89512 bytes.
2 RECEIVE 1400 1449450351709 

[Reducer0]: Got 186280 bytes.
2 RECEIVE 1500 1449450368722 

[Reducer0]: Got 377416 bytes.
2 RECEIVE 1200 1449450380533 

[Reducer0]: Got 953720 bytes.
Awaiting simulation instructions...

Awaiting simulation instructions...

Awaiting simulation instructions...

Awaiting simulation instructions...

2 RECEIVE 1700 1449450395140 

[Reducer0]: Got 89512 bytes.
2 RECEIVE 1800 1449450410744 

[Reducer0]: Got 186280 bytes.
2 RECEIVE 1900 1449450427659 

[Reducer0]: Got 377416 bytes.
2 RECEIVE 1600 1449450438828 

[Reducer0]: Got 958312 bytes.
Awaiting simulation instructions...

Awaiting simulation instructions...

Awaiting simulation instructions...

Awaiting simulation instructions...

2 RECEIVE 2100 1449450455992 

[Reducer0]: Got 89512 bytes.
2 RECEIVE 2200 1449450470790 

[Reducer0]: Got 184232 bytes.
[Reducer0]: Got 377416 bytes.
2 RECEIVE 2300 1449450487111 

2 RECEIVE 2000 1449450500025 

[Reducer0]: Got 957304 bytes.
Awaiting simulation instructions...

Awaiting simulation instructions...

Awaiting simulation instructions...

Awaiting simulation instructions...

2 RECEIVE 2500 1449450516124 

[Reducer0]: Got 89512 bytes.
2 RECEIVE 2600 1449450531900 

[Reducer0]: Got 185256 bytes.
2 RECEIVE 2700 1449450547530 

[Reducer0]: Got 376392 bytes.
2 RECEIVE 2400 1449450562900 

[Reducer0]: Got 958312 bytes.
Awaiting simulation instructions...

Awaiting simulation instructions...

Awaiting simulation instructions...

Awaiting simulation instructions...

2 RECEIVE 2900 1449450577266 

[Reducer0]: Got 89512 bytes.
2 RECEIVE 3000 1449450592112 

[Reducer0]: Got 186280 bytes.
[Reducer0]: Got 378264 bytes.
2 RECEIVE 3100 1449450608633 

2 RECEIVE 2800 1449450622714 

[Reducer0]: Got 954392 bytes.
Awaiting simulation instructions...

Awaiting simulation instructions...

Awaiting simulation instructions...

Awaiting simulation instructions...

2 RECEIVE 3300 1449450637364 

[Reducer0]: Got 89512 bytes.
2 RECEIVE 3400 1449450653198 

[Reducer0]: Got 185256 bytes.
2 RECEIVE 3500 1449450669428 

[Reducer0]: Got 376392 bytes.
2 RECEIVE 3200 1449450683952 

[Reducer0]: Got 954392 bytes.
Awaiting simulation instructions...

Awaiting simulation instructions...

Awaiting simulation instructions...

Awaiting simulation instructions...

2 RECEIVE 3700 1449450696218 

[Reducer0]: Got 89512 bytes.
2 RECEIVE 3800 1449450711278 

[Reducer0]: Got 185256 bytes.
2 RECEIVE 3900 1449450729126 

[Reducer0]: Got 378264 bytes.
2 RECEIVE 3600 1449450739354 

[Reducer0]: Got 956440 bytes.
Awaiting simulation instructions...

Awaiting simulation instructions...

Awaiting simulation instructions...

Awaiting simulation instructions...

2 RECEIVE 4100 1449450756811 

[Reducer0]: Got 89512 bytes.
2 RECEIVE 4200 1449450772208 

[Reducer0]: Got 183384 bytes.
2 RECEIVE 4300 1449450791010 

[Reducer0]: Got 378264 bytes.
2 RECEIVE 4000 1449450800395 

[Reducer0]: Got 957288 bytes.
Slave finished all tasks and exited.
logger exit
