7 RECEIVE 100 1449452191880 
7 RECEIVE 0 1449452221603 
7 RECEIVE 300 1449452235997 
7 RECEIVE 200 1449452261762 
7 RECEIVE 500 1449452277253 
7 RECEIVE 400 1449452302489 
7 RECEIVE 700 1449452317420 
7 RECEIVE 600 1449452342763 
7 RECEIVE 900 1449452356334 
7 RECEIVE 800 1449452381840 
7 RECEIVE 1100 1449452397230 
7 RECEIVE 1000 1449452421911 
7 RECEIVE 1300 1449452438662 
7 RECEIVE 1200 1449452463514 
7 RECEIVE 1500 1449452477727 
7 RECEIVE 1400 1449452503230 
7 RECEIVE 1700 1449452518692 
7 RECEIVE 1600 1449452543042 
7 RECEIVE 1900 1449452559388 
7 RECEIVE 1800 1449452582036 
7 RECEIVE 2100 1449452599134 
7 RECEIVE 2000 1449452622136 
