6 RECEIVE 100 1449452189957 
6 RECEIVE 0 1449452223232 
6 RECEIVE 300 1449452234918 
6 RECEIVE 200 1449452262935 
6 RECEIVE 500 1449452277046 
6 RECEIVE 400 1449452302877 
6 RECEIVE 700 1449452317582 
6 RECEIVE 600 1449452342453 
6 RECEIVE 900 1449452356958 
6 RECEIVE 800 1449452384594 
6 RECEIVE 1100 1449452396846 
6 RECEIVE 1000 1449452424083 
6 RECEIVE 1300 1449452437913 
6 RECEIVE 1200 1449452462816 
6 RECEIVE 1500 1449452477603 
6 RECEIVE 1400 1449452504374 
6 RECEIVE 1700 1449452517245 
6 RECEIVE 1600 1449452543352 
6 RECEIVE 1900 1449452557790 
6 RECEIVE 1800 1449452582586 
6 RECEIVE 2100 1449452599314 
6 RECEIVE 2000 1449452623891 
