4 RECEIVE 100 1449452192044 
4 RECEIVE 0 1449452223543 
4 RECEIVE 300 1449452236341 
4 RECEIVE 200 1449452262238 
4 RECEIVE 500 1449452276556 
4 RECEIVE 400 1449452303785 
4 RECEIVE 700 1449452316537 
4 RECEIVE 600 1449452344558 
4 RECEIVE 900 1449452356516 
4 RECEIVE 800 1449452384913 
4 RECEIVE 1100 1449452396032 
4 RECEIVE 1000 1449452419846 
4 RECEIVE 1300 1449452438679 
4 RECEIVE 1200 1449452461101 
4 RECEIVE 1500 1449452478292 
4 RECEIVE 1400 1449452502920 
4 RECEIVE 1700 1449452517831 
4 RECEIVE 1600 1449452542693 
4 RECEIVE 1900 1449452558420 
4 RECEIVE 1800 1449452583226 
4 RECEIVE 2100 1449452598867 
4 RECEIVE 2000 1449452626169 
