8 RECEIVE 100 1449452192369 
8 RECEIVE 0 1449452224095 
8 RECEIVE 300 1449452236618 
8 RECEIVE 200 1449452262518 
8 RECEIVE 500 1449452276374 
8 RECEIVE 400 1449452303281 
8 RECEIVE 700 1449452317743 
8 RECEIVE 600 1449452341455 
8 RECEIVE 900 1449452357838 
8 RECEIVE 800 1449452383226 
8 RECEIVE 1100 1449452397698 
8 RECEIVE 1000 1449452422250 
8 RECEIVE 1300 1449452438211 
8 RECEIVE 1200 1449452463766 
8 RECEIVE 1500 1449452477928 
8 RECEIVE 1400 1449452503579 
8 RECEIVE 1700 1449452518222 
8 RECEIVE 1600 1449452544060 
8 RECEIVE 1900 1449452558680 
8 RECEIVE 1800 1449452583965 
8 RECEIVE 2100 1449452599268 
8 RECEIVE 2000 1449452622524 
