2 RECEIVE 100 1449452192689 
2 RECEIVE 0 1449452220246 
2 RECEIVE 300 1449452235182 
2 RECEIVE 200 1449452258446 
2 RECEIVE 500 1449452276299 
2 RECEIVE 400 1449452301423 
2 RECEIVE 700 1449452316076 
2 RECEIVE 600 1449452344228 
2 RECEIVE 900 1449452357101 
2 RECEIVE 800 1449452376051 
2 RECEIVE 1100 1449452396517 
2 RECEIVE 1000 1449452423763 
2 RECEIVE 1300 1449452437319 
2 RECEIVE 1200 1449452462448 
2 RECEIVE 1500 1449452477363 
2 RECEIVE 1400 1449452499501 
2 RECEIVE 1700 1449452518001 
2 RECEIVE 1600 1449452540628 
2 RECEIVE 1900 1449452559198 
2 RECEIVE 1800 1449452582916 
2 RECEIVE 2100 1449452597638 
2 RECEIVE 2000 1449452622853 
