11 RECEIVE 100 1449452190285 
11 RECEIVE 0 1449452223819 
11 RECEIVE 300 1449452235684 
11 RECEIVE 200 1449452263400 
11 RECEIVE 500 1449452277216 
11 RECEIVE 400 1449452303862 
11 RECEIVE 700 1449452316930 
11 RECEIVE 600 1449452343810 
11 RECEIVE 900 1449452357792 
11 RECEIVE 800 1449452384245 
11 RECEIVE 1100 1449452397584 
11 RECEIVE 1000 1449452422570 
11 RECEIVE 1300 1449452438859 
11 RECEIVE 1200 1449452464784 
11 RECEIVE 1500 1449452478743 
11 RECEIVE 1400 1449452504830 
11 RECEIVE 1700 1449452518807 
11 RECEIVE 1600 1449452545185 
11 RECEIVE 1900 1449452559415 
11 RECEIVE 1800 1449452584605 
11 RECEIVE 2100 1449452597820 
11 RECEIVE 2000 1449452625248 
