9 RECEIVE 100 1449452193316 
9 RECEIVE 0 1449452222486 
9 RECEIVE 300 1449452236188 
9 RECEIVE 200 1449452262227 
9 RECEIVE 500 1449452275749 
9 RECEIVE 400 1449452303562 
9 RECEIVE 700 1449452316748 
9 RECEIVE 600 1449452342928 
9 RECEIVE 900 1449452357573 
9 RECEIVE 800 1449452383614 
9 RECEIVE 1100 1449452396990 
9 RECEIVE 1000 1449452424763 
9 RECEIVE 1300 1449452438354 
9 RECEIVE 1200 1449452465259 
9 RECEIVE 1500 1449452479003 
9 RECEIVE 1400 1449452504325 
9 RECEIVE 1700 1449452518931 
9 RECEIVE 1600 1449452545666 
9 RECEIVE 1900 1449452559461 
9 RECEIVE 1800 1449452584285 
9 RECEIVE 2100 1449452598118 
9 RECEIVE 2000 1449452623522 
