Awaiting simulation instructions...

Awaiting simulation instructions...

Awaiting simulation instructions...

11 RECEIVE 100 1449453614848 

[Reducer9]: Got 90376 bytes.
11 RECEIVE 0 1449453644963 

[Reducer9]: Got 958312 bytes.
Awaiting simulation instructions...

Awaiting simulation instructions...

11 RECEIVE 300 1449453659794 

[Reducer9]: Got 91136 bytes.
11 RECEIVE 200 1449453685997 

[Reducer9]: Got 957112 bytes.
Awaiting simulation instructions...

Awaiting simulation instructions...

11 RECEIVE 500 1449453700961 

[Reducer9]: Got 91136 bytes.
11 RECEIVE 400 1449453725225 

[Reducer9]: Got 956280 bytes.
Awaiting simulation instructions...

Awaiting simulation instructions...

11 RECEIVE 700 1449453740908 

[Reducer9]: Got 91136 bytes.
11 RECEIVE 600 1449453766081 

[Reducer9]: Got 958488 bytes.
Awaiting simulation instructions...

Awaiting simulation instructions...

11 RECEIVE 900 1449453779198 

[Reducer9]: Got 91560 bytes.
11 RECEIVE 800 1449453803427 

[Reducer9]: Got 957288 bytes.
Awaiting simulation instructions...

Awaiting simulation instructions...

11 RECEIVE 1100 1449453821265 

[Reducer9]: Got 91560 bytes.
11 RECEIVE 1000 1449453847098 

[Reducer9]: Got 958488 bytes.
Awaiting simulation instructions...

Awaiting simulation instructions...

11 RECEIVE 1300 1449453861403 

[Reducer9]: Got 91136 bytes.
11 RECEIVE 1200 1449453886237 

[Reducer9]: Got 958488 bytes.
Awaiting simulation instructions...

Awaiting simulation instructions...

11 RECEIVE 1500 1449453900949 

[Reducer9]: Got 91136 bytes.
11 RECEIVE 1400 1449453920656 

[Reducer9]: Got 957944 bytes.
Awaiting simulation instructions...

Awaiting simulation instructions...

11 RECEIVE 1700 1449453940172 

[Reducer9]: Got 91560 bytes.
11 RECEIVE 1600 1449453967708 

[Reducer9]: Got 958488 bytes.
Awaiting simulation instructions...

Awaiting simulation instructions...

11 RECEIVE 1900 1449453980837 

[Reducer9]: Got 91136 bytes.
11 RECEIVE 1800 1449454006838 

[Reducer9]: Got 958312 bytes.
Awaiting simulation instructions...

Awaiting simulation instructions...

11 RECEIVE 2100 1449454022436 

[Reducer9]: Got 91560 bytes.
11 RECEIVE 2000 1449454047589 

[Reducer9]: Got 958488 bytes.
Slave finished all tasks and exited.
logger exit
