Awaiting simulation instructions...

Awaiting simulation instructions...

Awaiting simulation instructions...

7 RECEIVE 100 1449453613654 

[Reducer5]: Got 88488 bytes.
7 RECEIVE 0 1449453644478 

[Reducer5]: Got 959176 bytes.
Awaiting simulation instructions...

Awaiting simulation instructions...

7 RECEIVE 300 1449453659830 

[Reducer5]: Got 91136 bytes.
7 RECEIVE 200 1449453684870 

[Reducer5]: Got 958496 bytes.
Awaiting simulation instructions...

Awaiting simulation instructions...

7 RECEIVE 500 1449453700393 

[Reducer5]: Got 91136 bytes.
7 RECEIVE 400 1449453726160 

[Reducer5]: Got 959336 bytes.
Awaiting simulation instructions...

Awaiting simulation instructions...

7 RECEIVE 700 1449453740728 

[Reducer5]: Got 91560 bytes.
7 RECEIVE 600 1449453763430 

[Reducer5]: Got 959672 bytes.
Awaiting simulation instructions...

Awaiting simulation instructions...

7 RECEIVE 900 1449453779848 

[Reducer5]: Got 91136 bytes.
7 RECEIVE 800 1449453807312 

[Reducer5]: Got 958488 bytes.
Awaiting simulation instructions...

Awaiting simulation instructions...

7 RECEIVE 1100 1449453821098 

[Reducer5]: Got 91560 bytes.
7 RECEIVE 1000 1449453845959 

[Reducer5]: Got 958152 bytes.
Awaiting simulation instructions...

Awaiting simulation instructions...

7 RECEIVE 1300 1449453860996 

[Reducer5]: Got 91136 bytes.
7 RECEIVE 1200 1449453887176 

[Reducer5]: Got 958488 bytes.
Awaiting simulation instructions...

Awaiting simulation instructions...

7 RECEIVE 1500 1449453900748 

[Reducer5]: Got 91136 bytes.
7 RECEIVE 1400 1449453927290 

[Reducer5]: Got 958488 bytes.
Awaiting simulation instructions...

Awaiting simulation instructions...

7 RECEIVE 1700 1449453940189 

[Reducer5]: Got 91560 bytes.
7 RECEIVE 1600 1449453966428 

[Reducer5]: Got 958312 bytes.
Awaiting simulation instructions...

Awaiting simulation instructions...

7 RECEIVE 1900 1449453980235 

[Reducer5]: Got 91560 bytes.
7 RECEIVE 1800 1449454007797 

[Reducer5]: Got 958488 bytes.
Awaiting simulation instructions...

Awaiting simulation instructions...

7 RECEIVE 2100 1449454022453 

[Reducer5]: Got 91136 bytes.
7 RECEIVE 2000 1449454045344 

[Reducer5]: Got 958152 bytes.
Slave finished all tasks and exited.
logger exit
