Awaiting simulation instructions...

Awaiting simulation instructions...

Awaiting simulation instructions...

3 RECEIVE 100 1449453614306 

[Reducer1]: Got 90376 bytes.
3 RECEIVE 0 1449453644469 

[Reducer1]: Got 959176 bytes.
Awaiting simulation instructions...

Awaiting simulation instructions...

3 RECEIVE 300 1449453658610 

[Reducer1]: Got 91560 bytes.
3 RECEIVE 200 1449453686375 

[Reducer1]: Got 957888 bytes.
Awaiting simulation instructions...

Awaiting simulation instructions...

3 RECEIVE 500 1449453699729 

[Reducer1]: Got 91560 bytes.
3 RECEIVE 400 1449453722531 

[Reducer1]: Got 957304 bytes.
Awaiting simulation instructions...

Awaiting simulation instructions...

3 RECEIVE 700 1449453739642 

[Reducer1]: Got 91560 bytes.
3 RECEIVE 600 1449453766516 

[Reducer1]: Got 958488 bytes.
Awaiting simulation instructions...

Awaiting simulation instructions...

3 RECEIVE 900 1449453778727 

[Reducer1]: Got 91560 bytes.
3 RECEIVE 800 1449453804076 

[Reducer1]: Got 958488 bytes.
Awaiting simulation instructions...

Awaiting simulation instructions...

3 RECEIVE 1100 1449453820002 

[Reducer1]: Got 91560 bytes.
3 RECEIVE 1000 1449453841752 

[Reducer1]: Got 957624 bytes.
Awaiting simulation instructions...

Awaiting simulation instructions...

3 RECEIVE 1300 1449453860644 

[Reducer1]: Got 91136 bytes.
3 RECEIVE 1200 1449453881704 

[Reducer1]: Got 957448 bytes.
Awaiting simulation instructions...

Awaiting simulation instructions...

3 RECEIVE 1500 1449453899974 

[Reducer1]: Got 91560 bytes.
3 RECEIVE 1400 1449453923791 

[Reducer1]: Got 958312 bytes.
Awaiting simulation instructions...

Awaiting simulation instructions...

3 RECEIVE 1700 1449453938998 

[Reducer1]: Got 91560 bytes.
3 RECEIVE 1600 1449453959755 

[Reducer1]: Got 956920 bytes.
Awaiting simulation instructions...

Awaiting simulation instructions...

3 RECEIVE 1900 1449453979748 

[Reducer1]: Got 91560 bytes.
3 RECEIVE 1800 1449454004390 

[Reducer1]: Got 958312 bytes.
Awaiting simulation instructions...

Awaiting simulation instructions...

3 RECEIVE 2100 1449454021073 

[Reducer1]: Got 91560 bytes.
3 RECEIVE 2000 1449454047918 

[Reducer1]: Got 958488 bytes.
Slave finished all tasks and exited.
logger exit
