Awaiting simulation instructions...

Awaiting simulation instructions...

Awaiting simulation instructions...

9 RECEIVE 100 1449453615648 

[Reducer7]: Got 89528 bytes.
9 RECEIVE 0 1449453645215 

[Reducer7]: Got 957288 bytes.
Awaiting simulation instructions...

Awaiting simulation instructions...

9 RECEIVE 300 1449453659847 

[Reducer7]: Got 91136 bytes.
9 RECEIVE 200 1449453683105 

[Reducer7]: Got 957728 bytes.
Awaiting simulation instructions...

Awaiting simulation instructions...

9 RECEIVE 500 1449453700859 

[Reducer7]: Got 91136 bytes.
9 RECEIVE 400 1449453726475 

[Reducer7]: Got 959336 bytes.
Awaiting simulation instructions...

Awaiting simulation instructions...

9 RECEIVE 700 1449453740745 

[Reducer7]: Got 91560 bytes.
9 RECEIVE 600 1449453765533 

[Reducer7]: Got 958312 bytes.
Awaiting simulation instructions...

Awaiting simulation instructions...

9 RECEIVE 900 1449453779914 

[Reducer7]: Got 91136 bytes.
9 RECEIVE 800 1449453806005 

[Reducer7]: Got 958152 bytes.
Awaiting simulation instructions...

Awaiting simulation instructions...

9 RECEIVE 1100 1449453821591 

[Reducer7]: Got 91136 bytes.
9 RECEIVE 1000 1449453845237 

[Reducer7]: Got 958488 bytes.
Awaiting simulation instructions...

Awaiting simulation instructions...

9 RECEIVE 1300 1449453861166 

[Reducer7]: Got 91136 bytes.
9 RECEIVE 1200 1449453883334 

[Reducer7]: Got 959672 bytes.
Awaiting simulation instructions...

Awaiting simulation instructions...

9 RECEIVE 1500 1449453900493 

[Reducer7]: Got 91136 bytes.
9 RECEIVE 1400 1449453926650 

[Reducer7]: Got 958312 bytes.
Awaiting simulation instructions...

Awaiting simulation instructions...

9 RECEIVE 1700 1449453940427 

[Reducer7]: Got 91560 bytes.
9 RECEIVE 1600 1449453963907 

[Reducer7]: Got 958488 bytes.
Awaiting simulation instructions...

Awaiting simulation instructions...

9 RECEIVE 1900 1449453980696 

[Reducer7]: Got 91560 bytes.
9 RECEIVE 1800 1449454007158 

[Reducer7]: Got 958488 bytes.
Awaiting simulation instructions...

Awaiting simulation instructions...

9 RECEIVE 2100 1449454022346 

[Reducer7]: Got 91136 bytes.
9 RECEIVE 2000 1449454044297 

[Reducer7]: Got 959672 bytes.
Slave finished all tasks and exited.
logger exit
