Awaiting simulation instructions...

Awaiting simulation instructions...

Awaiting simulation instructions...

10 RECEIVE 100 1449449433508 

[Reducer8]: Got 90376 bytes.
10 RECEIVE 0 1449449466486 

[Reducer8]: Got 958152 bytes.
Awaiting simulation instructions...

Awaiting simulation instructions...

10 RECEIVE 300 1449449478931 

[Reducer8]: Got 91560 bytes.
10 RECEIVE 200 1449449505630 

[Reducer8]: Got 957464 bytes.
Awaiting simulation instructions...

Awaiting simulation instructions...

10 RECEIVE 500 1449449520020 

[Reducer8]: Got 91560 bytes.
10 RECEIVE 400 1449449546514 

[Reducer8]: Got 958488 bytes.
Awaiting simulation instructions...

Awaiting simulation instructions...

[Reducer8]: Got 91560 bytes.
10 RECEIVE 700 1449449560238 

10 RECEIVE 600 1449449586666 

[Reducer8]: Got 958152 bytes.
Awaiting simulation instructions...

Awaiting simulation instructions...

10 RECEIVE 900 1449449600548 

[Reducer8]: Got 91560 bytes.
[Reducer8]: Got 957304 bytes.
10 RECEIVE 800 1449449627233 

Awaiting simulation instructions...

Awaiting simulation instructions...

10 RECEIVE 1100 1449449642017 

[Reducer8]: Got 91560 bytes.
10 RECEIVE 1000 1449449666937 

[Reducer8]: Got 958152 bytes.
Awaiting simulation instructions...

Awaiting simulation instructions...

10 RECEIVE 1300 1449449679243 

[Reducer8]: Got 91560 bytes.
10 RECEIVE 1200 1449449707907 

[Reducer8]: Got 958488 bytes.
Awaiting simulation instructions...

Awaiting simulation instructions...

10 RECEIVE 1500 1449449720917 

[Reducer8]: Got 91560 bytes.
10 RECEIVE 1400 1449449747816 

[Reducer8]: Got 958152 bytes.
Awaiting simulation instructions...

Awaiting simulation instructions...

10 RECEIVE 1700 1449449759424 

[Reducer8]: Got 91560 bytes.
[Reducer8]: Got 958488 bytes.
10 RECEIVE 1600 1449449786303 

Awaiting simulation instructions...

Awaiting simulation instructions...

10 RECEIVE 1900 1449449800888 

[Reducer8]: Got 91560 bytes.
10 RECEIVE 1800 1449449827791 

[Reducer8]: Got 958488 bytes.
Awaiting simulation instructions...

Awaiting simulation instructions...

10 RECEIVE 2100 1449449841623 

[Reducer8]: Got 91560 bytes.
10 RECEIVE 2000 1449449868526 

[Reducer8]: Got 960360 bytes.
Slave finished all tasks and exited.
logger exit
