Awaiting simulation instructions...

Awaiting simulation instructions...

Awaiting simulation instructions...

8 RECEIVE 100 1449449435251 

[Reducer6]: Got 88504 bytes.
8 RECEIVE 0 1449449466283 

[Reducer6]: Got 958152 bytes.
Awaiting simulation instructions...

Awaiting simulation instructions...

8 RECEIVE 300 1449449479130 

[Reducer6]: Got 91560 bytes.
[Reducer6]: Got 957304 bytes.
8 RECEIVE 200 1449449506602 

Awaiting simulation instructions...

Awaiting simulation instructions...

8 RECEIVE 500 1449449519821 

[Reducer6]: Got 91560 bytes.
8 RECEIVE 400 1449449544631 

[Reducer6]: Got 958312 bytes.
Awaiting simulation instructions...

Awaiting simulation instructions...

8 RECEIVE 700 1449449560716 

[Reducer6]: Got 91136 bytes.
8 RECEIVE 600 1449449585018 

[Reducer6]: Got 958312 bytes.
Awaiting simulation instructions...

Awaiting simulation instructions...

[Reducer6]: Got 91136 bytes.
8 RECEIVE 900 1449449600883 

8 RECEIVE 800 1449449626932 

[Reducer6]: Got 958312 bytes.
Awaiting simulation instructions...

Awaiting simulation instructions...

8 RECEIVE 1100 1449449641337 

[Reducer6]: Got 91560 bytes.
8 RECEIVE 1000 1449449667256 

[Reducer6]: Got 958152 bytes.
Awaiting simulation instructions...

Awaiting simulation instructions...

[Reducer6]: Got 91560 bytes.
8 RECEIVE 1300 1449449679694 

8 RECEIVE 1200 1449449706637 

[Reducer6]: Got 958488 bytes.
Awaiting simulation instructions...

Awaiting simulation instructions...

8 RECEIVE 1500 1449449721370 

[Reducer6]: Got 91136 bytes.
8 RECEIVE 1400 1449449746498 

[Reducer6]: Got 958488 bytes.
Awaiting simulation instructions...

Awaiting simulation instructions...

8 RECEIVE 1700 1449449757991 

[Reducer6]: Got 90536 bytes.
8 RECEIVE 1600 1449449788592 

[Reducer6]: Got 959512 bytes.
Awaiting simulation instructions...

Awaiting simulation instructions...

8 RECEIVE 1900 1449449801056 

[Reducer6]: Got 91560 bytes.
8 RECEIVE 1800 1449449827121 

[Reducer6]: Got 958488 bytes.
Awaiting simulation instructions...

Awaiting simulation instructions...

8 RECEIVE 2100 1449449841752 

[Reducer6]: Got 92584 bytes.
8 RECEIVE 2000 1449449867915 

[Reducer6]: Got 958488 bytes.
Slave finished all tasks and exited.
logger exit
