Awaiting simulation instructions...

Awaiting simulation instructions...

Awaiting simulation instructions...

11 RECEIVE 100 1449449435440 

[Reducer9]: Got 91400 bytes.
11 RECEIVE 0 1449449467165 

[Reducer9]: Got 958912 bytes.
Awaiting simulation instructions...

Awaiting simulation instructions...

11 RECEIVE 300 1449449479504 

[Reducer9]: Got 91560 bytes.
11 RECEIVE 200 1449449505504 

[Reducer9]: Got 958312 bytes.
Awaiting simulation instructions...

Awaiting simulation instructions...

[Reducer9]: Got 91560 bytes.
11 RECEIVE 500 1449449519523 

11 RECEIVE 400 1449449547463 

[Reducer9]: Got 958488 bytes.
Awaiting simulation instructions...

Awaiting simulation instructions...

11 RECEIVE 700 1449449560544 

[Reducer9]: Got 91136 bytes.
11 RECEIVE 600 1449449587005 

[Reducer9]: Got 958152 bytes.
Awaiting simulation instructions...

Awaiting simulation instructions...

11 RECEIVE 900 1449449600949 

[Reducer9]: Got 91136 bytes.
11 RECEIVE 800 1449449627533 

[Reducer9]: Got 958152 bytes.
Awaiting simulation instructions...

Awaiting simulation instructions...

11 RECEIVE 1100 1449449641175 

[Reducer9]: Got 91560 bytes.
11 RECEIVE 1000 1449449667887 

[Reducer9]: Got 958152 bytes.
Awaiting simulation instructions...

Awaiting simulation instructions...

11 RECEIVE 1300 1449449679992 

[Reducer9]: Got 91560 bytes.
11 RECEIVE 1200 1449449708226 

[Reducer9]: Got 958488 bytes.
Awaiting simulation instructions...

Awaiting simulation instructions...

11 RECEIVE 1500 1449449721533 

[Reducer9]: Got 91136 bytes.
11 RECEIVE 1400 1449449748126 

[Reducer9]: Got 958152 bytes.
Awaiting simulation instructions...

Awaiting simulation instructions...

11 RECEIVE 1700 1449449759470 

[Reducer9]: Got 91560 bytes.
11 RECEIVE 1600 1449449786933 

[Reducer9]: Got 958488 bytes.
Awaiting simulation instructions...

Awaiting simulation instructions...

11 RECEIVE 1900 1449449801039 

[Reducer9]: Got 91560 bytes.
11 RECEIVE 1800 1449449828110 

[Reducer9]: Got 958488 bytes.
Awaiting simulation instructions...

Awaiting simulation instructions...

11 RECEIVE 2100 1449449842351 

[Reducer9]: Got 91560 bytes.
11 RECEIVE 2000 1449449868913 

[Reducer9]: Got 958152 bytes.
Slave finished all tasks and exited.
logger exit
