Awaiting simulation instructions...

Awaiting simulation instructions...

Awaiting simulation instructions...

5 RECEIVE 100 1449449433908 

[Reducer3]: Got 89352 bytes.
5 RECEIVE 0 1449449465662 

[Reducer3]: Got 958152 bytes.
Awaiting simulation instructions...

Awaiting simulation instructions...

5 RECEIVE 300 1449449479608 

[Reducer3]: Got 91560 bytes.
5 RECEIVE 200 1449449505000 

[Reducer3]: Got 955240 bytes.
Awaiting simulation instructions...

Awaiting simulation instructions...

[Reducer3]: Got 91560 bytes.
5 RECEIVE 500 1449449518882 

[Reducer3]: Got 958488 bytes.
5 RECEIVE 400 1449449542906 

Awaiting simulation instructions...

Awaiting simulation instructions...

5 RECEIVE 700 1449449559423 

[Reducer3]: Got 91560 bytes.
5 RECEIVE 600 1449449583555 

[Reducer3]: Got 958488 bytes.
Awaiting simulation instructions...

Awaiting simulation instructions...

5 RECEIVE 900 1449449599792 

[Reducer3]: Got 91560 bytes.
5 RECEIVE 800 1449449624990 

[Reducer3]: Got 958312 bytes.
Awaiting simulation instructions...

Awaiting simulation instructions...

5 RECEIVE 1100 1449449642148 

[Reducer3]: Got 91560 bytes.
5 RECEIVE 1000 1449449664049 

[Reducer3]: Got 959576 bytes.
Awaiting simulation instructions...

Awaiting simulation instructions...

5 RECEIVE 1300 1449449679493 

[Reducer3]: Got 91560 bytes.
5 RECEIVE 1200 1449449706317 

[Reducer3]: Got 958312 bytes.
Awaiting simulation instructions...

Awaiting simulation instructions...

5 RECEIVE 1500 1449449720264 

[Reducer3]: Got 91560 bytes.
5 RECEIVE 1400 1449449746187 

[Reducer3]: Got 958312 bytes.
Awaiting simulation instructions...

Awaiting simulation instructions...

5 RECEIVE 1700 1449449758602 

[Reducer3]: Got 91560 bytes.
5 RECEIVE 1600 1449449784519 

[Reducer3]: Got 958312 bytes.
Awaiting simulation instructions...

Awaiting simulation instructions...

5 RECEIVE 1900 1449449799802 

[Reducer3]: Got 91560 bytes.
5 RECEIVE 1800 1449449824881 

[Reducer3]: Got 958488 bytes.
Awaiting simulation instructions...

Awaiting simulation instructions...

5 RECEIVE 2100 1449449841528 

[Reducer3]: Got 91560 bytes.
5 RECEIVE 2000 1449449867197 

[Reducer3]: Got 958488 bytes.
Slave finished all tasks and exited.
logger exit
