Awaiting simulation instructions...

Awaiting simulation instructions...

Awaiting simulation instructions...

4 RECEIVE 100 1449449433048 

[Reducer2]: Got 91400 bytes.
4 RECEIVE 0 1449449465284 

[Reducer2]: Got 958312 bytes.
Awaiting simulation instructions...

Awaiting simulation instructions...

[Reducer2]: Got 91560 bytes.
4 RECEIVE 300 1449449478269 

4 RECEIVE 200 1449449504651 

[Reducer2]: Got 959160 bytes.
Awaiting simulation instructions...

Awaiting simulation instructions...

4 RECEIVE 500 1449449519091 

[Reducer2]: Got 91560 bytes.
4 RECEIVE 400 1449449545824 

[Reducer2]: Got 958312 bytes.
Awaiting simulation instructions...

Awaiting simulation instructions...

4 RECEIVE 700 1449449559787 

[Reducer2]: Got 91560 bytes.
4 RECEIVE 600 1449449584388 

[Reducer2]: Got 958312 bytes.
Awaiting simulation instructions...

Awaiting simulation instructions...

4 RECEIVE 900 1449449600039 

[Reducer2]: Got 91560 bytes.
4 RECEIVE 800 1449449624447 

[Reducer2]: Got 958312 bytes.
Awaiting simulation instructions...

Awaiting simulation instructions...

4 RECEIVE 1100 1449449640530 

[Reducer2]: Got 91560 bytes.
4 RECEIVE 1000 1449449663138 

[Reducer2]: Got 957448 bytes.
Awaiting simulation instructions...

Awaiting simulation instructions...

4 RECEIVE 1300 1449449678502 

[Reducer2]: Got 90536 bytes.
4 RECEIVE 1200 1449449702428 

[Reducer2]: Got 960184 bytes.
Awaiting simulation instructions...

Awaiting simulation instructions...

4 RECEIVE 1500 1449449720097 

[Reducer2]: Got 92584 bytes.
4 RECEIVE 1400 1449449745858 

[Reducer2]: Got 958312 bytes.
Awaiting simulation instructions...

Awaiting simulation instructions...

4 RECEIVE 1700 1449449759094 

[Reducer2]: Got 91400 bytes.
4 RECEIVE 1600 1449449784839 

[Reducer2]: Got 958312 bytes.
Awaiting simulation instructions...

Awaiting simulation instructions...

4 RECEIVE 1900 1449449800188 

[Reducer2]: Got 91560 bytes.
4 RECEIVE 1800 1449449824222 

[Reducer2]: Got 958488 bytes.
Awaiting simulation instructions...

Awaiting simulation instructions...

4 RECEIVE 2100 1449449841114 

[Reducer2]: Got 91560 bytes.
4 RECEIVE 2000 1449449866887 

[Reducer2]: Got 958312 bytes.
Slave finished all tasks and exited.
logger exit
