Awaiting simulation instructions...

Awaiting simulation instructions...

Awaiting simulation instructions...

7 RECEIVE 100 1449449435692 

[Reducer5]: Got 92248 bytes.
7 RECEIVE 0 1449449461828 

[Reducer5]: Got 958328 bytes.
Awaiting simulation instructions...

Awaiting simulation instructions...

[Reducer5]: Got 91560 bytes.
7 RECEIVE 300 1449449479742 

7 RECEIVE 200 1449449504001 

[Reducer5]: Got 956280 bytes.
Awaiting simulation instructions...

Awaiting simulation instructions...

7 RECEIVE 500 1449449519064 

[Reducer5]: Got 91560 bytes.
7 RECEIVE 400 1449449546834 

[Reducer5]: Got 958488 bytes.
Awaiting simulation instructions...

Awaiting simulation instructions...

7 RECEIVE 700 1449449559605 

[Reducer5]: Got 91560 bytes.
7 RECEIVE 600 1449449586317 

[Reducer5]: Got 958152 bytes.
Awaiting simulation instructions...

Awaiting simulation instructions...

7 RECEIVE 900 1449449599974 

[Reducer5]: Got 91560 bytes.
7 RECEIVE 800 1449449626327 

[Reducer5]: Got 958152 bytes.
Awaiting simulation instructions...

Awaiting simulation instructions...

7 RECEIVE 1100 1449449641692 

[Reducer5]: Got 91560 bytes.
7 RECEIVE 1000 1449449667576 

[Reducer5]: Got 958152 bytes.
Awaiting simulation instructions...

Awaiting simulation instructions...

7 RECEIVE 1300 1449449680172 

[Reducer5]: Got 91560 bytes.
7 RECEIVE 1200 1449449706773 

[Reducer5]: Got 958312 bytes.
Awaiting simulation instructions...

Awaiting simulation instructions...

7 RECEIVE 1500 1449449721579 

[Reducer5]: Got 91136 bytes.
7 RECEIVE 1400 1449449747167 

[Reducer5]: Got 958152 bytes.
Awaiting simulation instructions...

Awaiting simulation instructions...

7 RECEIVE 1700 1449449758774 

[Reducer5]: Got 91560 bytes.
7 RECEIVE 1600 1449449783211 

[Reducer5]: Got 958312 bytes.
Awaiting simulation instructions...

Awaiting simulation instructions...

7 RECEIVE 1900 1449449800670 

[Reducer5]: Got 91560 bytes.
7 RECEIVE 1800 1449449828779 

[Reducer5]: Got 957464 bytes.
Awaiting simulation instructions...

Awaiting simulation instructions...

7 RECEIVE 2100 1449449842333 

[Reducer5]: Got 91560 bytes.
7 RECEIVE 2000 1449449867614 

[Reducer5]: Got 958488 bytes.
Slave finished all tasks and exited.
logger exit
