Awaiting simulation instructions...

Awaiting simulation instructions...

Awaiting simulation instructions...

3 RECEIVE 100 1449449434247 

[Reducer1]: Got 88504 bytes.
3 RECEIVE 0 1449449461421 

[Reducer1]: Got 958312 bytes.
Awaiting simulation instructions...

Awaiting simulation instructions...

3 RECEIVE 300 1449449478451 

[Reducer1]: Got 91560 bytes.
3 RECEIVE 200 1449449505165 

[Reducer1]: Got 956264 bytes.
Awaiting simulation instructions...

Awaiting simulation instructions...

3 RECEIVE 500 1449449518700 

[Reducer1]: Got 91560 bytes.
3 RECEIVE 400 1449449542547 

[Reducer1]: Got 958312 bytes.
Awaiting simulation instructions...

Awaiting simulation instructions...

3 RECEIVE 700 1449449559222 

[Reducer1]: Got 91560 bytes.
3 RECEIVE 600 1449449587491 

[Reducer1]: Got 958152 bytes.
Awaiting simulation instructions...

Awaiting simulation instructions...

3 RECEIVE 900 1449449599765 

[Reducer1]: Got 91560 bytes.
3 RECEIVE 800 1449449625271 

[Reducer1]: Got 958312 bytes.
Awaiting simulation instructions...

Awaiting simulation instructions...

3 RECEIVE 1100 1449449641432 

[Reducer1]: Got 91560 bytes.
3 RECEIVE 1000 1449449662779 

[Reducer1]: Got 957448 bytes.
Awaiting simulation instructions...

Awaiting simulation instructions...

3 RECEIVE 1300 1449449678858 

[Reducer1]: Got 90536 bytes.
3 RECEIVE 1200 1449449705918 

[Reducer1]: Got 958312 bytes.
Awaiting simulation instructions...

Awaiting simulation instructions...

3 RECEIVE 1500 1449449720696 

[Reducer1]: Got 91560 bytes.
3 RECEIVE 1400 1449449742418 

[Reducer1]: Got 959176 bytes.
Awaiting simulation instructions...

Awaiting simulation instructions...

3 RECEIVE 1700 1449449758153 

[Reducer1]: Got 90536 bytes.
3 RECEIVE 1600 1449449781088 

[Reducer1]: Got 959512 bytes.
Awaiting simulation instructions...

Awaiting simulation instructions...

3 RECEIVE 1900 1449449799679 

[Reducer1]: Got 91560 bytes.
[Reducer1]: Got 959336 bytes.
3 RECEIVE 1800 1449449823873 

Awaiting simulation instructions...

Awaiting simulation instructions...

[Reducer1]: Got 91560 bytes.
3 RECEIVE 2100 1449449842368 

3 RECEIVE 2000 1449449865200 

[Reducer1]: Got 959336 bytes.
Slave finished all tasks and exited.
logger exit
