Awaiting simulation instructions...

Awaiting simulation instructions...

Awaiting simulation instructions...

9 RECEIVE 100 1449449435895 

[Reducer7]: Got 92424 bytes.
[Reducer7]: Got 958152 bytes.
9 RECEIVE 0 1449449465963 

Awaiting simulation instructions...

Awaiting simulation instructions...

9 RECEIVE 300 1449449479390 

[Reducer7]: Got 91560 bytes.
9 RECEIVE 200 1449449507104 

[Reducer7]: Got 957304 bytes.
Awaiting simulation instructions...

Awaiting simulation instructions...

9 RECEIVE 500 1449449519925 

[Reducer7]: Got 91560 bytes.
9 RECEIVE 400 1449449547144 

[Reducer7]: Got 958488 bytes.
Awaiting simulation instructions...

Awaiting simulation instructions...

9 RECEIVE 700 1449449560362 

[Reducer7]: Got 91560 bytes.
9 RECEIVE 600 1449449586017 

[Reducer7]: Got 958152 bytes.
Awaiting simulation instructions...

Awaiting simulation instructions...

9 RECEIVE 900 1449449600289 

[Reducer7]: Got 91560 bytes.
9 RECEIVE 800 1449449625911 

[Reducer7]: Got 958488 bytes.
Awaiting simulation instructions...

Awaiting simulation instructions...

9 RECEIVE 1100 1449449641854 

[Reducer7]: Got 91560 bytes.
9 RECEIVE 1000 1449449666554 

[Reducer7]: Got 958488 bytes.
Awaiting simulation instructions...

Awaiting simulation instructions...

9 RECEIVE 1300 1449449679030 

[Reducer7]: Got 91560 bytes.
9 RECEIVE 1200 1449449707587 

[Reducer7]: Got 958488 bytes.
Awaiting simulation instructions...

Awaiting simulation instructions...

9 RECEIVE 1500 1449449721788 

[Reducer7]: Got 91136 bytes.
9 RECEIVE 1400 1449449747496 

[Reducer7]: Got 958152 bytes.
Awaiting simulation instructions...

Awaiting simulation instructions...

9 RECEIVE 1700 1449449759310 

[Reducer7]: Got 91136 bytes.
9 RECEIVE 1600 1449449786613 

[Reducer7]: Got 958488 bytes.
Awaiting simulation instructions...

Awaiting simulation instructions...

9 RECEIVE 1900 1449449800842 

[Reducer7]: Got 91560 bytes.
9 RECEIVE 1800 1449449827480 

[Reducer7]: Got 958488 bytes.
Awaiting simulation instructions...

Awaiting simulation instructions...

9 RECEIVE 2100 1449449841987 

[Reducer7]: Got 91560 bytes.
9 RECEIVE 2000 1449449868235 

[Reducer7]: Got 959512 bytes.
Slave finished all tasks and exited.
logger exit
