1 SEND 0 1449453439987 
1 SEND 0 1449453440009 
1 SEND 0 1449453440009 
1 SEND 0 1449453440010 
1 SEND 0 1449453440011 
1 SEND 0 1449453440016 
1 SEND 0 1449453440030 
1 SEND 0 1449453440030 
1 SEND 0 1449453440047 
1 SEND 0 1449453440084 
1 SEND 100 1449453440098 
1 SEND 100 1449453440106 
1 SEND 100 1449453440112 
1 SEND 100 1449453440112 
1 SEND 100 1449453440117 
1 SEND 100 1449453440119 
1 SEND 100 1449453440123 
1 SEND 100 1449453440123 
1 SEND 100 1449453440134 
1 SEND 100 1449453440142 
1 SEND 200 1449453480202 
1 SEND 200 1449453480210 
1 SEND 200 1449453480214 
1 SEND 200 1449453480214 
1 SEND 200 1449453480216 
1 SEND 200 1449453480218 
1 SEND 200 1449453480218 
1 SEND 200 1449453480220 
1 SEND 200 1449453480223 
1 SEND 200 1449453480226 
1 SEND 300 1449453481495 
1 SEND 300 1449453481495 
1 SEND 300 1449453481495 
1 SEND 300 1449453481496 
1 SEND 300 1449453481498 
1 SEND 300 1449453481498 
1 SEND 300 1449453481498 
1 SEND 300 1449453481498 
1 SEND 300 1449453481498 
1 SEND 300 1449453481504 
1 SEND 400 1449453520471 
1 SEND 400 1449453520471 
1 SEND 400 1449453520475 
1 SEND 400 1449453520478 
1 SEND 400 1449453520645 
1 SEND 400 1449453520695 
1 SEND 400 1449453520711 
1 SEND 400 1449453520712 
1 SEND 400 1449453520719 
1 SEND 400 1449453520721 
1 SEND 500 1449453521749 
1 SEND 500 1449453521750 
1 SEND 500 1449453521752 
1 SEND 500 1449453521752 
1 SEND 500 1449453521752 
1 SEND 500 1449453521754 
1 SEND 500 1449453521754 
1 SEND 500 1449453521754 
1 SEND 500 1449453521757 
1 SEND 500 1449453521757 
1 SEND 600 1449453560745 
1 SEND 600 1449453560753 
1 SEND 600 1449453560754 
1 SEND 600 1449453560755 
1 SEND 600 1449453560756 
1 SEND 600 1449453560819 
1 SEND 600 1449453560826 
1 SEND 600 1449453560826 
1 SEND 600 1449453560978 
1 SEND 600 1449453560979 
1 SEND 700 1449453562123 
1 SEND 700 1449453562128 
1 SEND 700 1449453562130 
1 SEND 700 1449453562131 
1 SEND 700 1449453562132 
1 SEND 700 1449453562134 
1 SEND 700 1449453562134 
1 SEND 700 1449453562136 
1 SEND 700 1449453562136 
1 SEND 700 1449453562137 
1 SEND 800 1449453600913 
1 SEND 800 1449453601004 
1 SEND 800 1449453601004 
1 SEND 800 1449453601004 
1 SEND 800 1449453601004 
1 SEND 800 1449453601005 
1 SEND 800 1449453601005 
1 SEND 800 1449453601008 
1 SEND 800 1449453601011 
1 SEND 800 1449453601014 
1 SEND 900 1449453601780 
1 SEND 900 1449453601780 
1 SEND 900 1449453601780 
1 SEND 900 1449453601780 
1 SEND 900 1449453601783 
1 SEND 900 1449453601784 
1 SEND 900 1449453601785 
1 SEND 900 1449453601789 
1 SEND 900 1449453601790 
1 SEND 900 1449453601792 
1 SEND 1000 1449453641108 
1 SEND 1000 1449453641113 
1 SEND 1000 1449453641114 
1 SEND 1000 1449453641115 
1 SEND 1000 1449453641116 
1 SEND 1000 1449453641116 
1 SEND 1000 1449453641118 
1 SEND 1000 1449453641121 
1 SEND 1000 1449453641176 
1 SEND 1000 1449453641178 
1 SEND 1100 1449453642554 
1 SEND 1100 1449453642556 
1 SEND 1100 1449453642558 
1 SEND 1100 1449453642558 
1 SEND 1100 1449453642562 
1 SEND 1100 1449453642562 
1 SEND 1100 1449453642563 
1 SEND 1100 1449453642564 
1 SEND 1100 1449453642564 
1 SEND 1100 1449453642564 
1 SEND 1200 1449453681286 
1 SEND 1200 1449453681287 
1 SEND 1200 1449453681291 
1 SEND 1200 1449453681462 
1 SEND 1200 1449453681463 
1 SEND 1200 1449453681467 
1 SEND 1200 1449453681468 
1 SEND 1200 1449453681470 
1 SEND 1200 1449453681470 
1 SEND 1200 1449453681471 
1 SEND 1300 1449453682460 
1 SEND 1300 1449453682461 
1 SEND 1300 1449453682461 
1 SEND 1300 1449453682463 
1 SEND 1300 1449453682463 
1 SEND 1300 1449453682464 
1 SEND 1300 1449453682467 
1 SEND 1300 1449453682467 
1 SEND 1300 1449453682467 
1 SEND 1300 1449453682472 
1 SEND 1400 1449453721490 
1 SEND 1400 1449453721491 
1 SEND 1400 1449453721491 
1 SEND 1400 1449453721491 
1 SEND 1400 1449453721494 
1 SEND 1400 1449453721494 
1 SEND 1400 1449453721795 
1 SEND 1400 1449453721805 
1 SEND 1400 1449453721807 
1 SEND 1400 1449453721811 
1 SEND 1500 1449453722980 
1 SEND 1500 1449453722981 
1 SEND 1500 1449453722981 
1 SEND 1500 1449453722981 
1 SEND 1500 1449453722983 
1 SEND 1500 1449453722984 
1 SEND 1500 1449453722984 
1 SEND 1500 1449453722986 
1 SEND 1500 1449453722990 
1 SEND 1500 1449453722990 
1 SEND 1600 1449453761689 
1 SEND 1600 1449453761689 
1 SEND 1600 1449453761691 
1 SEND 1600 1449453761696 
1 SEND 1600 1449453761696 
1 SEND 1600 1449453761700 
1 SEND 1600 1449453761703 
1 SEND 1600 1449453762071 
1 SEND 1600 1449453762071 
1 SEND 1600 1449453762073 
1 SEND 1700 1449453763244 
1 SEND 1700 1449453763246 
1 SEND 1700 1449453763248 
1 SEND 1700 1449453763248 
1 SEND 1700 1449453763250 
1 SEND 1700 1449453763250 
1 SEND 1700 1449453763250 
1 SEND 1700 1449453763252 
1 SEND 1700 1449453763252 
1 SEND 1700 1449453763252 
1 SEND 1800 1449453801866 
1 SEND 1800 1449453801866 
1 SEND 1800 1449453801867 
1 SEND 1800 1449453801870 
1 SEND 1800 1449453801870 
1 SEND 1800 1449453801873 
1 SEND 1800 1449453801875 
1 SEND 1800 1449453802126 
1 SEND 1800 1449453802130 
1 SEND 1800 1449453802130 
1 SEND 1900 1449453803363 
1 SEND 1900 1449453803365 
1 SEND 1900 1449453803366 
1 SEND 1900 1449453803368 
1 SEND 1900 1449453803369 
1 SEND 1900 1449453803369 
1 SEND 1900 1449453803372 
1 SEND 1900 1449453803373 
1 SEND 1900 1449453803373 
1 SEND 1900 1449453803373 
1 SEND 2000 1449453842053 
1 SEND 2000 1449453842054 
1 SEND 2000 1449453842055 
1 SEND 2000 1449453842057 
1 SEND 2000 1449453842058 
1 SEND 2000 1449453842059 
1 SEND 2000 1449453842060 
1 SEND 2000 1449453842408 
1 SEND 2000 1449453842410 
1 SEND 2000 1449453842415 
1 SEND 2100 1449453843681 
1 SEND 2100 1449453843683 
1 SEND 2100 1449453843683 
1 SEND 2100 1449453843683 
1 SEND 2100 1449453843688 
1 SEND 2100 1449453843688 
1 SEND 2100 1449453843689 
1 SEND 2100 1449453843689 
1 SEND 2100 1449453843688 
1 SEND 2100 1449453843691 
