5 RECEIVE 100 1449453444778 
5 RECEIVE 0 1449453472544 
5 RECEIVE 300 1449453489852 
5 RECEIVE 200 1449453517539 
5 RECEIVE 500 1449453529886 
5 RECEIVE 400 1449453553423 
5 RECEIVE 700 1449453570189 
5 RECEIVE 600 1449453597887 
5 RECEIVE 900 1449453608291 
5 RECEIVE 800 1449453636176 
5 RECEIVE 1100 1449453650380 
5 RECEIVE 1000 1449453676637 
5 RECEIVE 1300 1449453689257 
5 RECEIVE 1200 1449453717783 
5 RECEIVE 1500 1449453731812 
5 RECEIVE 1400 1449453755957 
5 RECEIVE 1700 1449453770471 
5 RECEIVE 1600 1449453796133 
5 RECEIVE 1900 1449453811377 
5 RECEIVE 1800 1449453836399 
5 RECEIVE 2100 1449453850965 
5 RECEIVE 2000 1449453879250 
