4 RECEIVE 100 1449453446653 
4 RECEIVE 0 1449453476644 
4 RECEIVE 300 1449453490376 
4 RECEIVE 200 1449453514177 
4 RECEIVE 500 1449453530228 
4 RECEIVE 400 1449453556721 
4 RECEIVE 700 1449453569990 
4 RECEIVE 600 1449453594979 
4 RECEIVE 900 1449453608792 
4 RECEIVE 800 1449453635595 
4 RECEIVE 1100 1449453650218 
4 RECEIVE 1000 1449453676298 
4 RECEIVE 1300 1449453690914 
4 RECEIVE 1200 1449453713932 
4 RECEIVE 1500 1449453730914 
4 RECEIVE 1400 1449453755637 
4 RECEIVE 1700 1449453771468 
4 RECEIVE 1600 1449453795463 
4 RECEIVE 1900 1449453811804 
4 RECEIVE 1800 1449453836040 
4 RECEIVE 2100 1449453851358 
4 RECEIVE 2000 1449453875606 
