2 RECEIVE 100 1449453447563 
2 RECEIVE 0 1449453475942 
2 RECEIVE 300 1449453490082 
2 RECEIVE 200 1449453508486 
2 RECEIVE 500 1449453529840 
2 RECEIVE 400 1449453552687 
2 RECEIVE 700 1449453570955 
2 RECEIVE 600 1449453595396 
2 RECEIVE 900 1449453609713 
2 RECEIVE 800 1449453632212 
2 RECEIVE 1100 1449453650016 
2 RECEIVE 1000 1449453674553 
2 RECEIVE 1300 1449453690601 
2 RECEIVE 1200 1449453713215 
2 RECEIVE 1500 1449453730155 
2 RECEIVE 1400 1449453754668 
2 RECEIVE 1700 1449453771045 
2 RECEIVE 1600 1449453795124 
2 RECEIVE 1900 1449453812160 
2 RECEIVE 1800 1449453832152 
2 RECEIVE 2100 1449453851166 
2 RECEIVE 2000 1449453877235 
