9 RECEIVE 100 1449453445165 
9 RECEIVE 0 1449453473475 
9 RECEIVE 300 1449453490546 
9 RECEIVE 200 1449453515369 
9 RECEIVE 500 1449453528957 
9 RECEIVE 400 1449453557012 
9 RECEIVE 700 1449453570909 
9 RECEIVE 600 1449453596831 
9 RECEIVE 900 1449453609592 
9 RECEIVE 800 1449453637989 
9 RECEIVE 1100 1449453651081 
9 RECEIVE 1000 1449453677665 
9 RECEIVE 1300 1449453690295 
9 RECEIVE 1200 1449453717192 
9 RECEIVE 1500 1449453731431 
9 RECEIVE 1400 1449453755327 
9 RECEIVE 1700 1449453771256 
9 RECEIVE 1600 1449453798574 
9 RECEIVE 1900 1449453811028 
9 RECEIVE 1800 1449453838686 
9 RECEIVE 2100 1449453852631 
9 RECEIVE 2000 1449453876517 
