3 RECEIVE 100 1449453443775 
3 RECEIVE 0 1449453472806 
3 RECEIVE 300 1449453489255 
3 RECEIVE 200 1449453516562 
3 RECEIVE 500 1449453529532 
3 RECEIVE 400 1449453552997 
3 RECEIVE 700 1449453570982 
3 RECEIVE 600 1449453593390 
3 RECEIVE 900 1449453609696 
3 RECEIVE 800 1449453636768 
3 RECEIVE 1100 1449453649815 
3 RECEIVE 1000 1449453675949 
3 RECEIVE 1300 1449453690115 
3 RECEIVE 1200 1449453713515 
3 RECEIVE 1500 1449453731404 
3 RECEIVE 1400 1449453754968 
3 RECEIVE 1700 1449453770653 
3 RECEIVE 1600 1449453794591 
3 RECEIVE 1900 1449453811190 
3 RECEIVE 1800 1449453835449 
3 RECEIVE 2100 1449453852566 
3 RECEIVE 2000 1449453876837 
