6 RECEIVE 100 1449455729167 
6 RECEIVE 0 1449455761210 
6 RECEIVE 300 1449455774832 
6 RECEIVE 200 1449455800025 
6 RECEIVE 500 1449455814671 
6 RECEIVE 400 1449455840132 
6 RECEIVE 700 1449455854882 
6 RECEIVE 600 1449455881149 
6 RECEIVE 900 1449455893446 
6 RECEIVE 800 1449455920226 
6 RECEIVE 1100 1449455935389 
6 RECEIVE 1000 1449455960317 
6 RECEIVE 1300 1449455974324 
6 RECEIVE 1200 1449456001395 
6 RECEIVE 1500 1449456013553 
6 RECEIVE 1400 1449456041582 
6 RECEIVE 1700 1449456054877 
6 RECEIVE 1600 1449456082240 
6 RECEIVE 1900 1449456093388 
6 RECEIVE 1800 1449456122006 
6 RECEIVE 2100 1449456134996 
6 RECEIVE 2000 1449456159605 
