11 RECEIVE 100 1449455730103 
11 RECEIVE 0 1449455757245 
11 RECEIVE 300 1449455773806 
11 RECEIVE 200 1449455797518 
11 RECEIVE 500 1449455814014 
11 RECEIVE 400 1449455841655 
11 RECEIVE 700 1449455854938 
11 RECEIVE 600 1449455881887 
11 RECEIVE 900 1449455894497 
11 RECEIVE 800 1449455919178 
11 RECEIVE 1100 1449455934547 
11 RECEIVE 1000 1449455961833 
11 RECEIVE 1300 1449455973962 
11 RECEIVE 1200 1449456001029 
11 RECEIVE 1500 1449456014351 
11 RECEIVE 1400 1449456042445 
11 RECEIVE 1700 1449456054942 
11 RECEIVE 1600 1449456080770 
11 RECEIVE 1900 1449456094155 
11 RECEIVE 1800 1449456120948 
11 RECEIVE 2100 1449456133953 
11 RECEIVE 2000 1449456161390 
