5 RECEIVE 100 1449455730151 
5 RECEIVE 0 1449455759533 
5 RECEIVE 300 1449455774589 
5 RECEIVE 200 1449455801085 
5 RECEIVE 500 1449455813851 
5 RECEIVE 400 1449455839064 
5 RECEIVE 700 1449455853519 
5 RECEIVE 600 1449455879170 
5 RECEIVE 900 1449455894232 
5 RECEIVE 800 1449455921808 
5 RECEIVE 1100 1449455935227 
5 RECEIVE 1000 1449455955351 
5 RECEIVE 1300 1449455974358 
5 RECEIVE 1200 1449455998701 
5 RECEIVE 1500 1449456014502 
5 RECEIVE 1400 1449456037404 
5 RECEIVE 1700 1449456054782 
5 RECEIVE 1600 1449456078065 
5 RECEIVE 1900 1449456093752 
5 RECEIVE 1800 1449456121696 
5 RECEIVE 2100 1449456134087 
5 RECEIVE 2000 1449456158296 
