Awaiting simulation instructions...

Awaiting simulation instructions...

Awaiting simulation instructions...

Awaiting simulation instructions...

Awaiting simulation instructions...

2 RECEIVE 300 1449452012925 

[Reducer0]: Got 90112 bytes.
2 RECEIVE 200 1449452013652 

[Reducer0]: Got 90376 bytes.
2 RECEIVE 100 1449452015708 

[Reducer0]: Got 89352 bytes.
2 RECEIVE 0 1449452048475 

[Reducer0]: Got 953384 bytes.
Awaiting simulation instructions...

Awaiting simulation instructions...

Awaiting simulation instructions...

Awaiting simulation instructions...

2 RECEIVE 500 1449452077479 

[Reducer0]: Got 90536 bytes.
2 RECEIVE 600 1449452078781 

[Reducer0]: Got 89512 bytes.
2 RECEIVE 700 1449452084037 

[Reducer0]: Got 91136 bytes.
2 RECEIVE 400 1449452103875 

[Reducer0]: Got 959512 bytes.
Awaiting simulation instructions...

Awaiting simulation instructions...

Awaiting simulation instructions...

Awaiting simulation instructions...

2 RECEIVE 900 1449452137470 

[Reducer0]: Got 89512 bytes.
2 RECEIVE 1000 1449452138390 

[Reducer0]: Got 89512 bytes.
2 RECEIVE 1100 1449452147372 

[Reducer0]: Got 94040 bytes.
2 RECEIVE 800 1449452167634 

[Reducer0]: Got 957288 bytes.
Awaiting simulation instructions...

Awaiting simulation instructions...

Awaiting simulation instructions...

Awaiting simulation instructions...

2 RECEIVE 1300 1449452198084 

[Reducer0]: Got 90536 bytes.
2 RECEIVE 1400 1449452198261 

[Reducer0]: Got 90536 bytes.
2 RECEIVE 1500 1449452203776 

[Reducer0]: Got 91136 bytes.
2 RECEIVE 1200 1449452227439 

[Reducer0]: Got 956616 bytes.
Awaiting simulation instructions...

Awaiting simulation instructions...

Awaiting simulation instructions...

Awaiting simulation instructions...

2 RECEIVE 1700 1449452258064 

[Reducer0]: Got 89512 bytes.
2 RECEIVE 1800 1449452260665 

[Reducer0]: Got 91136 bytes.
[Reducer0]: Got 90112 bytes.
2 RECEIVE 1900 1449452264037 

2 RECEIVE 1600 1449452288548 

[Reducer0]: Got 958488 bytes.
Awaiting simulation instructions...

Awaiting simulation instructions...

Awaiting simulation instructions...

Awaiting simulation instructions...

2 RECEIVE 2100 1449452319058 

[Reducer0]: Got 90536 bytes.
2 RECEIVE 2200 1449452319235 

[Reducer0]: Got 90536 bytes.
2 RECEIVE 2300 1449452325038 

[Reducer0]: Got 90112 bytes.
2 RECEIVE 2000 1449452346618 

[Reducer0]: Got 958488 bytes.
Awaiting simulation instructions...

Awaiting simulation instructions...

Awaiting simulation instructions...

Awaiting simulation instructions...

2 RECEIVE 2600 1449452382618 

[Reducer0]: Got 90112 bytes.
2 RECEIVE 2500 1449452382858 

[Reducer0]: Got 90112 bytes.
2 RECEIVE 2700 1449452386939 

[Reducer0]: Got 91136 bytes.
2 RECEIVE 2400 1449452407465 

[Reducer0]: Got 956248 bytes.
Awaiting simulation instructions...

Awaiting simulation instructions...

Awaiting simulation instructions...

Awaiting simulation instructions...

2 RECEIVE 2900 1449452438735 

[Reducer0]: Got 89512 bytes.
2 RECEIVE 3000 1449452441463 

[Reducer0]: Got 90112 bytes.
2 RECEIVE 3100 1449452445404 

[Reducer0]: Got 91136 bytes.
2 RECEIVE 2800 1449452469311 

[Reducer0]: Got 958312 bytes.
Awaiting simulation instructions...

Awaiting simulation instructions...

Awaiting simulation instructions...

Awaiting simulation instructions...

2 RECEIVE 3300 1449452499288 

[Reducer0]: Got 89512 bytes.
2 RECEIVE 3400 1449452500499 

[Reducer0]: Got 90112 bytes.
2 RECEIVE 3500 1449452505618 

[Reducer0]: Got 91136 bytes.
2 RECEIVE 3200 1449452528618 

[Reducer0]: Got 959512 bytes.
Awaiting simulation instructions...

Awaiting simulation instructions...

Awaiting simulation instructions...

Awaiting simulation instructions...

2 RECEIVE 3700 1449452561254 

[Reducer0]: Got 88064 bytes.
2 RECEIVE 3800 1449452563178 

[Reducer0]: Got 91136 bytes.
2 RECEIVE 3900 1449452565542 

[Reducer0]: Got 91136 bytes.
2 RECEIVE 3600 1449452588147 

[Reducer0]: Got 959672 bytes.
Awaiting simulation instructions...

Awaiting simulation instructions...

Awaiting simulation instructions...

Awaiting simulation instructions...

2 RECEIVE 4100 1449452619890 

[Reducer0]: Got 89512 bytes.
2 RECEIVE 4200 1449452622209 

[Reducer0]: Got 91136 bytes.
2 RECEIVE 4300 1449452625334 

[Reducer0]: Got 90112 bytes.
2 RECEIVE 4000 1449452650794 

[Reducer0]: Got 957288 bytes.
Slave finished all tasks and exited.
logger exit
