Awaiting simulation instructions...

Awaiting simulation instructions...

Awaiting simulation instructions...

Awaiting simulation instructions...

Awaiting simulation instructions...

5 RECEIVE 200 1449452015279 

[Reducer3]: Got 89352 bytes.
5 RECEIVE 300 1449452017403 

[Reducer3]: Got 92248 bytes.
5 RECEIVE 100 1449452017881 

[Reducer3]: Got 90112 bytes.
5 RECEIVE 0 1449452051415 

[Reducer3]: Got 954144 bytes.
Awaiting simulation instructions...

Awaiting simulation instructions...

Awaiting simulation instructions...

Awaiting simulation instructions...

5 RECEIVE 600 1449452079919 

[Reducer3]: Got 91560 bytes.
5 RECEIVE 500 1449452080994 

[Reducer3]: Got 91560 bytes.
5 RECEIVE 700 1449452084458 

[Reducer3]: Got 91136 bytes.
5 RECEIVE 400 1449452109401 

[Reducer3]: Got 957288 bytes.
Awaiting simulation instructions...

Awaiting simulation instructions...

Awaiting simulation instructions...

Awaiting simulation instructions...

5 RECEIVE 1000 1449452139289 

[Reducer3]: Got 91136 bytes.
5 RECEIVE 900 1449452140670 

[Reducer3]: Got 91136 bytes.
5 RECEIVE 1100 1449452143426 

[Reducer3]: Got 89352 bytes.
[Reducer3]: Got 957288 bytes.
5 RECEIVE 800 1449452170691 

Awaiting simulation instructions...

Awaiting simulation instructions...

Awaiting simulation instructions...

Awaiting simulation instructions...

5 RECEIVE 1400 1449452201512 

[Reducer3]: Got 91136 bytes.
5 RECEIVE 1300 1449452201643 

[Reducer3]: Got 91136 bytes.
5 RECEIVE 1500 1449452203977 

[Reducer3]: Got 91136 bytes.
5 RECEIVE 1200 1449452230415 

[Reducer3]: Got 957464 bytes.
Awaiting simulation instructions...

Awaiting simulation instructions...

Awaiting simulation instructions...

Awaiting simulation instructions...

5 RECEIVE 1700 1449452258598 

[Reducer3]: Got 89512 bytes.
5 RECEIVE 1800 1449452260531 

[Reducer3]: Got 91136 bytes.
5 RECEIVE 1900 1449452263312 

[Reducer3]: Got 90112 bytes.
5 RECEIVE 1600 1449452287811 

[Reducer3]: Got 956440 bytes.
Awaiting simulation instructions...

Awaiting simulation instructions...

Awaiting simulation instructions...

Awaiting simulation instructions...

5 RECEIVE 2100 1449452321365 

[Reducer3]: Got 91136 bytes.
5 RECEIVE 2200 1449452322158 

[Reducer3]: Got 91136 bytes.
5 RECEIVE 2300 1449452326399 

[Reducer3]: Got 91136 bytes.
5 RECEIVE 2000 1449452350493 

[Reducer3]: Got 960184 bytes.
Awaiting simulation instructions...

Awaiting simulation instructions...

Awaiting simulation instructions...

Awaiting simulation instructions...

5 RECEIVE 2600 1449452381993 

[Reducer3]: Got 88488 bytes.
5 RECEIVE 2500 1449452382128 

[Reducer3]: Got 90536 bytes.
5 RECEIVE 2700 1449452385722 

[Reducer3]: Got 91136 bytes.
5 RECEIVE 2400 1449452412322 

[Reducer3]: Got 957304 bytes.
Awaiting simulation instructions...

Awaiting simulation instructions...

Awaiting simulation instructions...

Awaiting simulation instructions...

5 RECEIVE 2900 1449452438563 

[Reducer3]: Got 89512 bytes.
5 RECEIVE 3000 1449452441358 

[Reducer3]: Got 90112 bytes.
5 RECEIVE 3100 1449452445479 

[Reducer3]: Got 91136 bytes.
5 RECEIVE 2800 1449452468972 

[Reducer3]: Got 957288 bytes.
Awaiting simulation instructions...

Awaiting simulation instructions...

Awaiting simulation instructions...

Awaiting simulation instructions...

5 RECEIVE 3300 1449452499000 

[Reducer3]: Got 89512 bytes.
[Reducer3]: Got 91136 bytes.
5 RECEIVE 3400 1449452500742 

5 RECEIVE 3500 1449452504078 

[Reducer3]: Got 91136 bytes.
5 RECEIVE 3200 1449452532348 

[Reducer3]: Got 957288 bytes.
Awaiting simulation instructions...

Awaiting simulation instructions...

Awaiting simulation instructions...

Awaiting simulation instructions...

5 RECEIVE 3800 1449452561141 

[Reducer3]: Got 88064 bytes.
5 RECEIVE 3700 1449452562492 

[Reducer3]: Got 91136 bytes.
5 RECEIVE 3900 1449452566912 

[Reducer3]: Got 91136 bytes.
5 RECEIVE 3600 1449452590435 

[Reducer3]: Got 957288 bytes.
Awaiting simulation instructions...

Awaiting simulation instructions...

Awaiting simulation instructions...

Awaiting simulation instructions...

5 RECEIVE 4100 1449452620677 

[Reducer3]: Got 89512 bytes.
5 RECEIVE 4200 1449452622037 

[Reducer3]: Got 91136 bytes.
5 RECEIVE 4300 1449452626073 

[Reducer3]: Got 91136 bytes.
5 RECEIVE 4000 1449452650445 

[Reducer3]: Got 957288 bytes.
Slave finished all tasks and exited.
logger exit
