Awaiting simulation instructions...

Awaiting simulation instructions...

Awaiting simulation instructions...

Awaiting simulation instructions...

8 RECEIVE 100 1449441833531 

[Reducer6]: Got 91400 bytes.
8 RECEIVE 200 1449441835353 

[Reducer6]: Got 87480 bytes.
8 RECEIVE 0 1449441868672 

[Reducer6]: Got 958152 bytes.
Awaiting simulation instructions...

Awaiting simulation instructions...

Awaiting simulation instructions...

8 RECEIVE 500 1449441900935 

[Reducer6]: Got 91136 bytes.
[Reducer6]: Got 91560 bytes.
8 RECEIVE 400 1449441901881 

8 RECEIVE 300 1449441928780 

[Reducer6]: Got 955592 bytes.
Awaiting simulation instructions...

Awaiting simulation instructions...

Awaiting simulation instructions...

8 RECEIVE 700 1449441962536 

[Reducer6]: Got 90112 bytes.
8 RECEIVE 800 1449441962888 

[Reducer6]: Got 91136 bytes.
8 RECEIVE 600 1449441989380 

[Reducer6]: Got 958064 bytes.
Awaiting simulation instructions...

Awaiting simulation instructions...

Awaiting simulation instructions...

8 RECEIVE 1000 1449442023109 

[Reducer6]: Got 91136 bytes.
8 RECEIVE 1100 1449442023126 

[Reducer6]: Got 91136 bytes.
8 RECEIVE 900 1449442049090 

[Reducer6]: Got 958488 bytes.
Awaiting simulation instructions...

Awaiting simulation instructions...

Awaiting simulation instructions...

8 RECEIVE 1300 1449442081983 

[Reducer6]: Got 90112 bytes.
8 RECEIVE 1400 1449442082442 

[Reducer6]: Got 91136 bytes.
8 RECEIVE 1200 1449442106977 

[Reducer6]: Got 958312 bytes.
Awaiting simulation instructions...

Awaiting simulation instructions...

Awaiting simulation instructions...

8 RECEIVE 1600 1449442141124 

[Reducer6]: Got 91560 bytes.
8 RECEIVE 1700 1449442142007 

[Reducer6]: Got 91136 bytes.
8 RECEIVE 1500 1449442168025 

[Reducer6]: Got 957464 bytes.
Awaiting simulation instructions...

Awaiting simulation instructions...

Awaiting simulation instructions...

8 RECEIVE 1900 1449442201457 

[Reducer6]: Got 91560 bytes.
[Reducer6]: Got 91400 bytes.
8 RECEIVE 2000 1449442204237 

8 RECEIVE 1800 1449442229918 

[Reducer6]: Got 957464 bytes.
Awaiting simulation instructions...

Awaiting simulation instructions...

Awaiting simulation instructions...

8 RECEIVE 2200 1449442260824 

[Reducer6]: Got 91560 bytes.
8 RECEIVE 2300 1449442261226 

[Reducer6]: Got 91560 bytes.
8 RECEIVE 2100 1449442289870 

[Reducer6]: Got 956616 bytes.
Awaiting simulation instructions...

Awaiting simulation instructions...

Awaiting simulation instructions...

8 RECEIVE 2600 1449442322567 

[Reducer6]: Got 91136 bytes.
[Reducer6]: Got 91136 bytes.
8 RECEIVE 2500 1449442323733 

8 RECEIVE 2400 1449442350412 

[Reducer6]: Got 957464 bytes.
Awaiting simulation instructions...

Awaiting simulation instructions...

Awaiting simulation instructions...

8 RECEIVE 2800 1449442383982 

[Reducer6]: Got 91136 bytes.
8 RECEIVE 2900 1449442384305 

[Reducer6]: Got 89352 bytes.
8 RECEIVE 2700 1449442411009 

[Reducer6]: Got 957304 bytes.
Awaiting simulation instructions...

Awaiting simulation instructions...

Awaiting simulation instructions...

8 RECEIVE 3100 1449442443394 

[Reducer6]: Got 91136 bytes.
8 RECEIVE 3200 1449442444509 

[Reducer6]: Got 91136 bytes.
8 RECEIVE 3000 1449442471788 

[Reducer6]: Got 958152 bytes.
Slave finished all tasks and exited.
logger exit
