Awaiting simulation instructions...

Awaiting simulation instructions...

Awaiting simulation instructions...

Awaiting simulation instructions...

2 RECEIVE 100 1449441834528 

[Reducer0]: Got 89352 bytes.
2 RECEIVE 200 1449441837021 

[Reducer0]: Got 92248 bytes.
2 RECEIVE 0 1449441869343 

[Reducer0]: Got 958912 bytes.
Awaiting simulation instructions...

Awaiting simulation instructions...

Awaiting simulation instructions...

2 RECEIVE 400 1449441899148 

[Reducer0]: Got 89512 bytes.
2 RECEIVE 500 1449441900292 

[Reducer0]: Got 91136 bytes.
2 RECEIVE 300 1449441923093 

[Reducer0]: Got 959512 bytes.
Awaiting simulation instructions...

Awaiting simulation instructions...

Awaiting simulation instructions...

2 RECEIVE 700 1449441959179 

[Reducer0]: Got 91560 bytes.
2 RECEIVE 800 1449441959803 

[Reducer0]: Got 91560 bytes.
2 RECEIVE 600 1449441985837 

[Reducer0]: Got 958488 bytes.
Awaiting simulation instructions...

Awaiting simulation instructions...

Awaiting simulation instructions...

2 RECEIVE 1000 1449442019947 

[Reducer0]: Got 91560 bytes.
2 RECEIVE 1100 1449442021636 

[Reducer0]: Got 91560 bytes.
2 RECEIVE 900 1449442042683 

[Reducer0]: Got 959032 bytes.
Awaiting simulation instructions...

Awaiting simulation instructions...

Awaiting simulation instructions...

[Reducer0]: Got 91560 bytes.
2 RECEIVE 1300 1449442079594 

2 RECEIVE 1400 1449442081321 

[Reducer0]: Got 91136 bytes.
2 RECEIVE 1200 1449442106211 

[Reducer0]: Got 958312 bytes.
Awaiting simulation instructions...

Awaiting simulation instructions...

Awaiting simulation instructions...

[Reducer0]: Got 91560 bytes.
2 RECEIVE 1700 1449442140942 

2 RECEIVE 1600 1449442141776 

[Reducer0]: Got 89352 bytes.
2 RECEIVE 1500 1449442165837 

[Reducer0]: Got 957464 bytes.
Awaiting simulation instructions...

Awaiting simulation instructions...

Awaiting simulation instructions...

2 RECEIVE 1900 1449442201016 

[Reducer0]: Got 91560 bytes.
2 RECEIVE 2000 1449442202706 

[Reducer0]: Got 91560 bytes.
[Reducer0]: Got 956440 bytes.
2 RECEIVE 1800 1449442228250 

Awaiting simulation instructions...

Awaiting simulation instructions...

Awaiting simulation instructions...

2 RECEIVE 2300 1449442261888 

[Reducer0]: Got 91560 bytes.
2 RECEIVE 2200 1449442263229 

[Reducer0]: Got 91560 bytes.
2 RECEIVE 2100 1449442285363 

[Reducer0]: Got 963256 bytes.
Awaiting simulation instructions...

Awaiting simulation instructions...

Awaiting simulation instructions...

2 RECEIVE 2500 1449442320262 

[Reducer0]: Got 90536 bytes.
2 RECEIVE 2600 1449442323629 

[Reducer0]: Got 91136 bytes.
2 RECEIVE 2400 1449442349578 

[Reducer0]: Got 958312 bytes.
Awaiting simulation instructions...

Awaiting simulation instructions...

Awaiting simulation instructions...

2 RECEIVE 2800 1449442385394 

[Reducer0]: Got 90112 bytes.
[Reducer0]: Got 90112 bytes.
2 RECEIVE 2900 1449442385547 

2 RECEIVE 2700 1449442409727 

[Reducer0]: Got 959512 bytes.
Awaiting simulation instructions...

Awaiting simulation instructions...

Awaiting simulation instructions...

2 RECEIVE 3100 1449442442211 

[Reducer0]: Got 91560 bytes.
2 RECEIVE 3200 1449442444592 

[Reducer0]: Got 91136 bytes.
2 RECEIVE 3000 1449442469500 

[Reducer0]: Got 957288 bytes.
Slave finished all tasks and exited.
logger exit
