Awaiting simulation instructions...

Awaiting simulation instructions...

Awaiting simulation instructions...

Awaiting simulation instructions...

9 RECEIVE 200 1449441836534 

[Reducer7]: Got 90112 bytes.
9 RECEIVE 100 1449441836696 

[Reducer7]: Got 90112 bytes.
9 RECEIVE 0 1449441869600 

[Reducer7]: Got 958064 bytes.
Awaiting simulation instructions...

Awaiting simulation instructions...

Awaiting simulation instructions...

9 RECEIVE 500 1449441899975 

[Reducer7]: Got 91136 bytes.
9 RECEIVE 400 1449441901996 

[Reducer7]: Got 91136 bytes.
9 RECEIVE 300 1449441928470 

[Reducer7]: Got 958488 bytes.
Awaiting simulation instructions...

Awaiting simulation instructions...

Awaiting simulation instructions...

9 RECEIVE 700 1449441961425 

[Reducer7]: Got 91136 bytes.
9 RECEIVE 800 1449441962257 

[Reducer7]: Got 90112 bytes.
9 RECEIVE 600 1449441989235 

[Reducer7]: Got 958152 bytes.
Awaiting simulation instructions...

Awaiting simulation instructions...

Awaiting simulation instructions...

9 RECEIVE 1100 1449442022749 

[Reducer7]: Got 91136 bytes.
9 RECEIVE 1000 1449442023033 

[Reducer7]: Got 91136 bytes.
9 RECEIVE 900 1449442049468 

[Reducer7]: Got 955256 bytes.
Awaiting simulation instructions...

Awaiting simulation instructions...

Awaiting simulation instructions...

9 RECEIVE 1300 1449442082298 

[Reducer7]: Got 91560 bytes.
9 RECEIVE 1400 1449442083053 

[Reducer7]: Got 91136 bytes.
9 RECEIVE 1200 1449442108606 

[Reducer7]: Got 957288 bytes.
Awaiting simulation instructions...

Awaiting simulation instructions...

Awaiting simulation instructions...

9 RECEIVE 1600 1449442142768 

[Reducer7]: Got 91136 bytes.
9 RECEIVE 1700 1449442143630 

[Reducer7]: Got 91136 bytes.
9 RECEIVE 1500 1449442168723 

[Reducer7]: Got 957304 bytes.
Awaiting simulation instructions...

Awaiting simulation instructions...

Awaiting simulation instructions...

9 RECEIVE 1900 1449442201940 

[Reducer7]: Got 91560 bytes.
9 RECEIVE 2000 1449442204009 

[Reducer7]: Got 91560 bytes.
9 RECEIVE 1800 1449442230237 

[Reducer7]: Got 957464 bytes.
Awaiting simulation instructions...

Awaiting simulation instructions...

Awaiting simulation instructions...

[Reducer7]: Got 90536 bytes.
9 RECEIVE 2200 1449442260417 

9 RECEIVE 2300 1449442263379 

[Reducer7]: Got 91136 bytes.
9 RECEIVE 2100 1449442290525 

[Reducer7]: Got 957464 bytes.
Awaiting simulation instructions...

Awaiting simulation instructions...

Awaiting simulation instructions...

9 RECEIVE 2500 1449442321193 

[Reducer7]: Got 90536 bytes.
9 RECEIVE 2600 1449442323524 

[Reducer7]: Got 91560 bytes.
[Reducer7]: Got 957304 bytes.
9 RECEIVE 2400 1449442350761 

Awaiting simulation instructions...

Awaiting simulation instructions...

Awaiting simulation instructions...

9 RECEIVE 2800 1449442383098 

[Reducer7]: Got 91560 bytes.
9 RECEIVE 2900 1449442384652 

[Reducer7]: Got 91136 bytes.
9 RECEIVE 2700 1449442408186 

[Reducer7]: Got 957304 bytes.
Awaiting simulation instructions...

Awaiting simulation instructions...

Awaiting simulation instructions...

[Reducer7]: Got 91136 bytes.
9 RECEIVE 3200 1449442444288 

9 RECEIVE 3100 1449442444966 

[Reducer7]: Got 91136 bytes.
9 RECEIVE 3000 1449442471477 

[Reducer7]: Got 957304 bytes.
Slave finished all tasks and exited.
logger exit
