Awaiting simulation instructions...

Awaiting simulation instructions...

Awaiting simulation instructions...

4 RECEIVE 100 1449460194451 

[Reducer2]: Got 89512 bytes.
4 RECEIVE 0 1449460226708 

[Reducer2]: Got 958328 bytes.
Awaiting simulation instructions...

Awaiting simulation instructions...

4 RECEIVE 300 1449460239358 

[Reducer2]: Got 91560 bytes.
4 RECEIVE 200 1449460265488 

[Reducer2]: Got 957264 bytes.
Awaiting simulation instructions...

Awaiting simulation instructions...

4 RECEIVE 500 1449460279952 

[Reducer2]: Got 91560 bytes.
4 RECEIVE 400 1449460305830 

[Reducer2]: Got 958488 bytes.
Awaiting simulation instructions...

Awaiting simulation instructions...

4 RECEIVE 700 1449460321077 

[Reducer2]: Got 91560 bytes.
4 RECEIVE 600 1449460341428 

[Reducer2]: Got 958968 bytes.
Awaiting simulation instructions...

Awaiting simulation instructions...

4 RECEIVE 900 1449460360670 

[Reducer2]: Got 91560 bytes.
4 RECEIVE 800 1449460381790 

[Reducer2]: Got 956000 bytes.
Awaiting simulation instructions...

Awaiting simulation instructions...

4 RECEIVE 1100 1449460399465 

[Reducer2]: Got 91560 bytes.
4 RECEIVE 1000 1449460425076 

[Reducer2]: Got 958312 bytes.
Awaiting simulation instructions...

Awaiting simulation instructions...

4 RECEIVE 1300 1449460441100 

[Reducer2]: Got 91560 bytes.
4 RECEIVE 1200 1449460463971 

[Reducer2]: Got 959672 bytes.
Awaiting simulation instructions...

Awaiting simulation instructions...

4 RECEIVE 1500 1449460481013 

[Reducer2]: Got 91560 bytes.
4 RECEIVE 1400 1449460502244 

[Reducer2]: Got 956248 bytes.
Awaiting simulation instructions...

Awaiting simulation instructions...

4 RECEIVE 1700 1449460521279 

[Reducer2]: Got 91136 bytes.
4 RECEIVE 1600 1449460544190 

[Reducer2]: Got 958312 bytes.
Awaiting simulation instructions...

Awaiting simulation instructions...

4 RECEIVE 1900 1449460560049 

[Reducer2]: Got 91560 bytes.
4 RECEIVE 1800 1449460585155 

[Reducer2]: Got 958312 bytes.
Awaiting simulation instructions...

Awaiting simulation instructions...

4 RECEIVE 2100 1449460599851 

[Reducer2]: Got 91560 bytes.
4 RECEIVE 2000 1449460627228 

[Reducer2]: Got 958312 bytes.
Slave finished all tasks and exited.
logger exit
