Awaiting simulation instructions...

Awaiting simulation instructions...

Awaiting simulation instructions...

11 RECEIVE 100 1449460197053 

[Reducer9]: Got 90112 bytes.
11 RECEIVE 0 1449460224994 

[Reducer9]: Got 957288 bytes.
Awaiting simulation instructions...

Awaiting simulation instructions...

11 RECEIVE 300 1449460239321 

[Reducer9]: Got 91560 bytes.
11 RECEIVE 200 1449460262627 

[Reducer9]: Got 955432 bytes.
Awaiting simulation instructions...

Awaiting simulation instructions...

11 RECEIVE 500 1449460281419 

[Reducer9]: Got 91136 bytes.
11 RECEIVE 400 1449460303842 

[Reducer9]: Got 959672 bytes.
Awaiting simulation instructions...

Awaiting simulation instructions...

11 RECEIVE 700 1449460321218 

[Reducer9]: Got 91136 bytes.
11 RECEIVE 600 1449460346995 

[Reducer9]: Got 958152 bytes.
Awaiting simulation instructions...

Awaiting simulation instructions...

11 RECEIVE 900 1449460361752 

[Reducer9]: Got 91136 bytes.
11 RECEIVE 800 1449460386322 

[Reducer9]: Got 958488 bytes.
Awaiting simulation instructions...

Awaiting simulation instructions...

11 RECEIVE 1100 1449460400921 

[Reducer9]: Got 91136 bytes.
11 RECEIVE 1000 1449460426871 

[Reducer9]: Got 958152 bytes.
Awaiting simulation instructions...

Awaiting simulation instructions...

11 RECEIVE 1300 1449460442465 

[Reducer9]: Got 91136 bytes.
11 RECEIVE 1200 1449460467860 

[Reducer9]: Got 958488 bytes.
Awaiting simulation instructions...

Awaiting simulation instructions...

11 RECEIVE 1500 1449460482318 

[Reducer9]: Got 91136 bytes.
11 RECEIVE 1400 1449460503796 

[Reducer9]: Got 959672 bytes.
Awaiting simulation instructions...

Awaiting simulation instructions...

11 RECEIVE 1700 1449460521118 

[Reducer9]: Got 91560 bytes.
11 RECEIVE 1600 1449460545082 

[Reducer9]: Got 957464 bytes.
Awaiting simulation instructions...

Awaiting simulation instructions...

11 RECEIVE 1900 1449460561696 

[Reducer9]: Got 91136 bytes.
11 RECEIVE 1800 1449460588418 

[Reducer9]: Got 958488 bytes.
Awaiting simulation instructions...

Awaiting simulation instructions...

11 RECEIVE 2100 1449460601144 

[Reducer9]: Got 91136 bytes.
11 RECEIVE 2000 1449460627539 

[Reducer9]: Got 958488 bytes.
Slave finished all tasks and exited.
logger exit
