Awaiting simulation instructions...

Awaiting simulation instructions...

Awaiting simulation instructions...

9 RECEIVE 100 1449460194412 

[Reducer7]: Got 89512 bytes.
9 RECEIVE 0 1449460225944 

[Reducer7]: Got 958312 bytes.
Awaiting simulation instructions...

Awaiting simulation instructions...

9 RECEIVE 300 1449460239754 

[Reducer7]: Got 91136 bytes.
9 RECEIVE 200 1449460266147 

[Reducer7]: Got 959336 bytes.
Awaiting simulation instructions...

Awaiting simulation instructions...

9 RECEIVE 500 1449460281373 

[Reducer7]: Got 91136 bytes.
9 RECEIVE 400 1449460307270 

[Reducer7]: Got 958488 bytes.
Awaiting simulation instructions...

Awaiting simulation instructions...

9 RECEIVE 700 1449460320771 

[Reducer7]: Got 91560 bytes.
9 RECEIVE 600 1449460347721 

[Reducer7]: Got 958488 bytes.
Awaiting simulation instructions...

Awaiting simulation instructions...

9 RECEIVE 900 1449460360958 

[Reducer7]: Got 91560 bytes.
9 RECEIVE 800 1449460387408 

[Reducer7]: Got 958488 bytes.
Awaiting simulation instructions...

Awaiting simulation instructions...

9 RECEIVE 1100 1449460400903 

[Reducer7]: Got 91136 bytes.
9 RECEIVE 1000 1449460424446 

[Reducer7]: Got 958064 bytes.
Awaiting simulation instructions...

Awaiting simulation instructions...

9 RECEIVE 1300 1449460442138 

[Reducer7]: Got 91560 bytes.
9 RECEIVE 1200 1449460467378 

[Reducer7]: Got 957304 bytes.
Awaiting simulation instructions...

Awaiting simulation instructions...

9 RECEIVE 1500 1449460481590 

[Reducer7]: Got 91560 bytes.
9 RECEIVE 1400 1449460506835 

[Reducer7]: Got 958152 bytes.
Awaiting simulation instructions...

Awaiting simulation instructions...

9 RECEIVE 1700 1449460521194 

[Reducer7]: Got 91560 bytes.
9 RECEIVE 1600 1449460547686 

[Reducer7]: Got 958312 bytes.
Awaiting simulation instructions...

Awaiting simulation instructions...

9 RECEIVE 1900 1449460561621 

[Reducer7]: Got 91136 bytes.
9 RECEIVE 1800 1449460586502 

[Reducer7]: Got 958152 bytes.
Awaiting simulation instructions...

Awaiting simulation instructions...

9 RECEIVE 2100 1449460600930 

[Reducer7]: Got 91560 bytes.
9 RECEIVE 2000 1449460621551 

[Reducer7]: Got 959672 bytes.
Slave finished all tasks and exited.
logger exit
