Awaiting simulation instructions...

Awaiting simulation instructions...

Awaiting simulation instructions...

6 RECEIVE 100 1449460196039 

[Reducer4]: Got 90376 bytes.
6 RECEIVE 0 1449460225043 

[Reducer4]: Got 959176 bytes.
Awaiting simulation instructions...

Awaiting simulation instructions...

6 RECEIVE 300 1449460239451 

[Reducer4]: Got 91560 bytes.
6 RECEIVE 200 1449460265778 

[Reducer4]: Got 958008 bytes.
Awaiting simulation instructions...

Awaiting simulation instructions...

6 RECEIVE 500 1449460281118 

[Reducer4]: Got 91136 bytes.
6 RECEIVE 400 1449460306929 

[Reducer4]: Got 958152 bytes.
Awaiting simulation instructions...

Awaiting simulation instructions...

6 RECEIVE 700 1449460320817 

[Reducer4]: Got 91560 bytes.
6 RECEIVE 600 1449460345482 

[Reducer4]: Got 958488 bytes.
Awaiting simulation instructions...

Awaiting simulation instructions...

6 RECEIVE 900 1449460361101 

[Reducer4]: Got 91560 bytes.
6 RECEIVE 800 1449460387243 

[Reducer4]: Got 958488 bytes.
Awaiting simulation instructions...

Awaiting simulation instructions...

6 RECEIVE 1100 1449460400368 

[Reducer4]: Got 91560 bytes.
6 RECEIVE 1000 1449460424747 

[Reducer4]: Got 958312 bytes.
Awaiting simulation instructions...

Awaiting simulation instructions...

6 RECEIVE 1300 1449460441686 

[Reducer4]: Got 91560 bytes.
6 RECEIVE 1200 1449460463476 

[Reducer4]: Got 956600 bytes.
Awaiting simulation instructions...

Awaiting simulation instructions...

6 RECEIVE 1500 1449460481916 

[Reducer4]: Got 91560 bytes.
6 RECEIVE 1400 1449460507890 

[Reducer4]: Got 958488 bytes.
Awaiting simulation instructions...

Awaiting simulation instructions...

6 RECEIVE 1700 1449460520044 

[Reducer4]: Got 91560 bytes.
6 RECEIVE 1600 1449460548278 

[Reducer4]: Got 958488 bytes.
Awaiting simulation instructions...

Awaiting simulation instructions...

6 RECEIVE 1900 1449460560386 

[Reducer4]: Got 91560 bytes.
6 RECEIVE 1800 1449460587132 

[Reducer4]: Got 957304 bytes.
Awaiting simulation instructions...

Awaiting simulation instructions...

6 RECEIVE 2100 1449460601050 

[Reducer4]: Got 91560 bytes.
6 RECEIVE 2000 1449460628169 

[Reducer4]: Got 958488 bytes.
Slave finished all tasks and exited.
logger exit
