Awaiting simulation instructions...

Awaiting simulation instructions...

Awaiting simulation instructions...

2 RECEIVE 100 1449460195036 

[Reducer0]: Got 90376 bytes.
2 RECEIVE 0 1449460225605 

[Reducer0]: Got 958312 bytes.
Awaiting simulation instructions...

Awaiting simulation instructions...

2 RECEIVE 300 1449460239190 

[Reducer0]: Got 91560 bytes.
2 RECEIVE 200 1449460264459 

[Reducer0]: Got 956616 bytes.
Awaiting simulation instructions...

Awaiting simulation instructions...

2 RECEIVE 500 1449460280347 

[Reducer0]: Got 91560 bytes.
2 RECEIVE 400 1449460305520 

[Reducer0]: Got 958312 bytes.
Awaiting simulation instructions...

Awaiting simulation instructions...

2 RECEIVE 700 1449460319627 

[Reducer0]: Got 91560 bytes.
2 RECEIVE 600 1449460344988 

[Reducer0]: Got 958312 bytes.
Awaiting simulation instructions...

Awaiting simulation instructions...

2 RECEIVE 900 1449460361715 

[Reducer0]: Got 91136 bytes.
2 RECEIVE 800 1449460381412 

[Reducer0]: Got 956248 bytes.
Awaiting simulation instructions...

Awaiting simulation instructions...

2 RECEIVE 1100 1449460400035 

[Reducer0]: Got 91560 bytes.
2 RECEIVE 1000 1449460420364 

[Reducer0]: Got 956248 bytes.
Awaiting simulation instructions...

Awaiting simulation instructions...

2 RECEIVE 1300 1449460442737 

[Reducer0]: Got 91136 bytes.
2 RECEIVE 1200 1449460462709 

[Reducer0]: Got 956248 bytes.
Awaiting simulation instructions...

Awaiting simulation instructions...

2 RECEIVE 1500 1449460480909 

[Reducer0]: Got 91136 bytes.
2 RECEIVE 1400 1449460505722 

[Reducer0]: Got 958312 bytes.
Awaiting simulation instructions...

Awaiting simulation instructions...

2 RECEIVE 1700 1449460519804 

[Reducer0]: Got 91560 bytes.
2 RECEIVE 1600 1449460540737 

[Reducer0]: Got 956248 bytes.
Awaiting simulation instructions...

Awaiting simulation instructions...

2 RECEIVE 1900 1449460561191 

[Reducer0]: Got 91560 bytes.
2 RECEIVE 1800 1449460581382 

[Reducer0]: Got 956248 bytes.
Awaiting simulation instructions...

Awaiting simulation instructions...

2 RECEIVE 2100 1449460600768 

[Reducer0]: Got 91560 bytes.
2 RECEIVE 2000 1449460624313 

[Reducer0]: Got 958312 bytes.
Slave finished all tasks and exited.
logger exit
