Awaiting simulation instructions...

Awaiting simulation instructions...

Awaiting simulation instructions...

7 RECEIVE 100 1449460194656 

[Reducer5]: Got 89512 bytes.
7 RECEIVE 0 1449460225750 

[Reducer5]: Got 958312 bytes.
Awaiting simulation instructions...

Awaiting simulation instructions...

7 RECEIVE 300 1449460239414 

[Reducer5]: Got 91560 bytes.
7 RECEIVE 200 1449460267265 

[Reducer5]: Got 958152 bytes.
Awaiting simulation instructions...

Awaiting simulation instructions...

7 RECEIVE 500 1449460281261 

[Reducer5]: Got 91136 bytes.
7 RECEIVE 400 1449460307645 

[Reducer5]: Got 958488 bytes.
Awaiting simulation instructions...

Awaiting simulation instructions...

7 RECEIVE 700 1449460321201 

[Reducer5]: Got 91136 bytes.
7 RECEIVE 600 1449460345414 

[Reducer5]: Got 958488 bytes.
Awaiting simulation instructions...

Awaiting simulation instructions...

7 RECEIVE 900 1449460361778 

[Reducer5]: Got 91136 bytes.
7 RECEIVE 800 1449460387030 

[Reducer5]: Got 958488 bytes.
Awaiting simulation instructions...

Awaiting simulation instructions...

7 RECEIVE 1100 1449460400120 

[Reducer5]: Got 91560 bytes.
7 RECEIVE 1000 1449460427428 

[Reducer5]: Got 958488 bytes.
Awaiting simulation instructions...

Awaiting simulation instructions...

7 RECEIVE 1300 1449460442589 

[Reducer5]: Got 91136 bytes.
7 RECEIVE 1200 1449460464388 

[Reducer5]: Got 958152 bytes.
Awaiting simulation instructions...

Awaiting simulation instructions...

7 RECEIVE 1500 1449460481860 

[Reducer5]: Got 91560 bytes.
7 RECEIVE 1400 1449460508210 

[Reducer5]: Got 958488 bytes.
Awaiting simulation instructions...

Awaiting simulation instructions...

7 RECEIVE 1700 1449460520985 

[Reducer5]: Got 91560 bytes.
7 RECEIVE 1600 1449460547996 

[Reducer5]: Got 958488 bytes.
Awaiting simulation instructions...

Awaiting simulation instructions...

7 RECEIVE 1900 1449460560634 

[Reducer5]: Got 91560 bytes.
7 RECEIVE 1800 1449460584835 

[Reducer5]: Got 958312 bytes.
Awaiting simulation instructions...

Awaiting simulation instructions...

7 RECEIVE 2100 1449460601015 

[Reducer5]: Got 91560 bytes.
7 RECEIVE 2000 1449460628488 

[Reducer5]: Got 958488 bytes.
Slave finished all tasks and exited.
logger exit
