Awaiting simulation instructions...

Awaiting simulation instructions...

Awaiting simulation instructions...

Awaiting simulation instructions...

Awaiting simulation instructions...

3 RECEIVE 100 1449452451046 

[Reducer1]: Got 89352 bytes.
3 RECEIVE 200 1449452464386 

[Reducer1]: Got 185080 bytes.
3 RECEIVE 300 1449452481656 

[Reducer1]: Got 374344 bytes.
3 RECEIVE 0 1449452499656 

[Reducer1]: Got 956440 bytes.
Awaiting simulation instructions...

Awaiting simulation instructions...

Awaiting simulation instructions...

Awaiting simulation instructions...

3 RECEIVE 500 1449452514446 

[Reducer1]: Got 90536 bytes.
3 RECEIVE 600 1449452530790 

[Reducer1]: Got 185080 bytes.
3 RECEIVE 700 1449452546913 

[Reducer1]: Got 377416 bytes.
3 RECEIVE 400 1449452559701 

[Reducer1]: Got 956768 bytes.
Awaiting simulation instructions...

Awaiting simulation instructions...

Awaiting simulation instructions...

Awaiting simulation instructions...

3 RECEIVE 900 1449452574476 

[Reducer1]: Got 89512 bytes.
3 RECEIVE 1000 1449452589959 

[Reducer1]: Got 185256 bytes.
3 RECEIVE 1100 1449452607133 

[Reducer1]: Got 376392 bytes.
3 RECEIVE 800 1449452614739 

[Reducer1]: Got 956920 bytes.
Awaiting simulation instructions...

Awaiting simulation instructions...

Awaiting simulation instructions...

Awaiting simulation instructions...

3 RECEIVE 1300 1449452634139 

[Reducer1]: Got 89512 bytes.
3 RECEIVE 1400 1449452649337 

[Reducer1]: Got 185256 bytes.
3 RECEIVE 1500 1449452664913 

[Reducer1]: Got 378264 bytes.
3 RECEIVE 1200 1449452681452 

[Reducer1]: Got 960712 bytes.
Awaiting simulation instructions...

Awaiting simulation instructions...

Awaiting simulation instructions...

Awaiting simulation instructions...

3 RECEIVE 1700 1449452694082 

[Reducer1]: Got 89512 bytes.
3 RECEIVE 1800 1449452709885 

[Reducer1]: Got 184232 bytes.
3 RECEIVE 1900 1449452726621 

[Reducer1]: Got 375368 bytes.
3 RECEIVE 1600 1449452735037 

[Reducer1]: Got 956000 bytes.
Awaiting simulation instructions...

Awaiting simulation instructions...

Awaiting simulation instructions...

Awaiting simulation instructions...

3 RECEIVE 2100 1449452754945 

[Reducer1]: Got 89512 bytes.
3 RECEIVE 2200 1449452771233 

[Reducer1]: Got 185256 bytes.
3 RECEIVE 2300 1449452786582 

[Reducer1]: Got 377416 bytes.
3 RECEIVE 2000 1449452800812 

[Reducer1]: Got 955592 bytes.
Awaiting simulation instructions...

Awaiting simulation instructions...

Awaiting simulation instructions...

Awaiting simulation instructions...

3 RECEIVE 2500 1449452813992 

[Reducer1]: Got 89512 bytes.
3 RECEIVE 2600 1449452829512 

[Reducer1]: Got 186280 bytes.
3 RECEIVE 2700 1449452846805 

[Reducer1]: Got 379288 bytes.
3 RECEIVE 2400 1449452857712 

[Reducer1]: Got 957288 bytes.
Awaiting simulation instructions...

Awaiting simulation instructions...

Awaiting simulation instructions...

Awaiting simulation instructions...

3 RECEIVE 2900 1449452875270 

[Reducer1]: Got 89512 bytes.
3 RECEIVE 3000 1449452890815 

[Reducer1]: Got 185256 bytes.
3 RECEIVE 3100 1449452908714 

[Reducer1]: Got 378264 bytes.
3 RECEIVE 2800 1449452916469 

[Reducer1]: Got 955576 bytes.
Awaiting simulation instructions...

Awaiting simulation instructions...

Awaiting simulation instructions...

Awaiting simulation instructions...

[Reducer1]: Got 89512 bytes.
3 RECEIVE 3300 1449452935439 

[Reducer1]: Got 185256 bytes.
3 RECEIVE 3400 1449452951561 

3 RECEIVE 3500 1449452968650 

[Reducer1]: Got 376392 bytes.
3 RECEIVE 3200 1449452981615 

[Reducer1]: Got 952360 bytes.
Awaiting simulation instructions...

Awaiting simulation instructions...

Awaiting simulation instructions...

Awaiting simulation instructions...

3 RECEIVE 3700 1449452995485 

[Reducer1]: Got 88488 bytes.
3 RECEIVE 3800 1449453012230 

[Reducer1]: Got 185256 bytes.
3 RECEIVE 3900 1449453029129 

[Reducer1]: Got 378264 bytes.
3 RECEIVE 3600 1449453036957 

[Reducer1]: Got 957800 bytes.
Awaiting simulation instructions...

Awaiting simulation instructions...

Awaiting simulation instructions...

Awaiting simulation instructions...

3 RECEIVE 4100 1449453055647 

[Reducer1]: Got 89512 bytes.
3 RECEIVE 4200 1449453071230 

[Reducer1]: Got 185256 bytes.
3 RECEIVE 4300 1449453088636 

[Reducer1]: Got 376392 bytes.
3 RECEIVE 4000 1449453101881 

[Reducer1]: Got 954392 bytes.
Slave finished all tasks and exited.
logger exit
