Awaiting simulation instructions...

Awaiting simulation instructions...

Awaiting simulation instructions...

Awaiting simulation instructions...

Awaiting simulation instructions...

2 RECEIVE 100 1449452451016 

[Reducer0]: Got 90376 bytes.
2 RECEIVE 200 1449452468926 

[Reducer0]: Got 182184 bytes.
2 RECEIVE 300 1449452480141 

[Reducer0]: Got 377240 bytes.
2 RECEIVE 0 1449452500352 

[Reducer0]: Got 954408 bytes.
Awaiting simulation instructions...

Awaiting simulation instructions...

Awaiting simulation instructions...

Awaiting simulation instructions...

2 RECEIVE 500 1449452514516 

[Reducer0]: Got 90536 bytes.
2 RECEIVE 600 1449452531418 

[Reducer0]: Got 183384 bytes.
2 RECEIVE 700 1449452547582 

[Reducer0]: Got 377416 bytes.
2 RECEIVE 400 1449452553753 

[Reducer0]: Got 958328 bytes.
Awaiting simulation instructions...

Awaiting simulation instructions...

Awaiting simulation instructions...

Awaiting simulation instructions...

2 RECEIVE 900 1449452574648 

[Reducer0]: Got 89512 bytes.
2 RECEIVE 1000 1449452590037 

[Reducer0]: Got 184232 bytes.
2 RECEIVE 1100 1449452609028 

[Reducer0]: Got 376392 bytes.
2 RECEIVE 800 1449452614536 

[Reducer0]: Got 950704 bytes.
Awaiting simulation instructions...

Awaiting simulation instructions...

Awaiting simulation instructions...

Awaiting simulation instructions...

2 RECEIVE 1300 1449452633928 

[Reducer0]: Got 89512 bytes.
2 RECEIVE 1400 1449452649171 

[Reducer0]: Got 184056 bytes.
2 RECEIVE 1500 1449452664943 

[Reducer0]: Got 375368 bytes.
2 RECEIVE 1200 1449452674591 

[Reducer0]: Got 955928 bytes.
Awaiting simulation instructions...

Awaiting simulation instructions...

Awaiting simulation instructions...

Awaiting simulation instructions...

2 RECEIVE 1700 1449452693901 

[Reducer0]: Got 89512 bytes.
2 RECEIVE 1800 1449452710090 

[Reducer0]: Got 185256 bytes.
2 RECEIVE 1900 1449452729224 

[Reducer0]: Got 378264 bytes.
2 RECEIVE 1600 1449452734572 

[Reducer0]: Got 957944 bytes.
Awaiting simulation instructions...

Awaiting simulation instructions...

Awaiting simulation instructions...

Awaiting simulation instructions...

2 RECEIVE 2100 1449452754991 

[Reducer0]: Got 89512 bytes.
2 RECEIVE 2200 1449452770902 

[Reducer0]: Got 185256 bytes.
2 RECEIVE 2300 1449452786755 

[Reducer0]: Got 376392 bytes.
2 RECEIVE 2000 1449452794399 

[Reducer0]: Got 955048 bytes.
Awaiting simulation instructions...

Awaiting simulation instructions...

Awaiting simulation instructions...

Awaiting simulation instructions...

2 RECEIVE 2500 1449452813956 

[Reducer0]: Got 89512 bytes.
2 RECEIVE 2600 1449452829444 

[Reducer0]: Got 185256 bytes.
2 RECEIVE 2700 1449452845959 

[Reducer0]: Got 375368 bytes.
2 RECEIVE 2400 1449452857314 

[Reducer0]: Got 957288 bytes.
Awaiting simulation instructions...

Awaiting simulation instructions...

Awaiting simulation instructions...

Awaiting simulation instructions...

2 RECEIVE 2900 1449452875241 

[Reducer0]: Got 89512 bytes.
2 RECEIVE 3000 1449452891088 

[Reducer0]: Got 183384 bytes.
2 RECEIVE 3100 1449452908802 

[Reducer0]: Got 378264 bytes.
2 RECEIVE 2800 1449452916016 

[Reducer0]: Got 959144 bytes.
Awaiting simulation instructions...

Awaiting simulation instructions...

Awaiting simulation instructions...

Awaiting simulation instructions...

2 RECEIVE 3300 1449452935601 

[Reducer0]: Got 89512 bytes.
2 RECEIVE 3400 1449452951413 

[Reducer0]: Got 185080 bytes.
2 RECEIVE 3500 1449452968815 

[Reducer0]: Got 376392 bytes.
2 RECEIVE 3200 1449452976867 

[Reducer0]: Got 955224 bytes.
Awaiting simulation instructions...

Awaiting simulation instructions...

Awaiting simulation instructions...

Awaiting simulation instructions...

2 RECEIVE 3700 1449452995360 

[Reducer0]: Got 89512 bytes.
[Reducer0]: Got 184232 bytes.
2 RECEIVE 3800 1449453011212 

[Reducer0]: Got 371024 bytes.
2 RECEIVE 3900 1449453029648 

2 RECEIVE 3600 1449453036753 

[Reducer0]: Got 956000 bytes.
Awaiting simulation instructions...

Awaiting simulation instructions...

Awaiting simulation instructions...

Awaiting simulation instructions...

2 RECEIVE 4100 1449453055422 

[Reducer0]: Got 89512 bytes.
2 RECEIVE 4200 1449453071483 

[Reducer0]: Got 184232 bytes.
2 RECEIVE 4300 1449453088665 

[Reducer0]: Got 377416 bytes.
2 RECEIVE 4000 1449453096307 

[Reducer0]: Got 956920 bytes.
Slave finished all tasks and exited.
logger exit
