Awaiting simulation instructions...

Awaiting simulation instructions...

Awaiting simulation instructions...

Awaiting simulation instructions...

Awaiting simulation instructions...

6 RECEIVE 100 1449452455434 

[Reducer4]: Got 88488 bytes.
6 RECEIVE 200 1449452466346 

[Reducer4]: Got 184072 bytes.
6 RECEIVE 300 1449452481918 

[Reducer4]: Got 375192 bytes.
6 RECEIVE 0 1449452499608 

[Reducer4]: Got 956440 bytes.
Awaiting simulation instructions...

Awaiting simulation instructions...

Awaiting simulation instructions...

Awaiting simulation instructions...

6 RECEIVE 500 1449452516166 

[Reducer4]: Got 89512 bytes.
6 RECEIVE 600 1449452531486 

[Reducer4]: Got 185256 bytes.
6 RECEIVE 700 1449452547343 

[Reducer4]: Got 376392 bytes.
6 RECEIVE 400 1449452559418 

[Reducer4]: Got 959336 bytes.
Awaiting simulation instructions...

Awaiting simulation instructions...

Awaiting simulation instructions...

Awaiting simulation instructions...

6 RECEIVE 900 1449452576463 

[Reducer4]: Got 91136 bytes.
6 RECEIVE 1000 1449452590553 

[Reducer4]: Got 184232 bytes.
6 RECEIVE 1100 1449452609872 

[Reducer4]: Got 378264 bytes.
6 RECEIVE 800 1449452621399 

[Reducer4]: Got 958312 bytes.
Awaiting simulation instructions...

Awaiting simulation instructions...

Awaiting simulation instructions...

Awaiting simulation instructions...

6 RECEIVE 1300 1449452636920 

[Reducer4]: Got 91136 bytes.
6 RECEIVE 1400 1449452649708 

[Reducer4]: Got 185256 bytes.
6 RECEIVE 1500 1449452666146 

[Reducer4]: Got 376392 bytes.
6 RECEIVE 1200 1449452679773 

[Reducer4]: Got 955416 bytes.
Awaiting simulation instructions...

Awaiting simulation instructions...

Awaiting simulation instructions...

Awaiting simulation instructions...

6 RECEIVE 1700 1449452696547 

[Reducer4]: Got 91136 bytes.
6 RECEIVE 1800 1449452710051 

[Reducer4]: Got 185256 bytes.
6 RECEIVE 1900 1449452727207 

[Reducer4]: Got 375368 bytes.
6 RECEIVE 1600 1449452741998 

[Reducer4]: Got 955416 bytes.
Awaiting simulation instructions...

Awaiting simulation instructions...

Awaiting simulation instructions...

Awaiting simulation instructions...

6 RECEIVE 2100 1449452755477 

[Reducer4]: Got 89512 bytes.
6 RECEIVE 2200 1449452771340 

[Reducer4]: Got 185256 bytes.
6 RECEIVE 2300 1449452787918 

[Reducer4]: Got 377416 bytes.
6 RECEIVE 2000 1449452801451 

[Reducer4]: Got 957464 bytes.
Awaiting simulation instructions...

Awaiting simulation instructions...

Awaiting simulation instructions...

Awaiting simulation instructions...

6 RECEIVE 2500 1449452814459 

[Reducer4]: Got 89512 bytes.
6 RECEIVE 2600 1449452829386 

[Reducer4]: Got 185256 bytes.
6 RECEIVE 2700 1449452846102 

[Reducer4]: Got 375368 bytes.
6 RECEIVE 2400 1449452862145 

[Reducer4]: Got 955416 bytes.
Awaiting simulation instructions...

Awaiting simulation instructions...

Awaiting simulation instructions...

Awaiting simulation instructions...

6 RECEIVE 2900 1449452875597 

[Reducer4]: Got 89512 bytes.
[Reducer4]: Got 185256 bytes.
6 RECEIVE 3000 1449452890965 

6 RECEIVE 3100 1449452908492 

[Reducer4]: Got 378264 bytes.
6 RECEIVE 2800 1449452920985 

[Reducer4]: Got 956440 bytes.
Awaiting simulation instructions...

Awaiting simulation instructions...

Awaiting simulation instructions...

Awaiting simulation instructions...

6 RECEIVE 3300 1449452937293 

[Reducer4]: Got 91136 bytes.
6 RECEIVE 3400 1449452951749 

[Reducer4]: Got 186280 bytes.
6 RECEIVE 3500 1449452969660 

[Reducer4]: Got 377416 bytes.
6 RECEIVE 3200 1449452981905 

[Reducer4]: Got 952360 bytes.
Awaiting simulation instructions...

Awaiting simulation instructions...

Awaiting simulation instructions...

Awaiting simulation instructions...

6 RECEIVE 3700 1449452998434 

[Reducer4]: Got 91136 bytes.
6 RECEIVE 3800 1449453011377 

[Reducer4]: Got 186280 bytes.
6 RECEIVE 3900 1449453028448 

[Reducer4]: Got 377416 bytes.
6 RECEIVE 3600 1449453042622 

[Reducer4]: Got 955416 bytes.
Awaiting simulation instructions...

Awaiting simulation instructions...

Awaiting simulation instructions...

Awaiting simulation instructions...

6 RECEIVE 4100 1449453056135 

[Reducer4]: Got 89512 bytes.
[Reducer4]: Got 183384 bytes.
6 RECEIVE 4200 1449453071933 

6 RECEIVE 4300 1449453089337 

[Reducer4]: Got 377416 bytes.
6 RECEIVE 4000 1449453102461 

[Reducer4]: Got 955416 bytes.
Slave finished all tasks and exited.
logger exit
