Awaiting simulation instructions...

Awaiting simulation instructions...

Awaiting simulation instructions...

Awaiting simulation instructions...

Awaiting simulation instructions...

7 RECEIVE 100 1449452455089 

[Reducer5]: Got 88488 bytes.
7 RECEIVE 200 1449452466307 

[Reducer5]: Got 184072 bytes.
7 RECEIVE 300 1449452477984 

[Reducer5]: Got 378088 bytes.
7 RECEIVE 0 1449452499695 

[Reducer5]: Got 956440 bytes.
Awaiting simulation instructions...

Awaiting simulation instructions...

Awaiting simulation instructions...

Awaiting simulation instructions...

7 RECEIVE 500 1449452517472 

[Reducer5]: Got 90112 bytes.
7 RECEIVE 600 1449452531262 

[Reducer5]: Got 184232 bytes.
7 RECEIVE 700 1449452547314 

[Reducer5]: Got 376392 bytes.
7 RECEIVE 400 1449452559817 

[Reducer5]: Got 956264 bytes.
Awaiting simulation instructions...

Awaiting simulation instructions...

Awaiting simulation instructions...

Awaiting simulation instructions...

7 RECEIVE 900 1449452577029 

[Reducer5]: Got 91136 bytes.
[Reducer5]: Got 184232 bytes.
7 RECEIVE 1000 1449452590368 

7 RECEIVE 1100 1449452607473 

[Reducer5]: Got 377416 bytes.
7 RECEIVE 800 1449452620807 

[Reducer5]: Got 954392 bytes.
Awaiting simulation instructions...

Awaiting simulation instructions...

Awaiting simulation instructions...

Awaiting simulation instructions...

7 RECEIVE 1300 1449452636964 

[Reducer5]: Got 91136 bytes.
7 RECEIVE 1400 1449452649903 

[Reducer5]: Got 186280 bytes.
7 RECEIVE 1500 1449452665271 

[Reducer5]: Got 378264 bytes.
7 RECEIVE 1200 1449452678918 

[Reducer5]: Got 956440 bytes.
Awaiting simulation instructions...

Awaiting simulation instructions...

Awaiting simulation instructions...

Awaiting simulation instructions...

7 RECEIVE 1700 1449452696708 

[Reducer5]: Got 91136 bytes.
7 RECEIVE 1800 1449452710471 

[Reducer5]: Got 185256 bytes.
7 RECEIVE 1900 1449452727629 

[Reducer5]: Got 379288 bytes.
7 RECEIVE 1600 1449452741522 

[Reducer5]: Got 957288 bytes.
Awaiting simulation instructions...

Awaiting simulation instructions...

Awaiting simulation instructions...

Awaiting simulation instructions...

7 RECEIVE 2100 1449452755785 

[Reducer5]: Got 89512 bytes.
7 RECEIVE 2200 1449452771701 

[Reducer5]: Got 185256 bytes.
7 RECEIVE 2300 1449452787444 

[Reducer5]: Got 378264 bytes.
7 RECEIVE 2000 1449452796654 

[Reducer5]: Got 900392 bytes.
Awaiting simulation instructions...

Awaiting simulation instructions...

Awaiting simulation instructions...

Awaiting simulation instructions...

7 RECEIVE 2500 1449452816988 

[Reducer5]: Got 91136 bytes.
7 RECEIVE 2600 1449452829357 

[Reducer5]: Got 185256 bytes.
7 RECEIVE 2700 1449452846219 

[Reducer5]: Got 376392 bytes.
7 RECEIVE 2400 1449452859855 

[Reducer5]: Got 954568 bytes.
Awaiting simulation instructions...

Awaiting simulation instructions...

Awaiting simulation instructions...

Awaiting simulation instructions...

7 RECEIVE 2900 1449452876273 

[Reducer5]: Got 89512 bytes.
7 RECEIVE 3000 1449452890747 

[Reducer5]: Got 185080 bytes.
7 RECEIVE 3100 1449452908928 

[Reducer5]: Got 378264 bytes.
7 RECEIVE 2800 1449452921858 

[Reducer5]: Got 957288 bytes.
Awaiting simulation instructions...

Awaiting simulation instructions...

Awaiting simulation instructions...

Awaiting simulation instructions...

7 RECEIVE 3300 1449452937453 

[Reducer5]: Got 91136 bytes.
7 RECEIVE 3400 1449452952151 

[Reducer5]: Got 184232 bytes.
7 RECEIVE 3500 1449452969477 

[Reducer5]: Got 378264 bytes.
7 RECEIVE 3200 1449452982213 

[Reducer5]: Got 955256 bytes.
Awaiting simulation instructions...

Awaiting simulation instructions...

Awaiting simulation instructions...

Awaiting simulation instructions...

7 RECEIVE 3700 1449452997741 

[Reducer5]: Got 91136 bytes.
7 RECEIVE 3800 1449453011328 

[Reducer5]: Got 186280 bytes.
7 RECEIVE 3900 1449453029522 

[Reducer5]: Got 379288 bytes.
7 RECEIVE 3600 1449453042438 

[Reducer5]: Got 956440 bytes.
Awaiting simulation instructions...

Awaiting simulation instructions...

Awaiting simulation instructions...

Awaiting simulation instructions...

7 RECEIVE 4100 1449453056239 

[Reducer5]: Got 89512 bytes.
7 RECEIVE 4200 1449453072032 

[Reducer5]: Got 184232 bytes.
7 RECEIVE 4300 1449453089442 

[Reducer5]: Got 377416 bytes.
7 RECEIVE 4000 1449453102927 

[Reducer5]: Got 955416 bytes.
Slave finished all tasks and exited.
logger exit
