Awaiting simulation instructions...

Awaiting simulation instructions...

Awaiting simulation instructions...

Awaiting simulation instructions...

Awaiting simulation instructions...

8 RECEIVE 100 1449452452598 

[Reducer6]: Got 88504 bytes.
8 RECEIVE 200 1449452468526 

[Reducer6]: Got 184056 bytes.
8 RECEIVE 300 1449452478593 

[Reducer6]: Got 375208 bytes.
8 RECEIVE 0 1449452499685 

[Reducer6]: Got 956440 bytes.
Awaiting simulation instructions...

Awaiting simulation instructions...

Awaiting simulation instructions...

Awaiting simulation instructions...

8 RECEIVE 500 1449452517624 

[Reducer6]: Got 90112 bytes.
[Reducer6]: Got 184232 bytes.
8 RECEIVE 600 1449452531321 

8 RECEIVE 700 1449452547726 

[Reducer6]: Got 378264 bytes.
8 RECEIVE 400 1449452556784 

[Reducer6]: Got 953368 bytes.
Awaiting simulation instructions...

Awaiting simulation instructions...

Awaiting simulation instructions...

Awaiting simulation instructions...

8 RECEIVE 900 1449452576643 

[Reducer6]: Got 91136 bytes.
8 RECEIVE 1000 1449452590164 

[Reducer6]: Got 185256 bytes.
8 RECEIVE 1100 1449452606810 

[Reducer6]: Got 378264 bytes.
8 RECEIVE 800 1449452619051 

[Reducer6]: Got 954568 bytes.
Awaiting simulation instructions...

Awaiting simulation instructions...

Awaiting simulation instructions...

Awaiting simulation instructions...

8 RECEIVE 1300 1449452634676 

[Reducer6]: Got 89512 bytes.
8 RECEIVE 1400 1449452649795 

[Reducer6]: Got 185256 bytes.
8 RECEIVE 1500 1449452665839 

[Reducer6]: Got 376816 bytes.
8 RECEIVE 1200 1449452678812 

[Reducer6]: Got 956440 bytes.
Awaiting simulation instructions...

Awaiting simulation instructions...

Awaiting simulation instructions...

Awaiting simulation instructions...

8 RECEIVE 1700 1449452694878 

[Reducer6]: Got 89512 bytes.
8 RECEIVE 1800 1449452710933 

[Reducer6]: Got 185944 bytes.
8 RECEIVE 1900 1449452727706 

[Reducer6]: Got 379288 bytes.
8 RECEIVE 1600 1449452735347 

[Reducer6]: Got 954904 bytes.
Awaiting simulation instructions...

Awaiting simulation instructions...

Awaiting simulation instructions...

Awaiting simulation instructions...

8 RECEIVE 2100 1449452755888 

[Reducer6]: Got 89512 bytes.
8 RECEIVE 2200 1449452771350 

[Reducer6]: Got 184232 bytes.
8 RECEIVE 2300 1449452787627 

[Reducer6]: Got 378264 bytes.
8 RECEIVE 2000 1449452800317 

[Reducer6]: Got 957288 bytes.
Awaiting simulation instructions...

Awaiting simulation instructions...

Awaiting simulation instructions...

Awaiting simulation instructions...

8 RECEIVE 2500 1449452816046 

[Reducer6]: Got 91136 bytes.
8 RECEIVE 2600 1449452829638 

[Reducer6]: Got 185256 bytes.
8 RECEIVE 2700 1449452847075 

[Reducer6]: Got 379288 bytes.
8 RECEIVE 2400 1449452861561 

[Reducer6]: Got 955416 bytes.
Awaiting simulation instructions...

Awaiting simulation instructions...

Awaiting simulation instructions...

Awaiting simulation instructions...

8 RECEIVE 2900 1449452877893 

[Reducer6]: Got 91136 bytes.
8 RECEIVE 3000 1449452891730 

[Reducer6]: Got 184232 bytes.
8 RECEIVE 3100 1449452908744 

[Reducer6]: Got 378264 bytes.
8 RECEIVE 2800 1449452919291 

[Reducer6]: Got 958152 bytes.
Awaiting simulation instructions...

Awaiting simulation instructions...

Awaiting simulation instructions...

Awaiting simulation instructions...

8 RECEIVE 3300 1449452936375 

[Reducer6]: Got 88488 bytes.
8 RECEIVE 3400 1449452952014 

[Reducer6]: Got 184232 bytes.
8 RECEIVE 3500 1449452969351 

[Reducer6]: Got 377416 bytes.
8 RECEIVE 3200 1449452978573 

[Reducer6]: Got 953880 bytes.
Awaiting simulation instructions...

Awaiting simulation instructions...

Awaiting simulation instructions...

Awaiting simulation instructions...

8 RECEIVE 3700 1449452996672 

[Reducer6]: Got 91136 bytes.
8 RECEIVE 3800 1449453011611 

[Reducer6]: Got 185256 bytes.
8 RECEIVE 3900 1449453028898 

[Reducer6]: Got 378264 bytes.
8 RECEIVE 3600 1449453037355 

[Reducer6]: Got 956776 bytes.
Awaiting simulation instructions...

Awaiting simulation instructions...

Awaiting simulation instructions...

Awaiting simulation instructions...

8 RECEIVE 4100 1449453057732 

[Reducer6]: Got 91136 bytes.
8 RECEIVE 4200 1449453071269 

[Reducer6]: Got 183384 bytes.
8 RECEIVE 4300 1449453089757 

[Reducer6]: Got 376392 bytes.
8 RECEIVE 4000 1449453096772 

[Reducer6]: Got 956000 bytes.
Slave finished all tasks and exited.
logger exit
