Awaiting simulation instructions...

Awaiting simulation instructions...

Awaiting simulation instructions...

Awaiting simulation instructions...

Awaiting simulation instructions...

5 RECEIVE 100 1449452453286 

[Reducer3]: Got 88488 bytes.
5 RECEIVE 200 1449452464134 

[Reducer3]: Got 185080 bytes.
5 RECEIVE 300 1449452482160 

[Reducer3]: Got 373320 bytes.
5 RECEIVE 0 1449452496661 

[Reducer3]: Got 955256 bytes.
Awaiting simulation instructions...

Awaiting simulation instructions...

Awaiting simulation instructions...

Awaiting simulation instructions...

5 RECEIVE 500 1449452516667 

[Reducer3]: Got 90112 bytes.
5 RECEIVE 600 1449452531530 

[Reducer3]: Got 185256 bytes.
5 RECEIVE 700 1449452547070 

[Reducer3]: Got 376392 bytes.
5 RECEIVE 400 1449452560118 

[Reducer3]: Got 957792 bytes.
Awaiting simulation instructions...

Awaiting simulation instructions...

Awaiting simulation instructions...

Awaiting simulation instructions...

5 RECEIVE 900 1449452574495 

[Reducer3]: Got 89512 bytes.
5 RECEIVE 1000 1449452590475 

[Reducer3]: Got 184232 bytes.
5 RECEIVE 1100 1449452606946 

[Reducer3]: Got 376392 bytes.
5 RECEIVE 800 1449452618460 

[Reducer3]: Got 956616 bytes.
Awaiting simulation instructions...

Awaiting simulation instructions...

Awaiting simulation instructions...

Awaiting simulation instructions...

5 RECEIVE 1300 1449452635952 

[Reducer3]: Got 91136 bytes.
5 RECEIVE 1400 1449452649961 

[Reducer3]: Got 185256 bytes.
5 RECEIVE 1500 1449452665634 

[Reducer3]: Got 378264 bytes.
5 RECEIVE 1200 1449452673136 

[Reducer3]: Got 959752 bytes.
Awaiting simulation instructions...

Awaiting simulation instructions...

Awaiting simulation instructions...

Awaiting simulation instructions...

5 RECEIVE 1700 1449452694936 

[Reducer3]: Got 89512 bytes.
5 RECEIVE 1800 1449452710187 

[Reducer3]: Got 185256 bytes.
5 RECEIVE 1900 1449452726813 

[Reducer3]: Got 378264 bytes.
5 RECEIVE 1600 1449452739098 

[Reducer3]: Got 957304 bytes.
Awaiting simulation instructions...

Awaiting simulation instructions...

Awaiting simulation instructions...

Awaiting simulation instructions...

5 RECEIVE 2100 1449452755352 

[Reducer3]: Got 88488 bytes.
5 RECEIVE 2200 1449452771505 

[Reducer3]: Got 185256 bytes.
5 RECEIVE 2300 1449452787291 

[Reducer3]: Got 376392 bytes.
5 RECEIVE 2000 1449452801122 

[Reducer3]: Got 955592 bytes.
Awaiting simulation instructions...

Awaiting simulation instructions...

Awaiting simulation instructions...

Awaiting simulation instructions...

5 RECEIVE 2500 1449452814355 

[Reducer3]: Got 89512 bytes.
5 RECEIVE 2600 1449452829609 

[Reducer3]: Got 184232 bytes.
5 RECEIVE 2700 1449452846409 

[Reducer3]: Got 378264 bytes.
5 RECEIVE 2400 1449452861116 

[Reducer3]: Got 954568 bytes.
Awaiting simulation instructions...

Awaiting simulation instructions...

Awaiting simulation instructions...

Awaiting simulation instructions...

5 RECEIVE 2900 1449452875176 

[Reducer3]: Got 89512 bytes.
5 RECEIVE 3000 1449452891334 

[Reducer3]: Got 184232 bytes.
[Reducer3]: Got 377416 bytes.
5 RECEIVE 3100 1449452908233 

5 RECEIVE 2800 1449452921877 

[Reducer3]: Got 956440 bytes.
Awaiting simulation instructions...

Awaiting simulation instructions...

Awaiting simulation instructions...

Awaiting simulation instructions...

5 RECEIVE 3300 1449452938202 

[Reducer3]: Got 91136 bytes.
5 RECEIVE 3400 1449452951710 

[Reducer3]: Got 185256 bytes.
[Reducer3]: Got 377416 bytes.
5 RECEIVE 3500 1449452969062 

5 RECEIVE 3200 1449452980261 

[Reducer3]: Got 957288 bytes.
Awaiting simulation instructions...

Awaiting simulation instructions...

Awaiting simulation instructions...

Awaiting simulation instructions...

5 RECEIVE 3700 1449452995340 

[Reducer3]: Got 89512 bytes.
5 RECEIVE 3800 1449453011786 

[Reducer3]: Got 185256 bytes.
[Reducer3]: Got 377416 bytes.
5 RECEIVE 3900 1449453028745 

5 RECEIVE 3600 1449453042214 

[Reducer3]: Got 955416 bytes.
Awaiting simulation instructions...

Awaiting simulation instructions...

Awaiting simulation instructions...

Awaiting simulation instructions...

5 RECEIVE 4100 1449453055685 

[Reducer3]: Got 89512 bytes.
5 RECEIVE 4200 1449453071580 

[Reducer3]: Got 184232 bytes.
[Reducer3]: Got 376392 bytes.
5 RECEIVE 4300 1449453088820 

5 RECEIVE 4000 1449453097102 

[Reducer3]: Got 957800 bytes.
Slave finished all tasks and exited.
logger exit
