Awaiting simulation instructions...

Awaiting simulation instructions...

Awaiting simulation instructions...

Awaiting simulation instructions...

Awaiting simulation instructions...

9 RECEIVE 100 1449452454057 

[Reducer7]: Got 88488 bytes.
9 RECEIVE 200 1449452469034 

[Reducer7]: Got 184056 bytes.
9 RECEIVE 300 1449452479851 

[Reducer7]: Got 377240 bytes.
9 RECEIVE 0 1449452499743 

[Reducer7]: Got 955256 bytes.
Awaiting simulation instructions...

Awaiting simulation instructions...

Awaiting simulation instructions...

Awaiting simulation instructions...

9 RECEIVE 500 1449452517899 

[Reducer7]: Got 91560 bytes.
9 RECEIVE 600 1449452531399 

[Reducer7]: Got 184232 bytes.
9 RECEIVE 700 1449452547755 

[Reducer7]: Got 378264 bytes.
9 RECEIVE 400 1449452560699 

[Reducer7]: Got 955256 bytes.
Awaiting simulation instructions...

Awaiting simulation instructions...

Awaiting simulation instructions...

Awaiting simulation instructions...

9 RECEIVE 900 1449452574317 

[Reducer7]: Got 89512 bytes.
9 RECEIVE 1000 1449452590819 

[Reducer7]: Got 184232 bytes.
9 RECEIVE 1100 1449452607589 

[Reducer7]: Got 378264 bytes.
9 RECEIVE 800 1449452619197 

[Reducer7]: Got 954568 bytes.
Awaiting simulation instructions...

Awaiting simulation instructions...

Awaiting simulation instructions...

Awaiting simulation instructions...

9 RECEIVE 1300 1449452635002 

[Reducer7]: Got 89512 bytes.
9 RECEIVE 1400 1449452649474 

[Reducer7]: Got 186280 bytes.
9 RECEIVE 1500 1449452666366 

[Reducer7]: Got 376392 bytes.
9 RECEIVE 1200 1449452678841 

[Reducer7]: Got 957288 bytes.
Awaiting simulation instructions...

Awaiting simulation instructions...

Awaiting simulation instructions...

Awaiting simulation instructions...

9 RECEIVE 1700 1449452694999 

[Reducer7]: Got 89512 bytes.
9 RECEIVE 1800 1449452710539 

[Reducer7]: Got 185256 bytes.
9 RECEIVE 1900 1449452727553 

[Reducer7]: Got 379288 bytes.
9 RECEIVE 1600 1449452741347 

[Reducer7]: Got 956440 bytes.
Awaiting simulation instructions...

Awaiting simulation instructions...

Awaiting simulation instructions...

Awaiting simulation instructions...

9 RECEIVE 2100 1449452757192 

[Reducer7]: Got 91136 bytes.
9 RECEIVE 2200 1449452771145 

[Reducer7]: Got 185256 bytes.
9 RECEIVE 2300 1449452787588 

[Reducer7]: Got 378264 bytes.
9 RECEIVE 2000 1449452800327 

[Reducer7]: Got 957288 bytes.
Awaiting simulation instructions...

Awaiting simulation instructions...

Awaiting simulation instructions...

Awaiting simulation instructions...

9 RECEIVE 2500 1449452816451 

[Reducer7]: Got 91136 bytes.
9 RECEIVE 2600 1449452829279 

[Reducer7]: Got 186280 bytes.
[Reducer7]: Got 379288 bytes.
9 RECEIVE 2700 1449452846766 

9 RECEIVE 2400 1449452861707 

[Reducer7]: Got 958312 bytes.
Awaiting simulation instructions...

Awaiting simulation instructions...

Awaiting simulation instructions...

Awaiting simulation instructions...

9 RECEIVE 2900 1449452877181 

[Reducer7]: Got 90112 bytes.
9 RECEIVE 3000 1449452891156 

[Reducer7]: Got 184232 bytes.
9 RECEIVE 3100 1449452908598 

[Reducer7]: Got 378264 bytes.
9 RECEIVE 2800 1449452921024 

[Reducer7]: Got 954392 bytes.
Awaiting simulation instructions...

Awaiting simulation instructions...

Awaiting simulation instructions...

Awaiting simulation instructions...

[Reducer7]: Got 88488 bytes.
9 RECEIVE 3300 1449452936223 

9 RECEIVE 3400 1449452951937 

[Reducer7]: Got 184232 bytes.
9 RECEIVE 3500 1449452969274 

[Reducer7]: Got 378264 bytes.
9 RECEIVE 3200 1449452978883 

[Reducer7]: Got 953880 bytes.
Awaiting simulation instructions...

Awaiting simulation instructions...

Awaiting simulation instructions...

Awaiting simulation instructions...

9 RECEIVE 3700 1449452997666 

[Reducer7]: Got 91136 bytes.
9 RECEIVE 3800 1449453011942 

[Reducer7]: Got 185256 bytes.
9 RECEIVE 3900 1449453029216 

[Reducer7]: Got 379288 bytes.
9 RECEIVE 3600 1449453035930 

[Reducer7]: Got 957944 bytes.
Awaiting simulation instructions...

Awaiting simulation instructions...

Awaiting simulation instructions...

Awaiting simulation instructions...

9 RECEIVE 4100 1449453057904 

[Reducer7]: Got 91136 bytes.
9 RECEIVE 4200 1449453071307 

[Reducer7]: Got 184232 bytes.
9 RECEIVE 4300 1449453089039 

[Reducer7]: Got 377416 bytes.
9 RECEIVE 4000 1449453101416 

[Reducer7]: Got 957304 bytes.
Slave finished all tasks and exited.
logger exit
