Awaiting simulation instructions...

Awaiting simulation instructions...

Awaiting simulation instructions...

Awaiting simulation instructions...

Awaiting simulation instructions...

11 RECEIVE 100 1449452453927 

[Reducer9]: Got 88488 bytes.
11 RECEIVE 200 1449452469636 

[Reducer9]: Got 182184 bytes.
11 RECEIVE 300 1449452482208 

[Reducer9]: Got 374944 bytes.
11 RECEIVE 0 1449452499954 

[Reducer9]: Got 958432 bytes.
Awaiting simulation instructions...

Awaiting simulation instructions...

Awaiting simulation instructions...

Awaiting simulation instructions...

11 RECEIVE 500 1449452517592 

[Reducer9]: Got 91136 bytes.
11 RECEIVE 600 1449452531163 

[Reducer9]: Got 184232 bytes.
11 RECEIVE 700 1449452548033 

[Reducer9]: Got 377416 bytes.
11 RECEIVE 400 1449452561340 

[Reducer9]: Got 954408 bytes.
Awaiting simulation instructions...

Awaiting simulation instructions...

Awaiting simulation instructions...

Awaiting simulation instructions...

11 RECEIVE 900 1449452576284 

[Reducer9]: Got 91136 bytes.
11 RECEIVE 1000 1449452590988 

[Reducer9]: Got 184232 bytes.
11 RECEIVE 1100 1449452607425 

[Reducer9]: Got 378264 bytes.
11 RECEIVE 800 1449452620914 

[Reducer9]: Got 957288 bytes.
Awaiting simulation instructions...

Awaiting simulation instructions...

Awaiting simulation instructions...

Awaiting simulation instructions...

11 RECEIVE 1300 1449452637392 

[Reducer9]: Got 91136 bytes.
11 RECEIVE 1400 1449452650127 

[Reducer9]: Got 185256 bytes.
11 RECEIVE 1500 1449452665721 

[Reducer9]: Got 378264 bytes.
11 RECEIVE 1200 1449452678048 

[Reducer9]: Got 957304 bytes.
Awaiting simulation instructions...

Awaiting simulation instructions...

Awaiting simulation instructions...

Awaiting simulation instructions...

11 RECEIVE 1700 1449452696303 

[Reducer9]: Got 91136 bytes.
11 RECEIVE 1800 1449452710627 

[Reducer9]: Got 185256 bytes.
11 RECEIVE 1900 1449452727062 

[Reducer9]: Got 378264 bytes.
11 RECEIVE 1600 1449452741039 

[Reducer9]: Got 957288 bytes.
Awaiting simulation instructions...

Awaiting simulation instructions...

Awaiting simulation instructions...

Awaiting simulation instructions...

11 RECEIVE 2100 1449452756818 

[Reducer9]: Got 91136 bytes.
11 RECEIVE 2200 1449452771388 

[Reducer9]: Got 185256 bytes.
11 RECEIVE 2300 1449452788060 

[Reducer9]: Got 378264 bytes.
11 RECEIVE 2000 1449452800414 

[Reducer9]: Got 956440 bytes.
Awaiting simulation instructions...

Awaiting simulation instructions...

Awaiting simulation instructions...

Awaiting simulation instructions...

11 RECEIVE 2500 1449452816794 

[Reducer9]: Got 91136 bytes.
11 RECEIVE 2600 1449452829962 

[Reducer9]: Got 184232 bytes.
11 RECEIVE 2700 1449452846921 

[Reducer9]: Got 379288 bytes.
11 RECEIVE 2400 1449452862038 

[Reducer9]: Got 955416 bytes.
Awaiting simulation instructions...

Awaiting simulation instructions...

Awaiting simulation instructions...

Awaiting simulation instructions...

11 RECEIVE 2900 1449452877647 

[Reducer9]: Got 91136 bytes.
11 RECEIVE 3000 1449452891353 

[Reducer9]: Got 185256 bytes.
11 RECEIVE 3100 1449452908637 

[Reducer9]: Got 378264 bytes.
11 RECEIVE 2800 1449452921111 

[Reducer9]: Got 955592 bytes.
Awaiting simulation instructions...

Awaiting simulation instructions...

Awaiting simulation instructions...

Awaiting simulation instructions...

11 RECEIVE 3300 1449452937169 

[Reducer9]: Got 88488 bytes.
11 RECEIVE 3400 1449452952209 

[Reducer9]: Got 184232 bytes.
11 RECEIVE 3500 1449452969313 

[Reducer9]: Got 378264 bytes.
11 RECEIVE 3200 1449452981493 

[Reducer9]: Got 956440 bytes.
Awaiting simulation instructions...

Awaiting simulation instructions...

Awaiting simulation instructions...

Awaiting simulation instructions...

11 RECEIVE 3700 1449452998264 

[Reducer9]: Got 91136 bytes.
11 RECEIVE 3800 1449453011747 

[Reducer9]: Got 185256 bytes.
11 RECEIVE 3900 1449453028601 

[Reducer9]: Got 378264 bytes.
11 RECEIVE 3600 1449453042107 

[Reducer9]: Got 956440 bytes.
Awaiting simulation instructions...

Awaiting simulation instructions...

Awaiting simulation instructions...

Awaiting simulation instructions...

11 RECEIVE 4100 1449453058208 

[Reducer9]: Got 91136 bytes.
11 RECEIVE 4200 1449453072099 

[Reducer9]: Got 184232 bytes.
11 RECEIVE 4300 1449453089213 

[Reducer9]: Got 377416 bytes.
11 RECEIVE 4000 1449453102694 

[Reducer9]: Got 955416 bytes.
Slave finished all tasks and exited.
logger exit
