Awaiting simulation instructions...

Awaiting simulation instructions...

Awaiting simulation instructions...

Awaiting simulation instructions...

Awaiting simulation instructions...

6 RECEIVE 100 1449453157272 

[Reducer4]: Got 90376 bytes.
6 RECEIVE 200 1449453175490 

[Reducer4]: Got 182784 bytes.
6 RECEIVE 300 1449453182725 

[Reducer4]: Got 377080 bytes.
6 RECEIVE 0 1449453204725 

[Reducer4]: Got 955256 bytes.
Awaiting simulation instructions...

Awaiting simulation instructions...

Awaiting simulation instructions...

Awaiting simulation instructions...

6 RECEIVE 500 1449453221469 

[Reducer4]: Got 91560 bytes.
6 RECEIVE 600 1449453236509 

[Reducer4]: Got 186280 bytes.
6 RECEIVE 700 1449453252794 

[Reducer4]: Got 375368 bytes.
6 RECEIVE 400 1449453266398 

[Reducer4]: Got 954408 bytes.
Awaiting simulation instructions...

Awaiting simulation instructions...

Awaiting simulation instructions...

Awaiting simulation instructions...

[Reducer4]: Got 90112 bytes.
6 RECEIVE 900 1449453282151 

6 RECEIVE 1000 1449453295390 

[Reducer4]: Got 184232 bytes.
6 RECEIVE 1100 1449453309421 

[Reducer4]: Got 378264 bytes.
6 RECEIVE 800 1449453324488 

[Reducer4]: Got 956616 bytes.
Awaiting simulation instructions...

Awaiting simulation instructions...

Awaiting simulation instructions...

Awaiting simulation instructions...

6 RECEIVE 1300 1449453341422 

[Reducer4]: Got 88064 bytes.
6 RECEIVE 1400 1449453356534 

[Reducer4]: Got 182360 bytes.
[Reducer4]: Got 376392 bytes.
6 RECEIVE 1500 1449453371802 

6 RECEIVE 1200 1449453384298 

[Reducer4]: Got 957288 bytes.
Awaiting simulation instructions...

Awaiting simulation instructions...

Awaiting simulation instructions...

Awaiting simulation instructions...

6 RECEIVE 1700 1449453403323 

[Reducer4]: Got 90112 bytes.
6 RECEIVE 1800 1449453416776 

[Reducer4]: Got 183384 bytes.
6 RECEIVE 1900 1449453433214 

[Reducer4]: Got 377416 bytes.
6 RECEIVE 1600 1449453445729 

[Reducer4]: Got 957464 bytes.
Awaiting simulation instructions...

Awaiting simulation instructions...

Awaiting simulation instructions...

Awaiting simulation instructions...

6 RECEIVE 2100 1449453463584 

[Reducer4]: Got 90112 bytes.
6 RECEIVE 2200 1449453477567 

[Reducer4]: Got 184232 bytes.
6 RECEIVE 2300 1449453493260 

[Reducer4]: Got 378264 bytes.
6 RECEIVE 2000 1449453506855 

[Reducer4]: Got 956280 bytes.
Awaiting simulation instructions...

Awaiting simulation instructions...

Awaiting simulation instructions...

Awaiting simulation instructions...

6 RECEIVE 2500 1449453522627 

[Reducer4]: Got 90536 bytes.
6 RECEIVE 2600 1449453539543 

[Reducer4]: Got 185256 bytes.
6 RECEIVE 2700 1449453555254 

[Reducer4]: Got 377416 bytes.
6 RECEIVE 2400 1449453562634 

[Reducer4]: Got 959176 bytes.
Awaiting simulation instructions...

Awaiting simulation instructions...

Awaiting simulation instructions...

Awaiting simulation instructions...

6 RECEIVE 2900 1449453584653 

[Reducer4]: Got 91136 bytes.
6 RECEIVE 3000 1449453597859 

[Reducer4]: Got 183384 bytes.
6 RECEIVE 3100 1449453614886 

[Reducer4]: Got 377416 bytes.
6 RECEIVE 2800 1449453627155 

[Reducer4]: Got 956440 bytes.
Awaiting simulation instructions...

Awaiting simulation instructions...

Awaiting simulation instructions...

Awaiting simulation instructions...

6 RECEIVE 3300 1449453642734 

[Reducer4]: Got 89352 bytes.
6 RECEIVE 3400 1449453657281 

[Reducer4]: Got 184232 bytes.
6 RECEIVE 3500 1449453673747 

[Reducer4]: Got 375368 bytes.
6 RECEIVE 3200 1449453685625 

[Reducer4]: Got 956440 bytes.
Awaiting simulation instructions...

Awaiting simulation instructions...

Awaiting simulation instructions...

Awaiting simulation instructions...

[Reducer4]: Got 91136 bytes.
6 RECEIVE 3700 1449453704802 

6 RECEIVE 3800 1449453718458 

[Reducer4]: Got 185080 bytes.
6 RECEIVE 3900 1449453736368 

[Reducer4]: Got 375368 bytes.
6 RECEIVE 3600 1449453747421 

[Reducer4]: Got 954568 bytes.
Awaiting simulation instructions...

Awaiting simulation instructions...

Awaiting simulation instructions...

Awaiting simulation instructions...

6 RECEIVE 4100 1449453763629 

[Reducer4]: Got 88488 bytes.
6 RECEIVE 4200 1449453778775 

[Reducer4]: Got 184056 bytes.
6 RECEIVE 4300 1449453793365 

[Reducer4]: Got 377416 bytes.
6 RECEIVE 4000 1449453808709 

[Reducer4]: Got 957464 bytes.
Slave finished all tasks and exited.
logger exit
