Awaiting simulation instructions...

Awaiting simulation instructions...

Awaiting simulation instructions...

Awaiting simulation instructions...

Awaiting simulation instructions...

11 RECEIVE 100 1449453160263 

[Reducer9]: Got 90112 bytes.
11 RECEIVE 200 1449453170414 

[Reducer9]: Got 184920 bytes.
11 RECEIVE 300 1449453177615 

[Reducer9]: Got 378104 bytes.
11 RECEIVE 0 1449453203029 

[Reducer9]: Got 956280 bytes.
Awaiting simulation instructions...

Awaiting simulation instructions...

Awaiting simulation instructions...

Awaiting simulation instructions...

11 RECEIVE 500 1449453222262 

[Reducer9]: Got 91136 bytes.
11 RECEIVE 600 1449453236978 

[Reducer9]: Got 185256 bytes.
11 RECEIVE 700 1449453253804 

[Reducer9]: Got 377416 bytes.
[Reducer9]: Got 955256 bytes.
11 RECEIVE 400 1449453266098 

Awaiting simulation instructions...

Awaiting simulation instructions...

Awaiting simulation instructions...

Awaiting simulation instructions...

11 RECEIVE 900 1449453282285 

[Reducer9]: Got 89352 bytes.
11 RECEIVE 1000 1449453295331 

[Reducer9]: Got 183384 bytes.
[Reducer9]: Got 378264 bytes.
11 RECEIVE 1100 1449453309537 

11 RECEIVE 800 1449453324798 

[Reducer9]: Got 957464 bytes.
Awaiting simulation instructions...

Awaiting simulation instructions...

Awaiting simulation instructions...

Awaiting simulation instructions...

11 RECEIVE 1300 1449453342778 

[Reducer9]: Got 90112 bytes.
11 RECEIVE 1400 1449453356445 

[Reducer9]: Got 184232 bytes.
11 RECEIVE 1500 1449453372715 

[Reducer9]: Got 376392 bytes.
11 RECEIVE 1200 1449453386848 

[Reducer9]: Got 954392 bytes.
Awaiting simulation instructions...

Awaiting simulation instructions...

Awaiting simulation instructions...

Awaiting simulation instructions...

11 RECEIVE 1700 1449453403590 

[Reducer9]: Got 90112 bytes.
11 RECEIVE 1800 1449453417418 

[Reducer9]: Got 185256 bytes.
11 RECEIVE 1900 1449453434117 

[Reducer9]: Got 377416 bytes.
11 RECEIVE 1600 1449453446776 

[Reducer9]: Got 955256 bytes.
Awaiting simulation instructions...

Awaiting simulation instructions...

Awaiting simulation instructions...

Awaiting simulation instructions...

11 RECEIVE 2100 1449453464424 

[Reducer9]: Got 90112 bytes.
11 RECEIVE 2200 1449453477972 

[Reducer9]: Got 184232 bytes.
11 RECEIVE 2300 1449453493347 

[Reducer9]: Got 376392 bytes.
11 RECEIVE 2000 1449453505868 

[Reducer9]: Got 956440 bytes.
Awaiting simulation instructions...

Awaiting simulation instructions...

Awaiting simulation instructions...

Awaiting simulation instructions...

11 RECEIVE 2500 1449453523077 

[Reducer9]: Got 89512 bytes.
11 RECEIVE 2600 1449453539221 

[Reducer9]: Got 184232 bytes.
11 RECEIVE 2700 1449453555099 

[Reducer9]: Got 377416 bytes.
11 RECEIVE 2400 1449453567401 

[Reducer9]: Got 955256 bytes.
Awaiting simulation instructions...

Awaiting simulation instructions...

Awaiting simulation instructions...

Awaiting simulation instructions...

11 RECEIVE 2900 1449453583643 

[Reducer9]: Got 91384 bytes.
11 RECEIVE 3000 1449453598085 

[Reducer9]: Got 185256 bytes.
11 RECEIVE 3100 1449453615003 

[Reducer9]: Got 376392 bytes.
11 RECEIVE 2800 1449453627641 

[Reducer9]: Got 951672 bytes.
Awaiting simulation instructions...

Awaiting simulation instructions...

Awaiting simulation instructions...

Awaiting simulation instructions...

11 RECEIVE 3300 1449453641666 

[Reducer9]: Got 89512 bytes.
11 RECEIVE 3400 1449453657643 

[Reducer9]: Got 184232 bytes.
11 RECEIVE 3500 1449453674696 

[Reducer9]: Got 375368 bytes.
[Reducer9]: Got 957304 bytes.
11 RECEIVE 3200 1449453686982 

Awaiting simulation instructions...

Awaiting simulation instructions...

Awaiting simulation instructions...

Awaiting simulation instructions...

11 RECEIVE 3700 1449453704484 

[Reducer9]: Got 91136 bytes.
11 RECEIVE 3800 1449453719269 

[Reducer9]: Got 183384 bytes.
11 RECEIVE 3900 1449453735837 

[Reducer9]: Got 376392 bytes.
[Reducer9]: Got 950488 bytes.
11 RECEIVE 3600 1449453748941 

Awaiting simulation instructions...

Awaiting simulation instructions...

Awaiting simulation instructions...

Awaiting simulation instructions...

[Reducer9]: Got 91136 bytes.
11 RECEIVE 4100 1449453765570 

11 RECEIVE 4200 1449453779374 

[Reducer9]: Got 184232 bytes.
11 RECEIVE 4300 1449453793760 

[Reducer9]: Got 377416 bytes.
[Reducer9]: Got 955592 bytes.
11 RECEIVE 4000 1449453809634 

Slave finished all tasks and exited.
logger exit
