Awaiting simulation instructions...

Awaiting simulation instructions...

Awaiting simulation instructions...

Awaiting simulation instructions...

Awaiting simulation instructions...

4 RECEIVE 100 1449453160746 

[Reducer2]: Got 89352 bytes.
4 RECEIVE 200 1449453175767 

[Reducer2]: Got 182784 bytes.
4 RECEIVE 300 1449453185194 

[Reducer2]: Got 373744 bytes.
4 RECEIVE 0 1449453203591 

[Reducer2]: Got 959400 bytes.
Awaiting simulation instructions...

Awaiting simulation instructions...

Awaiting simulation instructions...

Awaiting simulation instructions...

4 RECEIVE 500 1449453219558 

[Reducer2]: Got 90536 bytes.
4 RECEIVE 600 1449453236763 

[Reducer2]: Got 185256 bytes.
4 RECEIVE 700 1449453253414 

[Reducer2]: Got 376392 bytes.
4 RECEIVE 400 1449453264766 

[Reducer2]: Got 955416 bytes.
Awaiting simulation instructions...

Awaiting simulation instructions...

Awaiting simulation instructions...

Awaiting simulation instructions...

4 RECEIVE 900 1449453279314 

[Reducer2]: Got 90536 bytes.
4 RECEIVE 1000 1449453294520 

[Reducer2]: Got 185080 bytes.
[Reducer2]: Got 375368 bytes.
4 RECEIVE 1100 1449453308968 

4 RECEIVE 800 1449453323553 

[Reducer2]: Got 955416 bytes.
Awaiting simulation instructions...

Awaiting simulation instructions...

Awaiting simulation instructions...

Awaiting simulation instructions...

4 RECEIVE 1300 1449453340236 

[Reducer2]: Got 90536 bytes.
4 RECEIVE 1400 1449453356633 

[Reducer2]: Got 183384 bytes.
4 RECEIVE 1500 1449453372571 

[Reducer2]: Got 376392 bytes.
4 RECEIVE 1200 1449453383377 

[Reducer2]: Got 957288 bytes.
Awaiting simulation instructions...

Awaiting simulation instructions...

Awaiting simulation instructions...

Awaiting simulation instructions...

[Reducer2]: Got 91136 bytes.
4 RECEIVE 1700 1449453402482 

4 RECEIVE 1800 1449453417034 

[Reducer2]: Got 184232 bytes.
4 RECEIVE 1900 1449453432973 

[Reducer2]: Got 377416 bytes.
4 RECEIVE 1600 1449453441676 

[Reducer2]: Got 918792 bytes.
Awaiting simulation instructions...

Awaiting simulation instructions...

Awaiting simulation instructions...

Awaiting simulation instructions...

4 RECEIVE 2100 1449453461205 

[Reducer2]: Got 89512 bytes.
4 RECEIVE 2200 1449453477312 

[Reducer2]: Got 181336 bytes.
4 RECEIVE 2300 1449453496246 

[Reducer2]: Got 378264 bytes.
4 RECEIVE 2000 1449453507728 

[Reducer2]: Got 952360 bytes.
Awaiting simulation instructions...

Awaiting simulation instructions...

Awaiting simulation instructions...

Awaiting simulation instructions...

4 RECEIVE 2500 1449453525349 

[Reducer2]: Got 91136 bytes.
4 RECEIVE 2600 1449453538554 

[Reducer2]: Got 186104 bytes.
4 RECEIVE 2700 1449453555495 

[Reducer2]: Got 376392 bytes.
4 RECEIVE 2400 1449453566237 

[Reducer2]: Got 955416 bytes.
Awaiting simulation instructions...

Awaiting simulation instructions...

Awaiting simulation instructions...

Awaiting simulation instructions...

4 RECEIVE 2900 1449453581527 

[Reducer2]: Got 90536 bytes.
4 RECEIVE 3000 1449453597095 

[Reducer2]: Got 184232 bytes.
4 RECEIVE 3100 1449453615328 

[Reducer2]: Got 375368 bytes.
4 RECEIVE 2800 1449453626844 

[Reducer2]: Got 956440 bytes.
Awaiting simulation instructions...

Awaiting simulation instructions...

Awaiting simulation instructions...

Awaiting simulation instructions...

4 RECEIVE 3300 1449453641949 

[Reducer2]: Got 91136 bytes.
4 RECEIVE 3400 1449453656889 

[Reducer2]: Got 187128 bytes.
4 RECEIVE 3500 1449453673601 

[Reducer2]: Got 374520 bytes.
4 RECEIVE 3200 1449453688300 

[Reducer2]: Got 954392 bytes.
Awaiting simulation instructions...

Awaiting simulation instructions...

Awaiting simulation instructions...

Awaiting simulation instructions...

4 RECEIVE 3700 1449453703538 

[Reducer2]: Got 88064 bytes.
4 RECEIVE 3800 1449453718642 

[Reducer2]: Got 185080 bytes.
4 RECEIVE 3900 1449453735801 

[Reducer2]: Got 375368 bytes.
4 RECEIVE 3600 1449453743719 

[Reducer2]: Got 955256 bytes.
Awaiting simulation instructions...

Awaiting simulation instructions...

Awaiting simulation instructions...

Awaiting simulation instructions...

[Reducer2]: Got 90536 bytes.
4 RECEIVE 4100 1449453761985 

4 RECEIVE 4200 1449453778493 

[Reducer2]: Got 186952 bytes.
4 RECEIVE 4300 1449453792732 

[Reducer2]: Got 375368 bytes.
4 RECEIVE 4000 1449453804859 

[Reducer2]: Got 928504 bytes.
Slave finished all tasks and exited.
logger exit
