Awaiting simulation instructions...

Awaiting simulation instructions...

Awaiting simulation instructions...

Awaiting simulation instructions...

Awaiting simulation instructions...

5 RECEIVE 100 1449453155368 

[Reducer3]: Got 90376 bytes.
5 RECEIVE 200 1449453173760 

[Reducer3]: Got 184056 bytes.
5 RECEIVE 300 1449453185879 

[Reducer3]: Got 379712 bytes.
5 RECEIVE 0 1449453204793 

[Reducer3]: Got 958488 bytes.
Awaiting simulation instructions...

Awaiting simulation instructions...

Awaiting simulation instructions...

Awaiting simulation instructions...

5 RECEIVE 500 1449453220147 

[Reducer3]: Got 90536 bytes.
5 RECEIVE 600 1449453236871 

[Reducer3]: Got 186280 bytes.
[Reducer3]: Got 377416 bytes.
5 RECEIVE 700 1449453252930 

5 RECEIVE 400 1449453263815 

[Reducer3]: Got 955240 bytes.
Awaiting simulation instructions...

Awaiting simulation instructions...

Awaiting simulation instructions...

Awaiting simulation instructions...

5 RECEIVE 900 1449453278927 

[Reducer3]: Got 90536 bytes.
5 RECEIVE 1000 1449453294599 

[Reducer3]: Got 187128 bytes.
5 RECEIVE 1100 1449453308824 

[Reducer3]: Got 378264 bytes.
5 RECEIVE 800 1449453323310 

[Reducer3]: Got 954392 bytes.
Awaiting simulation instructions...

Awaiting simulation instructions...

Awaiting simulation instructions...

Awaiting simulation instructions...

5 RECEIVE 1300 1449453341513 

[Reducer3]: Got 88488 bytes.
5 RECEIVE 1400 1449453356289 

[Reducer3]: Got 184232 bytes.
5 RECEIVE 1500 1449453371946 

[Reducer3]: Got 376392 bytes.
5 RECEIVE 1200 1449453384608 

[Reducer3]: Got 956440 bytes.
Awaiting simulation instructions...

Awaiting simulation instructions...

Awaiting simulation instructions...

Awaiting simulation instructions...

5 RECEIVE 1700 1449453401166 

[Reducer3]: Got 89512 bytes.
5 RECEIVE 1800 1449453416658 

[Reducer3]: Got 183208 bytes.
5 RECEIVE 1900 1449453433021 

[Reducer3]: Got 377416 bytes.
[Reducer3]: Got 883016 bytes.
5 RECEIVE 1600 1449453441901 

Awaiting simulation instructions...

Awaiting simulation instructions...

Awaiting simulation instructions...

Awaiting simulation instructions...

5 RECEIVE 2100 1449453461425 

[Reducer3]: Got 90536 bytes.
5 RECEIVE 2200 1449453477254 

[Reducer3]: Got 184056 bytes.
5 RECEIVE 2300 1449453492990 

[Reducer3]: Got 375368 bytes.
5 RECEIVE 2000 1449453507478 

[Reducer3]: Got 954408 bytes.
Awaiting simulation instructions...

Awaiting simulation instructions...

Awaiting simulation instructions...

Awaiting simulation instructions...

5 RECEIVE 2500 1449453523780 

[Reducer3]: Got 91560 bytes.
5 RECEIVE 2600 1449453539514 

[Reducer3]: Got 184232 bytes.
5 RECEIVE 2700 1449453555866 

[Reducer3]: Got 377416 bytes.
5 RECEIVE 2400 1449453566402 

[Reducer3]: Got 959336 bytes.
Awaiting simulation instructions...

Awaiting simulation instructions...

Awaiting simulation instructions...

Awaiting simulation instructions...

5 RECEIVE 2900 1449453582933 

[Reducer3]: Got 90536 bytes.
5 RECEIVE 3000 1449453597782 

[Reducer3]: Got 181336 bytes.
5 RECEIVE 3100 1449453614599 

[Reducer3]: Got 377416 bytes.
5 RECEIVE 2800 1449453623506 

[Reducer3]: Got 887784 bytes.
Awaiting simulation instructions...

Awaiting simulation instructions...

Awaiting simulation instructions...

Awaiting simulation instructions...

[Reducer3]: Got 91136 bytes.
5 RECEIVE 3300 1449453644190 

5 RECEIVE 3400 1449453657055 

[Reducer3]: Got 185256 bytes.
5 RECEIVE 3500 1449453674351 

[Reducer3]: Got 378264 bytes.
5 RECEIVE 3200 1449453688563 

[Reducer3]: Got 952520 bytes.
Awaiting simulation instructions...

Awaiting simulation instructions...

Awaiting simulation instructions...

Awaiting simulation instructions...

5 RECEIVE 3700 1449453703342 

[Reducer3]: Got 89512 bytes.
5 RECEIVE 3800 1449453718965 

[Reducer3]: Got 183208 bytes.
5 RECEIVE 3900 1449453736499 

[Reducer3]: Got 373496 bytes.
5 RECEIVE 3600 1449453745891 

[Reducer3]: Got 957288 bytes.
Awaiting simulation instructions...

Awaiting simulation instructions...

Awaiting simulation instructions...

Awaiting simulation instructions...

5 RECEIVE 4100 1449453763987 

[Reducer3]: Got 89512 bytes.
5 RECEIVE 4200 1449453778208 

[Reducer3]: Got 185080 bytes.
5 RECEIVE 4300 1449453792963 

[Reducer3]: Got 373496 bytes.
[Reducer3]: Got 954568 bytes.
5 RECEIVE 4000 1449453809348 

Slave finished all tasks and exited.
logger exit
