Awaiting simulation instructions...

Awaiting simulation instructions...

Awaiting simulation instructions...

Awaiting simulation instructions...

Awaiting simulation instructions...

7 RECEIVE 100 1449453157434 

[Reducer5]: Got 89512 bytes.
7 RECEIVE 200 1449453173647 

[Reducer5]: Got 186704 bytes.
7 RECEIVE 300 1449453182016 

[Reducer5]: Got 376280 bytes.
[Reducer5]: Got 958152 bytes.
7 RECEIVE 0 1449453202476 

Awaiting simulation instructions...

Awaiting simulation instructions...

Awaiting simulation instructions...

Awaiting simulation instructions...

7 RECEIVE 500 1449453222835 

[Reducer5]: Got 91136 bytes.
[Reducer5]: Got 183384 bytes.
7 RECEIVE 600 1449453236412 

7 RECEIVE 700 1449453253534 

[Reducer5]: Got 376392 bytes.
7 RECEIVE 400 1449453264980 

[Reducer5]: Got 955168 bytes.
Awaiting simulation instructions...

Awaiting simulation instructions...

Awaiting simulation instructions...

Awaiting simulation instructions...

7 RECEIVE 900 1449453282399 

[Reducer5]: Got 90112 bytes.
7 RECEIVE 1000 1449453295134 

[Reducer5]: Got 186104 bytes.
7 RECEIVE 1100 1449453308671 

[Reducer5]: Got 376392 bytes.
7 RECEIVE 800 1449453323864 

[Reducer5]: Got 955592 bytes.
Awaiting simulation instructions...

Awaiting simulation instructions...

Awaiting simulation instructions...

Awaiting simulation instructions...

7 RECEIVE 1300 1449453341187 

[Reducer5]: Got 89512 bytes.
7 RECEIVE 1400 1449453356701 

[Reducer5]: Got 183384 bytes.
7 RECEIVE 1500 1449453372851 

[Reducer5]: Got 378264 bytes.
7 RECEIVE 1200 1449453382030 

[Reducer5]: Got 958664 bytes.
Awaiting simulation instructions...

Awaiting simulation instructions...

Awaiting simulation instructions...

Awaiting simulation instructions...

7 RECEIVE 1700 1449453402884 

[Reducer5]: Got 91136 bytes.
7 RECEIVE 1800 1449453417183 

[Reducer5]: Got 185256 bytes.
7 RECEIVE 1900 1449453433396 

[Reducer5]: Got 373496 bytes.
7 RECEIVE 1600 1449453445255 

[Reducer5]: Got 958312 bytes.
Awaiting simulation instructions...

Awaiting simulation instructions...

Awaiting simulation instructions...

Awaiting simulation instructions...

7 RECEIVE 2100 1449453463538 

[Reducer5]: Got 90112 bytes.
7 RECEIVE 2200 1449453478071 

[Reducer5]: Got 184232 bytes.
7 RECEIVE 2300 1449453492856 

[Reducer5]: Got 378264 bytes.
7 RECEIVE 2000 1449453505093 

[Reducer5]: Got 951672 bytes.
Awaiting simulation instructions...

Awaiting simulation instructions...

Awaiting simulation instructions...

Awaiting simulation instructions...

7 RECEIVE 2500 1449453524508 

[Reducer5]: Got 91136 bytes.
7 RECEIVE 2600 1449453539358 

[Reducer5]: Got 184232 bytes.
[Reducer5]: Got 375368 bytes.
7 RECEIVE 2700 1449453555564 

7 RECEIVE 2400 1449453566713 

[Reducer5]: Got 956616 bytes.
Awaiting simulation instructions...

Awaiting simulation instructions...

Awaiting simulation instructions...

Awaiting simulation instructions...

7 RECEIVE 2900 1449453581399 

[Reducer5]: Got 90536 bytes.
7 RECEIVE 3000 1449453598027 

[Reducer5]: Got 184056 bytes.
7 RECEIVE 3100 1449453615195 

[Reducer5]: Got 374520 bytes.
7 RECEIVE 2800 1449453627466 

[Reducer5]: Got 955592 bytes.
Awaiting simulation instructions...

Awaiting simulation instructions...

Awaiting simulation instructions...

Awaiting simulation instructions...

7 RECEIVE 3300 1449453643817 

[Reducer5]: Got 91400 bytes.
[Reducer5]: Got 184232 bytes.
7 RECEIVE 3400 1449453657163 

7 RECEIVE 3500 1449453673900 

[Reducer5]: Got 375368 bytes.
7 RECEIVE 3200 1449453685266 

[Reducer5]: Got 957288 bytes.
Awaiting simulation instructions...

Awaiting simulation instructions...

Awaiting simulation instructions...

Awaiting simulation instructions...

7 RECEIVE 3700 1449453705755 

[Reducer5]: Got 91136 bytes.
7 RECEIVE 3800 1449453719348 

[Reducer5]: Got 184232 bytes.
7 RECEIVE 3900 1449453736222 

[Reducer5]: Got 374520 bytes.
7 RECEIVE 3600 1449453747935 

[Reducer5]: Got 955256 bytes.
Awaiting simulation instructions...

Awaiting simulation instructions...

Awaiting simulation instructions...

Awaiting simulation instructions...

7 RECEIVE 4100 1449453764285 

[Reducer5]: Got 89512 bytes.
7 RECEIVE 4200 1449453778913 

[Reducer5]: Got 185080 bytes.
7 RECEIVE 4300 1449453793923 

[Reducer5]: Got 379288 bytes.
7 RECEIVE 4000 1449453807903 

[Reducer5]: Got 954568 bytes.
Slave finished all tasks and exited.
logger exit
