Awaiting simulation instructions...

Awaiting simulation instructions...

Awaiting simulation instructions...

6 RECEIVE 100 1449449434553 

[Reducer4]: Got 89352 bytes.
6 RECEIVE 0 1449449466893 

[Reducer4]: Got 958152 bytes.
Awaiting simulation instructions...

Awaiting simulation instructions...

6 RECEIVE 300 1449449479065 

[Reducer4]: Got 91560 bytes.
6 RECEIVE 200 1449449506292 

[Reducer4]: Got 957040 bytes.
Awaiting simulation instructions...

Awaiting simulation instructions...

6 RECEIVE 500 1449449519283 

[Reducer4]: Got 91560 bytes.
6 RECEIVE 400 1449449546145 

[Reducer4]: Got 958312 bytes.
Awaiting simulation instructions...

Awaiting simulation instructions...

6 RECEIVE 700 1449449559969 

[Reducer4]: Got 91560 bytes.
6 RECEIVE 600 1449449585648 

[Reducer4]: Got 958488 bytes.
Awaiting simulation instructions...

Awaiting simulation instructions...

6 RECEIVE 900 1449449600721 

[Reducer4]: Got 91560 bytes.
6 RECEIVE 800 1449449626696 

[Reducer4]: Got 958152 bytes.
Awaiting simulation instructions...

Awaiting simulation instructions...

6 RECEIVE 1100 1449449640722 

[Reducer4]: Got 91560 bytes.
6 RECEIVE 1000 1449449666230 

[Reducer4]: Got 958312 bytes.
Awaiting simulation instructions...

Awaiting simulation instructions...

[Reducer4]: Got 90536 bytes.
6 RECEIVE 1300 1449449679211 

6 RECEIVE 1200 1449449707248 

[Reducer4]: Got 958488 bytes.
Awaiting simulation instructions...

Awaiting simulation instructions...

6 RECEIVE 1500 1449449720456 

[Reducer4]: Got 91560 bytes.
6 RECEIVE 1400 1449449746866 

[Reducer4]: Got 958152 bytes.
Awaiting simulation instructions...

Awaiting simulation instructions...

6 RECEIVE 1700 1449449758927 

[Reducer4]: Got 91136 bytes.
6 RECEIVE 1600 1449449788311 

[Reducer4]: Got 959512 bytes.
Awaiting simulation instructions...

Awaiting simulation instructions...

6 RECEIVE 1900 1449449800915 

[Reducer4]: Got 91560 bytes.
6 RECEIVE 1800 1449449826180 

[Reducer4]: Got 958312 bytes.
Awaiting simulation instructions...

Awaiting simulation instructions...

6 RECEIVE 2100 1449449840903 

[Reducer4]: Got 91560 bytes.
6 RECEIVE 2000 1449449866567 

[Reducer4]: Got 959336 bytes.
Slave finished all tasks and exited.
logger exit
