Awaiting simulation instructions...

Awaiting simulation instructions...

Awaiting simulation instructions...

2 RECEIVE 100 1449449436189 

[Reducer0]: Got 92248 bytes.
2 RECEIVE 0 1449449465032 

[Reducer0]: Got 958376 bytes.
Awaiting simulation instructions...

Awaiting simulation instructions...

2 RECEIVE 300 1449449478642 

[Reducer0]: Got 91560 bytes.
2 RECEIVE 200 1449449501672 

[Reducer0]: Got 959512 bytes.
Awaiting simulation instructions...

Awaiting simulation instructions...

2 RECEIVE 500 1449449518334 

[Reducer0]: Got 91560 bytes.
2 RECEIVE 400 1449449542217 

[Reducer0]: Got 959336 bytes.
Awaiting simulation instructions...

Awaiting simulation instructions...

2 RECEIVE 700 1449449559040 

[Reducer0]: Got 91560 bytes.
2 RECEIVE 600 1449449585319 

[Reducer0]: Got 958312 bytes.
Awaiting simulation instructions...

Awaiting simulation instructions...

2 RECEIVE 900 1449449599244 

[Reducer0]: Got 91560 bytes.
2 RECEIVE 800 1449449625620 

[Reducer0]: Got 957040 bytes.
Awaiting simulation instructions...

Awaiting simulation instructions...

2 RECEIVE 1100 1449449642082 

[Reducer0]: Got 91560 bytes.
2 RECEIVE 1000 1449449665377 

[Reducer0]: Got 958488 bytes.
Awaiting simulation instructions...

Awaiting simulation instructions...

2 RECEIVE 1300 1449449680058 

[Reducer0]: Got 91560 bytes.
2 RECEIVE 1200 1449449702758 

[Reducer0]: Got 959512 bytes.
Awaiting simulation instructions...

Awaiting simulation instructions...

2 RECEIVE 1500 1449449721703 

[Reducer0]: Got 91560 bytes.
2 RECEIVE 1400 1449449744929 

[Reducer0]: Got 958312 bytes.
Awaiting simulation instructions...

Awaiting simulation instructions...

2 RECEIVE 1700 1449449757790 

[Reducer0]: Got 90536 bytes.
2 RECEIVE 1600 1449449785508 

[Reducer0]: Got 958488 bytes.
Awaiting simulation instructions...

Awaiting simulation instructions...

2 RECEIVE 1900 1449449799535 

[Reducer0]: Got 91560 bytes.
2 RECEIVE 1800 1449449823456 

[Reducer0]: Got 958488 bytes.
Awaiting simulation instructions...

Awaiting simulation instructions...

2 RECEIVE 2100 1449449840721 

[Reducer0]: Got 91560 bytes.
2 RECEIVE 2000 1449449859023 

[Reducer0]: Got 958968 bytes.
Slave finished all tasks and exited.
logger exit
