3 RECEIVE 100 1449453154856 
3 RECEIVE 200 1449453164668 
3 RECEIVE 300 1449453185663 
3 RECEIVE 0 1449453204037 
3 RECEIVE 500 1449453221093 
3 RECEIVE 600 1449453235815 
3 RECEIVE 700 1449453253141 
3 RECEIVE 400 1449453264300 
3 RECEIVE 900 1449453279481 
3 RECEIVE 1000 1449453295535 
3 RECEIVE 1100 1449453309644 
3 RECEIVE 800 1449453320548 
3 RECEIVE 1300 1449453340103 
3 RECEIVE 1400 1449453356016 
3 RECEIVE 1500 1449453372033 
3 RECEIVE 1200 1449453385812 
3 RECEIVE 1700 1449453400484 
3 RECEIVE 1800 1449453416571 
3 RECEIVE 1900 1449453433703 
3 RECEIVE 1600 1449453442462 
3 RECEIVE 2100 1449453460970 
3 RECEIVE 2200 1449453477843 
3 RECEIVE 2300 1449453492520 
3 RECEIVE 2000 1449453502524 
3 RECEIVE 2500 1449453523181 
3 RECEIVE 2600 1449453538349 
3 RECEIVE 2700 1449453556125 
3 RECEIVE 2400 1449453564844 
3 RECEIVE 2900 1449453583359 
3 RECEIVE 3000 1449453597446 
3 RECEIVE 3100 1449453615500 
3 RECEIVE 2800 1449453625960 
3 RECEIVE 3300 1449453640902 
3 RECEIVE 3400 1449453656586 
3 RECEIVE 3500 1449453673669 
3 RECEIVE 3200 1449453684927 
3 RECEIVE 3700 1449453702345 
3 RECEIVE 3800 1449453718301 
3 RECEIVE 3900 1449453735539 
3 RECEIVE 3600 1449453747256 
3 RECEIVE 4100 1449453762976 
3 RECEIVE 4200 1449453778012 
3 RECEIVE 4300 1449453792810 
3 RECEIVE 4000 1449453807563 
