7 RECEIVE 100 1449453157434 
7 RECEIVE 200 1449453173647 
7 RECEIVE 300 1449453182016 
7 RECEIVE 0 1449453202476 
7 RECEIVE 500 1449453222835 
7 RECEIVE 600 1449453236412 
7 RECEIVE 700 1449453253534 
7 RECEIVE 400 1449453264980 
7 RECEIVE 900 1449453282399 
7 RECEIVE 1000 1449453295134 
7 RECEIVE 1100 1449453308671 
7 RECEIVE 800 1449453323864 
7 RECEIVE 1300 1449453341187 
7 RECEIVE 1400 1449453356701 
7 RECEIVE 1500 1449453372851 
7 RECEIVE 1200 1449453382030 
7 RECEIVE 1700 1449453402884 
7 RECEIVE 1800 1449453417183 
7 RECEIVE 1900 1449453433396 
7 RECEIVE 1600 1449453445255 
7 RECEIVE 2100 1449453463538 
7 RECEIVE 2200 1449453478071 
7 RECEIVE 2300 1449453492856 
7 RECEIVE 2000 1449453505093 
7 RECEIVE 2500 1449453524508 
7 RECEIVE 2600 1449453539358 
7 RECEIVE 2700 1449453555564 
7 RECEIVE 2400 1449453566713 
7 RECEIVE 2900 1449453581399 
7 RECEIVE 3000 1449453598027 
7 RECEIVE 3100 1449453615195 
7 RECEIVE 2800 1449453627466 
7 RECEIVE 3300 1449453643817 
7 RECEIVE 3400 1449453657163 
7 RECEIVE 3500 1449453673900 
7 RECEIVE 3200 1449453685266 
7 RECEIVE 3700 1449453705755 
7 RECEIVE 3800 1449453719348 
7 RECEIVE 3900 1449453736222 
7 RECEIVE 3600 1449453747935 
7 RECEIVE 4100 1449453764285 
7 RECEIVE 4200 1449453778913 
7 RECEIVE 4300 1449453793923 
7 RECEIVE 4000 1449453807903 
