10 RECEIVE 100 1449459101182 
10 RECEIVE 0 1449459130063 
10 RECEIVE 300 1449459144107 
10 RECEIVE 200 1449459170075 
10 RECEIVE 500 1449459186153 
10 RECEIVE 400 1449459211210 
10 RECEIVE 700 1449459226230 
10 RECEIVE 600 1449459251482 
10 RECEIVE 900 1449459265045 
10 RECEIVE 800 1449459291461 
10 RECEIVE 1100 1449459304909 
10 RECEIVE 1000 1449459332240 
10 RECEIVE 1300 1449459345409 
10 RECEIVE 1200 1449459371872 
10 RECEIVE 1500 1449459386026 
10 RECEIVE 1400 1449459412650 
10 RECEIVE 1700 1449459426433 
10 RECEIVE 1600 1449459452551 
10 RECEIVE 1900 1449459465581 
10 RECEIVE 1800 1449459492549 
10 RECEIVE 2100 1449459505354 
10 RECEIVE 2000 1449459531572 
