7 RECEIVE 100 1449459100948 
7 RECEIVE 0 1449459132216 
7 RECEIVE 300 1449459144255 
7 RECEIVE 200 1449459166179 
7 RECEIVE 500 1449459185168 
7 RECEIVE 400 1449459211336 
7 RECEIVE 700 1449459225524 
7 RECEIVE 600 1449459250687 
7 RECEIVE 900 1449459264691 
7 RECEIVE 800 1449459289111 
7 RECEIVE 1100 1449459304168 
7 RECEIVE 1000 1449459332424 
7 RECEIVE 1300 1449459344664 
7 RECEIVE 1200 1449459371551 
7 RECEIVE 1500 1449459385117 
7 RECEIVE 1400 1449459409546 
7 RECEIVE 1700 1449459425616 
7 RECEIVE 1600 1449459451406 
7 RECEIVE 1900 1449459466229 
7 RECEIVE 1800 1449459489385 
7 RECEIVE 2100 1449459504657 
7 RECEIVE 2000 1449459533250 
