2 RECEIVE 100 1449459099467 
2 RECEIVE 0 1449459130788 
2 RECEIVE 300 1449459143947 
2 RECEIVE 200 1449459167420 
2 RECEIVE 500 1449459184908 
2 RECEIVE 400 1449459206770 
2 RECEIVE 700 1449459225599 
2 RECEIVE 600 1449459246567 
2 RECEIVE 900 1449459263743 
2 RECEIVE 800 1449459288714 
2 RECEIVE 1100 1449459303947 
2 RECEIVE 1000 1449459330774 
2 RECEIVE 1300 1449459344273 
2 RECEIVE 1200 1449459368641 
2 RECEIVE 1500 1449459385202 
2 RECEIVE 1400 1449459408978 
2 RECEIVE 1700 1449459425097 
2 RECEIVE 1600 1449459450999 
2 RECEIVE 1900 1449459466438 
2 RECEIVE 1800 1449459486277 
2 RECEIVE 2100 1449459503929 
2 RECEIVE 2000 1449459529399 
