1 SEND 0 1449459094733 
1 SEND 100 1449459094733 
1 SEND 0 1449459094734 
1 SEND 0 1449459094733 
1 SEND 100 1449459094733 
1 SEND 100 1449459094734 
1 SEND 0 1449459094738 
1 SEND 100 1449459094738 
1 SEND 100 1449459094741 
1 SEND 0 1449459094742 
1 SEND 100 1449459094742 
1 SEND 100 1449459094742 
1 SEND 100 1449459094743 
1 SEND 0 1449459094742 
1 SEND 100 1449459094743 
1 SEND 0 1449459094743 
1 SEND 0 1449459094744 
1 SEND 0 1449459094746 
1 SEND 0 1449459094747 
1 SEND 100 1449459094747 
1 SEND 200 1449459134756 
1 SEND 200 1449459134756 
1 SEND 200 1449459134756 
1 SEND 200 1449459134764 
1 SEND 200 1449459134765 
1 SEND 200 1449459134765 
1 SEND 200 1449459134846 
1 SEND 200 1449459134846 
1 SEND 300 1449459135707 
1 SEND 300 1449459135708 
1 SEND 300 1449459135708 
1 SEND 300 1449459135708 
1 SEND 300 1449459135708 
1 SEND 300 1449459135710 
1 SEND 300 1449459135711 
1 SEND 300 1449459135713 
1 SEND 300 1449459135713 
1 SEND 300 1449459135713 
1 SEND 200 1449459136158 
1 SEND 200 1449459137482 
1 SEND 400 1449459174890 
1 SEND 400 1449459174890 
1 SEND 400 1449459174891 
1 SEND 400 1449459174893 
1 SEND 400 1449459174893 
1 SEND 400 1449459174895 
1 SEND 400 1449459174896 
1 SEND 400 1449459174898 
1 SEND 400 1449459175184 
1 SEND 400 1449459175186 
1 SEND 500 1449459176079 
1 SEND 500 1449459176079 
1 SEND 500 1449459176079 
1 SEND 500 1449459176080 
1 SEND 500 1449459176080 
1 SEND 500 1449459176080 
1 SEND 500 1449459176084 
1 SEND 500 1449459176084 
1 SEND 500 1449459176084 
1 SEND 500 1449459176084 
1 SEND 600 1449459215018 
1 SEND 600 1449459215018 
1 SEND 600 1449459215018 
1 SEND 600 1449459215020 
1 SEND 600 1449459215021 
1 SEND 600 1449459215024 
1 SEND 600 1449459215024 
1 SEND 600 1449459215024 
1 SEND 600 1449459215273 
1 SEND 700 1449459216285 
1 SEND 700 1449459216285 
1 SEND 700 1449459216287 
1 SEND 700 1449459216287 
1 SEND 700 1449459216287 
1 SEND 700 1449459216287 
1 SEND 700 1449459216289 
1 SEND 700 1449459216289 
1 SEND 700 1449459216291 
1 SEND 700 1449459216291 
1 SEND 600 1449459217423 
1 SEND 800 1449459255143 
1 SEND 800 1449459255143 
1 SEND 800 1449459255147 
1 SEND 800 1449459255147 
1 SEND 800 1449459255147 
1 SEND 800 1449459255147 
1 SEND 800 1449459255460 
1 SEND 800 1449459255461 
1 SEND 800 1449459255461 
1 SEND 900 1449459256452 
1 SEND 900 1449459256452 
1 SEND 900 1449459256452 
1 SEND 900 1449459256452 
1 SEND 900 1449459256452 
1 SEND 900 1449459256454 
1 SEND 800 1449459256454 
1 SEND 900 1449459256456 
1 SEND 900 1449459256457 
1 SEND 900 1449459256459 
1 SEND 900 1449459256459 
1 SEND 1000 1449459295254 
1 SEND 1000 1449459295254 
1 SEND 1000 1449459295254 
1 SEND 1000 1449459295255 
1 SEND 1000 1449459295256 
1 SEND 1000 1449459295258 
1 SEND 1000 1449459295465 
1 SEND 1000 1449459295465 
1 SEND 1000 1449459295465 
1 SEND 1000 1449459295465 
1 SEND 1100 1449459296547 
1 SEND 1100 1449459296547 
1 SEND 1100 1449459296547 
1 SEND 1100 1449459296547 
1 SEND 1100 1449459296549 
1 SEND 1100 1449459296549 
1 SEND 1100 1449459296549 
1 SEND 1100 1449459296549 
1 SEND 1100 1449459296549 
1 SEND 1100 1449459296549 
1 SEND 1200 1449459335355 
1 SEND 1200 1449459335358 
1 SEND 1200 1449459335358 
1 SEND 1200 1449459335359 
1 SEND 1200 1449459335360 
1 SEND 1200 1449459335616 
1 SEND 1200 1449459335616 
1 SEND 1200 1449459335616 
1 SEND 1200 1449459335616 
1 SEND 1200 1449459336554 
1 SEND 1300 1449459336589 
1 SEND 1300 1449459336590 
1 SEND 1300 1449459336590 
1 SEND 1300 1449459336590 
1 SEND 1300 1449459336592 
1 SEND 1300 1449459336592 
1 SEND 1300 1449459336595 
1 SEND 1300 1449459336595 
1 SEND 1300 1449459336595 
1 SEND 1300 1449459336595 
1 SEND 1400 1449459375461 
1 SEND 1400 1449459375461 
1 SEND 1400 1449459375463 
1 SEND 1400 1449459375463 
1 SEND 1400 1449459375465 
1 SEND 1400 1449459375719 
1 SEND 1400 1449459375719 
1 SEND 1400 1449459375719 
1 SEND 1400 1449459375721 
1 SEND 1400 1449459375723 
1 SEND 1500 1449459376722 
1 SEND 1500 1449459376722 
1 SEND 1500 1449459376722 
1 SEND 1500 1449459376722 
1 SEND 1500 1449459376722 
1 SEND 1500 1449459376728 
1 SEND 1500 1449459376729 
1 SEND 1500 1449459376729 
1 SEND 1500 1449459376730 
1 SEND 1500 1449459376731 
1 SEND 1600 1449459415569 
1 SEND 1600 1449459415570 
1 SEND 1600 1449459415570 
1 SEND 1600 1449459415572 
1 SEND 1600 1449459415573 
1 SEND 1600 1449459415574 
1 SEND 1600 1449459415779 
1 SEND 1600 1449459415781 
1 SEND 1600 1449459415781 
1 SEND 1600 1449459415874 
1 SEND 1700 1449459416871 
1 SEND 1700 1449459416873 
1 SEND 1700 1449459416873 
1 SEND 1700 1449459416873 
1 SEND 1700 1449459416874 
1 SEND 1700 1449459416876 
1 SEND 1700 1449459416878 
1 SEND 1700 1449459416878 
1 SEND 1700 1449459416879 
1 SEND 1700 1449459416879 
1 SEND 1800 1449459455662 
1 SEND 1800 1449459455664 
1 SEND 1800 1449459455666 
1 SEND 1800 1449459455666 
1 SEND 1800 1449459455666 
1 SEND 1800 1449459455667 
1 SEND 1800 1449459455969 
1 SEND 1800 1449459455969 
1 SEND 1800 1449459455969 
1 SEND 1800 1449459455969 
1 SEND 1900 1449459457021 
1 SEND 1900 1449459457022 
1 SEND 1900 1449459457023 
1 SEND 1900 1449459457023 
1 SEND 1900 1449459457023 
1 SEND 1900 1449459457023 
1 SEND 1900 1449459457025 
1 SEND 1900 1449459457025 
1 SEND 1900 1449459457025 
1 SEND 1900 1449459457040 
1 SEND 2000 1449459495764 
1 SEND 2000 1449459495764 
1 SEND 2000 1449459495767 
1 SEND 2000 1449459495767 
1 SEND 2000 1449459495879 
1 SEND 2000 1449459495879 
1 SEND 2000 1449459495974 
1 SEND 2000 1449459495976 
1 SEND 2000 1449459495976 
1 SEND 2000 1449459495984 
1 SEND 2100 1449459496829 
1 SEND 2100 1449459496829 
1 SEND 2100 1449459496829 
1 SEND 2100 1449459496830 
1 SEND 2100 1449459496832 
1 SEND 2100 1449459496832 
1 SEND 2100 1449459496834 
1 SEND 2100 1449459496834 
1 SEND 2100 1449459496834 
1 SEND 2100 1449459496834 
