11 RECEIVE 100 1449459100015 
11 RECEIVE 0 1449459130856 
11 RECEIVE 300 1449459144211 
11 RECEIVE 200 1449459170114 
11 RECEIVE 500 1449459186170 
11 RECEIVE 400 1449459212388 
11 RECEIVE 700 1449459226256 
11 RECEIVE 600 1449459252547 
11 RECEIVE 900 1449459265082 
11 RECEIVE 800 1449459291781 
11 RECEIVE 1100 1449459305072 
11 RECEIVE 1000 1449459332279 
11 RECEIVE 1300 1449459345134 
11 RECEIVE 1200 1449459372192 
11 RECEIVE 1500 1449459385951 
11 RECEIVE 1400 1449459412969 
11 RECEIVE 1700 1449459426487 
11 RECEIVE 1600 1449459452473 
11 RECEIVE 1900 1449459466153 
11 RECEIVE 1800 1449459493182 
11 RECEIVE 2100 1449459505041 
11 RECEIVE 2000 1449459531893 
