10 RECEIVE 200 1449443686084 
10 RECEIVE 300 1449443688622 
10 RECEIVE 100 1449443690972 
10 RECEIVE 0 1449443721789 
10 RECEIVE 500 1449443752133 
10 RECEIVE 600 1449443752932 
10 RECEIVE 700 1449443757046 
10 RECEIVE 400 1449443782638 
10 RECEIVE 1000 1449443811983 
10 RECEIVE 900 1449443813910 
10 RECEIVE 1100 1449443815050 
10 RECEIVE 800 1449443843603 
10 RECEIVE 1300 1449443872323 
10 RECEIVE 1400 1449443873589 
10 RECEIVE 1500 1449443874526 
10 RECEIVE 1200 1449443903142 
10 RECEIVE 1700 1449443934400 
10 RECEIVE 1800 1449443934696 
10 RECEIVE 1900 1449443938348 
10 RECEIVE 1600 1449443964089 
10 RECEIVE 2100 1449443992456 
10 RECEIVE 2200 1449443994515 
10 RECEIVE 2300 1449443996991 
10 RECEIVE 2000 1449444024350 
10 RECEIVE 2600 1449444054603 
10 RECEIVE 2500 1449444054831 
10 RECEIVE 2700 1449444058310 
10 RECEIVE 2400 1449444085116 
10 RECEIVE 2900 1449444112998 
10 RECEIVE 3000 1449444115409 
10 RECEIVE 3100 1449444117628 
10 RECEIVE 2800 1449444143079 
10 RECEIVE 3300 1449444175005 
10 RECEIVE 3400 1449444175813 
10 RECEIVE 3500 1449444177503 
10 RECEIVE 3200 1449444205411 
10 RECEIVE 3800 1449444234325 
10 RECEIVE 3700 1449444234594 
10 RECEIVE 3900 1449444238182 
10 RECEIVE 3600 1449444264741 
10 RECEIVE 4100 1449444295214 
10 RECEIVE 4200 1449444295659 
10 RECEIVE 4300 1449444297280 
10 RECEIVE 4000 1449444326160 
