2 RECEIVE 200 1449443687621 
2 RECEIVE 100 1449443688026 
2 RECEIVE 300 1449443688941 
2 RECEIVE 0 1449443722036 
2 RECEIVE 600 1449443751588 
2 RECEIVE 500 1449443753334 
2 RECEIVE 700 1449443756903 
2 RECEIVE 400 1449443771739 
2 RECEIVE 900 1449443809779 
2 RECEIVE 1000 1449443810009 
2 RECEIVE 1100 1449443814710 
2 RECEIVE 800 1449443840007 
2 RECEIVE 1300 1449443870443 
2 RECEIVE 1400 1449443872451 
2 RECEIVE 1500 1449443872913 
2 RECEIVE 1200 1449443902540 
2 RECEIVE 1800 1449443931212 
2 RECEIVE 1700 1449443934007 
2 RECEIVE 1900 1449443937217 
2 RECEIVE 1600 1449443952850 
2 RECEIVE 2100 1449443990958 
2 RECEIVE 2200 1449443992875 
2 RECEIVE 2300 1449443996763 
2 RECEIVE 2000 1449444020253 
2 RECEIVE 2500 1449444052043 
2 RECEIVE 2600 1449444052541 
2 RECEIVE 2700 1449444057369 
2 RECEIVE 2400 1449444079224 
2 RECEIVE 2900 1449444111783 
2 RECEIVE 3000 1449444113496 
2 RECEIVE 3100 1449444117053 
2 RECEIVE 2800 1449444143885 
2 RECEIVE 3300 1449444172566 
2 RECEIVE 3400 1449444173120 
2 RECEIVE 3500 1449444178604 
2 RECEIVE 3200 1449444199376 
2 RECEIVE 3800 1449444232094 
2 RECEIVE 3700 1449444232357 
2 RECEIVE 3900 1449444238601 
2 RECEIVE 3600 1449444261756 
2 RECEIVE 4100 1449444292887 
2 RECEIVE 4200 1449444294503 
2 RECEIVE 4300 1449444296540 
2 RECEIVE 4000 1449444321468 
