10 RECEIVE 100 1449531971428 
10 RECEIVE 0 1449531997460 
10 RECEIVE 300 1449532028348 
10 RECEIVE 200 1449532049968 
10 RECEIVE 500 1449532079800 
10 RECEIVE 400 1449532096781 
10 RECEIVE 700 1449532129344 
10 RECEIVE 600 1449532149087 
10 RECEIVE 900 1449532179463 
10 RECEIVE 800 1449532200480 
10 RECEIVE 1100 1449532228805 
10 RECEIVE 1000 1449532247966 
10 RECEIVE 1300 1449532281120 
10 RECEIVE 1200 1449532300486 
10 RECEIVE 1500 1449532330475 
10 RECEIVE 1400 1449532349243 
10 RECEIVE 1700 1449532381070 
10 RECEIVE 1600 1449532400945 
10 RECEIVE 1900 1449532431113 
10 RECEIVE 1800 1449532450375 
10 RECEIVE 2100 1449532480655 
10 RECEIVE 2000 1449532501231 
