4 RECEIVE 100 1449531972585 
4 RECEIVE 0 1449531998472 
4 RECEIVE 300 1449532028552 
4 RECEIVE 200 1449532044964 
4 RECEIVE 500 1449532079976 
4 RECEIVE 400 1449532100186 
4 RECEIVE 700 1449532128535 
4 RECEIVE 600 1449532149814 
4 RECEIVE 900 1449532178360 
4 RECEIVE 800 1449532195910 
4 RECEIVE 1100 1449532228639 
4 RECEIVE 1000 1449532245039 
4 RECEIVE 1300 1449532280301 
4 RECEIVE 1200 1449532295767 
4 RECEIVE 1500 1449532330104 
4 RECEIVE 1400 1449532343402 
4 RECEIVE 1700 1449532380182 
4 RECEIVE 1600 1449532397564 
4 RECEIVE 1900 1449532430556 
4 RECEIVE 1800 1449532447384 
4 RECEIVE 2100 1449532479620 
4 RECEIVE 2000 1449532498786 
