1 SEND 0 1449531959136 
1 SEND 100 1449531959139 
1 SEND 100 1449531959140 
1 SEND 0 1449531959140 
1 SEND 0 1449531959140 
1 SEND 0 1449531959142 
1 SEND 0 1449531959142 
1 SEND 0 1449531959142 
1 SEND 100 1449531959143 
1 SEND 100 1449531959143 
1 SEND 100 1449531959155 
1 SEND 0 1449531959156 
1 SEND 0 1449531959156 
1 SEND 0 1449531959157 
1 SEND 100 1449531959162 
1 SEND 100 1449531959163 
1 SEND 100 1449531959162 
1 SEND 100 1449531959164 
1 SEND 0 1449531959170 
1 SEND 100 1449531959178 
1 SEND 200 1449532009103 
1 SEND 200 1449532009104 
1 SEND 200 1449532009105 
1 SEND 200 1449532009176 
1 SEND 200 1449532009176 
1 SEND 200 1449532009176 
1 SEND 200 1449532009176 
1 SEND 200 1449532009176 
1 SEND 200 1449532009201 
1 SEND 200 1449532009202 
1 SEND 300 1449532010377 
1 SEND 300 1449532010377 
1 SEND 300 1449532010381 
1 SEND 300 1449532010381 
1 SEND 300 1449532010382 
1 SEND 300 1449532010382 
1 SEND 300 1449532010386 
1 SEND 300 1449532010386 
1 SEND 300 1449532010386 
1 SEND 300 1449532010394 
1 SEND 400 1449532059259 
1 SEND 400 1449532059262 
1 SEND 400 1449532059264 
1 SEND 400 1449532059264 
1 SEND 400 1449532059265 
1 SEND 400 1449532059265 
1 SEND 400 1449532059266 
1 SEND 400 1449532059259 
1 SEND 400 1449532059266 
1 SEND 400 1449532059268 
1 SEND 500 1449532060688 
1 SEND 500 1449532060733 
1 SEND 500 1449532060735 
1 SEND 500 1449532060735 
1 SEND 500 1449532060736 
1 SEND 500 1449532060737 
1 SEND 500 1449532060737 
1 SEND 500 1449532060737 
1 SEND 500 1449532060742 
1 SEND 500 1449532060768 
1 SEND 600 1449532109419 
1 SEND 600 1449532109422 
1 SEND 600 1449532109424 
1 SEND 600 1449532109424 
1 SEND 600 1449532109424 
1 SEND 600 1449532109425 
1 SEND 600 1449532109425 
1 SEND 600 1449532109425 
1 SEND 600 1449532109484 
1 SEND 600 1449532109586 
1 SEND 700 1449532110980 
1 SEND 700 1449532110982 
1 SEND 700 1449532110982 
1 SEND 700 1449532110982 
1 SEND 700 1449532110982 
1 SEND 700 1449532110984 
1 SEND 700 1449532110986 
1 SEND 700 1449532110987 
1 SEND 700 1449532110986 
1 SEND 700 1449532111976 
1 SEND 800 1449532159563 
1 SEND 800 1449532159564 
1 SEND 800 1449532159566 
1 SEND 800 1449532159570 
1 SEND 800 1449532159571 
1 SEND 800 1449532159571 
1 SEND 800 1449532159701 
1 SEND 800 1449532159866 
1 SEND 800 1449532159872 
1 SEND 800 1449532159874 
1 SEND 900 1449532161142 
1 SEND 900 1449532161143 
1 SEND 900 1449532161145 
1 SEND 900 1449532161145 
1 SEND 900 1449532161146 
1 SEND 900 1449532161147 
1 SEND 900 1449532161149 
1 SEND 900 1449532161150 
1 SEND 900 1449532161150 
1 SEND 900 1449532161150 
1 SEND 1000 1449532209689 
1 SEND 1000 1449532209692 
1 SEND 1000 1449532209696 
1 SEND 1000 1449532209696 
1 SEND 1000 1449532209697 
1 SEND 1000 1449532209735 
1 SEND 1000 1449532209735 
1 SEND 1000 1449532209735 
1 SEND 1000 1449532209806 
1 SEND 1000 1449532211202 
1 SEND 1100 1449532211301 
1 SEND 1100 1449532211302 
1 SEND 1100 1449532211302 
1 SEND 1100 1449532211301 
1 SEND 1100 1449532211304 
1 SEND 1100 1449532211304 
1 SEND 1100 1449532211305 
1 SEND 1100 1449532211305 
1 SEND 1100 1449532211306 
1 SEND 1100 1449532211306 
1 SEND 1200 1449532259805 
1 SEND 1200 1449532259809 
1 SEND 1200 1449532259810 
1 SEND 1200 1449532259810 
1 SEND 1200 1449532259812 
1 SEND 1200 1449532259812 
1 SEND 1200 1449532259872 
1 SEND 1200 1449532259873 
1 SEND 1200 1449532259874 
1 SEND 1200 1449532259874 
1 SEND 1300 1449532261507 
1 SEND 1300 1449532261507 
1 SEND 1300 1449532261508 
1 SEND 1300 1449532261509 
1 SEND 1300 1449532261509 
1 SEND 1300 1449532261511 
1 SEND 1300 1449532261512 
1 SEND 1300 1449532261513 
1 SEND 1300 1449532261513 
1 SEND 1300 1449532261514 
1 SEND 1400 1449532309927 
1 SEND 1400 1449532309930 
1 SEND 1400 1449532309931 
1 SEND 1400 1449532309985 
1 SEND 1400 1449532310108 
1 SEND 1400 1449532310109 
1 SEND 1400 1449532310110 
1 SEND 1400 1449532310110 
1 SEND 1400 1449532310112 
1 SEND 1400 1449532310750 
1 SEND 1500 1449532311520 
1 SEND 1500 1449532311522 
1 SEND 1500 1449532311525 
1 SEND 1500 1449532311526 
1 SEND 1500 1449532311526 
1 SEND 1500 1449532311527 
1 SEND 1500 1449532311527 
1 SEND 1500 1449532311527 
1 SEND 1500 1449532311560 
1 SEND 1500 1449532311563 
1 SEND 1600 1449532360069 
1 SEND 1600 1449532360070 
1 SEND 1600 1449532360071 
1 SEND 1600 1449532360074 
1 SEND 1600 1449532360075 
1 SEND 1600 1449532360077 
1 SEND 1600 1449532360077 
1 SEND 1600 1449532360214 
1 SEND 1600 1449532360231 
1 SEND 1600 1449532360326 
1 SEND 1700 1449532361836 
1 SEND 1700 1449532361836 
1 SEND 1700 1449532361841 
1 SEND 1700 1449532361841 
1 SEND 1700 1449532361842 
1 SEND 1700 1449532361843 
1 SEND 1700 1449532361844 
1 SEND 1700 1449532361845 
1 SEND 1700 1449532361846 
1 SEND 1700 1449532361850 
1 SEND 1800 1449532410193 
1 SEND 1800 1449532410193 
1 SEND 1800 1449532410194 
1 SEND 1800 1449532410198 
1 SEND 1800 1449532410199 
1 SEND 1800 1449532410199 
1 SEND 1800 1449532410202 
1 SEND 1800 1449532410354 
1 SEND 1800 1449532410355 
1 SEND 1800 1449532411606 
1 SEND 1900 1449532411939 
1 SEND 1900 1449532411939 
1 SEND 1900 1449532411939 
1 SEND 1900 1449532411941 
1 SEND 1900 1449532411941 
1 SEND 1900 1449532411941 
1 SEND 1900 1449532411942 
1 SEND 1900 1449532411942 
1 SEND 1900 1449532411943 
1 SEND 1900 1449532411945 
1 SEND 2000 1449532460304 
1 SEND 2000 1449532460309 
1 SEND 2000 1449532460307 
1 SEND 2000 1449532460310 
1 SEND 2000 1449532460311 
1 SEND 2000 1449532460312 
1 SEND 2000 1449532460313 
1 SEND 2000 1449532460664 
1 SEND 2000 1449532460665 
1 SEND 2000 1449532460676 
1 SEND 2100 1449532462107 
1 SEND 2100 1449532462108 
1 SEND 2100 1449532462108 
1 SEND 2100 1449532462109 
1 SEND 2100 1449532462110 
1 SEND 2100 1449532462111 
1 SEND 2100 1449532462111 
1 SEND 2100 1449532462112 
1 SEND 2100 1449532462113 
1 SEND 2100 1449532462116 
