2 RECEIVE 100 1449531972111 
2 RECEIVE 0 1449531999657 
2 RECEIVE 300 1449532028017 
2 RECEIVE 200 1449532039194 
2 RECEIVE 500 1449532078572 
2 RECEIVE 400 1449532097818 
2 RECEIVE 700 1449532128174 
2 RECEIVE 600 1449532150175 
2 RECEIVE 900 1449532178067 
2 RECEIVE 800 1449532197539 
2 RECEIVE 1100 1449532229029 
2 RECEIVE 1000 1449532248577 
2 RECEIVE 1300 1449532280780 
2 RECEIVE 1200 1449532293732 
2 RECEIVE 1500 1449532329948 
2 RECEIVE 1400 1449532340746 
2 RECEIVE 1700 1449532379860 
2 RECEIVE 1600 1449532393971 
2 RECEIVE 1900 1449532429962 
2 RECEIVE 1800 1449532443481 
2 RECEIVE 2100 1449532480350 
2 RECEIVE 2000 1449532496673 
