7 RECEIVE 100 1449531971734 
7 RECEIVE 0 1449531994475 
7 RECEIVE 300 1449532029254 
7 RECEIVE 200 1449532048501 
7 RECEIVE 500 1449532079390 
7 RECEIVE 400 1449532098753 
7 RECEIVE 700 1449532128369 
7 RECEIVE 600 1449532148884 
7 RECEIVE 900 1449532179071 
7 RECEIVE 800 1449532196550 
7 RECEIVE 1100 1449532229535 
7 RECEIVE 1000 1449532246745 
7 RECEIVE 1300 1449532280896 
7 RECEIVE 1200 1449532299269 
7 RECEIVE 1500 1449532330212 
7 RECEIVE 1400 1449532350203 
7 RECEIVE 1700 1449532381285 
7 RECEIVE 1600 1449532400567 
7 RECEIVE 1900 1449532430392 
7 RECEIVE 1800 1449532448997 
7 RECEIVE 2100 1449532479396 
7 RECEIVE 2000 1449532497497 
