11 RECEIVE 100 1449531971572 
11 RECEIVE 0 1449532000098 
11 RECEIVE 300 1449532028806 
11 RECEIVE 200 1449532049600 
11 RECEIVE 500 1449532080153 
11 RECEIVE 400 1449532098525 
11 RECEIVE 700 1449532129492 
11 RECEIVE 600 1449532149010 
11 RECEIVE 900 1449532179228 
11 RECEIVE 800 1449532199451 
11 RECEIVE 1100 1449532229622 
11 RECEIVE 1000 1449532247433 
11 RECEIVE 1300 1449532281285 
11 RECEIVE 1200 1449532299546 
11 RECEIVE 1500 1449532330621 
11 RECEIVE 1400 1449532350858 
11 RECEIVE 1700 1449532381050 
11 RECEIVE 1600 1449532400256 
11 RECEIVE 1900 1449532430186 
11 RECEIVE 1800 1449532451127 
11 RECEIVE 2100 1449532480010 
11 RECEIVE 2000 1449532500843 
