Awaiting simulation instructions...

Awaiting simulation instructions...

Awaiting simulation instructions...

Awaiting simulation instructions...

Awaiting simulation instructions...

3 RECEIVE 100 1449451954410 

[Reducer1]: Got 89352 bytes.
3 RECEIVE 200 1449451964789 

[Reducer1]: Got 184072 bytes.
3 RECEIVE 300 1449451979769 

[Reducer1]: Got 374944 bytes.
3 RECEIVE 0 1449452000155 

[Reducer1]: Got 953120 bytes.
Awaiting simulation instructions...

Awaiting simulation instructions...

Awaiting simulation instructions...

Awaiting simulation instructions...

3 RECEIVE 500 1449452015744 

[Reducer1]: Got 91560 bytes.
3 RECEIVE 600 1449452031798 

[Reducer1]: Got 186104 bytes.
3 RECEIVE 700 1449452049067 

[Reducer1]: Got 378264 bytes.
3 RECEIVE 400 1449452055056 

[Reducer1]: Got 956776 bytes.
Awaiting simulation instructions...

Awaiting simulation instructions...

Awaiting simulation instructions...

Awaiting simulation instructions...

3 RECEIVE 900 1449452073339 

[Reducer1]: Got 89512 bytes.
3 RECEIVE 1000 1449452089569 

[Reducer1]: Got 185256 bytes.
3 RECEIVE 1100 1449452105365 

[Reducer1]: Got 377416 bytes.
3 RECEIVE 800 1449452116828 

[Reducer1]: Got 960184 bytes.
Awaiting simulation instructions...

Awaiting simulation instructions...

Awaiting simulation instructions...

Awaiting simulation instructions...

3 RECEIVE 1300 1449452133941 

[Reducer1]: Got 90536 bytes.
3 RECEIVE 1400 1449452149986 

[Reducer1]: Got 186104 bytes.
3 RECEIVE 1500 1449452166161 

[Reducer1]: Got 376392 bytes.
3 RECEIVE 1200 1449452178273 

[Reducer1]: Got 958312 bytes.
Awaiting simulation instructions...

Awaiting simulation instructions...

Awaiting simulation instructions...

Awaiting simulation instructions...

3 RECEIVE 1700 1449452195106 

[Reducer1]: Got 90536 bytes.
[Reducer1]: Got 183208 bytes.
3 RECEIVE 1800 1449452211674 

3 RECEIVE 1900 1449452228474 

[Reducer1]: Got 377416 bytes.
3 RECEIVE 1600 1449452240512 

[Reducer1]: Got 955592 bytes.
Awaiting simulation instructions...

Awaiting simulation instructions...

Awaiting simulation instructions...

Awaiting simulation instructions...

3 RECEIVE 2100 1449452254630 

[Reducer1]: Got 89512 bytes.
3 RECEIVE 2200 1449452271467 

[Reducer1]: Got 184232 bytes.
3 RECEIVE 2300 1449452287211 

[Reducer1]: Got 376392 bytes.
3 RECEIVE 2000 1449452298415 

[Reducer1]: Got 958312 bytes.
Awaiting simulation instructions...

Awaiting simulation instructions...

Awaiting simulation instructions...

Awaiting simulation instructions...

3 RECEIVE 2500 1449452316707 

[Reducer1]: Got 89512 bytes.
3 RECEIVE 2600 1449452332845 

[Reducer1]: Got 183208 bytes.
3 RECEIVE 2700 1449452350167 

[Reducer1]: Got 376392 bytes.
[Reducer1]: Got 911392 bytes.
3 RECEIVE 2400 1449452359168 

Awaiting simulation instructions...

Awaiting simulation instructions...

Awaiting simulation instructions...

Awaiting simulation instructions...

3 RECEIVE 2900 1449452375668 

[Reducer1]: Got 88488 bytes.
3 RECEIVE 3000 1449452392168 

[Reducer1]: Got 185256 bytes.
3 RECEIVE 3100 1449452408088 

[Reducer1]: Got 377416 bytes.
3 RECEIVE 2800 1449452417739 

[Reducer1]: Got 958312 bytes.
Awaiting simulation instructions...

Awaiting simulation instructions...

Awaiting simulation instructions...

Awaiting simulation instructions...

3 RECEIVE 3300 1449452438744 

[Reducer1]: Got 91136 bytes.
3 RECEIVE 3400 1449452451076 

[Reducer1]: Got 184056 bytes.
3 RECEIVE 3500 1449452467988 

[Reducer1]: Got 374520 bytes.
3 RECEIVE 3200 1449452480106 

[Reducer1]: Got 956440 bytes.
Awaiting simulation instructions...

Awaiting simulation instructions...

Awaiting simulation instructions...

Awaiting simulation instructions...

3 RECEIVE 3700 1449452495348 

[Reducer1]: Got 89512 bytes.
3 RECEIVE 3800 1449452511970 

[Reducer1]: Got 186280 bytes.
3 RECEIVE 3900 1449452527617 

[Reducer1]: Got 374520 bytes.
3 RECEIVE 3600 1449452541143 

[Reducer1]: Got 956440 bytes.
Awaiting simulation instructions...

Awaiting simulation instructions...

Awaiting simulation instructions...

Awaiting simulation instructions...

3 RECEIVE 4100 1449452555943 

[Reducer1]: Got 89512 bytes.
3 RECEIVE 4200 1449452571697 

[Reducer1]: Got 184056 bytes.
3 RECEIVE 4300 1449452589246 

[Reducer1]: Got 377416 bytes.
3 RECEIVE 4000 1449452597570 

[Reducer1]: Got 957800 bytes.
Slave finished all tasks and exited.
logger exit
