Awaiting simulation instructions...

Awaiting simulation instructions...

Awaiting simulation instructions...

Awaiting simulation instructions...

Awaiting simulation instructions...

8 RECEIVE 100 1449451953621 

[Reducer6]: Got 89352 bytes.
8 RECEIVE 200 1449451966149 

[Reducer6]: Got 185680 bytes.
[Reducer6]: Got 325712 bytes.
8 RECEIVE 300 1449451974125 

8 RECEIVE 0 1449451998718 

[Reducer6]: Got 956280 bytes.
Awaiting simulation instructions...

Awaiting simulation instructions...

Awaiting simulation instructions...

Awaiting simulation instructions...

8 RECEIVE 500 1449452016244 

[Reducer6]: Got 89512 bytes.
8 RECEIVE 600 1449452032075 

[Reducer6]: Got 184232 bytes.
8 RECEIVE 700 1449452049834 

[Reducer6]: Got 377416 bytes.
8 RECEIVE 400 1449452059264 

[Reducer6]: Got 956792 bytes.
Awaiting simulation instructions...

Awaiting simulation instructions...

Awaiting simulation instructions...

Awaiting simulation instructions...

8 RECEIVE 900 1449452075345 

[Reducer6]: Got 91136 bytes.
8 RECEIVE 1000 1449452089627 

[Reducer6]: Got 185256 bytes.
8 RECEIVE 1100 1449452106113 

[Reducer6]: Got 377416 bytes.
8 RECEIVE 800 1449452118214 

[Reducer6]: Got 955344 bytes.
Awaiting simulation instructions...

Awaiting simulation instructions...

Awaiting simulation instructions...

Awaiting simulation instructions...

8 RECEIVE 1300 1449452136938 

[Reducer6]: Got 90112 bytes.
8 RECEIVE 1400 1449452150624 

[Reducer6]: Got 185080 bytes.
8 RECEIVE 1500 1449452167011 

[Reducer6]: Got 379288 bytes.
8 RECEIVE 1200 1449452177875 

[Reducer6]: Got 955168 bytes.
Awaiting simulation instructions...

Awaiting simulation instructions...

Awaiting simulation instructions...

Awaiting simulation instructions...

8 RECEIVE 1700 1449452196941 

[Reducer6]: Got 88488 bytes.
8 RECEIVE 1800 1449452212526 

[Reducer6]: Got 186280 bytes.
8 RECEIVE 1900 1449452228731 

[Reducer6]: Got 378264 bytes.
8 RECEIVE 1600 1449452237940 

[Reducer6]: Got 955656 bytes.
Awaiting simulation instructions...

Awaiting simulation instructions...

Awaiting simulation instructions...

Awaiting simulation instructions...

8 RECEIVE 2100 1449452256971 

[Reducer6]: Got 91136 bytes.
8 RECEIVE 2200 1449452270723 

[Reducer6]: Got 184232 bytes.
8 RECEIVE 2300 1449452287741 

[Reducer6]: Got 379288 bytes.
8 RECEIVE 2000 1449452301264 

[Reducer6]: Got 957464 bytes.
Awaiting simulation instructions...

Awaiting simulation instructions...

Awaiting simulation instructions...

Awaiting simulation instructions...

8 RECEIVE 2500 1449452316305 

[Reducer6]: Got 90536 bytes.
8 RECEIVE 2600 1449452333005 

[Reducer6]: Got 184056 bytes.
[Reducer6]: Got 376392 bytes.
8 RECEIVE 2700 1449452349918 

8 RECEIVE 2400 1449452358267 

[Reducer6]: Got 955256 bytes.
Awaiting simulation instructions...

Awaiting simulation instructions...

Awaiting simulation instructions...

Awaiting simulation instructions...

8 RECEIVE 2900 1449452378632 

[Reducer6]: Got 90112 bytes.
8 RECEIVE 3000 1449452391618 

[Reducer6]: Got 185080 bytes.
8 RECEIVE 3100 1449452407686 

[Reducer6]: Got 377416 bytes.
8 RECEIVE 2800 1449452419885 

[Reducer6]: Got 957304 bytes.
Awaiting simulation instructions...

Awaiting simulation instructions...

Awaiting simulation instructions...

Awaiting simulation instructions...

8 RECEIVE 3300 1449452438596 

[Reducer6]: Got 91136 bytes.
8 RECEIVE 3400 1449452451525 

[Reducer6]: Got 184056 bytes.
[Reducer6]: Got 376816 bytes.
8 RECEIVE 3500 1449452468536 

[Reducer6]: Got 957288 bytes.
8 RECEIVE 3200 1449452481744 

Awaiting simulation instructions...

Awaiting simulation instructions...

Awaiting simulation instructions...

Awaiting simulation instructions...

8 RECEIVE 3700 1449452496922 

[Reducer6]: Got 89512 bytes.
8 RECEIVE 3800 1449452512478 

[Reducer6]: Got 183384 bytes.
8 RECEIVE 3900 1449452528359 

[Reducer6]: Got 376392 bytes.
8 RECEIVE 3600 1449452540387 

[Reducer6]: Got 951672 bytes.
Awaiting simulation instructions...

Awaiting simulation instructions...

Awaiting simulation instructions...

Awaiting simulation instructions...

8 RECEIVE 4100 1449452558696 

[Reducer6]: Got 91136 bytes.
[Reducer6]: Got 184232 bytes.
8 RECEIVE 4200 1449452572069 

[Reducer6]: Got 378264 bytes.
8 RECEIVE 4300 1449452589624 

8 RECEIVE 4000 1449452599140 

[Reducer6]: Got 957304 bytes.
Slave finished all tasks and exited.
logger exit
