Awaiting simulation instructions...

Awaiting simulation instructions...

Awaiting simulation instructions...

Awaiting simulation instructions...

Awaiting simulation instructions...

9 RECEIVE 100 1449451949230 

[Reducer7]: Got 90376 bytes.
9 RECEIVE 200 1449451964490 

[Reducer7]: Got 184072 bytes.
[Reducer7]: Got 376056 bytes.
9 RECEIVE 300 1449451975327 

9 RECEIVE 0 1449451999908 

[Reducer7]: Got 956016 bytes.
Awaiting simulation instructions...

Awaiting simulation instructions...

Awaiting simulation instructions...

Awaiting simulation instructions...

9 RECEIVE 500 1449452018240 

[Reducer7]: Got 91136 bytes.
9 RECEIVE 600 1449452031897 

[Reducer7]: Got 184232 bytes.
9 RECEIVE 700 1449452049605 

[Reducer7]: Got 376816 bytes.
9 RECEIVE 400 1449452059767 

[Reducer7]: Got 952696 bytes.
Awaiting simulation instructions...

Awaiting simulation instructions...

Awaiting simulation instructions...

Awaiting simulation instructions...

9 RECEIVE 900 1449452075939 

[Reducer7]: Got 91136 bytes.
9 RECEIVE 1000 1449452089901 

[Reducer7]: Got 186280 bytes.
9 RECEIVE 1100 1449452106412 

[Reducer7]: Got 377416 bytes.
9 RECEIVE 800 1449452119770 

[Reducer7]: Got 957288 bytes.
Awaiting simulation instructions...

Awaiting simulation instructions...

Awaiting simulation instructions...

Awaiting simulation instructions...

9 RECEIVE 1300 1449452137504 

[Reducer7]: Got 91136 bytes.
[Reducer7]: Got 174696 bytes.
9 RECEIVE 1400 1449452150703 

9 RECEIVE 1500 1449452166055 

[Reducer7]: Got 377416 bytes.
9 RECEIVE 1200 1449452176379 

[Reducer7]: Got 902280 bytes.
Awaiting simulation instructions...

Awaiting simulation instructions...

Awaiting simulation instructions...

Awaiting simulation instructions...

9 RECEIVE 1700 1449452198484 

[Reducer7]: Got 91136 bytes.
9 RECEIVE 1800 1449452212370 

[Reducer7]: Got 186280 bytes.
[Reducer7]: Got 378264 bytes.
9 RECEIVE 1900 1449452229768 

[Reducer7]: Got 897336 bytes.
9 RECEIVE 1600 1449452235469 

Awaiting simulation instructions...

Awaiting simulation instructions...

Awaiting simulation instructions...

Awaiting simulation instructions...

9 RECEIVE 2100 1449452257546 

[Reducer7]: Got 91136 bytes.
9 RECEIVE 2200 1449452271448 

[Reducer7]: Got 184232 bytes.
9 RECEIVE 2300 1449452287663 

[Reducer7]: Got 379288 bytes.
9 RECEIVE 2000 1449452301516 

[Reducer7]: Got 955592 bytes.
Awaiting simulation instructions...

Awaiting simulation instructions...

Awaiting simulation instructions...

Awaiting simulation instructions...

9 RECEIVE 2500 1449452319045 

[Reducer7]: Got 90112 bytes.
9 RECEIVE 2600 1449452333848 

[Reducer7]: Got 185256 bytes.
9 RECEIVE 2700 1449452349447 

[Reducer7]: Got 378264 bytes.
9 RECEIVE 2400 1449452362302 

[Reducer7]: Got 952360 bytes.
Awaiting simulation instructions...

Awaiting simulation instructions...

Awaiting simulation instructions...

Awaiting simulation instructions...

9 RECEIVE 2900 1449452376612 

[Reducer7]: Got 89512 bytes.
9 RECEIVE 3000 1449452391970 

[Reducer7]: Got 184232 bytes.
9 RECEIVE 3100 1449452407397 

[Reducer7]: Got 375368 bytes.
9 RECEIVE 2800 1449452422856 

[Reducer7]: Got 959688 bytes.
Awaiting simulation instructions...

Awaiting simulation instructions...

Awaiting simulation instructions...

Awaiting simulation instructions...

9 RECEIVE 3300 1449452438659 

[Reducer7]: Got 91136 bytes.
9 RECEIVE 3400 1449452451661 

[Reducer7]: Got 186104 bytes.
9 RECEIVE 3500 1449452468574 

[Reducer7]: Got 375368 bytes.
9 RECEIVE 3200 1449452481754 

[Reducer7]: Got 955416 bytes.
Awaiting simulation instructions...

Awaiting simulation instructions...

Awaiting simulation instructions...

Awaiting simulation instructions...

9 RECEIVE 3700 1449452497089 

[Reducer7]: Got 88488 bytes.
9 RECEIVE 3800 1449452512742 

[Reducer7]: Got 184232 bytes.
9 RECEIVE 3900 1449452528213 

[Reducer7]: Got 379288 bytes.
9 RECEIVE 3600 1449452542433 

[Reducer7]: Got 954408 bytes.
Awaiting simulation instructions...

Awaiting simulation instructions...

Awaiting simulation instructions...

Awaiting simulation instructions...

9 RECEIVE 4100 1449452559065 

[Reducer7]: Got 91136 bytes.
9 RECEIVE 4200 1449452572664 

[Reducer7]: Got 184232 bytes.
9 RECEIVE 4300 1449452588670 

[Reducer7]: Got 376392 bytes.
9 RECEIVE 4000 1449452603115 

[Reducer7]: Got 954392 bytes.
Slave finished all tasks and exited.
logger exit
