Awaiting simulation instructions...

Awaiting simulation instructions...

Awaiting simulation instructions...

Awaiting simulation instructions...

Awaiting simulation instructions...

5 RECEIVE 100 1449451949777 

[Reducer3]: Got 89352 bytes.
5 RECEIVE 200 1449451965653 

[Reducer3]: Got 184056 bytes.
5 RECEIVE 300 1449451980001 

[Reducer3]: Got 377840 bytes.
5 RECEIVE 0 1449452000232 

[Reducer3]: Got 954144 bytes.
Awaiting simulation instructions...

Awaiting simulation instructions...

Awaiting simulation instructions...

Awaiting simulation instructions...

[Reducer3]: Got 91136 bytes.
5 RECEIVE 500 1449452018039 

5 RECEIVE 600 1449452031356 

[Reducer3]: Got 185080 bytes.
5 RECEIVE 700 1449452048923 

[Reducer3]: Got 375368 bytes.
5 RECEIVE 400 1449452059496 

[Reducer3]: Got 955592 bytes.
Awaiting simulation instructions...

Awaiting simulation instructions...

Awaiting simulation instructions...

Awaiting simulation instructions...

5 RECEIVE 900 1449452073167 

[Reducer3]: Got 89512 bytes.
5 RECEIVE 1000 1449452088942 

[Reducer3]: Got 185080 bytes.
5 RECEIVE 1100 1449452105443 

[Reducer3]: Got 376392 bytes.
5 RECEIVE 800 1449452120168 

[Reducer3]: Got 954392 bytes.
Awaiting simulation instructions...

Awaiting simulation instructions...

Awaiting simulation instructions...

Awaiting simulation instructions...

5 RECEIVE 1300 1449452134674 

[Reducer3]: Got 89512 bytes.
5 RECEIVE 1400 1449452150318 

[Reducer3]: Got 186104 bytes.
5 RECEIVE 1500 1449452165738 

[Reducer3]: Got 376392 bytes.
5 RECEIVE 1200 1449452179902 

[Reducer3]: Got 953384 bytes.
Awaiting simulation instructions...

Awaiting simulation instructions...

Awaiting simulation instructions...

Awaiting simulation instructions...

5 RECEIVE 1700 1449452196231 

[Reducer3]: Got 89512 bytes.
5 RECEIVE 1800 1449452212840 

[Reducer3]: Got 185256 bytes.
5 RECEIVE 1900 1449452229508 

[Reducer3]: Got 377416 bytes.
[Reducer3]: Got 894776 bytes.
5 RECEIVE 1600 1449452237797 

Awaiting simulation instructions...

Awaiting simulation instructions...

Awaiting simulation instructions...

Awaiting simulation instructions...

5 RECEIVE 2100 1449452254993 

[Reducer3]: Got 90536 bytes.
5 RECEIVE 2200 1449452270518 

[Reducer3]: Got 184056 bytes.
5 RECEIVE 2300 1449452287374 

[Reducer3]: Got 376392 bytes.
5 RECEIVE 2000 1449452298066 

[Reducer3]: Got 957288 bytes.
Awaiting simulation instructions...

Awaiting simulation instructions...

Awaiting simulation instructions...

Awaiting simulation instructions...

5 RECEIVE 2500 1449452316918 

[Reducer3]: Got 88488 bytes.
5 RECEIVE 2600 1449452332709 

[Reducer3]: Got 184232 bytes.
5 RECEIVE 2700 1449452350137 

[Reducer3]: Got 378264 bytes.
5 RECEIVE 2400 1449452360784 

[Reducer3]: Got 954408 bytes.
Awaiting simulation instructions...

Awaiting simulation instructions...

Awaiting simulation instructions...

Awaiting simulation instructions...

5 RECEIVE 2900 1449452378200 

[Reducer3]: Got 89352 bytes.
5 RECEIVE 3000 1449452392236 

[Reducer3]: Got 185256 bytes.
5 RECEIVE 3100 1449452408021 

[Reducer3]: Got 377416 bytes.
5 RECEIVE 2800 1449452418876 

[Reducer3]: Got 957288 bytes.
Awaiting simulation instructions...

Awaiting simulation instructions...

Awaiting simulation instructions...

Awaiting simulation instructions...

5 RECEIVE 3300 1449452438632 

[Reducer3]: Got 91136 bytes.
[Reducer3]: Got 183384 bytes.
5 RECEIVE 3400 1449452451949 

5 RECEIVE 3500 1449452468401 

[Reducer3]: Got 376392 bytes.
[Reducer3]: Got 958312 bytes.
5 RECEIVE 3200 1449452479378 

Awaiting simulation instructions...

Awaiting simulation instructions...

Awaiting simulation instructions...

Awaiting simulation instructions...

5 RECEIVE 3700 1449452496194 

[Reducer3]: Got 89512 bytes.
5 RECEIVE 3800 1449452512292 

[Reducer3]: Got 184232 bytes.
5 RECEIVE 3900 1449452528128 

[Reducer3]: Got 376392 bytes.
5 RECEIVE 3600 1449452539960 

[Reducer3]: Got 956440 bytes.
Awaiting simulation instructions...

Awaiting simulation instructions...

Awaiting simulation instructions...

Awaiting simulation instructions...

5 RECEIVE 4100 1449452557614 

[Reducer3]: Got 89512 bytes.
5 RECEIVE 4200 1449452572537 

[Reducer3]: Got 185256 bytes.
[Reducer3]: Got 375368 bytes.
5 RECEIVE 4300 1449452596699 

5 RECEIVE 4000 1449452599818 

[Reducer3]: Got 956616 bytes.
Slave finished all tasks and exited.
logger exit
