Awaiting simulation instructions...

Awaiting simulation instructions...

Awaiting simulation instructions...

Awaiting simulation instructions...

Awaiting simulation instructions...

10 RECEIVE 100 1449451953277 

[Reducer8]: Got 90112 bytes.
10 RECEIVE 200 1449451966630 

[Reducer8]: Got 186704 bytes.
[Reducer8]: Got 376992 bytes.
10 RECEIVE 300 1449451978643 

10 RECEIVE 0 1449451999709 

[Reducer8]: Got 950224 bytes.
Awaiting simulation instructions...

Awaiting simulation instructions...

Awaiting simulation instructions...

Awaiting simulation instructions...

10 RECEIVE 500 1449452015917 

[Reducer8]: Got 88488 bytes.
10 RECEIVE 600 1449452031977 

[Reducer8]: Got 186280 bytes.
10 RECEIVE 700 1449452049386 

[Reducer8]: Got 374944 bytes.
10 RECEIVE 400 1449452057399 

[Reducer8]: Got 903464 bytes.
Awaiting simulation instructions...

Awaiting simulation instructions...

Awaiting simulation instructions...

Awaiting simulation instructions...

10 RECEIVE 900 1449452076327 

[Reducer8]: Got 91136 bytes.
[Reducer8]: Got 184232 bytes.
10 RECEIVE 1000 1449452089326 

10 RECEIVE 1100 1449452106306 

[Reducer8]: Got 377416 bytes.
10 RECEIVE 800 1449452120736 

[Reducer8]: Got 954392 bytes.
Awaiting simulation instructions...

Awaiting simulation instructions...

Awaiting simulation instructions...

Awaiting simulation instructions...

10 RECEIVE 1300 1449452136698 

[Reducer8]: Got 90112 bytes.
10 RECEIVE 1400 1449452137214 

[Reducer8]: Got 90112 bytes.
10 RECEIVE 1500 1449452166963 

[Reducer8]: Got 378264 bytes.
10 RECEIVE 1200 1449452178593 

[Reducer8]: Got 958488 bytes.
Awaiting simulation instructions...

Awaiting simulation instructions...

Awaiting simulation instructions...

Awaiting simulation instructions...

10 RECEIVE 1700 1449452198154 

[Reducer8]: Got 91136 bytes.
10 RECEIVE 1800 1449452211966 

[Reducer8]: Got 185080 bytes.
10 RECEIVE 1900 1449452229719 

[Reducer8]: Got 379288 bytes.
[Reducer8]: Got 950488 bytes.
10 RECEIVE 1600 1449452241478 

Awaiting simulation instructions...

Awaiting simulation instructions...

Awaiting simulation instructions...

Awaiting simulation instructions...

10 RECEIVE 2100 1449452257640 

[Reducer8]: Got 91136 bytes.
10 RECEIVE 2200 1449452271369 

[Reducer8]: Got 184232 bytes.
10 RECEIVE 2300 1449452287539 

[Reducer8]: Got 377416 bytes.
10 RECEIVE 2000 1449452301545 

[Reducer8]: Got 955592 bytes.
Awaiting simulation instructions...

Awaiting simulation instructions...

Awaiting simulation instructions...

Awaiting simulation instructions...

[Reducer8]: Got 90112 bytes.
10 RECEIVE 2500 1449452318606 

10 RECEIVE 2600 1449452333171 

[Reducer8]: Got 184232 bytes.
10 RECEIVE 2700 1449452350406 

[Reducer8]: Got 375368 bytes.
10 RECEIVE 2400 1449452362033 

[Reducer8]: Got 953384 bytes.
Awaiting simulation instructions...

Awaiting simulation instructions...

Awaiting simulation instructions...

Awaiting simulation instructions...

10 RECEIVE 2900 1449452376793 

[Reducer8]: Got 89512 bytes.
10 RECEIVE 3000 1449452392080 

[Reducer8]: Got 184232 bytes.
10 RECEIVE 3100 1449452407263 

[Reducer8]: Got 377416 bytes.
10 RECEIVE 2800 1449452420156 

[Reducer8]: Got 954408 bytes.
Awaiting simulation instructions...

Awaiting simulation instructions...

Awaiting simulation instructions...

Awaiting simulation instructions...

10 RECEIVE 3300 1449452437323 

[Reducer8]: Got 89352 bytes.
[Reducer8]: Got 183384 bytes.
10 RECEIVE 3400 1449452452409 

10 RECEIVE 3500 1449452469025 

[Reducer8]: Got 378264 bytes.
10 RECEIVE 3200 1449452482074 

[Reducer8]: Got 953384 bytes.
Awaiting simulation instructions...

Awaiting simulation instructions...

Awaiting simulation instructions...

Awaiting simulation instructions...

10 RECEIVE 3700 1449452497569 

[Reducer8]: Got 91136 bytes.
10 RECEIVE 3800 1449452512928 

[Reducer8]: Got 184232 bytes.
[Reducer8]: Got 376392 bytes.
10 RECEIVE 3900 1449452527935 

10 RECEIVE 3600 1449452542829 

[Reducer8]: Got 957464 bytes.
Awaiting simulation instructions...

Awaiting simulation instructions...

Awaiting simulation instructions...

Awaiting simulation instructions...

10 RECEIVE 4100 1449452557486 

[Reducer8]: Got 88064 bytes.
10 RECEIVE 4200 1449452572645 

[Reducer8]: Got 184232 bytes.
10 RECEIVE 4300 1449452589366 

[Reducer8]: Got 378264 bytes.
10 RECEIVE 4000 1449452603368 

[Reducer8]: Got 954392 bytes.
Slave finished all tasks and exited.
logger exit
