3 RECEIVE 100 1449432930579 
3 RECEIVE 0 1449432961344 
3 RECEIVE 300 1449432974000 
3 RECEIVE 200 1449432997843 
3 RECEIVE 500 1449433013501 
3 RECEIVE 400 1449433036177 
3 RECEIVE 700 1449433054533 
3 RECEIVE 600 1449433079505 
3 RECEIVE 900 1449433095411 
3 RECEIVE 800 1449433115965 
3 RECEIVE 1100 1449433134239 
3 RECEIVE 1000 1449433159702 
3 RECEIVE 1300 1449433174474 
3 RECEIVE 1200 1449433200165 
3 RECEIVE 1500 1449433215348 
3 RECEIVE 1400 1449433239440 
3 RECEIVE 1700 1449433254648 
3 RECEIVE 1600 1449433278566 
3 RECEIVE 1900 1449433296118 
3 RECEIVE 1800 1449433320963 
3 RECEIVE 2100 1449433336136 
3 RECEIVE 2000 1449433356640 
