2 RECEIVE 100 1449432928515 
2 RECEIVE 0 1449432957260 
2 RECEIVE 300 1449432974209 
2 RECEIVE 200 1449432996448 
2 RECEIVE 500 1449433013118 
2 RECEIVE 400 1449433040119 
2 RECEIVE 700 1449433054487 
2 RECEIVE 600 1449433073368 
2 RECEIVE 900 1449433096365 
2 RECEIVE 800 1449433116343 
2 RECEIVE 1100 1449433135537 
2 RECEIVE 1000 1449433160702 
2 RECEIVE 1300 1449433174656 
2 RECEIVE 1200 1449433195697 
2 RECEIVE 1500 1449433215423 
2 RECEIVE 1400 1449433237773 
2 RECEIVE 1700 1449433253353 
2 RECEIVE 1600 1449433277897 
2 RECEIVE 1900 1449433296086 
2 RECEIVE 1800 1449433317902 
2 RECEIVE 2100 1449433335394 
2 RECEIVE 2000 1449433360260 
