9 RECEIVE 100 1449432928196 
9 RECEIVE 0 1449432960462 
9 RECEIVE 300 1449432974255 
9 RECEIVE 200 1449433001367 
9 RECEIVE 500 1449433014251 
9 RECEIVE 400 1449433041798 
9 RECEIVE 700 1449433054667 
9 RECEIVE 600 1449433081027 
9 RECEIVE 900 1449433096080 
9 RECEIVE 800 1449433122528 
9 RECEIVE 1100 1449433135573 
9 RECEIVE 1000 1449433161207 
9 RECEIVE 1300 1449433175039 
9 RECEIVE 1200 1449433200834 
9 RECEIVE 1500 1449433214245 
9 RECEIVE 1400 1449433239848 
9 RECEIVE 1700 1449433253726 
9 RECEIVE 1600 1449433281785 
9 RECEIVE 1900 1449433296593 
9 RECEIVE 1800 1449433322014 
9 RECEIVE 2100 1449433335779 
9 RECEIVE 2000 1449433358133 
