Awaiting simulation instructions...

Awaiting simulation instructions...

Awaiting simulation instructions...

11 RECEIVE 100 1449448266944 

[Reducer9]: Got 90112 bytes.
11 RECEIVE 0 1449448297950 

[Reducer9]: Got 958152 bytes.
Awaiting simulation instructions...

Awaiting simulation instructions...

11 RECEIVE 300 1449448311047 

[Reducer9]: Got 91560 bytes.
11 RECEIVE 200 1449448338428 

[Reducer9]: Got 957304 bytes.
Awaiting simulation instructions...

Awaiting simulation instructions...

11 RECEIVE 500 1449448351147 

[Reducer9]: Got 91136 bytes.
[Reducer9]: Got 956280 bytes.
11 RECEIVE 400 1449448378082 

Awaiting simulation instructions...

Awaiting simulation instructions...

11 RECEIVE 700 1449448391672 

[Reducer9]: Got 91560 bytes.
11 RECEIVE 600 1449448418900 

[Reducer9]: Got 958488 bytes.
Awaiting simulation instructions...

Awaiting simulation instructions...

11 RECEIVE 900 1449448432396 

[Reducer9]: Got 91136 bytes.
11 RECEIVE 800 1449448458839 

[Reducer9]: Got 956280 bytes.
Awaiting simulation instructions...

Awaiting simulation instructions...

11 RECEIVE 1100 1449448472619 

[Reducer9]: Got 91560 bytes.
11 RECEIVE 1000 1449448499289 

[Reducer9]: Got 958488 bytes.
Awaiting simulation instructions...

Awaiting simulation instructions...

11 RECEIVE 1300 1449448513152 

[Reducer9]: Got 91560 bytes.
11 RECEIVE 1200 1449448539349 

[Reducer9]: Got 958152 bytes.
Awaiting simulation instructions...

Awaiting simulation instructions...

11 RECEIVE 1500 1449448553226 

[Reducer9]: Got 91136 bytes.
11 RECEIVE 1400 1449448579344 

[Reducer9]: Got 958488 bytes.
Awaiting simulation instructions...

Awaiting simulation instructions...

11 RECEIVE 1700 1449448590671 

[Reducer9]: Got 90536 bytes.
11 RECEIVE 1600 1449448618728 

[Reducer9]: Got 957464 bytes.
Awaiting simulation instructions...

Awaiting simulation instructions...

11 RECEIVE 1900 1449448633378 

[Reducer9]: Got 91560 bytes.
11 RECEIVE 1800 1449448659490 

[Reducer9]: Got 958152 bytes.
Awaiting simulation instructions...

Awaiting simulation instructions...

[Reducer9]: Got 91560 bytes.
11 RECEIVE 2100 1449448672993 

11 RECEIVE 2000 1449448698902 

[Reducer9]: Got 957304 bytes.
Slave finished all tasks and exited.
logger exit
