Awaiting simulation instructions...

Awaiting simulation instructions...

Awaiting simulation instructions...

10 RECEIVE 100 1449448266255 

[Reducer8]: Got 88080 bytes.
10 RECEIVE 0 1449448294453 

[Reducer8]: Got 957304 bytes.
Awaiting simulation instructions...

Awaiting simulation instructions...

10 RECEIVE 300 1449448310802 

[Reducer8]: Got 91560 bytes.
10 RECEIVE 200 1449448335324 

[Reducer8]: Got 955256 bytes.
Awaiting simulation instructions...

Awaiting simulation instructions...

10 RECEIVE 500 1449448351608 

[Reducer8]: Got 91136 bytes.
10 RECEIVE 400 1449448378393 

[Reducer8]: Got 957304 bytes.
Awaiting simulation instructions...

Awaiting simulation instructions...

10 RECEIVE 700 1449448390949 

[Reducer8]: Got 91560 bytes.
[Reducer8]: Got 959336 bytes.
10 RECEIVE 600 1449448416336 

Awaiting simulation instructions...

Awaiting simulation instructions...

10 RECEIVE 900 1449448432137 

[Reducer8]: Got 91136 bytes.
[Reducer8]: Got 956280 bytes.
10 RECEIVE 800 1449448458509 

Awaiting simulation instructions...

Awaiting simulation instructions...

10 RECEIVE 1100 1449448472141 

[Reducer8]: Got 91560 bytes.
10 RECEIVE 1000 1449448498424 

[Reducer8]: Got 958152 bytes.
Awaiting simulation instructions...

Awaiting simulation instructions...

10 RECEIVE 1300 1449448512264 

[Reducer8]: Got 91560 bytes.
10 RECEIVE 1200 1449448537721 

[Reducer8]: Got 958312 bytes.
Awaiting simulation instructions...

Awaiting simulation instructions...

10 RECEIVE 1500 1449448553292 

[Reducer8]: Got 91136 bytes.
[Reducer8]: Got 958312 bytes.
10 RECEIVE 1400 1449448579023 

Awaiting simulation instructions...

Awaiting simulation instructions...

10 RECEIVE 1700 1449448590862 

[Reducer8]: Got 90536 bytes.
10 RECEIVE 1600 1449448617457 

[Reducer8]: Got 958312 bytes.
Awaiting simulation instructions...

Awaiting simulation instructions...

10 RECEIVE 1900 1449448633334 

[Reducer8]: Got 91560 bytes.
10 RECEIVE 1800 1449448658433 

[Reducer8]: Got 958152 bytes.
Awaiting simulation instructions...

Awaiting simulation instructions...

10 RECEIVE 2100 1449448673202 

[Reducer8]: Got 91560 bytes.
10 RECEIVE 2000 1449448700250 

[Reducer8]: Got 958488 bytes.
Slave finished all tasks and exited.
logger exit
