Awaiting simulation instructions...

Awaiting simulation instructions...

Awaiting simulation instructions...

8 RECEIVE 100 1449448266396 

[Reducer6]: Got 89528 bytes.
8 RECEIVE 0 1449448298542 

[Reducer6]: Got 953120 bytes.
Awaiting simulation instructions...

Awaiting simulation instructions...

8 RECEIVE 300 1449448310552 

[Reducer6]: Got 91560 bytes.
8 RECEIVE 200 1449448337095 

[Reducer6]: Got 955240 bytes.
Awaiting simulation instructions...

Awaiting simulation instructions...

8 RECEIVE 500 1449448350580 

[Reducer6]: Got 91560 bytes.
8 RECEIVE 400 1449448377481 

[Reducer6]: Got 958152 bytes.
Awaiting simulation instructions...

Awaiting simulation instructions...

8 RECEIVE 700 1449448391311 

[Reducer6]: Got 91560 bytes.
8 RECEIVE 600 1449448418246 

[Reducer6]: Got 958488 bytes.
Awaiting simulation instructions...

Awaiting simulation instructions...

8 RECEIVE 900 1449448431572 

[Reducer6]: Got 91560 bytes.
8 RECEIVE 800 1449448456551 

[Reducer6]: Got 958312 bytes.
Awaiting simulation instructions...

Awaiting simulation instructions...

8 RECEIVE 1100 1449448471144 

[Reducer6]: Got 91560 bytes.
[Reducer6]: Got 958064 bytes.
8 RECEIVE 1000 1449448498667 

Awaiting simulation instructions...

Awaiting simulation instructions...

8 RECEIVE 1300 1449448512936 

[Reducer6]: Got 91560 bytes.
8 RECEIVE 1200 1449448538351 

[Reducer6]: Got 957464 bytes.
Awaiting simulation instructions...

Awaiting simulation instructions...

8 RECEIVE 1500 1449448551682 

[Reducer6]: Got 91560 bytes.
8 RECEIVE 1400 1449448579663 

[Reducer6]: Got 959512 bytes.
Awaiting simulation instructions...

Awaiting simulation instructions...

8 RECEIVE 1700 1449448591734 

[Reducer6]: Got 91136 bytes.
8 RECEIVE 1600 1449448618098 

[Reducer6]: Got 958312 bytes.
Awaiting simulation instructions...

Awaiting simulation instructions...

8 RECEIVE 1900 1449448632595 

[Reducer6]: Got 91560 bytes.
8 RECEIVE 1800 1449448656745 

[Reducer6]: Got 958312 bytes.
Awaiting simulation instructions...

Awaiting simulation instructions...

8 RECEIVE 2100 1449448672874 

[Reducer6]: Got 91560 bytes.
8 RECEIVE 2000 1449448698232 

[Reducer6]: Got 958152 bytes.
Slave finished all tasks and exited.
logger exit
