Awaiting simulation instructions...

Awaiting simulation instructions...

Awaiting simulation instructions...

6 RECEIVE 100 1449448264594 

[Reducer4]: Got 91400 bytes.
6 RECEIVE 0 1449448296605 

[Reducer4]: Got 958376 bytes.
Awaiting simulation instructions...

Awaiting simulation instructions...

6 RECEIVE 300 1449448310887 

[Reducer4]: Got 91560 bytes.
6 RECEIVE 200 1449448337454 

[Reducer4]: Got 956016 bytes.
Awaiting simulation instructions...

Awaiting simulation instructions...

6 RECEIVE 500 1449448351407 

[Reducer4]: Got 91560 bytes.
6 RECEIVE 400 1449448376471 

[Reducer4]: Got 958312 bytes.
Awaiting simulation instructions...

Awaiting simulation instructions...

6 RECEIVE 700 1449448390527 

[Reducer4]: Got 91560 bytes.
6 RECEIVE 600 1449448417916 

[Reducer4]: Got 958488 bytes.
Awaiting simulation instructions...

Awaiting simulation instructions...

6 RECEIVE 900 1449448431295 

[Reducer4]: Got 91560 bytes.
6 RECEIVE 800 1449448457840 

[Reducer4]: Got 957304 bytes.
Awaiting simulation instructions...

Awaiting simulation instructions...

6 RECEIVE 1100 1449448472704 

[Reducer4]: Got 91560 bytes.
6 RECEIVE 1000 1449448496709 

[Reducer4]: Got 958312 bytes.
Awaiting simulation instructions...

Awaiting simulation instructions...

6 RECEIVE 1300 1449448512953 

[Reducer4]: Got 91560 bytes.
6 RECEIVE 1200 1449448537100 

[Reducer4]: Got 958312 bytes.
Awaiting simulation instructions...

Awaiting simulation instructions...

6 RECEIVE 1500 1449448552009 

[Reducer4]: Got 91560 bytes.
6 RECEIVE 1400 1449448576890 

[Reducer4]: Got 958488 bytes.
Awaiting simulation instructions...

Awaiting simulation instructions...

6 RECEIVE 1700 1449448591254 

[Reducer4]: Got 91560 bytes.
6 RECEIVE 1600 1449448619755 

[Reducer4]: Got 958152 bytes.
Awaiting simulation instructions...

Awaiting simulation instructions...

[Reducer4]: Got 91560 bytes.
6 RECEIVE 1900 1449448632095 

6 RECEIVE 1800 1449448657405 

[Reducer4]: Got 958312 bytes.
Awaiting simulation instructions...

Awaiting simulation instructions...

6 RECEIVE 2100 1449448671630 

[Reducer4]: Got 91560 bytes.
6 RECEIVE 2000 1449448696846 

[Reducer4]: Got 960184 bytes.
Slave finished all tasks and exited.
logger exit
