Awaiting simulation instructions...

Awaiting simulation instructions...

Awaiting simulation instructions...

5 RECEIVE 100 1449448264751 

[Reducer3]: Got 88488 bytes.
5 RECEIVE 0 1449448294104 

[Reducer3]: Got 960600 bytes.
Awaiting simulation instructions...

Awaiting simulation instructions...

5 RECEIVE 300 1449448310370 

[Reducer3]: Got 91560 bytes.
5 RECEIVE 200 1449448336002 

[Reducer3]: Got 958752 bytes.
Awaiting simulation instructions...

Awaiting simulation instructions...

5 RECEIVE 500 1449448350791 

[Reducer3]: Got 91560 bytes.
5 RECEIVE 400 1449448376783 

[Reducer3]: Got 958488 bytes.
Awaiting simulation instructions...

Awaiting simulation instructions...

[Reducer3]: Got 91560 bytes.
5 RECEIVE 700 1449448391284 

5 RECEIVE 600 1449448415085 

[Reducer3]: Got 958488 bytes.
Awaiting simulation instructions...

Awaiting simulation instructions...

5 RECEIVE 900 1449448432510 

[Reducer3]: Got 91136 bytes.
5 RECEIVE 800 1449448457171 

[Reducer3]: Got 958488 bytes.
Awaiting simulation instructions...

Awaiting simulation instructions...

5 RECEIVE 1100 1449448471421 

[Reducer3]: Got 91560 bytes.
5 RECEIVE 1000 1449448497048 

[Reducer3]: Got 958488 bytes.
Awaiting simulation instructions...

Awaiting simulation instructions...

5 RECEIVE 1300 1449448512560 

[Reducer3]: Got 91560 bytes.
5 RECEIVE 1200 1449448538671 

[Reducer3]: Got 958488 bytes.
Awaiting simulation instructions...

Awaiting simulation instructions...

5 RECEIVE 1500 1449448552450 

[Reducer3]: Got 91560 bytes.
5 RECEIVE 1400 1449448576557 

[Reducer3]: Got 958488 bytes.
Awaiting simulation instructions...

Awaiting simulation instructions...

5 RECEIVE 1700 1449448590475 

[Reducer3]: Got 90536 bytes.
5 RECEIVE 1600 1449448618873 

[Reducer3]: Got 958488 bytes.
Awaiting simulation instructions...

Awaiting simulation instructions...

5 RECEIVE 1900 1449448632738 

[Reducer3]: Got 91560 bytes.
5 RECEIVE 1800 1449448657725 

[Reducer3]: Got 958488 bytes.
Awaiting simulation instructions...

Awaiting simulation instructions...

5 RECEIVE 2100 1449448672918 

[Reducer3]: Got 91560 bytes.
5 RECEIVE 2000 1449448697534 

[Reducer3]: Got 958488 bytes.
Slave finished all tasks and exited.
logger exit
