Awaiting simulation instructions...

Awaiting simulation instructions...

Awaiting simulation instructions...

7 RECEIVE 100 1449448265490 

[Reducer5]: Got 89352 bytes.
7 RECEIVE 0 1449448297293 

[Reducer5]: Got 959176 bytes.
Awaiting simulation instructions...

Awaiting simulation instructions...

7 RECEIVE 300 1449448310227 

[Reducer5]: Got 91560 bytes.
7 RECEIVE 200 1449448336187 

[Reducer5]: Got 957112 bytes.
Awaiting simulation instructions...

Awaiting simulation instructions...

7 RECEIVE 500 1449448351691 

[Reducer5]: Got 91136 bytes.
7 RECEIVE 400 1449448377152 

[Reducer5]: Got 958152 bytes.
Awaiting simulation instructions...

Awaiting simulation instructions...

7 RECEIVE 700 1449448391425 

[Reducer5]: Got 91560 bytes.
7 RECEIVE 600 1449448415715 

[Reducer5]: Got 957464 bytes.
Awaiting simulation instructions...

Awaiting simulation instructions...

7 RECEIVE 900 1449448431754 

[Reducer5]: Got 91136 bytes.
[Reducer5]: Got 959176 bytes.
7 RECEIVE 800 1449448453170 

Awaiting simulation instructions...

Awaiting simulation instructions...

7 RECEIVE 1100 1449448471603 

[Reducer5]: Got 91560 bytes.
7 RECEIVE 1000 1449448497445 

[Reducer5]: Got 958152 bytes.
Awaiting simulation instructions...

Awaiting simulation instructions...

7 RECEIVE 1300 1449448511513 

[Reducer5]: Got 91560 bytes.
7 RECEIVE 1200 1449448537410 

[Reducer5]: Got 958312 bytes.
Awaiting simulation instructions...

Awaiting simulation instructions...

7 RECEIVE 1500 1449448552191 

[Reducer5]: Got 91560 bytes.
7 RECEIVE 1400 1449448574447 

[Reducer5]: Got 958152 bytes.
Awaiting simulation instructions...

Awaiting simulation instructions...

[Reducer5]: Got 91560 bytes.
7 RECEIVE 1700 1449448591781 

7 RECEIVE 1600 1449448617777 

[Reducer5]: Got 958312 bytes.
Awaiting simulation instructions...

Awaiting simulation instructions...

7 RECEIVE 1900 1449448632949 

[Reducer5]: Got 91560 bytes.
7 RECEIVE 1800 1449448660021 

[Reducer5]: Got 958488 bytes.
Awaiting simulation instructions...

Awaiting simulation instructions...

7 RECEIVE 2100 1449448671817 

[Reducer5]: Got 92584 bytes.
7 RECEIVE 2000 1449448697932 

[Reducer5]: Got 958152 bytes.
Slave finished all tasks and exited.
logger exit
