Awaiting simulation instructions...

Awaiting simulation instructions...

Awaiting simulation instructions...

9 RECEIVE 100 1449448267043 

[Reducer7]: Got 89352 bytes.
9 RECEIVE 0 1449448295364 

[Reducer7]: Got 957304 bytes.
Awaiting simulation instructions...

Awaiting simulation instructions...

9 RECEIVE 300 1449448311001 

[Reducer7]: Got 91560 bytes.
9 RECEIVE 200 1449448338087 

[Reducer7]: Got 955256 bytes.
Awaiting simulation instructions...

Awaiting simulation instructions...

9 RECEIVE 500 1449448350379 

[Reducer7]: Got 91560 bytes.
9 RECEIVE 400 1449448377782 

[Reducer7]: Got 958152 bytes.
Awaiting simulation instructions...

Awaiting simulation instructions...

9 RECEIVE 700 1449448390709 

[Reducer7]: Got 91560 bytes.
[Reducer7]: Got 958488 bytes.
9 RECEIVE 600 1449448418580 

Awaiting simulation instructions...

Awaiting simulation instructions...

9 RECEIVE 900 1449448431535 

[Reducer7]: Got 91560 bytes.
9 RECEIVE 800 1449448458189 

[Reducer7]: Got 958152 bytes.
Awaiting simulation instructions...

Awaiting simulation instructions...

9 RECEIVE 1100 1449448471326 

[Reducer7]: Got 91560 bytes.
9 RECEIVE 1000 1449448493287 

[Reducer7]: Got 959752 bytes.
Awaiting simulation instructions...

Awaiting simulation instructions...

[Reducer7]: Got 91560 bytes.
9 RECEIVE 1300 1449448513028 

9 RECEIVE 1200 1449448539039 

[Reducer7]: Got 957304 bytes.
Awaiting simulation instructions...

Awaiting simulation instructions...

9 RECEIVE 1500 1449448553348 

[Reducer7]: Got 91560 bytes.
9 RECEIVE 1400 1449448578712 

[Reducer7]: Got 958312 bytes.
Awaiting simulation instructions...

Awaiting simulation instructions...

9 RECEIVE 1700 1449448591533 

[Reducer7]: Got 91136 bytes.
9 RECEIVE 1600 1449448618418 

[Reducer7]: Got 958488 bytes.
Awaiting simulation instructions...

Awaiting simulation instructions...

9 RECEIVE 1900 1449448633361 

[Reducer7]: Got 91560 bytes.
9 RECEIVE 1800 1449448658772 

[Reducer7]: Got 958152 bytes.
Awaiting simulation instructions...

Awaiting simulation instructions...

9 RECEIVE 2100 1449448672101 

[Reducer7]: Got 91560 bytes.
9 RECEIVE 2000 1449448699859 

[Reducer7]: Got 958312 bytes.
Slave finished all tasks and exited.
logger exit
