Awaiting simulation instructions...

Awaiting simulation instructions...

Awaiting simulation instructions...

4 RECEIVE 100 1449448265223 

[Reducer2]: Got 90376 bytes.
4 RECEIVE 0 1449448296197 

[Reducer2]: Got 958376 bytes.
Awaiting simulation instructions...

Awaiting simulation instructions...

4 RECEIVE 300 1449448309968 

[Reducer2]: Got 91560 bytes.
4 RECEIVE 200 1449448336739 

[Reducer2]: Got 955768 bytes.
Awaiting simulation instructions...

Awaiting simulation instructions...

4 RECEIVE 500 1449448350187 

[Reducer2]: Got 91560 bytes.
[Reducer2]: Got 958312 bytes.
4 RECEIVE 400 1449448376141 

Awaiting simulation instructions...

Awaiting simulation instructions...

4 RECEIVE 700 1449448391189 

[Reducer2]: Got 91560 bytes.
4 RECEIVE 600 1449448414746 

[Reducer2]: Got 959336 bytes.
Awaiting simulation instructions...

Awaiting simulation instructions...

4 RECEIVE 900 1449448431965 

[Reducer2]: Got 91136 bytes.
4 RECEIVE 800 1449448457540 

[Reducer2]: Got 958152 bytes.
Awaiting simulation instructions...

Awaiting simulation instructions...

4 RECEIVE 1100 1449448472563 

[Reducer2]: Got 91560 bytes.
4 RECEIVE 1000 1449448497698 

[Reducer2]: Got 958152 bytes.
Awaiting simulation instructions...

Awaiting simulation instructions...

4 RECEIVE 1300 1449448513208 

[Reducer2]: Got 91560 bytes.
4 RECEIVE 1200 1449448538050 

[Reducer2]: Got 958312 bytes.
Awaiting simulation instructions...

Awaiting simulation instructions...

4 RECEIVE 1500 1449448552584 

[Reducer2]: Got 91560 bytes.
4 RECEIVE 1400 1449448573071 

[Reducer2]: Got 957624 bytes.
Awaiting simulation instructions...

Awaiting simulation instructions...

[Reducer2]: Got 90536 bytes.
4 RECEIVE 1700 1449448591058 

4 RECEIVE 1600 1449448619435 

[Reducer2]: Got 958152 bytes.
Awaiting simulation instructions...

Awaiting simulation instructions...

4 RECEIVE 1900 1449448631904 

[Reducer2]: Got 91560 bytes.
4 RECEIVE 1800 1449448658123 

[Reducer2]: Got 958152 bytes.
Awaiting simulation instructions...

Awaiting simulation instructions...

4 RECEIVE 2100 1449448673306 

[Reducer2]: Got 91560 bytes.
4 RECEIVE 2000 1449448697195 

[Reducer2]: Got 958488 bytes.
Slave finished all tasks and exited.
logger exit
