Awaiting simulation instructions...

Awaiting simulation instructions...

Awaiting simulation instructions...

Awaiting simulation instructions...

Awaiting simulation instructions...

9 RECEIVE 300 1449452013933 

[Reducer7]: Got 90376 bytes.
9 RECEIVE 200 1449452018834 

[Reducer7]: Got 89352 bytes.
9 RECEIVE 100 1449452019324 

[Reducer7]: Got 89352 bytes.
9 RECEIVE 0 1449452049406 

[Reducer7]: Got 958152 bytes.
Awaiting simulation instructions...

Awaiting simulation instructions...

Awaiting simulation instructions...

Awaiting simulation instructions...

9 RECEIVE 600 1449452079606 

[Reducer7]: Got 89512 bytes.
9 RECEIVE 500 1449452080901 

[Reducer7]: Got 90112 bytes.
9 RECEIVE 700 1449452085012 

[Reducer7]: Got 91136 bytes.
9 RECEIVE 400 1449452110303 

[Reducer7]: Got 958488 bytes.
Awaiting simulation instructions...

Awaiting simulation instructions...

Awaiting simulation instructions...

Awaiting simulation instructions...

9 RECEIVE 1000 1449452138586 

[Reducer7]: Got 91136 bytes.
9 RECEIVE 900 1449452140009 

[Reducer7]: Got 91136 bytes.
9 RECEIVE 1100 1449452143858 

[Reducer7]: Got 91136 bytes.
9 RECEIVE 800 1449452171463 

[Reducer7]: Got 957288 bytes.
Awaiting simulation instructions...

Awaiting simulation instructions...

Awaiting simulation instructions...

Awaiting simulation instructions...

9 RECEIVE 1300 1449452199685 

[Reducer7]: Got 91136 bytes.
9 RECEIVE 1400 1449452200621 

[Reducer7]: Got 91136 bytes.
9 RECEIVE 1500 1449452204858 

[Reducer7]: Got 91136 bytes.
[Reducer7]: Got 957040 bytes.
9 RECEIVE 1200 1449452230705 

Awaiting simulation instructions...

Awaiting simulation instructions...

Awaiting simulation instructions...

Awaiting simulation instructions...

9 RECEIVE 1700 1449452259430 

[Reducer7]: Got 91136 bytes.
9 RECEIVE 1800 1449452261150 

[Reducer7]: Got 91136 bytes.
9 RECEIVE 1900 1449452264355 

[Reducer7]: Got 91136 bytes.
9 RECEIVE 1600 1449452291658 

[Reducer7]: Got 957288 bytes.
Awaiting simulation instructions...

Awaiting simulation instructions...

Awaiting simulation instructions...

Awaiting simulation instructions...

9 RECEIVE 2100 1449452322195 

[Reducer7]: Got 91136 bytes.
9 RECEIVE 2200 1449452322316 

[Reducer7]: Got 91136 bytes.
9 RECEIVE 2300 1449452326022 

[Reducer7]: Got 91136 bytes.
9 RECEIVE 2000 1449452351502 

[Reducer7]: Got 955256 bytes.
Awaiting simulation instructions...

Awaiting simulation instructions...

Awaiting simulation instructions...

Awaiting simulation instructions...

9 RECEIVE 2500 1449452380198 

[Reducer7]: Got 90536 bytes.
9 RECEIVE 2600 1449452380817 

[Reducer7]: Got 89512 bytes.
9 RECEIVE 2700 1449452386796 

[Reducer7]: Got 91136 bytes.
9 RECEIVE 2400 1449452411782 

[Reducer7]: Got 955256 bytes.
Awaiting simulation instructions...

Awaiting simulation instructions...

Awaiting simulation instructions...

Awaiting simulation instructions...

9 RECEIVE 2900 1449452441730 

[Reducer7]: Got 91136 bytes.
9 RECEIVE 3000 1449452441796 

[Reducer7]: Got 91136 bytes.
9 RECEIVE 3100 1449452445275 

[Reducer7]: Got 91136 bytes.
9 RECEIVE 2800 1449452472251 

[Reducer7]: Got 958312 bytes.
Awaiting simulation instructions...

Awaiting simulation instructions...

Awaiting simulation instructions...

Awaiting simulation instructions...

9 RECEIVE 3300 1449452501452 

[Reducer7]: Got 91136 bytes.
[Reducer7]: Got 91136 bytes.
9 RECEIVE 3400 1449452502052 

9 RECEIVE 3500 1449452504641 

[Reducer7]: Got 90112 bytes.
9 RECEIVE 3200 1449452532867 

[Reducer7]: Got 959336 bytes.
Awaiting simulation instructions...

Awaiting simulation instructions...

Awaiting simulation instructions...

Awaiting simulation instructions...

9 RECEIVE 3700 1449452560459 

[Reducer7]: Got 89512 bytes.
9 RECEIVE 3800 1449452563055 

[Reducer7]: Got 91136 bytes.
9 RECEIVE 3900 1449452566097 

[Reducer7]: Got 91136 bytes.
9 RECEIVE 3600 1449452587769 

[Reducer7]: Got 956600 bytes.
Awaiting simulation instructions...

Awaiting simulation instructions...

Awaiting simulation instructions...

Awaiting simulation instructions...

9 RECEIVE 4100 1449452622911 

[Reducer7]: Got 91136 bytes.
9 RECEIVE 4200 1449452622967 

[Reducer7]: Got 91136 bytes.
9 RECEIVE 4300 1449452626463 

[Reducer7]: Got 91136 bytes.
9 RECEIVE 4000 1449452651657 

[Reducer7]: Got 956280 bytes.
Slave finished all tasks and exited.
logger exit
