Awaiting simulation instructions...

Awaiting simulation instructions...

Awaiting simulation instructions...

Awaiting simulation instructions...

Awaiting simulation instructions...

6 RECEIVE 100 1449452014157 

[Reducer4]: Got 90376 bytes.
6 RECEIVE 200 1449452016066 

[Reducer4]: Got 90112 bytes.
6 RECEIVE 300 1449452018783 

[Reducer4]: Got 88504 bytes.
6 RECEIVE 0 1449452049731 

[Reducer4]: Got 957304 bytes.
Awaiting simulation instructions...

Awaiting simulation instructions...

Awaiting simulation instructions...

Awaiting simulation instructions...

6 RECEIVE 600 1449452080811 

[Reducer4]: Got 90112 bytes.
6 RECEIVE 500 1449452080977 

[Reducer4]: Got 91136 bytes.
6 RECEIVE 700 1449452084755 

[Reducer4]: Got 91136 bytes.
[Reducer4]: Got 958488 bytes.
6 RECEIVE 400 1449452109275 

Awaiting simulation instructions...

Awaiting simulation instructions...

Awaiting simulation instructions...

Awaiting simulation instructions...

6 RECEIVE 900 1449452138237 

[Reducer4]: Got 89512 bytes.
6 RECEIVE 1000 1449452138797 

[Reducer4]: Got 91136 bytes.
6 RECEIVE 1100 1449452143072 

[Reducer4]: Got 91136 bytes.
6 RECEIVE 800 1449452168633 

[Reducer4]: Got 957040 bytes.
Awaiting simulation instructions...

Awaiting simulation instructions...

Awaiting simulation instructions...

Awaiting simulation instructions...

[Reducer4]: Got 88488 bytes.
6 RECEIVE 1300 1449452199154 

6 RECEIVE 1400 1449452200500 

[Reducer4]: Got 91136 bytes.
[Reducer4]: Got 91560 bytes.
6 RECEIVE 1500 1449452206610 

6 RECEIVE 1200 1449452230318 

[Reducer4]: Got 958064 bytes.
Awaiting simulation instructions...

Awaiting simulation instructions...

Awaiting simulation instructions...

Awaiting simulation instructions...

6 RECEIVE 1700 1449452258553 

[Reducer4]: Got 89512 bytes.
6 RECEIVE 1800 1449452259910 

[Reducer4]: Got 91136 bytes.
6 RECEIVE 1900 1449452264416 

[Reducer4]: Got 91136 bytes.
6 RECEIVE 1600 1449452289159 

[Reducer4]: Got 956616 bytes.
Awaiting simulation instructions...

Awaiting simulation instructions...

Awaiting simulation instructions...

Awaiting simulation instructions...

6 RECEIVE 2200 1449452320220 

[Reducer4]: Got 89512 bytes.
6 RECEIVE 2100 1449452320924 

[Reducer4]: Got 88488 bytes.
[Reducer4]: Got 90112 bytes.
6 RECEIVE 2300 1449452325307 

6 RECEIVE 2000 1449452351221 

[Reducer4]: Got 956280 bytes.
Awaiting simulation instructions...

Awaiting simulation instructions...

Awaiting simulation instructions...

Awaiting simulation instructions...

6 RECEIVE 2600 1449452382273 

[Reducer4]: Got 90112 bytes.
6 RECEIVE 2500 1449452382502 

[Reducer4]: Got 89512 bytes.
6 RECEIVE 2700 1449452387024 

[Reducer4]: Got 91136 bytes.
6 RECEIVE 2400 1449452408590 

[Reducer4]: Got 959672 bytes.
Awaiting simulation instructions...

Awaiting simulation instructions...

Awaiting simulation instructions...

Awaiting simulation instructions...

6 RECEIVE 2900 1449452439013 

[Reducer4]: Got 89512 bytes.
6 RECEIVE 3000 1449452441684 

[Reducer4]: Got 91136 bytes.
6 RECEIVE 3100 1449452444111 

[Reducer4]: Got 91136 bytes.
6 RECEIVE 2800 1449452471367 

[Reducer4]: Got 956280 bytes.
Awaiting simulation instructions...

Awaiting simulation instructions...

Awaiting simulation instructions...

Awaiting simulation instructions...

6 RECEIVE 3300 1449452499515 

[Reducer4]: Got 89512 bytes.
6 RECEIVE 3400 1449452500171 

[Reducer4]: Got 90112 bytes.
6 RECEIVE 3500 1449452505184 

[Reducer4]: Got 91136 bytes.
6 RECEIVE 3200 1449452531681 

[Reducer4]: Got 956280 bytes.
Awaiting simulation instructions...

Awaiting simulation instructions...

Awaiting simulation instructions...

Awaiting simulation instructions...

6 RECEIVE 3800 1449452561653 

[Reducer4]: Got 88488 bytes.
6 RECEIVE 3700 1449452562528 

[Reducer4]: Got 91136 bytes.
6 RECEIVE 3900 1449452567104 

[Reducer4]: Got 91136 bytes.
6 RECEIVE 3600 1449452591233 

[Reducer4]: Got 956280 bytes.
Awaiting simulation instructions...

Awaiting simulation instructions...

Awaiting simulation instructions...

Awaiting simulation instructions...

6 RECEIVE 4100 1449452621493 

[Reducer4]: Got 89352 bytes.
6 RECEIVE 4200 1449452621758 

[Reducer4]: Got 90112 bytes.
6 RECEIVE 4300 1449452625517 

[Reducer4]: Got 91136 bytes.
6 RECEIVE 4000 1449452653339 

[Reducer4]: Got 957288 bytes.
Slave finished all tasks and exited.
logger exit
