Awaiting simulation instructions...

Awaiting simulation instructions...

Awaiting simulation instructions...

Awaiting simulation instructions...

Awaiting simulation instructions...

3 RECEIVE 200 1449452017352 

[Reducer1]: Got 90112 bytes.
3 RECEIVE 100 1449452017568 

[Reducer1]: Got 90112 bytes.
3 RECEIVE 300 1449452019162 

[Reducer1]: Got 89352 bytes.
3 RECEIVE 0 1449452050473 

[Reducer1]: Got 958912 bytes.
Awaiting simulation instructions...

Awaiting simulation instructions...

Awaiting simulation instructions...

Awaiting simulation instructions...

3 RECEIVE 500 1449452077498 

[Reducer1]: Got 90536 bytes.
3 RECEIVE 600 1449452080950 

[Reducer1]: Got 91136 bytes.
3 RECEIVE 700 1449452083932 

[Reducer1]: Got 91136 bytes.
3 RECEIVE 400 1449452107616 

[Reducer1]: Got 958312 bytes.
Awaiting simulation instructions...

Awaiting simulation instructions...

Awaiting simulation instructions...

Awaiting simulation instructions...

3 RECEIVE 900 1449452137642 

[Reducer1]: Got 89512 bytes.
3 RECEIVE 1000 1449452139738 

[Reducer1]: Got 90112 bytes.
3 RECEIVE 1100 1449452142364 

[Reducer1]: Got 91136 bytes.
3 RECEIVE 800 1449452167964 

[Reducer1]: Got 957464 bytes.
Awaiting simulation instructions...

Awaiting simulation instructions...

Awaiting simulation instructions...

Awaiting simulation instructions...

3 RECEIVE 1400 1449452200262 

[Reducer1]: Got 91136 bytes.
3 RECEIVE 1300 1449452201158 

[Reducer1]: Got 91136 bytes.
3 RECEIVE 1500 1449452204564 

[Reducer1]: Got 91136 bytes.
3 RECEIVE 1200 1449452229387 

[Reducer1]: Got 955592 bytes.
Awaiting simulation instructions...

Awaiting simulation instructions...

Awaiting simulation instructions...

Awaiting simulation instructions...

3 RECEIVE 1800 1449452260012 

[Reducer1]: Got 90112 bytes.
[Reducer1]: Got 91136 bytes.
3 RECEIVE 1900 1449452262941 

3 RECEIVE 1700 1449452265762 

[Reducer1]: Got 91136 bytes.
3 RECEIVE 1600 1449452288849 

[Reducer1]: Got 956616 bytes.
Awaiting simulation instructions...

Awaiting simulation instructions...

Awaiting simulation instructions...

Awaiting simulation instructions...

3 RECEIVE 2200 1449452319557 

[Reducer1]: Got 89512 bytes.
3 RECEIVE 2100 1449452320336 

[Reducer1]: Got 88488 bytes.
3 RECEIVE 2300 1449452326154 

[Reducer1]: Got 91136 bytes.
3 RECEIVE 2000 1449452347132 

[Reducer1]: Got 957304 bytes.
Awaiting simulation instructions...

Awaiting simulation instructions...

Awaiting simulation instructions...

Awaiting simulation instructions...

3 RECEIVE 2500 1449452379793 

[Reducer1]: Got 90536 bytes.
3 RECEIVE 2600 1449452382300 

[Reducer1]: Got 89512 bytes.
3 RECEIVE 2700 1449452385482 

[Reducer1]: Got 91136 bytes.
3 RECEIVE 2400 1449452407853 

[Reducer1]: Got 956000 bytes.
Awaiting simulation instructions...

Awaiting simulation instructions...

Awaiting simulation instructions...

Awaiting simulation instructions...

3 RECEIVE 2900 1449452439233 

[Reducer1]: Got 89512 bytes.
3 RECEIVE 3000 1449452441830 

[Reducer1]: Got 91136 bytes.
3 RECEIVE 3100 1449452443929 

[Reducer1]: Got 91136 bytes.
3 RECEIVE 2800 1449452469632 

[Reducer1]: Got 957464 bytes.
Awaiting simulation instructions...

Awaiting simulation instructions...

Awaiting simulation instructions...

Awaiting simulation instructions...

3 RECEIVE 3300 1449452498828 

[Reducer1]: Got 89512 bytes.
3 RECEIVE 3400 1449452501435 

[Reducer1]: Got 91136 bytes.
3 RECEIVE 3500 1449452505448 

[Reducer1]: Got 91136 bytes.
3 RECEIVE 3200 1449452529335 

[Reducer1]: Got 959336 bytes.
Awaiting simulation instructions...

Awaiting simulation instructions...

Awaiting simulation instructions...

Awaiting simulation instructions...

3 RECEIVE 3700 1449452560572 

[Reducer1]: Got 89512 bytes.
3 RECEIVE 3800 1449452563378 

[Reducer1]: Got 91136 bytes.
3 RECEIVE 3900 1449452565714 

[Reducer1]: Got 91136 bytes.
3 RECEIVE 3600 1449452591795 

[Reducer1]: Got 956280 bytes.
Awaiting simulation instructions...

Awaiting simulation instructions...

Awaiting simulation instructions...

Awaiting simulation instructions...

3 RECEIVE 4100 1449452619397 

[Reducer1]: Got 90536 bytes.
3 RECEIVE 4200 1449452622542 

[Reducer1]: Got 91136 bytes.
3 RECEIVE 4300 1449452626313 

[Reducer1]: Got 91136 bytes.
3 RECEIVE 4000 1449452649223 

[Reducer1]: Got 957464 bytes.
Slave finished all tasks and exited.
logger exit
