Awaiting simulation instructions...

Awaiting simulation instructions...

Awaiting simulation instructions...

Awaiting simulation instructions...

Awaiting simulation instructions...

8 RECEIVE 200 1449452013252 

[Reducer6]: Got 89352 bytes.
8 RECEIVE 100 1449452013357 

[Reducer6]: Got 89352 bytes.
8 RECEIVE 300 1449452015902 

[Reducer6]: Got 91400 bytes.
8 RECEIVE 0 1449452051168 

[Reducer6]: Got 957040 bytes.
Awaiting simulation instructions...

Awaiting simulation instructions...

Awaiting simulation instructions...

Awaiting simulation instructions...

8 RECEIVE 500 1449452078127 

[Reducer6]: Got 90536 bytes.
8 RECEIVE 600 1449452080886 

[Reducer6]: Got 91136 bytes.
8 RECEIVE 700 1449452084859 

[Reducer6]: Got 91136 bytes.
8 RECEIVE 400 1449452109857 

[Reducer6]: Got 956616 bytes.
Awaiting simulation instructions...

Awaiting simulation instructions...

Awaiting simulation instructions...

Awaiting simulation instructions...

8 RECEIVE 900 1449452140143 

[Reducer6]: Got 91136 bytes.
8 RECEIVE 1000 1449452140342 

[Reducer6]: Got 91136 bytes.
8 RECEIVE 1100 1449452142900 

[Reducer6]: Got 91136 bytes.
8 RECEIVE 800 1449452166878 

[Reducer6]: Got 956016 bytes.
Awaiting simulation instructions...

Awaiting simulation instructions...

Awaiting simulation instructions...

Awaiting simulation instructions...

8 RECEIVE 1300 1449452200918 

[Reducer6]: Got 91136 bytes.
8 RECEIVE 1400 1449452201548 

[Reducer6]: Got 91136 bytes.
8 RECEIVE 1500 1449452204607 

[Reducer6]: Got 90112 bytes.
8 RECEIVE 1200 1449452229707 

[Reducer6]: Got 958488 bytes.
Awaiting simulation instructions...

Awaiting simulation instructions...

Awaiting simulation instructions...

Awaiting simulation instructions...

8 RECEIVE 1700 1449452259381 

[Reducer6]: Got 90112 bytes.
[Reducer6]: Got 91136 bytes.
8 RECEIVE 1800 1449452260721 

8 RECEIVE 1900 1449452263210 

[Reducer6]: Got 91136 bytes.
8 RECEIVE 1600 1449452291261 

[Reducer6]: Got 958312 bytes.
Awaiting simulation instructions...

Awaiting simulation instructions...

Awaiting simulation instructions...

Awaiting simulation instructions...

8 RECEIVE 2100 1449452321920 

[Reducer6]: Got 91136 bytes.
8 RECEIVE 2200 1449452322641 

[Reducer6]: Got 91136 bytes.
8 RECEIVE 2300 1449452325617 

[Reducer6]: Got 91136 bytes.
8 RECEIVE 2000 1449452350843 

[Reducer6]: Got 957464 bytes.
Awaiting simulation instructions...

Awaiting simulation instructions...

Awaiting simulation instructions...

Awaiting simulation instructions...

8 RECEIVE 2600 1449452381393 

[Reducer6]: Got 89512 bytes.
8 RECEIVE 2500 1449452382933 

[Reducer6]: Got 90112 bytes.
8 RECEIVE 2700 1449452386551 

[Reducer6]: Got 91136 bytes.
8 RECEIVE 2400 1449452411409 

[Reducer6]: Got 955256 bytes.
Awaiting simulation instructions...

Awaiting simulation instructions...

Awaiting simulation instructions...

Awaiting simulation instructions...

8 RECEIVE 3000 1449452440003 

[Reducer6]: Got 91136 bytes.
8 RECEIVE 2900 1449452440645 

[Reducer6]: Got 90112 bytes.
8 RECEIVE 3100 1449452445289 

[Reducer6]: Got 90112 bytes.
8 RECEIVE 2800 1449452472858 

[Reducer6]: Got 957288 bytes.
Awaiting simulation instructions...

Awaiting simulation instructions...

Awaiting simulation instructions...

Awaiting simulation instructions...

[Reducer6]: Got 89512 bytes.
8 RECEIVE 3300 1449452499716 

8 RECEIVE 3400 1449452502183 

[Reducer6]: Got 91136 bytes.
8 RECEIVE 3500 1449452504267 

[Reducer6]: Got 90112 bytes.
8 RECEIVE 3200 1449452530721 

[Reducer6]: Got 958312 bytes.
Awaiting simulation instructions...

Awaiting simulation instructions...

Awaiting simulation instructions...

Awaiting simulation instructions...

8 RECEIVE 3700 1449452560938 

[Reducer6]: Got 89512 bytes.
8 RECEIVE 3800 1449452563264 

[Reducer6]: Got 91136 bytes.
8 RECEIVE 3900 1449452566277 

[Reducer6]: Got 89352 bytes.
8 RECEIVE 3600 1449452590884 

[Reducer6]: Got 957464 bytes.
Awaiting simulation instructions...

Awaiting simulation instructions...

Awaiting simulation instructions...

Awaiting simulation instructions...

8 RECEIVE 4100 1449452622666 

[Reducer6]: Got 91136 bytes.
8 RECEIVE 4200 1449452622770 

[Reducer6]: Got 91136 bytes.
8 RECEIVE 4300 1449452625361 

[Reducer6]: Got 90112 bytes.
8 RECEIVE 4000 1449452651308 

[Reducer6]: Got 957464 bytes.
Slave finished all tasks and exited.
logger exit
