Awaiting simulation instructions...

Awaiting simulation instructions...

Awaiting simulation instructions...

Awaiting simulation instructions...

Awaiting simulation instructions...

10 RECEIVE 200 1449452014467 

[Reducer8]: Got 90376 bytes.
10 RECEIVE 300 1449452017024 

[Reducer8]: Got 90112 bytes.
10 RECEIVE 100 1449452018070 

[Reducer8]: Got 90112 bytes.
10 RECEIVE 0 1449452046566 

[Reducer8]: Got 958152 bytes.
Awaiting simulation instructions...

Awaiting simulation instructions...

Awaiting simulation instructions...

Awaiting simulation instructions...

10 RECEIVE 600 1449452079224 

[Reducer8]: Got 89512 bytes.
10 RECEIVE 500 1449452080263 

[Reducer8]: Got 90112 bytes.
10 RECEIVE 700 1449452085174 

[Reducer8]: Got 91136 bytes.
10 RECEIVE 400 1449452110913 

[Reducer8]: Got 957304 bytes.
Awaiting simulation instructions...

Awaiting simulation instructions...

Awaiting simulation instructions...

Awaiting simulation instructions...

10 RECEIVE 900 1449452137843 

[Reducer8]: Got 89512 bytes.
10 RECEIVE 1000 1449452140357 

[Reducer8]: Got 90112 bytes.
10 RECEIVE 1100 1449452143822 

[Reducer8]: Got 91136 bytes.
10 RECEIVE 800 1449452171201 

[Reducer8]: Got 957288 bytes.
Awaiting simulation instructions...

Awaiting simulation instructions...

Awaiting simulation instructions...

Awaiting simulation instructions...

10 RECEIVE 1300 1449452200096 

[Reducer8]: Got 90112 bytes.
10 RECEIVE 1400 1449452201757 

[Reducer8]: Got 91136 bytes.
10 RECEIVE 1500 1449452205027 

[Reducer8]: Got 90112 bytes.
10 RECEIVE 1200 1449452231763 

[Reducer8]: Got 955256 bytes.
Awaiting simulation instructions...

Awaiting simulation instructions...

Awaiting simulation instructions...

Awaiting simulation instructions...

10 RECEIVE 1700 1449452259764 

[Reducer8]: Got 90112 bytes.
10 RECEIVE 1800 1449452261048 

[Reducer8]: Got 91136 bytes.
10 RECEIVE 1900 1449452264399 

[Reducer8]: Got 91136 bytes.
10 RECEIVE 1600 1449452291542 

[Reducer8]: Got 958312 bytes.
Awaiting simulation instructions...

Awaiting simulation instructions...

Awaiting simulation instructions...

Awaiting simulation instructions...

10 RECEIVE 2100 1449452321576 

[Reducer8]: Got 91136 bytes.
10 RECEIVE 2200 1449452322270 

[Reducer8]: Got 91136 bytes.
10 RECEIVE 2300 1449452326105 

[Reducer8]: Got 90112 bytes.
10 RECEIVE 2000 1449452352350 

[Reducer8]: Got 956280 bytes.
Awaiting simulation instructions...

Awaiting simulation instructions...

Awaiting simulation instructions...

Awaiting simulation instructions...

10 RECEIVE 2500 1449452382989 

[Reducer8]: Got 90112 bytes.
10 RECEIVE 2600 1449452383436 

[Reducer8]: Got 90112 bytes.
10 RECEIVE 2700 1449452387109 

[Reducer8]: Got 91136 bytes.
10 RECEIVE 2400 1449452412024 

[Reducer8]: Got 956280 bytes.
Awaiting simulation instructions...

Awaiting simulation instructions...

Awaiting simulation instructions...

Awaiting simulation instructions...

10 RECEIVE 2900 1449452439443 

[Reducer8]: Got 89512 bytes.
10 RECEIVE 3000 1449452442022 

[Reducer8]: Got 91136 bytes.
10 RECEIVE 3100 1449452444651 

[Reducer8]: Got 91136 bytes.
10 RECEIVE 2800 1449452472193 

[Reducer8]: Got 958312 bytes.
Awaiting simulation instructions...

Awaiting simulation instructions...

Awaiting simulation instructions...

Awaiting simulation instructions...

10 RECEIVE 3400 1449452502008 

[Reducer8]: Got 91136 bytes.
10 RECEIVE 3300 1449452502229 

[Reducer8]: Got 91136 bytes.
10 RECEIVE 3500 1449452505278 

[Reducer8]: Got 91136 bytes.
10 RECEIVE 3200 1449452533120 

[Reducer8]: Got 957288 bytes.
Awaiting simulation instructions...

Awaiting simulation instructions...

Awaiting simulation instructions...

Awaiting simulation instructions...

10 RECEIVE 3700 1449452561310 

[Reducer8]: Got 88064 bytes.
10 RECEIVE 3800 1449452563519 

[Reducer8]: Got 91136 bytes.
10 RECEIVE 3900 1449452566432 

[Reducer8]: Got 91136 bytes.
10 RECEIVE 3600 1449452592799 

[Reducer8]: Got 957288 bytes.
Awaiting simulation instructions...

Awaiting simulation instructions...

Awaiting simulation instructions...

Awaiting simulation instructions...

10 RECEIVE 4100 1449452620505 

[Reducer8]: Got 89512 bytes.
10 RECEIVE 4200 1449452622321 

[Reducer8]: Got 89352 bytes.
10 RECEIVE 4300 1449452625747 

[Reducer8]: Got 91136 bytes.
10 RECEIVE 4000 1449452651958 

[Reducer8]: Got 956280 bytes.
Slave finished all tasks and exited.
logger exit
