Awaiting simulation instructions...

Awaiting simulation instructions...

Awaiting simulation instructions...

Awaiting simulation instructions...

Awaiting simulation instructions...

11 RECEIVE 100 1449452015776 

[Reducer9]: Got 91400 bytes.
11 RECEIVE 300 1449452016583 

[Reducer9]: Got 90112 bytes.
11 RECEIVE 200 1449452019023 

[Reducer9]: Got 89352 bytes.
11 RECEIVE 0 1449452050768 

[Reducer9]: Got 958912 bytes.
Awaiting simulation instructions...

Awaiting simulation instructions...

Awaiting simulation instructions...

Awaiting simulation instructions...

11 RECEIVE 500 1449452079751 

[Reducer9]: Got 89512 bytes.
11 RECEIVE 600 1449452080534 

[Reducer9]: Got 91136 bytes.
11 RECEIVE 700 1449452085357 

[Reducer9]: Got 91136 bytes.
11 RECEIVE 400 1449452110545 

[Reducer9]: Got 958488 bytes.
Awaiting simulation instructions...

Awaiting simulation instructions...

Awaiting simulation instructions...

Awaiting simulation instructions...

11 RECEIVE 900 1449452139355 

[Reducer9]: Got 91136 bytes.
11 RECEIVE 1000 1449452140553 

[Reducer9]: Got 90112 bytes.
11 RECEIVE 1100 1449452142726 

[Reducer9]: Got 90112 bytes.
11 RECEIVE 800 1449452170944 

[Reducer9]: Got 957288 bytes.
Awaiting simulation instructions...

Awaiting simulation instructions...

Awaiting simulation instructions...

Awaiting simulation instructions...

11 RECEIVE 1400 1449452200871 

[Reducer9]: Got 91136 bytes.
11 RECEIVE 1300 1449452201446 

[Reducer9]: Got 91136 bytes.
11 RECEIVE 1500 1449452205202 

[Reducer9]: Got 91136 bytes.
11 RECEIVE 1200 1449452231475 

[Reducer9]: Got 956280 bytes.
Awaiting simulation instructions...

Awaiting simulation instructions...

Awaiting simulation instructions...

Awaiting simulation instructions...

[Reducer9]: Got 91136 bytes.
11 RECEIVE 1700 1449452260109 

[Reducer9]: Got 90112 bytes.
11 RECEIVE 1800 1449452260327 

11 RECEIVE 1900 1449452264202 

[Reducer9]: Got 91136 bytes.
11 RECEIVE 1600 1449452291920 

[Reducer9]: Got 957288 bytes.
Awaiting simulation instructions...

Awaiting simulation instructions...

Awaiting simulation instructions...

Awaiting simulation instructions...

11 RECEIVE 2100 1449452321758 

[Reducer9]: Got 91136 bytes.
11 RECEIVE 2200 1449452322556 

[Reducer9]: Got 91136 bytes.
11 RECEIVE 2300 1449452326324 

[Reducer9]: Got 91136 bytes.
11 RECEIVE 2000 1449452352081 

[Reducer9]: Got 956280 bytes.
Awaiting simulation instructions...

Awaiting simulation instructions...

Awaiting simulation instructions...

Awaiting simulation instructions...

11 RECEIVE 2600 1449452383125 

[Reducer9]: Got 91136 bytes.
11 RECEIVE 2500 1449452383246 

[Reducer9]: Got 89352 bytes.
11 RECEIVE 2700 1449452386665 

[Reducer9]: Got 91136 bytes.
11 RECEIVE 2400 1449452412593 

[Reducer9]: Got 957304 bytes.
Awaiting simulation instructions...

Awaiting simulation instructions...

Awaiting simulation instructions...

Awaiting simulation instructions...

11 RECEIVE 2900 1449452440212 

[Reducer9]: Got 90112 bytes.
11 RECEIVE 3000 1449452441628 

[Reducer9]: Got 91136 bytes.
11 RECEIVE 3100 1449452444853 

[Reducer9]: Got 91136 bytes.
11 RECEIVE 2800 1449452472086 

[Reducer9]: Got 957288 bytes.
Awaiting simulation instructions...

Awaiting simulation instructions...

Awaiting simulation instructions...

Awaiting simulation instructions...

11 RECEIVE 3300 1449452500766 

[Reducer9]: Got 90112 bytes.
11 RECEIVE 3400 1449452502025 

[Reducer9]: Got 91136 bytes.
11 RECEIVE 3500 1449452505553 

[Reducer9]: Got 91136 bytes.
11 RECEIVE 3200 1449452532601 

[Reducer9]: Got 957288 bytes.
Awaiting simulation instructions...

Awaiting simulation instructions...

Awaiting simulation instructions...

Awaiting simulation instructions...

11 RECEIVE 3800 1449452563008 

[Reducer9]: Got 91136 bytes.
11 RECEIVE 3700 1449452563434 

[Reducer9]: Got 91136 bytes.
11 RECEIVE 3900 1449452566653 

[Reducer9]: Got 91136 bytes.
11 RECEIVE 3600 1449452593067 

[Reducer9]: Got 957288 bytes.
Awaiting simulation instructions...

Awaiting simulation instructions...

Awaiting simulation instructions...

Awaiting simulation instructions...

11 RECEIVE 4200 1449452621576 

[Reducer9]: Got 89352 bytes.
11 RECEIVE 4100 1449452622787 

[Reducer9]: Got 91136 bytes.
11 RECEIVE 4300 1449452626427 

[Reducer9]: Got 91136 bytes.
11 RECEIVE 4000 1449452652258 

[Reducer9]: Got 957304 bytes.
Slave finished all tasks and exited.
logger exit
