Awaiting simulation instructions...

Awaiting simulation instructions...

Awaiting simulation instructions...

Awaiting simulation instructions...

Awaiting simulation instructions...

4 RECEIVE 300 1449452014932 

[Reducer2]: Got 90376 bytes.
4 RECEIVE 100 1449452015621 

[Reducer2]: Got 88488 bytes.
4 RECEIVE 200 1449452017912 

[Reducer2]: Got 90112 bytes.
4 RECEIVE 0 1449452050049 

[Reducer2]: Got 958912 bytes.
Awaiting simulation instructions...

Awaiting simulation instructions...

Awaiting simulation instructions...

Awaiting simulation instructions...

4 RECEIVE 500 1449452077801 

[Reducer2]: Got 90536 bytes.
4 RECEIVE 600 1449452078503 

[Reducer2]: Got 89512 bytes.
4 RECEIVE 700 1449452084650 

[Reducer2]: Got 91136 bytes.
4 RECEIVE 400 1449452108789 

[Reducer2]: Got 954392 bytes.
Awaiting simulation instructions...

Awaiting simulation instructions...

Awaiting simulation instructions...

Awaiting simulation instructions...

4 RECEIVE 900 1449452137386 

[Reducer2]: Got 89512 bytes.
4 RECEIVE 1000 1449452140322 

[Reducer2]: Got 90112 bytes.
4 RECEIVE 1100 1449452142546 

[Reducer2]: Got 91136 bytes.
4 RECEIVE 800 1449452168322 

[Reducer2]: Got 958312 bytes.
Awaiting simulation instructions...

Awaiting simulation instructions...

Awaiting simulation instructions...

Awaiting simulation instructions...

4 RECEIVE 1300 1449452198466 

[Reducer2]: Got 90536 bytes.
4 RECEIVE 1400 1449452200482 

[Reducer2]: Got 91560 bytes.
4 RECEIVE 1500 1449452204647 

[Reducer2]: Got 91136 bytes.
4 RECEIVE 1200 1449452229813 

[Reducer2]: Got 957288 bytes.
Awaiting simulation instructions...

Awaiting simulation instructions...

Awaiting simulation instructions...

Awaiting simulation instructions...

4 RECEIVE 1700 1449452257902 

[Reducer2]: Got 89512 bytes.
4 RECEIVE 1800 1449452259219 

[Reducer2]: Got 90112 bytes.
4 RECEIVE 1900 1449452264372 

[Reducer2]: Got 91136 bytes.
4 RECEIVE 1600 1449452288189 

[Reducer2]: Got 958312 bytes.
Awaiting simulation instructions...

Awaiting simulation instructions...

Awaiting simulation instructions...

Awaiting simulation instructions...

4 RECEIVE 2200 1449452319816 

[Reducer2]: Got 89512 bytes.
[Reducer2]: Got 88488 bytes.
4 RECEIVE 2100 1449452320193 

[Reducer2]: Got 91136 bytes.
4 RECEIVE 2300 1449452324771 

4 RECEIVE 2000 1449452350163 

[Reducer2]: Got 957288 bytes.
Awaiting simulation instructions...

Awaiting simulation instructions...

Awaiting simulation instructions...

Awaiting simulation instructions...

4 RECEIVE 2600 1449452382407 

[Reducer2]: Got 90112 bytes.
4 RECEIVE 2500 1449452383297 

[Reducer2]: Got 91560 bytes.
4 RECEIVE 2700 1449452385894 

[Reducer2]: Got 91136 bytes.
4 RECEIVE 2400 1449452410970 

[Reducer2]: Got 954392 bytes.
Awaiting simulation instructions...

Awaiting simulation instructions...

Awaiting simulation instructions...

Awaiting simulation instructions...

4 RECEIVE 2900 1449452439749 

[Reducer2]: Got 89512 bytes.
4 RECEIVE 3000 1449452441341 

[Reducer2]: Got 90112 bytes.
4 RECEIVE 3100 1449452445367 

[Reducer2]: Got 91136 bytes.
4 RECEIVE 2800 1449452468642 

[Reducer2]: Got 957288 bytes.
Awaiting simulation instructions...

Awaiting simulation instructions...

Awaiting simulation instructions...

Awaiting simulation instructions...

4 RECEIVE 3300 1449452499373 

[Reducer2]: Got 89512 bytes.
4 RECEIVE 3400 1449452502108 

[Reducer2]: Got 91136 bytes.
4 RECEIVE 3500 1449452505361 

[Reducer2]: Got 90112 bytes.
4 RECEIVE 3200 1449452530004 

[Reducer2]: Got 958488 bytes.
Awaiting simulation instructions...

Awaiting simulation instructions...

Awaiting simulation instructions...

Awaiting simulation instructions...

4 RECEIVE 3700 1449452561798 

[Reducer2]: Got 89512 bytes.
[Reducer2]: Got 90112 bytes.
4 RECEIVE 3800 1449452562336 

4 RECEIVE 3900 1449452567121 

[Reducer2]: Got 91136 bytes.
4 RECEIVE 3600 1449452580842 

[Reducer2]: Got 820504 bytes.
Awaiting simulation instructions...

Awaiting simulation instructions...

Awaiting simulation instructions...

Awaiting simulation instructions...

4 RECEIVE 4100 1449452619680 

[Reducer2]: Got 89512 bytes.
4 RECEIVE 4200 1449452620208 

[Reducer2]: Got 89512 bytes.
4 RECEIVE 4300 1449452624881 

[Reducer2]: Got 90112 bytes.
4 RECEIVE 4000 1449452650289 

[Reducer2]: Got 957040 bytes.
Slave finished all tasks and exited.
logger exit
