Awaiting simulation instructions...

Awaiting simulation instructions...

Awaiting simulation instructions...

Awaiting simulation instructions...

Awaiting simulation instructions...

7 RECEIVE 100 1449452013827 

[Reducer5]: Got 90376 bytes.
7 RECEIVE 300 1449452017088 

[Reducer5]: Got 90112 bytes.
7 RECEIVE 200 1449452018402 

[Reducer5]: Got 89352 bytes.
7 RECEIVE 0 1449452046246 

[Reducer5]: Got 958152 bytes.
Awaiting simulation instructions...

Awaiting simulation instructions...

Awaiting simulation instructions...

Awaiting simulation instructions...

7 RECEIVE 500 1449452080646 

[Reducer5]: Got 89352 bytes.
7 RECEIVE 600 1449452081018 

[Reducer5]: Got 90112 bytes.
7 RECEIVE 700 1449452084267 

[Reducer5]: Got 91136 bytes.
7 RECEIVE 400 1449452110138 

[Reducer5]: Got 956616 bytes.
Awaiting simulation instructions...

Awaiting simulation instructions...

Awaiting simulation instructions...

Awaiting simulation instructions...

7 RECEIVE 900 1449452140415 

[Reducer5]: Got 91136 bytes.
7 RECEIVE 1000 1449452140539 

[Reducer5]: Got 91136 bytes.
7 RECEIVE 1100 1449452144001 

[Reducer5]: Got 91136 bytes.
7 RECEIVE 800 1449452170003 

[Reducer5]: Got 955256 bytes.
Awaiting simulation instructions...

Awaiting simulation instructions...

Awaiting simulation instructions...

Awaiting simulation instructions...

7 RECEIVE 1300 1449452198803 

[Reducer5]: Got 89512 bytes.
7 RECEIVE 1400 1449452200517 

[Reducer5]: Got 91136 bytes.
7 RECEIVE 1500 1449452204205 

[Reducer5]: Got 90112 bytes.
7 RECEIVE 1200 1449452231088 

[Reducer5]: Got 955168 bytes.
Awaiting simulation instructions...

Awaiting simulation instructions...

Awaiting simulation instructions...

Awaiting simulation instructions...

7 RECEIVE 1700 1449452258429 

[Reducer5]: Got 89512 bytes.
7 RECEIVE 1800 1449452261065 

[Reducer5]: Got 91136 bytes.
7 RECEIVE 1900 1449452264540 

[Reducer5]: Got 91136 bytes.
7 RECEIVE 1600 1449452289575 

[Reducer5]: Got 957304 bytes.
Awaiting simulation instructions...

Awaiting simulation instructions...

Awaiting simulation instructions...

Awaiting simulation instructions...

7 RECEIVE 2100 1449452321023 

[Reducer5]: Got 89512 bytes.
7 RECEIVE 2200 1449452321996 

[Reducer5]: Got 91136 bytes.
7 RECEIVE 2300 1449452326277 

[Reducer5]: Got 91136 bytes.
7 RECEIVE 2000 1449452351783 

[Reducer5]: Got 957304 bytes.
Awaiting simulation instructions...

Awaiting simulation instructions...

Awaiting simulation instructions...

Awaiting simulation instructions...

7 RECEIVE 2500 1449452380461 

[Reducer5]: Got 89512 bytes.
7 RECEIVE 2600 1449452381710 

[Reducer5]: Got 90536 bytes.
7 RECEIVE 2700 1449452386740 

[Reducer5]: Got 91136 bytes.
7 RECEIVE 2400 1449452408988 

[Reducer5]: Got 958648 bytes.
Awaiting simulation instructions...

Awaiting simulation instructions...

Awaiting simulation instructions...

Awaiting simulation instructions...

7 RECEIVE 3000 1449452439620 

[Reducer5]: Got 91136 bytes.
7 RECEIVE 2900 1449452441813 

[Reducer5]: Got 91136 bytes.
7 RECEIVE 3100 1449452445013 

[Reducer5]: Got 90112 bytes.
7 RECEIVE 2800 1449452470058 

[Reducer5]: Got 958312 bytes.
Awaiting simulation instructions...

Awaiting simulation instructions...

Awaiting simulation instructions...

Awaiting simulation instructions...

7 RECEIVE 3400 1449452501527 

[Reducer5]: Got 91136 bytes.
7 RECEIVE 3300 1449452501612 

[Reducer5]: Got 91136 bytes.
7 RECEIVE 3500 1449452504449 

[Reducer5]: Got 90112 bytes.
7 RECEIVE 3200 1449452529655 

[Reducer5]: Got 957464 bytes.
Awaiting simulation instructions...

Awaiting simulation instructions...

Awaiting simulation instructions...

Awaiting simulation instructions...

7 RECEIVE 3800 1449452561607 

[Reducer5]: Got 88488 bytes.
7 RECEIVE 3700 1449452562943 

[Reducer5]: Got 91136 bytes.
7 RECEIVE 3900 1449452565886 

[Reducer5]: Got 91136 bytes.
7 RECEIVE 3600 1449452591514 

[Reducer5]: Got 955256 bytes.
Awaiting simulation instructions...

Awaiting simulation instructions...

Awaiting simulation instructions...

Awaiting simulation instructions...

7 RECEIVE 4200 1449452621297 

[Reducer5]: Got 90112 bytes.
7 RECEIVE 4100 1449452622391 

[Reducer5]: Got 91136 bytes.
7 RECEIVE 4300 1449452625917 

[Reducer5]: Got 90112 bytes.
7 RECEIVE 4000 1449452653620 

[Reducer5]: Got 957288 bytes.
Slave finished all tasks and exited.
logger exit
