10 RECEIVE 200 1449452014467 
10 RECEIVE 300 1449452017024 
10 RECEIVE 100 1449452018070 
10 RECEIVE 0 1449452046566 
10 RECEIVE 600 1449452079224 
10 RECEIVE 500 1449452080263 
10 RECEIVE 700 1449452085174 
10 RECEIVE 400 1449452110913 
10 RECEIVE 900 1449452137843 
10 RECEIVE 1000 1449452140357 
10 RECEIVE 1100 1449452143822 
10 RECEIVE 800 1449452171201 
10 RECEIVE 1300 1449452200096 
10 RECEIVE 1400 1449452201757 
10 RECEIVE 1500 1449452205027 
10 RECEIVE 1200 1449452231763 
10 RECEIVE 1700 1449452259764 
10 RECEIVE 1800 1449452261048 
10 RECEIVE 1900 1449452264399 
10 RECEIVE 1600 1449452291542 
10 RECEIVE 2100 1449452321576 
10 RECEIVE 2200 1449452322270 
10 RECEIVE 2300 1449452326105 
10 RECEIVE 2000 1449452352350 
10 RECEIVE 2500 1449452382989 
10 RECEIVE 2600 1449452383436 
10 RECEIVE 2700 1449452387109 
10 RECEIVE 2400 1449452412024 
10 RECEIVE 2900 1449452439443 
10 RECEIVE 3000 1449452442022 
10 RECEIVE 3100 1449452444651 
10 RECEIVE 2800 1449452472193 
10 RECEIVE 3400 1449452502008 
10 RECEIVE 3300 1449452502229 
10 RECEIVE 3500 1449452505278 
10 RECEIVE 3200 1449452533120 
10 RECEIVE 3700 1449452561310 
10 RECEIVE 3800 1449452563519 
10 RECEIVE 3900 1449452566432 
10 RECEIVE 3600 1449452592799 
10 RECEIVE 4100 1449452620505 
10 RECEIVE 4200 1449452622321 
10 RECEIVE 4300 1449452625747 
10 RECEIVE 4000 1449452651958 
