11 RECEIVE 100 1449452015776 
11 RECEIVE 300 1449452016583 
11 RECEIVE 200 1449452019023 
11 RECEIVE 0 1449452050768 
11 RECEIVE 500 1449452079751 
11 RECEIVE 600 1449452080534 
11 RECEIVE 700 1449452085357 
11 RECEIVE 400 1449452110545 
11 RECEIVE 900 1449452139355 
11 RECEIVE 1000 1449452140553 
11 RECEIVE 1100 1449452142726 
11 RECEIVE 800 1449452170944 
11 RECEIVE 1400 1449452200871 
11 RECEIVE 1300 1449452201446 
11 RECEIVE 1500 1449452205202 
11 RECEIVE 1200 1449452231475 
11 RECEIVE 1700 1449452260109 
11 RECEIVE 1800 1449452260327 
11 RECEIVE 1900 1449452264202 
11 RECEIVE 1600 1449452291920 
11 RECEIVE 2100 1449452321758 
11 RECEIVE 2200 1449452322556 
11 RECEIVE 2300 1449452326324 
11 RECEIVE 2000 1449452352081 
11 RECEIVE 2600 1449452383125 
11 RECEIVE 2500 1449452383246 
11 RECEIVE 2700 1449452386665 
11 RECEIVE 2400 1449452412593 
11 RECEIVE 2900 1449452440212 
11 RECEIVE 3000 1449452441628 
11 RECEIVE 3100 1449452444853 
11 RECEIVE 2800 1449452472086 
11 RECEIVE 3300 1449452500766 
11 RECEIVE 3400 1449452502025 
11 RECEIVE 3500 1449452505553 
11 RECEIVE 3200 1449452532601 
11 RECEIVE 3800 1449452563008 
11 RECEIVE 3700 1449452563434 
11 RECEIVE 3900 1449452566653 
11 RECEIVE 3600 1449452593067 
11 RECEIVE 4200 1449452621576 
11 RECEIVE 4100 1449452622787 
11 RECEIVE 4300 1449452626427 
11 RECEIVE 4000 1449452652258 
