2 RECEIVE 300 1449452012925 
2 RECEIVE 200 1449452013652 
2 RECEIVE 100 1449452015708 
2 RECEIVE 0 1449452048475 
2 RECEIVE 500 1449452077479 
2 RECEIVE 600 1449452078781 
2 RECEIVE 700 1449452084037 
2 RECEIVE 400 1449452103875 
2 RECEIVE 900 1449452137470 
2 RECEIVE 1000 1449452138390 
2 RECEIVE 1100 1449452147372 
2 RECEIVE 800 1449452167634 
2 RECEIVE 1300 1449452198084 
2 RECEIVE 1400 1449452198261 
2 RECEIVE 1500 1449452203776 
2 RECEIVE 1200 1449452227439 
2 RECEIVE 1700 1449452258064 
2 RECEIVE 1800 1449452260665 
2 RECEIVE 1900 1449452264037 
2 RECEIVE 1600 1449452288548 
2 RECEIVE 2100 1449452319058 
2 RECEIVE 2200 1449452319235 
2 RECEIVE 2300 1449452325038 
2 RECEIVE 2000 1449452346618 
2 RECEIVE 2600 1449452382618 
2 RECEIVE 2500 1449452382858 
2 RECEIVE 2700 1449452386939 
2 RECEIVE 2400 1449452407465 
2 RECEIVE 2900 1449452438735 
2 RECEIVE 3000 1449452441463 
2 RECEIVE 3100 1449452445404 
2 RECEIVE 2800 1449452469311 
2 RECEIVE 3300 1449452499288 
2 RECEIVE 3400 1449452500499 
2 RECEIVE 3500 1449452505618 
2 RECEIVE 3200 1449452528618 
2 RECEIVE 3700 1449452561254 
2 RECEIVE 3800 1449452563178 
2 RECEIVE 3900 1449452565542 
2 RECEIVE 3600 1449452588147 
2 RECEIVE 4100 1449452619890 
2 RECEIVE 4200 1449452622209 
2 RECEIVE 4300 1449452625334 
2 RECEIVE 4000 1449452650794 
