3 RECEIVE 200 1449452017352 
3 RECEIVE 100 1449452017568 
3 RECEIVE 300 1449452019162 
3 RECEIVE 0 1449452050473 
3 RECEIVE 500 1449452077498 
3 RECEIVE 600 1449452080950 
3 RECEIVE 700 1449452083932 
3 RECEIVE 400 1449452107616 
3 RECEIVE 900 1449452137642 
3 RECEIVE 1000 1449452139738 
3 RECEIVE 1100 1449452142364 
3 RECEIVE 800 1449452167964 
3 RECEIVE 1400 1449452200262 
3 RECEIVE 1300 1449452201158 
3 RECEIVE 1500 1449452204564 
3 RECEIVE 1200 1449452229387 
3 RECEIVE 1800 1449452260012 
3 RECEIVE 1900 1449452262941 
3 RECEIVE 1700 1449452265762 
3 RECEIVE 1600 1449452288849 
3 RECEIVE 2200 1449452319557 
3 RECEIVE 2100 1449452320336 
3 RECEIVE 2300 1449452326154 
3 RECEIVE 2000 1449452347132 
3 RECEIVE 2500 1449452379793 
3 RECEIVE 2600 1449452382300 
3 RECEIVE 2700 1449452385482 
3 RECEIVE 2400 1449452407853 
3 RECEIVE 2900 1449452439233 
3 RECEIVE 3000 1449452441830 
3 RECEIVE 3100 1449452443929 
3 RECEIVE 2800 1449452469632 
3 RECEIVE 3300 1449452498828 
3 RECEIVE 3400 1449452501435 
3 RECEIVE 3500 1449452505448 
3 RECEIVE 3200 1449452529335 
3 RECEIVE 3700 1449452560572 
3 RECEIVE 3800 1449452563378 
3 RECEIVE 3900 1449452565714 
3 RECEIVE 3600 1449452591795 
3 RECEIVE 4100 1449452619397 
3 RECEIVE 4200 1449452622542 
3 RECEIVE 4300 1449452626313 
3 RECEIVE 4000 1449452649223 
