4 RECEIVE 300 1449452014932 
4 RECEIVE 100 1449452015621 
4 RECEIVE 200 1449452017912 
4 RECEIVE 0 1449452050049 
4 RECEIVE 500 1449452077801 
4 RECEIVE 600 1449452078503 
4 RECEIVE 700 1449452084650 
4 RECEIVE 400 1449452108789 
4 RECEIVE 900 1449452137386 
4 RECEIVE 1000 1449452140322 
4 RECEIVE 1100 1449452142546 
4 RECEIVE 800 1449452168322 
4 RECEIVE 1300 1449452198466 
4 RECEIVE 1400 1449452200482 
4 RECEIVE 1500 1449452204647 
4 RECEIVE 1200 1449452229813 
4 RECEIVE 1700 1449452257902 
4 RECEIVE 1800 1449452259219 
4 RECEIVE 1900 1449452264372 
4 RECEIVE 1600 1449452288189 
4 RECEIVE 2200 1449452319816 
4 RECEIVE 2100 1449452320193 
4 RECEIVE 2300 1449452324771 
4 RECEIVE 2000 1449452350163 
4 RECEIVE 2600 1449452382407 
4 RECEIVE 2500 1449452383297 
4 RECEIVE 2700 1449452385894 
4 RECEIVE 2400 1449452410970 
4 RECEIVE 2900 1449452439749 
4 RECEIVE 3000 1449452441341 
4 RECEIVE 3100 1449452445367 
4 RECEIVE 2800 1449452468642 
4 RECEIVE 3300 1449452499373 
4 RECEIVE 3400 1449452502108 
4 RECEIVE 3500 1449452505361 
4 RECEIVE 3200 1449452530004 
4 RECEIVE 3700 1449452561798 
4 RECEIVE 3800 1449452562336 
4 RECEIVE 3900 1449452567121 
4 RECEIVE 3600 1449452580842 
4 RECEIVE 4100 1449452619680 
4 RECEIVE 4200 1449452620208 
4 RECEIVE 4300 1449452624881 
4 RECEIVE 4000 1449452650289 
