9 RECEIVE 300 1449452013933 
9 RECEIVE 200 1449452018834 
9 RECEIVE 100 1449452019324 
9 RECEIVE 0 1449452049406 
9 RECEIVE 600 1449452079606 
9 RECEIVE 500 1449452080901 
9 RECEIVE 700 1449452085012 
9 RECEIVE 400 1449452110303 
9 RECEIVE 1000 1449452138586 
9 RECEIVE 900 1449452140009 
9 RECEIVE 1100 1449452143858 
9 RECEIVE 800 1449452171463 
9 RECEIVE 1300 1449452199685 
9 RECEIVE 1400 1449452200621 
9 RECEIVE 1500 1449452204858 
9 RECEIVE 1200 1449452230705 
9 RECEIVE 1700 1449452259430 
9 RECEIVE 1800 1449452261150 
9 RECEIVE 1900 1449452264355 
9 RECEIVE 1600 1449452291658 
9 RECEIVE 2100 1449452322195 
9 RECEIVE 2200 1449452322316 
9 RECEIVE 2300 1449452326022 
9 RECEIVE 2000 1449452351502 
9 RECEIVE 2500 1449452380198 
9 RECEIVE 2600 1449452380817 
9 RECEIVE 2700 1449452386796 
9 RECEIVE 2400 1449452411782 
9 RECEIVE 2900 1449452441730 
9 RECEIVE 3000 1449452441796 
9 RECEIVE 3100 1449452445275 
9 RECEIVE 2800 1449452472251 
9 RECEIVE 3300 1449452501452 
9 RECEIVE 3400 1449452502052 
9 RECEIVE 3500 1449452504641 
9 RECEIVE 3200 1449452532867 
9 RECEIVE 3700 1449452560459 
9 RECEIVE 3800 1449452563055 
9 RECEIVE 3900 1449452566097 
9 RECEIVE 3600 1449452587769 
9 RECEIVE 4100 1449452622911 
9 RECEIVE 4200 1449452622967 
9 RECEIVE 4300 1449452626463 
9 RECEIVE 4000 1449452651657 
