6 RECEIVE 100 1449452014157 
6 RECEIVE 200 1449452016066 
6 RECEIVE 300 1449452018783 
6 RECEIVE 0 1449452049731 
6 RECEIVE 600 1449452080811 
6 RECEIVE 500 1449452080977 
6 RECEIVE 700 1449452084755 
6 RECEIVE 400 1449452109275 
6 RECEIVE 900 1449452138237 
6 RECEIVE 1000 1449452138797 
6 RECEIVE 1100 1449452143072 
6 RECEIVE 800 1449452168633 
6 RECEIVE 1300 1449452199154 
6 RECEIVE 1400 1449452200500 
6 RECEIVE 1500 1449452206610 
6 RECEIVE 1200 1449452230318 
6 RECEIVE 1700 1449452258553 
6 RECEIVE 1800 1449452259910 
6 RECEIVE 1900 1449452264416 
6 RECEIVE 1600 1449452289159 
6 RECEIVE 2200 1449452320220 
6 RECEIVE 2100 1449452320924 
6 RECEIVE 2300 1449452325307 
6 RECEIVE 2000 1449452351221 
6 RECEIVE 2600 1449452382273 
6 RECEIVE 2500 1449452382502 
6 RECEIVE 2700 1449452387024 
6 RECEIVE 2400 1449452408590 
6 RECEIVE 2900 1449452439013 
6 RECEIVE 3000 1449452441684 
6 RECEIVE 3100 1449452444111 
6 RECEIVE 2800 1449452471367 
6 RECEIVE 3300 1449452499515 
6 RECEIVE 3400 1449452500171 
6 RECEIVE 3500 1449452505184 
6 RECEIVE 3200 1449452531681 
6 RECEIVE 3800 1449452561653 
6 RECEIVE 3700 1449452562528 
6 RECEIVE 3900 1449452567104 
6 RECEIVE 3600 1449452591233 
6 RECEIVE 4100 1449452621493 
6 RECEIVE 4200 1449452621758 
6 RECEIVE 4300 1449452625517 
6 RECEIVE 4000 1449452653339 
