7 RECEIVE 100 1449452013827 
7 RECEIVE 300 1449452017088 
7 RECEIVE 200 1449452018402 
7 RECEIVE 0 1449452046246 
7 RECEIVE 500 1449452080646 
7 RECEIVE 600 1449452081018 
7 RECEIVE 700 1449452084267 
7 RECEIVE 400 1449452110138 
7 RECEIVE 900 1449452140415 
7 RECEIVE 1000 1449452140539 
7 RECEIVE 1100 1449452144001 
7 RECEIVE 800 1449452170003 
7 RECEIVE 1300 1449452198803 
7 RECEIVE 1400 1449452200517 
7 RECEIVE 1500 1449452204205 
7 RECEIVE 1200 1449452231088 
7 RECEIVE 1700 1449452258429 
7 RECEIVE 1800 1449452261065 
7 RECEIVE 1900 1449452264540 
7 RECEIVE 1600 1449452289575 
7 RECEIVE 2100 1449452321023 
7 RECEIVE 2200 1449452321996 
7 RECEIVE 2300 1449452326277 
7 RECEIVE 2000 1449452351783 
7 RECEIVE 2500 1449452380461 
7 RECEIVE 2600 1449452381710 
7 RECEIVE 2700 1449452386740 
7 RECEIVE 2400 1449452408988 
7 RECEIVE 3000 1449452439620 
7 RECEIVE 2900 1449452441813 
7 RECEIVE 3100 1449452445013 
7 RECEIVE 2800 1449452470058 
7 RECEIVE 3400 1449452501527 
7 RECEIVE 3300 1449452501612 
7 RECEIVE 3500 1449452504449 
7 RECEIVE 3200 1449452529655 
7 RECEIVE 3800 1449452561607 
7 RECEIVE 3700 1449452562943 
7 RECEIVE 3900 1449452565886 
7 RECEIVE 3600 1449452591514 
7 RECEIVE 4200 1449452621297 
7 RECEIVE 4100 1449452622391 
7 RECEIVE 4300 1449452625917 
7 RECEIVE 4000 1449452653620 
