10 RECEIVE 200 1449453604581 
10 RECEIVE 100 1449453606572 
10 RECEIVE 300 1449453608451 
10 RECEIVE 0 1449453636201 
10 RECEIVE 600 1449453669965 
10 RECEIVE 500 1449453670475 
10 RECEIVE 700 1449453673792 
10 RECEIVE 400 1449453698215 
10 RECEIVE 1000 1449453729880 
10 RECEIVE 900 1449453731263 
10 RECEIVE 1100 1449453734199 
10 RECEIVE 800 1449453759541 
10 RECEIVE 1300 1449453789423 
10 RECEIVE 1400 1449453790834 
10 RECEIVE 1500 1449453792700 
10 RECEIVE 1200 1449453820310 
10 RECEIVE 1700 1449453850428 
10 RECEIVE 1800 1449453850550 
10 RECEIVE 1900 1449453852717 
10 RECEIVE 1600 1449453881070 
10 RECEIVE 2100 1449453910604 
10 RECEIVE 2200 1449453910736 
10 RECEIVE 2300 1449453913926 
10 RECEIVE 2000 1449453940698 
10 RECEIVE 2500 1449453970092 
10 RECEIVE 2600 1449453971792 
10 RECEIVE 2700 1449453975013 
10 RECEIVE 2400 1449454001628 
10 RECEIVE 2900 1449454029887 
10 RECEIVE 3000 1449454030934 
10 RECEIVE 3100 1449454035190 
10 RECEIVE 2800 1449454057413 
10 RECEIVE 3300 1449454092340 
10 RECEIVE 3400 1449454092575 
10 RECEIVE 3500 1449454096716 
10 RECEIVE 3200 1449454121520 
10 RECEIVE 3800 1449454150936 
10 RECEIVE 3700 1449454152103 
10 RECEIVE 3900 1449454155024 
10 RECEIVE 3600 1449454180563 
10 RECEIVE 4200 1449454213279 
10 RECEIVE 4100 1449454213430 
10 RECEIVE 4300 1449454216907 
10 RECEIVE 4000 1449454242012 
