9 RECEIVE 200 1449445941773 
9 RECEIVE 100 1449445944313 
9 RECEIVE 0 1449445973467 
9 RECEIVE 400 1449446007825 
9 RECEIVE 500 1449446009142 
9 RECEIVE 300 1449446035853 
9 RECEIVE 700 1449446067955 
9 RECEIVE 800 1449446069207 
9 RECEIVE 600 1449446096118 
9 RECEIVE 1100 1449446128993 
9 RECEIVE 1000 1449446146489 
9 RECEIVE 900 1449446156129 
9 RECEIVE 1300 1449446187846 
9 RECEIVE 1400 1449446190152 
9 RECEIVE 1200 1449446215393 
9 RECEIVE 1700 1449446248193 
9 RECEIVE 1600 1449446248563 
9 RECEIVE 1500 1449446276618 
9 RECEIVE 1900 1449446308605 
9 RECEIVE 2000 1449446310776 
9 RECEIVE 1800 1449446336777 
9 RECEIVE 2300 1449446369103 
9 RECEIVE 2200 1449446369494 
9 RECEIVE 2100 1449446392483 
9 RECEIVE 2500 1449446428991 
9 RECEIVE 2600 1449446429661 
9 RECEIVE 2400 1449446456881 
9 RECEIVE 2800 1449446487810 
9 RECEIVE 2900 1449446490723 
9 RECEIVE 2700 1449446517467 
9 RECEIVE 3100 1449446550668 
9 RECEIVE 3200 1449446551441 
9 RECEIVE 3000 1449446572617 
