11 RECEIVE 100 1449445942078 
11 RECEIVE 200 1449445943304 
11 RECEIVE 0 1449445975648 
11 RECEIVE 400 1449446006746 
11 RECEIVE 500 1449446008904 
11 RECEIVE 300 1449446036154 
11 RECEIVE 800 1449446068408 
11 RECEIVE 700 1449446068981 
11 RECEIVE 600 1449446096386 
11 RECEIVE 1100 1449446128920 
11 RECEIVE 1000 1449446128937 
11 RECEIVE 900 1449446156022 
11 RECEIVE 1300 1449446190002 
11 RECEIVE 1400 1449446190822 
11 RECEIVE 1200 1449446216507 
11 RECEIVE 1600 1449446250320 
11 RECEIVE 1700 1449446250366 
11 RECEIVE 1500 1449446276803 
11 RECEIVE 1900 1449446309175 
11 RECEIVE 2000 1449446310281 
11 RECEIVE 1800 1449446337083 
11 RECEIVE 2200 1449446369635 
11 RECEIVE 2300 1449446369672 
11 RECEIVE 2100 1449446397603 
11 RECEIVE 2600 1449446430344 
11 RECEIVE 2500 1449446430603 
11 RECEIVE 2400 1449446457840 
11 RECEIVE 2800 1449446488608 
11 RECEIVE 2900 1449446490788 
11 RECEIVE 2700 1449446518029 
11 RECEIVE 3100 1449446550153 
11 RECEIVE 3200 1449446551476 
11 RECEIVE 3000 1449446578231 
