6 RECEIVE 200 1449445943462 
6 RECEIVE 100 1449445947380 
6 RECEIVE 0 1449445973661 
6 RECEIVE 500 1449446008427 
6 RECEIVE 400 1449446008848 
6 RECEIVE 300 1449446034667 
6 RECEIVE 700 1449446066906 
6 RECEIVE 800 1449446069190 
6 RECEIVE 600 1449446095354 
6 RECEIVE 1000 1449446127824 
6 RECEIVE 1100 1449446128478 
6 RECEIVE 900 1449446154636 
6 RECEIVE 1300 1449446187366 
6 RECEIVE 1400 1449446189480 
6 RECEIVE 1200 1449446215684 
6 RECEIVE 1600 1449446248307 
6 RECEIVE 1700 1449446249917 
6 RECEIVE 1500 1449446271248 
6 RECEIVE 1900 1449446309129 
6 RECEIVE 2000 1449446313273 
6 RECEIVE 1800 1449446334558 
6 RECEIVE 2300 1449446366487 
6 RECEIVE 2200 1449446367845 
6 RECEIVE 2100 1449446396681 
6 RECEIVE 2600 1449446429132 
6 RECEIVE 2500 1449446429554 
6 RECEIVE 2400 1449446455055 
6 RECEIVE 2900 1449446490910 
6 RECEIVE 2800 1449446490995 
6 RECEIVE 2700 1449446515768 
6 RECEIVE 3100 1449446548667 
6 RECEIVE 3200 1449446549777 
6 RECEIVE 3000 1449446574981 
