8 RECEIVE 100 1449445942997 
8 RECEIVE 200 1449445943726 
8 RECEIVE 0 1449445974078 
8 RECEIVE 500 1449446008189 
8 RECEIVE 400 1449446008738 
8 RECEIVE 300 1449446035243 
8 RECEIVE 800 1449446067625 
8 RECEIVE 700 1449446068668 
8 RECEIVE 600 1449446094976 
8 RECEIVE 1000 1449446127355 
8 RECEIVE 1100 1449446129231 
8 RECEIVE 900 1449446155760 
8 RECEIVE 1400 1449446190465 
8 RECEIVE 1300 1449446190629 
8 RECEIVE 1200 1449446211239 
8 RECEIVE 1600 1449446247490 
8 RECEIVE 1700 1449446250468 
8 RECEIVE 1500 1449446275968 
8 RECEIVE 1900 1449446307452 
8 RECEIVE 2000 1449446310422 
8 RECEIVE 1800 1449446336457 
8 RECEIVE 2300 1449446368912 
8 RECEIVE 2200 1449446369599 
8 RECEIVE 2100 1449446392745 
8 RECEIVE 2600 1449446430504 
8 RECEIVE 2500 1449446430929 
8 RECEIVE 2400 1449446453657 
8 RECEIVE 2900 1449446489050 
8 RECEIVE 2800 1449446491259 
8 RECEIVE 2700 1449446516498 
8 RECEIVE 3100 1449446550917 
8 RECEIVE 3200 1449446551578 
8 RECEIVE 3000 1449446574012 
