5 RECEIVE 200 1449445940496 
5 RECEIVE 100 1449445943787 
5 RECEIVE 0 1449445973177 
5 RECEIVE 500 1449446008721 
5 RECEIVE 400 1449446008792 
5 RECEIVE 300 1449446033628 
5 RECEIVE 800 1449446066056 
5 RECEIVE 700 1449446067372 
5 RECEIVE 600 1449446092747 
5 RECEIVE 1000 1449446126259 
5 RECEIVE 1100 1449446129267 
5 RECEIVE 900 1449446154296 
5 RECEIVE 1300 1449446187761 
5 RECEIVE 1400 1449446188297 
5 RECEIVE 1200 1449446215899 
5 RECEIVE 1600 1449446248651 
5 RECEIVE 1700 1449446250053 
5 RECEIVE 1500 1449446275270 
5 RECEIVE 1900 1449446307873 
5 RECEIVE 2000 1449446310812 
5 RECEIVE 1800 1449446331239 
5 RECEIVE 2200 1449446367570 
5 RECEIVE 2300 1449446367779 
5 RECEIVE 2100 1449446396309 
5 RECEIVE 2500 1449446427836 
5 RECEIVE 2600 1449446430985 
5 RECEIVE 2400 1449446451980 
5 RECEIVE 2900 1449446491049 
5 RECEIVE 2800 1449446491286 
5 RECEIVE 2700 1449446515467 
5 RECEIVE 3100 1449446551368 
5 RECEIVE 3200 1449446551624 
5 RECEIVE 3000 1449446575282 
