7 RECEIVE 200 1449445944252 
7 RECEIVE 100 1449445944773 
7 RECEIVE 0 1449445974689 
7 RECEIVE 400 1449446007181 
7 RECEIVE 500 1449446008940 
7 RECEIVE 300 1449446034961 
7 RECEIVE 700 1449446067050 
7 RECEIVE 800 1449446068859 
7 RECEIVE 600 1449446094248 
7 RECEIVE 1000 1449446126844 
7 RECEIVE 1100 1449446129360 
7 RECEIVE 900 1449446155208 
7 RECEIVE 1300 1449446189507 
7 RECEIVE 1400 1449446190208 
7 RECEIVE 1200 1449446213991 
7 RECEIVE 1700 1449446249934 
7 RECEIVE 1600 1449446249970 
7 RECEIVE 1500 1449446275658 
7 RECEIVE 1900 1449446308893 
7 RECEIVE 2000 1449446310395 
7 RECEIVE 1800 1449446334248 
7 RECEIVE 2200 1449446367617 
7 RECEIVE 2300 1449446368422 
7 RECEIVE 2100 1449446396991 
7 RECEIVE 2500 1449446430837 
7 RECEIVE 2600 1449446431099 
7 RECEIVE 2400 1449446457196 
7 RECEIVE 2800 1449446488329 
7 RECEIVE 2900 1449446491031 
7 RECEIVE 2700 1449446516166 
7 RECEIVE 3200 1449446548400 
7 RECEIVE 3100 1449446550573 
7 RECEIVE 3000 1449446577906 
