3 RECEIVE 100 1449445942389 
3 RECEIVE 200 1449445944628 
3 RECEIVE 0 1449445972653 
3 RECEIVE 400 1449446005462 
3 RECEIVE 500 1449446008570 
3 RECEIVE 300 1449446031281 
3 RECEIVE 700 1449446065816 
3 RECEIVE 800 1449446067591 
3 RECEIVE 600 1449446093793 
3 RECEIVE 1000 1449446126371 
3 RECEIVE 1100 1449446127528 
3 RECEIVE 900 1449446152641 
3 RECEIVE 1300 1449446188144 
3 RECEIVE 1400 1449446189029 
3 RECEIVE 1200 1449446215082 
3 RECEIVE 1600 1449446246944 
3 RECEIVE 1700 1449446248823 
3 RECEIVE 1500 1449446274940 
3 RECEIVE 2000 1449446309454 
3 RECEIVE 1900 1449446309575 
3 RECEIVE 1800 1449446331472 
3 RECEIVE 2200 1449446367197 
3 RECEIVE 2300 1449446367427 
3 RECEIVE 2100 1449446393365 
3 RECEIVE 2500 1449446428405 
3 RECEIVE 2600 1449446430902 
3 RECEIVE 2400 1449446454687 
3 RECEIVE 2900 1449446489793 
3 RECEIVE 2800 1449446490562 
3 RECEIVE 2700 1449446515070 
3 RECEIVE 3100 1449446548456 
3 RECEIVE 3200 1449446551424 
3 RECEIVE 3000 1449446576022 
