1 SEND 0 1449445935000 
1 SEND 0 1449445935005 
1 SEND 0 1449445935013 
1 SEND 0 1449445935013 
1 SEND 0 1449445935014 
1 SEND 0 1449445935021 
1 SEND 0 1449445935021 
1 SEND 0 1449445935023 
1 SEND 100 1449445935024 
1 SEND 100 1449445935024 
1 SEND 100 1449445935026 
1 SEND 0 1449445935027 
1 SEND 100 1449445935027 
1 SEND 0 1449445935028 
1 SEND 100 1449445935034 
1 SEND 100 1449445935039 
1 SEND 100 1449445935039 
1 SEND 100 1449445935040 
1 SEND 100 1449445935043 
1 SEND 200 1449445935155 
1 SEND 200 1449445935157 
1 SEND 200 1449445935158 
1 SEND 200 1449445935159 
1 SEND 200 1449445935162 
1 SEND 200 1449445935163 
1 SEND 200 1449445935167 
1 SEND 200 1449445935169 
1 SEND 200 1449445935170 
1 SEND 200 1449445935174 
1 SEND 100 1449445936022 
1 SEND 300 1449445995225 
1 SEND 300 1449445995226 
1 SEND 300 1449445995230 
1 SEND 300 1449445995236 
1 SEND 300 1449445995295 
1 SEND 300 1449445995299 
1 SEND 300 1449445995334 
1 SEND 300 1449445995342 
1 SEND 300 1449445995343 
1 SEND 300 1449445995439 
1 SEND 400 1449445996399 
1 SEND 400 1449445996401 
1 SEND 400 1449445996402 
1 SEND 400 1449445996402 
1 SEND 400 1449445996402 
1 SEND 400 1449445996403 
1 SEND 500 1449445996403 
1 SEND 500 1449445996404 
1 SEND 500 1449445996404 
1 SEND 500 1449445996404 
1 SEND 400 1449445996404 
1 SEND 400 1449445996405 
1 SEND 400 1449445996405 
1 SEND 500 1449445996406 
1 SEND 500 1449445996406 
1 SEND 400 1449445996406 
1 SEND 500 1449445996408 
1 SEND 500 1449445996408 
1 SEND 500 1449445996408 
1 SEND 500 1449445996408 
1 SEND 600 1449446055535 
1 SEND 600 1449446055537 
1 SEND 600 1449446055538 
1 SEND 600 1449446055538 
1 SEND 600 1449446055539 
1 SEND 600 1449446055540 
1 SEND 600 1449446055540 
1 SEND 600 1449446055541 
1 SEND 600 1449446055541 
1 SEND 600 1449446055542 
1 SEND 700 1449446056824 
1 SEND 700 1449446056826 
1 SEND 800 1449446056836 
1 SEND 800 1449446056836 
1 SEND 700 1449446056836 
1 SEND 800 1449446056836 
1 SEND 700 1449446056837 
1 SEND 800 1449446056838 
1 SEND 800 1449446056838 
1 SEND 700 1449446056838 
1 SEND 700 1449446056838 
1 SEND 800 1449446056848 
1 SEND 700 1449446056850 
1 SEND 800 1449446056852 
1 SEND 800 1449446056852 
1 SEND 700 1449446056852 
1 SEND 800 1449446056855 
1 SEND 700 1449446056856 
1 SEND 800 1449446056856 
1 SEND 700 1449446056856 
1 SEND 900 1449446115750 
1 SEND 900 1449446115750 
1 SEND 900 1449446115752 
1 SEND 900 1449446115755 
1 SEND 900 1449446115756 
1 SEND 900 1449446115757 
1 SEND 900 1449446115758 
1 SEND 900 1449446115759 
1 SEND 900 1449446115759 
1 SEND 900 1449446115759 
1 SEND 1000 1449446117129 
1 SEND 1000 1449446117129 
1 SEND 1000 1449446117130 
1 SEND 1000 1449446117133 
1 SEND 1000 1449446117134 
1 SEND 1000 1449446117136 
1 SEND 1100 1449446117143 
1 SEND 1000 1449446117143 
1 SEND 1100 1449446117143 
1 SEND 1100 1449446117146 
1 SEND 1100 1449446117146 
1 SEND 1100 1449446117146 
1 SEND 1000 1449446117147 
1 SEND 1000 1449446117147 
1 SEND 1100 1449446117147 
1 SEND 1100 1449446117148 
1 SEND 1100 1449446117149 
1 SEND 1100 1449446117149 
1 SEND 1100 1449446117152 
1 SEND 1000 1449446119826 
1 SEND 1200 1449446175974 
1 SEND 1200 1449446175976 
1 SEND 1200 1449446175976 
1 SEND 1200 1449446175976 
1 SEND 1200 1449446175977 
1 SEND 1200 1449446175977 
1 SEND 1200 1449446175977 
1 SEND 1200 1449446175979 
1 SEND 1200 1449446175979 
1 SEND 1200 1449446175979 
1 SEND 1300 1449446177442 
1 SEND 1300 1449446177442 
1 SEND 1300 1449446177442 
1 SEND 1300 1449446177443 
1 SEND 1300 1449446177443 
1 SEND 1300 1449446177443 
1 SEND 1300 1449446177443 
1 SEND 1400 1449446177453 
1 SEND 1300 1449446177454 
1 SEND 1400 1449446177454 
1 SEND 1300 1449446177455 
1 SEND 1400 1449446177455 
1 SEND 1400 1449446177456 
1 SEND 1400 1449446177456 
1 SEND 1400 1449446177458 
1 SEND 1400 1449446177459 
1 SEND 1400 1449446177458 
1 SEND 1300 1449446177493 
1 SEND 1400 1449446177493 
1 SEND 1400 1449446177501 
1 SEND 1500 1449446236223 
1 SEND 1500 1449446236223 
1 SEND 1500 1449446236223 
1 SEND 1500 1449446236224 
1 SEND 1500 1449446236224 
1 SEND 1500 1449446236224 
1 SEND 1500 1449446236226 
1 SEND 1500 1449446236227 
1 SEND 1500 1449446236227 
1 SEND 1500 1449446236235 
1 SEND 1600 1449446237740 
1 SEND 1600 1449446237740 
1 SEND 1600 1449446237752 
1 SEND 1600 1449446237752 
1 SEND 1600 1449446237753 
1 SEND 1600 1449446237753 
1 SEND 1600 1449446237754 
1 SEND 1600 1449446237754 
1 SEND 1700 1449446237756 
1 SEND 1700 1449446237756 
1 SEND 1700 1449446237756 
1 SEND 1700 1449446237757 
1 SEND 1600 1449446237757 
1 SEND 1700 1449446237758 
1 SEND 1700 1449446237758 
1 SEND 1700 1449446237758 
1 SEND 1700 1449446237759 
1 SEND 1700 1449446237760 
1 SEND 1700 1449446237760 
1 SEND 1600 1449446237762 
1 SEND 1800 1449446296437 
1 SEND 1800 1449446296437 
1 SEND 1800 1449446296437 
1 SEND 1800 1449446296437 
1 SEND 1800 1449446296438 
1 SEND 1800 1449446296438 
1 SEND 1800 1449446296735 
1 SEND 1800 1449446296735 
1 SEND 1800 1449446296739 
1 SEND 1800 1449446296739 
1 SEND 1900 1449446297873 
1 SEND 1900 1449446297874 
1 SEND 1900 1449446297878 
1 SEND 1900 1449446297878 
1 SEND 1900 1449446297878 
1 SEND 1900 1449446297879 
1 SEND 1900 1449446297879 
1 SEND 1900 1449446297879 
1 SEND 2000 1449446297880 
1 SEND 1900 1449446297881 
1 SEND 1900 1449446297897 
1 SEND 2000 1449446297897 
1 SEND 2000 1449446297933 
1 SEND 2000 1449446297935 
1 SEND 2000 1449446297935 
1 SEND 2000 1449446297936 
1 SEND 2000 1449446297936 
1 SEND 2000 1449446297937 
1 SEND 2000 1449446297939 
1 SEND 2000 1449446299135 
1 SEND 2100 1449446356664 
1 SEND 2100 1449446356666 
1 SEND 2100 1449446356668 
1 SEND 2100 1449446356669 
1 SEND 2100 1449446356780 
1 SEND 2100 1449446356829 
1 SEND 2100 1449446356895 
1 SEND 2100 1449446356895 
1 SEND 2100 1449446356897 
1 SEND 2100 1449446356911 
1 SEND 2200 1449446357895 
1 SEND 2200 1449446357895 
1 SEND 2300 1449446357895 
1 SEND 2300 1449446357895 
1 SEND 2200 1449446357896 
1 SEND 2300 1449446357896 
1 SEND 2300 1449446357896 
1 SEND 2200 1449446357897 
1 SEND 2300 1449446357898 
1 SEND 2200 1449446357898 
1 SEND 2300 1449446357917 
1 SEND 2300 1449446357917 
1 SEND 2200 1449446357917 
1 SEND 2200 1449446357917 
1 SEND 2300 1449446357917 
1 SEND 2200 1449446357918 
1 SEND 2300 1449446357918 
1 SEND 2200 1449446357921 
1 SEND 2300 1449446357921 
1 SEND 2200 1449446357921 
1 SEND 2400 1449446416888 
1 SEND 2400 1449446416888 
1 SEND 2400 1449446416889 
1 SEND 2400 1449446416889 
1 SEND 2400 1449446416889 
1 SEND 2400 1449446416891 
1 SEND 2400 1449446417143 
1 SEND 2400 1449446417144 
1 SEND 2400 1449446417156 
1 SEND 2400 1449446417201 
1 SEND 2600 1449446418209 
1 SEND 2500 1449446418209 
1 SEND 2500 1449446418209 
1 SEND 2600 1449446418209 
1 SEND 2500 1449446418210 
1 SEND 2500 1449446418210 
1 SEND 2500 1449446418210 
1 SEND 2600 1449446418211 
1 SEND 2500 1449446418211 
1 SEND 2500 1449446418211 
1 SEND 2500 1449446418212 
1 SEND 2600 1449446418212 
1 SEND 2500 1449446418212 
1 SEND 2600 1449446418212 
1 SEND 2600 1449446418213 
1 SEND 2600 1449446418214 
1 SEND 2600 1449446418215 
1 SEND 2600 1449446418215 
1 SEND 2500 1449446418215 
1 SEND 2600 1449446418217 
1 SEND 2700 1449446477055 
1 SEND 2700 1449446477055 
1 SEND 2700 1449446477055 
1 SEND 2700 1449446477056 
1 SEND 2700 1449446477057 
1 SEND 2700 1449446477057 
1 SEND 2700 1449446477058 
1 SEND 2700 1449446477059 
1 SEND 2700 1449446477061 
1 SEND 2700 1449446477462 
1 SEND 2800 1449446478609 
1 SEND 2800 1449446478609 
1 SEND 2800 1449446478611 
1 SEND 2800 1449446478612 
1 SEND 2800 1449446478613 
1 SEND 2800 1449446478613 
1 SEND 2900 1449446478614 
1 SEND 2800 1449446478614 
1 SEND 2900 1449446478614 
1 SEND 2900 1449446478615 
1 SEND 2800 1449446478615 
1 SEND 2900 1449446478615 
1 SEND 2800 1449446478615 
1 SEND 2900 1449446478616 
1 SEND 2900 1449446478616 
1 SEND 2800 1449446478617 
1 SEND 2900 1449446478617 
1 SEND 2900 1449446478617 
1 SEND 2900 1449446478618 
1 SEND 2900 1449446478620 
1 SEND 3000 1449446537270 
1 SEND 3000 1449446537271 
1 SEND 3000 1449446537271 
1 SEND 3000 1449446537271 
1 SEND 3000 1449446537273 
1 SEND 3000 1449446537275 
1 SEND 3000 1449446537277 
1 SEND 3000 1449446537277 
1 SEND 3000 1449446537690 
1 SEND 3000 1449446537701 
1 SEND 3100 1449446538765 
1 SEND 3100 1449446538765 
1 SEND 3200 1449446538766 
1 SEND 3100 1449446538766 
1 SEND 3100 1449446538766 
1 SEND 3100 1449446538767 
1 SEND 3200 1449446538771 
1 SEND 3200 1449446538771 
1 SEND 3200 1449446538771 
1 SEND 3100 1449446538771 
1 SEND 3100 1449446538772 
1 SEND 3100 1449446538772 
1 SEND 3200 1449446538772 
1 SEND 3100 1449446538772 
1 SEND 3100 1449446538771 
1 SEND 3200 1449446538772 
1 SEND 3200 1449446538772 
1 SEND 3200 1449446538774 
1 SEND 3200 1449446538775 
1 SEND 3200 1449446538776 
