2 RECEIVE 200 1449445941473 
2 RECEIVE 100 1449445945577 
2 RECEIVE 0 1449445976403 
2 RECEIVE 400 1449446007605 
2 RECEIVE 500 1449446008255 
2 RECEIVE 300 1449446027819 
2 RECEIVE 700 1449446067164 
2 RECEIVE 800 1449446067326 
2 RECEIVE 600 1449446094122 
2 RECEIVE 1100 1449446127690 
2 RECEIVE 1000 1449446128592 
2 RECEIVE 900 1449446154927 
2 RECEIVE 1300 1449446189153 
2 RECEIVE 1400 1449446190087 
2 RECEIVE 1200 1449446211559 
2 RECEIVE 1600 1449446247106 
2 RECEIVE 1700 1449446247865 
2 RECEIVE 1500 1449446273497 
2 RECEIVE 2000 1449446308959 
2 RECEIVE 1900 1449446309025 
2 RECEIVE 1800 1449446330754 
2 RECEIVE 2300 1449446367910 
2 RECEIVE 2200 1449446369121 
2 RECEIVE 2100 1449446393995 
2 RECEIVE 2600 1449446428814 
2 RECEIVE 2500 1449446429096 
2 RECEIVE 2400 1449446454306 
2 RECEIVE 2900 1449446488829 
2 RECEIVE 2800 1449446489898 
2 RECEIVE 2700 1449446511690 
2 RECEIVE 3200 1449446550526 
2 RECEIVE 3100 1449446550935 
2 RECEIVE 3000 1449446576758 
