10 RECEIVE 100 1449445941613 
10 RECEIVE 200 1449445942335 
10 RECEIVE 0 1449445975038 
10 RECEIVE 400 1449446005939 
10 RECEIVE 500 1449446008755 
10 RECEIVE 300 1449446035553 
10 RECEIVE 700 1449446068964 
10 RECEIVE 800 1449446069085 
10 RECEIVE 600 1449446095796 
10 RECEIVE 1000 1449446127996 
10 RECEIVE 1100 1449446129333 
10 RECEIVE 900 1449446156448 
10 RECEIVE 1300 1449446188796 
10 RECEIVE 1400 1449446189752 
10 RECEIVE 1200 1449446216788 
10 RECEIVE 1600 1449446250016 
10 RECEIVE 1700 1449446250442 
10 RECEIVE 1500 1449446276308 
10 RECEIVE 1900 1449446308084 
10 RECEIVE 2000 1449446310859 
10 RECEIVE 1800 1449446337296 
10 RECEIVE 2300 1449446368592 
10 RECEIVE 2200 1449446369689 
10 RECEIVE 2100 1449446397291 
10 RECEIVE 2500 1449446430822 
10 RECEIVE 2600 1449446431136 
10 RECEIVE 2400 1449446457516 
10 RECEIVE 2800 1449446488225 
10 RECEIVE 2900 1449446490825 
10 RECEIVE 2700 1449446516818 
10 RECEIVE 3100 1449446548917 
10 RECEIVE 3200 1449446551459 
10 RECEIVE 3000 1449446576438 
