Awaiting simulation instructions...

Awaiting simulation instructions...

Awaiting simulation instructions...

Awaiting simulation instructions...

Awaiting simulation instructions...

9 RECEIVE 100 1449447678961 

[Reducer7]: Got 87480 bytes.
9 RECEIVE 200 1449447685028 

[Reducer7]: Got 184392 bytes.
9 RECEIVE 300 1449447699782 

[Reducer7]: Got 375208 bytes.
9 RECEIVE 0 1449447727120 

[Reducer7]: Got 952360 bytes.
Awaiting simulation instructions...

Awaiting simulation instructions...

Awaiting simulation instructions...

Awaiting simulation instructions...

[Reducer7]: Got 91136 bytes.
9 RECEIVE 500 1449447743295 

9 RECEIVE 600 1449447758829 

[Reducer7]: Got 183384 bytes.
9 RECEIVE 700 1449447774705 

[Reducer7]: Got 376392 bytes.
9 RECEIVE 400 1449447787695 

[Reducer7]: Got 953384 bytes.
Awaiting simulation instructions...

Awaiting simulation instructions...

Awaiting simulation instructions...

Awaiting simulation instructions...

9 RECEIVE 900 1449447805210 

[Reducer7]: Got 91136 bytes.
9 RECEIVE 1000 1449447819019 

[Reducer7]: Got 183384 bytes.
9 RECEIVE 1100 1449447834676 

[Reducer7]: Got 377416 bytes.
9 RECEIVE 800 1449447847999 

[Reducer7]: Got 954392 bytes.
Awaiting simulation instructions...

Awaiting simulation instructions...

Awaiting simulation instructions...

Awaiting simulation instructions...

9 RECEIVE 1300 1449447863362 

[Reducer7]: Got 88064 bytes.
9 RECEIVE 1400 1449447877625 

[Reducer7]: Got 186104 bytes.
9 RECEIVE 1500 1449447893019 

[Reducer7]: Got 378264 bytes.
9 RECEIVE 1200 1449447908101 

[Reducer7]: Got 955592 bytes.
Awaiting simulation instructions...

Awaiting simulation instructions...

Awaiting simulation instructions...

Awaiting simulation instructions...

9 RECEIVE 1700 1449447921522 

[Reducer7]: Got 89512 bytes.
9 RECEIVE 1800 1449447938258 

[Reducer7]: Got 184232 bytes.
9 RECEIVE 1900 1449447954910 

[Reducer7]: Got 377416 bytes.
9 RECEIVE 1600 1449447968537 

[Reducer7]: Got 957464 bytes.
Awaiting simulation instructions...

Awaiting simulation instructions...

Awaiting simulation instructions...

Awaiting simulation instructions...

9 RECEIVE 2100 1449447984818 

[Reducer7]: Got 91136 bytes.
9 RECEIVE 2200 1449447998128 

[Reducer7]: Got 184056 bytes.
9 RECEIVE 2300 1449448015720 

[Reducer7]: Got 376392 bytes.
9 RECEIVE 2000 1449448029090 

[Reducer7]: Got 955416 bytes.
Awaiting simulation instructions...

Awaiting simulation instructions...

Awaiting simulation instructions...

Awaiting simulation instructions...

9 RECEIVE 2500 1449448046586 

[Reducer7]: Got 91136 bytes.
9 RECEIVE 2600 1449448060438 

[Reducer7]: Got 184232 bytes.
9 RECEIVE 2700 1449448075804 

[Reducer7]: Got 378264 bytes.
9 RECEIVE 2400 1449448085041 

[Reducer7]: Got 958824 bytes.
Awaiting simulation instructions...

Awaiting simulation instructions...

Awaiting simulation instructions...

Awaiting simulation instructions...

9 RECEIVE 2900 1449448105951 

[Reducer7]: Got 91136 bytes.
9 RECEIVE 3000 1449448120180 

[Reducer7]: Got 183384 bytes.
[Reducer7]: Got 376392 bytes.
9 RECEIVE 3100 1449448135586 

9 RECEIVE 2800 1449448149425 

[Reducer7]: Got 955592 bytes.
Awaiting simulation instructions...

Awaiting simulation instructions...

Awaiting simulation instructions...

Awaiting simulation instructions...

9 RECEIVE 3300 1449448165217 

[Reducer7]: Got 91136 bytes.
9 RECEIVE 3400 1449448178831 

[Reducer7]: Got 185256 bytes.
9 RECEIVE 3500 1449448195276 

[Reducer7]: Got 378264 bytes.
9 RECEIVE 3200 1449448210049 

[Reducer7]: Got 955416 bytes.
Awaiting simulation instructions...

Awaiting simulation instructions...

Awaiting simulation instructions...

Awaiting simulation instructions...

9 RECEIVE 3700 1449448224365 

[Reducer7]: Got 90112 bytes.
9 RECEIVE 3800 1449448238814 

[Reducer7]: Got 184232 bytes.
9 RECEIVE 3900 1449448255411 

[Reducer7]: Got 374520 bytes.
9 RECEIVE 3600 1449448270231 

[Reducer7]: Got 953544 bytes.
Awaiting simulation instructions...

Awaiting simulation instructions...

Awaiting simulation instructions...

Awaiting simulation instructions...

9 RECEIVE 4100 1449448284285 

[Reducer7]: Got 91136 bytes.
9 RECEIVE 4200 1449448298534 

[Reducer7]: Got 184232 bytes.
9 RECEIVE 4300 1449448315310 

[Reducer7]: Got 377416 bytes.
9 RECEIVE 4000 1449448329862 

[Reducer7]: Got 952520 bytes.
Slave finished all tasks and exited.
logger exit
