Awaiting simulation instructions...

Awaiting simulation instructions...

Awaiting simulation instructions...

Awaiting simulation instructions...

Awaiting simulation instructions...

7 RECEIVE 100 1449447677119 

[Reducer5]: Got 89352 bytes.
7 RECEIVE 200 1449447688950 

[Reducer5]: Got 180616 bytes.
7 RECEIVE 300 1449447706002 

[Reducer5]: Got 376056 bytes.
7 RECEIVE 0 1449447726567 

[Reducer5]: Got 956280 bytes.
Awaiting simulation instructions...

Awaiting simulation instructions...

Awaiting simulation instructions...

Awaiting simulation instructions...

7 RECEIVE 500 1449447744119 

[Reducer5]: Got 91560 bytes.
7 RECEIVE 600 1449447759181 

[Reducer5]: Got 185256 bytes.
7 RECEIVE 700 1449447775627 

[Reducer5]: Got 376392 bytes.
7 RECEIVE 400 1449447783684 

[Reducer5]: Got 959672 bytes.
Awaiting simulation instructions...

Awaiting simulation instructions...

Awaiting simulation instructions...

Awaiting simulation instructions...

7 RECEIVE 900 1449447803186 

[Reducer5]: Got 88488 bytes.
7 RECEIVE 1000 1449447819117 

[Reducer5]: Got 185256 bytes.
7 RECEIVE 1100 1449447834321 

[Reducer5]: Got 377416 bytes.
7 RECEIVE 800 1449447848368 

[Reducer5]: Got 955416 bytes.
Awaiting simulation instructions...

Awaiting simulation instructions...

Awaiting simulation instructions...

Awaiting simulation instructions...

7 RECEIVE 1300 1449447864782 

[Reducer5]: Got 90112 bytes.
7 RECEIVE 1400 1449447877517 

[Reducer5]: Got 186952 bytes.
7 RECEIVE 1500 1449447892166 

[Reducer5]: Got 376392 bytes.
7 RECEIVE 1200 1449447906452 

[Reducer5]: Got 956440 bytes.
Awaiting simulation instructions...

Awaiting simulation instructions...

Awaiting simulation instructions...

Awaiting simulation instructions...

7 RECEIVE 1700 1449447924635 

[Reducer5]: Got 90112 bytes.
7 RECEIVE 1800 1449447938306 

[Reducer5]: Got 184232 bytes.
7 RECEIVE 1900 1449447954440 

[Reducer5]: Got 375368 bytes.
7 RECEIVE 1600 1449447967314 

[Reducer5]: Got 957288 bytes.
Awaiting simulation instructions...

Awaiting simulation instructions...

Awaiting simulation instructions...

Awaiting simulation instructions...

7 RECEIVE 2100 1449447984289 

[Reducer5]: Got 90112 bytes.
7 RECEIVE 2200 1449447998641 

[Reducer5]: Got 185256 bytes.
7 RECEIVE 2300 1449448014817 

[Reducer5]: Got 376392 bytes.
7 RECEIVE 2000 1449448027405 

[Reducer5]: Got 951512 bytes.
Awaiting simulation instructions...

Awaiting simulation instructions...

Awaiting simulation instructions...

Awaiting simulation instructions...

7 RECEIVE 2500 1449448046013 

[Reducer5]: Got 90112 bytes.
7 RECEIVE 2600 1449448060280 

[Reducer5]: Got 184232 bytes.
7 RECEIVE 2700 1449448075515 

[Reducer5]: Got 375368 bytes.
7 RECEIVE 2400 1449448087246 

[Reducer5]: Got 958488 bytes.
Awaiting simulation instructions...

Awaiting simulation instructions...

Awaiting simulation instructions...

Awaiting simulation instructions...

7 RECEIVE 2900 1449448104090 

[Reducer5]: Got 89512 bytes.
7 RECEIVE 3000 1449448120571 

[Reducer5]: Got 185080 bytes.
7 RECEIVE 3100 1449448135884 

[Reducer5]: Got 378264 bytes.
7 RECEIVE 2800 1449448148359 

[Reducer5]: Got 957288 bytes.
Awaiting simulation instructions...

Awaiting simulation instructions...

Awaiting simulation instructions...

Awaiting simulation instructions...

7 RECEIVE 3300 1449448165538 

[Reducer5]: Got 91136 bytes.
7 RECEIVE 3400 1449448179026 

[Reducer5]: Got 185256 bytes.
7 RECEIVE 3500 1449448195343 

[Reducer5]: Got 376392 bytes.
7 RECEIVE 3200 1449448209787 

[Reducer5]: Got 953720 bytes.
Awaiting simulation instructions...

Awaiting simulation instructions...

Awaiting simulation instructions...

Awaiting simulation instructions...

7 RECEIVE 3700 1449448223689 

[Reducer5]: Got 89512 bytes.
7 RECEIVE 3800 1449448239352 

[Reducer5]: Got 183384 bytes.
7 RECEIVE 3900 1449448254949 

[Reducer5]: Got 375368 bytes.
7 RECEIVE 3600 1449448269475 

[Reducer5]: Got 956616 bytes.
Awaiting simulation instructions...

Awaiting simulation instructions...

Awaiting simulation instructions...

Awaiting simulation instructions...

7 RECEIVE 4100 1449448285502 

[Reducer5]: Got 91136 bytes.
7 RECEIVE 4200 1449448298416 

[Reducer5]: Got 184232 bytes.
7 RECEIVE 4300 1449448315772 

[Reducer5]: Got 375368 bytes.
7 RECEIVE 4000 1449448330174 

[Reducer5]: Got 954392 bytes.
Slave finished all tasks and exited.
logger exit
