8 RECEIVE 200 1449445002939 
8 RECEIVE 100 1449445004026 
8 RECEIVE 0 1449445037624 
8 RECEIVE 500 1449445069787 
8 RECEIVE 400 1449445070830 
8 RECEIVE 300 1449445097956 
8 RECEIVE 800 1449445130187 
8 RECEIVE 700 1449445131432 
8 RECEIVE 600 1449445158666 
8 RECEIVE 1100 1449445190861 
8 RECEIVE 1000 1449445191043 
8 RECEIVE 900 1449445216797 
8 RECEIVE 1300 1449445251225 
8 RECEIVE 1400 1449445251623 
8 RECEIVE 1200 1449445275405 
8 RECEIVE 1700 1449445312500 
8 RECEIVE 1600 1449445312964 
8 RECEIVE 1500 1449445339692 
8 RECEIVE 2000 1449445373197 
8 RECEIVE 1900 1449445373598 
8 RECEIVE 1800 1449445396851 
8 RECEIVE 2200 1449445429886 
8 RECEIVE 2300 1449445432200 
8 RECEIVE 2100 1449445459643 
8 RECEIVE 2600 1449445491686 
8 RECEIVE 2500 1449445493738 
8 RECEIVE 2400 1449445518873 
8 RECEIVE 2900 1449445551096 
8 RECEIVE 2800 1449445553711 
8 RECEIVE 2700 1449445576198 
8 RECEIVE 3100 1449445612183 
8 RECEIVE 3200 1449445613453 
8 RECEIVE 3000 1449445637657 
