3 RECEIVE 100 1449445004467 
3 RECEIVE 200 1449445007161 
3 RECEIVE 0 1449445034728 
3 RECEIVE 400 1449445069248 
3 RECEIVE 500 1449445071327 
3 RECEIVE 300 1449445093608 
3 RECEIVE 700 1449445128059 
3 RECEIVE 800 1449445128805 
3 RECEIVE 600 1449445157375 
3 RECEIVE 1000 1449445189175 
3 RECEIVE 1100 1449445190488 
3 RECEIVE 900 1449445216485 
3 RECEIVE 1300 1449445248043 
3 RECEIVE 1400 1449445249980 
3 RECEIVE 1200 1449445277480 
3 RECEIVE 1600 1449445309439 
3 RECEIVE 1700 1449445312054 
3 RECEIVE 1500 1449445337525 
3 RECEIVE 1900 1449445370248 
3 RECEIVE 2000 1449445371837 
3 RECEIVE 1800 1449445398584 
3 RECEIVE 2200 1449445429240 
3 RECEIVE 2300 1449445429630 
3 RECEIVE 2100 1449445458703 
3 RECEIVE 2600 1449445492715 
3 RECEIVE 2500 1449445493823 
3 RECEIVE 2400 1449445517816 
3 RECEIVE 2800 1449445550904 
3 RECEIVE 2900 1449445551737 
3 RECEIVE 2700 1449445577265 
3 RECEIVE 3100 1449445612884 
3 RECEIVE 3200 1449445613670 
3 RECEIVE 3000 1449445640371 
