2 RECEIVE 200 1449445003363 
2 RECEIVE 100 1449445005334 
2 RECEIVE 0 1449445038806 
2 RECEIVE 500 1449445070257 
2 RECEIVE 400 1449445070896 
2 RECEIVE 300 1449445087414 
2 RECEIVE 700 1449445128236 
2 RECEIVE 800 1449445128608 
2 RECEIVE 600 1449445152897 
2 RECEIVE 1000 1449445189462 
2 RECEIVE 1100 1449445190048 
2 RECEIVE 900 1449445212044 
2 RECEIVE 1400 1449445248522 
2 RECEIVE 1300 1449445248742 
2 RECEIVE 1200 1449445277839 
2 RECEIVE 1700 1449445309670 
2 RECEIVE 1600 1449445311180 
2 RECEIVE 1500 1449445336168 
2 RECEIVE 1900 1449445370430 
2 RECEIVE 2000 1449445371347 
2 RECEIVE 1800 1449445398069 
2 RECEIVE 2200 1449445429063 
2 RECEIVE 2300 1449445432567 
2 RECEIVE 2100 1449445455572 
2 RECEIVE 2500 1449445491224 
2 RECEIVE 2600 1449445493204 
2 RECEIVE 2400 1449445518514 
2 RECEIVE 2800 1449445550385 
2 RECEIVE 2900 1449445553164 
2 RECEIVE 2700 1449445576635 
2 RECEIVE 3100 1449445611290 
2 RECEIVE 3200 1449445613789 
2 RECEIVE 3000 1449445636930 
