7 RECEIVE 100 1449445002694 
7 RECEIVE 200 1449445006110 
7 RECEIVE 0 1449445038056 
7 RECEIVE 500 1449445068904 
7 RECEIVE 400 1449445069731 
7 RECEIVE 300 1449445098198 
7 RECEIVE 800 1449445129794 
7 RECEIVE 700 1449445129850 
7 RECEIVE 600 1449445155049 
7 RECEIVE 1000 1449445191235 
7 RECEIVE 1100 1449445191598 
7 RECEIVE 900 1449445217214 
7 RECEIVE 1300 1449445250230 
7 RECEIVE 1400 1449445251031 
7 RECEIVE 1200 1449445278635 
7 RECEIVE 1600 1449445310140 
7 RECEIVE 1700 1449445311911 
7 RECEIVE 1500 1449445335722 
7 RECEIVE 2000 1449445373625 
7 RECEIVE 1900 1449445373746 
7 RECEIVE 1800 1449445393962 
7 RECEIVE 2300 1449445430336 
7 RECEIVE 2200 1449445430959 
7 RECEIVE 2100 1449445458209 
7 RECEIVE 2600 1449445492484 
7 RECEIVE 2500 1449445493953 
7 RECEIVE 2400 1449445518156 
7 RECEIVE 2800 1449445551584 
7 RECEIVE 2900 1449445553461 
7 RECEIVE 2700 1449445580859 
7 RECEIVE 3200 1449445612816 
7 RECEIVE 3100 1449445613555 
7 RECEIVE 3000 1449445641180 
