Awaiting simulation instructions...

Awaiting simulation instructions...

Awaiting simulation instructions...

5 RECEIVE 100 1449531973465 

[Reducer3]: Got 185856 bytes.
5 RECEIVE 0 1449531998143 

[Reducer3]: Got 957288 bytes.
Awaiting simulation instructions...

Awaiting simulation instructions...

5 RECEIVE 300 1449532028455 

[Reducer3]: Got 187128 bytes.
5 RECEIVE 200 1449532048365 

[Reducer3]: Got 957464 bytes.
Awaiting simulation instructions...

Awaiting simulation instructions...

5 RECEIVE 500 1449532078864 

[Reducer3]: Got 186280 bytes.
5 RECEIVE 400 1449532097498 

[Reducer3]: Got 956264 bytes.
Awaiting simulation instructions...

Awaiting simulation instructions...

5 RECEIVE 700 1449532129099 

[Reducer3]: Got 186280 bytes.
5 RECEIVE 600 1449532146227 

[Reducer3]: Got 956616 bytes.
Awaiting simulation instructions...

Awaiting simulation instructions...

5 RECEIVE 900 1449532178614 

[Reducer3]: Got 187128 bytes.
5 RECEIVE 800 1449532197209 

[Reducer3]: Got 957288 bytes.
Awaiting simulation instructions...

Awaiting simulation instructions...

5 RECEIVE 1100 1449532228424 

[Reducer3]: Got 186280 bytes.
5 RECEIVE 1000 1449532248926 

[Reducer3]: Got 958152 bytes.
Awaiting simulation instructions...

Awaiting simulation instructions...

5 RECEIVE 1300 1449532280409 

[Reducer3]: Got 186280 bytes.
[Reducer3]: Got 958312 bytes.
5 RECEIVE 1200 1449532298508 

Awaiting simulation instructions...

Awaiting simulation instructions...

5 RECEIVE 1500 1449532329070 

[Reducer3]: Got 186280 bytes.
5 RECEIVE 1400 1449532348923 

[Reducer3]: Got 958312 bytes.
Awaiting simulation instructions...

Awaiting simulation instructions...

5 RECEIVE 1700 1449532380514 

[Reducer3]: Got 187128 bytes.
5 RECEIVE 1600 1449532398800 

[Reducer3]: Got 958312 bytes.
Awaiting simulation instructions...

Awaiting simulation instructions...

5 RECEIVE 1900 1449532430801 

[Reducer3]: Got 187128 bytes.
[Reducer3]: Got 958312 bytes.
5 RECEIVE 1800 1449532448619 

Awaiting simulation instructions...

Awaiting simulation instructions...

5 RECEIVE 2100 1449532480195 

[Reducer3]: Got 185256 bytes.
5 RECEIVE 2000 1449532498069 

[Reducer3]: Got 957464 bytes.
Slave finished all tasks and exited.
logger exit
