Awaiting simulation instructions...

Awaiting simulation instructions...

Awaiting simulation instructions...

8 RECEIVE 100 1449531971138 

[Reducer6]: Got 186968 bytes.
8 RECEIVE 0 1449531998793 

[Reducer6]: Got 958328 bytes.
Awaiting simulation instructions...

Awaiting simulation instructions...

8 RECEIVE 300 1449532029030 

[Reducer6]: Got 187128 bytes.
8 RECEIVE 200 1449532048200 

[Reducer6]: Got 956616 bytes.
Awaiting simulation instructions...

Awaiting simulation instructions...

8 RECEIVE 500 1449532079662 

[Reducer6]: Got 186280 bytes.
8 RECEIVE 400 1449532098811 

[Reducer6]: Got 958152 bytes.
Awaiting simulation instructions...

Awaiting simulation instructions...

8 RECEIVE 700 1449532128710 

[Reducer6]: Got 186280 bytes.
8 RECEIVE 600 1449532147410 

[Reducer6]: Got 958488 bytes.
Awaiting simulation instructions...

Awaiting simulation instructions...

8 RECEIVE 900 1449532178731 

[Reducer6]: Got 186280 bytes.
8 RECEIVE 800 1449532200170 

[Reducer6]: Got 958488 bytes.
Awaiting simulation instructions...

Awaiting simulation instructions...

8 RECEIVE 1100 1449532229709 

[Reducer6]: Got 187128 bytes.
8 RECEIVE 1000 1449532250615 

[Reducer6]: Got 957464 bytes.
Awaiting simulation instructions...

Awaiting simulation instructions...

8 RECEIVE 1300 1449532281169 

[Reducer6]: Got 187128 bytes.
8 RECEIVE 1200 1449532300011 

[Reducer6]: Got 958152 bytes.
Awaiting simulation instructions...

Awaiting simulation instructions...

8 RECEIVE 1500 1449532329402 

[Reducer6]: Got 187128 bytes.
8 RECEIVE 1400 1449532349564 

[Reducer6]: Got 958488 bytes.
Awaiting simulation instructions...

Awaiting simulation instructions...

8 RECEIVE 1700 1449532380348 

[Reducer6]: Got 187128 bytes.
8 RECEIVE 1600 1449532398485 

[Reducer6]: Got 958312 bytes.
Awaiting simulation instructions...

Awaiting simulation instructions...

8 RECEIVE 1900 1449532429874 

[Reducer6]: Got 187128 bytes.
8 RECEIVE 1800 1449532449317 

[Reducer6]: Got 957304 bytes.
Awaiting simulation instructions...

Awaiting simulation instructions...

8 RECEIVE 2100 1449532479795 

[Reducer6]: Got 186280 bytes.
8 RECEIVE 2000 1449532500619 

[Reducer6]: Got 958312 bytes.
Slave finished all tasks and exited.
logger exit
