Awaiting simulation instructions...

Awaiting simulation instructions...

Awaiting simulation instructions...

10 RECEIVE 100 1449531971428 

[Reducer8]: Got 186968 bytes.
10 RECEIVE 0 1449531997460 

[Reducer8]: Got 959176 bytes.
Awaiting simulation instructions...

Awaiting simulation instructions...

10 RECEIVE 300 1449532028348 

[Reducer8]: Got 186280 bytes.
10 RECEIVE 200 1449532049968 

[Reducer8]: Got 956280 bytes.
Awaiting simulation instructions...

Awaiting simulation instructions...

10 RECEIVE 500 1449532079800 

[Reducer8]: Got 187128 bytes.
10 RECEIVE 400 1449532096781 

[Reducer8]: Got 956280 bytes.
Awaiting simulation instructions...

Awaiting simulation instructions...

10 RECEIVE 700 1449532129344 

[Reducer8]: Got 186280 bytes.
10 RECEIVE 600 1449532149087 

[Reducer8]: Got 955256 bytes.
Awaiting simulation instructions...

Awaiting simulation instructions...

10 RECEIVE 900 1449532179463 

[Reducer8]: Got 185256 bytes.
10 RECEIVE 800 1449532200480 

[Reducer8]: Got 957464 bytes.
Awaiting simulation instructions...

Awaiting simulation instructions...

10 RECEIVE 1100 1449532228805 

[Reducer8]: Got 186280 bytes.
10 RECEIVE 1000 1449532247966 

[Reducer8]: Got 958312 bytes.
Awaiting simulation instructions...

Awaiting simulation instructions...

[Reducer8]: Got 187128 bytes.
10 RECEIVE 1300 1449532281120 

10 RECEIVE 1200 1449532300486 

[Reducer8]: Got 957304 bytes.
Awaiting simulation instructions...

Awaiting simulation instructions...

10 RECEIVE 1500 1449532330475 

[Reducer8]: Got 185256 bytes.
10 RECEIVE 1400 1449532349243 

[Reducer8]: Got 958312 bytes.
Awaiting simulation instructions...

Awaiting simulation instructions...

10 RECEIVE 1700 1449532381070 

[Reducer8]: Got 186280 bytes.
10 RECEIVE 1600 1449532400945 

[Reducer8]: Got 958488 bytes.
Awaiting simulation instructions...

Awaiting simulation instructions...

10 RECEIVE 1900 1449532431113 

[Reducer8]: Got 186280 bytes.
10 RECEIVE 1800 1449532450375 

[Reducer8]: Got 958488 bytes.
Awaiting simulation instructions...

Awaiting simulation instructions...

10 RECEIVE 2100 1449532480655 

[Reducer8]: Got 186280 bytes.
10 RECEIVE 2000 1449532501231 

[Reducer8]: Got 957464 bytes.
Slave finished all tasks and exited.
logger exit
