Awaiting simulation instructions...

Awaiting simulation instructions...

Awaiting simulation instructions...

6 RECEIVE 100 1449531968609 

[Reducer4]: Got 185944 bytes.
6 RECEIVE 0 1449531999256 

[Reducer4]: Got 958328 bytes.
Awaiting simulation instructions...

Awaiting simulation instructions...

6 RECEIVE 300 1449532029011 

[Reducer4]: Got 187128 bytes.
6 RECEIVE 200 1449532048835 

[Reducer4]: Got 958488 bytes.
Awaiting simulation instructions...

Awaiting simulation instructions...

6 RECEIVE 500 1449532079069 

[Reducer4]: Got 186280 bytes.
6 RECEIVE 400 1449532095084 

[Reducer4]: Got 959576 bytes.
Awaiting simulation instructions...

Awaiting simulation instructions...

[Reducer4]: Got 186280 bytes.
6 RECEIVE 700 1449532131790 

[Reducer4]: Got 957288 bytes.
6 RECEIVE 600 1449532148167 

Awaiting simulation instructions...

Awaiting simulation instructions...

6 RECEIVE 900 1449532178906 

[Reducer4]: Got 186280 bytes.
6 RECEIVE 800 1449532197859 

[Reducer4]: Got 958488 bytes.
Awaiting simulation instructions...

Awaiting simulation instructions...

6 RECEIVE 1100 1449532229145 

[Reducer4]: Got 186280 bytes.
6 RECEIVE 1000 1449532249828 

[Reducer4]: Got 958488 bytes.
Awaiting simulation instructions...

Awaiting simulation instructions...

6 RECEIVE 1300 1449532281472 

[Reducer4]: Got 186280 bytes.
6 RECEIVE 1200 1449532298881 

[Reducer4]: Got 958312 bytes.
Awaiting simulation instructions...

Awaiting simulation instructions...

6 RECEIVE 1500 1449532329567 

[Reducer4]: Got 186280 bytes.
6 RECEIVE 1400 1449532348535 

[Reducer4]: Got 957464 bytes.
Awaiting simulation instructions...

Awaiting simulation instructions...

6 RECEIVE 1700 1449532380981 

[Reducer4]: Got 186280 bytes.
6 RECEIVE 1600 1449532399566 

[Reducer4]: Got 957304 bytes.
Awaiting simulation instructions...

Awaiting simulation instructions...

6 RECEIVE 1900 1449532429776 

[Reducer4]: Got 187128 bytes.
6 RECEIVE 1800 1449532448319 

[Reducer4]: Got 959512 bytes.
Awaiting simulation instructions...

Awaiting simulation instructions...

6 RECEIVE 2100 1449532480497 

[Reducer4]: Got 186280 bytes.
6 RECEIVE 2000 1449532497778 

[Reducer4]: Got 958488 bytes.
Slave finished all tasks and exited.
logger exit
