5 RECEIVE 100 1449447514049 
5 RECEIVE 200 1449447525763 
5 RECEIVE 300 1449447530448 
5 RECEIVE 0 1449447556633 
5 RECEIVE 500 1449447575726 
5 RECEIVE 600 1449447590827 
5 RECEIVE 700 1449447607712 
5 RECEIVE 400 1449447618567 
5 RECEIVE 900 1449447634474 
5 RECEIVE 1000 1449447650541 
5 RECEIVE 1100 1449447666063 
5 RECEIVE 800 1449447678759 
5 RECEIVE 1300 1449447695070 
5 RECEIVE 1400 1449447710811 
5 RECEIVE 1500 1449447727290 
5 RECEIVE 1200 1449447739951 
5 RECEIVE 1700 1449447755960 
5 RECEIVE 1800 1449447770645 
5 RECEIVE 1900 1449447786517 
5 RECEIVE 1600 1449447800560 
5 RECEIVE 2100 1449447817268 
5 RECEIVE 2200 1449447831562 
5 RECEIVE 2300 1449447845658 
5 RECEIVE 2000 1449447859794 
5 RECEIVE 2500 1449447877691 
5 RECEIVE 2600 1449447891999 
5 RECEIVE 2700 1449447907621 
5 RECEIVE 2400 1449447916619 
5 RECEIVE 2900 1449447938304 
5 RECEIVE 3000 1449447952446 
5 RECEIVE 3100 1449447968509 
5 RECEIVE 2800 1449447982493 
5 RECEIVE 3300 1449447995459 
5 RECEIVE 3400 1449448011469 
5 RECEIVE 3500 1449448027177 
5 RECEIVE 3200 1449448035734 
5 RECEIVE 3700 1449448058083 
5 RECEIVE 3800 1449448073494 
5 RECEIVE 3900 1449448090492 
5 RECEIVE 3600 1449448101174 
5 RECEIVE 4100 1449448119442 
5 RECEIVE 4200 1449448133019 
5 RECEIVE 4300 1449448149111 
5 RECEIVE 4000 1449448161901 
