7 RECEIVE 100 1449447513513 
7 RECEIVE 200 1449447524750 
7 RECEIVE 300 1449447531299 
7 RECEIVE 0 1449447557622 
7 RECEIVE 500 1449447575447 
7 RECEIVE 600 1449447590788 
7 RECEIVE 700 1449447607731 
7 RECEIVE 400 1449447619589 
7 RECEIVE 900 1449447635971 
7 RECEIVE 1000 1449447650111 
7 RECEIVE 1100 1449447666533 
7 RECEIVE 800 1449447678459 
7 RECEIVE 1300 1449447695621 
7 RECEIVE 1400 1449447710957 
7 RECEIVE 1500 1449447727452 
7 RECEIVE 1200 1449447739263 
7 RECEIVE 1700 1449447757472 
7 RECEIVE 1800 1449447770577 
7 RECEIVE 1900 1449447786688 
7 RECEIVE 1600 1449447795502 
7 RECEIVE 2100 1449447816886 
7 RECEIVE 2200 1449447831142 
7 RECEIVE 2300 1449447845445 
7 RECEIVE 2000 1449447860308 
7 RECEIVE 2500 1449447875743 
7 RECEIVE 2600 1449447892639 
7 RECEIVE 2700 1449447907775 
7 RECEIVE 2400 1449447921583 
7 RECEIVE 2900 1449447937966 
7 RECEIVE 3000 1449447951975 
7 RECEIVE 3100 1449447969383 
7 RECEIVE 2800 1449447980536 
7 RECEIVE 3300 1449447997810 
7 RECEIVE 3400 1449448011232 
7 RECEIVE 3500 1449448027867 
7 RECEIVE 3200 1449448042339 
7 RECEIVE 3700 1449448058751 
7 RECEIVE 3800 1449448072866 
7 RECEIVE 3900 1449448089637 
7 RECEIVE 3600 1449448102211 
7 RECEIVE 4100 1449448118959 
7 RECEIVE 4200 1449448132711 
7 RECEIVE 4300 1449448149929 
7 RECEIVE 4000 1449448157711 
