4 RECEIVE 100 1449447514545 
4 RECEIVE 200 1449447528891 
4 RECEIVE 300 1449447538658 
4 RECEIVE 0 1449447560607 
4 RECEIVE 500 1449447576109 
4 RECEIVE 600 1449447590749 
4 RECEIVE 700 1449447607548 
4 RECEIVE 400 1449447615088 
4 RECEIVE 900 1449447634309 
4 RECEIVE 1000 1449447650736 
4 RECEIVE 1100 1449447666389 
4 RECEIVE 800 1449447677799 
4 RECEIVE 1300 1449447694501 
4 RECEIVE 1400 1449447710693 
4 RECEIVE 1500 1449447726953 
4 RECEIVE 1200 1449447735365 
4 RECEIVE 1700 1449447754135 
4 RECEIVE 1800 1449447770538 
4 RECEIVE 1900 1449447786400 
4 RECEIVE 1600 1449447797611 
4 RECEIVE 2100 1449447815368 
4 RECEIVE 2200 1449447831669 
4 RECEIVE 2300 1449447846286 
4 RECEIVE 2000 1449447856315 
4 RECEIVE 2500 1449447876070 
4 RECEIVE 2600 1449447892066 
4 RECEIVE 2700 1449447908420 
4 RECEIVE 2400 1449447918664 
4 RECEIVE 2900 1449447938437 
4 RECEIVE 3000 1449447952134 
4 RECEIVE 3100 1449447968691 
4 RECEIVE 2800 1449447980070 
4 RECEIVE 3300 1449447994990 
4 RECEIVE 3400 1449448010724 
4 RECEIVE 3500 1449448026927 
4 RECEIVE 3200 1449448041825 
4 RECEIVE 3700 1449448056786 
4 RECEIVE 3800 1449448073061 
4 RECEIVE 3900 1449448090194 
4 RECEIVE 3600 1449448098006 
4 RECEIVE 4100 1449448116708 
4 RECEIVE 4200 1449448132812 
4 RECEIVE 4300 1449448149861 
4 RECEIVE 4000 1449448158948 
