6 RECEIVE 100 1449447512695 
6 RECEIVE 200 1449447517292 
6 RECEIVE 300 1449447541746 
6 RECEIVE 0 1449447556265 
6 RECEIVE 500 1449447576993 
6 RECEIVE 600 1449447590700 
6 RECEIVE 700 1449447608009 
6 RECEIVE 400 1449447618917 
6 RECEIVE 900 1449447634839 
6 RECEIVE 1000 1449447650248 
6 RECEIVE 1100 1449447666889 
6 RECEIVE 800 1449447679118 
6 RECEIVE 1300 1449447695900 
6 RECEIVE 1400 1449447711250 
6 RECEIVE 1500 1449447727674 
6 RECEIVE 1200 1449447738509 
6 RECEIVE 1700 1449447754977 
6 RECEIVE 1800 1449447770940 
6 RECEIVE 1900 1449447791148 
6 RECEIVE 1600 1449447798066 
6 RECEIVE 2100 1449447820013 
6 RECEIVE 2200 1449447832374 
6 RECEIVE 2300 1449447845619 
6 RECEIVE 2000 1449447860774 
6 RECEIVE 2500 1449447876684 
6 RECEIVE 2600 1449447892450 
6 RECEIVE 2700 1449447908074 
6 RECEIVE 2400 1449447919255 
6 RECEIVE 2900 1449447938136 
6 RECEIVE 3000 1449447952515 
6 RECEIVE 3100 1449447968942 
6 RECEIVE 2800 1449447981583 
6 RECEIVE 3300 1449447997618 
6 RECEIVE 3400 1449448011185 
6 RECEIVE 3500 1449448027331 
6 RECEIVE 3200 1449448042106 
6 RECEIVE 3700 1449448059323 
6 RECEIVE 3800 1449448073387 
6 RECEIVE 3900 1449448090329 
6 RECEIVE 3600 1449448102696 
6 RECEIVE 4100 1449448119469 
6 RECEIVE 4200 1449448132506 
6 RECEIVE 4300 1449448149438 
6 RECEIVE 4000 1449448158451 
