1 SEND 0 1449447501802 
1 SEND 0 1449447501851 
1 SEND 0 1449447501862 
1 SEND 0 1449447501863 
1 SEND 0 1449447501878 
1 SEND 0 1449447501878 
1 SEND 0 1449447501879 
1 SEND 0 1449447501892 
1 SEND 100 1449447501914 
1 SEND 0 1449447501919 
1 SEND 100 1449447501920 
1 SEND 100 1449447501940 
1 SEND 100 1449447501943 
1 SEND 100 1449447501948 
1 SEND 0 1449447501951 
1 SEND 100 1449447501951 
1 SEND 100 1449447501960 
1 SEND 100 1449447501960 
1 SEND 100 1449447501960 
1 SEND 100 1449447501968 
1 SEND 200 1449447502092 
1 SEND 200 1449447502093 
1 SEND 200 1449447502107 
1 SEND 200 1449447502114 
1 SEND 200 1449447502132 
1 SEND 200 1449447502141 
1 SEND 200 1449447502144 
1 SEND 200 1449447502148 
1 SEND 200 1449447502172 
1 SEND 200 1449447502175 
1 SEND 300 1449447502260 
1 SEND 300 1449447502262 
1 SEND 300 1449447502267 
1 SEND 300 1449447502269 
1 SEND 300 1449447502269 
1 SEND 300 1449447502275 
1 SEND 300 1449447502292 
1 SEND 300 1449447502292 
1 SEND 300 1449447502312 
1 SEND 300 1449447502313 
1 SEND 400 1449447562366 
1 SEND 400 1449447562367 
1 SEND 400 1449447562368 
1 SEND 400 1449447562381 
1 SEND 400 1449447562437 
1 SEND 400 1449447562442 
1 SEND 400 1449447562442 
1 SEND 400 1449447562442 
1 SEND 400 1449447562443 
1 SEND 400 1449447562468 
1 SEND 500 1449447563531 
1 SEND 500 1449447563531 
1 SEND 500 1449447563533 
1 SEND 500 1449447563534 
1 SEND 600 1449447563534 
1 SEND 600 1449447563534 
1 SEND 600 1449447563537 
1 SEND 600 1449447563538 
1 SEND 600 1449447563538 
1 SEND 600 1449447563538 
1 SEND 600 1449447563538 
1 SEND 600 1449447563538 
1 SEND 600 1449447563538 
1 SEND 500 1449447563538 
1 SEND 500 1449447563539 
1 SEND 500 1449447563539 
1 SEND 600 1449447563539 
1 SEND 500 1449447563539 
1 SEND 500 1449447563543 
1 SEND 500 1449447563543 
1 SEND 700 1449447564389 
1 SEND 700 1449447564390 
1 SEND 700 1449447564392 
1 SEND 700 1449447564394 
1 SEND 700 1449447564394 
1 SEND 700 1449447564394 
1 SEND 700 1449447564394 
1 SEND 700 1449447564397 
1 SEND 700 1449447564398 
1 SEND 700 1449447564400 
1 SEND 800 1449447622816 
1 SEND 800 1449447622817 
1 SEND 800 1449447622818 
1 SEND 800 1449447622819 
1 SEND 800 1449447622819 
1 SEND 800 1449447622819 
1 SEND 800 1449447622828 
1 SEND 800 1449447622834 
1 SEND 800 1449447622944 
1 SEND 800 1449447623161 
1 SEND 900 1449447623826 
1 SEND 900 1449447623829 
1 SEND 1000 1449447623840 
1 SEND 900 1449447623840 
1 SEND 900 1449447623840 
1 SEND 1000 1449447623857 
1 SEND 900 1449447623858 
1 SEND 900 1449447623862 
1 SEND 1000 1449447623863 
1 SEND 1000 1449447623863 
1 SEND 900 1449447623867 
1 SEND 1000 1449447623867 
1 SEND 900 1449447623867 
1 SEND 1000 1449447623868 
1 SEND 900 1449447623868 
1 SEND 900 1449447623868 
1 SEND 1000 1449447623875 
1 SEND 1000 1449447623875 
1 SEND 1000 1449447623875 
1 SEND 1000 1449447623875 
1 SEND 1100 1449447624390 
1 SEND 1100 1449447624390 
1 SEND 1100 1449447624395 
1 SEND 1100 1449447624398 
1 SEND 1100 1449447624399 
1 SEND 1100 1449447624399 
1 SEND 1100 1449447624400 
1 SEND 1100 1449447624400 
1 SEND 1100 1449447624400 
1 SEND 1100 1449447624402 
1 SEND 1200 1449447683191 
1 SEND 1200 1449447683194 
1 SEND 1200 1449447683194 
1 SEND 1200 1449447683195 
1 SEND 1200 1449447683197 
1 SEND 1200 1449447683197 
1 SEND 1200 1449447683196 
1 SEND 1200 1449447683199 
1 SEND 1200 1449447683199 
1 SEND 1200 1449447683199 
1 SEND 1300 1449447684217 
1 SEND 1300 1449447684239 
1 SEND 1400 1449447684240 
1 SEND 1300 1449447684241 
1 SEND 1300 1449447684246 
1 SEND 1300 1449447684253 
1 SEND 1300 1449447684253 
1 SEND 1400 1449447684254 
1 SEND 1300 1449447684257 
1 SEND 1400 1449447684257 
1 SEND 1300 1449447684257 
1 SEND 1300 1449447684260 
1 SEND 1400 1449447684264 
1 SEND 1400 1449447684265 
1 SEND 1400 1449447684265 
1 SEND 1300 1449447684265 
1 SEND 1400 1449447684268 
1 SEND 1400 1449447684268 
1 SEND 1400 1449447684269 
1 SEND 1400 1449447684269 
1 SEND 1500 1449447684932 
1 SEND 1500 1449447684934 
1 SEND 1500 1449447684934 
1 SEND 1500 1449447684934 
1 SEND 1500 1449447684940 
1 SEND 1500 1449447684940 
1 SEND 1500 1449447684957 
1 SEND 1500 1449447684957 
1 SEND 1500 1449447684957 
1 SEND 1500 1449447684957 
1 SEND 1600 1449447743523 
1 SEND 1600 1449447743529 
1 SEND 1600 1449447743529 
1 SEND 1600 1449447743533 
1 SEND 1600 1449447743535 
1 SEND 1600 1449447743539 
1 SEND 1600 1449447743589 
1 SEND 1600 1449447743662 
1 SEND 1600 1449447743813 
1 SEND 1700 1449447744469 
1 SEND 1700 1449447744471 
1 SEND 1700 1449447744471 
1 SEND 1700 1449447744484 
1 SEND 1700 1449447744485 
1 SEND 1700 1449447744486 
1 SEND 1800 1449447744486 
1 SEND 1700 1449447744488 
1 SEND 1700 1449447744489 
1 SEND 1700 1449447744492 
1 SEND 1700 1449447744492 
1 SEND 1800 1449447744504 
1 SEND 1800 1449447744504 
1 SEND 1800 1449447744504 
1 SEND 1800 1449447744504 
1 SEND 1800 1449447744505 
1 SEND 1800 1449447744506 
1 SEND 1800 1449447744506 
1 SEND 1800 1449447744506 
1 SEND 1800 1449447744508 
1 SEND 1600 1449447744914 
1 SEND 1900 1449447745094 
1 SEND 1900 1449447745094 
1 SEND 1900 1449447745097 
1 SEND 1900 1449447745099 
1 SEND 1900 1449447745100 
1 SEND 1900 1449447745103 
1 SEND 1900 1449447745103 
1 SEND 1900 1449447745105 
1 SEND 1900 1449447745105 
1 SEND 1900 1449447745106 
1 SEND 2000 1449447803912 
1 SEND 2000 1449447803913 
1 SEND 2000 1449447804002 
1 SEND 2000 1449447804031 
1 SEND 2000 1449447804034 
1 SEND 2000 1449447804038 
1 SEND 2000 1449447804039 
1 SEND 2000 1449447804047 
1 SEND 2000 1449447804049 
1 SEND 2000 1449447804050 
1 SEND 2200 1449447804899 
1 SEND 2100 1449447804902 
1 SEND 2200 1449447804931 
1 SEND 2100 1449447804936 
1 SEND 2200 1449447804938 
1 SEND 2100 1449447804939 
1 SEND 2100 1449447804940 
1 SEND 2200 1449447804940 
1 SEND 2100 1449447804940 
1 SEND 2200 1449447804940 
1 SEND 2200 1449447804940 
1 SEND 2200 1449447804940 
1 SEND 2100 1449447804940 
1 SEND 2200 1449447804941 
1 SEND 2100 1449447804941 
1 SEND 2100 1449447804941 
1 SEND 2200 1449447804941 
1 SEND 2100 1449447804941 
1 SEND 2200 1449447804942 
1 SEND 2100 1449447804943 
1 SEND 2300 1449447804962 
1 SEND 2300 1449447804963 
1 SEND 2300 1449447804964 
1 SEND 2300 1449447804964 
1 SEND 2300 1449447804964 
1 SEND 2300 1449447804965 
1 SEND 2300 1449447804967 
1 SEND 2300 1449447804968 
1 SEND 2300 1449447804968 
1 SEND 2300 1449447804971 
1 SEND 2400 1449447864243 
1 SEND 2400 1449447864247 
1 SEND 2400 1449447864250 
1 SEND 2400 1449447864250 
1 SEND 2400 1449447864251 
1 SEND 2400 1449447864252 
1 SEND 2400 1449447864254 
1 SEND 2400 1449447864474 
1 SEND 2400 1449447864474 
1 SEND 2400 1449447864610 
1 SEND 2500 1449447865416 
1 SEND 2500 1449447865416 
1 SEND 2500 1449447865421 
1 SEND 2600 1449447865424 
1 SEND 2500 1449447865424 
1 SEND 2500 1449447865424 
1 SEND 2500 1449447865425 
1 SEND 2600 1449447865425 
1 SEND 2500 1449447865426 
1 SEND 2500 1449447865426 
1 SEND 2500 1449447865427 
1 SEND 2500 1449447865430 
1 SEND 2600 1449447865431 
1 SEND 2600 1449447865435 
1 SEND 2600 1449447865439 
1 SEND 2600 1449447865439 
1 SEND 2600 1449447865439 
1 SEND 2600 1449447865440 
1 SEND 2600 1449447865439 
1 SEND 2600 1449447865441 
1 SEND 2700 1449447865849 
1 SEND 2700 1449447865852 
1 SEND 2700 1449447865855 
1 SEND 2700 1449447865855 
1 SEND 2700 1449447865859 
1 SEND 2700 1449447865859 
1 SEND 2700 1449447865859 
1 SEND 2700 1449447865862 
1 SEND 2700 1449447865863 
1 SEND 2700 1449447865863 
1 SEND 2800 1449447924722 
1 SEND 2800 1449447924722 
1 SEND 2800 1449447924745 
1 SEND 2800 1449447924746 
1 SEND 2800 1449447924746 
1 SEND 2800 1449447924749 
1 SEND 2800 1449447924753 
1 SEND 2800 1449447924753 
1 SEND 2800 1449447924861 
1 SEND 2800 1449447925009 
1 SEND 2900 1449447925764 
1 SEND 2900 1449447925764 
1 SEND 3000 1449447925765 
1 SEND 3000 1449447925765 
1 SEND 2900 1449447925765 
1 SEND 2900 1449447925766 
1 SEND 2900 1449447925767 
1 SEND 2900 1449447925767 
1 SEND 2900 1449447925767 
1 SEND 3000 1449447925768 
1 SEND 2900 1449447925772 
1 SEND 3000 1449447925773 
1 SEND 2900 1449447925774 
1 SEND 3000 1449447925779 
1 SEND 2900 1449447925779 
1 SEND 3000 1449447925783 
1 SEND 3000 1449447925828 
1 SEND 3000 1449447925843 
1 SEND 3000 1449447925845 
1 SEND 3000 1449447925848 
1 SEND 3100 1449447926498 
1 SEND 3100 1449447926498 
1 SEND 3100 1449447926498 
1 SEND 3100 1449447926499 
1 SEND 3100 1449447926500 
1 SEND 3100 1449447926504 
1 SEND 3100 1449447926510 
1 SEND 3100 1449447926510 
1 SEND 3100 1449447926510 
1 SEND 3100 1449447926511 
1 SEND 3200 1449447985087 
1 SEND 3200 1449447985101 
1 SEND 3200 1449447985103 
1 SEND 3200 1449447985157 
1 SEND 3200 1449447985227 
1 SEND 3200 1449447985275 
1 SEND 3200 1449447985277 
1 SEND 3200 1449447985277 
1 SEND 3200 1449447985282 
1 SEND 3200 1449447985284 
1 SEND 3300 1449447985694 
1 SEND 3300 1449447985698 
1 SEND 3300 1449447985700 
1 SEND 3300 1449447985701 
1 SEND 3300 1449447985701 
1 SEND 3300 1449447985710 
1 SEND 3300 1449447985711 
1 SEND 3300 1449447985712 
1 SEND 3400 1449447985713 
1 SEND 3400 1449447985713 
1 SEND 3400 1449447985713 
1 SEND 3400 1449447985713 
1 SEND 3400 1449447985718 
1 SEND 3400 1449447985719 
1 SEND 3400 1449447985719 
1 SEND 3300 1449447985719 
1 SEND 3400 1449447985719 
1 SEND 3400 1449447985720 
1 SEND 3300 1449447985720 
1 SEND 3400 1449447985884 
1 SEND 3500 1449447986119 
1 SEND 3500 1449447986125 
1 SEND 3500 1449447986125 
1 SEND 3500 1449447986125 
1 SEND 3500 1449447986125 
1 SEND 3500 1449447986126 
1 SEND 3500 1449447986127 
1 SEND 3500 1449447986127 
1 SEND 3500 1449447986130 
1 SEND 3500 1449447986130 
1 SEND 3600 1449448045361 
1 SEND 3600 1449448045363 
1 SEND 3600 1449448045363 
1 SEND 3600 1449448045365 
1 SEND 3600 1449448045365 
1 SEND 3600 1449448045365 
1 SEND 3600 1449448045366 
1 SEND 3600 1449448045366 
1 SEND 3600 1449448045366 
1 SEND 3600 1449448045368 
1 SEND 3700 1449448046219 
1 SEND 3700 1449448046219 
1 SEND 3700 1449448046224 
1 SEND 3800 1449448046229 
1 SEND 3800 1449448046233 
1 SEND 3700 1449448046237 
1 SEND 3800 1449448046237 
1 SEND 3800 1449448046238 
1 SEND 3700 1449448046238 
1 SEND 3800 1449448046238 
1 SEND 3800 1449448046239 
1 SEND 3800 1449448046239 
1 SEND 3700 1449448046239 
1 SEND 3800 1449448046239 
1 SEND 3700 1449448046240 
1 SEND 3800 1449448046246 
1 SEND 3800 1449448046247 
1 SEND 3700 1449448046247 
1 SEND 3700 1449448046248 
1 SEND 3700 1449448046249 
1 SEND 3900 1449448047121 
1 SEND 3900 1449448047120 
1 SEND 3900 1449448047124 
1 SEND 3900 1449448047124 
1 SEND 3900 1449448047125 
1 SEND 3900 1449448047125 
1 SEND 3900 1449448047125 
1 SEND 3900 1449448047125 
1 SEND 3900 1449448047126 
1 SEND 3900 1449448047126 
1 SEND 4000 1449448105590 
1 SEND 4000 1449448105591 
1 SEND 4000 1449448105593 
1 SEND 4000 1449448105596 
1 SEND 4000 1449448105598 
1 SEND 4000 1449448105598 
1 SEND 4000 1449448105598 
1 SEND 4000 1449448105599 
1 SEND 4000 1449448105949 
1 SEND 4000 1449448105993 
1 SEND 4100 1449448106334 
1 SEND 4100 1449448106336 
1 SEND 4200 1449448106336 
1 SEND 4100 1449448106342 
1 SEND 4200 1449448106342 
1 SEND 4200 1449448106355 
1 SEND 4100 1449448106355 
1 SEND 4100 1449448106356 
1 SEND 4200 1449448106356 
1 SEND 4100 1449448106357 
1 SEND 4100 1449448106358 
1 SEND 4200 1449448106358 
1 SEND 4200 1449448106358 
1 SEND 4100 1449448106356 
1 SEND 4100 1449448106357 
1 SEND 4200 1449448106359 
1 SEND 4100 1449448106359 
1 SEND 4200 1449448106359 
1 SEND 4200 1449448106359 
1 SEND 4200 1449448106360 
1 SEND 4300 1449448107107 
1 SEND 4300 1449448107109 
1 SEND 4300 1449448107110 
1 SEND 4300 1449448107110 
1 SEND 4300 1449448107113 
1 SEND 4300 1449448107116 
1 SEND 4300 1449448107116 
1 SEND 4300 1449448107117 
1 SEND 4300 1449448107117 
1 SEND 4300 1449448107137 
