11 RECEIVE 100 1449447508675 
11 RECEIVE 200 1449447519243 
11 RECEIVE 300 1449447540719 
11 RECEIVE 0 1449447559690 
11 RECEIVE 500 1449447577238 
11 RECEIVE 600 1449447589970 
11 RECEIVE 700 1449447607461 
11 RECEIVE 400 1449447620467 
11 RECEIVE 900 1449447636929 
11 RECEIVE 1000 1449447650755 
11 RECEIVE 1100 1449447666956 
11 RECEIVE 800 1449447677722 
11 RECEIVE 1300 1449447697822 
11 RECEIVE 1400 1449447711289 
11 RECEIVE 1500 1449447728250 
11 RECEIVE 1200 1449447740680 
11 RECEIVE 1700 1449447754958 
11 RECEIVE 1800 1449447770693 
11 RECEIVE 1900 1449447787514 
11 RECEIVE 1600 1449447800133 
11 RECEIVE 2100 1449447815813 
11 RECEIVE 2200 1449447831737 
11 RECEIVE 2300 1449447845986 
11 RECEIVE 2000 1449447856489 
11 RECEIVE 2500 1449447878945 
11 RECEIVE 2600 1449447892721 
11 RECEIVE 2700 1449447908498 
11 RECEIVE 2400 1449447922072 
11 RECEIVE 2900 1449447937113 
11 RECEIVE 3000 1449447953237 
11 RECEIVE 3100 1449447969171 
11 RECEIVE 2800 1449447982127 
11 RECEIVE 3300 1449447996570 
11 RECEIVE 3400 1449448011604 
11 RECEIVE 3500 1449448028195 
11 RECEIVE 3200 1449448041427 
11 RECEIVE 3700 1449448059789 
11 RECEIVE 3800 1449448073139 
11 RECEIVE 3900 1449448089944 
11 RECEIVE 3600 1449448103256 
11 RECEIVE 4100 1449448119292 
11 RECEIVE 4200 1449448132950 
11 RECEIVE 4300 1449448150493 
11 RECEIVE 4000 1449448163157 
