2 RECEIVE 100 1449447511463 
2 RECEIVE 200 1449447527049 
2 RECEIVE 300 1449447540935 
2 RECEIVE 0 1449447558582 
2 RECEIVE 500 1449447575387 
2 RECEIVE 600 1449447590324 
2 RECEIVE 700 1449447607164 
2 RECEIVE 400 1449447615640 
2 RECEIVE 900 1449447633581 
2 RECEIVE 1000 1449447649673 
2 RECEIVE 1100 1449447665890 
2 RECEIVE 800 1449447676268 
2 RECEIVE 1300 1449447694315 
2 RECEIVE 1400 1449447710289 
2 RECEIVE 1500 1449447727568 
2 RECEIVE 1200 1449447738797 
2 RECEIVE 1700 1449447753944 
2 RECEIVE 1800 1449447769991 
2 RECEIVE 1900 1449447787292 
2 RECEIVE 1600 1449447799357 
2 RECEIVE 2100 1449447814771 
2 RECEIVE 2200 1449447830605 
2 RECEIVE 2300 1449447845803 
2 RECEIVE 2000 1449447861017 
2 RECEIVE 2500 1449447875567 
2 RECEIVE 2600 1449447891847 
2 RECEIVE 2700 1449447907448 
2 RECEIVE 2400 1449447917733 
2 RECEIVE 2900 1449447935759 
2 RECEIVE 3000 1449447951649 
2 RECEIVE 3100 1449447968835 
2 RECEIVE 2800 1449447979061 
2 RECEIVE 3300 1449447994819 
2 RECEIVE 3400 1449448011047 
2 RECEIVE 3500 1449448027752 
2 RECEIVE 3200 1449448041533 
2 RECEIVE 3700 1449448056423 
2 RECEIVE 3800 1449448072641 
2 RECEIVE 3900 1449448089685 
2 RECEIVE 3600 1449448097520 
2 RECEIVE 4100 1449448116125 
2 RECEIVE 4200 1449448132166 
2 RECEIVE 4300 1449448149783 
2 RECEIVE 4000 1449448157049 
