9 RECEIVE 100 1449447511745 
9 RECEIVE 200 1449447518359 
9 RECEIVE 300 1449447541992 
9 RECEIVE 0 1449447557991 
9 RECEIVE 500 1449447576890 
9 RECEIVE 600 1449447590894 
9 RECEIVE 700 1449447607682 
9 RECEIVE 400 1449447617579 
9 RECEIVE 900 1449447636308 
9 RECEIVE 1000 1449447650775 
9 RECEIVE 1100 1449447666677 
9 RECEIVE 800 1449447679981 
9 RECEIVE 1300 1449447696016 
9 RECEIVE 1400 1449447711347 
9 RECEIVE 1500 1449447727981 
9 RECEIVE 1200 1449447739621 
9 RECEIVE 1700 1449447754757 
9 RECEIVE 1800 1449447770403 
9 RECEIVE 1900 1449447787428 
9 RECEIVE 1600 1449447800802 
9 RECEIVE 2100 1449447817980 
9 RECEIVE 2200 1449447831328 
9 RECEIVE 2300 1449447846209 
9 RECEIVE 2000 1449447859910 
9 RECEIVE 2500 1449447879108 
9 RECEIVE 2600 1449447892551 
9 RECEIVE 2700 1449447908035 
9 RECEIVE 2400 1449447920166 
9 RECEIVE 2900 1449447938238 
9 RECEIVE 3000 1449447953012 
9 RECEIVE 3100 1449447969441 
9 RECEIVE 2800 1449447979081 
9 RECEIVE 3300 1449447996396 
9 RECEIVE 3400 1449448011398 
9 RECEIVE 3500 1449448027093 
9 RECEIVE 3200 1449448042203 
9 RECEIVE 3700 1449448059826 
9 RECEIVE 3800 1449448073683 
9 RECEIVE 3900 1449448090779 
9 RECEIVE 3600 1449448102987 
9 RECEIVE 4100 1449448117081 
9 RECEIVE 4200 1449448133137 
9 RECEIVE 4300 1449448149640 
9 RECEIVE 4000 1449448162521 
