10 RECEIVE 100 1449447514490 
10 RECEIVE 200 1449447526042 
10 RECEIVE 300 1449447539533 
10 RECEIVE 0 1449447560102 
10 RECEIVE 500 1449447576927 
10 RECEIVE 600 1449447590953 
10 RECEIVE 700 1449447608038 
10 RECEIVE 400 1449447619309 
10 RECEIVE 900 1449447635473 
10 RECEIVE 1000 1449447650443 
10 RECEIVE 1100 1449447666735 
10 RECEIVE 800 1449447680087 
10 RECEIVE 1400 1449447696993 
10 RECEIVE 1300 1449447697404 
10 RECEIVE 1500 1449447728078 
10 RECEIVE 1200 1449447740561 
10 RECEIVE 1700 1449447755701 
10 RECEIVE 1800 1449447770470 
10 RECEIVE 1900 1449447787149 
10 RECEIVE 1600 1449447796451 
10 RECEIVE 2100 1449447818283 
10 RECEIVE 2200 1449447831386 
10 RECEIVE 2300 1449447849727 
10 RECEIVE 2000 1449447861777 
10 RECEIVE 2500 1449447876515 
10 RECEIVE 2600 1449447892858 
10 RECEIVE 2700 1449447908294 
10 RECEIVE 2400 1449447920942 
10 RECEIVE 2900 1449447938090 
10 RECEIVE 3000 1449447953130 
10 RECEIVE 3100 1449447971046 
10 RECEIVE 2800 1449447978272 
10 RECEIVE 3300 1449447997165 
10 RECEIVE 3400 1449448012769 
10 RECEIVE 3500 1449448027579 
10 RECEIVE 3200 1449448041136 
10 RECEIVE 3700 1449448057280 
10 RECEIVE 3800 1449448073693 
10 RECEIVE 3900 1449448090635 
10 RECEIVE 3600 1449448101920 
10 RECEIVE 4100 1449448119309 
10 RECEIVE 4200 1449448132332 
10 RECEIVE 4300 1449448150092 
10 RECEIVE 4000 1449448163410 
