3 RECEIVE 100 1449449434247 
3 RECEIVE 0 1449449461421 
3 RECEIVE 300 1449449478451 
3 RECEIVE 200 1449449505165 
3 RECEIVE 500 1449449518700 
3 RECEIVE 400 1449449542547 
3 RECEIVE 700 1449449559222 
3 RECEIVE 600 1449449587491 
3 RECEIVE 900 1449449599765 
3 RECEIVE 800 1449449625271 
3 RECEIVE 1100 1449449641432 
3 RECEIVE 1000 1449449662779 
3 RECEIVE 1300 1449449678858 
3 RECEIVE 1200 1449449705918 
3 RECEIVE 1500 1449449720696 
3 RECEIVE 1400 1449449742418 
3 RECEIVE 1700 1449449758153 
3 RECEIVE 1600 1449449781088 
3 RECEIVE 1900 1449449799679 
3 RECEIVE 1800 1449449823873 
3 RECEIVE 2100 1449449842368 
3 RECEIVE 2000 1449449865200 
