5 RECEIVE 100 1449449433908 
5 RECEIVE 0 1449449465662 
5 RECEIVE 300 1449449479608 
5 RECEIVE 200 1449449505000 
5 RECEIVE 500 1449449518882 
5 RECEIVE 400 1449449542906 
5 RECEIVE 700 1449449559423 
5 RECEIVE 600 1449449583555 
5 RECEIVE 900 1449449599792 
5 RECEIVE 800 1449449624990 
5 RECEIVE 1100 1449449642148 
5 RECEIVE 1000 1449449664049 
5 RECEIVE 1300 1449449679493 
5 RECEIVE 1200 1449449706317 
5 RECEIVE 1500 1449449720264 
5 RECEIVE 1400 1449449746187 
5 RECEIVE 1700 1449449758602 
5 RECEIVE 1600 1449449784519 
5 RECEIVE 1900 1449449799802 
5 RECEIVE 1800 1449449824881 
5 RECEIVE 2100 1449449841528 
5 RECEIVE 2000 1449449867197 
