9 RECEIVE 100 1449454809309 
9 RECEIVE 0 1449454838647 
9 RECEIVE 300 1449454853546 
9 RECEIVE 200 1449454880341 
9 RECEIVE 500 1449454894046 
9 RECEIVE 400 1449454919525 
9 RECEIVE 700 1449454933686 
9 RECEIVE 600 1449454959164 
9 RECEIVE 900 1449454974792 
9 RECEIVE 800 1449454998710 
9 RECEIVE 1100 1449455013833 
9 RECEIVE 1000 1449455040922 
9 RECEIVE 1300 1449455054688 
9 RECEIVE 1200 1449455078863 
9 RECEIVE 1500 1449455094036 
9 RECEIVE 1400 1449455120773 
9 RECEIVE 1700 1449455136002 
9 RECEIVE 1600 1449455161771 
9 RECEIVE 1900 1449455174291 
9 RECEIVE 1800 1449455201902 
9 RECEIVE 2100 1449455214995 
9 RECEIVE 2000 1449455242009 
