7 RECEIVE 100 1449454807804 
7 RECEIVE 0 1449454840815 
7 RECEIVE 300 1449454852809 
7 RECEIVE 200 1449454880981 
7 RECEIVE 500 1449454894576 
7 RECEIVE 400 1449454920771 
7 RECEIVE 700 1449454934775 
7 RECEIVE 600 1449454959910 
7 RECEIVE 900 1449454974709 
7 RECEIVE 800 1449455001397 
7 RECEIVE 1100 1449455013777 
7 RECEIVE 1000 1449455041499 
7 RECEIVE 1300 1449455054705 
7 RECEIVE 1200 1449455081621 
7 RECEIVE 1500 1449455093538 
7 RECEIVE 1400 1449455121713 
7 RECEIVE 1700 1449455135846 
7 RECEIVE 1600 1449455157709 
7 RECEIVE 1900 1449455174073 
7 RECEIVE 1800 1449455201263 
7 RECEIVE 2100 1449455214374 
7 RECEIVE 2000 1449455237932 
