5 RECEIVE 100 1449454807809 
5 RECEIVE 0 1449454838870 
5 RECEIVE 300 1449454853058 
5 RECEIVE 200 1449454879339 
5 RECEIVE 500 1449454894253 
5 RECEIVE 400 1449454919041 
5 RECEIVE 700 1449454934270 
5 RECEIVE 600 1449454955447 
5 RECEIVE 900 1449454974933 
5 RECEIVE 800 1449454999427 
5 RECEIVE 1100 1449455013291 
5 RECEIVE 1000 1449455036950 
5 RECEIVE 1300 1449455053823 
5 RECEIVE 1200 1449455075431 
5 RECEIVE 1500 1449455094053 
5 RECEIVE 1400 1449455118183 
5 RECEIVE 1700 1449455135958 
5 RECEIVE 1600 1449455156633 
5 RECEIVE 1900 1449455173442 
5 RECEIVE 1800 1449455197645 
5 RECEIVE 2100 1449455214192 
5 RECEIVE 2000 1449455241050 
