6 RECEIVE 100 1449454809919 
6 RECEIVE 0 1449454839944 
6 RECEIVE 300 1449454853512 
6 RECEIVE 200 1449454877390 
6 RECEIVE 500 1449454894159 
6 RECEIVE 400 1449454920898 
6 RECEIVE 700 1449454934739 
6 RECEIVE 600 1449454960687 
6 RECEIVE 900 1449454974151 
6 RECEIVE 800 1449455001028 
6 RECEIVE 1100 1449455012656 
6 RECEIVE 1000 1449455038259 
6 RECEIVE 1300 1449455054820 
6 RECEIVE 1200 1449455081310 
6 RECEIVE 1500 1449455094388 
6 RECEIVE 1400 1449455121394 
6 RECEIVE 1700 1449455135975 
6 RECEIVE 1600 1449455161481 
6 RECEIVE 1900 1449455174226 
6 RECEIVE 1800 1449455201583 
6 RECEIVE 2100 1449455213819 
6 RECEIVE 2000 1449455238233 
