1 SEND 0 1449454803454 
1 SEND 100 1449454803455 
1 SEND 0 1449454803456 
1 SEND 100 1449454803456 
1 SEND 100 1449454803456 
1 SEND 0 1449454803457 
1 SEND 100 1449454803458 
1 SEND 0 1449454803458 
1 SEND 0 1449454803458 
1 SEND 100 1449454803459 
1 SEND 0 1449454803459 
1 SEND 0 1449454803460 
1 SEND 100 1449454803460 
1 SEND 0 1449454803460 
1 SEND 100 1449454803460 
1 SEND 100 1449454803460 
1 SEND 0 1449454803460 
1 SEND 100 1449454803464 
1 SEND 0 1449454803464 
1 SEND 100 1449454803467 
1 SEND 200 1449454843484 
1 SEND 200 1449454843486 
1 SEND 200 1449454843486 
1 SEND 200 1449454843488 
1 SEND 200 1449454843488 
1 SEND 200 1449454843490 
1 SEND 200 1449454843492 
1 SEND 200 1449454843609 
1 SEND 200 1449454843618 
1 SEND 200 1449454843621 
1 SEND 300 1449454844547 
1 SEND 300 1449454844547 
1 SEND 300 1449454844548 
1 SEND 300 1449454844549 
1 SEND 300 1449454844549 
1 SEND 300 1449454844550 
1 SEND 300 1449454844557 
1 SEND 300 1449454844557 
1 SEND 300 1449454844557 
1 SEND 300 1449454844559 
1 SEND 400 1449454883640 
1 SEND 400 1449454883640 
1 SEND 400 1449454883640 
1 SEND 400 1449454883643 
1 SEND 400 1449454883646 
1 SEND 400 1449454883646 
1 SEND 400 1449454883648 
1 SEND 400 1449454883648 
1 SEND 400 1449454883648 
1 SEND 400 1449454883648 
1 SEND 500 1449454884879 
1 SEND 500 1449454884881 
1 SEND 500 1449454884881 
1 SEND 500 1449454884881 
1 SEND 500 1449454884881 
1 SEND 500 1449454884881 
1 SEND 500 1449454884881 
1 SEND 500 1449454884883 
1 SEND 500 1449454884883 
1 SEND 500 1449454884885 
1 SEND 600 1449454923761 
1 SEND 600 1449454923763 
1 SEND 600 1449454923764 
1 SEND 600 1449454923765 
1 SEND 600 1449454923767 
1 SEND 600 1449454923768 
1 SEND 600 1449454923970 
1 SEND 600 1449454923971 
1 SEND 600 1449454923971 
1 SEND 600 1449454924018 
1 SEND 700 1449454925106 
1 SEND 700 1449454925106 
1 SEND 700 1449454925108 
1 SEND 700 1449454925108 
1 SEND 700 1449454925109 
1 SEND 700 1449454925109 
1 SEND 700 1449454925110 
1 SEND 700 1449454925111 
1 SEND 700 1449454925112 
1 SEND 700 1449454925112 
1 SEND 800 1449454963885 
1 SEND 800 1449454963889 
1 SEND 800 1449454963890 
1 SEND 800 1449454963890 
1 SEND 800 1449454963890 
1 SEND 800 1449454963890 
1 SEND 800 1449454963890 
1 SEND 800 1449454963890 
1 SEND 800 1449454963999 
1 SEND 800 1449454964186 
1 SEND 900 1449454965286 
1 SEND 900 1449454965288 
1 SEND 900 1449454965288 
1 SEND 900 1449454965288 
1 SEND 900 1449454965288 
1 SEND 900 1449454965288 
1 SEND 900 1449454965289 
1 SEND 900 1449454965291 
1 SEND 900 1449454965291 
1 SEND 900 1449454965291 
1 SEND 1000 1449455003991 
1 SEND 1000 1449455003993 
1 SEND 1000 1449455003993 
1 SEND 1000 1449455003994 
1 SEND 1000 1449455003994 
1 SEND 1000 1449455004151 
1 SEND 1000 1449455004152 
1 SEND 1000 1449455004247 
1 SEND 1000 1449455004247 
1 SEND 1000 1449455004248 
1 SEND 1100 1449455005199 
1 SEND 1100 1449455005201 
1 SEND 1100 1449455005201 
1 SEND 1100 1449455005201 
1 SEND 1100 1449455005203 
1 SEND 1100 1449455005203 
1 SEND 1100 1449455005203 
1 SEND 1100 1449455005205 
1 SEND 1100 1449455005205 
1 SEND 1100 1449455005205 
1 SEND 1200 1449455044101 
1 SEND 1200 1449455044101 
1 SEND 1200 1449455044105 
1 SEND 1200 1449455044106 
1 SEND 1200 1449455044107 
1 SEND 1200 1449455044107 
1 SEND 1200 1449455044107 
1 SEND 1200 1449455044107 
1 SEND 1200 1449455044397 
1 SEND 1200 1449455044411 
1 SEND 1300 1449455045567 
1 SEND 1300 1449455045570 
1 SEND 1300 1449455045570 
1 SEND 1300 1449455045570 
1 SEND 1300 1449455045570 
1 SEND 1300 1449455045572 
1 SEND 1300 1449455045572 
1 SEND 1300 1449455045572 
1 SEND 1300 1449455045572 
1 SEND 1300 1449455045572 
1 SEND 1400 1449455084203 
1 SEND 1400 1449455084203 
1 SEND 1400 1449455084205 
1 SEND 1400 1449455084205 
1 SEND 1400 1449455084205 
1 SEND 1400 1449455084461 
1 SEND 1400 1449455084461 
1 SEND 1400 1449455084461 
1 SEND 1400 1449455084462 
1 SEND 1400 1449455084462 
1 SEND 1500 1449455085454 
1 SEND 1500 1449455085454 
1 SEND 1500 1449455085454 
1 SEND 1500 1449455085454 
1 SEND 1500 1449455085454 
1 SEND 1500 1449455085454 
1 SEND 1500 1449455085456 
1 SEND 1500 1449455085456 
1 SEND 1500 1449455085456 
1 SEND 1500 1449455085458 
1 SEND 1600 1449455124301 
1 SEND 1600 1449455124303 
1 SEND 1600 1449455124303 
1 SEND 1600 1449455124303 
1 SEND 1600 1449455124305 
1 SEND 1600 1449455124306 
1 SEND 1600 1449455124509 
1 SEND 1600 1449455124604 
1 SEND 1600 1449455124606 
1 SEND 1600 1449455124606 
1 SEND 1700 1449455125668 
1 SEND 1700 1449455125668 
1 SEND 1700 1449455125669 
1 SEND 1700 1449455125669 
1 SEND 1700 1449455125669 
1 SEND 1700 1449455125669 
1 SEND 1700 1449455125669 
1 SEND 1700 1449455125669 
1 SEND 1700 1449455125669 
1 SEND 1700 1449455125686 
1 SEND 1800 1449455164402 
1 SEND 1800 1449455164402 
1 SEND 1800 1449455164402 
1 SEND 1800 1449455164403 
1 SEND 1800 1449455164405 
1 SEND 1800 1449455164610 
1 SEND 1800 1449455164611 
1 SEND 1800 1449455164613 
1 SEND 1800 1449455164613 
1 SEND 1800 1449455164656 
1 SEND 1900 1449455165629 
1 SEND 1900 1449455165629 
1 SEND 1900 1449455165629 
1 SEND 1900 1449455165632 
1 SEND 1900 1449455165634 
1 SEND 1900 1449455165634 
1 SEND 1900 1449455165634 
1 SEND 1900 1449455165634 
1 SEND 1900 1449455165634 
1 SEND 1900 1449455165634 
1 SEND 2000 1449455204503 
1 SEND 2000 1449455204503 
1 SEND 2000 1449455204506 
1 SEND 2000 1449455204506 
1 SEND 2000 1449455204507 
1 SEND 2000 1449455204759 
1 SEND 2000 1449455204759 
1 SEND 2000 1449455204760 
1 SEND 2000 1449455204761 
1 SEND 2000 1449455204761 
1 SEND 2100 1449455205706 
1 SEND 2100 1449455205706 
1 SEND 2100 1449455205707 
1 SEND 2100 1449455205707 
1 SEND 2100 1449455205707 
1 SEND 2100 1449455205709 
1 SEND 2100 1449455205709 
1 SEND 2100 1449455205712 
1 SEND 2100 1449455205712 
1 SEND 2100 1449455205714 
