11 RECEIVE 100 1449454808175 
11 RECEIVE 0 1449454838685 
11 RECEIVE 300 1449454852544 
11 RECEIVE 200 1449454879048 
11 RECEIVE 500 1449454894501 
11 RECEIVE 400 1449454920335 
11 RECEIVE 700 1449454934452 
11 RECEIVE 600 1449454961268 
11 RECEIVE 900 1449454974857 
11 RECEIVE 800 1449454999922 
11 RECEIVE 1100 1449455013386 
11 RECEIVE 1000 1449455040170 
11 RECEIVE 1300 1449455054274 
11 RECEIVE 1200 1449455080690 
11 RECEIVE 1500 1449455094424 
11 RECEIVE 1400 1449455121074 
11 RECEIVE 1700 1449455134692 
11 RECEIVE 1600 1449455157962 
11 RECEIVE 1900 1449455173903 
11 RECEIVE 1800 1449455200623 
11 RECEIVE 2100 1449455214459 
11 RECEIVE 2000 1449455240729 
