Awaiting simulation instructions...

Awaiting simulation instructions...

Awaiting simulation instructions...

4 RECEIVE 100 1449453446653 

[Reducer2]: Got 92248 bytes.
[Reducer2]: Got 958152 bytes.
4 RECEIVE 0 1449453476644 

Awaiting simulation instructions...

Awaiting simulation instructions...

4 RECEIVE 300 1449453490376 

[Reducer2]: Got 91560 bytes.
4 RECEIVE 200 1449453514177 

[Reducer2]: Got 955240 bytes.
Awaiting simulation instructions...

Awaiting simulation instructions...

4 RECEIVE 500 1449453530228 

[Reducer2]: Got 91560 bytes.
4 RECEIVE 400 1449453556721 

[Reducer2]: Got 958312 bytes.
Awaiting simulation instructions...

Awaiting simulation instructions...

4 RECEIVE 700 1449453569990 

[Reducer2]: Got 91560 bytes.
[Reducer2]: Got 956616 bytes.
4 RECEIVE 600 1449453594979 

Awaiting simulation instructions...

Awaiting simulation instructions...

4 RECEIVE 900 1449453608792 

[Reducer2]: Got 90536 bytes.
4 RECEIVE 800 1449453635595 

[Reducer2]: Got 959336 bytes.
Awaiting simulation instructions...

Awaiting simulation instructions...

4 RECEIVE 1100 1449453650218 

[Reducer2]: Got 91560 bytes.
4 RECEIVE 1000 1449453676298 

[Reducer2]: Got 958312 bytes.
Awaiting simulation instructions...

Awaiting simulation instructions...

4 RECEIVE 1300 1449453690914 

[Reducer2]: Got 91560 bytes.
4 RECEIVE 1200 1449453713932 

[Reducer2]: Got 958488 bytes.
Awaiting simulation instructions...

Awaiting simulation instructions...

4 RECEIVE 1500 1449453730914 

[Reducer2]: Got 91560 bytes.
4 RECEIVE 1400 1449453755637 

[Reducer2]: Got 958488 bytes.
Awaiting simulation instructions...

Awaiting simulation instructions...

4 RECEIVE 1700 1449453771468 

[Reducer2]: Got 91560 bytes.
4 RECEIVE 1600 1449453795463 

[Reducer2]: Got 958312 bytes.
Awaiting simulation instructions...

Awaiting simulation instructions...

4 RECEIVE 1900 1449453811804 

[Reducer2]: Got 91560 bytes.
4 RECEIVE 1800 1449453836040 

[Reducer2]: Got 958488 bytes.
Awaiting simulation instructions...

Awaiting simulation instructions...

4 RECEIVE 2100 1449453851358 

[Reducer2]: Got 91560 bytes.
4 RECEIVE 2000 1449453875606 

[Reducer2]: Got 959336 bytes.
Slave finished all tasks and exited.
logger exit
