Awaiting simulation instructions...

Awaiting simulation instructions...

Awaiting simulation instructions...

2 RECEIVE 100 1449453447563 

[Reducer0]: Got 90112 bytes.
2 RECEIVE 0 1449453475942 

[Reducer0]: Got 958312 bytes.
Awaiting simulation instructions...

Awaiting simulation instructions...

2 RECEIVE 300 1449453490082 

[Reducer0]: Got 91560 bytes.
2 RECEIVE 200 1449453508486 

[Reducer0]: Got 959144 bytes.
Awaiting simulation instructions...

Awaiting simulation instructions...

2 RECEIVE 500 1449453529840 

[Reducer0]: Got 91560 bytes.
2 RECEIVE 400 1449453552687 

[Reducer0]: Got 961208 bytes.
Awaiting simulation instructions...

Awaiting simulation instructions...

[Reducer0]: Got 91560 bytes.
2 RECEIVE 700 1449453570955 

2 RECEIVE 600 1449453595396 

[Reducer0]: Got 958312 bytes.
Awaiting simulation instructions...

Awaiting simulation instructions...

[Reducer0]: Got 91560 bytes.
2 RECEIVE 900 1449453609713 

2 RECEIVE 800 1449453632212 

[Reducer0]: Got 959512 bytes.
Awaiting simulation instructions...

Awaiting simulation instructions...

2 RECEIVE 1100 1449453650016 

[Reducer0]: Got 91560 bytes.
2 RECEIVE 1000 1449453674553 

[Reducer0]: Got 958488 bytes.
Awaiting simulation instructions...

Awaiting simulation instructions...

2 RECEIVE 1300 1449453690601 

[Reducer0]: Got 91560 bytes.
2 RECEIVE 1200 1449453713215 

[Reducer0]: Got 960184 bytes.
Awaiting simulation instructions...

Awaiting simulation instructions...

2 RECEIVE 1500 1449453730155 

[Reducer0]: Got 91560 bytes.
2 RECEIVE 1400 1449453754668 

[Reducer0]: Got 958312 bytes.
Awaiting simulation instructions...

Awaiting simulation instructions...

2 RECEIVE 1700 1449453771045 

[Reducer0]: Got 91560 bytes.
[Reducer0]: Got 958312 bytes.
2 RECEIVE 1600 1449453795124 

Awaiting simulation instructions...

Awaiting simulation instructions...

2 RECEIVE 1900 1449453812160 

[Reducer0]: Got 91560 bytes.
2 RECEIVE 1800 1449453832152 

[Reducer0]: Got 958312 bytes.
Awaiting simulation instructions...

Awaiting simulation instructions...

2 RECEIVE 2100 1449453851166 

[Reducer0]: Got 91560 bytes.
2 RECEIVE 2000 1449453877235 

[Reducer0]: Got 958152 bytes.
Slave finished all tasks and exited.
logger exit
