Awaiting simulation instructions...

Awaiting simulation instructions...

Awaiting simulation instructions...

6 RECEIVE 100 1449453444419 

[Reducer4]: Got 89512 bytes.
6 RECEIVE 0 1449453476964 

[Reducer4]: Got 958152 bytes.
Awaiting simulation instructions...

Awaiting simulation instructions...

6 RECEIVE 300 1449453490216 

[Reducer4]: Got 91560 bytes.
6 RECEIVE 200 1449453515563 

[Reducer4]: Got 955240 bytes.
Awaiting simulation instructions...

Awaiting simulation instructions...

6 RECEIVE 500 1449453530075 

[Reducer4]: Got 91560 bytes.
6 RECEIVE 400 1449453554082 

[Reducer4]: Got 958488 bytes.
Awaiting simulation instructions...

Awaiting simulation instructions...

6 RECEIVE 700 1449453569287 

[Reducer4]: Got 91560 bytes.
[Reducer4]: Got 958488 bytes.
6 RECEIVE 600 1449453598207 

Awaiting simulation instructions...

Awaiting simulation instructions...

6 RECEIVE 900 1449453609788 

[Reducer4]: Got 91560 bytes.
6 RECEIVE 800 1449453637601 

[Reducer4]: Got 958488 bytes.
Awaiting simulation instructions...

Awaiting simulation instructions...

6 RECEIVE 1100 1449453650562 

[Reducer4]: Got 91560 bytes.
6 RECEIVE 1000 1449453675619 

[Reducer4]: Got 956440 bytes.
Awaiting simulation instructions...

Awaiting simulation instructions...

6 RECEIVE 1300 1449453690181 

[Reducer4]: Got 91560 bytes.
6 RECEIVE 1200 1449453718141 

[Reducer4]: Got 958488 bytes.
Awaiting simulation instructions...

Awaiting simulation instructions...

6 RECEIVE 1500 1449453731698 

[Reducer4]: Got 91560 bytes.
6 RECEIVE 1400 1449453758017 

[Reducer4]: Got 958312 bytes.
Awaiting simulation instructions...

Awaiting simulation instructions...

6 RECEIVE 1700 1449453770844 

[Reducer4]: Got 91560 bytes.
6 RECEIVE 1600 1449453795822 

[Reducer4]: Got 958488 bytes.
Awaiting simulation instructions...

Awaiting simulation instructions...

6 RECEIVE 1900 1449453810826 

[Reducer4]: Got 91560 bytes.
6 RECEIVE 1800 1449453839013 

[Reducer4]: Got 958488 bytes.
Awaiting simulation instructions...

Awaiting simulation instructions...

6 RECEIVE 2100 1449453852481 

[Reducer4]: Got 91560 bytes.
6 RECEIVE 2000 1449453876227 

[Reducer4]: Got 959512 bytes.
Slave finished all tasks and exited.
logger exit
