Awaiting simulation instructions...

Awaiting simulation instructions...

Awaiting simulation instructions...

5 RECEIVE 100 1449453444778 

[Reducer3]: Got 90376 bytes.
5 RECEIVE 0 1449453472544 

[Reducer3]: Got 958312 bytes.
Awaiting simulation instructions...

Awaiting simulation instructions...

5 RECEIVE 300 1449453489852 

[Reducer3]: Got 91560 bytes.
5 RECEIVE 200 1449453517539 

[Reducer3]: Got 955256 bytes.
Awaiting simulation instructions...

Awaiting simulation instructions...

5 RECEIVE 500 1449453529886 

[Reducer3]: Got 91560 bytes.
5 RECEIVE 400 1449453553423 

[Reducer3]: Got 958488 bytes.
Awaiting simulation instructions...

Awaiting simulation instructions...

5 RECEIVE 700 1449453570189 

[Reducer3]: Got 91560 bytes.
5 RECEIVE 600 1449453597887 

[Reducer3]: Got 958488 bytes.
Awaiting simulation instructions...

Awaiting simulation instructions...

5 RECEIVE 900 1449453608291 

[Reducer3]: Got 90536 bytes.
5 RECEIVE 800 1449453636176 

[Reducer3]: Got 958312 bytes.
Awaiting simulation instructions...

Awaiting simulation instructions...

[Reducer3]: Got 91560 bytes.
5 RECEIVE 1100 1449453650380 

5 RECEIVE 1000 1449453676637 

[Reducer3]: Got 958312 bytes.
Awaiting simulation instructions...

Awaiting simulation instructions...

[Reducer3]: Got 91560 bytes.
5 RECEIVE 1300 1449453689257 

5 RECEIVE 1200 1449453717783 

[Reducer3]: Got 958488 bytes.
Awaiting simulation instructions...

Awaiting simulation instructions...

5 RECEIVE 1500 1449453731812 

[Reducer3]: Got 91560 bytes.
5 RECEIVE 1400 1449453755957 

[Reducer3]: Got 958488 bytes.
Awaiting simulation instructions...

Awaiting simulation instructions...

5 RECEIVE 1700 1449453770471 

[Reducer3]: Got 91560 bytes.
5 RECEIVE 1600 1449453796133 

[Reducer3]: Got 958488 bytes.
Awaiting simulation instructions...

Awaiting simulation instructions...

5 RECEIVE 1900 1449453811377 

[Reducer3]: Got 93008 bytes.
5 RECEIVE 1800 1449453836399 

[Reducer3]: Got 958488 bytes.
Awaiting simulation instructions...

Awaiting simulation instructions...

5 RECEIVE 2100 1449453850965 

[Reducer3]: Got 91560 bytes.
5 RECEIVE 2000 1449453879250 

[Reducer3]: Got 958488 bytes.
Slave finished all tasks and exited.
logger exit
