Awaiting simulation instructions...

Awaiting simulation instructions...

Awaiting simulation instructions...

10 RECEIVE 100 1449453446176 

[Reducer8]: Got 92248 bytes.
10 RECEIVE 0 1449453477839 

[Reducer8]: Got 959088 bytes.
Awaiting simulation instructions...

Awaiting simulation instructions...

10 RECEIVE 300 1449453490509 

[Reducer8]: Got 91560 bytes.
10 RECEIVE 200 1449453516339 

[Reducer8]: Got 957304 bytes.
Awaiting simulation instructions...

Awaiting simulation instructions...

10 RECEIVE 500 1449453529245 

[Reducer8]: Got 91560 bytes.
10 RECEIVE 400 1449453557651 

[Reducer8]: Got 958488 bytes.
Awaiting simulation instructions...

Awaiting simulation instructions...

10 RECEIVE 700 1449453569488 

[Reducer8]: Got 91560 bytes.
[Reducer8]: Got 957304 bytes.
10 RECEIVE 600 1449453597528 

Awaiting simulation instructions...

Awaiting simulation instructions...

[Reducer8]: Got 89512 bytes.
10 RECEIVE 900 1449453609174 

10 RECEIVE 800 1449453636011 

[Reducer8]: Got 958488 bytes.
Awaiting simulation instructions...

Awaiting simulation instructions...

[Reducer8]: Got 91560 bytes.
10 RECEIVE 1100 1449453651481 

10 RECEIVE 1000 1449453678043 

[Reducer8]: Got 958152 bytes.
Awaiting simulation instructions...

Awaiting simulation instructions...

10 RECEIVE 1300 1449453689430 

[Reducer8]: Got 91560 bytes.
10 RECEIVE 1200 1449453718461 

[Reducer8]: Got 958488 bytes.
Awaiting simulation instructions...

Awaiting simulation instructions...

10 RECEIVE 1500 1449453731594 

[Reducer8]: Got 91560 bytes.
10 RECEIVE 1400 1449453758997 

[Reducer8]: Got 958488 bytes.
Awaiting simulation instructions...

Awaiting simulation instructions...

[Reducer8]: Got 91560 bytes.
10 RECEIVE 1700 1449453772042 

10 RECEIVE 1600 1449453798895 

[Reducer8]: Got 958488 bytes.
Awaiting simulation instructions...

Awaiting simulation instructions...

10 RECEIVE 1900 1449453811603 

[Reducer8]: Got 91560 bytes.
10 RECEIVE 1800 1449453837727 

[Reducer8]: Got 958152 bytes.
Awaiting simulation instructions...

Awaiting simulation instructions...

[Reducer8]: Got 91560 bytes.
10 RECEIVE 2100 1449453851530 

10 RECEIVE 2000 1449453875160 

[Reducer8]: Got 958488 bytes.
Slave finished all tasks and exited.
logger exit
