3 RECEIVE 100 1449447514509 
3 RECEIVE 200 1449447519321 
3 RECEIVE 300 1449447541162 
3 RECEIVE 0 1449447560369 
3 RECEIVE 500 1449447576043 
3 RECEIVE 600 1449447590443 
3 RECEIVE 700 1449447607298 
3 RECEIVE 400 1449447618325 
3 RECEIVE 900 1449447633859 
3 RECEIVE 1000 1449447649973 
3 RECEIVE 1100 1449447669705 
3 RECEIVE 800 1449447677334 
3 RECEIVE 1300 1449447694859 
3 RECEIVE 1400 1449447710556 
3 RECEIVE 1500 1449447727156 
3 RECEIVE 1200 1449447737200 
3 RECEIVE 1700 1449447754307 
3 RECEIVE 1800 1449447770247 
3 RECEIVE 1900 1449447786890 
3 RECEIVE 1600 1449447796022 
3 RECEIVE 2100 1449447815148 
3 RECEIVE 2200 1449447830791 
3 RECEIVE 2300 1449447845319 
3 RECEIVE 2000 1449447861661 
3 RECEIVE 2500 1449447875400 
3 RECEIVE 2600 1449447891741 
3 RECEIVE 2700 1449447907305 
3 RECEIVE 2400 1449447918460 
3 RECEIVE 2900 1449447935577 
3 RECEIVE 3000 1449447951789 
3 RECEIVE 3100 1449447968355 
3 RECEIVE 2800 1449447976696 
3 RECEIVE 3300 1449447995336 
3 RECEIVE 3400 1449448010577 
3 RECEIVE 3500 1449448028234 
3 RECEIVE 3200 1449448037650 
3 RECEIVE 3700 1449448056551 
3 RECEIVE 3800 1449448073247 
3 RECEIVE 3900 1449448093403 
3 RECEIVE 3600 1449448101038 
3 RECEIVE 4100 1449448116507 
3 RECEIVE 4200 1449448131999 
3 RECEIVE 4300 1449448149255 
3 RECEIVE 4000 1449448160495 
