8 RECEIVE 100 1449447511012 
8 RECEIVE 200 1449447525907 
8 RECEIVE 300 1449447538051 
8 RECEIVE 0 1449447556963 
8 RECEIVE 500 1449447574869 
8 RECEIVE 600 1449447590610 
8 RECEIVE 700 1449447607865 
8 RECEIVE 400 1449447619677 
8 RECEIVE 900 1449447635711 
8 RECEIVE 1000 1449447650892 
8 RECEIVE 1100 1449447666246 
8 RECEIVE 800 1449447680542 
8 RECEIVE 1300 1449447696197 
8 RECEIVE 1400 1449447711075 
8 RECEIVE 1500 1449447727865 
8 RECEIVE 1200 1449447740232 
8 RECEIVE 1700 1449447755798 
8 RECEIVE 1800 1449447770753 
8 RECEIVE 1900 1449447786842 
8 RECEIVE 1600 1449447801441 
8 RECEIVE 2100 1449447815617 
8 RECEIVE 2200 1449447831444 
8 RECEIVE 2300 1449447846277 
8 RECEIVE 2000 1449447861327 
8 RECEIVE 2500 1449447876338 
8 RECEIVE 2600 1449447892896 
8 RECEIVE 2700 1449447907929 
8 RECEIVE 2400 1449447921902 
8 RECEIVE 2900 1449447936893 
8 RECEIVE 3000 1449447952846 
8 RECEIVE 3100 1449447969344 
8 RECEIVE 2800 1449447981709 
8 RECEIVE 3300 1449447995777 
8 RECEIVE 3400 1449448010851 
8 RECEIVE 3500 1449448028118 
8 RECEIVE 3200 1449448039604 
8 RECEIVE 3700 1449448057739 
8 RECEIVE 3800 1449448073286 
8 RECEIVE 3900 1449448090088 
8 RECEIVE 3600 1449448101639 
8 RECEIVE 4100 1449448119170 
8 RECEIVE 4200 1449448132410 
8 RECEIVE 4300 1449448150339 
8 RECEIVE 4000 1449448160845 
