Awaiting simulation instructions...

Awaiting simulation instructions...

Awaiting simulation instructions...

3 RECEIVE 100 1449432930579 

[Reducer1]: Got 90112 bytes.
3 RECEIVE 0 1449432961344 

[Reducer1]: Got 958912 bytes.
Awaiting simulation instructions...

Awaiting simulation instructions...

3 RECEIVE 300 1449432974000 

[Reducer1]: Got 91560 bytes.
3 RECEIVE 200 1449432997843 

[Reducer1]: Got 957464 bytes.
Awaiting simulation instructions...

Awaiting simulation instructions...

3 RECEIVE 500 1449433013501 

[Reducer1]: Got 91560 bytes.
3 RECEIVE 400 1449433036177 

[Reducer1]: Got 959512 bytes.
Awaiting simulation instructions...

Awaiting simulation instructions...

3 RECEIVE 700 1449433054533 

[Reducer1]: Got 91560 bytes.
3 RECEIVE 600 1449433079505 

[Reducer1]: Got 958488 bytes.
Awaiting simulation instructions...

Awaiting simulation instructions...

3 RECEIVE 900 1449433095411 

[Reducer1]: Got 91560 bytes.
3 RECEIVE 800 1449433115965 

[Reducer1]: Got 956248 bytes.
Awaiting simulation instructions...

Awaiting simulation instructions...

3 RECEIVE 1100 1449433134239 

[Reducer1]: Got 91560 bytes.
3 RECEIVE 1000 1449433159702 

[Reducer1]: Got 958312 bytes.
Awaiting simulation instructions...

Awaiting simulation instructions...

3 RECEIVE 1300 1449433174474 

[Reducer1]: Got 91560 bytes.
3 RECEIVE 1200 1449433200165 

[Reducer1]: Got 958488 bytes.
Awaiting simulation instructions...

Awaiting simulation instructions...

3 RECEIVE 1500 1449433215348 

[Reducer1]: Got 91560 bytes.
3 RECEIVE 1400 1449433239440 

[Reducer1]: Got 958312 bytes.
Awaiting simulation instructions...

Awaiting simulation instructions...

3 RECEIVE 1700 1449433254648 

[Reducer1]: Got 91560 bytes.
3 RECEIVE 1600 1449433278566 

[Reducer1]: Got 958488 bytes.
Awaiting simulation instructions...

Awaiting simulation instructions...

3 RECEIVE 1900 1449433296118 

[Reducer1]: Got 92584 bytes.
3 RECEIVE 1800 1449433320963 

[Reducer1]: Got 958312 bytes.
Awaiting simulation instructions...

Awaiting simulation instructions...

3 RECEIVE 2100 1449433336136 

[Reducer1]: Got 91560 bytes.
3 RECEIVE 2000 1449433356640 

[Reducer1]: Got 960040 bytes.
Slave finished all tasks and exited.
logger exit
