Awaiting simulation instructions...

Awaiting simulation instructions...

Awaiting simulation instructions...

7 RECEIVE 100 1449432930736 

[Reducer5]: Got 90112 bytes.
7 RECEIVE 0 1449432960646 

[Reducer5]: Got 958152 bytes.
Awaiting simulation instructions...

Awaiting simulation instructions...

7 RECEIVE 300 1449432973656 

[Reducer5]: Got 91560 bytes.
7 RECEIVE 200 1449432999278 

[Reducer5]: Got 957464 bytes.
Awaiting simulation instructions...

Awaiting simulation instructions...

7 RECEIVE 500 1449433014739 

[Reducer5]: Got 91560 bytes.
7 RECEIVE 400 1449433040451 

[Reducer5]: Got 958312 bytes.
Awaiting simulation instructions...

Awaiting simulation instructions...

7 RECEIVE 700 1449433055491 

[Reducer5]: Got 91560 bytes.
7 RECEIVE 600 1449433082117 

[Reducer5]: Got 958152 bytes.
Awaiting simulation instructions...

Awaiting simulation instructions...

7 RECEIVE 900 1449433095831 

[Reducer5]: Got 91560 bytes.
7 RECEIVE 800 1449433117690 

[Reducer5]: Got 958152 bytes.
Awaiting simulation instructions...

Awaiting simulation instructions...

7 RECEIVE 1100 1449433135078 

[Reducer5]: Got 91560 bytes.
7 RECEIVE 1000 1449433161478 

[Reducer5]: Got 958152 bytes.
Awaiting simulation instructions...

Awaiting simulation instructions...

7 RECEIVE 1300 1449433175403 

[Reducer5]: Got 91560 bytes.
7 RECEIVE 1200 1449433199186 

[Reducer5]: Got 956440 bytes.
Awaiting simulation instructions...

Awaiting simulation instructions...

7 RECEIVE 1500 1449433214965 

[Reducer5]: Got 91560 bytes.
7 RECEIVE 1400 1449433242622 

[Reducer5]: Got 958488 bytes.
Awaiting simulation instructions...

Awaiting simulation instructions...

7 RECEIVE 1700 1449433254524 

[Reducer5]: Got 91560 bytes.
7 RECEIVE 1600 1449433283054 

[Reducer5]: Got 958488 bytes.
Awaiting simulation instructions...

Awaiting simulation instructions...

7 RECEIVE 1900 1449433295856 

[Reducer5]: Got 91136 bytes.
7 RECEIVE 1800 1449433321295 

[Reducer5]: Got 958312 bytes.
Awaiting simulation instructions...

Awaiting simulation instructions...

7 RECEIVE 2100 1449433336587 

[Reducer5]: Got 91560 bytes.
7 RECEIVE 2000 1449433360773 

[Reducer5]: Got 957040 bytes.
Slave finished all tasks and exited.
logger exit
