Awaiting simulation instructions...

Awaiting simulation instructions...

Awaiting simulation instructions...

5 RECEIVE 100 1449432929412 

[Reducer3]: Got 89352 bytes.
5 RECEIVE 0 1449432962164 

[Reducer3]: Got 954144 bytes.
Awaiting simulation instructions...

Awaiting simulation instructions...

5 RECEIVE 300 1449432972863 

[Reducer3]: Got 91560 bytes.
5 RECEIVE 200 1449433000960 

[Reducer3]: Got 958488 bytes.
Awaiting simulation instructions...

Awaiting simulation instructions...

5 RECEIVE 500 1449433013868 

[Reducer3]: Got 91560 bytes.
5 RECEIVE 400 1449433039732 

[Reducer3]: Got 958312 bytes.
Awaiting simulation instructions...

Awaiting simulation instructions...

5 RECEIVE 700 1449433054143 

[Reducer3]: Got 91560 bytes.
5 RECEIVE 600 1449433079912 

[Reducer3]: Got 958312 bytes.
Awaiting simulation instructions...

Awaiting simulation instructions...

5 RECEIVE 900 1449433094805 

[Reducer3]: Got 91560 bytes.
5 RECEIVE 800 1449433119465 

[Reducer3]: Got 958488 bytes.
Awaiting simulation instructions...

Awaiting simulation instructions...

5 RECEIVE 1100 1449433134431 

[Reducer3]: Got 91560 bytes.
5 RECEIVE 1000 1449433160392 

[Reducer3]: Got 958488 bytes.
Awaiting simulation instructions...

Awaiting simulation instructions...

5 RECEIVE 1300 1449433175624 

[Reducer3]: Got 91136 bytes.
5 RECEIVE 1200 1449433199516 

[Reducer3]: Got 958312 bytes.
Awaiting simulation instructions...

Awaiting simulation instructions...

5 RECEIVE 1500 1449433214715 

[Reducer3]: Got 91560 bytes.
5 RECEIVE 1400 1449433238733 

[Reducer3]: Got 958312 bytes.
Awaiting simulation instructions...

Awaiting simulation instructions...

5 RECEIVE 1700 1449433254980 

[Reducer3]: Got 91560 bytes.
5 RECEIVE 1600 1449433281475 

[Reducer3]: Got 958312 bytes.
Awaiting simulation instructions...

Awaiting simulation instructions...

5 RECEIVE 1900 1449433295453 

[Reducer3]: Got 91560 bytes.
5 RECEIVE 1800 1449433318803 

[Reducer3]: Got 959672 bytes.
Awaiting simulation instructions...

Awaiting simulation instructions...

5 RECEIVE 2100 1449433335212 

[Reducer3]: Got 91560 bytes.
5 RECEIVE 2000 1449433362053 

[Reducer3]: Got 958152 bytes.
Slave finished all tasks and exited.
logger exit
