Awaiting simulation instructions...

Awaiting simulation instructions...

Awaiting simulation instructions...

10 RECEIVE 100 1449432928709 

[Reducer8]: Got 89352 bytes.
10 RECEIVE 0 1449432960713 

[Reducer8]: Got 958152 bytes.
Awaiting simulation instructions...

Awaiting simulation instructions...

10 RECEIVE 300 1449432974321 

[Reducer8]: Got 91560 bytes.
10 RECEIVE 200 1449433000592 

[Reducer8]: Got 959088 bytes.
Awaiting simulation instructions...

Awaiting simulation instructions...

10 RECEIVE 500 1449433014654 

[Reducer8]: Got 91560 bytes.
10 RECEIVE 400 1449433042069 

[Reducer8]: Got 958152 bytes.
Awaiting simulation instructions...

Awaiting simulation instructions...

10 RECEIVE 700 1449433055292 

[Reducer8]: Got 91560 bytes.
10 RECEIVE 600 1449433081923 

[Reducer8]: Got 958152 bytes.
Awaiting simulation instructions...

Awaiting simulation instructions...

10 RECEIVE 900 1449433096192 

[Reducer8]: Got 91136 bytes.
10 RECEIVE 800 1449433121927 

[Reducer8]: Got 958312 bytes.
Awaiting simulation instructions...

Awaiting simulation instructions...

10 RECEIVE 1100 1449433135906 

[Reducer8]: Got 91560 bytes.
10 RECEIVE 1000 1449433161866 

[Reducer8]: Got 958152 bytes.
Awaiting simulation instructions...

Awaiting simulation instructions...

10 RECEIVE 1300 1449433176130 

[Reducer8]: Got 91136 bytes.
10 RECEIVE 1200 1449433202821 

[Reducer8]: Got 958312 bytes.
Awaiting simulation instructions...

Awaiting simulation instructions...

10 RECEIVE 1500 1449433215147 

[Reducer8]: Got 91560 bytes.
10 RECEIVE 1400 1449433242303 

[Reducer8]: Got 957464 bytes.
Awaiting simulation instructions...

Awaiting simulation instructions...

10 RECEIVE 1700 1449433254934 

[Reducer8]: Got 91560 bytes.
10 RECEIVE 1600 1449433282095 

[Reducer8]: Got 958488 bytes.
Awaiting simulation instructions...

Awaiting simulation instructions...

10 RECEIVE 1900 1449433296688 

[Reducer8]: Got 91136 bytes.
10 RECEIVE 1800 1449433322664 

[Reducer8]: Got 958152 bytes.
Awaiting simulation instructions...

Awaiting simulation instructions...

10 RECEIVE 2100 1449433336662 

[Reducer8]: Got 91560 bytes.
[Reducer8]: Got 794864 bytes.
10 RECEIVE 2000 1449433358622 

Slave finished all tasks and exited.
logger exit
