Awaiting simulation instructions...

Awaiting simulation instructions...

Awaiting simulation instructions...

8 RECEIVE 100 1449432927914 

[Reducer6]: Got 90376 bytes.
8 RECEIVE 0 1449432956310 

[Reducer6]: Got 957464 bytes.
Awaiting simulation instructions...

Awaiting simulation instructions...

8 RECEIVE 300 1449432973479 

[Reducer6]: Got 91560 bytes.
8 RECEIVE 200 1449433000237 

[Reducer6]: Got 956440 bytes.
Awaiting simulation instructions...

Awaiting simulation instructions...

8 RECEIVE 500 1449433014166 

[Reducer6]: Got 91560 bytes.
8 RECEIVE 400 1449433041382 

[Reducer6]: Got 958488 bytes.
Awaiting simulation instructions...

Awaiting simulation instructions...

8 RECEIVE 700 1449433055465 

[Reducer6]: Got 91560 bytes.
[Reducer6]: Got 958312 bytes.
8 RECEIVE 600 1449433080552 

Awaiting simulation instructions...

Awaiting simulation instructions...

8 RECEIVE 900 1449433096098 

[Reducer6]: Got 91560 bytes.
8 RECEIVE 800 1449433121587 

[Reducer6]: Got 958312 bytes.
Awaiting simulation instructions...

Awaiting simulation instructions...

8 RECEIVE 1100 1449433135859 

[Reducer6]: Got 91560 bytes.
8 RECEIVE 1000 1449433161682 

[Reducer6]: Got 957832 bytes.
Awaiting simulation instructions...

Awaiting simulation instructions...

8 RECEIVE 1300 1449433175221 

[Reducer6]: Got 91560 bytes.
8 RECEIVE 1200 1449433201193 

[Reducer6]: Got 958152 bytes.
Awaiting simulation instructions...

Awaiting simulation instructions...

8 RECEIVE 1500 1449433215605 

[Reducer6]: Got 91560 bytes.
8 RECEIVE 1400 1449433241915 

[Reducer6]: Got 958488 bytes.
Awaiting simulation instructions...

Awaiting simulation instructions...

8 RECEIVE 1700 1449433254218 

[Reducer6]: Got 91560 bytes.
8 RECEIVE 1600 1449433282415 

[Reducer6]: Got 958488 bytes.
Awaiting simulation instructions...

Awaiting simulation instructions...

8 RECEIVE 1900 1449433296821 

[Reducer6]: Got 91136 bytes.
8 RECEIVE 1800 1449433322344 

[Reducer6]: Got 958152 bytes.
Awaiting simulation instructions...

Awaiting simulation instructions...

8 RECEIVE 2100 1449433336842 

[Reducer6]: Got 91560 bytes.
8 RECEIVE 2000 1449433362364 

[Reducer6]: Got 957304 bytes.
Slave finished all tasks and exited.
logger exit
