Awaiting simulation instructions...

Awaiting simulation instructions...

Awaiting simulation instructions...

11 RECEIVE 100 1449432928348 

[Reducer9]: Got 89512 bytes.
11 RECEIVE 0 1449432961876 

[Reducer9]: Got 958064 bytes.
Awaiting simulation instructions...

Awaiting simulation instructions...

11 RECEIVE 300 1449432973944 

[Reducer9]: Got 91136 bytes.
11 RECEIVE 200 1449433001979 

[Reducer9]: Got 957464 bytes.
Awaiting simulation instructions...

Awaiting simulation instructions...

11 RECEIVE 500 1449433014569 

[Reducer9]: Got 91136 bytes.
11 RECEIVE 400 1449433040742 

[Reducer9]: Got 958488 bytes.
Awaiting simulation instructions...

Awaiting simulation instructions...

[Reducer9]: Got 91560 bytes.
11 RECEIVE 700 1449433055256 

11 RECEIVE 600 1449433081681 

[Reducer9]: Got 958152 bytes.
Awaiting simulation instructions...

Awaiting simulation instructions...

11 RECEIVE 900 1449433095593 

[Reducer9]: Got 91136 bytes.
11 RECEIVE 800 1449433122228 

[Reducer9]: Got 958488 bytes.
Awaiting simulation instructions...

Awaiting simulation instructions...

11 RECEIVE 1100 1449433135687 

[Reducer9]: Got 91136 bytes.
11 RECEIVE 1000 1449433162196 

[Reducer9]: Got 958152 bytes.
Awaiting simulation instructions...

Awaiting simulation instructions...

11 RECEIVE 1300 1449433175958 

[Reducer9]: Got 91136 bytes.
11 RECEIVE 1200 1449433202508 

[Reducer9]: Got 958312 bytes.
Awaiting simulation instructions...

Awaiting simulation instructions...

11 RECEIVE 1500 1449433215623 

[Reducer9]: Got 91560 bytes.
11 RECEIVE 1400 1449433241555 

[Reducer9]: Got 958488 bytes.
Awaiting simulation instructions...

Awaiting simulation instructions...

11 RECEIVE 1700 1449433254839 

[Reducer9]: Got 91560 bytes.
[Reducer9]: Got 958312 bytes.
11 RECEIVE 1600 1449433281048 

Awaiting simulation instructions...

Awaiting simulation instructions...

11 RECEIVE 1900 1449433297032 

[Reducer9]: Got 91136 bytes.
11 RECEIVE 1800 1449433322964 

[Reducer9]: Got 958152 bytes.
Awaiting simulation instructions...

Awaiting simulation instructions...

11 RECEIVE 2100 1449433336738 

[Reducer9]: Got 91560 bytes.
11 RECEIVE 2000 1449433362870 

[Reducer9]: Got 958488 bytes.
Slave finished all tasks and exited.
logger exit
