Awaiting simulation instructions...

Awaiting simulation instructions...

Awaiting simulation instructions...

4 RECEIVE 100 1449432929572 

[Reducer2]: Got 89352 bytes.
4 RECEIVE 0 1449432960100 

[Reducer2]: Got 958152 bytes.
Awaiting simulation instructions...

Awaiting simulation instructions...

4 RECEIVE 300 1449432974095 

[Reducer2]: Got 91560 bytes.
4 RECEIVE 200 1449432998580 

[Reducer2]: Got 957112 bytes.
Awaiting simulation instructions...

Awaiting simulation instructions...

4 RECEIVE 500 1449433013358 

[Reducer2]: Got 91560 bytes.
4 RECEIVE 400 1449433036535 

[Reducer2]: Got 958152 bytes.
Awaiting simulation instructions...

Awaiting simulation instructions...

4 RECEIVE 700 1449433054276 

[Reducer2]: Got 91560 bytes.
4 RECEIVE 600 1449433080949 

[Reducer2]: Got 958488 bytes.
Awaiting simulation instructions...

Awaiting simulation instructions...

4 RECEIVE 900 1449433094909 

[Reducer2]: Got 91560 bytes.
4 RECEIVE 800 1449433116672 

[Reducer2]: Got 957448 bytes.
Awaiting simulation instructions...

Awaiting simulation instructions...

4 RECEIVE 1100 1449433135143 

[Reducer2]: Got 91560 bytes.
4 RECEIVE 1000 1449433160128 

[Reducer2]: Got 958312 bytes.
Awaiting simulation instructions...

Awaiting simulation instructions...

4 RECEIVE 1300 1449433175796 

[Reducer2]: Got 91136 bytes.
4 RECEIVE 1200 1449433199845 

[Reducer2]: Got 958488 bytes.
Awaiting simulation instructions...

Awaiting simulation instructions...

4 RECEIVE 1500 1449433215698 

[Reducer2]: Got 91560 bytes.
4 RECEIVE 1400 1449433241235 

[Reducer2]: Got 958488 bytes.
Awaiting simulation instructions...

Awaiting simulation instructions...

4 RECEIVE 1700 1449433254361 

[Reducer2]: Got 91560 bytes.
4 RECEIVE 1600 1449433277490 

[Reducer2]: Got 958488 bytes.
Awaiting simulation instructions...

Awaiting simulation instructions...

4 RECEIVE 1900 1449433295635 

[Reducer2]: Got 91560 bytes.
4 RECEIVE 1800 1449433317415 

[Reducer2]: Got 959600 bytes.
Awaiting simulation instructions...

Awaiting simulation instructions...

4 RECEIVE 2100 1449433336859 

[Reducer2]: Got 91560 bytes.
4 RECEIVE 2000 1449433360996 

[Reducer2]: Got 958312 bytes.
Slave finished all tasks and exited.
logger exit
