Awaiting simulation instructions...

Awaiting simulation instructions...

Awaiting simulation instructions...

6 RECEIVE 100 1449432929354 

[Reducer4]: Got 89352 bytes.
6 RECEIVE 0 1449432961620 

[Reducer4]: Got 958912 bytes.
Awaiting simulation instructions...

Awaiting simulation instructions...

6 RECEIVE 300 1449432973161 

[Reducer4]: Got 91560 bytes.
6 RECEIVE 200 1449433001678 

[Reducer4]: Got 958488 bytes.
Awaiting simulation instructions...

Awaiting simulation instructions...

6 RECEIVE 500 1449433014814 

[Reducer4]: Got 91560 bytes.
6 RECEIVE 400 1449433041091 

[Reducer4]: Got 958488 bytes.
Awaiting simulation instructions...

Awaiting simulation instructions...

6 RECEIVE 700 1449433055577 

[Reducer4]: Got 91560 bytes.
6 RECEIVE 600 1449433080242 

[Reducer4]: Got 958312 bytes.
Awaiting simulation instructions...

Awaiting simulation instructions...

6 RECEIVE 900 1449433095746 

[Reducer4]: Got 91136 bytes.
6 RECEIVE 800 1449433119779 

[Reducer4]: Got 958488 bytes.
Awaiting simulation instructions...

Awaiting simulation instructions...

6 RECEIVE 1100 1449433135287 

[Reducer4]: Got 91560 bytes.
6 RECEIVE 1000 1449433156272 

[Reducer4]: Got 958152 bytes.
Awaiting simulation instructions...

Awaiting simulation instructions...

6 RECEIVE 1300 1449433174837 

[Reducer4]: Got 91560 bytes.
6 RECEIVE 1200 1449433200689 

[Reducer4]: Got 958152 bytes.
Awaiting simulation instructions...

Awaiting simulation instructions...

6 RECEIVE 1500 1449433214272 

[Reducer4]: Got 91560 bytes.
6 RECEIVE 1400 1449433242942 

[Reducer4]: Got 958488 bytes.
Awaiting simulation instructions...

Awaiting simulation instructions...

6 RECEIVE 1700 1449433253530 

[Reducer4]: Got 90536 bytes.
6 RECEIVE 1600 1449433282734 

[Reducer4]: Got 958488 bytes.
Awaiting simulation instructions...

Awaiting simulation instructions...

6 RECEIVE 1900 1449433296324 

[Reducer4]: Got 91136 bytes.
6 RECEIVE 1800 1449433321694 

[Reducer4]: Got 958152 bytes.
Awaiting simulation instructions...

Awaiting simulation instructions...

6 RECEIVE 2100 1449433336541 

[Reducer4]: Got 91560 bytes.
6 RECEIVE 2000 1449433360550 

[Reducer4]: Got 957288 bytes.
Slave finished all tasks and exited.
logger exit
