Awaiting simulation instructions...

Awaiting simulation instructions...

Awaiting simulation instructions...

Awaiting simulation instructions...

2 RECEIVE 200 1449445941473 

[Reducer0]: Got 88504 bytes.
2 RECEIVE 100 1449445945577 

[Reducer0]: Got 88504 bytes.
2 RECEIVE 0 1449445976403 

[Reducer0]: Got 959088 bytes.
Awaiting simulation instructions...

Awaiting simulation instructions...

Awaiting simulation instructions...

2 RECEIVE 400 1449446007605 

[Reducer0]: Got 91560 bytes.
2 RECEIVE 500 1449446008255 

[Reducer0]: Got 91560 bytes.
2 RECEIVE 300 1449446027819 

[Reducer0]: Got 956920 bytes.
Awaiting simulation instructions...

Awaiting simulation instructions...

Awaiting simulation instructions...

2 RECEIVE 700 1449446067164 

[Reducer0]: Got 91136 bytes.
2 RECEIVE 800 1449446067326 

[Reducer0]: Got 91560 bytes.
2 RECEIVE 600 1449446094122 

[Reducer0]: Got 958312 bytes.
Awaiting simulation instructions...

Awaiting simulation instructions...

Awaiting simulation instructions...

2 RECEIVE 1100 1449446127690 

[Reducer0]: Got 91136 bytes.
2 RECEIVE 1000 1449446128592 

[Reducer0]: Got 91560 bytes.
2 RECEIVE 900 1449446154927 

[Reducer0]: Got 956440 bytes.
Awaiting simulation instructions...

Awaiting simulation instructions...

Awaiting simulation instructions...

2 RECEIVE 1300 1449446189153 

[Reducer0]: Got 91136 bytes.
2 RECEIVE 1400 1449446190087 

[Reducer0]: Got 90112 bytes.
2 RECEIVE 1200 1449446211559 

[Reducer0]: Got 958152 bytes.
Awaiting simulation instructions...

Awaiting simulation instructions...

Awaiting simulation instructions...

2 RECEIVE 1600 1449446247106 

[Reducer0]: Got 91560 bytes.
2 RECEIVE 1700 1449446247865 

[Reducer0]: Got 91560 bytes.
2 RECEIVE 1500 1449446273497 

[Reducer0]: Got 958312 bytes.
Awaiting simulation instructions...

Awaiting simulation instructions...

Awaiting simulation instructions...

2 RECEIVE 2000 1449446308959 

[Reducer0]: Got 91560 bytes.
2 RECEIVE 1900 1449446309025 

[Reducer0]: Got 91560 bytes.
2 RECEIVE 1800 1449446330754 

[Reducer0]: Got 956000 bytes.
Awaiting simulation instructions...

Awaiting simulation instructions...

Awaiting simulation instructions...

2 RECEIVE 2300 1449446367910 

[Reducer0]: Got 91560 bytes.
2 RECEIVE 2200 1449446369121 

[Reducer0]: Got 91136 bytes.
[Reducer0]: Got 958312 bytes.
2 RECEIVE 2100 1449446393995 

Awaiting simulation instructions...

Awaiting simulation instructions...

Awaiting simulation instructions...

2 RECEIVE 2600 1449446428814 

[Reducer0]: Got 89512 bytes.
2 RECEIVE 2500 1449446429096 

[Reducer0]: Got 91560 bytes.
2 RECEIVE 2400 1449446454306 

[Reducer0]: Got 957464 bytes.
Awaiting simulation instructions...

Awaiting simulation instructions...

Awaiting simulation instructions...

2 RECEIVE 2900 1449446488829 

[Reducer0]: Got 91560 bytes.
2 RECEIVE 2800 1449446489898 

[Reducer0]: Got 91560 bytes.
2 RECEIVE 2700 1449446511690 

[Reducer0]: Got 958152 bytes.
Awaiting simulation instructions...

Awaiting simulation instructions...

Awaiting simulation instructions...

2 RECEIVE 3200 1449446550526 

[Reducer0]: Got 91136 bytes.
[Reducer0]: Got 91560 bytes.
2 RECEIVE 3100 1449446550935 

2 RECEIVE 3000 1449446576758 

[Reducer0]: Got 957304 bytes.
Slave finished all tasks and exited.
logger exit
