Awaiting simulation instructions...

Awaiting simulation instructions...

Awaiting simulation instructions...

Awaiting simulation instructions...

10 RECEIVE 100 1449445941613 

[Reducer8]: Got 88504 bytes.
10 RECEIVE 200 1449445942335 

[Reducer8]: Got 87480 bytes.
10 RECEIVE 0 1449445975038 

[Reducer8]: Got 958376 bytes.
Awaiting simulation instructions...

Awaiting simulation instructions...

Awaiting simulation instructions...

10 RECEIVE 400 1449446005939 

[Reducer8]: Got 90536 bytes.
10 RECEIVE 500 1449446008755 

[Reducer8]: Got 91560 bytes.
10 RECEIVE 300 1449446035553 

[Reducer8]: Got 956616 bytes.
Awaiting simulation instructions...

Awaiting simulation instructions...

Awaiting simulation instructions...

10 RECEIVE 700 1449446068964 

[Reducer8]: Got 91136 bytes.
10 RECEIVE 800 1449446069085 

[Reducer8]: Got 91136 bytes.
10 RECEIVE 600 1449446095796 

[Reducer8]: Got 958152 bytes.
Awaiting simulation instructions...

Awaiting simulation instructions...

Awaiting simulation instructions...

10 RECEIVE 1000 1449446127996 

[Reducer8]: Got 91136 bytes.
[Reducer8]: Got 91136 bytes.
10 RECEIVE 1100 1449446129333 

10 RECEIVE 900 1449446156448 

[Reducer8]: Got 958152 bytes.
Awaiting simulation instructions...

Awaiting simulation instructions...

Awaiting simulation instructions...

10 RECEIVE 1300 1449446188796 

[Reducer8]: Got 90112 bytes.
10 RECEIVE 1400 1449446189752 

[Reducer8]: Got 90112 bytes.
10 RECEIVE 1200 1449446216788 

[Reducer8]: Got 958152 bytes.
Awaiting simulation instructions...

Awaiting simulation instructions...

Awaiting simulation instructions...

[Reducer8]: Got 91136 bytes.
10 RECEIVE 1600 1449446250016 

10 RECEIVE 1700 1449446250442 

[Reducer8]: Got 91136 bytes.
10 RECEIVE 1500 1449446276308 

[Reducer8]: Got 957304 bytes.
Awaiting simulation instructions...

Awaiting simulation instructions...

Awaiting simulation instructions...

10 RECEIVE 1900 1449446308084 

[Reducer8]: Got 91560 bytes.
10 RECEIVE 2000 1449446310859 

[Reducer8]: Got 89352 bytes.
10 RECEIVE 1800 1449446337296 

[Reducer8]: Got 957464 bytes.
Awaiting simulation instructions...

Awaiting simulation instructions...

Awaiting simulation instructions...

10 RECEIVE 2300 1449446368592 

[Reducer8]: Got 90112 bytes.
10 RECEIVE 2200 1449446369689 

[Reducer8]: Got 91136 bytes.
10 RECEIVE 2100 1449446397291 

[Reducer8]: Got 956616 bytes.
Awaiting simulation instructions...

Awaiting simulation instructions...

Awaiting simulation instructions...

10 RECEIVE 2500 1449446430822 

[Reducer8]: Got 91560 bytes.
10 RECEIVE 2600 1449446431136 

[Reducer8]: Got 90112 bytes.
[Reducer8]: Got 957464 bytes.
10 RECEIVE 2400 1449446457516 

Awaiting simulation instructions...

Awaiting simulation instructions...

Awaiting simulation instructions...

10 RECEIVE 2800 1449446488225 

[Reducer8]: Got 91560 bytes.
10 RECEIVE 2900 1449446490825 

[Reducer8]: Got 91560 bytes.
10 RECEIVE 2700 1449446516818 

[Reducer8]: Got 957304 bytes.
Awaiting simulation instructions...

Awaiting simulation instructions...

Awaiting simulation instructions...

10 RECEIVE 3100 1449446548917 

[Reducer8]: Got 91560 bytes.
10 RECEIVE 3200 1449446551459 

[Reducer8]: Got 91560 bytes.
10 RECEIVE 3000 1449446576438 

[Reducer8]: Got 957304 bytes.
Slave finished all tasks and exited.
logger exit
