Awaiting simulation instructions...

Awaiting simulation instructions...

Awaiting simulation instructions...

Awaiting simulation instructions...

6 RECEIVE 200 1449445943462 

[Reducer4]: Got 90376 bytes.
6 RECEIVE 100 1449445947380 

[Reducer4]: Got 91136 bytes.
6 RECEIVE 0 1449445973661 

[Reducer4]: Got 956280 bytes.
Awaiting simulation instructions...

Awaiting simulation instructions...

Awaiting simulation instructions...

6 RECEIVE 500 1449446008427 

[Reducer4]: Got 91560 bytes.
6 RECEIVE 400 1449446008848 

[Reducer4]: Got 91560 bytes.
6 RECEIVE 300 1449446034667 

[Reducer4]: Got 952488 bytes.
Awaiting simulation instructions...

Awaiting simulation instructions...

Awaiting simulation instructions...

6 RECEIVE 700 1449446066906 

[Reducer4]: Got 91560 bytes.
6 RECEIVE 800 1449446069190 

[Reducer4]: Got 91136 bytes.
6 RECEIVE 600 1449446095354 

[Reducer4]: Got 958328 bytes.
Awaiting simulation instructions...

Awaiting simulation instructions...

Awaiting simulation instructions...

6 RECEIVE 1000 1449446127824 

[Reducer4]: Got 91560 bytes.
6 RECEIVE 1100 1449446128478 

[Reducer4]: Got 91560 bytes.
6 RECEIVE 900 1449446154636 

[Reducer4]: Got 958312 bytes.
Awaiting simulation instructions...

Awaiting simulation instructions...

Awaiting simulation instructions...

6 RECEIVE 1300 1449446187366 

[Reducer4]: Got 91560 bytes.
6 RECEIVE 1400 1449446189480 

[Reducer4]: Got 91136 bytes.
6 RECEIVE 1200 1449446215684 

[Reducer4]: Got 957464 bytes.
Awaiting simulation instructions...

Awaiting simulation instructions...

Awaiting simulation instructions...

6 RECEIVE 1600 1449446248307 

[Reducer4]: Got 91560 bytes.
6 RECEIVE 1700 1449446249917 

[Reducer4]: Got 91136 bytes.
6 RECEIVE 1500 1449446271248 

[Reducer4]: Got 960200 bytes.
Awaiting simulation instructions...

Awaiting simulation instructions...

Awaiting simulation instructions...

6 RECEIVE 1900 1449446309129 

[Reducer4]: Got 91560 bytes.
6 RECEIVE 2000 1449446313273 

[Reducer4]: Got 91136 bytes.
6 RECEIVE 1800 1449446334558 

[Reducer4]: Got 957288 bytes.
Awaiting simulation instructions...

Awaiting simulation instructions...

Awaiting simulation instructions...

6 RECEIVE 2300 1449446366487 

[Reducer4]: Got 90536 bytes.
6 RECEIVE 2200 1449446367845 

[Reducer4]: Got 91560 bytes.
6 RECEIVE 2100 1449446396681 

[Reducer4]: Got 958488 bytes.
Awaiting simulation instructions...

Awaiting simulation instructions...

Awaiting simulation instructions...

6 RECEIVE 2600 1449446429132 

[Reducer4]: Got 91560 bytes.
6 RECEIVE 2500 1449446429554 

[Reducer4]: Got 90112 bytes.
6 RECEIVE 2400 1449446455055 

[Reducer4]: Got 957464 bytes.
Awaiting simulation instructions...

Awaiting simulation instructions...

Awaiting simulation instructions...

6 RECEIVE 2900 1449446490910 

[Reducer4]: Got 91136 bytes.
6 RECEIVE 2800 1449446490995 

[Reducer4]: Got 91560 bytes.
6 RECEIVE 2700 1449446515768 

[Reducer4]: Got 957464 bytes.
Awaiting simulation instructions...

Awaiting simulation instructions...

Awaiting simulation instructions...

6 RECEIVE 3100 1449446548667 

[Reducer4]: Got 91560 bytes.
6 RECEIVE 3200 1449446549777 

[Reducer4]: Got 91560 bytes.
6 RECEIVE 3000 1449446574981 

[Reducer4]: Got 956440 bytes.
Slave finished all tasks and exited.
logger exit
