Awaiting simulation instructions...

Awaiting simulation instructions...

Awaiting simulation instructions...

Awaiting simulation instructions...

7 RECEIVE 200 1449445944252 

[Reducer5]: Got 90376 bytes.
7 RECEIVE 100 1449445944773 

[Reducer5]: Got 92248 bytes.
7 RECEIVE 0 1449445974689 

[Reducer5]: Got 960488 bytes.
Awaiting simulation instructions...

Awaiting simulation instructions...

Awaiting simulation instructions...

7 RECEIVE 400 1449446007181 

[Reducer5]: Got 91560 bytes.
7 RECEIVE 500 1449446008940 

[Reducer5]: Got 91560 bytes.
7 RECEIVE 300 1449446034961 

[Reducer5]: Got 957464 bytes.
Awaiting simulation instructions...

Awaiting simulation instructions...

Awaiting simulation instructions...

7 RECEIVE 700 1449446067050 

[Reducer5]: Got 91136 bytes.
7 RECEIVE 800 1449446068859 

[Reducer5]: Got 91136 bytes.
7 RECEIVE 600 1449446094248 

[Reducer5]: Got 957288 bytes.
Awaiting simulation instructions...

Awaiting simulation instructions...

Awaiting simulation instructions...

7 RECEIVE 1000 1449446126844 

[Reducer5]: Got 91560 bytes.
7 RECEIVE 1100 1449446129360 

[Reducer5]: Got 91136 bytes.
7 RECEIVE 900 1449446155208 

[Reducer5]: Got 958488 bytes.
Awaiting simulation instructions...

Awaiting simulation instructions...

Awaiting simulation instructions...

7 RECEIVE 1300 1449446189507 

[Reducer5]: Got 91136 bytes.
7 RECEIVE 1400 1449446190208 

[Reducer5]: Got 90112 bytes.
7 RECEIVE 1200 1449446213991 

[Reducer5]: Got 958152 bytes.
Awaiting simulation instructions...

Awaiting simulation instructions...

Awaiting simulation instructions...

7 RECEIVE 1700 1449446249934 

[Reducer5]: Got 91136 bytes.
7 RECEIVE 1600 1449446249970 

[Reducer5]: Got 91136 bytes.
7 RECEIVE 1500 1449446275658 

[Reducer5]: Got 957304 bytes.
Awaiting simulation instructions...

Awaiting simulation instructions...

Awaiting simulation instructions...

7 RECEIVE 1900 1449446308893 

[Reducer5]: Got 91560 bytes.
[Reducer5]: Got 91136 bytes.
7 RECEIVE 2000 1449446310395 

7 RECEIVE 1800 1449446334248 

[Reducer5]: Got 957464 bytes.
Awaiting simulation instructions...

Awaiting simulation instructions...

Awaiting simulation instructions...

7 RECEIVE 2200 1449446367617 

[Reducer5]: Got 91560 bytes.
7 RECEIVE 2300 1449446368422 

[Reducer5]: Got 91136 bytes.
7 RECEIVE 2100 1449446396991 

[Reducer5]: Got 958488 bytes.
Awaiting simulation instructions...

Awaiting simulation instructions...

Awaiting simulation instructions...

7 RECEIVE 2500 1449446430837 

[Reducer5]: Got 90112 bytes.
7 RECEIVE 2600 1449446431099 

[Reducer5]: Got 90112 bytes.
7 RECEIVE 2400 1449446457196 

[Reducer5]: Got 958488 bytes.
Awaiting simulation instructions...

Awaiting simulation instructions...

Awaiting simulation instructions...

7 RECEIVE 2800 1449446488329 

[Reducer5]: Got 91560 bytes.
7 RECEIVE 2900 1449446491031 

[Reducer5]: Got 91136 bytes.
7 RECEIVE 2700 1449446516166 

[Reducer5]: Got 957304 bytes.
Awaiting simulation instructions...

Awaiting simulation instructions...

Awaiting simulation instructions...

7 RECEIVE 3200 1449446548400 

[Reducer5]: Got 91560 bytes.
7 RECEIVE 3100 1449446550573 

[Reducer5]: Got 91560 bytes.
7 RECEIVE 3000 1449446577906 

[Reducer5]: Got 958312 bytes.
Slave finished all tasks and exited.
logger exit
