Awaiting simulation instructions...

Awaiting simulation instructions...

Awaiting simulation instructions...

Awaiting simulation instructions...

8 RECEIVE 100 1449445942997 

[Reducer6]: Got 90688 bytes.
8 RECEIVE 200 1449445943726 

[Reducer6]: Got 90376 bytes.
8 RECEIVE 0 1449445974078 

[Reducer6]: Got 956280 bytes.
Awaiting simulation instructions...

Awaiting simulation instructions...

Awaiting simulation instructions...

8 RECEIVE 500 1449446008189 

[Reducer6]: Got 91560 bytes.
8 RECEIVE 400 1449446008738 

[Reducer6]: Got 91560 bytes.
8 RECEIVE 300 1449446035243 

[Reducer6]: Got 957464 bytes.
Awaiting simulation instructions...

Awaiting simulation instructions...

Awaiting simulation instructions...

8 RECEIVE 800 1449446067625 

[Reducer6]: Got 90112 bytes.
8 RECEIVE 700 1449446068668 

[Reducer6]: Got 91136 bytes.
8 RECEIVE 600 1449446094976 

[Reducer6]: Got 958488 bytes.
Awaiting simulation instructions...

Awaiting simulation instructions...

Awaiting simulation instructions...

8 RECEIVE 1000 1449446127355 

[Reducer6]: Got 91136 bytes.
8 RECEIVE 1100 1449446129231 

[Reducer6]: Got 91136 bytes.
8 RECEIVE 900 1449446155760 

[Reducer6]: Got 958152 bytes.
Awaiting simulation instructions...

Awaiting simulation instructions...

Awaiting simulation instructions...

8 RECEIVE 1400 1449446190465 

[Reducer6]: Got 90112 bytes.
8 RECEIVE 1300 1449446190629 

[Reducer6]: Got 90112 bytes.
8 RECEIVE 1200 1449446211239 

[Reducer6]: Got 959528 bytes.
Awaiting simulation instructions...

Awaiting simulation instructions...

Awaiting simulation instructions...

8 RECEIVE 1600 1449446247490 

[Reducer6]: Got 91560 bytes.
8 RECEIVE 1700 1449446250468 

[Reducer6]: Got 91136 bytes.
8 RECEIVE 1500 1449446275968 

[Reducer6]: Got 957304 bytes.
Awaiting simulation instructions...

Awaiting simulation instructions...

Awaiting simulation instructions...

8 RECEIVE 1900 1449446307452 

[Reducer6]: Got 90536 bytes.
8 RECEIVE 2000 1449446310422 

[Reducer6]: Got 91136 bytes.
8 RECEIVE 1800 1449446336457 

[Reducer6]: Got 957288 bytes.
Awaiting simulation instructions...

Awaiting simulation instructions...

Awaiting simulation instructions...

8 RECEIVE 2300 1449446368912 

[Reducer6]: Got 91136 bytes.
8 RECEIVE 2200 1449446369599 

[Reducer6]: Got 91136 bytes.
8 RECEIVE 2100 1449446392745 

[Reducer6]: Got 958312 bytes.
Awaiting simulation instructions...

Awaiting simulation instructions...

Awaiting simulation instructions...

8 RECEIVE 2600 1449446430504 

[Reducer6]: Got 89352 bytes.
8 RECEIVE 2500 1449446430929 

[Reducer6]: Got 90112 bytes.
8 RECEIVE 2400 1449446453657 

[Reducer6]: Got 956280 bytes.
Awaiting simulation instructions...

Awaiting simulation instructions...

Awaiting simulation instructions...

8 RECEIVE 2900 1449446489050 

[Reducer6]: Got 91560 bytes.
8 RECEIVE 2800 1449446491259 

[Reducer6]: Got 91560 bytes.
8 RECEIVE 2700 1449446516498 

[Reducer6]: Got 957304 bytes.
Awaiting simulation instructions...

Awaiting simulation instructions...

Awaiting simulation instructions...

8 RECEIVE 3100 1449446550917 

[Reducer6]: Got 91560 bytes.
8 RECEIVE 3200 1449446551578 

[Reducer6]: Got 91560 bytes.
8 RECEIVE 3000 1449446574012 

[Reducer6]: Got 957304 bytes.
Slave finished all tasks and exited.
logger exit
