Awaiting simulation instructions...

Awaiting simulation instructions...

Awaiting simulation instructions...

Awaiting simulation instructions...

4 RECEIVE 100 1449445940588 

[Reducer2]: Got 91400 bytes.
4 RECEIVE 200 1449445943275 

[Reducer2]: Got 89512 bytes.
4 RECEIVE 0 1449445973962 

[Reducer2]: Got 959176 bytes.
Awaiting simulation instructions...

Awaiting simulation instructions...

Awaiting simulation instructions...

4 RECEIVE 500 1449446008162 

[Reducer2]: Got 91560 bytes.
4 RECEIVE 400 1449446008665 

[Reducer2]: Got 91560 bytes.
4 RECEIVE 300 1449446032667 

[Reducer2]: Got 959336 bytes.
Awaiting simulation instructions...

Awaiting simulation instructions...

Awaiting simulation instructions...

4 RECEIVE 700 1449446065634 

[Reducer2]: Got 91560 bytes.
4 RECEIVE 800 1449446067399 

[Reducer2]: Got 91560 bytes.
4 RECEIVE 600 1449446094811 

[Reducer2]: Got 957640 bytes.
Awaiting simulation instructions...

Awaiting simulation instructions...

Awaiting simulation instructions...

4 RECEIVE 1000 1449446126276 

[Reducer2]: Got 91560 bytes.
4 RECEIVE 1100 1449446129029 

[Reducer2]: Got 91136 bytes.
4 RECEIVE 900 1449446150915 

[Reducer2]: Got 957304 bytes.
Awaiting simulation instructions...

Awaiting simulation instructions...

Awaiting simulation instructions...

4 RECEIVE 1400 1449446189524 

[Reducer2]: Got 91136 bytes.
4 RECEIVE 1300 1449446190284 

[Reducer2]: Got 90112 bytes.
4 RECEIVE 1200 1449446214752 

[Reducer2]: Got 957288 bytes.
Awaiting simulation instructions...

Awaiting simulation instructions...

Awaiting simulation instructions...

4 RECEIVE 1600 1449446247308 

[Reducer2]: Got 91560 bytes.
4 RECEIVE 1700 1449446250158 

[Reducer2]: Got 91136 bytes.
4 RECEIVE 1500 1449446274629 

[Reducer2]: Got 956440 bytes.
Awaiting simulation instructions...

Awaiting simulation instructions...

Awaiting simulation instructions...

4 RECEIVE 1900 1449446307628 

[Reducer2]: Got 90536 bytes.
4 RECEIVE 2000 1449446309777 

[Reducer2]: Got 90112 bytes.
4 RECEIVE 1800 1449446334021 

[Reducer2]: Got 956808 bytes.
Awaiting simulation instructions...

Awaiting simulation instructions...

Awaiting simulation instructions...

4 RECEIVE 2200 1449446366213 

[Reducer2]: Got 90536 bytes.
4 RECEIVE 2300 1449446369351 

[Reducer2]: Got 91560 bytes.
4 RECEIVE 2100 1449446395972 

[Reducer2]: Got 958312 bytes.
Awaiting simulation instructions...

Awaiting simulation instructions...

Awaiting simulation instructions...

4 RECEIVE 2500 1449446427620 

[Reducer2]: Got 90536 bytes.
4 RECEIVE 2600 1449446430249 

[Reducer2]: Got 91560 bytes.
4 RECEIVE 2400 1449446452271 

[Reducer2]: Got 955896 bytes.
Awaiting simulation instructions...

Awaiting simulation instructions...

Awaiting simulation instructions...

4 RECEIVE 2800 1449446490458 

[Reducer2]: Got 91560 bytes.
4 RECEIVE 2900 1449446490657 

[Reducer2]: Got 91560 bytes.
4 RECEIVE 2700 1449446514665 

[Reducer2]: Got 961208 bytes.
Awaiting simulation instructions...

Awaiting simulation instructions...

Awaiting simulation instructions...

4 RECEIVE 3100 1449446550403 

[Reducer2]: Got 91560 bytes.
4 RECEIVE 3200 1449446551493 

[Reducer2]: Got 91136 bytes.
4 RECEIVE 3000 1449446575689 

[Reducer2]: Got 958488 bytes.
Slave finished all tasks and exited.
logger exit
