Awaiting simulation instructions...

Awaiting simulation instructions...

Awaiting simulation instructions...

Awaiting simulation instructions...

5 RECEIVE 200 1449445940496 

[Reducer3]: Got 90376 bytes.
5 RECEIVE 100 1449445943787 

[Reducer3]: Got 92424 bytes.
5 RECEIVE 0 1449445973177 

[Reducer3]: Got 957624 bytes.
Awaiting simulation instructions...

Awaiting simulation instructions...

Awaiting simulation instructions...

5 RECEIVE 500 1449446008721 

[Reducer3]: Got 91560 bytes.
5 RECEIVE 400 1449446008792 

[Reducer3]: Got 91560 bytes.
5 RECEIVE 300 1449446033628 

[Reducer3]: Got 955240 bytes.
Awaiting simulation instructions...

Awaiting simulation instructions...

Awaiting simulation instructions...

5 RECEIVE 800 1449446066056 

[Reducer3]: Got 91560 bytes.
5 RECEIVE 700 1449446067372 

[Reducer3]: Got 91560 bytes.
5 RECEIVE 600 1449446092747 

[Reducer3]: Got 957640 bytes.
Awaiting simulation instructions...

Awaiting simulation instructions...

Awaiting simulation instructions...

5 RECEIVE 1000 1449446126259 

[Reducer3]: Got 91560 bytes.
5 RECEIVE 1100 1449446129267 

[Reducer3]: Got 91136 bytes.
5 RECEIVE 900 1449446154296 

[Reducer3]: Got 956440 bytes.
Awaiting simulation instructions...

Awaiting simulation instructions...

Awaiting simulation instructions...

5 RECEIVE 1300 1449446187761 

[Reducer3]: Got 91136 bytes.
5 RECEIVE 1400 1449446188297 

[Reducer3]: Got 91136 bytes.
5 RECEIVE 1200 1449446215899 

[Reducer3]: Got 957304 bytes.
Awaiting simulation instructions...

Awaiting simulation instructions...

Awaiting simulation instructions...

5 RECEIVE 1600 1449446248651 

[Reducer3]: Got 91560 bytes.
5 RECEIVE 1700 1449446250053 

[Reducer3]: Got 91136 bytes.
5 RECEIVE 1500 1449446275270 

[Reducer3]: Got 958312 bytes.
Awaiting simulation instructions...

Awaiting simulation instructions...

Awaiting simulation instructions...

5 RECEIVE 1900 1449446307873 

[Reducer3]: Got 91560 bytes.
5 RECEIVE 2000 1449446310812 

[Reducer3]: Got 90112 bytes.
[Reducer3]: Got 958648 bytes.
5 RECEIVE 1800 1449446331239 

Awaiting simulation instructions...

Awaiting simulation instructions...

Awaiting simulation instructions...

5 RECEIVE 2200 1449446367570 

[Reducer3]: Got 91560 bytes.
5 RECEIVE 2300 1449446367779 

[Reducer3]: Got 91560 bytes.
5 RECEIVE 2100 1449446396309 

[Reducer3]: Got 957288 bytes.
Awaiting simulation instructions...

Awaiting simulation instructions...

Awaiting simulation instructions...

5 RECEIVE 2500 1449446427836 

[Reducer3]: Got 90536 bytes.
5 RECEIVE 2600 1449446430985 

[Reducer3]: Got 90112 bytes.
5 RECEIVE 2400 1449446451980 

[Reducer3]: Got 956744 bytes.
Awaiting simulation instructions...

Awaiting simulation instructions...

Awaiting simulation instructions...

5 RECEIVE 2900 1449446491049 

[Reducer3]: Got 91136 bytes.
5 RECEIVE 2800 1449446491286 

[Reducer3]: Got 91136 bytes.
5 RECEIVE 2700 1449446515467 

[Reducer3]: Got 958312 bytes.
Awaiting simulation instructions...

Awaiting simulation instructions...

Awaiting simulation instructions...

5 RECEIVE 3100 1449446551368 

[Reducer3]: Got 91560 bytes.
5 RECEIVE 3200 1449446551624 

[Reducer3]: Got 91136 bytes.
5 RECEIVE 3000 1449446575282 

[Reducer3]: Got 958312 bytes.
Slave finished all tasks and exited.
logger exit
