Awaiting simulation instructions...

Awaiting simulation instructions...

Awaiting simulation instructions...

Awaiting simulation instructions...

3 RECEIVE 100 1449445942389 

[Reducer1]: Got 87480 bytes.
3 RECEIVE 200 1449445944628 

[Reducer1]: Got 89512 bytes.
3 RECEIVE 0 1449445972653 

[Reducer1]: Got 959176 bytes.
Awaiting simulation instructions...

Awaiting simulation instructions...

Awaiting simulation instructions...

3 RECEIVE 400 1449446005462 

[Reducer1]: Got 90536 bytes.
3 RECEIVE 500 1449446008570 

[Reducer1]: Got 91560 bytes.
3 RECEIVE 300 1449446031281 

[Reducer1]: Got 958648 bytes.
Awaiting simulation instructions...

Awaiting simulation instructions...

Awaiting simulation instructions...

3 RECEIVE 700 1449446065816 

[Reducer1]: Got 91560 bytes.
3 RECEIVE 800 1449446067591 

[Reducer1]: Got 91136 bytes.
3 RECEIVE 600 1449446093793 

[Reducer1]: Got 957288 bytes.
Awaiting simulation instructions...

Awaiting simulation instructions...

Awaiting simulation instructions...

3 RECEIVE 1000 1449446126371 

[Reducer1]: Got 91560 bytes.
3 RECEIVE 1100 1449446127528 

[Reducer1]: Got 91136 bytes.
3 RECEIVE 900 1449446152641 

[Reducer1]: Got 959336 bytes.
Awaiting simulation instructions...

Awaiting simulation instructions...

Awaiting simulation instructions...

3 RECEIVE 1300 1449446188144 

[Reducer1]: Got 91136 bytes.
3 RECEIVE 1400 1449446189029 

[Reducer1]: Got 91136 bytes.
3 RECEIVE 1200 1449446215082 

[Reducer1]: Got 958312 bytes.
Awaiting simulation instructions...

Awaiting simulation instructions...

Awaiting simulation instructions...

3 RECEIVE 1600 1449446246944 

[Reducer1]: Got 91560 bytes.
3 RECEIVE 1700 1449446248823 

[Reducer1]: Got 91136 bytes.
3 RECEIVE 1500 1449446274940 

[Reducer1]: Got 957288 bytes.
Awaiting simulation instructions...

Awaiting simulation instructions...

Awaiting simulation instructions...

3 RECEIVE 2000 1449446309454 

[Reducer1]: Got 91136 bytes.
3 RECEIVE 1900 1449446309575 

[Reducer1]: Got 90112 bytes.
3 RECEIVE 1800 1449446331472 

[Reducer1]: Got 959576 bytes.
Awaiting simulation instructions...

Awaiting simulation instructions...

Awaiting simulation instructions...

3 RECEIVE 2200 1449446367197 

[Reducer1]: Got 91560 bytes.
3 RECEIVE 2300 1449446367427 

[Reducer1]: Got 91560 bytes.
3 RECEIVE 2100 1449446393365 

[Reducer1]: Got 958488 bytes.
Awaiting simulation instructions...

Awaiting simulation instructions...

Awaiting simulation instructions...

3 RECEIVE 2500 1449446428405 

[Reducer1]: Got 90536 bytes.
3 RECEIVE 2600 1449446430902 

[Reducer1]: Got 90112 bytes.
3 RECEIVE 2400 1449446454687 

[Reducer1]: Got 958312 bytes.
Awaiting simulation instructions...

Awaiting simulation instructions...

Awaiting simulation instructions...

3 RECEIVE 2900 1449446489793 

[Reducer1]: Got 91136 bytes.
3 RECEIVE 2800 1449446490562 

[Reducer1]: Got 91560 bytes.
3 RECEIVE 2700 1449446515070 

[Reducer1]: Got 956440 bytes.
Awaiting simulation instructions...

Awaiting simulation instructions...

Awaiting simulation instructions...

3 RECEIVE 3100 1449446548456 

[Reducer1]: Got 91560 bytes.
3 RECEIVE 3200 1449446551424 

[Reducer1]: Got 91560 bytes.
3 RECEIVE 3000 1449446576022 

[Reducer1]: Got 957464 bytes.
Slave finished all tasks and exited.
logger exit
