Awaiting simulation instructions...

Awaiting simulation instructions...

Awaiting simulation instructions...

Awaiting simulation instructions...

11 RECEIVE 100 1449445942078 

[Reducer9]: Got 88504 bytes.
11 RECEIVE 200 1449445943304 

[Reducer9]: Got 90376 bytes.
11 RECEIVE 0 1449445975648 

[Reducer9]: Got 956440 bytes.
Awaiting simulation instructions...

Awaiting simulation instructions...

Awaiting simulation instructions...

11 RECEIVE 400 1449446006746 

[Reducer9]: Got 91560 bytes.
11 RECEIVE 500 1449446008904 

[Reducer9]: Got 91560 bytes.
11 RECEIVE 300 1449446036154 

[Reducer9]: Got 956616 bytes.
Awaiting simulation instructions...

Awaiting simulation instructions...

Awaiting simulation instructions...

11 RECEIVE 800 1449446068408 

[Reducer9]: Got 91136 bytes.
11 RECEIVE 700 1449446068981 

[Reducer9]: Got 91136 bytes.
[Reducer9]: Got 958152 bytes.
11 RECEIVE 600 1449446096386 

Awaiting simulation instructions...

Awaiting simulation instructions...

Awaiting simulation instructions...

11 RECEIVE 1100 1449446128920 

[Reducer9]: Got 91136 bytes.
11 RECEIVE 1000 1449446128937 

[Reducer9]: Got 91136 bytes.
11 RECEIVE 900 1449446156022 

[Reducer9]: Got 958152 bytes.
Awaiting simulation instructions...

Awaiting simulation instructions...

Awaiting simulation instructions...

11 RECEIVE 1300 1449446190002 

[Reducer9]: Got 90112 bytes.
11 RECEIVE 1400 1449446190822 

[Reducer9]: Got 91136 bytes.
11 RECEIVE 1200 1449446216507 

[Reducer9]: Got 958152 bytes.
Awaiting simulation instructions...

Awaiting simulation instructions...

Awaiting simulation instructions...

11 RECEIVE 1600 1449446250320 

[Reducer9]: Got 91136 bytes.
11 RECEIVE 1700 1449446250366 

[Reducer9]: Got 91136 bytes.
11 RECEIVE 1500 1449446276803 

[Reducer9]: Got 957304 bytes.
Awaiting simulation instructions...

Awaiting simulation instructions...

Awaiting simulation instructions...

11 RECEIVE 1900 1449446309175 

[Reducer9]: Got 91560 bytes.
11 RECEIVE 2000 1449446310281 

[Reducer9]: Got 91136 bytes.
11 RECEIVE 1800 1449446337083 

[Reducer9]: Got 957464 bytes.
Awaiting simulation instructions...

Awaiting simulation instructions...

Awaiting simulation instructions...

11 RECEIVE 2200 1449446369635 

[Reducer9]: Got 91136 bytes.
11 RECEIVE 2300 1449446369672 

[Reducer9]: Got 91136 bytes.
11 RECEIVE 2100 1449446397603 

[Reducer9]: Got 957464 bytes.
Awaiting simulation instructions...

Awaiting simulation instructions...

Awaiting simulation instructions...

11 RECEIVE 2600 1449446430344 

[Reducer9]: Got 91136 bytes.
11 RECEIVE 2500 1449446430603 

[Reducer9]: Got 89352 bytes.
11 RECEIVE 2400 1449446457840 

[Reducer9]: Got 958488 bytes.
Awaiting simulation instructions...

Awaiting simulation instructions...

Awaiting simulation instructions...

11 RECEIVE 2800 1449446488608 

[Reducer9]: Got 91560 bytes.
11 RECEIVE 2900 1449446490788 

[Reducer9]: Got 91136 bytes.
11 RECEIVE 2700 1449446518029 

[Reducer9]: Got 958488 bytes.
Awaiting simulation instructions...

Awaiting simulation instructions...

Awaiting simulation instructions...

11 RECEIVE 3100 1449446550153 

[Reducer9]: Got 91560 bytes.
11 RECEIVE 3200 1449446551476 

[Reducer9]: Got 91560 bytes.
11 RECEIVE 3000 1449446578231 

[Reducer9]: Got 958488 bytes.
Slave finished all tasks and exited.
logger exit
