Awaiting simulation instructions...

Awaiting simulation instructions...

Awaiting simulation instructions...

9 RECEIVE 100 1449433074854 

[Reducer7]: Got 90112 bytes.
[Reducer7]: Got 957040 bytes.
9 RECEIVE 0 1449433103309 

Awaiting simulation instructions...

Awaiting simulation instructions...

9 RECEIVE 300 1449433116513 

[Reducer7]: Got 91560 bytes.
9 RECEIVE 200 1449433143482 

[Reducer7]: Got 955240 bytes.
Awaiting simulation instructions...

Awaiting simulation instructions...

9 RECEIVE 500 1449433156255 

[Reducer7]: Got 91560 bytes.
9 RECEIVE 400 1449433184586 

[Reducer7]: Got 958488 bytes.
Awaiting simulation instructions...

Awaiting simulation instructions...

9 RECEIVE 700 1449433199113 

[Reducer7]: Got 91136 bytes.
9 RECEIVE 600 1449433224238 

[Reducer7]: Got 958152 bytes.
Awaiting simulation instructions...

Awaiting simulation instructions...

9 RECEIVE 900 1449433238475 

[Reducer7]: Got 91560 bytes.
9 RECEIVE 800 1449433264179 

[Reducer7]: Got 957304 bytes.
Awaiting simulation instructions...

Awaiting simulation instructions...

9 RECEIVE 1100 1449433277985 

[Reducer7]: Got 91560 bytes.
9 RECEIVE 1000 1449433305116 

[Reducer7]: Got 958488 bytes.
Awaiting simulation instructions...

Awaiting simulation instructions...

9 RECEIVE 1300 1449433319071 

[Reducer7]: Got 91560 bytes.
9 RECEIVE 1200 1449433344165 

[Reducer7]: Got 958312 bytes.
Awaiting simulation instructions...

Awaiting simulation instructions...

9 RECEIVE 1500 1449433358533 

[Reducer7]: Got 91560 bytes.
9 RECEIVE 1400 1449433385471 

[Reducer7]: Got 958488 bytes.
Awaiting simulation instructions...

Awaiting simulation instructions...

9 RECEIVE 1700 1449433398959 

[Reducer7]: Got 91560 bytes.
9 RECEIVE 1600 1449433424907 

[Reducer7]: Got 958488 bytes.
Awaiting simulation instructions...

Awaiting simulation instructions...

9 RECEIVE 1900 1449433439511 

[Reducer7]: Got 91560 bytes.
[Reducer7]: Got 958488 bytes.
9 RECEIVE 1800 1449433466237 

Awaiting simulation instructions...

Awaiting simulation instructions...

9 RECEIVE 2100 1449433480136 

[Reducer7]: Got 91560 bytes.
9 RECEIVE 2000 1449433504092 

[Reducer7]: Got 958312 bytes.
Slave finished all tasks and exited.
logger exit
