Awaiting simulation instructions...

Awaiting simulation instructions...

Awaiting simulation instructions...

3 RECEIVE 100 1449433072669 

[Reducer1]: Got 90376 bytes.
3 RECEIVE 0 1449433104390 

[Reducer1]: Got 958312 bytes.
Awaiting simulation instructions...

Awaiting simulation instructions...

[Reducer1]: Got 91560 bytes.
3 RECEIVE 300 1449433115754 

3 RECEIVE 200 1449433141805 

[Reducer1]: Got 953512 bytes.
Awaiting simulation instructions...

Awaiting simulation instructions...

3 RECEIVE 500 1449433156006 

[Reducer1]: Got 91560 bytes.
3 RECEIVE 400 1449433178332 

[Reducer1]: Got 959336 bytes.
Awaiting simulation instructions...

Awaiting simulation instructions...

3 RECEIVE 700 1449433198800 

[Reducer1]: Got 91136 bytes.
3 RECEIVE 600 1449433219244 

[Reducer1]: Got 957096 bytes.
Awaiting simulation instructions...

Awaiting simulation instructions...

3 RECEIVE 900 1449433237151 

[Reducer1]: Got 91560 bytes.
3 RECEIVE 800 1449433263549 

[Reducer1]: Got 958152 bytes.
Awaiting simulation instructions...

Awaiting simulation instructions...

3 RECEIVE 1100 1449433276874 

[Reducer1]: Got 91560 bytes.
3 RECEIVE 1000 1449433304147 

[Reducer1]: Got 957288 bytes.
Awaiting simulation instructions...

Awaiting simulation instructions...

3 RECEIVE 1300 1449433317681 

[Reducer1]: Got 91560 bytes.
3 RECEIVE 1200 1449433339998 

[Reducer1]: Got 959512 bytes.
Awaiting simulation instructions...

Awaiting simulation instructions...

3 RECEIVE 1500 1449433358266 

[Reducer1]: Got 91560 bytes.
3 RECEIVE 1400 1449433381825 

[Reducer1]: Got 960184 bytes.
Awaiting simulation instructions...

Awaiting simulation instructions...

3 RECEIVE 1700 1449433398202 

[Reducer1]: Got 91560 bytes.
3 RECEIVE 1600 1449433423647 

[Reducer1]: Got 958312 bytes.
Awaiting simulation instructions...

Awaiting simulation instructions...

3 RECEIVE 1900 1449433439684 

[Reducer1]: Got 91560 bytes.
3 RECEIVE 1800 1449433459365 

[Reducer1]: Got 957624 bytes.
Awaiting simulation instructions...

Awaiting simulation instructions...

3 RECEIVE 2100 1449433478967 

[Reducer1]: Got 91560 bytes.
3 RECEIVE 2000 1449433504761 

[Reducer1]: Got 957464 bytes.
Slave finished all tasks and exited.
logger exit
