Awaiting simulation instructions...

Awaiting simulation instructions...

Awaiting simulation instructions...

5 RECEIVE 100 1449433073593 

[Reducer3]: Got 90376 bytes.
5 RECEIVE 0 1449433103876 

[Reducer3]: Got 958312 bytes.
Awaiting simulation instructions...

Awaiting simulation instructions...

[Reducer3]: Got 91560 bytes.
5 RECEIVE 300 1449433116877 

5 RECEIVE 200 1449433142813 

[Reducer3]: Got 953064 bytes.
Awaiting simulation instructions...

Awaiting simulation instructions...

5 RECEIVE 500 1449433157012 

[Reducer3]: Got 91560 bytes.
5 RECEIVE 400 1449433183985 

[Reducer3]: Got 957464 bytes.
Awaiting simulation instructions...

Awaiting simulation instructions...

5 RECEIVE 700 1449433199040 

[Reducer3]: Got 91136 bytes.
5 RECEIVE 600 1449433223453 

[Reducer3]: Got 958488 bytes.
Awaiting simulation instructions...

Awaiting simulation instructions...

5 RECEIVE 900 1449433237343 

[Reducer3]: Got 91560 bytes.
5 RECEIVE 800 1449433263141 

[Reducer3]: Got 958488 bytes.
Awaiting simulation instructions...

Awaiting simulation instructions...

5 RECEIVE 1100 1449433276693 

[Reducer3]: Got 91560 bytes.
5 RECEIVE 1000 1449433301529 

[Reducer3]: Got 958488 bytes.
Awaiting simulation instructions...

Awaiting simulation instructions...

5 RECEIVE 1300 1449433318639 

[Reducer3]: Got 91560 bytes.
[Reducer3]: Got 958488 bytes.
5 RECEIVE 1200 1449433345202 

Awaiting simulation instructions...

Awaiting simulation instructions...

5 RECEIVE 1500 1449433358714 

[Reducer3]: Got 91560 bytes.
5 RECEIVE 1400 1449433383715 

[Reducer3]: Got 958488 bytes.
Awaiting simulation instructions...

Awaiting simulation instructions...

[Reducer3]: Got 91560 bytes.
5 RECEIVE 1700 1449433398777 

5 RECEIVE 1600 1449433425818 

[Reducer3]: Got 958152 bytes.
Awaiting simulation instructions...

Awaiting simulation instructions...

5 RECEIVE 1900 1449433438100 

[Reducer3]: Got 90536 bytes.
5 RECEIVE 1800 1449433460063 

[Reducer3]: Got 959672 bytes.
Awaiting simulation instructions...

Awaiting simulation instructions...

5 RECEIVE 2100 1449433479330 

[Reducer3]: Got 91560 bytes.
5 RECEIVE 2000 1449433505779 

[Reducer3]: Got 957304 bytes.
Slave finished all tasks and exited.
logger exit
