Awaiting simulation instructions...

Awaiting simulation instructions...

Awaiting simulation instructions...

6 RECEIVE 100 1449433073256 

[Reducer4]: Got 90376 bytes.
6 RECEIVE 0 1449433099849 

[Reducer4]: Got 957640 bytes.
Awaiting simulation instructions...

Awaiting simulation instructions...

6 RECEIVE 300 1449433116656 

[Reducer4]: Got 91560 bytes.
6 RECEIVE 200 1449433141573 

[Reducer4]: Got 956704 bytes.
Awaiting simulation instructions...

Awaiting simulation instructions...

6 RECEIVE 500 1449433156850 

[Reducer4]: Got 91560 bytes.
6 RECEIVE 400 1449433180756 

[Reducer4]: Got 959336 bytes.
Awaiting simulation instructions...

Awaiting simulation instructions...

6 RECEIVE 700 1449433198233 

[Reducer4]: Got 91136 bytes.
6 RECEIVE 600 1449433222793 

[Reducer4]: Got 958312 bytes.
Awaiting simulation instructions...

Awaiting simulation instructions...

6 RECEIVE 900 1449433238580 

[Reducer4]: Got 91136 bytes.
6 RECEIVE 800 1449433265462 

[Reducer4]: Got 958488 bytes.
Awaiting simulation instructions...

Awaiting simulation instructions...

6 RECEIVE 1100 1449433276482 

[Reducer4]: Got 91560 bytes.
6 RECEIVE 1000 1449433300851 

[Reducer4]: Got 958312 bytes.
Awaiting simulation instructions...

Awaiting simulation instructions...

[Reducer4]: Got 91560 bytes.
6 RECEIVE 1300 1449433318285 

6 RECEIVE 1200 1449433344892 

[Reducer4]: Got 958488 bytes.
Awaiting simulation instructions...

Awaiting simulation instructions...

6 RECEIVE 1500 1449433357725 

[Reducer4]: Got 91560 bytes.
6 RECEIVE 1400 1449433384520 

[Reducer4]: Got 958488 bytes.
Awaiting simulation instructions...

Awaiting simulation instructions...

6 RECEIVE 1700 1449433399237 

[Reducer4]: Got 91560 bytes.
6 RECEIVE 1600 1449433423976 

[Reducer4]: Got 958312 bytes.
Awaiting simulation instructions...

Awaiting simulation instructions...

6 RECEIVE 1900 1449433438320 

[Reducer4]: Got 90536 bytes.
6 RECEIVE 1800 1449433465277 

[Reducer4]: Got 958312 bytes.
Awaiting simulation instructions...

Awaiting simulation instructions...

6 RECEIVE 2100 1449433479743 

[Reducer4]: Got 91560 bytes.
6 RECEIVE 2000 1449433500654 

[Reducer4]: Got 962072 bytes.
Slave finished all tasks and exited.
logger exit
