Awaiting simulation instructions...

Awaiting simulation instructions...

Awaiting simulation instructions...

11 RECEIVE 100 1449433072282 

[Reducer9]: Got 89528 bytes.
11 RECEIVE 0 1449433100256 

[Reducer9]: Got 958328 bytes.
Awaiting simulation instructions...

Awaiting simulation instructions...

11 RECEIVE 300 1449433116033 

[Reducer9]: Got 91560 bytes.
[Reducer9]: Got 953384 bytes.
11 RECEIVE 200 1449433144180 

Awaiting simulation instructions...

Awaiting simulation instructions...

11 RECEIVE 500 1449433157357 

[Reducer9]: Got 91560 bytes.
11 RECEIVE 400 1449433184983 

[Reducer9]: Got 958488 bytes.
Awaiting simulation instructions...

Awaiting simulation instructions...

11 RECEIVE 700 1449433197859 

[Reducer9]: Got 91560 bytes.
11 RECEIVE 600 1449433224568 

[Reducer9]: Got 957304 bytes.
Awaiting simulation instructions...

Awaiting simulation instructions...

11 RECEIVE 900 1449433238645 

[Reducer9]: Got 91560 bytes.
11 RECEIVE 800 1449433264809 

[Reducer9]: Got 957304 bytes.
Awaiting simulation instructions...

Awaiting simulation instructions...

11 RECEIVE 1100 1449433277835 

[Reducer9]: Got 91560 bytes.
11 RECEIVE 1000 1449433305756 

[Reducer9]: Got 958488 bytes.
Awaiting simulation instructions...

Awaiting simulation instructions...

11 RECEIVE 1300 1449433318103 

[Reducer9]: Got 91560 bytes.
11 RECEIVE 1200 1449433345803 

[Reducer9]: Got 958488 bytes.
Awaiting simulation instructions...

Awaiting simulation instructions...

11 RECEIVE 1500 1449433359066 

[Reducer9]: Got 91560 bytes.
11 RECEIVE 1400 1449433386159 

[Reducer9]: Got 958152 bytes.
Awaiting simulation instructions...

Awaiting simulation instructions...

11 RECEIVE 1700 1449433399448 

[Reducer9]: Got 91560 bytes.
11 RECEIVE 1600 1449433425576 

[Reducer9]: Got 957304 bytes.
Awaiting simulation instructions...

Awaiting simulation instructions...

11 RECEIVE 1900 1449433439016 

[Reducer9]: Got 91136 bytes.
[Reducer9]: Got 958488 bytes.
11 RECEIVE 1800 1449433466556 

Awaiting simulation instructions...

Awaiting simulation instructions...

[Reducer9]: Got 91560 bytes.
11 RECEIVE 2100 1449433479944 

11 RECEIVE 2000 1449433506409 

[Reducer9]: Got 957304 bytes.
Slave finished all tasks and exited.
logger exit
