Awaiting simulation instructions...

Awaiting simulation instructions...

Awaiting simulation instructions...

7 RECEIVE 100 1449433072369 

[Reducer5]: Got 90376 bytes.
7 RECEIVE 0 1449433103131 

[Reducer5]: Got 959176 bytes.
Awaiting simulation instructions...

Awaiting simulation instructions...

7 RECEIVE 300 1449433115274 

[Reducer5]: Got 91560 bytes.
7 RECEIVE 200 1449433142503 

[Reducer5]: Got 955240 bytes.
Awaiting simulation instructions...

Awaiting simulation instructions...

[Reducer5]: Got 91560 bytes.
7 RECEIVE 500 1449433157175 

7 RECEIVE 400 1449433183365 

[Reducer5]: Got 958312 bytes.
Awaiting simulation instructions...

Awaiting simulation instructions...

7 RECEIVE 700 1449433199087 

[Reducer5]: Got 91136 bytes.
[Reducer5]: Got 958488 bytes.
7 RECEIVE 600 1449433224752 

Awaiting simulation instructions...

Awaiting simulation instructions...

7 RECEIVE 900 1449433237852 

[Reducer5]: Got 91560 bytes.
7 RECEIVE 800 1449433262192 

[Reducer5]: Got 958312 bytes.
Awaiting simulation instructions...

Awaiting simulation instructions...

7 RECEIVE 1100 1449433277939 

[Reducer5]: Got 91560 bytes.
7 RECEIVE 1000 1449433300434 

[Reducer5]: Got 958488 bytes.
Awaiting simulation instructions...

Awaiting simulation instructions...

7 RECEIVE 1300 1449433318457 

[Reducer5]: Got 91560 bytes.
7 RECEIVE 1200 1449433344582 

[Reducer5]: Got 958488 bytes.
Awaiting simulation instructions...

Awaiting simulation instructions...

7 RECEIVE 1500 1449433358428 

[Reducer5]: Got 91560 bytes.
7 RECEIVE 1400 1449433384841 

[Reducer5]: Got 958488 bytes.
Awaiting simulation instructions...

Awaiting simulation instructions...

7 RECEIVE 1700 1449433399824 

[Reducer5]: Got 91560 bytes.
7 RECEIVE 1600 1449433424287 

[Reducer5]: Got 958312 bytes.
Awaiting simulation instructions...

Awaiting simulation instructions...

7 RECEIVE 1900 1449433438507 

[Reducer5]: Got 91560 bytes.
7 RECEIVE 1800 1449433464927 

[Reducer5]: Got 958312 bytes.
Awaiting simulation instructions...

Awaiting simulation instructions...

7 RECEIVE 2100 1449433479512 

[Reducer5]: Got 91560 bytes.
7 RECEIVE 2000 1449433505149 

[Reducer5]: Got 957304 bytes.
Slave finished all tasks and exited.
logger exit
