Awaiting simulation instructions...

Awaiting simulation instructions...

Awaiting simulation instructions...

8 RECEIVE 100 1449459099976 

[Reducer6]: Got 90376 bytes.
8 RECEIVE 0 1449459130206 

[Reducer6]: Got 957288 bytes.
Awaiting simulation instructions...

Awaiting simulation instructions...

8 RECEIVE 300 1449459143641 

[Reducer6]: Got 91560 bytes.
8 RECEIVE 200 1449459172007 

[Reducer6]: Got 958488 bytes.
Awaiting simulation instructions...

Awaiting simulation instructions...

8 RECEIVE 500 1449459186187 

[Reducer6]: Got 91136 bytes.
8 RECEIVE 400 1449459211239 

[Reducer6]: Got 958152 bytes.
Awaiting simulation instructions...

Awaiting simulation instructions...

8 RECEIVE 700 1449459226057 

[Reducer6]: Got 91136 bytes.
8 RECEIVE 600 1449459250735 

[Reducer6]: Got 958152 bytes.
Awaiting simulation instructions...

Awaiting simulation instructions...

8 RECEIVE 900 1449459263639 

[Reducer6]: Got 91560 bytes.
8 RECEIVE 800 1449459291635 

[Reducer6]: Got 958488 bytes.
Awaiting simulation instructions...

Awaiting simulation instructions...

8 RECEIVE 1100 1449459305296 

[Reducer6]: Got 91560 bytes.
8 RECEIVE 1000 1449459331211 

[Reducer6]: Got 958152 bytes.
Awaiting simulation instructions...

Awaiting simulation instructions...

8 RECEIVE 1300 1449459345355 

[Reducer6]: Got 91136 bytes.
8 RECEIVE 1200 1449459372861 

[Reducer6]: Got 958488 bytes.
Awaiting simulation instructions...

Awaiting simulation instructions...

8 RECEIVE 1500 1449459386102 

[Reducer6]: Got 91136 bytes.
8 RECEIVE 1400 1449459411718 

[Reducer6]: Got 958312 bytes.
Awaiting simulation instructions...

Awaiting simulation instructions...

8 RECEIVE 1700 1449459426611 

[Reducer6]: Got 91136 bytes.
8 RECEIVE 1600 1449459449713 

[Reducer6]: Got 958488 bytes.
Awaiting simulation instructions...

Awaiting simulation instructions...

8 RECEIVE 1900 1449459466039 

[Reducer6]: Got 91136 bytes.
8 RECEIVE 1800 1449459492229 

[Reducer6]: Got 958312 bytes.
Awaiting simulation instructions...

Awaiting simulation instructions...

8 RECEIVE 2100 1449459505317 

[Reducer6]: Got 91136 bytes.
8 RECEIVE 2000 1449459532611 

[Reducer6]: Got 958488 bytes.
Slave finished all tasks and exited.
logger exit
