Awaiting simulation instructions...

Awaiting simulation instructions...

Awaiting simulation instructions...

6 RECEIVE 100 1449459099335 

[Reducer4]: Got 89512 bytes.
6 RECEIVE 0 1449459129985 

[Reducer4]: Got 959176 bytes.
Awaiting simulation instructions...

Awaiting simulation instructions...

6 RECEIVE 300 1449459143774 

[Reducer4]: Got 91560 bytes.
6 RECEIVE 200 1449459168959 

[Reducer4]: Got 959336 bytes.
Awaiting simulation instructions...

Awaiting simulation instructions...

6 RECEIVE 500 1449459185280 

[Reducer4]: Got 91560 bytes.
6 RECEIVE 400 1449459208070 

[Reducer4]: Got 956744 bytes.
Awaiting simulation instructions...

Awaiting simulation instructions...

6 RECEIVE 700 1449459225723 

[Reducer4]: Got 91136 bytes.
6 RECEIVE 600 1449459247334 

[Reducer4]: Got 959672 bytes.
Awaiting simulation instructions...

Awaiting simulation instructions...

6 RECEIVE 900 1449459263592 

[Reducer4]: Got 91560 bytes.
6 RECEIVE 800 1449459289276 

[Reducer4]: Got 958488 bytes.
Awaiting simulation instructions...

Awaiting simulation instructions...

6 RECEIVE 1100 1449459305128 

[Reducer4]: Got 91560 bytes.
6 RECEIVE 1000 1449459331765 

[Reducer4]: Got 958488 bytes.
Awaiting simulation instructions...

Awaiting simulation instructions...

6 RECEIVE 1300 1449459343820 

[Reducer4]: Got 91560 bytes.
6 RECEIVE 1200 1449459371231 

[Reducer4]: Got 958312 bytes.
Awaiting simulation instructions...

Awaiting simulation instructions...

6 RECEIVE 1500 1449459384937 

[Reducer4]: Got 91560 bytes.
6 RECEIVE 1400 1449459412029 

[Reducer4]: Got 958312 bytes.
Awaiting simulation instructions...

Awaiting simulation instructions...

6 RECEIVE 1700 1449459425692 

[Reducer4]: Got 91560 bytes.
6 RECEIVE 1600 1449459453081 

[Reducer4]: Got 958488 bytes.
Awaiting simulation instructions...

Awaiting simulation instructions...

6 RECEIVE 1900 1449459465598 

[Reducer4]: Got 91560 bytes.
6 RECEIVE 1800 1449459490368 

[Reducer4]: Got 958152 bytes.
Awaiting simulation instructions...

Awaiting simulation instructions...

6 RECEIVE 2100 1449459504398 

[Reducer4]: Got 91560 bytes.
6 RECEIVE 2000 1449459532291 

[Reducer4]: Got 957288 bytes.
Slave finished all tasks and exited.
logger exit
