Awaiting simulation instructions...

Awaiting simulation instructions...

Awaiting simulation instructions...

11 RECEIVE 100 1449459100015 

[Reducer9]: Got 90376 bytes.
11 RECEIVE 0 1449459130856 

[Reducer9]: Got 957288 bytes.
Awaiting simulation instructions...

Awaiting simulation instructions...

11 RECEIVE 300 1449459144211 

[Reducer9]: Got 91560 bytes.
11 RECEIVE 200 1449459170114 

[Reducer9]: Got 958488 bytes.
Awaiting simulation instructions...

Awaiting simulation instructions...

11 RECEIVE 500 1449459186170 

[Reducer9]: Got 91136 bytes.
11 RECEIVE 400 1449459212388 

[Reducer9]: Got 958488 bytes.
Awaiting simulation instructions...

Awaiting simulation instructions...

11 RECEIVE 700 1449459226256 

[Reducer9]: Got 91136 bytes.
11 RECEIVE 600 1449459252547 

[Reducer9]: Got 958488 bytes.
Awaiting simulation instructions...

Awaiting simulation instructions...

11 RECEIVE 900 1449459265082 

[Reducer9]: Got 91560 bytes.
11 RECEIVE 800 1449459291781 

[Reducer9]: Got 958488 bytes.
Awaiting simulation instructions...

Awaiting simulation instructions...

11 RECEIVE 1100 1449459305072 

[Reducer9]: Got 91560 bytes.
11 RECEIVE 1000 1449459332279 

[Reducer9]: Got 958488 bytes.
Awaiting simulation instructions...

Awaiting simulation instructions...

11 RECEIVE 1300 1449459345134 

[Reducer9]: Got 91136 bytes.
11 RECEIVE 1200 1449459372192 

[Reducer9]: Got 958488 bytes.
Awaiting simulation instructions...

Awaiting simulation instructions...

11 RECEIVE 1500 1449459385951 

[Reducer9]: Got 91136 bytes.
11 RECEIVE 1400 1449459412969 

[Reducer9]: Got 958488 bytes.
Awaiting simulation instructions...

Awaiting simulation instructions...

11 RECEIVE 1700 1449459426487 

[Reducer9]: Got 91136 bytes.
11 RECEIVE 1600 1449459452473 

[Reducer9]: Got 958488 bytes.
Awaiting simulation instructions...

Awaiting simulation instructions...

11 RECEIVE 1900 1449459466153 

[Reducer9]: Got 91136 bytes.
11 RECEIVE 1800 1449459493182 

[Reducer9]: Got 958488 bytes.
Awaiting simulation instructions...

Awaiting simulation instructions...

11 RECEIVE 2100 1449459505041 

[Reducer9]: Got 91560 bytes.
11 RECEIVE 2000 1449459531893 

[Reducer9]: Got 958488 bytes.
Slave finished all tasks and exited.
logger exit
