Awaiting simulation instructions...

Awaiting simulation instructions...

Awaiting simulation instructions...

5 RECEIVE 100 1449459101879 

[Reducer3]: Got 90112 bytes.
5 RECEIVE 0 1449459130487 

[Reducer3]: Got 958312 bytes.
Awaiting simulation instructions...

Awaiting simulation instructions...

5 RECEIVE 300 1449459144238 

[Reducer3]: Got 91560 bytes.
5 RECEIVE 200 1449459169240 

[Reducer3]: Got 956264 bytes.
Awaiting simulation instructions...

Awaiting simulation instructions...

5 RECEIVE 500 1449459185461 

[Reducer3]: Got 91560 bytes.
5 RECEIVE 400 1449459207256 

[Reducer3]: Got 957448 bytes.
Awaiting simulation instructions...

Awaiting simulation instructions...

5 RECEIVE 700 1449459224878 

[Reducer3]: Got 91560 bytes.
5 RECEIVE 600 1449459246896 

[Reducer3]: Got 957448 bytes.
Awaiting simulation instructions...

Awaiting simulation instructions...

5 RECEIVE 900 1449459264492 

[Reducer3]: Got 91560 bytes.
5 RECEIVE 800 1449459287298 

[Reducer3]: Got 957288 bytes.
Awaiting simulation instructions...

Awaiting simulation instructions...

5 RECEIVE 1100 1449459303707 

[Reducer3]: Got 91560 bytes.
5 RECEIVE 1000 1449459328544 

[Reducer3]: Got 958312 bytes.
Awaiting simulation instructions...

Awaiting simulation instructions...

5 RECEIVE 1300 1449459344416 

[Reducer3]: Got 91560 bytes.
5 RECEIVE 1200 1449459368331 

[Reducer3]: Got 958488 bytes.
Awaiting simulation instructions...

Awaiting simulation instructions...

5 RECEIVE 1500 1449459385548 

[Reducer3]: Got 91136 bytes.
5 RECEIVE 1400 1449459405375 

[Reducer3]: Got 959992 bytes.
Awaiting simulation instructions...

Awaiting simulation instructions...

5 RECEIVE 1700 1449459425541 

[Reducer3]: Got 91560 bytes.
5 RECEIVE 1600 1449459446533 

[Reducer3]: Got 956000 bytes.
Awaiting simulation instructions...

Awaiting simulation instructions...

5 RECEIVE 1900 1449459464982 

[Reducer3]: Got 91560 bytes.
5 RECEIVE 1800 1449459489980 

[Reducer3]: Got 958312 bytes.
Awaiting simulation instructions...

Awaiting simulation instructions...

5 RECEIVE 2100 1449459504235 

[Reducer3]: Got 91560 bytes.
5 RECEIVE 2000 1449459528381 

[Reducer3]: Got 958312 bytes.
Slave finished all tasks and exited.
logger exit
