Awaiting simulation instructions...

Awaiting simulation instructions...

Awaiting simulation instructions...

4 RECEIVE 100 1449459099296 

[Reducer2]: Got 88504 bytes.
4 RECEIVE 0 1449459130885 

[Reducer2]: Got 957288 bytes.
Awaiting simulation instructions...

Awaiting simulation instructions...

4 RECEIVE 300 1449459144070 

[Reducer2]: Got 91560 bytes.
4 RECEIVE 200 1449459165811 

[Reducer2]: Got 957504 bytes.
Awaiting simulation instructions...

Awaiting simulation instructions...

4 RECEIVE 500 1449459185489 

[Reducer2]: Got 91560 bytes.
4 RECEIVE 400 1449459207343 

[Reducer2]: Got 958648 bytes.
Awaiting simulation instructions...

Awaiting simulation instructions...

4 RECEIVE 700 1449459224697 

[Reducer2]: Got 91560 bytes.
4 RECEIVE 600 1449459247576 

[Reducer2]: Got 959672 bytes.
Awaiting simulation instructions...

Awaiting simulation instructions...

4 RECEIVE 900 1449459264262 

[Reducer2]: Got 91560 bytes.
4 RECEIVE 800 1449459287919 

[Reducer2]: Got 943832 bytes.
Awaiting simulation instructions...

Awaiting simulation instructions...

4 RECEIVE 1100 1449459305191 

[Reducer2]: Got 91560 bytes.
4 RECEIVE 1000 1449459328874 

[Reducer2]: Got 958312 bytes.
Awaiting simulation instructions...

Awaiting simulation instructions...

4 RECEIVE 1300 1449459344739 

[Reducer2]: Got 91560 bytes.
4 RECEIVE 1200 1449459368050 

[Reducer2]: Got 958312 bytes.
Awaiting simulation instructions...

Awaiting simulation instructions...

4 RECEIVE 1500 1449459384993 

[Reducer2]: Got 91560 bytes.
4 RECEIVE 1400 1449459405753 

[Reducer2]: Got 956000 bytes.
Awaiting simulation instructions...

Awaiting simulation instructions...

4 RECEIVE 1700 1449459424916 

[Reducer2]: Got 91560 bytes.
4 RECEIVE 1600 1449459446894 

[Reducer2]: Got 959672 bytes.
Awaiting simulation instructions...

Awaiting simulation instructions...

4 RECEIVE 1900 1449459464800 

[Reducer2]: Got 91560 bytes.
4 RECEIVE 1800 1449459489675 

[Reducer2]: Got 958488 bytes.
Awaiting simulation instructions...

Awaiting simulation instructions...

4 RECEIVE 2100 1449459504926 

[Reducer2]: Got 91560 bytes.
4 RECEIVE 2000 1449459527974 

[Reducer2]: Got 958312 bytes.
Slave finished all tasks and exited.
logger exit
