Awaiting simulation instructions...

Awaiting simulation instructions...

Awaiting simulation instructions...

10 RECEIVE 100 1449459101182 

[Reducer8]: Got 88488 bytes.
10 RECEIVE 0 1449459130063 

[Reducer8]: Got 959176 bytes.
Awaiting simulation instructions...

Awaiting simulation instructions...

10 RECEIVE 300 1449459144107 

[Reducer8]: Got 91560 bytes.
10 RECEIVE 200 1449459170075 

[Reducer8]: Got 958488 bytes.
Awaiting simulation instructions...

Awaiting simulation instructions...

10 RECEIVE 500 1449459186153 

[Reducer8]: Got 91136 bytes.
10 RECEIVE 400 1449459211210 

[Reducer8]: Got 958152 bytes.
Awaiting simulation instructions...

Awaiting simulation instructions...

10 RECEIVE 700 1449459226230 

[Reducer8]: Got 91136 bytes.
10 RECEIVE 600 1449459251482 

[Reducer8]: Got 958488 bytes.
Awaiting simulation instructions...

Awaiting simulation instructions...

10 RECEIVE 900 1449459265045 

[Reducer8]: Got 91560 bytes.
10 RECEIVE 800 1449459291461 

[Reducer8]: Got 958488 bytes.
Awaiting simulation instructions...

Awaiting simulation instructions...

10 RECEIVE 1100 1449459304909 

[Reducer8]: Got 91560 bytes.
10 RECEIVE 1000 1449459332240 

[Reducer8]: Got 958488 bytes.
Awaiting simulation instructions...

Awaiting simulation instructions...

10 RECEIVE 1300 1449459345409 

[Reducer8]: Got 91136 bytes.
10 RECEIVE 1200 1449459371872 

[Reducer8]: Got 958488 bytes.
Awaiting simulation instructions...

Awaiting simulation instructions...

10 RECEIVE 1500 1449459386026 

[Reducer8]: Got 91136 bytes.
10 RECEIVE 1400 1449459412650 

[Reducer8]: Got 958488 bytes.
Awaiting simulation instructions...

Awaiting simulation instructions...

10 RECEIVE 1700 1449459426433 

[Reducer8]: Got 91136 bytes.
10 RECEIVE 1600 1449459452551 

[Reducer8]: Got 958488 bytes.
Awaiting simulation instructions...

Awaiting simulation instructions...

10 RECEIVE 1900 1449459465581 

[Reducer8]: Got 91560 bytes.
10 RECEIVE 1800 1449459492549 

[Reducer8]: Got 958312 bytes.
Awaiting simulation instructions...

Awaiting simulation instructions...

10 RECEIVE 2100 1449459505354 

[Reducer8]: Got 91136 bytes.
10 RECEIVE 2000 1449459531572 

[Reducer8]: Got 958312 bytes.
Slave finished all tasks and exited.
logger exit
