Awaiting simulation instructions...

Awaiting simulation instructions...

Awaiting simulation instructions...

3 RECEIVE 100 1449459100049 

[Reducer1]: Got 87480 bytes.
3 RECEIVE 0 1449459128512 

[Reducer1]: Got 958152 bytes.
Awaiting simulation instructions...

Awaiting simulation instructions...

3 RECEIVE 300 1449459143527 

[Reducer1]: Got 91560 bytes.
3 RECEIVE 200 1449459165733 

[Reducer1]: Got 955240 bytes.
Awaiting simulation instructions...

Awaiting simulation instructions...

3 RECEIVE 500 1449459185224 

[Reducer1]: Got 91560 bytes.
3 RECEIVE 400 1449459207721 

[Reducer1]: Got 958648 bytes.
Awaiting simulation instructions...

Awaiting simulation instructions...

3 RECEIVE 700 1449459225390 

[Reducer1]: Got 91136 bytes.
3 RECEIVE 600 1449459246256 

[Reducer1]: Got 957096 bytes.
Awaiting simulation instructions...

Awaiting simulation instructions...

3 RECEIVE 900 1449459264587 

[Reducer1]: Got 91560 bytes.
3 RECEIVE 800 1449459288394 

[Reducer1]: Got 958312 bytes.
Awaiting simulation instructions...

Awaiting simulation instructions...

3 RECEIVE 1100 1449459304592 

[Reducer1]: Got 91560 bytes.
3 RECEIVE 1000 1449459328185 

[Reducer1]: Got 958488 bytes.
Awaiting simulation instructions...

Awaiting simulation instructions...

3 RECEIVE 1300 1449459344472 

[Reducer1]: Got 91560 bytes.
3 RECEIVE 1200 1449459362814 

[Reducer1]: Got 957944 bytes.
Awaiting simulation instructions...

Awaiting simulation instructions...

3 RECEIVE 1500 1449459384697 

[Reducer1]: Got 91560 bytes.
3 RECEIVE 1400 1449459409163 

[Reducer1]: Got 958488 bytes.
Awaiting simulation instructions...

Awaiting simulation instructions...

3 RECEIVE 1700 1449459425864 

[Reducer1]: Got 91136 bytes.
3 RECEIVE 1600 1449459445845 

[Reducer1]: Got 957944 bytes.
Awaiting simulation instructions...

Awaiting simulation instructions...

3 RECEIVE 1900 1449459465906 

[Reducer1]: Got 91560 bytes.
3 RECEIVE 1800 1449459485907 

[Reducer1]: Got 958968 bytes.
Awaiting simulation instructions...

Awaiting simulation instructions...

3 RECEIVE 2100 1449459504053 

[Reducer1]: Got 91560 bytes.
3 RECEIVE 2000 1449459529719 

[Reducer1]: Got 958312 bytes.
Slave finished all tasks and exited.
logger exit
