7 RECEIVE 100 1449455728647 
7 RECEIVE 0 1449455760479 
7 RECEIVE 300 1449455774633 
7 RECEIVE 200 1449455800103 
7 RECEIVE 500 1449455814596 
7 RECEIVE 400 1449455840249 
7 RECEIVE 700 1449455854780 
7 RECEIVE 600 1449455879792 
7 RECEIVE 900 1449455894288 
7 RECEIVE 800 1449455921401 
7 RECEIVE 1100 1449455935501 
7 RECEIVE 1000 1449455960803 
7 RECEIVE 1300 1449455974219 
7 RECEIVE 1200 1449456001715 
7 RECEIVE 1500 1449456014740 
7 RECEIVE 1400 1449456041980 
7 RECEIVE 1700 1449456054726 
7 RECEIVE 1600 1449456082559 
7 RECEIVE 1900 1449456094766 
7 RECEIVE 1800 1449456122326 
7 RECEIVE 2100 1449456135072 
7 RECEIVE 2000 1449456162764 
