2 RECEIVE 100 1449455730647 
2 RECEIVE 0 1449455759988 
2 RECEIVE 300 1449455774543 
2 RECEIVE 200 1449455794366 
2 RECEIVE 500 1449455813216 
2 RECEIVE 400 1449455839364 
2 RECEIVE 700 1449455854048 
2 RECEIVE 600 1449455875333 
2 RECEIVE 900 1449455893531 
2 RECEIVE 800 1449455917472 
2 RECEIVE 1100 1449455934831 
2 RECEIVE 1000 1449455959493 
2 RECEIVE 1300 1449455974341 
2 RECEIVE 1200 1449455996985 
2 RECEIVE 1500 1449456013345 
2 RECEIVE 1400 1449456037850 
2 RECEIVE 1700 1449456053467 
2 RECEIVE 1600 1449456077687 
2 RECEIVE 1900 1449456093342 
2 RECEIVE 1800 1449456120162 
2 RECEIVE 2100 1449456134652 
2 RECEIVE 2000 1449456157928 
