9 RECEIVE 100 1449455728935 
9 RECEIVE 0 1449455757603 
9 RECEIVE 300 1449455774211 
9 RECEIVE 200 1449455801424 
9 RECEIVE 500 1449455814453 
9 RECEIVE 400 1449455841015 
9 RECEIVE 700 1449455854094 
9 RECEIVE 600 1449455880490 
9 RECEIVE 900 1449455894215 
9 RECEIVE 800 1449455922136 
9 RECEIVE 1100 1449455935547 
9 RECEIVE 1000 1449455962233 
9 RECEIVE 1300 1449455973635 
9 RECEIVE 1200 1449456002357 
9 RECEIVE 1500 1449456014426 
9 RECEIVE 1400 1449456041621 
9 RECEIVE 1700 1449456054381 
9 RECEIVE 1600 1449456081547 
9 RECEIVE 1900 1449456094684 
9 RECEIVE 1800 1449456118902 
9 RECEIVE 2100 1449456134795 
9 RECEIVE 2000 1449456162454 
