4 RECEIVE 100 1449455729792 
4 RECEIVE 0 1449455760751 
4 RECEIVE 300 1449455774651 
4 RECEIVE 200 1449455799977 
4 RECEIVE 500 1449455814089 
4 RECEIVE 400 1449455835893 
4 RECEIVE 700 1449455853473 
4 RECEIVE 600 1449455878801 
4 RECEIVE 900 1449455896452 
4 RECEIVE 800 1449455921091 
4 RECEIVE 1100 1449455935719 
4 RECEIVE 1000 1449455955671 
4 RECEIVE 1300 1449455974183 
4 RECEIVE 1200 1449455999447 
4 RECEIVE 1500 1449456013735 
4 RECEIVE 1400 1449456038800 
4 RECEIVE 1700 1449456053659 
4 RECEIVE 1600 1449456079578 
4 RECEIVE 1900 1449456093590 
4 RECEIVE 1800 1449456122646 
4 RECEIVE 2100 1449456134249 
4 RECEIVE 2000 1449456159973 
