3 RECEIVE 100 1449455731486 
3 RECEIVE 0 1449455760153 
3 RECEIVE 300 1449455774606 
3 RECEIVE 200 1449455795676 
3 RECEIVE 500 1449455813340 
3 RECEIVE 400 1449455839694 
3 RECEIVE 700 1449455854021 
3 RECEIVE 600 1449455878241 
3 RECEIVE 900 1449455894091 
3 RECEIVE 800 1449455917821 
3 RECEIVE 1100 1449455934681 
3 RECEIVE 1000 1449455959169 
3 RECEIVE 1300 1449455974606 
3 RECEIVE 1200 1449455997654 
3 RECEIVE 1500 1449456013488 
3 RECEIVE 1400 1449456041166 
3 RECEIVE 1700 1449456053431 
3 RECEIVE 1600 1449456081876 
3 RECEIVE 1900 1449456094405 
3 RECEIVE 1800 1449456117467 
3 RECEIVE 2100 1449456133461 
3 RECEIVE 2000 1449456159305 
