8 RECEIVE 100 1449455730083 
8 RECEIVE 0 1449455760441 
8 RECEIVE 300 1449455774354 
8 RECEIVE 200 1449455801686 
8 RECEIVE 500 1449455814843 
8 RECEIVE 400 1449455840908 
8 RECEIVE 700 1449455854984 
8 RECEIVE 600 1449455880771 
8 RECEIVE 900 1449455894441 
8 RECEIVE 800 1449455918180 
8 RECEIVE 1100 1449455935406 
8 RECEIVE 1000 1449455960114 
8 RECEIVE 1300 1449455974623 
8 RECEIVE 1200 1449455998390 
8 RECEIVE 1500 1449456014626 
8 RECEIVE 1400 1449456038170 
8 RECEIVE 1700 1449456053841 
8 RECEIVE 1600 1449456081227 
8 RECEIVE 1900 1449456094749 
8 RECEIVE 1800 1449456118533 
8 RECEIVE 2100 1449456135108 
8 RECEIVE 2000 1449456162134 
