1 SEND 0 1449455724182 
1 SEND 100 1449455724182 
1 SEND 0 1449455724185 
1 SEND 0 1449455724185 
1 SEND 100 1449455724185 
1 SEND 100 1449455724185 
1 SEND 0 1449455724186 
1 SEND 0 1449455724186 
1 SEND 100 1449455724187 
1 SEND 100 1449455724189 
1 SEND 100 1449455724189 
1 SEND 0 1449455724189 
1 SEND 0 1449455724189 
1 SEND 0 1449455724189 
1 SEND 100 1449455724189 
1 SEND 100 1449455724190 
1 SEND 100 1449455724190 
1 SEND 0 1449455724190 
1 SEND 0 1449455724198 
1 SEND 100 1449455724198 
1 SEND 200 1449455764233 
1 SEND 200 1449455764234 
1 SEND 200 1449455764237 
1 SEND 200 1449455764237 
1 SEND 200 1449455764240 
1 SEND 200 1449455764240 
1 SEND 200 1449455764240 
1 SEND 200 1449455764349 
1 SEND 200 1449455764350 
1 SEND 200 1449455764350 
1 SEND 300 1449455765274 
1 SEND 300 1449455765276 
1 SEND 300 1449455765276 
1 SEND 300 1449455765276 
1 SEND 300 1449455765276 
1 SEND 300 1449455765276 
1 SEND 300 1449455765276 
1 SEND 300 1449455765279 
1 SEND 300 1449455765279 
1 SEND 300 1449455765279 
1 SEND 400 1449455804392 
1 SEND 400 1449455804392 
1 SEND 400 1449455804394 
1 SEND 400 1449455804394 
1 SEND 400 1449455804394 
1 SEND 400 1449455804394 
1 SEND 400 1449455804396 
1 SEND 400 1449455804396 
1 SEND 400 1449455804398 
1 SEND 400 1449455804398 
1 SEND 500 1449455805615 
1 SEND 500 1449455805615 
1 SEND 500 1449455805625 
1 SEND 500 1449455805625 
1 SEND 500 1449455805626 
1 SEND 500 1449455805626 
1 SEND 500 1449455805627 
1 SEND 500 1449455805628 
1 SEND 500 1449455805628 
1 SEND 500 1449455805630 
1 SEND 600 1449455844507 
1 SEND 600 1449455844507 
1 SEND 600 1449455844508 
1 SEND 600 1449455844508 
1 SEND 600 1449455844510 
1 SEND 600 1449455844512 
1 SEND 600 1449455844512 
1 SEND 600 1449455844515 
1 SEND 600 1449455844715 
1 SEND 600 1449455844762 
1 SEND 700 1449455845847 
1 SEND 700 1449455845847 
1 SEND 700 1449455845849 
1 SEND 700 1449455845849 
1 SEND 700 1449455845849 
1 SEND 700 1449455845851 
1 SEND 700 1449455845852 
1 SEND 700 1449455845852 
1 SEND 700 1449455845852 
1 SEND 700 1449455845852 
1 SEND 800 1449455884627 
1 SEND 800 1449455884627 
1 SEND 800 1449455884627 
1 SEND 800 1449455884630 
1 SEND 800 1449455884630 
1 SEND 800 1449455884633 
1 SEND 800 1449455884789 
1 SEND 800 1449455884789 
1 SEND 800 1449455884893 
1 SEND 800 1449455884915 
1 SEND 900 1449455885948 
1 SEND 900 1449455885950 
1 SEND 900 1449455885950 
1 SEND 900 1449455885950 
1 SEND 900 1449455885950 
1 SEND 900 1449455885950 
1 SEND 900 1449455885951 
1 SEND 900 1449455885951 
1 SEND 900 1449455885951 
1 SEND 900 1449455886942 
1 SEND 1000 1449455924733 
1 SEND 1000 1449455924733 
1 SEND 1000 1449455924735 
1 SEND 1000 1449455924735 
1 SEND 1000 1449455924737 
1 SEND 1000 1449455924738 
1 SEND 1000 1449455924738 
1 SEND 1000 1449455924828 
1 SEND 1000 1449455924944 
1 SEND 1000 1449455925085 
1 SEND 1100 1449455926138 
1 SEND 1100 1449455926138 
1 SEND 1100 1449455926138 
1 SEND 1100 1449455926138 
1 SEND 1100 1449455926138 
1 SEND 1100 1449455926140 
1 SEND 1100 1449455926140 
1 SEND 1100 1449455926140 
1 SEND 1100 1449455926140 
1 SEND 1100 1449455926154 
1 SEND 1200 1449455964840 
1 SEND 1200 1449455964840 
1 SEND 1200 1449455964843 
1 SEND 1200 1449455964845 
1 SEND 1200 1449455964846 
1 SEND 1200 1449455964848 
1 SEND 1200 1449455965108 
1 SEND 1200 1449455965153 
1 SEND 1200 1449455965153 
1 SEND 1300 1449455966105 
1 SEND 1300 1449455966105 
1 SEND 1300 1449455966105 
1 SEND 1300 1449455966105 
1 SEND 1300 1449455966105 
1 SEND 1300 1449455966105 
1 SEND 1300 1449455966105 
1 SEND 1300 1449455966105 
1 SEND 1200 1449455966106 
1 SEND 1300 1449455966107 
1 SEND 1300 1449455966108 
1 SEND 1400 1449456004945 
1 SEND 1400 1449456004947 
1 SEND 1400 1449456004947 
1 SEND 1400 1449456004947 
1 SEND 1400 1449456004948 
1 SEND 1400 1449456005203 
1 SEND 1400 1449456005203 
1 SEND 1400 1449456005203 
1 SEND 1400 1449456005203 
1 SEND 1400 1449456005209 
1 SEND 1500 1449456006136 
1 SEND 1500 1449456006137 
1 SEND 1500 1449456006137 
1 SEND 1500 1449456006137 
1 SEND 1500 1449456006139 
1 SEND 1500 1449456006139 
1 SEND 1500 1449456006139 
1 SEND 1500 1449456006141 
1 SEND 1500 1449456006141 
1 SEND 1500 1449456006141 
1 SEND 1600 1449456045047 
1 SEND 1600 1449456045047 
1 SEND 1600 1449456045049 
1 SEND 1600 1449456045049 
1 SEND 1600 1449456045050 
1 SEND 1600 1449456045162 
1 SEND 1600 1449456045162 
1 SEND 1600 1449456045162 
1 SEND 1600 1449456045261 
1 SEND 1600 1449456045271 
1 SEND 1700 1449456046268 
1 SEND 1700 1449456046268 
1 SEND 1700 1449456046271 
1 SEND 1700 1449456046273 
1 SEND 1700 1449456046275 
1 SEND 1700 1449456046275 
1 SEND 1700 1449456046275 
1 SEND 1700 1449456046276 
1 SEND 1700 1449456046276 
1 SEND 1700 1449456046276 
1 SEND 1800 1449456085147 
1 SEND 1800 1449456085151 
1 SEND 1800 1449456085151 
1 SEND 1800 1449456085154 
1 SEND 1800 1449456085214 
1 SEND 1800 1449456085216 
1 SEND 1800 1449456085319 
1 SEND 1800 1449456085320 
1 SEND 1800 1449456085321 
1 SEND 1800 1449456085366 
1 SEND 1900 1449456086242 
1 SEND 1900 1449456086242 
1 SEND 1900 1449456086242 
1 SEND 1900 1449456086243 
1 SEND 1900 1449456086245 
1 SEND 1900 1449456086245 
1 SEND 1900 1449456086247 
1 SEND 1900 1449456086247 
1 SEND 1900 1449456086247 
1 SEND 1900 1449456086247 
1 SEND 2000 1449456125247 
1 SEND 2000 1449456125250 
1 SEND 2000 1449456125252 
1 SEND 2000 1449456125252 
1 SEND 2000 1449456125252 
1 SEND 2000 1449456125360 
1 SEND 2000 1449456125360 
1 SEND 2000 1449456125513 
1 SEND 2000 1449456125513 
1 SEND 2000 1449456125515 
1 SEND 2100 1449456126449 
1 SEND 2100 1449456126449 
1 SEND 2100 1449456126449 
1 SEND 2100 1449456126450 
1 SEND 2100 1449456126450 
1 SEND 2100 1449456126451 
1 SEND 2100 1449456126451 
1 SEND 2100 1449456126452 
1 SEND 2100 1449456126453 
1 SEND 2100 1449456126454 
