10 RECEIVE 100 1449455730267 
10 RECEIVE 0 1449455759784 
10 RECEIVE 300 1449455774487 
10 RECEIVE 200 1449455800588 
10 RECEIVE 500 1449455814106 
10 RECEIVE 400 1449455841345 
10 RECEIVE 700 1449455854865 
10 RECEIVE 600 1449455881567 
10 RECEIVE 900 1449455893032 
10 RECEIVE 800 1449455919537 
10 RECEIVE 1100 1449455934698 
10 RECEIVE 1000 1449455961511 
10 RECEIVE 1300 1449455974650 
10 RECEIVE 1200 1449455998022 
10 RECEIVE 1500 1449456014140 
10 RECEIVE 1400 1449456038471 
10 RECEIVE 1700 1449456054583 
10 RECEIVE 1600 1449456079413 
10 RECEIVE 1900 1449456093963 
10 RECEIVE 1800 1449456121268 
10 RECEIVE 2100 1449456134402 
10 RECEIVE 2000 1449456161725 
