3 RECEIVE 100 1449449134853 
3 RECEIVE 200 1449449142923 
3 RECEIVE 300 1449449161610 
3 RECEIVE 0 1449449179947 
3 RECEIVE 500 1449449199823 
3 RECEIVE 600 1449449213675 
3 RECEIVE 700 1449449230986 
3 RECEIVE 400 1449449242538 
3 RECEIVE 900 1449449257480 
3 RECEIVE 1000 1449449273395 
3 RECEIVE 1100 1449449292180 
3 RECEIVE 800 1449449299135 
3 RECEIVE 1300 1449449316239 
3 RECEIVE 1400 1449449330781 
3 RECEIVE 1500 1449449346844 
3 RECEIVE 1200 1449449359535 
3 RECEIVE 1700 1449449376821 
3 RECEIVE 1800 1449449392428 
3 RECEIVE 1900 1449449411959 
3 RECEIVE 1600 1449449420828 
3 RECEIVE 2100 1449449438822 
3 RECEIVE 2200 1449449452136 
3 RECEIVE 2300 1449449472388 
3 RECEIVE 2000 1449449480574 
3 RECEIVE 2500 1449449496930 
3 RECEIVE 2600 1449449512954 
3 RECEIVE 2700 1449449530393 
3 RECEIVE 2400 1449449541117 
3 RECEIVE 2900 1449449556819 
3 RECEIVE 3000 1449449572088 
3 RECEIVE 3100 1449449589130 
3 RECEIVE 2800 1449449604440 
3 RECEIVE 3300 1449449617516 
3 RECEIVE 3400 1449449633230 
3 RECEIVE 3500 1449449651495 
3 RECEIVE 3200 1449449658610 
3 RECEIVE 3700 1449449677710 
3 RECEIVE 3800 1449449693081 
3 RECEIVE 3900 1449449710681 
3 RECEIVE 3600 1449449721315 
3 RECEIVE 4100 1449449737100 
3 RECEIVE 4200 1449449752223 
3 RECEIVE 4300 1449449769281 
3 RECEIVE 4000 1449449785216 
