11 RECEIVE 100 1449449138030 
11 RECEIVE 200 1449449152182 
11 RECEIVE 300 1449449155604 
11 RECEIVE 0 1449449182642 
11 RECEIVE 500 1449449200507 
11 RECEIVE 600 1449449214279 
11 RECEIVE 700 1449449231073 
11 RECEIVE 400 1449449243207 
11 RECEIVE 900 1449449260674 
11 RECEIVE 1000 1449449274403 
11 RECEIVE 1100 1449449290523 
11 RECEIVE 800 1449449304441 
11 RECEIVE 1300 1449449318283 
11 RECEIVE 1400 1449449331192 
11 RECEIVE 1500 1449449346508 
11 RECEIVE 1200 1449449361843 
11 RECEIVE 1700 1449449377656 
11 RECEIVE 1800 1449449393328 
11 RECEIVE 1900 1449449409705 
11 RECEIVE 1600 1449449422361 
11 RECEIVE 2100 1449449438417 
11 RECEIVE 2200 1449449452852 
11 RECEIVE 2300 1449449471595 
11 RECEIVE 2000 1449449484501 
11 RECEIVE 2500 1449449499201 
11 RECEIVE 2600 1449449513457 
11 RECEIVE 2700 1449449530865 
11 RECEIVE 2400 1449449544200 
11 RECEIVE 2900 1449449559054 
11 RECEIVE 3000 1449449573124 
11 RECEIVE 3100 1449449589562 
11 RECEIVE 2800 1449449604169 
11 RECEIVE 3300 1449449618261 
11 RECEIVE 3400 1449449633823 
11 RECEIVE 3500 1449449651111 
11 RECEIVE 3200 1449449664438 
11 RECEIVE 3700 1449449680174 
11 RECEIVE 3800 1449449694001 
11 RECEIVE 3900 1449449711096 
11 RECEIVE 3600 1449449718932 
11 RECEIVE 4100 1449449738696 
11 RECEIVE 4200 1449449752456 
11 RECEIVE 4300 1449449768965 
11 RECEIVE 4000 1449449785507 
