6 RECEIVE 100 1449449134882 
6 RECEIVE 200 1449449148079 
6 RECEIVE 300 1449449163617 
6 RECEIVE 0 1449449184320 
6 RECEIVE 500 1449449199415 
6 RECEIVE 600 1449449214143 
6 RECEIVE 700 1449449230515 
6 RECEIVE 400 1449449241792 
6 RECEIVE 900 1449449258634 
6 RECEIVE 1000 1449449273961 
6 RECEIVE 1100 1449449290986 
6 RECEIVE 800 1449449303683 
6 RECEIVE 1300 1449449316764 
6 RECEIVE 1400 1449449331300 
6 RECEIVE 1500 1449449347096 
6 RECEIVE 1200 1449449361834 
6 RECEIVE 1700 1449449378006 
6 RECEIVE 1800 1449449392331 
6 RECEIVE 1900 1449449409426 
6 RECEIVE 1600 1449449424669 
6 RECEIVE 2100 1449449438470 
6 RECEIVE 2200 1449449452638 
6 RECEIVE 2300 1449449469648 
6 RECEIVE 2000 1449449484172 
6 RECEIVE 2500 1449449497972 
6 RECEIVE 2600 1449449512644 
6 RECEIVE 2700 1449449530519 
6 RECEIVE 2400 1449449544626 
6 RECEIVE 2900 1449449559358 
6 RECEIVE 3000 1449449572989 
6 RECEIVE 3100 1449449589774 
6 RECEIVE 2800 1449449604100 
6 RECEIVE 3300 1449449619947 
6 RECEIVE 3400 1449449633539 
6 RECEIVE 3500 1449449650620 
6 RECEIVE 3200 1449449663120 
6 RECEIVE 3700 1449449678048 
6 RECEIVE 3800 1449449693521 
6 RECEIVE 3900 1449449711314 
6 RECEIVE 3600 1449449725354 
6 RECEIVE 4100 1449449737906 
6 RECEIVE 4200 1449449752368 
6 RECEIVE 4300 1449449770089 
6 RECEIVE 4000 1449449778975 
