10 RECEIVE 100 1449449136158 
10 RECEIVE 200 1449449149601 
10 RECEIVE 300 1449449155565 
10 RECEIVE 0 1449449182778 
10 RECEIVE 500 1449449200490 
10 RECEIVE 600 1449449214066 
10 RECEIVE 700 1449449231034 
10 RECEIVE 400 1449449242790 
10 RECEIVE 900 1449449260098 
10 RECEIVE 1000 1449449274304 
10 RECEIVE 1100 1449449290667 
10 RECEIVE 800 1449449303741 
10 RECEIVE 1300 1449449317405 
10 RECEIVE 1400 1449449319248 
10 RECEIVE 1500 1449449346999 
10 RECEIVE 1200 1449449361533 
10 RECEIVE 1700 1449449380039 
10 RECEIVE 1800 1449449393416 
10 RECEIVE 1900 1449449411505 
10 RECEIVE 1600 1449449424368 
10 RECEIVE 2100 1449449439820 
10 RECEIVE 2200 1449449452686 
10 RECEIVE 2300 1449449469725 
10 RECEIVE 2000 1449449483550 
10 RECEIVE 2500 1449449500191 
10 RECEIVE 2600 1449449513565 
10 RECEIVE 2700 1449449531182 
10 RECEIVE 2400 1449449538567 
10 RECEIVE 2900 1449449558615 
10 RECEIVE 3000 1449449572508 
10 RECEIVE 3100 1449449590226 
10 RECEIVE 2800 1449449604227 
10 RECEIVE 3300 1449449618370 
10 RECEIVE 3400 1449449633774 
10 RECEIVE 3500 1449449650659 
10 RECEIVE 3200 1449449665021 
10 RECEIVE 3700 1449449679407 
10 RECEIVE 3800 1449449693903 
10 RECEIVE 3900 1449449712611 
10 RECEIVE 3600 1449449721946 
10 RECEIVE 4100 1449449738559 
10 RECEIVE 4200 1449449752916 
10 RECEIVE 4300 1449449772142 
10 RECEIVE 4000 1449449785789 
