5 RECEIVE 100 1449449136441 
5 RECEIVE 200 1449449149224 
5 RECEIVE 300 1449449165545 
5 RECEIVE 0 1449449179802 
5 RECEIVE 500 1449449197926 
5 RECEIVE 600 1449449213636 
5 RECEIVE 700 1449449230783 
5 RECEIVE 400 1449449243052 
5 RECEIVE 900 1449449259674 
5 RECEIVE 1000 1449449273748 
5 RECEIVE 1100 1449449290696 
5 RECEIVE 800 1449449302542 
5 RECEIVE 1300 1449449318082 
5 RECEIVE 1400 1449449330918 
5 RECEIVE 1500 1449449346431 
5 RECEIVE 1200 1449449358537 
5 RECEIVE 1800 1449449392772 
5 RECEIVE 1900 1449449409186 
5 RECEIVE 1700 1449449411668 
5 RECEIVE 1600 1449449423719 
5 RECEIVE 2100 1449449438584 
5 RECEIVE 2200 1449449453029 
5 RECEIVE 2300 1449449469417 
5 RECEIVE 2000 1449449484424 
5 RECEIVE 2500 1449449497327 
5 RECEIVE 2600 1449449512838 
5 RECEIVE 2700 1449449530192 
5 RECEIVE 2400 1449449539633 
5 RECEIVE 2900 1449449558904 
5 RECEIVE 3000 1449449572226 
5 RECEIVE 3100 1449449589927 
5 RECEIVE 2800 1449449600594 
5 RECEIVE 3300 1449449617896 
5 RECEIVE 3400 1449449633674 
5 RECEIVE 3500 1449449650408 
5 RECEIVE 3200 1449449664419 
5 RECEIVE 3700 1449449677847 
5 RECEIVE 3800 1449449693472 
5 RECEIVE 3900 1449449710337 
5 RECEIVE 3600 1449449720588 
5 RECEIVE 4200 1449449752651 
5 RECEIVE 4300 1449449769753 
5 RECEIVE 4100 1449449771589 
5 RECEIVE 4000 1449449780952 
