2 RECEIVE 100 1449449137336 
2 RECEIVE 200 1449449152114 
2 RECEIVE 300 1449449163801 
2 RECEIVE 0 1449449181604 
2 RECEIVE 500 1449449199197 
2 RECEIVE 600 1449449213331 
2 RECEIVE 700 1449449230486 
2 RECEIVE 400 1449449236863 
2 RECEIVE 900 1449449257444 
2 RECEIVE 1000 1449449273610 
2 RECEIVE 1100 1449449290341 
2 RECEIVE 800 1449449297960 
2 RECEIVE 1300 1449449316067 
2 RECEIVE 1400 1449449330624 
2 RECEIVE 1500 1449449346796 
2 RECEIVE 1200 1449449359041 
2 RECEIVE 1700 1449449376944 
2 RECEIVE 1800 1449449392380 
2 RECEIVE 1900 1449449409109 
2 RECEIVE 1600 1449449420314 
2 RECEIVE 2100 1449449436905 
2 RECEIVE 2200 1449449452117 
2 RECEIVE 2300 1449449469619 
2 RECEIVE 2000 1449449481108 
2 RECEIVE 2500 1449449497150 
2 RECEIVE 2600 1449449513100 
2 RECEIVE 2700 1449449530019 
2 RECEIVE 2400 1449449541165 
2 RECEIVE 2900 1449449556990 
2 RECEIVE 3000 1449449572440 
2 RECEIVE 3100 1449449589169 
2 RECEIVE 2800 1449449601447 
2 RECEIVE 3300 1449449617620 
2 RECEIVE 3400 1449449633163 
2 RECEIVE 3500 1449449650255 
2 RECEIVE 3200 1449449657380 
2 RECEIVE 3700 1449449677827 
2 RECEIVE 3800 1449449693148 
2 RECEIVE 3900 1449449710556 
2 RECEIVE 3600 1449449723555 
2 RECEIVE 4100 1449449737213 
2 RECEIVE 4200 1449449752032 
2 RECEIVE 4300 1449449769446 
2 RECEIVE 4000 1449449780729 
