4 RECEIVE 100 1449449136589 
4 RECEIVE 200 1449449153010 
4 RECEIVE 300 1449449163007 
4 RECEIVE 0 1449449182613 
4 RECEIVE 500 1449449197946 
4 RECEIVE 600 1449449213713 
4 RECEIVE 700 1449449230773 
4 RECEIVE 400 1449449243807 
4 RECEIVE 900 1449449259148 
4 RECEIVE 1000 1449449273777 
4 RECEIVE 1100 1449449293702 
4 RECEIVE 800 1449449302687 
4 RECEIVE 1300 1449449316592 
4 RECEIVE 1400 1449449331065 
4 RECEIVE 1500 1449449347116 
4 RECEIVE 1200 1449449357829 
4 RECEIVE 1700 1449449378435 
4 RECEIVE 1800 1449449392792 
4 RECEIVE 1900 1449449412083 
4 RECEIVE 1600 1449449424058 
4 RECEIVE 2100 1449449439737 
4 RECEIVE 2200 1449449452745 
4 RECEIVE 2300 1449449469446 
4 RECEIVE 2000 1449449481447 
4 RECEIVE 2500 1449449497610 
4 RECEIVE 2600 1449449512808 
4 RECEIVE 2700 1449449530153 
4 RECEIVE 2400 1449449541010 
4 RECEIVE 2900 1449449556628 
4 RECEIVE 3000 1449449572615 
4 RECEIVE 3100 1449449589400 
4 RECEIVE 2800 1449449600836 
4 RECEIVE 3300 1449449617876 
4 RECEIVE 3400 1449449633363 
4 RECEIVE 3500 1449449651005 
4 RECEIVE 3200 1449449664429 
4 RECEIVE 3700 1449449677782 
4 RECEIVE 3800 1449449693276 
4 RECEIVE 3900 1449449710230 
4 RECEIVE 3600 1449449725694 
4 RECEIVE 4100 1449449737356 
4 RECEIVE 4200 1449449752083 
4 RECEIVE 4300 1449449769514 
4 RECEIVE 4000 1449449781408 
