9 RECEIVE 100 1449449137997 
9 RECEIVE 200 1449449149938 
9 RECEIVE 300 1449449168664 
9 RECEIVE 0 1449449183414 
9 RECEIVE 500 1449449200524 
9 RECEIVE 600 1449449214259 
9 RECEIVE 700 1449449231343 
9 RECEIVE 400 1449449242674 
9 RECEIVE 900 1449449259395 
9 RECEIVE 1000 1449449274284 
9 RECEIVE 1100 1449449290937 
9 RECEIVE 800 1449449298795 
9 RECEIVE 1300 1449449319125 
9 RECEIVE 1400 1449449331427 
9 RECEIVE 1500 1449449347613 
9 RECEIVE 1200 1449449360640 
9 RECEIVE 1700 1449449379128 
9 RECEIVE 1800 1449449393269 
9 RECEIVE 1900 1449449409571 
9 RECEIVE 1600 1449449418919 
9 RECEIVE 2100 1449449438977 
9 RECEIVE 2200 1449449452448 
9 RECEIVE 2300 1449449470234 
9 RECEIVE 2000 1449449484705 
9 RECEIVE 2500 1449449499106 
9 RECEIVE 2600 1449449512731 
9 RECEIVE 2700 1449449530596 
9 RECEIVE 2400 1449449544229 
9 RECEIVE 2900 1449449557213 
9 RECEIVE 3000 1449449572595 
9 RECEIVE 3100 1449449590379 
9 RECEIVE 2800 1449449601592 
9 RECEIVE 3300 1449449620749 
9 RECEIVE 3400 1449449633951 
9 RECEIVE 3500 1449449651257 
9 RECEIVE 3200 1449449662529 
9 RECEIVE 3700 1449449679473 
9 RECEIVE 3800 1449449694030 
9 RECEIVE 3900 1449449710913 
9 RECEIVE 3600 1449449723884 
9 RECEIVE 4100 1449449738752 
9 RECEIVE 4200 1449449752994 
9 RECEIVE 4300 1449449770051 
9 RECEIVE 4000 1449449784494 
