Awaiting simulation instructions...

Awaiting simulation instructions...

Awaiting simulation instructions...

8 RECEIVE 100 1449453614209 

[Reducer6]: Got 91136 bytes.
8 RECEIVE 0 1449453644527 

[Reducer6]: Got 959176 bytes.
Awaiting simulation instructions...

Awaiting simulation instructions...

8 RECEIVE 300 1449453659759 

[Reducer6]: Got 91136 bytes.
8 RECEIVE 200 1449453683144 

[Reducer6]: Got 957728 bytes.
Awaiting simulation instructions...

Awaiting simulation instructions...

8 RECEIVE 500 1449453700813 

[Reducer6]: Got 91136 bytes.
8 RECEIVE 400 1449453726209 

[Reducer6]: Got 958488 bytes.
Awaiting simulation instructions...

Awaiting simulation instructions...

8 RECEIVE 700 1449453740701 

[Reducer6]: Got 91560 bytes.
8 RECEIVE 600 1449453767166 

[Reducer6]: Got 957288 bytes.
Awaiting simulation instructions...

Awaiting simulation instructions...

8 RECEIVE 900 1449453780008 

[Reducer6]: Got 91136 bytes.
8 RECEIVE 800 1449453803747 

[Reducer6]: Got 958312 bytes.
Awaiting simulation instructions...

Awaiting simulation instructions...

8 RECEIVE 1100 1449453820048 

[Reducer6]: Got 91560 bytes.
8 RECEIVE 1000 1449453844147 

[Reducer6]: Got 958152 bytes.
Awaiting simulation instructions...

Awaiting simulation instructions...

8 RECEIVE 1300 1449453861071 

[Reducer6]: Got 91136 bytes.
8 RECEIVE 1200 1449453883169 

[Reducer6]: Got 959672 bytes.
Awaiting simulation instructions...

Awaiting simulation instructions...

8 RECEIVE 1500 1449453900530 

[Reducer6]: Got 91136 bytes.
8 RECEIVE 1400 1449453924101 

[Reducer6]: Got 958488 bytes.
Awaiting simulation instructions...

Awaiting simulation instructions...

8 RECEIVE 1700 1449453940361 

[Reducer6]: Got 91560 bytes.
8 RECEIVE 1600 1449453963605 

[Reducer6]: Got 958488 bytes.
Awaiting simulation instructions...

Awaiting simulation instructions...

8 RECEIVE 1900 1449453980864 

[Reducer6]: Got 91136 bytes.
8 RECEIVE 1800 1449454001305 

[Reducer6]: Got 959672 bytes.
Awaiting simulation instructions...

Awaiting simulation instructions...

8 RECEIVE 2100 1449454022471 

[Reducer6]: Got 91136 bytes.
8 RECEIVE 2000 1449454044035 

[Reducer6]: Got 959672 bytes.
Slave finished all tasks and exited.
logger exit
