Awaiting simulation instructions...

Awaiting simulation instructions...

Awaiting simulation instructions...

4 RECEIVE 100 1449453613792 

[Reducer2]: Got 88488 bytes.
4 RECEIVE 0 1449453647132 

[Reducer2]: Got 955168 bytes.
Awaiting simulation instructions...

Awaiting simulation instructions...

4 RECEIVE 300 1449453658535 

[Reducer2]: Got 91560 bytes.
4 RECEIVE 200 1449453684977 

[Reducer2]: Got 958992 bytes.
Awaiting simulation instructions...

Awaiting simulation instructions...

4 RECEIVE 500 1449453700796 

[Reducer2]: Got 91136 bytes.
4 RECEIVE 400 1449453725361 

[Reducer2]: Got 959232 bytes.
Awaiting simulation instructions...

Awaiting simulation instructions...

4 RECEIVE 700 1449453740558 

[Reducer2]: Got 91136 bytes.
4 RECEIVE 600 1449453762430 

[Reducer2]: Got 959672 bytes.
Awaiting simulation instructions...

Awaiting simulation instructions...

4 RECEIVE 900 1449453779380 

[Reducer2]: Got 91560 bytes.
4 RECEIVE 800 1449453805143 

[Reducer2]: Got 958152 bytes.
Awaiting simulation instructions...

Awaiting simulation instructions...

4 RECEIVE 1100 1449453821173 

[Reducer2]: Got 91560 bytes.
4 RECEIVE 1000 1449453844922 

[Reducer2]: Got 958488 bytes.
Awaiting simulation instructions...

Awaiting simulation instructions...

4 RECEIVE 1300 1449453859900 

[Reducer2]: Got 91560 bytes.
4 RECEIVE 1200 1449453886546 

[Reducer2]: Got 958488 bytes.
Awaiting simulation instructions...

Awaiting simulation instructions...

4 RECEIVE 1500 1449453899620 

[Reducer2]: Got 91560 bytes.
4 RECEIVE 1400 1449453924820 

[Reducer2]: Got 957304 bytes.
Awaiting simulation instructions...

Awaiting simulation instructions...

4 RECEIVE 1700 1449453939180 

[Reducer2]: Got 91560 bytes.
4 RECEIVE 1600 1449453967088 

[Reducer2]: Got 958488 bytes.
Awaiting simulation instructions...

Awaiting simulation instructions...

4 RECEIVE 1900 1449453979198 

[Reducer2]: Got 91560 bytes.
4 RECEIVE 1800 1449454003738 

[Reducer2]: Got 958312 bytes.
Awaiting simulation instructions...

Awaiting simulation instructions...

4 RECEIVE 2100 1449454022701 

[Reducer2]: Got 91136 bytes.
4 RECEIVE 2000 1449454042997 

[Reducer2]: Got 957448 bytes.
Slave finished all tasks and exited.
logger exit
