Awaiting simulation instructions...

Awaiting simulation instructions...

Awaiting simulation instructions...

5 RECEIVE 100 1449453613400 

[Reducer3]: Got 89512 bytes.
5 RECEIVE 0 1449453644129 

[Reducer3]: Got 959176 bytes.
Awaiting simulation instructions...

Awaiting simulation instructions...

5 RECEIVE 300 1449453659913 

[Reducer3]: Got 91136 bytes.
5 RECEIVE 200 1449453685093 

[Reducer3]: Got 959176 bytes.
Awaiting simulation instructions...

Awaiting simulation instructions...

5 RECEIVE 500 1449453701133 

[Reducer3]: Got 91136 bytes.
5 RECEIVE 400 1449453723219 

[Reducer3]: Got 958552 bytes.
Awaiting simulation instructions...

Awaiting simulation instructions...

5 RECEIVE 700 1449453741165 

[Reducer3]: Got 91136 bytes.
5 RECEIVE 600 1449453761093 

[Reducer3]: Got 957448 bytes.
Awaiting simulation instructions...

Awaiting simulation instructions...

5 RECEIVE 900 1449453779416 

[Reducer3]: Got 91560 bytes.
5 RECEIVE 800 1449453804425 

[Reducer3]: Got 958488 bytes.
Awaiting simulation instructions...

Awaiting simulation instructions...

5 RECEIVE 1100 1449453820916 

[Reducer3]: Got 91136 bytes.
5 RECEIVE 1000 1449453842150 

[Reducer3]: Got 957448 bytes.
Awaiting simulation instructions...

Awaiting simulation instructions...

5 RECEIVE 1300 1449453859820 

[Reducer3]: Got 90536 bytes.
5 RECEIVE 1200 1449453882714 

[Reducer3]: Got 959672 bytes.
Awaiting simulation instructions...

Awaiting simulation instructions...

5 RECEIVE 1500 1449453899647 

[Reducer3]: Got 91560 bytes.
5 RECEIVE 1400 1449453920394 

[Reducer3]: Got 959816 bytes.
Awaiting simulation instructions...

Awaiting simulation instructions...

5 RECEIVE 1700 1449453938816 

[Reducer3]: Got 91560 bytes.
5 RECEIVE 1600 1449453967456 

[Reducer3]: Got 958488 bytes.
Awaiting simulation instructions...

Awaiting simulation instructions...

5 RECEIVE 1900 1449453980791 

[Reducer3]: Got 91136 bytes.
5 RECEIVE 1800 1449453999287 

[Reducer3]: Got 958968 bytes.
Awaiting simulation instructions...

Awaiting simulation instructions...

5 RECEIVE 2100 1449454021612 

[Reducer3]: Got 91560 bytes.
5 RECEIVE 2000 1449454042687 

[Reducer3]: Got 957096 bytes.
Slave finished all tasks and exited.
logger exit
