Awaiting simulation instructions...

Awaiting simulation instructions...

Awaiting simulation instructions...

2 RECEIVE 100 1449453614519 

[Reducer0]: Got 90376 bytes.
2 RECEIVE 0 1449453646621 

[Reducer0]: Got 959088 bytes.
Awaiting simulation instructions...

Awaiting simulation instructions...

2 RECEIVE 300 1449453658499 

[Reducer0]: Got 91136 bytes.
2 RECEIVE 200 1449453679450 

[Reducer0]: Got 959992 bytes.
Awaiting simulation instructions...

Awaiting simulation instructions...

2 RECEIVE 500 1449453699756 

[Reducer0]: Got 91560 bytes.
2 RECEIVE 400 1449453722880 

[Reducer0]: Got 957448 bytes.
Awaiting simulation instructions...

Awaiting simulation instructions...

2 RECEIVE 700 1449453739625 

[Reducer0]: Got 91560 bytes.
2 RECEIVE 600 1449453760724 

[Reducer0]: Got 956248 bytes.
Awaiting simulation instructions...

Awaiting simulation instructions...

2 RECEIVE 900 1449453780161 

[Reducer0]: Got 91136 bytes.
2 RECEIVE 800 1449453799956 

[Reducer0]: Got 955224 bytes.
Awaiting simulation instructions...

Awaiting simulation instructions...

2 RECEIVE 1100 1449453820230 

[Reducer0]: Got 91560 bytes.
2 RECEIVE 1000 1449453841442 

[Reducer0]: Got 956248 bytes.
Awaiting simulation instructions...

Awaiting simulation instructions...

2 RECEIVE 1300 1449453860777 

[Reducer0]: Got 91136 bytes.
2 RECEIVE 1200 1449453880967 

[Reducer0]: Got 958968 bytes.
Awaiting simulation instructions...

Awaiting simulation instructions...

2 RECEIVE 1500 1449453899283 

[Reducer0]: Got 91560 bytes.
2 RECEIVE 1400 1449453924422 

[Reducer0]: Got 958488 bytes.
Awaiting simulation instructions...

Awaiting simulation instructions...

2 RECEIVE 1700 1449453940483 

[Reducer0]: Got 91136 bytes.
2 RECEIVE 1600 1449453963275 

[Reducer0]: Got 958312 bytes.
Awaiting simulation instructions...

Awaiting simulation instructions...

2 RECEIVE 1900 1449453980563 

[Reducer0]: Got 91560 bytes.
2 RECEIVE 1800 1449454004730 

[Reducer0]: Got 958312 bytes.
Awaiting simulation instructions...

Awaiting simulation instructions...

2 RECEIVE 2100 1449454022419 

[Reducer0]: Got 91136 bytes.
2 RECEIVE 2000 1449454044685 

[Reducer0]: Got 959672 bytes.
Slave finished all tasks and exited.
logger exit
