Awaiting simulation instructions...

Awaiting simulation instructions...

Awaiting simulation instructions...

6 RECEIVE 100 1449453613434 

[Reducer4]: Got 90376 bytes.
6 RECEIVE 0 1449453646187 

[Reducer4]: Got 958328 bytes.
Awaiting simulation instructions...

Awaiting simulation instructions...

6 RECEIVE 300 1449453659776 

[Reducer4]: Got 91136 bytes.
6 RECEIVE 200 1449453685881 

[Reducer4]: Got 957888 bytes.
Awaiting simulation instructions...

Awaiting simulation instructions...

6 RECEIVE 500 1449453700507 

[Reducer4]: Got 91136 bytes.
6 RECEIVE 400 1449453726286 

[Reducer4]: Got 958488 bytes.
Awaiting simulation instructions...

Awaiting simulation instructions...

6 RECEIVE 700 1449453740522 

[Reducer4]: Got 91560 bytes.
6 RECEIVE 600 1449453763245 

[Reducer4]: Got 956744 bytes.
Awaiting simulation instructions...

Awaiting simulation instructions...

6 RECEIVE 900 1449453778890 

[Reducer4]: Got 91560 bytes.
6 RECEIVE 800 1449453805589 

[Reducer4]: Got 958152 bytes.
Awaiting simulation instructions...

Awaiting simulation instructions...

6 RECEIVE 1100 1449453821428 

[Reducer4]: Got 91560 bytes.
6 RECEIVE 1000 1449453845629 

[Reducer4]: Got 958152 bytes.
Awaiting simulation instructions...

Awaiting simulation instructions...

6 RECEIVE 1300 1449453860843 

[Reducer4]: Got 91136 bytes.
6 RECEIVE 1200 1449453887496 

[Reducer4]: Got 958488 bytes.
Awaiting simulation instructions...

Awaiting simulation instructions...

6 RECEIVE 1500 1449453900059 

[Reducer4]: Got 91136 bytes.
6 RECEIVE 1400 1449453927600 

[Reducer4]: Got 958488 bytes.
Awaiting simulation instructions...

Awaiting simulation instructions...

6 RECEIVE 1700 1449453939760 

[Reducer4]: Got 91560 bytes.
6 RECEIVE 1600 1449453966748 

[Reducer4]: Got 958312 bytes.
Awaiting simulation instructions...

Awaiting simulation instructions...

6 RECEIVE 1900 1449453979910 

[Reducer4]: Got 91560 bytes.
6 RECEIVE 1800 1449454007478 

[Reducer4]: Got 958488 bytes.
Awaiting simulation instructions...

Awaiting simulation instructions...

6 RECEIVE 2100 1449454022382 

[Reducer4]: Got 91136 bytes.
6 RECEIVE 2000 1449454045014 

[Reducer4]: Got 958152 bytes.
Slave finished all tasks and exited.
logger exit
