Awaiting simulation instructions...

Awaiting simulation instructions...

Awaiting simulation instructions...

10 RECEIVE 100 1449453615783 

[Reducer8]: Got 90376 bytes.
10 RECEIVE 0 1449453646488 

[Reducer8]: Got 959088 bytes.
Awaiting simulation instructions...

Awaiting simulation instructions...

10 RECEIVE 300 1449453659442 

[Reducer8]: Got 91136 bytes.
10 RECEIVE 200 1449453685968 

[Reducer8]: Got 957112 bytes.
Awaiting simulation instructions...

Awaiting simulation instructions...

10 RECEIVE 500 1449453700915 

[Reducer8]: Got 91136 bytes.
10 RECEIVE 400 1449453724363 

[Reducer8]: Got 959576 bytes.
Awaiting simulation instructions...

Awaiting simulation instructions...

10 RECEIVE 700 1449453740983 

[Reducer8]: Got 91136 bytes.
10 RECEIVE 600 1449453765945 

[Reducer8]: Got 958488 bytes.
Awaiting simulation instructions...

Awaiting simulation instructions...

10 RECEIVE 900 1449453779782 

[Reducer8]: Got 91136 bytes.
10 RECEIVE 800 1449453805540 

[Reducer8]: Got 958064 bytes.
Awaiting simulation instructions...

Awaiting simulation instructions...

10 RECEIVE 1100 1449453821248 

[Reducer8]: Got 91560 bytes.
10 RECEIVE 1000 1449453847430 

[Reducer8]: Got 958488 bytes.
Awaiting simulation instructions...

Awaiting simulation instructions...

10 RECEIVE 1300 1449453861386 

[Reducer8]: Got 91136 bytes.
10 RECEIVE 1200 1449453886837 

[Reducer8]: Got 958488 bytes.
Awaiting simulation instructions...

Awaiting simulation instructions...

10 RECEIVE 1500 1449453900673 

[Reducer8]: Got 91136 bytes.
10 RECEIVE 1400 1449453926980 

[Reducer8]: Got 958312 bytes.
Awaiting simulation instructions...

Awaiting simulation instructions...

10 RECEIVE 1700 1449453940097 

[Reducer8]: Got 91560 bytes.
10 RECEIVE 1600 1449453965865 

[Reducer8]: Got 958312 bytes.
Awaiting simulation instructions...

Awaiting simulation instructions...

10 RECEIVE 1900 1449453980131 

[Reducer8]: Got 91560 bytes.
10 RECEIVE 1800 1449454006458 

[Reducer8]: Got 958312 bytes.
Awaiting simulation instructions...

Awaiting simulation instructions...

10 RECEIVE 2100 1449454021420 

[Reducer8]: Got 91560 bytes.
10 RECEIVE 2000 1449454047296 

[Reducer8]: Got 958488 bytes.
Slave finished all tasks and exited.
logger exit
