2 RECEIVE 100 1449451950821 
2 RECEIVE 200 1449451958586 
2 RECEIVE 300 1449451973406 
2 RECEIVE 0 1449451996739 
2 RECEIVE 500 1449452014478 
2 RECEIVE 600 1449452030817 
2 RECEIVE 700 1449452049413 
2 RECEIVE 400 1449452050361 
2 RECEIVE 900 1449452075633 
2 RECEIVE 1000 1449452089647 
2 RECEIVE 1100 1449452105777 
2 RECEIVE 800 1449452114628 
2 RECEIVE 1300 1449452134122 
2 RECEIVE 1400 1449452149762 
2 RECEIVE 1500 1449452166113 
2 RECEIVE 1200 1449452177605 
2 RECEIVE 1700 1449452194924 
2 RECEIVE 1800 1449452211449 
2 RECEIVE 1900 1449452229537 
2 RECEIVE 1600 1449452239872 
2 RECEIVE 2100 1449452254449 
2 RECEIVE 2200 1449452270831 
2 RECEIVE 2300 1449452286903 
2 RECEIVE 2000 1449452299433 
2 RECEIVE 2500 1449452316110 
2 RECEIVE 2600 1449452332787 
2 RECEIVE 2700 1449452349707 
2 RECEIVE 2400 1449452353765 
2 RECEIVE 2900 1449452375477 
2 RECEIVE 3000 1449452391321 
2 RECEIVE 3100 1449452408137 
2 RECEIVE 2800 1449452420493 
2 RECEIVE 3300 1449452436636 
2 RECEIVE 3400 1449452452067 
2 RECEIVE 3500 1449452468131 
2 RECEIVE 3200 1449452480494 
2 RECEIVE 3700 1449452495734 
2 RECEIVE 3800 1449452511276 
2 RECEIVE 3900 1449452527329 
2 RECEIVE 3600 1449452540861 
2 RECEIVE 4100 1449452557353 
2 RECEIVE 4200 1449452571844 
2 RECEIVE 4300 1449452588526 
2 RECEIVE 4000 1449452600128 
