11 RECEIVE 100 1449451951497 
11 RECEIVE 200 1449451967797 
11 RECEIVE 300 1449451978191 
11 RECEIVE 0 1449451996274 
11 RECEIVE 500 1449452017558 
11 RECEIVE 600 1449452031642 
11 RECEIVE 700 1449452049106 
11 RECEIVE 400 1449452060312 
11 RECEIVE 900 1449452076611 
11 RECEIVE 1000 1449452089774 
11 RECEIVE 1100 1449452106612 
11 RECEIVE 800 1449452120900 
11 RECEIVE 1300 1449452137683 
11 RECEIVE 1400 1449452151086 
11 RECEIVE 1500 1449452166152 
11 RECEIVE 1200 1449452180945 
11 RECEIVE 1700 1449452196746 
11 RECEIVE 1800 1449452212723 
11 RECEIVE 1900 1449452229047 
11 RECEIVE 1600 1449452238999 
11 RECEIVE 2100 1449452256798 
11 RECEIVE 2200 1449452271164 
11 RECEIVE 2300 1449452289578 
11 RECEIVE 2000 1449452300965 
11 RECEIVE 2500 1449452317406 
11 RECEIVE 2600 1449452333634 
11 RECEIVE 2700 1449452358791 
11 RECEIVE 2400 1449452361726 
11 RECEIVE 2900 1449452376249 
11 RECEIVE 3000 1449452392482 
11 RECEIVE 3100 1449452411055 
11 RECEIVE 2800 1449452420955 
11 RECEIVE 3300 1449452438790 
11 RECEIVE 3400 1449452451841 
11 RECEIVE 3500 1449452471676 
11 RECEIVE 3200 1449452482365 
11 RECEIVE 3700 1449452498949 
11 RECEIVE 3800 1449452512587 
11 RECEIVE 3900 1449452530711 
11 RECEIVE 3600 1449452542732 
11 RECEIVE 4100 1449452558934 
11 RECEIVE 4200 1449452573241 
11 RECEIVE 4300 1449452588814 
11 RECEIVE 4000 1449452603630 
