5 RECEIVE 100 1449460194622 
5 RECEIVE 0 1449460226284 
5 RECEIVE 300 1449460239652 
5 RECEIVE 200 1449460265943 
5 RECEIVE 500 1449460281657 
5 RECEIVE 400 1449460303754 
5 RECEIVE 700 1449460321235 
5 RECEIVE 600 1449460341883 
5 RECEIVE 900 1449460360248 
5 RECEIVE 800 1449460382110 
5 RECEIVE 1100 1449460399400 
5 RECEIVE 1000 1449460425513 
5 RECEIVE 1300 1449460441859 
5 RECEIVE 1200 1449460466384 
5 RECEIVE 1500 1449460481195 
5 RECEIVE 1400 1449460503262 
5 RECEIVE 1700 1449460520939 
5 RECEIVE 1600 1449460544501 
5 RECEIVE 1900 1449460561097 
5 RECEIVE 1800 1449460585485 
5 RECEIVE 2100 1449460599834 
5 RECEIVE 2000 1449460626908 
