Awaiting simulation instructions...

Awaiting simulation instructions...

Awaiting simulation instructions...

6 RECEIVE 100 1449455729167 

[Reducer4]: Got 88504 bytes.
6 RECEIVE 0 1449455761210 

[Reducer4]: Got 959176 bytes.
Awaiting simulation instructions...

Awaiting simulation instructions...

6 RECEIVE 300 1449455774832 

[Reducer4]: Got 91136 bytes.
6 RECEIVE 200 1449455800025 

[Reducer4]: Got 958312 bytes.
Awaiting simulation instructions...

Awaiting simulation instructions...

6 RECEIVE 500 1449455814671 

[Reducer4]: Got 91136 bytes.
6 RECEIVE 400 1449455840132 

[Reducer4]: Got 958488 bytes.
Awaiting simulation instructions...

Awaiting simulation instructions...

6 RECEIVE 700 1449455854882 

[Reducer4]: Got 91136 bytes.
6 RECEIVE 600 1449455881149 

[Reducer4]: Got 958152 bytes.
Awaiting simulation instructions...

Awaiting simulation instructions...

6 RECEIVE 900 1449455893446 

[Reducer4]: Got 91560 bytes.
6 RECEIVE 800 1449455920226 

[Reducer4]: Got 958152 bytes.
Awaiting simulation instructions...

Awaiting simulation instructions...

6 RECEIVE 1100 1449455935389 

[Reducer4]: Got 91136 bytes.
6 RECEIVE 1000 1449455960317 

[Reducer4]: Got 957288 bytes.
Awaiting simulation instructions...

Awaiting simulation instructions...

6 RECEIVE 1300 1449455974324 

[Reducer4]: Got 91560 bytes.
6 RECEIVE 1200 1449456001395 

[Reducer4]: Got 958488 bytes.
Awaiting simulation instructions...

Awaiting simulation instructions...

6 RECEIVE 1500 1449456013553 

[Reducer4]: Got 91560 bytes.
6 RECEIVE 1400 1449456041582 

[Reducer4]: Got 958312 bytes.
Awaiting simulation instructions...

Awaiting simulation instructions...

6 RECEIVE 1700 1449456054877 

[Reducer4]: Got 91560 bytes.
6 RECEIVE 1600 1449456082240 

[Reducer4]: Got 958488 bytes.
Awaiting simulation instructions...

Awaiting simulation instructions...

6 RECEIVE 1900 1449456093388 

[Reducer4]: Got 91560 bytes.
6 RECEIVE 1800 1449456122006 

[Reducer4]: Got 958488 bytes.
Awaiting simulation instructions...

Awaiting simulation instructions...

6 RECEIVE 2100 1449456134996 

[Reducer4]: Got 91560 bytes.
6 RECEIVE 2000 1449456159605 

[Reducer4]: Got 958312 bytes.
Slave finished all tasks and exited.
logger exit
