Awaiting simulation instructions...

Awaiting simulation instructions...

Awaiting simulation instructions...

8 RECEIVE 100 1449455730083 

[Reducer6]: Got 90376 bytes.
8 RECEIVE 0 1449455760441 

[Reducer6]: Got 958312 bytes.
Awaiting simulation instructions...

Awaiting simulation instructions...

8 RECEIVE 300 1449455774354 

[Reducer6]: Got 91136 bytes.
8 RECEIVE 200 1449455801686 

[Reducer6]: Got 958488 bytes.
Awaiting simulation instructions...

Awaiting simulation instructions...

8 RECEIVE 500 1449455814843 

[Reducer6]: Got 91136 bytes.
8 RECEIVE 400 1449455840908 

[Reducer6]: Got 958152 bytes.
Awaiting simulation instructions...

Awaiting simulation instructions...

8 RECEIVE 700 1449455854984 

[Reducer6]: Got 91136 bytes.
8 RECEIVE 600 1449455880771 

[Reducer6]: Got 958152 bytes.
Awaiting simulation instructions...

Awaiting simulation instructions...

8 RECEIVE 900 1449455894441 

[Reducer6]: Got 91560 bytes.
8 RECEIVE 800 1449455918180 

[Reducer6]: Got 957288 bytes.
Awaiting simulation instructions...

Awaiting simulation instructions...

8 RECEIVE 1100 1449455935406 

[Reducer6]: Got 91136 bytes.
8 RECEIVE 1000 1449455960114 

[Reducer6]: Got 957464 bytes.
Awaiting simulation instructions...

Awaiting simulation instructions...

8 RECEIVE 1300 1449455974623 

[Reducer6]: Got 91560 bytes.
8 RECEIVE 1200 1449455998390 

[Reducer6]: Got 958488 bytes.
Awaiting simulation instructions...

Awaiting simulation instructions...

8 RECEIVE 1500 1449456014626 

[Reducer6]: Got 91136 bytes.
8 RECEIVE 1400 1449456038170 

[Reducer6]: Got 958488 bytes.
Awaiting simulation instructions...

Awaiting simulation instructions...

8 RECEIVE 1700 1449456053841 

[Reducer6]: Got 91560 bytes.
8 RECEIVE 1600 1449456081227 

[Reducer6]: Got 958488 bytes.
Awaiting simulation instructions...

Awaiting simulation instructions...

8 RECEIVE 1900 1449456094749 

[Reducer6]: Got 91136 bytes.
8 RECEIVE 1800 1449456118533 

[Reducer6]: Got 958312 bytes.
Awaiting simulation instructions...

Awaiting simulation instructions...

8 RECEIVE 2100 1449456135108 

[Reducer6]: Got 91136 bytes.
8 RECEIVE 2000 1449456162134 

[Reducer6]: Got 958488 bytes.
Slave finished all tasks and exited.
logger exit
