Awaiting simulation instructions...

Awaiting simulation instructions...

Awaiting simulation instructions...

4 RECEIVE 100 1449455729792 

[Reducer2]: Got 90376 bytes.
4 RECEIVE 0 1449455760751 

[Reducer2]: Got 957288 bytes.
Awaiting simulation instructions...

Awaiting simulation instructions...

4 RECEIVE 300 1449455774651 

[Reducer2]: Got 91136 bytes.
4 RECEIVE 200 1449455799977 

[Reducer2]: Got 959336 bytes.
Awaiting simulation instructions...

Awaiting simulation instructions...

4 RECEIVE 500 1449455814089 

[Reducer2]: Got 91560 bytes.
4 RECEIVE 400 1449455835893 

[Reducer2]: Got 958080 bytes.
Awaiting simulation instructions...

Awaiting simulation instructions...

4 RECEIVE 700 1449455853473 

[Reducer2]: Got 91560 bytes.
4 RECEIVE 600 1449455878801 

[Reducer2]: Got 958312 bytes.
Awaiting simulation instructions...

Awaiting simulation instructions...

4 RECEIVE 900 1449455896452 

[Reducer2]: Got 91560 bytes.
4 RECEIVE 800 1449455921091 

[Reducer2]: Got 958488 bytes.
Awaiting simulation instructions...

Awaiting simulation instructions...

4 RECEIVE 1100 1449455935719 

[Reducer2]: Got 91136 bytes.
4 RECEIVE 1000 1449455955671 

[Reducer2]: Got 956000 bytes.
Awaiting simulation instructions...

Awaiting simulation instructions...

4 RECEIVE 1300 1449455974183 

[Reducer2]: Got 91560 bytes.
4 RECEIVE 1200 1449455999447 

[Reducer2]: Got 958152 bytes.
Awaiting simulation instructions...

Awaiting simulation instructions...

4 RECEIVE 1500 1449456013735 

[Reducer2]: Got 91560 bytes.
4 RECEIVE 1400 1449456038800 

[Reducer2]: Got 958488 bytes.
Awaiting simulation instructions...

Awaiting simulation instructions...

4 RECEIVE 1700 1449456053659 

[Reducer2]: Got 91560 bytes.
4 RECEIVE 1600 1449456079578 

[Reducer2]: Got 958312 bytes.
Awaiting simulation instructions...

Awaiting simulation instructions...

4 RECEIVE 1900 1449456093590 

[Reducer2]: Got 91560 bytes.
4 RECEIVE 1800 1449456122646 

[Reducer2]: Got 958488 bytes.
Awaiting simulation instructions...

Awaiting simulation instructions...

4 RECEIVE 2100 1449456134249 

[Reducer2]: Got 91560 bytes.
4 RECEIVE 2000 1449456159973 

[Reducer2]: Got 958312 bytes.
Slave finished all tasks and exited.
logger exit
