Awaiting simulation instructions...

Awaiting simulation instructions...

Awaiting simulation instructions...

7 RECEIVE 100 1449455728647 

[Reducer5]: Got 88488 bytes.
7 RECEIVE 0 1449455760479 

[Reducer5]: Got 958312 bytes.
Awaiting simulation instructions...

Awaiting simulation instructions...

7 RECEIVE 300 1449455774633 

[Reducer5]: Got 91136 bytes.
7 RECEIVE 200 1449455800103 

[Reducer5]: Got 959336 bytes.
Awaiting simulation instructions...

Awaiting simulation instructions...

7 RECEIVE 500 1449455814596 

[Reducer5]: Got 91136 bytes.
7 RECEIVE 400 1449455840249 

[Reducer5]: Got 959336 bytes.
Awaiting simulation instructions...

Awaiting simulation instructions...

7 RECEIVE 700 1449455854780 

[Reducer5]: Got 91136 bytes.
7 RECEIVE 600 1449455879792 

[Reducer5]: Got 958488 bytes.
Awaiting simulation instructions...

Awaiting simulation instructions...

7 RECEIVE 900 1449455894288 

[Reducer5]: Got 91560 bytes.
7 RECEIVE 800 1449455921401 

[Reducer5]: Got 958488 bytes.
Awaiting simulation instructions...

Awaiting simulation instructions...

7 RECEIVE 1100 1449455935501 

[Reducer5]: Got 91136 bytes.
7 RECEIVE 1000 1449455960803 

[Reducer5]: Got 957304 bytes.
Awaiting simulation instructions...

Awaiting simulation instructions...

7 RECEIVE 1300 1449455974219 

[Reducer5]: Got 91560 bytes.
7 RECEIVE 1200 1449456001715 

[Reducer5]: Got 958488 bytes.
Awaiting simulation instructions...

Awaiting simulation instructions...

7 RECEIVE 1500 1449456014740 

[Reducer5]: Got 91560 bytes.
7 RECEIVE 1400 1449456041980 

[Reducer5]: Got 958488 bytes.
Awaiting simulation instructions...

Awaiting simulation instructions...

7 RECEIVE 1700 1449456054726 

[Reducer5]: Got 91560 bytes.
7 RECEIVE 1600 1449456082559 

[Reducer5]: Got 958488 bytes.
Awaiting simulation instructions...

Awaiting simulation instructions...

7 RECEIVE 1900 1449456094766 

[Reducer5]: Got 91136 bytes.
7 RECEIVE 1800 1449456122326 

[Reducer5]: Got 958488 bytes.
Awaiting simulation instructions...

Awaiting simulation instructions...

7 RECEIVE 2100 1449456135072 

[Reducer5]: Got 91560 bytes.
7 RECEIVE 2000 1449456162764 

[Reducer5]: Got 958488 bytes.
Slave finished all tasks and exited.
logger exit
