Awaiting simulation instructions...

Awaiting simulation instructions...

Awaiting simulation instructions...

10 RECEIVE 100 1449455730267 

[Reducer8]: Got 87480 bytes.
10 RECEIVE 0 1449455759784 

[Reducer8]: Got 956280 bytes.
Awaiting simulation instructions...

Awaiting simulation instructions...

10 RECEIVE 300 1449455774487 

[Reducer8]: Got 91136 bytes.
10 RECEIVE 200 1449455800588 

[Reducer8]: Got 957112 bytes.
Awaiting simulation instructions...

Awaiting simulation instructions...

10 RECEIVE 500 1449455814106 

[Reducer8]: Got 91560 bytes.
10 RECEIVE 400 1449455841345 

[Reducer8]: Got 958152 bytes.
Awaiting simulation instructions...

Awaiting simulation instructions...

10 RECEIVE 700 1449455854865 

[Reducer8]: Got 91136 bytes.
10 RECEIVE 600 1449455881567 

[Reducer8]: Got 958488 bytes.
Awaiting simulation instructions...

Awaiting simulation instructions...

10 RECEIVE 900 1449455893032 

[Reducer8]: Got 91560 bytes.
10 RECEIVE 800 1449455919537 

[Reducer8]: Got 958488 bytes.
Awaiting simulation instructions...

Awaiting simulation instructions...

10 RECEIVE 1100 1449455934698 

[Reducer8]: Got 91560 bytes.
10 RECEIVE 1000 1449455961511 

[Reducer8]: Got 958152 bytes.
Awaiting simulation instructions...

Awaiting simulation instructions...

10 RECEIVE 1300 1449455974650 

[Reducer8]: Got 91560 bytes.
10 RECEIVE 1200 1449455998022 

[Reducer8]: Got 958488 bytes.
Awaiting simulation instructions...

Awaiting simulation instructions...

10 RECEIVE 1500 1449456014140 

[Reducer8]: Got 91560 bytes.
10 RECEIVE 1400 1449456038471 

[Reducer8]: Got 958488 bytes.
Awaiting simulation instructions...

Awaiting simulation instructions...

10 RECEIVE 1700 1449456054583 

[Reducer8]: Got 91560 bytes.
10 RECEIVE 1600 1449456079413 

[Reducer8]: Got 958488 bytes.
Awaiting simulation instructions...

Awaiting simulation instructions...

10 RECEIVE 1900 1449456093963 

[Reducer8]: Got 91560 bytes.
10 RECEIVE 1800 1449456121268 

[Reducer8]: Got 958488 bytes.
Awaiting simulation instructions...

Awaiting simulation instructions...

10 RECEIVE 2100 1449456134402 

[Reducer8]: Got 91560 bytes.
10 RECEIVE 2000 1449456161725 

[Reducer8]: Got 958488 bytes.
Slave finished all tasks and exited.
logger exit
