Awaiting simulation instructions...

Awaiting simulation instructions...

Awaiting simulation instructions...

9 RECEIVE 100 1449455728935 

[Reducer7]: Got 88504 bytes.
9 RECEIVE 0 1449455757603 

[Reducer7]: Got 957624 bytes.
Awaiting simulation instructions...

Awaiting simulation instructions...

9 RECEIVE 300 1449455774211 

[Reducer7]: Got 91136 bytes.
9 RECEIVE 200 1449455801424 

[Reducer7]: Got 958488 bytes.
Awaiting simulation instructions...

Awaiting simulation instructions...

9 RECEIVE 500 1449455814453 

[Reducer7]: Got 91136 bytes.
9 RECEIVE 400 1449455841015 

[Reducer7]: Got 958152 bytes.
Awaiting simulation instructions...

Awaiting simulation instructions...

9 RECEIVE 700 1449455854094 

[Reducer7]: Got 91560 bytes.
9 RECEIVE 600 1449455880490 

[Reducer7]: Got 958152 bytes.
Awaiting simulation instructions...

Awaiting simulation instructions...

9 RECEIVE 900 1449455894215 

[Reducer7]: Got 91560 bytes.
9 RECEIVE 800 1449455922136 

[Reducer7]: Got 958488 bytes.
Awaiting simulation instructions...

Awaiting simulation instructions...

9 RECEIVE 1100 1449455935547 

[Reducer7]: Got 91136 bytes.
9 RECEIVE 1000 1449455962233 

[Reducer7]: Got 958488 bytes.
Awaiting simulation instructions...

Awaiting simulation instructions...

9 RECEIVE 1300 1449455973635 

[Reducer7]: Got 91560 bytes.
9 RECEIVE 1200 1449456002357 

[Reducer7]: Got 959512 bytes.
Awaiting simulation instructions...

Awaiting simulation instructions...

9 RECEIVE 1500 1449456014426 

[Reducer7]: Got 91560 bytes.
9 RECEIVE 1400 1449456041621 

[Reducer7]: Got 958488 bytes.
Awaiting simulation instructions...

Awaiting simulation instructions...

9 RECEIVE 1700 1449456054381 

[Reducer7]: Got 91560 bytes.
9 RECEIVE 1600 1449456081547 

[Reducer7]: Got 958488 bytes.
Awaiting simulation instructions...

Awaiting simulation instructions...

9 RECEIVE 1900 1449456094684 

[Reducer7]: Got 91560 bytes.
9 RECEIVE 1800 1449456118902 

[Reducer7]: Got 958312 bytes.
Awaiting simulation instructions...

Awaiting simulation instructions...

9 RECEIVE 2100 1449456134795 

[Reducer7]: Got 91560 bytes.
9 RECEIVE 2000 1449456162454 

[Reducer7]: Got 958488 bytes.
Slave finished all tasks and exited.
logger exit
