10 RECEIVE 100 1449432928709 
10 RECEIVE 0 1449432960713 
10 RECEIVE 300 1449432974321 
10 RECEIVE 200 1449433000592 
10 RECEIVE 500 1449433014654 
10 RECEIVE 400 1449433042069 
10 RECEIVE 700 1449433055292 
10 RECEIVE 600 1449433081923 
10 RECEIVE 900 1449433096192 
10 RECEIVE 800 1449433121927 
10 RECEIVE 1100 1449433135906 
10 RECEIVE 1000 1449433161866 
10 RECEIVE 1300 1449433176130 
10 RECEIVE 1200 1449433202821 
10 RECEIVE 1500 1449433215147 
10 RECEIVE 1400 1449433242303 
10 RECEIVE 1700 1449433254934 
10 RECEIVE 1600 1449433282095 
10 RECEIVE 1900 1449433296688 
10 RECEIVE 1800 1449433322664 
10 RECEIVE 2100 1449433336662 
10 RECEIVE 2000 1449433358622 
