8 RECEIVE 100 1449432927914 
8 RECEIVE 0 1449432956310 
8 RECEIVE 300 1449432973479 
8 RECEIVE 200 1449433000237 
8 RECEIVE 500 1449433014166 
8 RECEIVE 400 1449433041382 
8 RECEIVE 700 1449433055465 
8 RECEIVE 600 1449433080552 
8 RECEIVE 900 1449433096098 
8 RECEIVE 800 1449433121587 
8 RECEIVE 1100 1449433135859 
8 RECEIVE 1000 1449433161682 
8 RECEIVE 1300 1449433175221 
8 RECEIVE 1200 1449433201193 
8 RECEIVE 1500 1449433215605 
8 RECEIVE 1400 1449433241915 
8 RECEIVE 1700 1449433254218 
8 RECEIVE 1600 1449433282415 
8 RECEIVE 1900 1449433296821 
8 RECEIVE 1800 1449433322344 
8 RECEIVE 2100 1449433336842 
8 RECEIVE 2000 1449433362364 
