1 SEND 0 1449432924362 
1 SEND 0 1449432924372 
1 SEND 0 1449432924372 
1 SEND 0 1449432924375 
1 SEND 0 1449432924375 
1 SEND 0 1449432924376 
1 SEND 0 1449432924377 
1 SEND 0 1449432924378 
1 SEND 0 1449432924380 
1 SEND 0 1449432924387 
1 SEND 100 1449432924407 
1 SEND 100 1449432924408 
1 SEND 100 1449432924408 
1 SEND 100 1449432924409 
1 SEND 100 1449432924409 
1 SEND 100 1449432924409 
1 SEND 100 1449432924418 
1 SEND 100 1449432924423 
1 SEND 100 1449432924425 
1 SEND 100 1449432924440 
1 SEND 200 1449432964468 
1 SEND 200 1449432964469 
1 SEND 200 1449432964469 
1 SEND 200 1449432964474 
1 SEND 200 1449432964475 
1 SEND 200 1449432964490 
1 SEND 200 1449432964591 
1 SEND 200 1449432964675 
1 SEND 200 1449432964693 
1 SEND 200 1449432964701 
1 SEND 300 1449432965608 
1 SEND 300 1449432965610 
1 SEND 300 1449432965610 
1 SEND 300 1449432965610 
1 SEND 300 1449432965611 
1 SEND 300 1449432965613 
1 SEND 300 1449432965614 
1 SEND 300 1449432965615 
1 SEND 300 1449432965622 
1 SEND 300 1449432965622 
1 SEND 400 1449433004671 
1 SEND 400 1449433004719 
1 SEND 400 1449433004722 
1 SEND 400 1449433004727 
1 SEND 400 1449433004738 
1 SEND 400 1449433004763 
1 SEND 400 1449433004765 
1 SEND 400 1449433004765 
1 SEND 400 1449433004765 
1 SEND 400 1449433004766 
1 SEND 500 1449433005920 
1 SEND 500 1449433005931 
1 SEND 500 1449433005931 
1 SEND 500 1449433005933 
1 SEND 500 1449433005934 
1 SEND 500 1449433005934 
1 SEND 500 1449433005935 
1 SEND 500 1449433005935 
1 SEND 500 1449433005936 
1 SEND 500 1449433005937 
1 SEND 600 1449433044841 
1 SEND 600 1449433044847 
1 SEND 600 1449433044889 
1 SEND 600 1449433044891 
1 SEND 600 1449433044908 
1 SEND 600 1449433044909 
1 SEND 600 1449433044910 
1 SEND 600 1449433044910 
1 SEND 600 1449433044912 
1 SEND 600 1449433044912 
1 SEND 700 1449433046298 
1 SEND 700 1449433046299 
1 SEND 700 1449433046299 
1 SEND 700 1449433046299 
1 SEND 700 1449433046299 
1 SEND 700 1449433046303 
1 SEND 700 1449433046303 
1 SEND 700 1449433046303 
1 SEND 700 1449433046305 
1 SEND 700 1449433046308 
1 SEND 800 1449433085019 
1 SEND 800 1449433085024 
1 SEND 800 1449433085025 
1 SEND 800 1449433085025 
1 SEND 800 1449433085026 
1 SEND 800 1449433085028 
1 SEND 800 1449433085323 
1 SEND 800 1449433085325 
1 SEND 800 1449433085325 
1 SEND 800 1449433085328 
1 SEND 900 1449433086371 
1 SEND 900 1449433086371 
1 SEND 900 1449433086377 
1 SEND 900 1449433086377 
1 SEND 900 1449433086377 
1 SEND 900 1449433086378 
1 SEND 900 1449433086378 
1 SEND 900 1449433086379 
1 SEND 900 1449433086379 
1 SEND 900 1449433086395 
1 SEND 1000 1449433125158 
1 SEND 1000 1449433125158 
1 SEND 1000 1449433125158 
1 SEND 1000 1449433125158 
1 SEND 1000 1449433125158 
1 SEND 1000 1449433125159 
1 SEND 1000 1449433125159 
1 SEND 1000 1449433125162 
1 SEND 1000 1449433125167 
1 SEND 1000 1449433125169 
1 SEND 1100 1449433126669 
1 SEND 1100 1449433126672 
1 SEND 1100 1449433126672 
1 SEND 1100 1449433126672 
1 SEND 1100 1449433126672 
1 SEND 1100 1449433126673 
1 SEND 1100 1449433126673 
1 SEND 1100 1449433126675 
1 SEND 1100 1449433126676 
1 SEND 1100 1449433126676 
1 SEND 1200 1449433165294 
1 SEND 1200 1449433165298 
1 SEND 1200 1449433165298 
1 SEND 1200 1449433165298 
1 SEND 1200 1449433165298 
1 SEND 1200 1449433165298 
1 SEND 1200 1449433165299 
1 SEND 1200 1449433165302 
1 SEND 1200 1449433165712 
1 SEND 1200 1449433165714 
1 SEND 1300 1449433166818 
1 SEND 1300 1449433166820 
1 SEND 1300 1449433166822 
1 SEND 1300 1449433166839 
1 SEND 1300 1449433166841 
1 SEND 1300 1449433166843 
1 SEND 1300 1449433166846 
1 SEND 1300 1449433166846 
1 SEND 1300 1449433166848 
1 SEND 1300 1449433166848 
1 SEND 1400 1449433205430 
1 SEND 1400 1449433205431 
1 SEND 1400 1449433205432 
1 SEND 1400 1449433205433 
1 SEND 1400 1449433205478 
1 SEND 1400 1449433205480 
1 SEND 1400 1449433205543 
1 SEND 1400 1449433205631 
1 SEND 1400 1449433205650 
1 SEND 1400 1449433205651 
1 SEND 1500 1449433206829 
1 SEND 1500 1449433206830 
1 SEND 1500 1449433206830 
1 SEND 1500 1449433206830 
1 SEND 1500 1449433206832 
1 SEND 1500 1449433206835 
1 SEND 1500 1449433206835 
1 SEND 1500 1449433206837 
1 SEND 1500 1449433206837 
1 SEND 1500 1449433206837 
1 SEND 1600 1449433245575 
1 SEND 1600 1449433245576 
1 SEND 1600 1449433245576 
1 SEND 1600 1449433245690 
1 SEND 1600 1449433245757 
1 SEND 1600 1449433245757 
1 SEND 1600 1449433245759 
1 SEND 1600 1449433245766 
1 SEND 1600 1449433245768 
1 SEND 1600 1449433245768 
1 SEND 1700 1449433246575 
1 SEND 1700 1449433246575 
1 SEND 1700 1449433246576 
1 SEND 1700 1449433246578 
1 SEND 1700 1449433246578 
1 SEND 1700 1449433246578 
1 SEND 1700 1449433246578 
1 SEND 1700 1449433246580 
1 SEND 1700 1449433246580 
1 SEND 1700 1449433246582 
1 SEND 1800 1449433285718 
1 SEND 1800 1449433285719 
1 SEND 1800 1449433285720 
1 SEND 1800 1449433285720 
1 SEND 1800 1449433285721 
1 SEND 1800 1449433285721 
1 SEND 1800 1449433285723 
1 SEND 1800 1449433285724 
1 SEND 1800 1449433285724 
1 SEND 1800 1449433285725 
1 SEND 1900 1449433287150 
1 SEND 1900 1449433287150 
1 SEND 1900 1449433287150 
1 SEND 1900 1449433287151 
1 SEND 1900 1449433287153 
1 SEND 1900 1449433287158 
1 SEND 1900 1449433287165 
1 SEND 1900 1449433287165 
1 SEND 1900 1449433287165 
1 SEND 1900 1449433287169 
1 SEND 2000 1449433325860 
1 SEND 2000 1449433325860 
1 SEND 2000 1449433325861 
1 SEND 2000 1449433325859 
1 SEND 2000 1449433325862 
1 SEND 2000 1449433325865 
1 SEND 2000 1449433325861 
1 SEND 2000 1449433325877 
1 SEND 2000 1449433326172 
1 SEND 2000 1449433326172 
1 SEND 2100 1449433327411 
1 SEND 2100 1449433327412 
1 SEND 2100 1449433327413 
1 SEND 2100 1449433327413 
1 SEND 2100 1449433327413 
1 SEND 2100 1449433327414 
1 SEND 2100 1449433327414 
1 SEND 2100 1449433327415 
1 SEND 2100 1449433327416 
1 SEND 2100 1449433327418 
