2 RECEIVE 100 1449453161071 
2 RECEIVE 200 1449453168709 
2 RECEIVE 300 1449453181747 
2 RECEIVE 0 1449453206589 
2 RECEIVE 500 1449453220241 
2 RECEIVE 600 1449453236646 
2 RECEIVE 700 1449453253295 
2 RECEIVE 400 1449453259614 
2 RECEIVE 900 1449453279123 
2 RECEIVE 1000 1449453294851 
2 RECEIVE 1100 1449453312847 
2 RECEIVE 800 1449453326894 
2 RECEIVE 1300 1449453339849 
2 RECEIVE 1400 1449453355762 
2 RECEIVE 1500 1449453372197 
2 RECEIVE 1200 1449453386256 
2 RECEIVE 1700 1449453400053 
2 RECEIVE 1800 1449453416140 
2 RECEIVE 1900 1449453433847 
2 RECEIVE 1600 1449453443615 
2 RECEIVE 2100 1449453460876 
2 RECEIVE 2200 1449453477135 
2 RECEIVE 2300 1449453492679 
2 RECEIVE 2000 1449453507146 
2 RECEIVE 2500 1449453521850 
2 RECEIVE 2600 1449453538192 
2 RECEIVE 2700 1449453556203 
2 RECEIVE 2400 1449453567091 
2 RECEIVE 2900 1449453584588 
2 RECEIVE 3000 1449453596935 
2 RECEIVE 3100 1449453614445 
2 RECEIVE 2800 1449453622595 
2 RECEIVE 3300 1449453641083 
2 RECEIVE 3400 1449453656742 
2 RECEIVE 3500 1449453674561 
2 RECEIVE 3200 1449453685945 
2 RECEIVE 3700 1449453702159 
2 RECEIVE 3800 1449453718847 
2 RECEIVE 3900 1449453735673 
2 RECEIVE 3600 1449453744022 
2 RECEIVE 4100 1449453763266 
2 RECEIVE 4200 1449453778403 
2 RECEIVE 4300 1449453793202 
2 RECEIVE 4000 1449453802426 
