5 RECEIVE 100 1449453155368 
5 RECEIVE 200 1449453173760 
5 RECEIVE 300 1449453185879 
5 RECEIVE 0 1449453204793 
5 RECEIVE 500 1449453220147 
5 RECEIVE 600 1449453236871 
5 RECEIVE 700 1449453252930 
5 RECEIVE 400 1449453263815 
5 RECEIVE 900 1449453278927 
5 RECEIVE 1000 1449453294599 
5 RECEIVE 1100 1449453308824 
5 RECEIVE 800 1449453323310 
5 RECEIVE 1300 1449453341513 
5 RECEIVE 1400 1449453356289 
5 RECEIVE 1500 1449453371946 
5 RECEIVE 1200 1449453384608 
5 RECEIVE 1700 1449453401166 
5 RECEIVE 1800 1449453416658 
5 RECEIVE 1900 1449453433021 
5 RECEIVE 1600 1449453441901 
5 RECEIVE 2100 1449453461425 
5 RECEIVE 2200 1449453477254 
5 RECEIVE 2300 1449453492990 
5 RECEIVE 2000 1449453507478 
5 RECEIVE 2500 1449453523780 
5 RECEIVE 2600 1449453539514 
5 RECEIVE 2700 1449453555866 
5 RECEIVE 2400 1449453566402 
5 RECEIVE 2900 1449453582933 
5 RECEIVE 3000 1449453597782 
5 RECEIVE 3100 1449453614599 
5 RECEIVE 2800 1449453623506 
5 RECEIVE 3300 1449453644190 
5 RECEIVE 3400 1449453657055 
5 RECEIVE 3500 1449453674351 
5 RECEIVE 3200 1449453688563 
5 RECEIVE 3700 1449453703342 
5 RECEIVE 3800 1449453718965 
5 RECEIVE 3900 1449453736499 
5 RECEIVE 3600 1449453745891 
5 RECEIVE 4100 1449453763987 
5 RECEIVE 4200 1449453778208 
5 RECEIVE 4300 1449453792963 
5 RECEIVE 4000 1449453809348 
