11 RECEIVE 100 1449453160263 
11 RECEIVE 200 1449453170414 
11 RECEIVE 300 1449453177615 
11 RECEIVE 0 1449453203029 
11 RECEIVE 500 1449453222262 
11 RECEIVE 600 1449453236978 
11 RECEIVE 700 1449453253804 
11 RECEIVE 400 1449453266098 
11 RECEIVE 900 1449453282285 
11 RECEIVE 1000 1449453295331 
11 RECEIVE 1100 1449453309537 
11 RECEIVE 800 1449453324798 
11 RECEIVE 1300 1449453342778 
11 RECEIVE 1400 1449453356445 
11 RECEIVE 1500 1449453372715 
11 RECEIVE 1200 1449453386848 
11 RECEIVE 1700 1449453403590 
11 RECEIVE 1800 1449453417418 
11 RECEIVE 1900 1449453434117 
11 RECEIVE 1600 1449453446776 
11 RECEIVE 2100 1449453464424 
11 RECEIVE 2200 1449453477972 
11 RECEIVE 2300 1449453493347 
11 RECEIVE 2000 1449453505868 
11 RECEIVE 2500 1449453523077 
11 RECEIVE 2600 1449453539221 
11 RECEIVE 2700 1449453555099 
11 RECEIVE 2400 1449453567401 
11 RECEIVE 2900 1449453583643 
11 RECEIVE 3000 1449453598085 
11 RECEIVE 3100 1449453615003 
11 RECEIVE 2800 1449453627641 
11 RECEIVE 3300 1449453641666 
11 RECEIVE 3400 1449453657643 
11 RECEIVE 3500 1449453674696 
11 RECEIVE 3200 1449453686982 
11 RECEIVE 3700 1449453704484 
11 RECEIVE 3800 1449453719269 
11 RECEIVE 3900 1449453735837 
11 RECEIVE 3600 1449453748941 
11 RECEIVE 4100 1449453765570 
11 RECEIVE 4200 1449453779374 
11 RECEIVE 4300 1449453793760 
11 RECEIVE 4000 1449453809634 
