6 RECEIVE 100 1449453157272 
6 RECEIVE 200 1449453175490 
6 RECEIVE 300 1449453182725 
6 RECEIVE 0 1449453204725 
6 RECEIVE 500 1449453221469 
6 RECEIVE 600 1449453236509 
6 RECEIVE 700 1449453252794 
6 RECEIVE 400 1449453266398 
6 RECEIVE 900 1449453282151 
6 RECEIVE 1000 1449453295390 
6 RECEIVE 1100 1449453309421 
6 RECEIVE 800 1449453324488 
6 RECEIVE 1300 1449453341422 
6 RECEIVE 1400 1449453356534 
6 RECEIVE 1500 1449453371802 
6 RECEIVE 1200 1449453384298 
6 RECEIVE 1700 1449453403323 
6 RECEIVE 1800 1449453416776 
6 RECEIVE 1900 1449453433214 
6 RECEIVE 1600 1449453445729 
6 RECEIVE 2100 1449453463584 
6 RECEIVE 2200 1449453477567 
6 RECEIVE 2300 1449453493260 
6 RECEIVE 2000 1449453506855 
6 RECEIVE 2500 1449453522627 
6 RECEIVE 2600 1449453539543 
6 RECEIVE 2700 1449453555254 
6 RECEIVE 2400 1449453562634 
6 RECEIVE 2900 1449453584653 
6 RECEIVE 3000 1449453597859 
6 RECEIVE 3100 1449453614886 
6 RECEIVE 2800 1449453627155 
6 RECEIVE 3300 1449453642734 
6 RECEIVE 3400 1449453657281 
6 RECEIVE 3500 1449453673747 
6 RECEIVE 3200 1449453685625 
6 RECEIVE 3700 1449453704802 
6 RECEIVE 3800 1449453718458 
6 RECEIVE 3900 1449453736368 
6 RECEIVE 3600 1449453747421 
6 RECEIVE 4100 1449453763629 
6 RECEIVE 4200 1449453778775 
6 RECEIVE 4300 1449453793365 
6 RECEIVE 4000 1449453808709 
