9 RECEIVE 100 1449453157868 
9 RECEIVE 200 1449453171455 
9 RECEIVE 300 1449453184800 
9 RECEIVE 0 1449453205898 
9 RECEIVE 500 1449453220442 
9 RECEIVE 600 1449453236158 
9 RECEIVE 700 1449453253103 
9 RECEIVE 400 1449453265401 
9 RECEIVE 900 1449453280183 
9 RECEIVE 1000 1449453295477 
9 RECEIVE 1100 1449453312971 
9 RECEIVE 800 1449453319472 
9 RECEIVE 1300 1449453341891 
9 RECEIVE 1400 1449453356318 
9 RECEIVE 1500 1449453372533 
9 RECEIVE 1200 1449453384939 
9 RECEIVE 1700 1449453401965 
9 RECEIVE 1800 1449453416474 
9 RECEIVE 1900 1449453433905 
9 RECEIVE 1600 1449453446058 
9 RECEIVE 2100 1449453462015 
9 RECEIVE 2200 1449453477697 
9 RECEIVE 2300 1449453495589 
9 RECEIVE 2000 1449453505664 
9 RECEIVE 2500 1449453525434 
9 RECEIVE 2600 1449453539065 
9 RECEIVE 2700 1449453557556 
9 RECEIVE 2400 1449453565927 
9 RECEIVE 2900 1449453582326 
9 RECEIVE 3000 1449453597702 
9 RECEIVE 3100 1449453616282 
9 RECEIVE 2800 1449453628271 
9 RECEIVE 3300 1449453642247 
9 RECEIVE 3400 1449453657418 
9 RECEIVE 3500 1449453675905 
9 RECEIVE 3200 1449453688825 
9 RECEIVE 3700 1449453703282 
9 RECEIVE 3800 1449453719240 
9 RECEIVE 3900 1449453737590 
9 RECEIVE 3600 1449453748507 
9 RECEIVE 4100 1449453765446 
9 RECEIVE 4200 1449453779266 
9 RECEIVE 4300 1449453793952 
9 RECEIVE 4000 1449453807835 
