4 RECEIVE 100 1449453160746 
4 RECEIVE 200 1449453175767 
4 RECEIVE 300 1449453185194 
4 RECEIVE 0 1449453203591 
4 RECEIVE 500 1449453219558 
4 RECEIVE 600 1449453236763 
4 RECEIVE 700 1449453253414 
4 RECEIVE 400 1449453264766 
4 RECEIVE 900 1449453279314 
4 RECEIVE 1000 1449453294520 
4 RECEIVE 1100 1449453308968 
4 RECEIVE 800 1449453323553 
4 RECEIVE 1300 1449453340236 
4 RECEIVE 1400 1449453356633 
4 RECEIVE 1500 1449453372571 
4 RECEIVE 1200 1449453383377 
4 RECEIVE 1700 1449453402482 
4 RECEIVE 1800 1449453417034 
4 RECEIVE 1900 1449453432973 
4 RECEIVE 1600 1449453441676 
4 RECEIVE 2100 1449453461205 
4 RECEIVE 2200 1449453477312 
4 RECEIVE 2300 1449453496246 
4 RECEIVE 2000 1449453507728 
4 RECEIVE 2500 1449453525349 
4 RECEIVE 2600 1449453538554 
4 RECEIVE 2700 1449453555495 
4 RECEIVE 2400 1449453566237 
4 RECEIVE 2900 1449453581527 
4 RECEIVE 3000 1449453597095 
4 RECEIVE 3100 1449453615328 
4 RECEIVE 2800 1449453626844 
4 RECEIVE 3300 1449453641949 
4 RECEIVE 3400 1449453656889 
4 RECEIVE 3500 1449453673601 
4 RECEIVE 3200 1449453688300 
4 RECEIVE 3700 1449453703538 
4 RECEIVE 3800 1449453718642 
4 RECEIVE 3900 1449453735801 
4 RECEIVE 3600 1449453743719 
4 RECEIVE 4100 1449453761985 
4 RECEIVE 4200 1449453778493 
4 RECEIVE 4300 1449453792732 
4 RECEIVE 4000 1449453804859 
