10 RECEIVE 100 1449453160913 
10 RECEIVE 200 1449453174653 
10 RECEIVE 300 1449453182714 
10 RECEIVE 0 1449453204357 
10 RECEIVE 500 1449453221866 
10 RECEIVE 600 1449453236470 
10 RECEIVE 700 1449453253775 
10 RECEIVE 400 1449453265721 
10 RECEIVE 900 1449453280891 
10 RECEIVE 1000 1449453295722 
10 RECEIVE 1100 1449453309094 
10 RECEIVE 800 1449453320209 
10 RECEIVE 1300 1449453341816 
10 RECEIVE 1400 1449453343395 
10 RECEIVE 1500 1449453372426 
10 RECEIVE 1200 1449453385579 
10 RECEIVE 1700 1449453402193 
10 RECEIVE 1800 1449453417370 
10 RECEIVE 1900 1449453433963 
10 RECEIVE 1600 1449453446348 
10 RECEIVE 2100 1449453463310 
10 RECEIVE 2200 1449453478179 
10 RECEIVE 2300 1449453493462 
10 RECEIVE 2000 1449453505335 
10 RECEIVE 2500 1449453525133 
10 RECEIVE 2600 1449453538818 
10 RECEIVE 2700 1449453555390 
10 RECEIVE 2400 1449453567981 
10 RECEIVE 2900 1449453583950 
10 RECEIVE 3000 1449453597927 
10 RECEIVE 3100 1449453614657 
10 RECEIVE 2800 1449453628532 
10 RECEIVE 3300 1449453641504 
10 RECEIVE 3400 1449453657799 
10 RECEIVE 3500 1449453674207 
10 RECEIVE 3200 1449453689087 
10 RECEIVE 3700 1449453705537 
10 RECEIVE 3800 1449453719143 
10 RECEIVE 3900 1449453736759 
10 RECEIVE 3600 1449453748815 
10 RECEIVE 4100 1449453765036 
10 RECEIVE 4200 1449453779040 
10 RECEIVE 4300 1449453793433 
10 RECEIVE 4000 1449453809019 
