1 SEND 100 1449453148058 
1 SEND 100 1449453148077 
1 SEND 100 1449453148084 
1 SEND 200 1449453148084 
1 SEND 100 1449453148084 
1 SEND 200 1449453148145 
1 SEND 100 1449453148162 
1 SEND 200 1449453148162 
1 SEND 0 1449453148162 
1 SEND 200 1449453148163 
1 SEND 200 1449453148165 
1 SEND 100 1449453148165 
1 SEND 100 1449453148165 
1 SEND 200 1449453148166 
1 SEND 200 1449453148166 
1 SEND 100 1449453148169 
1 SEND 100 1449453148177 
1 SEND 200 1449453148180 
1 SEND 0 1449453148190 
1 SEND 200 1449453148194 
1 SEND 100 1449453148194 
1 SEND 0 1449453148203 
1 SEND 0 1449453148222 
1 SEND 200 1449453148224 
1 SEND 0 1449453148242 
1 SEND 0 1449453148244 
1 SEND 0 1449453148244 
1 SEND 0 1449453148253 
1 SEND 0 1449453148253 
1 SEND 0 1449453148254 
1 SEND 300 1449453148277 
1 SEND 300 1449453148283 
1 SEND 300 1449453148284 
1 SEND 300 1449453148284 
1 SEND 300 1449453148289 
1 SEND 300 1449453148292 
1 SEND 300 1449453148301 
1 SEND 300 1449453148301 
1 SEND 300 1449453148317 
1 SEND 300 1449453148338 
1 SEND 400 1449453208339 
1 SEND 400 1449453208339 
1 SEND 400 1449453208340 
1 SEND 400 1449453208342 
1 SEND 400 1449453208345 
1 SEND 400 1449453208389 
1 SEND 400 1449453208417 
1 SEND 400 1449453208427 
1 SEND 400 1449453208446 
1 SEND 400 1449453208449 
1 SEND 500 1449453209540 
1 SEND 500 1449453209543 
1 SEND 500 1449453209545 
1 SEND 500 1449453209546 
1 SEND 500 1449453209546 
1 SEND 500 1449453209553 
1 SEND 500 1449453209556 
1 SEND 500 1449453209559 
1 SEND 600 1449453209561 
1 SEND 600 1449453209561 
1 SEND 600 1449453209562 
1 SEND 500 1449453209565 
1 SEND 600 1449453209567 
1 SEND 600 1449453209568 
1 SEND 500 1449453209569 
1 SEND 600 1449453209570 
1 SEND 600 1449453209571 
1 SEND 600 1449453209571 
1 SEND 600 1449453209572 
1 SEND 600 1449453209572 
1 SEND 700 1449453210411 
1 SEND 700 1449453210412 
1 SEND 700 1449453210412 
1 SEND 700 1449453210414 
1 SEND 700 1449453210416 
1 SEND 700 1449453210415 
1 SEND 700 1449453210416 
1 SEND 700 1449453210417 
1 SEND 700 1449453210426 
1 SEND 700 1449453210426 
1 SEND 800 1449453268780 
1 SEND 800 1449453268789 
1 SEND 800 1449453268793 
1 SEND 800 1449453268913 
1 SEND 800 1449453268914 
1 SEND 800 1449453268916 
1 SEND 800 1449453268917 
1 SEND 800 1449453268918 
1 SEND 800 1449453268973 
1 SEND 900 1449453269685 
1 SEND 900 1449453269685 
1 SEND 900 1449453269686 
1 SEND 900 1449453269687 
1 SEND 1000 1449453269706 
1 SEND 1000 1449453269706 
1 SEND 1000 1449453269707 
1 SEND 900 1449453269707 
1 SEND 1000 1449453269708 
1 SEND 900 1449453269708 
1 SEND 900 1449453269708 
1 SEND 1000 1449453269708 
1 SEND 900 1449453269709 
1 SEND 900 1449453269709 
1 SEND 900 1449453269710 
1 SEND 1000 1449453269711 
1 SEND 1000 1449453269712 
1 SEND 1000 1449453269713 
1 SEND 1000 1449453269713 
1 SEND 1000 1449453269713 
1 SEND 1100 1449453269786 
1 SEND 1100 1449453269787 
1 SEND 1100 1449453269788 
1 SEND 1100 1449453269789 
1 SEND 1100 1449453269789 
1 SEND 1100 1449453269789 
1 SEND 1100 1449453269789 
1 SEND 1100 1449453269791 
1 SEND 1100 1449453269791 
1 SEND 1100 1449453269791 
1 SEND 800 1449453272006 
1 SEND 1200 1449453329116 
1 SEND 1200 1449453329119 
1 SEND 1200 1449453329122 
1 SEND 1200 1449453329122 
1 SEND 1200 1449453329125 
1 SEND 1200 1449453329131 
1 SEND 1200 1449453329133 
1 SEND 1200 1449453329252 
1 SEND 1200 1449453329252 
1 SEND 1200 1449453329516 
1 SEND 1300 1449453330078 
1 SEND 1300 1449453330079 
1 SEND 1300 1449453330079 
1 SEND 1400 1449453330087 
1 SEND 1300 1449453330087 
1 SEND 1300 1449453330089 
1 SEND 1300 1449453330089 
1 SEND 1300 1449453330095 
1 SEND 1300 1449453330095 
1 SEND 1400 1449453330098 
1 SEND 1300 1449453330098 
1 SEND 1300 1449453330102 
1 SEND 1400 1449453330104 
1 SEND 1400 1449453330105 
1 SEND 1400 1449453330105 
1 SEND 1400 1449453330105 
1 SEND 1400 1449453330105 
1 SEND 1400 1449453330107 
1 SEND 1400 1449453330112 
1 SEND 1400 1449453330114 
1 SEND 1500 1449453330607 
1 SEND 1500 1449453330607 
1 SEND 1500 1449453330609 
1 SEND 1500 1449453330609 
1 SEND 1500 1449453330611 
1 SEND 1500 1449453330612 
1 SEND 1500 1449453330612 
1 SEND 1500 1449453330612 
1 SEND 1500 1449453330612 
1 SEND 1500 1449453330613 
1 SEND 1600 1449453389504 
1 SEND 1600 1449453389504 
1 SEND 1600 1449453389507 
1 SEND 1600 1449453389507 
1 SEND 1600 1449453389508 
1 SEND 1600 1449453389508 
1 SEND 1600 1449453389514 
1 SEND 1600 1449453389517 
1 SEND 1600 1449453389520 
1 SEND 1600 1449453389926 
1 SEND 1700 1449453390391 
1 SEND 1700 1449453390392 
1 SEND 1800 1449453390394 
1 SEND 1800 1449453390411 
1 SEND 1800 1449453390411 
1 SEND 1700 1449453390412 
1 SEND 1700 1449453390412 
1 SEND 1800 1449453390413 
1 SEND 1800 1449453390415 
1 SEND 1700 1449453390415 
1 SEND 1800 1449453390415 
1 SEND 1700 1449453390415 
1 SEND 1800 1449453390421 
1 SEND 1700 1449453390421 
1 SEND 1800 1449453390421 
1 SEND 1700 1449453390421 
1 SEND 1800 1449453390422 
1 SEND 1700 1449453390422 
1 SEND 1700 1449453390422 
1 SEND 1800 1449453390422 
1 SEND 1900 1449453391107 
1 SEND 1900 1449453391107 
1 SEND 1900 1449453391108 
1 SEND 1900 1449453391110 
1 SEND 1900 1449453391111 
1 SEND 1900 1449453391113 
1 SEND 1900 1449453391113 
1 SEND 1900 1449453391113 
1 SEND 1900 1449453391114 
1 SEND 1900 1449453391114 
1 SEND 2000 1449453449828 
1 SEND 2000 1449453449839 
1 SEND 2000 1449453449841 
1 SEND 2000 1449453449841 
1 SEND 2000 1449453449841 
1 SEND 2000 1449453449849 
1 SEND 2000 1449453449875 
1 SEND 2000 1449453449901 
1 SEND 2000 1449453449909 
1 SEND 2000 1449453449910 
1 SEND 2100 1449453450880 
1 SEND 2100 1449453450880 
1 SEND 2100 1449453450883 
1 SEND 2100 1449453450883 
1 SEND 2100 1449453450883 
1 SEND 2100 1449453450889 
1 SEND 2100 1449453450889 
1 SEND 2100 1449453450891 
1 SEND 2100 1449453450893 
1 SEND 2100 1449453450893 
1 SEND 2200 1449453450895 
1 SEND 2200 1449453450895 
1 SEND 2200 1449453450898 
1 SEND 2200 1449453450898 
1 SEND 2200 1449453450898 
1 SEND 2200 1449453450899 
1 SEND 2200 1449453450898 
1 SEND 2200 1449453450901 
1 SEND 2200 1449453450907 
1 SEND 2200 1449453450907 
1 SEND 2300 1449453451283 
1 SEND 2300 1449453451285 
1 SEND 2300 1449453451285 
1 SEND 2300 1449453451294 
1 SEND 2300 1449453451296 
1 SEND 2300 1449453451298 
1 SEND 2300 1449453451298 
1 SEND 2300 1449453451298 
1 SEND 2300 1449453451298 
1 SEND 2300 1449453451298 
1 SEND 2400 1449453510171 
1 SEND 2400 1449453510175 
1 SEND 2400 1449453510176 
1 SEND 2400 1449453510176 
1 SEND 2400 1449453510177 
1 SEND 2400 1449453510179 
1 SEND 2400 1449453510179 
1 SEND 2400 1449453510180 
1 SEND 2400 1449453510180 
1 SEND 2400 1449453510183 
1 SEND 2500 1449453511455 
1 SEND 2600 1449453511456 
1 SEND 2600 1449453511456 
1 SEND 2500 1449453511470 
1 SEND 2500 1449453511471 
1 SEND 2500 1449453511471 
1 SEND 2600 1449453511471 
1 SEND 2500 1449453511472 
1 SEND 2600 1449453511478 
1 SEND 2500 1449453511479 
1 SEND 2600 1449453511479 
1 SEND 2600 1449453511479 
1 SEND 2600 1449453511479 
1 SEND 2600 1449453511479 
1 SEND 2600 1449453511480 
1 SEND 2500 1449453511481 
1 SEND 2500 1449453511481 
1 SEND 2500 1449453511482 
1 SEND 2500 1449453511483 
1 SEND 2600 1449453511485 
1 SEND 2700 1449453512461 
1 SEND 2700 1449453512461 
1 SEND 2700 1449453512462 
1 SEND 2700 1449453512462 
1 SEND 2700 1449453512462 
1 SEND 2700 1449453512462 
1 SEND 2700 1449453512462 
1 SEND 2700 1449453512463 
1 SEND 2700 1449453512464 
1 SEND 2700 1449453512466 
1 SEND 2800 1449453570619 
1 SEND 2800 1449453570619 
1 SEND 2800 1449453570734 
1 SEND 2800 1449453570735 
1 SEND 2800 1449453570740 
1 SEND 2800 1449453570743 
1 SEND 2800 1449453570746 
1 SEND 2800 1449453570750 
1 SEND 2800 1449453570752 
1 SEND 2800 1449453570752 
1 SEND 2900 1449453571648 
1 SEND 3000 1449453571648 
1 SEND 2900 1449453571649 
1 SEND 2900 1449453571650 
1 SEND 3000 1449453571650 
1 SEND 3000 1449453571652 
1 SEND 2900 1449453571652 
1 SEND 3000 1449453571652 
1 SEND 2900 1449453571653 
1 SEND 2900 1449453571653 
1 SEND 3000 1449453571653 
1 SEND 3000 1449453571654 
1 SEND 2900 1449453571654 
1 SEND 3000 1449453571655 
1 SEND 2900 1449453571655 
1 SEND 3000 1449453571656 
1 SEND 3000 1449453571656 
1 SEND 2900 1449453571657 
1 SEND 2900 1449453571657 
1 SEND 3000 1449453571659 
1 SEND 3100 1449453572583 
1 SEND 3100 1449453572585 
1 SEND 3100 1449453572585 
1 SEND 3100 1449453572586 
1 SEND 3100 1449453572586 
1 SEND 3100 1449453572586 
1 SEND 3100 1449453572586 
1 SEND 3100 1449453572586 
1 SEND 3100 1449453572597 
1 SEND 3100 1449453572597 
1 SEND 3200 1449453631005 
1 SEND 3200 1449453631017 
1 SEND 3200 1449453631017 
1 SEND 3200 1449453631018 
1 SEND 3200 1449453631018 
1 SEND 3200 1449453631019 
1 SEND 3200 1449453631269 
1 SEND 3200 1449453631318 
1 SEND 3200 1449453631319 
1 SEND 3200 1449453631319 
1 SEND 3300 1449453631671 
1 SEND 3300 1449453631672 
1 SEND 3300 1449453631691 
1 SEND 3400 1449453631691 
1 SEND 3300 1449453631691 
1 SEND 3400 1449453631692 
1 SEND 3300 1449453631692 
1 SEND 3300 1449453631694 
1 SEND 3300 1449453631698 
1 SEND 3300 1449453631698 
1 SEND 3400 1449453631698 
1 SEND 3300 1449453631699 
1 SEND 3300 1449453631699 
1 SEND 3400 1449453631699 
1 SEND 3400 1449453631700 
1 SEND 3400 1449453631701 
1 SEND 3400 1449453631708 
1 SEND 3400 1449453631709 
1 SEND 3400 1449453631712 
1 SEND 3400 1449453631712 
1 SEND 3500 1449453632353 
1 SEND 3500 1449453632353 
1 SEND 3500 1449453632358 
1 SEND 3500 1449453632360 
1 SEND 3500 1449453632362 
1 SEND 3500 1449453632363 
1 SEND 3500 1449453632365 
1 SEND 3500 1449453632365 
1 SEND 3500 1449453632367 
1 SEND 3500 1449453632367 
1 SEND 3600 1449453691256 
1 SEND 3600 1449453691256 
1 SEND 3600 1449453691260 
1 SEND 3600 1449453691260 
1 SEND 3600 1449453691264 
1 SEND 3600 1449453691264 
1 SEND 3600 1449453691266 
1 SEND 3600 1449453691266 
1 SEND 3600 1449453691268 
1 SEND 3600 1449453691269 
1 SEND 3700 1449453692180 
1 SEND 3700 1449453692186 
1 SEND 3700 1449453692192 
1 SEND 3800 1449453692192 
1 SEND 3800 1449453692192 
1 SEND 3700 1449453692196 
1 SEND 3700 1449453692196 
1 SEND 3800 1449453692196 
1 SEND 3700 1449453692197 
1 SEND 3700 1449453692197 
1 SEND 3800 1449453692197 
1 SEND 3800 1449453692197 
1 SEND 3700 1449453692198 
1 SEND 3700 1449453692200 
1 SEND 3800 1449453692200 
1 SEND 3700 1449453692200 
1 SEND 3800 1449453692205 
1 SEND 3800 1449453692205 
1 SEND 3800 1449453692209 
1 SEND 3800 1449453692210 
1 SEND 3900 1449453693132 
1 SEND 3900 1449453693134 
1 SEND 3900 1449453693136 
1 SEND 3900 1449453693136 
1 SEND 3900 1449453693137 
1 SEND 3900 1449453693139 
1 SEND 3900 1449453693142 
1 SEND 3900 1449453693144 
1 SEND 3900 1449453693145 
1 SEND 3900 1449453693149 
1 SEND 4000 1449453751521 
1 SEND 4000 1449453751535 
1 SEND 4000 1449453751606 
1 SEND 4000 1449453751668 
1 SEND 4000 1449453751668 
1 SEND 4000 1449453751671 
1 SEND 4000 1449453751671 
1 SEND 4000 1449453751675 
1 SEND 4000 1449453751675 
1 SEND 4000 1449453751681 
1 SEND 4100 1449453752351 
1 SEND 4200 1449453752354 
1 SEND 4200 1449453752354 
1 SEND 4100 1449453752354 
1 SEND 4200 1449453752354 
1 SEND 4200 1449453752355 
1 SEND 4100 1449453752360 
1 SEND 4200 1449453752365 
1 SEND 4100 1449453752377 
1 SEND 4200 1449453752378 
1 SEND 4100 1449453752378 
1 SEND 4200 1449453752380 
1 SEND 4100 1449453752381 
1 SEND 4100 1449453752392 
1 SEND 4200 1449453752392 
1 SEND 4200 1449453752392 
1 SEND 4100 1449453752392 
1 SEND 4100 1449453752392 
1 SEND 4200 1449453752395 
1 SEND 4100 1449453752395 
1 SEND 4300 1449453752420 
1 SEND 4300 1449453752420 
1 SEND 4300 1449453752421 
1 SEND 4300 1449453752430 
1 SEND 4300 1449453752430 
1 SEND 4300 1449453752430 
1 SEND 4300 1449453752431 
1 SEND 4300 1449453752440 
1 SEND 4300 1449453752440 
1 SEND 4300 1449453752440 
