8 RECEIVE 100 1449453156046 
8 RECEIVE 200 1449453174761 
8 RECEIVE 300 1449453178284 
8 RECEIVE 0 1449453205413 
8 RECEIVE 500 1449453223223 
8 RECEIVE 600 1449453236071 
8 RECEIVE 700 1449453253918 
8 RECEIVE 400 1449453264028 
8 RECEIVE 900 1449453280577 
8 RECEIVE 1000 1449453294699 
8 RECEIVE 1100 1449453309806 
8 RECEIVE 800 1449453324164 
8 RECEIVE 1300 1449453340863 
8 RECEIVE 1400 1449453356555 
8 RECEIVE 1500 1449453372263 
8 RECEIVE 1200 1449453385230 
8 RECEIVE 1700 1449453401004 
8 RECEIVE 1800 1449453416945 
8 RECEIVE 1900 1449453433560 
8 RECEIVE 1600 1449453447328 
8 RECEIVE 2100 1449453461587 
8 RECEIVE 2200 1449453477399 
8 RECEIVE 2300 1449453493202 
8 RECEIVE 2000 1449453506470 
8 RECEIVE 2500 1449453524226 
8 RECEIVE 2600 1449453538938 
8 RECEIVE 2700 1449453555600 
8 RECEIVE 2400 1449453567683 
8 RECEIVE 2900 1449453583429 
8 RECEIVE 3000 1449453597192 
8 RECEIVE 3100 1449453615529 
8 RECEIVE 2800 1449453627961 
8 RECEIVE 3300 1449453644124 
8 RECEIVE 3400 1449453657535 
8 RECEIVE 3500 1449453674063 
8 RECEIVE 3200 1449453686284 
8 RECEIVE 3700 1449453704135 
8 RECEIVE 3800 1449453719564 
8 RECEIVE 3900 1449453736672 
8 RECEIVE 3600 1449453748206 
8 RECEIVE 4100 1449453764653 
8 RECEIVE 4200 1449453779188 
8 RECEIVE 4300 1449453793472 
8 RECEIVE 4000 1449453807864 
