6 RECEIVE 100 1449434830173 
6 RECEIVE 0 1449434835517 
6 RECEIVE 200 1449434872636 
6 RECEIVE 300 1449434873244 
6 RECEIVE 400 1449434913203 
6 RECEIVE 500 1449434915161 
6 RECEIVE 600 1449434953154 
6 RECEIVE 700 1449434953889 
6 RECEIVE 800 1449434992638 
6 RECEIVE 900 1449434994835 
6 RECEIVE 1000 1449435032053 
6 RECEIVE 1100 1449435036247 
6 RECEIVE 1300 1449435074691 
6 RECEIVE 1200 1449435075646 
6 RECEIVE 1400 1449435113630 
6 RECEIVE 1500 1449435114917 
6 RECEIVE 1600 1449435151592 
6 RECEIVE 1700 1449435155285 
6 RECEIVE 1800 1449435192293 
6 RECEIVE 1900 1449435195292 
6 RECEIVE 2000 1449435234327 
6 RECEIVE 2100 1449435235132 
