9 RECEIVE 100 1449434830299 
9 RECEIVE 0 1449434834937 
9 RECEIVE 200 1449434872788 
9 RECEIVE 300 1449434874648 
9 RECEIVE 500 1449434913725 
9 RECEIVE 400 1449434914537 
9 RECEIVE 600 1449434953339 
9 RECEIVE 700 1449434954799 
9 RECEIVE 800 1449434994705 
9 RECEIVE 900 1449434995628 
9 RECEIVE 1000 1449435033716 
9 RECEIVE 1100 1449435035156 
9 RECEIVE 1300 1449435074480 
9 RECEIVE 1200 1449435076340 
9 RECEIVE 1500 1449435116163 
9 RECEIVE 1400 1449435116667 
9 RECEIVE 1600 1449435153304 
9 RECEIVE 1700 1449435155629 
9 RECEIVE 1900 1449435196473 
9 RECEIVE 1800 1449435197089 
9 RECEIVE 2100 1449435236272 
9 RECEIVE 2000 1449435236871 
