10 RECEIVE 100 1449434828793 
10 RECEIVE 0 1449434834006 
10 RECEIVE 300 1449434874592 
10 RECEIVE 200 1449434875145 
10 RECEIVE 500 1449434913926 
10 RECEIVE 400 1449434915327 
10 RECEIVE 700 1449434954617 
10 RECEIVE 600 1449434955638 
10 RECEIVE 900 1449434995408 
10 RECEIVE 800 1449434996044 
10 RECEIVE 1000 1449435034277 
10 RECEIVE 1100 1449435036332 
10 RECEIVE 1300 1449435075072 
10 RECEIVE 1200 1449435076513 
10 RECEIVE 1500 1449435116362 
10 RECEIVE 1400 1449435116523 
10 RECEIVE 1600 1449435154179 
10 RECEIVE 1700 1449435156384 
10 RECEIVE 1800 1449435194131 
10 RECEIVE 1900 1449435195656 
10 RECEIVE 2000 1449435234707 
10 RECEIVE 2100 1449435236714 
