10 RECEIVE 100 1449449433508 
10 RECEIVE 0 1449449466486 
10 RECEIVE 300 1449449478931 
10 RECEIVE 200 1449449505630 
10 RECEIVE 500 1449449520020 
10 RECEIVE 400 1449449546514 
10 RECEIVE 700 1449449560238 
10 RECEIVE 600 1449449586666 
10 RECEIVE 900 1449449600548 
10 RECEIVE 800 1449449627233 
10 RECEIVE 1100 1449449642017 
10 RECEIVE 1000 1449449666937 
10 RECEIVE 1300 1449449679243 
10 RECEIVE 1200 1449449707907 
10 RECEIVE 1500 1449449720917 
10 RECEIVE 1400 1449449747816 
10 RECEIVE 1700 1449449759424 
10 RECEIVE 1600 1449449786303 
10 RECEIVE 1900 1449449800888 
10 RECEIVE 1800 1449449827791 
10 RECEIVE 2100 1449449841623 
10 RECEIVE 2000 1449449868526 
