11 RECEIVE 100 1449449435440 
11 RECEIVE 0 1449449467165 
11 RECEIVE 300 1449449479504 
11 RECEIVE 200 1449449505504 
11 RECEIVE 500 1449449519523 
11 RECEIVE 400 1449449547463 
11 RECEIVE 700 1449449560544 
11 RECEIVE 600 1449449587005 
11 RECEIVE 900 1449449600949 
11 RECEIVE 800 1449449627533 
11 RECEIVE 1100 1449449641175 
11 RECEIVE 1000 1449449667887 
11 RECEIVE 1300 1449449679992 
11 RECEIVE 1200 1449449708226 
11 RECEIVE 1500 1449449721533 
11 RECEIVE 1400 1449449748126 
11 RECEIVE 1700 1449449759470 
11 RECEIVE 1600 1449449786933 
11 RECEIVE 1900 1449449801039 
11 RECEIVE 1800 1449449828110 
11 RECEIVE 2100 1449449842351 
11 RECEIVE 2000 1449449868913 
