4 RECEIVE 100 1449449433048 
4 RECEIVE 0 1449449465284 
4 RECEIVE 300 1449449478269 
4 RECEIVE 200 1449449504651 
4 RECEIVE 500 1449449519091 
4 RECEIVE 400 1449449545824 
4 RECEIVE 700 1449449559787 
4 RECEIVE 600 1449449584388 
4 RECEIVE 900 1449449600039 
4 RECEIVE 800 1449449624447 
4 RECEIVE 1100 1449449640530 
4 RECEIVE 1000 1449449663138 
4 RECEIVE 1300 1449449678502 
4 RECEIVE 1200 1449449702428 
4 RECEIVE 1500 1449449720097 
4 RECEIVE 1400 1449449745858 
4 RECEIVE 1700 1449449759094 
4 RECEIVE 1600 1449449784839 
4 RECEIVE 1900 1449449800188 
4 RECEIVE 1800 1449449824222 
4 RECEIVE 2100 1449449841114 
4 RECEIVE 2000 1449449866887 
