2 RECEIVE 100 1449449436189 
2 RECEIVE 0 1449449465032 
2 RECEIVE 300 1449449478642 
2 RECEIVE 200 1449449501672 
2 RECEIVE 500 1449449518334 
2 RECEIVE 400 1449449542217 
2 RECEIVE 700 1449449559040 
2 RECEIVE 600 1449449585319 
2 RECEIVE 900 1449449599244 
2 RECEIVE 800 1449449625620 
2 RECEIVE 1100 1449449642082 
2 RECEIVE 1000 1449449665377 
2 RECEIVE 1300 1449449680058 
2 RECEIVE 1200 1449449702758 
2 RECEIVE 1500 1449449721703 
2 RECEIVE 1400 1449449744929 
2 RECEIVE 1700 1449449757790 
2 RECEIVE 1600 1449449785508 
2 RECEIVE 1900 1449449799535 
2 RECEIVE 1800 1449449823456 
2 RECEIVE 2100 1449449840721 
2 RECEIVE 2000 1449449859023 
