8 RECEIVE 100 1449449435251 
8 RECEIVE 0 1449449466283 
8 RECEIVE 300 1449449479130 
8 RECEIVE 200 1449449506602 
8 RECEIVE 500 1449449519821 
8 RECEIVE 400 1449449544631 
8 RECEIVE 700 1449449560716 
8 RECEIVE 600 1449449585018 
8 RECEIVE 900 1449449600883 
8 RECEIVE 800 1449449626932 
8 RECEIVE 1100 1449449641337 
8 RECEIVE 1000 1449449667256 
8 RECEIVE 1300 1449449679694 
8 RECEIVE 1200 1449449706637 
8 RECEIVE 1500 1449449721370 
8 RECEIVE 1400 1449449746498 
8 RECEIVE 1700 1449449757991 
8 RECEIVE 1600 1449449788592 
8 RECEIVE 1900 1449449801056 
8 RECEIVE 1800 1449449827121 
8 RECEIVE 2100 1449449841752 
8 RECEIVE 2000 1449449867915 
