9 RECEIVE 100 1449449435895 
9 RECEIVE 0 1449449465963 
9 RECEIVE 300 1449449479390 
9 RECEIVE 200 1449449507104 
9 RECEIVE 500 1449449519925 
9 RECEIVE 400 1449449547144 
9 RECEIVE 700 1449449560362 
9 RECEIVE 600 1449449586017 
9 RECEIVE 900 1449449600289 
9 RECEIVE 800 1449449625911 
9 RECEIVE 1100 1449449641854 
9 RECEIVE 1000 1449449666554 
9 RECEIVE 1300 1449449679030 
9 RECEIVE 1200 1449449707587 
9 RECEIVE 1500 1449449721788 
9 RECEIVE 1400 1449449747496 
9 RECEIVE 1700 1449449759310 
9 RECEIVE 1600 1449449786613 
9 RECEIVE 1900 1449449800842 
9 RECEIVE 1800 1449449827480 
9 RECEIVE 2100 1449449841987 
9 RECEIVE 2000 1449449868235 
