1 SEND 0 1449449429504 
1 SEND 0 1449449429515 
1 SEND 0 1449449429517 
1 SEND 0 1449449429553 
1 SEND 0 1449449429553 
1 SEND 0 1449449429554 
1 SEND 0 1449449429554 
1 SEND 0 1449449429554 
1 SEND 0 1449449429554 
1 SEND 0 1449449429587 
1 SEND 100 1449449429600 
1 SEND 100 1449449429605 
1 SEND 100 1449449429606 
1 SEND 100 1449449429609 
1 SEND 100 1449449429634 
1 SEND 100 1449449429644 
1 SEND 100 1449449429645 
1 SEND 100 1449449429654 
1 SEND 100 1449449429654 
1 SEND 100 1449449429661 
1 SEND 200 1449449469707 
1 SEND 200 1449449469707 
1 SEND 200 1449449469711 
1 SEND 200 1449449469713 
1 SEND 200 1449449469716 
1 SEND 200 1449449469716 
1 SEND 200 1449449469718 
1 SEND 200 1449449469728 
1 SEND 200 1449449469728 
1 SEND 200 1449449469805 
1 SEND 300 1449449470881 
1 SEND 300 1449449470883 
1 SEND 300 1449449470883 
1 SEND 300 1449449470883 
1 SEND 300 1449449470885 
1 SEND 300 1449449470886 
1 SEND 300 1449449470886 
1 SEND 300 1449449470887 
1 SEND 300 1449449470888 
1 SEND 300 1449449470891 
1 SEND 400 1449449509956 
1 SEND 400 1449449509957 
1 SEND 400 1449449509958 
1 SEND 400 1449449509967 
1 SEND 400 1449449510098 
1 SEND 400 1449449510117 
1 SEND 400 1449449510130 
1 SEND 400 1449449510131 
1 SEND 400 1449449510179 
1 SEND 400 1449449510181 
1 SEND 500 1449449511343 
1 SEND 500 1449449511363 
1 SEND 500 1449449511363 
1 SEND 500 1449449511364 
1 SEND 500 1449449511366 
1 SEND 500 1449449511369 
1 SEND 500 1449449511370 
1 SEND 500 1449449511370 
1 SEND 500 1449449511370 
1 SEND 500 1449449511371 
1 SEND 600 1449449550175 
1 SEND 600 1449449550177 
1 SEND 600 1449449550179 
1 SEND 600 1449449550179 
1 SEND 600 1449449550179 
1 SEND 600 1449449550180 
1 SEND 600 1449449550183 
1 SEND 600 1449449550183 
1 SEND 600 1449449550184 
1 SEND 600 1449449550295 
1 SEND 700 1449449551655 
1 SEND 700 1449449551657 
1 SEND 700 1449449551659 
1 SEND 700 1449449551659 
1 SEND 700 1449449551661 
1 SEND 700 1449449551666 
1 SEND 700 1449449551678 
1 SEND 700 1449449551678 
1 SEND 700 1449449551678 
1 SEND 700 1449449551678 
1 SEND 800 1449449590389 
1 SEND 800 1449449590392 
1 SEND 800 1449449590392 
1 SEND 800 1449449590392 
1 SEND 800 1449449590394 
1 SEND 800 1449449590394 
1 SEND 800 1449449590394 
1 SEND 800 1449449590396 
1 SEND 800 1449449590396 
1 SEND 800 1449449590397 
1 SEND 900 1449449591868 
1 SEND 900 1449449591874 
1 SEND 900 1449449591874 
1 SEND 900 1449449591874 
1 SEND 900 1449449591876 
1 SEND 900 1449449591877 
1 SEND 900 1449449591877 
1 SEND 900 1449449591878 
1 SEND 900 1449449591878 
1 SEND 900 1449449591882 
1 SEND 1000 1449449630554 
1 SEND 1000 1449449630555 
1 SEND 1000 1449449630556 
1 SEND 1000 1449449630556 
1 SEND 1000 1449449630557 
1 SEND 1000 1449449630557 
1 SEND 1000 1449449630559 
1 SEND 1000 1449449630560 
1 SEND 1000 1449449630561 
1 SEND 1000 1449449630561 
1 SEND 1100 1449449632093 
1 SEND 1100 1449449632093 
1 SEND 1100 1449449632093 
1 SEND 1100 1449449632095 
1 SEND 1100 1449449632096 
1 SEND 1100 1449449632096 
1 SEND 1100 1449449632096 
1 SEND 1100 1449449632096 
1 SEND 1100 1449449632096 
1 SEND 1100 1449449632096 
1 SEND 1200 1449449670735 
1 SEND 1200 1449449670735 
1 SEND 1200 1449449670848 
1 SEND 1200 1449449670849 
1 SEND 1200 1449449670865 
1 SEND 1200 1449449670865 
1 SEND 1200 1449449670865 
1 SEND 1200 1449449670867 
1 SEND 1200 1449449670871 
1 SEND 1200 1449449670874 
1 SEND 1300 1449449671803 
1 SEND 1300 1449449671804 
1 SEND 1300 1449449671804 
1 SEND 1300 1449449671805 
1 SEND 1300 1449449671805 
1 SEND 1300 1449449671806 
1 SEND 1300 1449449671807 
1 SEND 1300 1449449671810 
1 SEND 1300 1449449671810 
1 SEND 1300 1449449671810 
1 SEND 1400 1449449710938 
1 SEND 1400 1449449710938 
1 SEND 1400 1449449710941 
1 SEND 1400 1449449710943 
1 SEND 1400 1449449710943 
1 SEND 1400 1449449710944 
1 SEND 1400 1449449710945 
1 SEND 1400 1449449710947 
1 SEND 1400 1449449710950 
1 SEND 1400 1449449710953 
1 SEND 1500 1449449712428 
1 SEND 1500 1449449712428 
1 SEND 1500 1449449712428 
1 SEND 1500 1449449712433 
1 SEND 1500 1449449712434 
1 SEND 1500 1449449712434 
1 SEND 1500 1449449712434 
1 SEND 1500 1449449712438 
1 SEND 1500 1449449712438 
1 SEND 1500 1449449712438 
1 SEND 1600 1449449751099 
1 SEND 1600 1449449751101 
1 SEND 1600 1449449751170 
1 SEND 1600 1449449751171 
1 SEND 1600 1449449751174 
1 SEND 1600 1449449751234 
1 SEND 1600 1449449751253 
1 SEND 1600 1449449751254 
1 SEND 1700 1449449751932 
1 SEND 1700 1449449751936 
1 SEND 1700 1449449751936 
1 SEND 1700 1449449751937 
1 SEND 1700 1449449751938 
1 SEND 1700 1449449751938 
1 SEND 1700 1449449751939 
1 SEND 1700 1449449751939 
1 SEND 1700 1449449751939 
1 SEND 1700 1449449751941 
1 SEND 1600 1449449752168 
1 SEND 1600 1449449753679 
1 SEND 1800 1449449791282 
1 SEND 1800 1449449791283 
1 SEND 1800 1449449791284 
1 SEND 1800 1449449791286 
1 SEND 1800 1449449791291 
1 SEND 1800 1449449791445 
1 SEND 1800 1449449791501 
1 SEND 1800 1449449791504 
1 SEND 1800 1449449791504 
1 SEND 1800 1449449792283 
1 SEND 1900 1449449792526 
1 SEND 1900 1449449792526 
1 SEND 1900 1449449792527 
1 SEND 1900 1449449792528 
1 SEND 1900 1449449792531 
1 SEND 1900 1449449792533 
1 SEND 1900 1449449792534 
1 SEND 1900 1449449792537 
1 SEND 1900 1449449792538 
1 SEND 1900 1449449792539 
1 SEND 2000 1449449831451 
1 SEND 2000 1449449831455 
1 SEND 2000 1449449831502 
1 SEND 2000 1449449831502 
1 SEND 2000 1449449831504 
1 SEND 2000 1449449831520 
1 SEND 2000 1449449831522 
1 SEND 2000 1449449831572 
1 SEND 2000 1449449831573 
1 SEND 2000 1449449831573 
1 SEND 2100 1449449833019 
1 SEND 2100 1449449833020 
1 SEND 2100 1449449833022 
1 SEND 2100 1449449833025 
1 SEND 2100 1449449833028 
1 SEND 2100 1449449833029 
1 SEND 2100 1449449833029 
1 SEND 2100 1449449833029 
1 SEND 2100 1449449833030 
1 SEND 2100 1449449833030 
