7 RECEIVE 100 1449449435692 
7 RECEIVE 0 1449449461828 
7 RECEIVE 300 1449449479742 
7 RECEIVE 200 1449449504001 
7 RECEIVE 500 1449449519064 
7 RECEIVE 400 1449449546834 
7 RECEIVE 700 1449449559605 
7 RECEIVE 600 1449449586317 
7 RECEIVE 900 1449449599974 
7 RECEIVE 800 1449449626327 
7 RECEIVE 1100 1449449641692 
7 RECEIVE 1000 1449449667576 
7 RECEIVE 1300 1449449680172 
7 RECEIVE 1200 1449449706773 
7 RECEIVE 1500 1449449721579 
7 RECEIVE 1400 1449449747167 
7 RECEIVE 1700 1449449758774 
7 RECEIVE 1600 1449449783211 
7 RECEIVE 1900 1449449800670 
7 RECEIVE 1800 1449449828779 
7 RECEIVE 2100 1449449842333 
7 RECEIVE 2000 1449449867614 
