6 RECEIVE 100 1449449434553 
6 RECEIVE 0 1449449466893 
6 RECEIVE 300 1449449479065 
6 RECEIVE 200 1449449506292 
6 RECEIVE 500 1449449519283 
6 RECEIVE 400 1449449546145 
6 RECEIVE 700 1449449559969 
6 RECEIVE 600 1449449585648 
6 RECEIVE 900 1449449600721 
6 RECEIVE 800 1449449626696 
6 RECEIVE 1100 1449449640722 
6 RECEIVE 1000 1449449666230 
6 RECEIVE 1300 1449449679211 
6 RECEIVE 1200 1449449707248 
6 RECEIVE 1500 1449449720456 
6 RECEIVE 1400 1449449746866 
6 RECEIVE 1700 1449449758927 
6 RECEIVE 1600 1449449788311 
6 RECEIVE 1900 1449449800915 
6 RECEIVE 1800 1449449826180 
6 RECEIVE 2100 1449449840903 
6 RECEIVE 2000 1449449866567 
