11 RECEIVE 100 1449432928348 
11 RECEIVE 0 1449432961876 
11 RECEIVE 300 1449432973944 
11 RECEIVE 200 1449433001979 
11 RECEIVE 500 1449433014569 
11 RECEIVE 400 1449433040742 
11 RECEIVE 700 1449433055256 
11 RECEIVE 600 1449433081681 
11 RECEIVE 900 1449433095593 
11 RECEIVE 800 1449433122228 
11 RECEIVE 1100 1449433135687 
11 RECEIVE 1000 1449433162196 
11 RECEIVE 1300 1449433175958 
11 RECEIVE 1200 1449433202508 
11 RECEIVE 1500 1449433215623 
11 RECEIVE 1400 1449433241555 
11 RECEIVE 1700 1449433254839 
11 RECEIVE 1600 1449433281048 
11 RECEIVE 1900 1449433297032 
11 RECEIVE 1800 1449433322964 
11 RECEIVE 2100 1449433336738 
11 RECEIVE 2000 1449433362870 
