7 RECEIVE 100 1449432930736 
7 RECEIVE 0 1449432960646 
7 RECEIVE 300 1449432973656 
7 RECEIVE 200 1449432999278 
7 RECEIVE 500 1449433014739 
7 RECEIVE 400 1449433040451 
7 RECEIVE 700 1449433055491 
7 RECEIVE 600 1449433082117 
7 RECEIVE 900 1449433095831 
7 RECEIVE 800 1449433117690 
7 RECEIVE 1100 1449433135078 
7 RECEIVE 1000 1449433161478 
7 RECEIVE 1300 1449433175403 
7 RECEIVE 1200 1449433199186 
7 RECEIVE 1500 1449433214965 
7 RECEIVE 1400 1449433242622 
7 RECEIVE 1700 1449433254524 
7 RECEIVE 1600 1449433283054 
7 RECEIVE 1900 1449433295856 
7 RECEIVE 1800 1449433321295 
7 RECEIVE 2100 1449433336587 
7 RECEIVE 2000 1449433360773 
