5 RECEIVE 100 1449432929412 
5 RECEIVE 0 1449432962164 
5 RECEIVE 300 1449432972863 
5 RECEIVE 200 1449433000960 
5 RECEIVE 500 1449433013868 
5 RECEIVE 400 1449433039732 
5 RECEIVE 700 1449433054143 
5 RECEIVE 600 1449433079912 
5 RECEIVE 900 1449433094805 
5 RECEIVE 800 1449433119465 
5 RECEIVE 1100 1449433134431 
5 RECEIVE 1000 1449433160392 
5 RECEIVE 1300 1449433175624 
5 RECEIVE 1200 1449433199516 
5 RECEIVE 1500 1449433214715 
5 RECEIVE 1400 1449433238733 
5 RECEIVE 1700 1449433254980 
5 RECEIVE 1600 1449433281475 
5 RECEIVE 1900 1449433295453 
5 RECEIVE 1800 1449433318803 
5 RECEIVE 2100 1449433335212 
5 RECEIVE 2000 1449433362053 
