4 RECEIVE 100 1449432929572 
4 RECEIVE 0 1449432960100 
4 RECEIVE 300 1449432974095 
4 RECEIVE 200 1449432998580 
4 RECEIVE 500 1449433013358 
4 RECEIVE 400 1449433036535 
4 RECEIVE 700 1449433054276 
4 RECEIVE 600 1449433080949 
4 RECEIVE 900 1449433094909 
4 RECEIVE 800 1449433116672 
4 RECEIVE 1100 1449433135143 
4 RECEIVE 1000 1449433160128 
4 RECEIVE 1300 1449433175796 
4 RECEIVE 1200 1449433199845 
4 RECEIVE 1500 1449433215698 
4 RECEIVE 1400 1449433241235 
4 RECEIVE 1700 1449433254361 
4 RECEIVE 1600 1449433277490 
4 RECEIVE 1900 1449433295635 
4 RECEIVE 1800 1449433317415 
4 RECEIVE 2100 1449433336859 
4 RECEIVE 2000 1449433360996 
