6 RECEIVE 100 1449432929354 
6 RECEIVE 0 1449432961620 
6 RECEIVE 300 1449432973161 
6 RECEIVE 200 1449433001678 
6 RECEIVE 500 1449433014814 
6 RECEIVE 400 1449433041091 
6 RECEIVE 700 1449433055577 
6 RECEIVE 600 1449433080242 
6 RECEIVE 900 1449433095746 
6 RECEIVE 800 1449433119779 
6 RECEIVE 1100 1449433135287 
6 RECEIVE 1000 1449433156272 
6 RECEIVE 1300 1449433174837 
6 RECEIVE 1200 1449433200689 
6 RECEIVE 1500 1449433214272 
6 RECEIVE 1400 1449433242942 
6 RECEIVE 1700 1449433253530 
6 RECEIVE 1600 1449433282734 
6 RECEIVE 1900 1449433296324 
6 RECEIVE 1800 1449433321694 
6 RECEIVE 2100 1449433336541 
6 RECEIVE 2000 1449433360550 
