Awaiting simulation instructions...

Awaiting simulation instructions...

Awaiting simulation instructions...

Awaiting simulation instructions...

Awaiting simulation instructions...

9 RECEIVE 200 1449443685473 

[Reducer7]: Got 90376 bytes.
9 RECEIVE 100 1449443686850 

[Reducer7]: Got 89352 bytes.
9 RECEIVE 300 1449443690026 

[Reducer7]: Got 85608 bytes.
9 RECEIVE 0 1449443722182 

[Reducer7]: Got 958912 bytes.
Awaiting simulation instructions...

Awaiting simulation instructions...

Awaiting simulation instructions...

Awaiting simulation instructions...

9 RECEIVE 500 1449443750588 

[Reducer7]: Got 90536 bytes.
9 RECEIVE 600 1449443753220 

[Reducer7]: Got 91136 bytes.
9 RECEIVE 700 1449443757715 

[Reducer7]: Got 88504 bytes.
9 RECEIVE 400 1449443783147 

[Reducer7]: Got 955256 bytes.
Awaiting simulation instructions...

Awaiting simulation instructions...

Awaiting simulation instructions...

Awaiting simulation instructions...

9 RECEIVE 1000 1449443811530 

[Reducer7]: Got 89352 bytes.
9 RECEIVE 900 1449443813738 

[Reducer7]: Got 90112 bytes.
9 RECEIVE 1100 1449443815960 

[Reducer7]: Got 91136 bytes.
9 RECEIVE 800 1449443841373 

[Reducer7]: Got 958152 bytes.
Awaiting simulation instructions...

Awaiting simulation instructions...

Awaiting simulation instructions...

Awaiting simulation instructions...

9 RECEIVE 1300 1449443870869 

[Reducer7]: Got 90536 bytes.
9 RECEIVE 1400 1449443873674 

[Reducer7]: Got 91136 bytes.
9 RECEIVE 1500 1449443875237 

[Reducer7]: Got 91136 bytes.
[Reducer7]: Got 954568 bytes.
9 RECEIVE 1200 1449443903733 

Awaiting simulation instructions...

Awaiting simulation instructions...

Awaiting simulation instructions...

Awaiting simulation instructions...

9 RECEIVE 1800 1449443933329 

[Reducer7]: Got 88488 bytes.
9 RECEIVE 1700 1449443933876 

[Reducer7]: Got 89352 bytes.
9 RECEIVE 1900 1449443938202 

[Reducer7]: Got 88504 bytes.
9 RECEIVE 1600 1449443963807 

[Reducer7]: Got 955256 bytes.
Awaiting simulation instructions...

Awaiting simulation instructions...

Awaiting simulation instructions...

Awaiting simulation instructions...

9 RECEIVE 2200 1449443992703 

[Reducer7]: Got 90112 bytes.
[Reducer7]: Got 91136 bytes.
9 RECEIVE 2100 1449443994316 

9 RECEIVE 2300 1449443996926 

[Reducer7]: Got 91136 bytes.
9 RECEIVE 2000 1449444024001 

[Reducer7]: Got 957464 bytes.
Awaiting simulation instructions...

Awaiting simulation instructions...

Awaiting simulation instructions...

Awaiting simulation instructions...

9 RECEIVE 2500 1449444053250 

[Reducer7]: Got 89512 bytes.
9 RECEIVE 2600 1449444053798 

[Reducer7]: Got 89352 bytes.
9 RECEIVE 2700 1449444058776 

[Reducer7]: Got 86456 bytes.
[Reducer7]: Got 953384 bytes.
9 RECEIVE 2400 1449444084198 

Awaiting simulation instructions...

Awaiting simulation instructions...

Awaiting simulation instructions...

Awaiting simulation instructions...

9 RECEIVE 3000 1449444114004 

[Reducer7]: Got 89352 bytes.
9 RECEIVE 2900 1449444115201 

[Reducer7]: Got 90112 bytes.
9 RECEIVE 3100 1449444117439 

[Reducer7]: Got 91136 bytes.
9 RECEIVE 2800 1449444144496 

[Reducer7]: Got 956616 bytes.
Awaiting simulation instructions...

Awaiting simulation instructions...

Awaiting simulation instructions...

Awaiting simulation instructions...

9 RECEIVE 3400 1449444174891 

[Reducer7]: Got 89352 bytes.
9 RECEIVE 3300 1449444175757 

[Reducer7]: Got 91136 bytes.
9 RECEIVE 3500 1449444178051 

[Reducer7]: Got 91136 bytes.
[Reducer7]: Got 959512 bytes.
9 RECEIVE 3200 1449444205101 

Awaiting simulation instructions...

Awaiting simulation instructions...

Awaiting simulation instructions...

Awaiting simulation instructions...

9 RECEIVE 3700 1449444234104 

[Reducer7]: Got 91136 bytes.
9 RECEIVE 3800 1449444235157 

[Reducer7]: Got 91136 bytes.
9 RECEIVE 3900 1449444237833 

[Reducer7]: Got 85608 bytes.
9 RECEIVE 3600 1449444264479 

[Reducer7]: Got 958488 bytes.
Awaiting simulation instructions...

Awaiting simulation instructions...

Awaiting simulation instructions...

Awaiting simulation instructions...

9 RECEIVE 4100 1449444295019 

[Reducer7]: Got 88488 bytes.
9 RECEIVE 4200 1449444295375 

[Reducer7]: Got 89512 bytes.
9 RECEIVE 4300 1449444298248 

[Reducer7]: Got 91136 bytes.
[Reducer7]: Got 958488 bytes.
9 RECEIVE 4000 1449444325869 

Slave finished all tasks and exited.
logger exit
