Awaiting simulation instructions...

Awaiting simulation instructions...

Awaiting simulation instructions...

Awaiting simulation instructions...

Awaiting simulation instructions...

3 RECEIVE 300 1449443687345 

[Reducer1]: Got 89352 bytes.
3 RECEIVE 200 1449443689011 

[Reducer1]: Got 90112 bytes.
[Reducer1]: Got 89352 bytes.
3 RECEIVE 100 1449443689741 

3 RECEIVE 0 1449443722760 

[Reducer1]: Got 954144 bytes.
Awaiting simulation instructions...

Awaiting simulation instructions...

Awaiting simulation instructions...

Awaiting simulation instructions...

3 RECEIVE 600 1449443751373 

[Reducer1]: Got 91136 bytes.
3 RECEIVE 500 1449443753706 

[Reducer1]: Got 91560 bytes.
[Reducer1]: Got 90112 bytes.
3 RECEIVE 700 1449443756679 

3 RECEIVE 400 1449443780719 

[Reducer1]: Got 956440 bytes.
Awaiting simulation instructions...

Awaiting simulation instructions...

Awaiting simulation instructions...

Awaiting simulation instructions...

3 RECEIVE 1000 1449443810826 

[Reducer1]: Got 89512 bytes.
3 RECEIVE 900 1449443811730 

[Reducer1]: Got 90112 bytes.
3 RECEIVE 1100 1449443815846 

[Reducer1]: Got 91136 bytes.
3 RECEIVE 800 1449443839687 

[Reducer1]: Got 956440 bytes.
Awaiting simulation instructions...

Awaiting simulation instructions...

Awaiting simulation instructions...

Awaiting simulation instructions...

3 RECEIVE 1300 1449443870267 

[Reducer1]: Got 90536 bytes.
3 RECEIVE 1500 1449443874230 

[Reducer1]: Got 91136 bytes.
[Reducer1]: Got 91136 bytes.
3 RECEIVE 1400 1449443875376 

3 RECEIVE 1200 1449443902851 

[Reducer1]: Got 958488 bytes.
Awaiting simulation instructions...

Awaiting simulation instructions...

Awaiting simulation instructions...

Awaiting simulation instructions...

3 RECEIVE 1800 1449443931379 

[Reducer1]: Got 90536 bytes.
3 RECEIVE 1700 1449443934573 

[Reducer1]: Got 90112 bytes.
3 RECEIVE 1900 1449443938011 

[Reducer1]: Got 89352 bytes.
[Reducer1]: Got 954392 bytes.
3 RECEIVE 1600 1449443961809 

Awaiting simulation instructions...

Awaiting simulation instructions...

Awaiting simulation instructions...

Awaiting simulation instructions...

3 RECEIVE 2100 1449443991599 

[Reducer1]: Got 89512 bytes.
[Reducer1]: Got 91136 bytes.
3 RECEIVE 2200 1449443993368 

3 RECEIVE 2300 1449443995572 

[Reducer1]: Got 90112 bytes.
3 RECEIVE 2000 1449444022638 

[Reducer1]: Got 955592 bytes.
Awaiting simulation instructions...

Awaiting simulation instructions...

Awaiting simulation instructions...

Awaiting simulation instructions...

3 RECEIVE 2500 1449444051656 

[Reducer1]: Got 90536 bytes.
3 RECEIVE 2600 1449444055193 

[Reducer1]: Got 90112 bytes.
[Reducer1]: Got 91136 bytes.
3 RECEIVE 2700 1449444057553 

3 RECEIVE 2400 1449444081802 

[Reducer1]: Got 958312 bytes.
Awaiting simulation instructions...

Awaiting simulation instructions...

Awaiting simulation instructions...

Awaiting simulation instructions...

3 RECEIVE 2900 1449444111660 

[Reducer1]: Got 91384 bytes.
3 RECEIVE 3000 1449444112843 

[Reducer1]: Got 89512 bytes.
3 RECEIVE 3100 1449444116059 

[Reducer1]: Got 91136 bytes.
3 RECEIVE 2800 1449444140704 

[Reducer1]: Got 958312 bytes.
Awaiting simulation instructions...

Awaiting simulation instructions...

Awaiting simulation instructions...

Awaiting simulation instructions...

3 RECEIVE 3300 1449444172951 

[Reducer1]: Got 90536 bytes.
[Reducer1]: Got 89512 bytes.
3 RECEIVE 3400 1449444173035 

[Reducer1]: Got 91136 bytes.
3 RECEIVE 3500 1449444178473 

3 RECEIVE 3200 1449444204127 

[Reducer1]: Got 960184 bytes.
Awaiting simulation instructions...

Awaiting simulation instructions...

Awaiting simulation instructions...

Awaiting simulation instructions...

3 RECEIVE 3800 1449444232529 

[Reducer1]: Got 89512 bytes.
3 RECEIVE 3700 1449444233270 

[Reducer1]: Got 91136 bytes.
3 RECEIVE 3900 1449444237182 

[Reducer1]: Got 87480 bytes.
3 RECEIVE 3600 1449444265421 

[Reducer1]: Got 958488 bytes.
Awaiting simulation instructions...

Awaiting simulation instructions...

Awaiting simulation instructions...

Awaiting simulation instructions...

3 RECEIVE 4100 1449444293717 

[Reducer1]: Got 90536 bytes.
3 RECEIVE 4200 1449444293899 

[Reducer1]: Got 90536 bytes.
3 RECEIVE 4300 1449444297539 

[Reducer1]: Got 91136 bytes.
3 RECEIVE 4000 1449444318405 

[Reducer1]: Got 953784 bytes.
Slave finished all tasks and exited.
logger exit
