Awaiting simulation instructions...

Awaiting simulation instructions...

Awaiting simulation instructions...

Awaiting simulation instructions...

Awaiting simulation instructions...

4 RECEIVE 300 1449443685090 

[Reducer2]: Got 89352 bytes.
4 RECEIVE 200 1449443686133 

[Reducer2]: Got 90376 bytes.
[Reducer2]: Got 90112 bytes.
4 RECEIVE 100 1449443689416 

4 RECEIVE 0 1449443721547 

[Reducer2]: Got 958152 bytes.
Awaiting simulation instructions...

Awaiting simulation instructions...

Awaiting simulation instructions...

Awaiting simulation instructions...

4 RECEIVE 500 1449443752461 

[Reducer2]: Got 90112 bytes.
4 RECEIVE 600 1449443753591 

[Reducer2]: Got 91560 bytes.
4 RECEIVE 700 1449443757514 

[Reducer2]: Got 90112 bytes.
4 RECEIVE 400 1449443781009 

[Reducer2]: Got 957288 bytes.
Awaiting simulation instructions...

Awaiting simulation instructions...

Awaiting simulation instructions...

Awaiting simulation instructions...

4 RECEIVE 1000 1449443811182 

[Reducer2]: Got 90112 bytes.
4 RECEIVE 900 1449443812262 

[Reducer2]: Got 91136 bytes.
4 RECEIVE 1100 1449443814686 

[Reducer2]: Got 91136 bytes.
4 RECEIVE 800 1449443838621 

[Reducer2]: Got 958488 bytes.
Awaiting simulation instructions...

Awaiting simulation instructions...

Awaiting simulation instructions...

Awaiting simulation instructions...

4 RECEIVE 1300 1449443870644 

[Reducer2]: Got 90536 bytes.
4 RECEIVE 1400 1449443872122 

[Reducer2]: Got 88488 bytes.
4 RECEIVE 1500 1449443872617 

[Reducer2]: Got 88064 bytes.
4 RECEIVE 1200 1449443899650 

[Reducer2]: Got 957288 bytes.
Awaiting simulation instructions...

Awaiting simulation instructions...

Awaiting simulation instructions...

Awaiting simulation instructions...

4 RECEIVE 1800 1449443931556 

[Reducer2]: Got 90536 bytes.
[Reducer2]: Got 90112 bytes.
4 RECEIVE 1700 1449443933682 

4 RECEIVE 1900 1449443937547 

[Reducer2]: Got 91136 bytes.
4 RECEIVE 1600 1449443962837 

[Reducer2]: Got 958312 bytes.
Awaiting simulation instructions...

Awaiting simulation instructions...

Awaiting simulation instructions...

Awaiting simulation instructions...

4 RECEIVE 2200 1449443994430 

[Reducer2]: Got 91136 bytes.
4 RECEIVE 2100 1449443994600 

[Reducer2]: Got 91136 bytes.
[Reducer2]: Got 87480 bytes.
4 RECEIVE 2300 1449443996108 

4 RECEIVE 2000 1449444020970 

[Reducer2]: Got 958312 bytes.
Awaiting simulation instructions...

Awaiting simulation instructions...

Awaiting simulation instructions...

Awaiting simulation instructions...

4 RECEIVE 2500 1449444052120 

[Reducer2]: Got 90536 bytes.
4 RECEIVE 2600 1449444053683 

[Reducer2]: Got 90112 bytes.
4 RECEIVE 2700 1449444057199 

[Reducer2]: Got 91136 bytes.
4 RECEIVE 2400 1449444083284 

[Reducer2]: Got 958488 bytes.
Awaiting simulation instructions...

Awaiting simulation instructions...

Awaiting simulation instructions...

Awaiting simulation instructions...

4 RECEIVE 2900 1449444112291 

[Reducer2]: Got 89512 bytes.
4 RECEIVE 3000 1449444114924 

[Reducer2]: Got 90112 bytes.
4 RECEIVE 3100 1449444116893 

[Reducer2]: Got 91136 bytes.
4 RECEIVE 2800 1449444141063 

[Reducer2]: Got 958488 bytes.
Awaiting simulation instructions...

Awaiting simulation instructions...

Awaiting simulation instructions...

Awaiting simulation instructions...

4 RECEIVE 3300 1449444173526 

[Reducer2]: Got 88488 bytes.
[Reducer2]: Got 89936 bytes.
4 RECEIVE 3400 1449444173940 

[Reducer2]: Got 91136 bytes.
4 RECEIVE 3500 1449444177217 

4 RECEIVE 3200 1449444204781 

[Reducer2]: Got 956616 bytes.
Awaiting simulation instructions...

Awaiting simulation instructions...

Awaiting simulation instructions...

Awaiting simulation instructions...

4 RECEIVE 3700 1449444232614 

[Reducer2]: Got 89512 bytes.
4 RECEIVE 3800 1449444232785 

[Reducer2]: Got 89512 bytes.
4 RECEIVE 3900 1449444238687 

[Reducer2]: Got 91136 bytes.
4 RECEIVE 3600 1449444262831 

[Reducer2]: Got 953544 bytes.
Awaiting simulation instructions...

Awaiting simulation instructions...

Awaiting simulation instructions...

Awaiting simulation instructions...

4 RECEIVE 4100 1449444293064 

[Reducer2]: Got 90536 bytes.
4 RECEIVE 4200 1449444293988 

[Reducer2]: Got 88488 bytes.
4 RECEIVE 4300 1449444298221 

[Reducer2]: Got 91136 bytes.
4 RECEIVE 4000 1449444324550 

[Reducer2]: Got 957288 bytes.
Slave finished all tasks and exited.
logger exit
