Awaiting simulation instructions...

Awaiting simulation instructions...

Awaiting simulation instructions...

Awaiting simulation instructions...

Awaiting simulation instructions...

6 RECEIVE 200 1449443685653 

[Reducer4]: Got 90376 bytes.
6 RECEIVE 100 1449443687853 

[Reducer4]: Got 90112 bytes.
6 RECEIVE 300 1449443688819 

[Reducer4]: Got 90112 bytes.
6 RECEIVE 0 1449443721190 

[Reducer4]: Got 953120 bytes.
Awaiting simulation instructions...

Awaiting simulation instructions...

Awaiting simulation instructions...

Awaiting simulation instructions...

6 RECEIVE 500 1449443750392 

[Reducer4]: Got 90536 bytes.
6 RECEIVE 600 1449443752585 

[Reducer4]: Got 90112 bytes.
6 RECEIVE 700 1449443758132 

[Reducer4]: Got 86456 bytes.
6 RECEIVE 400 1449443781563 

[Reducer4]: Got 953896 bytes.
Awaiting simulation instructions...

Awaiting simulation instructions...

Awaiting simulation instructions...

Awaiting simulation instructions...

6 RECEIVE 1000 1449443810396 

[Reducer4]: Got 89512 bytes.
6 RECEIVE 900 1449443812405 

[Reducer4]: Got 91136 bytes.
6 RECEIVE 1100 1449443816101 

[Reducer4]: Got 91136 bytes.
6 RECEIVE 800 1449443840298 

[Reducer4]: Got 952696 bytes.
Awaiting simulation instructions...

Awaiting simulation instructions...

Awaiting simulation instructions...

Awaiting simulation instructions...

6 RECEIVE 1300 1449443871391 

[Reducer4]: Got 90536 bytes.
6 RECEIVE 1500 1449443874106 

[Reducer4]: Got 91136 bytes.
[Reducer4]: Got 91136 bytes.
6 RECEIVE 1400 1449443874708 

6 RECEIVE 1200 1449443901996 

[Reducer4]: Got 958312 bytes.
Awaiting simulation instructions...

Awaiting simulation instructions...

Awaiting simulation instructions...

Awaiting simulation instructions...

6 RECEIVE 1800 1449443931771 

[Reducer4]: Got 90536 bytes.
6 RECEIVE 1700 1449443932961 

[Reducer4]: Got 89512 bytes.
6 RECEIVE 1900 1449443937571 

[Reducer4]: Got 90112 bytes.
6 RECEIVE 1600 1449443962314 

[Reducer4]: Got 958312 bytes.
Awaiting simulation instructions...

Awaiting simulation instructions...

Awaiting simulation instructions...

Awaiting simulation instructions...

6 RECEIVE 2100 1449443991781 

[Reducer4]: Got 89512 bytes.
6 RECEIVE 2200 1449443992284 

[Reducer4]: Got 88064 bytes.
6 RECEIVE 2300 1449443995754 

[Reducer4]: Got 86456 bytes.
6 RECEIVE 2000 1449444023691 

[Reducer4]: Got 954392 bytes.
Awaiting simulation instructions...

Awaiting simulation instructions...

Awaiting simulation instructions...

Awaiting simulation instructions...

6 RECEIVE 2600 1449444054756 

[Reducer4]: Got 89352 bytes.
6 RECEIVE 2500 1449444055149 

[Reducer4]: Got 90112 bytes.
6 RECEIVE 2700 1449444058693 

[Reducer4]: Got 91136 bytes.
6 RECEIVE 2400 1449444082644 

[Reducer4]: Got 958312 bytes.
Awaiting simulation instructions...

Awaiting simulation instructions...

Awaiting simulation instructions...

Awaiting simulation instructions...

6 RECEIVE 2900 1449444112375 

[Reducer4]: Got 89512 bytes.
6 RECEIVE 3000 1449444114447 

[Reducer4]: Got 89352 bytes.
6 RECEIVE 3100 1449444117238 

[Reducer4]: Got 91136 bytes.
6 RECEIVE 2800 1449444144806 

[Reducer4]: Got 954568 bytes.
Awaiting simulation instructions...

Awaiting simulation instructions...

Awaiting simulation instructions...

Awaiting simulation instructions...

6 RECEIVE 3300 1449444173335 

[Reducer4]: Got 89512 bytes.
[Reducer4]: Got 88488 bytes.
6 RECEIVE 3400 1449444174107 

[Reducer4]: Got 88504 bytes.
6 RECEIVE 3500 1449444178442 

6 RECEIVE 3200 1449444202118 

[Reducer4]: Got 956440 bytes.
Awaiting simulation instructions...

Awaiting simulation instructions...

Awaiting simulation instructions...

Awaiting simulation instructions...

6 RECEIVE 3700 1449444233335 

[Reducer4]: Got 91136 bytes.
[Reducer4]: Got 91136 bytes.
6 RECEIVE 3800 1449444235365 

6 RECEIVE 3900 1449444237612 

[Reducer4]: Got 90112 bytes.
6 RECEIVE 3600 1449444265615 

[Reducer4]: Got 958312 bytes.
Awaiting simulation instructions...

Awaiting simulation instructions...

Awaiting simulation instructions...

Awaiting simulation instructions...

6 RECEIVE 4100 1449444294151 

[Reducer4]: Got 88064 bytes.
6 RECEIVE 4200 1449444294846 

[Reducer4]: Got 88488 bytes.
6 RECEIVE 4300 1449444297888 

[Reducer4]: Got 91136 bytes.
6 RECEIVE 4000 1449444324618 

[Reducer4]: Got 957464 bytes.
Slave finished all tasks and exited.
logger exit
