Awaiting simulation instructions...

Awaiting simulation instructions...

Awaiting simulation instructions...

Awaiting simulation instructions...

Awaiting simulation instructions...

5 RECEIVE 100 1449443689310 

[Reducer3]: Got 89352 bytes.
5 RECEIVE 200 1449443689722 

[Reducer3]: Got 89352 bytes.
5 RECEIVE 300 1449443692619 

[Reducer3]: Got 91136 bytes.
5 RECEIVE 0 1449443718156 

[Reducer3]: Got 955256 bytes.
Awaiting simulation instructions...

Awaiting simulation instructions...

Awaiting simulation instructions...

Awaiting simulation instructions...

5 RECEIVE 500 1449443750837 

[Reducer3]: Got 90536 bytes.
5 RECEIVE 600 1449443752291 

[Reducer3]: Got 91560 bytes.
5 RECEIVE 700 1449443757909 

[Reducer3]: Got 91136 bytes.
5 RECEIVE 400 1449443781397 

[Reducer3]: Got 957288 bytes.
Awaiting simulation instructions...

Awaiting simulation instructions...

Awaiting simulation instructions...

Awaiting simulation instructions...

5 RECEIVE 1000 1449443810185 

[Reducer3]: Got 89512 bytes.
5 RECEIVE 900 1449443812710 

[Reducer3]: Got 91136 bytes.
5 RECEIVE 1100 1449443815200 

[Reducer3]: Got 87480 bytes.
5 RECEIVE 800 1449443842703 

[Reducer3]: Got 957288 bytes.
Awaiting simulation instructions...

Awaiting simulation instructions...

Awaiting simulation instructions...

Awaiting simulation instructions...

5 RECEIVE 1300 1449443871123 

[Reducer3]: Got 90536 bytes.
5 RECEIVE 1400 1449443873127 

[Reducer3]: Got 91136 bytes.
5 RECEIVE 1500 1449443875632 

[Reducer3]: Got 91136 bytes.
5 RECEIVE 1200 1449443896656 

[Reducer3]: Got 962584 bytes.
Awaiting simulation instructions...

Awaiting simulation instructions...

Awaiting simulation instructions...

Awaiting simulation instructions...

[Reducer3]: Got 89512 bytes.
5 RECEIVE 1800 1449443931938 

5 RECEIVE 1700 1449443932770 

[Reducer3]: Got 89512 bytes.
5 RECEIVE 1900 1449443937115 

[Reducer3]: Got 91136 bytes.
5 RECEIVE 1600 1449443962517 

[Reducer3]: Got 957288 bytes.
Awaiting simulation instructions...

Awaiting simulation instructions...

Awaiting simulation instructions...

Awaiting simulation instructions...

[Reducer3]: Got 88488 bytes.
5 RECEIVE 2100 1449443992006 

[Reducer3]: Got 91136 bytes.
5 RECEIVE 2200 1449443994047 

5 RECEIVE 2300 1449443995400 

[Reducer3]: Got 90112 bytes.
5 RECEIVE 2000 1449444020699 

[Reducer3]: Got 958312 bytes.
Awaiting simulation instructions...

Awaiting simulation instructions...

Awaiting simulation instructions...

Awaiting simulation instructions...

[Reducer3]: Got 89512 bytes.
5 RECEIVE 2500 1449444052969 

5 RECEIVE 2600 1449444053079 

[Reducer3]: Got 89512 bytes.
5 RECEIVE 2700 1449444057784 

[Reducer3]: Got 91136 bytes.
5 RECEIVE 2400 1449444083565 

[Reducer3]: Got 950824 bytes.
Awaiting simulation instructions...

Awaiting simulation instructions...

Awaiting simulation instructions...

Awaiting simulation instructions...

5 RECEIVE 2900 1449444111982 

[Reducer3]: Got 85608 bytes.
5 RECEIVE 3000 1449444113341 

[Reducer3]: Got 89512 bytes.
[Reducer3]: Got 91136 bytes.
5 RECEIVE 3100 1449444116481 

5 RECEIVE 2800 1449444140384 

[Reducer3]: Got 959336 bytes.
Awaiting simulation instructions...

Awaiting simulation instructions...

Awaiting simulation instructions...

Awaiting simulation instructions...

5 RECEIVE 3300 1449444175774 

[Reducer3]: Got 91136 bytes.
[Reducer3]: Got 91136 bytes.
5 RECEIVE 3400 1449444176205 

5 RECEIVE 3500 1449444177331 

[Reducer3]: Got 91136 bytes.
5 RECEIVE 3200 1449444204448 

[Reducer3]: Got 958488 bytes.
Awaiting simulation instructions...

Awaiting simulation instructions...

Awaiting simulation instructions...

Awaiting simulation instructions...

5 RECEIVE 3700 1449444231927 

[Reducer3]: Got 89512 bytes.
5 RECEIVE 3800 1449444235319 

[Reducer3]: Got 91136 bytes.
5 RECEIVE 3900 1449444237239 

[Reducer3]: Got 87480 bytes.
5 RECEIVE 3600 1449444262521 

[Reducer3]: Got 958312 bytes.
Awaiting simulation instructions...

Awaiting simulation instructions...

Awaiting simulation instructions...

Awaiting simulation instructions...

5 RECEIVE 4100 1449444293569 

[Reducer3]: Got 90536 bytes.
5 RECEIVE 4200 1449444294399 

[Reducer3]: Got 88488 bytes.
5 RECEIVE 4300 1449444296799 

[Reducer3]: Got 91136 bytes.
5 RECEIVE 4000 1449444324463 

[Reducer3]: Got 958312 bytes.
Slave finished all tasks and exited.
logger exit
