9 RECEIVE 200 1449441836534 
9 RECEIVE 100 1449441836696 
9 RECEIVE 0 1449441869600 
9 RECEIVE 500 1449441899975 
9 RECEIVE 400 1449441901996 
9 RECEIVE 300 1449441928470 
9 RECEIVE 700 1449441961425 
9 RECEIVE 800 1449441962257 
9 RECEIVE 600 1449441989235 
9 RECEIVE 1100 1449442022749 
9 RECEIVE 1000 1449442023033 
9 RECEIVE 900 1449442049468 
9 RECEIVE 1300 1449442082298 
9 RECEIVE 1400 1449442083053 
9 RECEIVE 1200 1449442108606 
9 RECEIVE 1600 1449442142768 
9 RECEIVE 1700 1449442143630 
9 RECEIVE 1500 1449442168723 
9 RECEIVE 1900 1449442201940 
9 RECEIVE 2000 1449442204009 
9 RECEIVE 1800 1449442230237 
9 RECEIVE 2200 1449442260417 
9 RECEIVE 2300 1449442263379 
9 RECEIVE 2100 1449442290525 
9 RECEIVE 2500 1449442321193 
9 RECEIVE 2600 1449442323524 
9 RECEIVE 2400 1449442350761 
9 RECEIVE 2800 1449442383098 
9 RECEIVE 2900 1449442384652 
9 RECEIVE 2700 1449442408186 
9 RECEIVE 3200 1449442444288 
9 RECEIVE 3100 1449442444966 
9 RECEIVE 3000 1449442471477 
