7 RECEIVE 200 1449441835316 
7 RECEIVE 100 1449441840274 
7 RECEIVE 0 1449441865842 
7 RECEIVE 400 1449441898290 
7 RECEIVE 500 1449441899727 
7 RECEIVE 300 1449441927831 
7 RECEIVE 800 1449441960809 
7 RECEIVE 700 1449441961156 
7 RECEIVE 600 1449441987810 
7 RECEIVE 1000 1449442022712 
7 RECEIVE 1100 1449442023332 
7 RECEIVE 900 1449442048812 
7 RECEIVE 1400 1449442080256 
7 RECEIVE 1300 1449442083036 
7 RECEIVE 1200 1449442107927 
7 RECEIVE 1600 1449442141355 
7 RECEIVE 1700 1449442142344 
7 RECEIVE 1500 1449442170495 
7 RECEIVE 1900 1449442202073 
7 RECEIVE 2000 1449442203992 
7 RECEIVE 1800 1449442229288 
7 RECEIVE 2200 1449442261025 
7 RECEIVE 2300 1449442263899 
7 RECEIVE 2100 1449442289560 
7 RECEIVE 2500 1449442321544 
7 RECEIVE 2600 1449442323121 
7 RECEIVE 2400 1449442350141 
7 RECEIVE 2800 1449442382578 
7 RECEIVE 2900 1449442385091 
7 RECEIVE 2700 1449442407837 
7 RECEIVE 3200 1449442445189 
7 RECEIVE 3100 1449442445378 
7 RECEIVE 3000 1449442466108 
