4 RECEIVE 200 1449441835992 
4 RECEIVE 100 1449441836150 
4 RECEIVE 0 1449441868160 
4 RECEIVE 400 1449441899436 
4 RECEIVE 500 1449441901396 
4 RECEIVE 300 1449441927220 
4 RECEIVE 700 1449441959994 
4 RECEIVE 800 1449441960176 
4 RECEIVE 600 1449441984158 
4 RECEIVE 1100 1449442022220 
4 RECEIVE 1000 1449442022844 
4 RECEIVE 900 1449442045133 
4 RECEIVE 1400 1449442080822 
4 RECEIVE 1300 1449442083148 
4 RECEIVE 1200 1449442106560 
4 RECEIVE 1600 1449442141614 
4 RECEIVE 1700 1449442143931 
4 RECEIVE 1500 1449442167715 
4 RECEIVE 1900 1449442200718 
4 RECEIVE 2000 1449442203659 
4 RECEIVE 1800 1449442229598 
4 RECEIVE 2200 1449442260598 
4 RECEIVE 2300 1449442263294 
4 RECEIVE 2100 1449442287194 
4 RECEIVE 2500 1449442320859 
4 RECEIVE 2600 1449442323391 
4 RECEIVE 2400 1449442349200 
4 RECEIVE 2800 1449442382319 
4 RECEIVE 2900 1449442383798 
4 RECEIVE 2700 1449442410038 
4 RECEIVE 3100 1449442442048 
4 RECEIVE 3200 1449442443644 
4 RECEIVE 3000 1449442468958 
