1 SEND 0 1449441828090 
1 SEND 0 1449441828105 
1 SEND 0 1449441828116 
1 SEND 0 1449441828117 
1 SEND 0 1449441828117 
1 SEND 0 1449441828117 
1 SEND 0 1449441828117 
1 SEND 0 1449441828118 
1 SEND 0 1449441828119 
1 SEND 0 1449441828120 
1 SEND 100 1449441828200 
1 SEND 100 1449441828201 
1 SEND 100 1449441828222 
1 SEND 100 1449441828223 
1 SEND 100 1449441828242 
1 SEND 100 1449441828255 
1 SEND 100 1449441828276 
1 SEND 100 1449441828276 
1 SEND 100 1449441828285 
1 SEND 200 1449441828395 
1 SEND 200 1449441828413 
1 SEND 200 1449441828422 
1 SEND 200 1449441828424 
1 SEND 200 1449441828439 
1 SEND 200 1449441828441 
1 SEND 200 1449441828462 
1 SEND 200 1449441828462 
1 SEND 200 1449441828470 
1 SEND 200 1449441828472 
1 SEND 100 1449441829242 
1 SEND 300 1449441888482 
1 SEND 300 1449441888491 
1 SEND 300 1449441888550 
1 SEND 300 1449441888551 
1 SEND 300 1449441888564 
1 SEND 300 1449441888565 
1 SEND 300 1449441888630 
1 SEND 300 1449441888640 
1 SEND 300 1449441888648 
1 SEND 300 1449441888675 
1 SEND 400 1449441889617 
1 SEND 400 1449441889617 
1 SEND 400 1449441889617 
1 SEND 400 1449441889617 
1 SEND 400 1449441889618 
1 SEND 400 1449441889619 
1 SEND 400 1449441889622 
1 SEND 500 1449441889625 
1 SEND 500 1449441889626 
1 SEND 400 1449441889633 
1 SEND 400 1449441889633 
1 SEND 500 1449441889633 
1 SEND 400 1449441889639 
1 SEND 500 1449441889639 
1 SEND 500 1449441889640 
1 SEND 500 1449441889640 
1 SEND 500 1449441889641 
1 SEND 500 1449441889641 
1 SEND 500 1449441889641 
1 SEND 500 1449441889641 
1 SEND 600 1449441948850 
1 SEND 600 1449441948850 
1 SEND 600 1449441948853 
1 SEND 600 1449441948853 
1 SEND 600 1449441948854 
1 SEND 600 1449441948854 
1 SEND 600 1449441948855 
1 SEND 600 1449441948855 
1 SEND 600 1449441948855 
1 SEND 600 1449441948856 
1 SEND 700 1449441950159 
1 SEND 700 1449441950188 
1 SEND 800 1449441950189 
1 SEND 800 1449441950189 
1 SEND 700 1449441950200 
1 SEND 800 1449441950202 
1 SEND 700 1449441950219 
1 SEND 700 1449441950231 
1 SEND 800 1449441950232 
1 SEND 800 1449441950233 
1 SEND 800 1449441950233 
1 SEND 700 1449441950235 
1 SEND 800 1449441950235 
1 SEND 800 1449441950235 
1 SEND 700 1449441950235 
1 SEND 700 1449441950236 
1 SEND 700 1449441950236 
1 SEND 800 1449441950238 
1 SEND 700 1449441950238 
1 SEND 800 1449441950243 
1 SEND 900 1449442009127 
1 SEND 900 1449442009148 
1 SEND 900 1449442009148 
1 SEND 900 1449442009156 
1 SEND 900 1449442009156 
1 SEND 900 1449442009206 
1 SEND 900 1449442009208 
1 SEND 900 1449442009209 
1 SEND 900 1449442009210 
1 SEND 900 1449442009426 
1 SEND 1000 1449442010415 
1 SEND 1000 1449442010416 
1 SEND 1100 1449442010416 
1 SEND 1000 1449442010416 
1 SEND 1000 1449442010419 
1 SEND 1000 1449442010420 
1 SEND 1100 1449442010420 
1 SEND 1100 1449442010420 
1 SEND 1100 1449442010420 
1 SEND 1100 1449442010421 
1 SEND 1000 1449442010421 
1 SEND 1100 1449442010422 
1 SEND 1100 1449442010422 
1 SEND 1000 1449442010423 
1 SEND 1100 1449442010423 
1 SEND 1100 1449442010424 
1 SEND 1000 1449442010425 
1 SEND 1000 1449442010424 
1 SEND 1000 1449442010425 
1 SEND 1100 1449442010425 
1 SEND 1200 1449442069401 
1 SEND 1200 1449442069401 
1 SEND 1200 1449442069402 
1 SEND 1200 1449442069404 
1 SEND 1200 1449442069408 
1 SEND 1200 1449442069411 
1 SEND 1200 1449442069413 
1 SEND 1200 1449442069566 
1 SEND 1200 1449442069567 
1 SEND 1200 1449442069581 
1 SEND 1300 1449442070836 
1 SEND 1300 1449442070836 
1 SEND 1300 1449442070837 
1 SEND 1300 1449442070838 
1 SEND 1400 1449442070839 
1 SEND 1400 1449442070840 
1 SEND 1300 1449442070841 
1 SEND 1400 1449442070843 
1 SEND 1300 1449442070843 
1 SEND 1400 1449442070843 
1 SEND 1300 1449442070843 
1 SEND 1300 1449442070843 
1 SEND 1400 1449442070843 
1 SEND 1300 1449442070845 
1 SEND 1300 1449442070845 
1 SEND 1400 1449442070848 
1 SEND 1400 1449442070852 
1 SEND 1400 1449442070864 
1 SEND 1400 1449442070864 
1 SEND 1400 1449442070864 
1 SEND 1500 1449442129664 
1 SEND 1500 1449442129667 
1 SEND 1500 1449442129670 
1 SEND 1500 1449442129675 
1 SEND 1500 1449442129675 
1 SEND 1500 1449442129676 
1 SEND 1500 1449442129678 
1 SEND 1500 1449442129680 
1 SEND 1500 1449442129683 
1 SEND 1500 1449442129683 
1 SEND 1600 1449442131182 
1 SEND 1600 1449442131185 
1 SEND 1600 1449442131185 
1 SEND 1600 1449442131185 
1 SEND 1600 1449442131185 
1 SEND 1700 1449442131190 
1 SEND 1600 1449442131191 
1 SEND 1600 1449442131191 
1 SEND 1600 1449442131200 
1 SEND 1600 1449442131201 
1 SEND 1700 1449442131201 
1 SEND 1700 1449442131201 
1 SEND 1700 1449442131202 
1 SEND 1700 1449442131203 
1 SEND 1700 1449442131203 
1 SEND 1700 1449442131203 
1 SEND 1600 1449442131204 
1 SEND 1700 1449442131208 
1 SEND 1700 1449442131211 
1 SEND 1700 1449442131211 
1 SEND 1800 1449442189937 
1 SEND 1800 1449442189941 
1 SEND 1800 1449442189942 
1 SEND 1800 1449442189943 
1 SEND 1800 1449442190012 
1 SEND 1800 1449442190012 
1 SEND 1800 1449442190012 
1 SEND 1800 1449442190015 
1 SEND 1800 1449442190157 
1 SEND 1800 1449442190158 
1 SEND 1900 1449442191468 
1 SEND 1900 1449442191468 
1 SEND 1900 1449442191468 
1 SEND 2000 1449442191468 
1 SEND 1900 1449442191468 
1 SEND 1900 1449442191469 
1 SEND 1900 1449442191473 
1 SEND 1900 1449442191473 
1 SEND 1900 1449442191474 
1 SEND 2000 1449442191480 
1 SEND 2000 1449442191481 
1 SEND 2000 1449442191481 
1 SEND 2000 1449442191482 
1 SEND 2000 1449442191484 
1 SEND 1900 1449442191485 
1 SEND 1900 1449442191485 
1 SEND 2000 1449442191485 
1 SEND 2000 1449442191486 
1 SEND 2000 1449442191486 
1 SEND 2000 1449442191500 
1 SEND 2100 1449442250199 
1 SEND 2100 1449442250207 
1 SEND 2100 1449442250208 
1 SEND 2100 1449442250266 
1 SEND 2100 1449442250276 
1 SEND 2100 1449442250277 
1 SEND 2100 1449442250326 
1 SEND 2100 1449442250326 
1 SEND 2100 1449442250392 
1 SEND 2100 1449442250395 
1 SEND 2200 1449442251710 
1 SEND 2200 1449442251712 
1 SEND 2200 1449442251712 
1 SEND 2200 1449442251714 
1 SEND 2200 1449442251714 
1 SEND 2200 1449442251716 
1 SEND 2300 1449442251716 
1 SEND 2300 1449442251716 
1 SEND 2300 1449442251716 
1 SEND 2200 1449442251716 
1 SEND 2200 1449442251716 
1 SEND 2200 1449442251717 
1 SEND 2300 1449442251717 
1 SEND 2300 1449442251717 
1 SEND 2300 1449442251722 
1 SEND 2300 1449442251722 
1 SEND 2300 1449442251722 
1 SEND 2300 1449442251725 
1 SEND 2300 1449442251725 
1 SEND 2200 1449442251729 
1 SEND 2400 1449442310493 
1 SEND 2400 1449442310542 
1 SEND 2400 1449442310543 
1 SEND 2400 1449442310567 
1 SEND 2400 1449442310567 
1 SEND 2400 1449442310574 
1 SEND 2400 1449442310574 
1 SEND 2400 1449442310574 
1 SEND 2400 1449442310579 
1 SEND 2400 1449442310581 
1 SEND 2500 1449442311646 
1 SEND 2500 1449442311647 
1 SEND 2500 1449442311658 
1 SEND 2500 1449442311663 
1 SEND 2500 1449442311664 
1 SEND 2500 1449442311664 
1 SEND 2600 1449442311665 
1 SEND 2500 1449442311666 
1 SEND 2500 1449442311667 
1 SEND 2500 1449442311668 
1 SEND 2600 1449442311669 
1 SEND 2600 1449442311669 
1 SEND 2500 1449442311669 
1 SEND 2600 1449442311670 
1 SEND 2600 1449442311672 
1 SEND 2600 1449442311674 
1 SEND 2600 1449442311674 
1 SEND 2600 1449442311675 
1 SEND 2600 1449442311675 
1 SEND 2600 1449442311681 
1 SEND 2700 1449442370758 
1 SEND 2700 1449442370758 
1 SEND 2700 1449442370761 
1 SEND 2700 1449442370762 
1 SEND 2700 1449442370762 
1 SEND 2700 1449442370772 
1 SEND 2700 1449442370773 
1 SEND 2700 1449442370773 
1 SEND 2700 1449442370773 
1 SEND 2700 1449442370778 
1 SEND 2800 1449442372420 
1 SEND 2800 1449442372422 
1 SEND 2800 1449442372422 
1 SEND 2800 1449442372422 
1 SEND 2800 1449442372425 
1 SEND 2800 1449442372425 
1 SEND 2800 1449442372426 
1 SEND 2900 1449442372426 
1 SEND 2800 1449442372427 
1 SEND 2800 1449442372427 
1 SEND 2800 1449442372430 
1 SEND 2900 1449442372436 
1 SEND 2900 1449442372436 
1 SEND 2900 1449442372437 
1 SEND 2900 1449442372437 
1 SEND 2900 1449442372442 
1 SEND 2900 1449442372442 
1 SEND 2900 1449442372444 
1 SEND 2900 1449442372446 
1 SEND 2900 1449442372446 
1 SEND 3000 1449442431083 
1 SEND 3000 1449442431084 
1 SEND 3000 1449442431085 
1 SEND 3000 1449442431088 
1 SEND 3000 1449442431088 
1 SEND 3000 1449442431089 
1 SEND 3000 1449442431089 
1 SEND 3000 1449442431089 
1 SEND 3000 1449442431091 
1 SEND 3000 1449442431091 
1 SEND 3100 1449442432602 
1 SEND 3100 1449442432602 
1 SEND 3100 1449442432602 
1 SEND 3100 1449442432616 
1 SEND 3100 1449442432618 
1 SEND 3200 1449442432618 
1 SEND 3100 1449442432620 
1 SEND 3100 1449442432620 
1 SEND 3100 1449442432621 
1 SEND 3200 1449442432622 
1 SEND 3100 1449442432622 
1 SEND 3200 1449442432623 
1 SEND 3200 1449442432624 
1 SEND 3200 1449442432625 
1 SEND 3100 1449442432625 
1 SEND 3200 1449442432625 
1 SEND 3200 1449442432632 
1 SEND 3200 1449442432633 
1 SEND 3200 1449442432633 
1 SEND 3200 1449442432638 
