5 RECEIVE 200 1449452015279 
5 RECEIVE 300 1449452017403 
5 RECEIVE 100 1449452017881 
5 RECEIVE 0 1449452051415 
5 RECEIVE 600 1449452079919 
5 RECEIVE 500 1449452080994 
5 RECEIVE 700 1449452084458 
5 RECEIVE 400 1449452109401 
5 RECEIVE 1000 1449452139289 
5 RECEIVE 900 1449452140670 
5 RECEIVE 1100 1449452143426 
5 RECEIVE 800 1449452170691 
5 RECEIVE 1400 1449452201512 
5 RECEIVE 1300 1449452201643 
5 RECEIVE 1500 1449452203977 
5 RECEIVE 1200 1449452230415 
5 RECEIVE 1700 1449452258598 
5 RECEIVE 1800 1449452260531 
5 RECEIVE 1900 1449452263312 
5 RECEIVE 1600 1449452287811 
5 RECEIVE 2100 1449452321365 
5 RECEIVE 2200 1449452322158 
5 RECEIVE 2300 1449452326399 
5 RECEIVE 2000 1449452350493 
5 RECEIVE 2600 1449452381993 
5 RECEIVE 2500 1449452382128 
5 RECEIVE 2700 1449452385722 
5 RECEIVE 2400 1449452412322 
5 RECEIVE 2900 1449452438563 
5 RECEIVE 3000 1449452441358 
5 RECEIVE 3100 1449452445479 
5 RECEIVE 2800 1449452468972 
5 RECEIVE 3300 1449452499000 
5 RECEIVE 3400 1449452500742 
5 RECEIVE 3500 1449452504078 
5 RECEIVE 3200 1449452532348 
5 RECEIVE 3800 1449452561141 
5 RECEIVE 3700 1449452562492 
5 RECEIVE 3900 1449452566912 
5 RECEIVE 3600 1449452590435 
5 RECEIVE 4100 1449452620677 
5 RECEIVE 4200 1449452622037 
5 RECEIVE 4300 1449452626073 
5 RECEIVE 4000 1449452650445 
