1 SEND 0 1449452006435 
1 SEND 0 1449452006446 
1 SEND 100 1449452006448 
1 SEND 0 1449452006448 
1 SEND 0 1449452006449 
1 SEND 0 1449452006453 
1 SEND 100 1449452006454 
1 SEND 100 1449452006454 
1 SEND 100 1449452006461 
1 SEND 0 1449452006463 
1 SEND 100 1449452006443 
1 SEND 100 1449452006443 
1 SEND 100 1449452006443 
1 SEND 100 1449452006443 
1 SEND 100 1449452006443 
1 SEND 100 1449452006443 
1 SEND 0 1449452006480 
1 SEND 0 1449452006484 
1 SEND 0 1449452006485 
1 SEND 0 1449452006485 
1 SEND 200 1449452006546 
1 SEND 200 1449452006547 
1 SEND 200 1449452006552 
1 SEND 200 1449452006553 
1 SEND 200 1449452006554 
1 SEND 200 1449452006554 
1 SEND 200 1449452006554 
1 SEND 200 1449452006555 
1 SEND 200 1449452006556 
1 SEND 200 1449452006565 
1 SEND 300 1449452006649 
1 SEND 300 1449452006652 
1 SEND 300 1449452006662 
1 SEND 300 1449452006666 
1 SEND 300 1449452006678 
1 SEND 300 1449452006678 
1 SEND 300 1449452006679 
1 SEND 300 1449452006690 
1 SEND 300 1449452006697 
1 SEND 300 1449452006699 
1 SEND 400 1449452066731 
1 SEND 400 1449452066731 
1 SEND 400 1449452066797 
1 SEND 400 1449452066808 
1 SEND 400 1449452066808 
1 SEND 400 1449452066830 
1 SEND 400 1449452066830 
1 SEND 400 1449452066830 
1 SEND 400 1449452066852 
1 SEND 400 1449452066852 
1 SEND 500 1449452067727 
1 SEND 500 1449452067727 
1 SEND 500 1449452067732 
1 SEND 500 1449452067732 
1 SEND 600 1449452067743 
1 SEND 600 1449452067745 
1 SEND 500 1449452067745 
1 SEND 500 1449452067745 
1 SEND 600 1449452067748 
1 SEND 600 1449452067748 
1 SEND 600 1449452067748 
1 SEND 500 1449452067748 
1 SEND 500 1449452067749 
1 SEND 500 1449452067749 
1 SEND 600 1449452067750 
1 SEND 600 1449452067751 
1 SEND 600 1449452067751 
1 SEND 500 1449452067751 
1 SEND 600 1449452067755 
1 SEND 600 1449452067758 
1 SEND 700 1449452068975 
1 SEND 700 1449452068975 
1 SEND 700 1449452068976 
1 SEND 700 1449452068979 
1 SEND 700 1449452068979 
1 SEND 700 1449452068979 
1 SEND 700 1449452068981 
1 SEND 700 1449452068987 
1 SEND 700 1449452068998 
1 SEND 700 1449452069056 
1 SEND 800 1449452127098 
1 SEND 800 1449452127101 
1 SEND 800 1449452127101 
1 SEND 800 1449452127103 
1 SEND 800 1449452127106 
1 SEND 800 1449452127109 
1 SEND 800 1449452127375 
1 SEND 800 1449452127378 
1 SEND 800 1449452127409 
1 SEND 800 1449452127462 
1 SEND 900 1449452127878 
1 SEND 900 1449452127878 
1 SEND 900 1449452127881 
1 SEND 900 1449452127890 
1 SEND 900 1449452127890 
1 SEND 900 1449452127890 
1 SEND 900 1449452127890 
1 SEND 1000 1449452127893 
1 SEND 900 1449452127894 
1 SEND 1000 1449452127894 
1 SEND 1000 1449452127895 
1 SEND 1000 1449452127895 
1 SEND 1000 1449452127895 
1 SEND 1000 1449452127897 
1 SEND 1000 1449452127897 
1 SEND 900 1449452127898 
1 SEND 1000 1449452127898 
1 SEND 1000 1449452127899 
1 SEND 1000 1449452127899 
1 SEND 900 1449452127908 
1 SEND 1100 1449452128464 
1 SEND 1100 1449452128467 
1 SEND 1100 1449452128467 
1 SEND 1100 1449452128467 
1 SEND 1100 1449452128467 
1 SEND 1100 1449452128468 
1 SEND 1100 1449452128468 
1 SEND 1100 1449452128470 
1 SEND 1100 1449452128470 
1 SEND 1100 1449452128474 
1 SEND 1200 1449452187407 
1 SEND 1200 1449452187409 
1 SEND 1200 1449452187410 
1 SEND 1200 1449452187411 
1 SEND 1200 1449452187412 
1 SEND 1200 1449452187412 
1 SEND 1200 1449452187412 
1 SEND 1200 1449452187412 
1 SEND 1200 1449452187416 
1 SEND 1200 1449452187416 
1 SEND 1300 1449452188326 
1 SEND 1400 1449452188328 
1 SEND 1300 1449452188346 
1 SEND 1300 1449452188348 
1 SEND 1400 1449452188348 
1 SEND 1400 1449452188348 
1 SEND 1300 1449452188349 
1 SEND 1400 1449452188349 
1 SEND 1300 1449452188349 
1 SEND 1300 1449452188351 
1 SEND 1300 1449452188352 
1 SEND 1300 1449452188352 
1 SEND 1400 1449452188353 
1 SEND 1400 1449452188353 
1 SEND 1300 1449452188353 
1 SEND 1400 1449452188353 
1 SEND 1400 1449452188353 
1 SEND 1300 1449452188353 
1 SEND 1400 1449452188354 
1 SEND 1400 1449452188354 
1 SEND 1500 1449452189160 
1 SEND 1500 1449452189161 
1 SEND 1500 1449452189162 
1 SEND 1500 1449452189164 
1 SEND 1500 1449452189166 
1 SEND 1500 1449452189166 
1 SEND 1500 1449452189179 
1 SEND 1500 1449452189180 
1 SEND 1500 1449452189182 
1 SEND 1500 1449452190559 
1 SEND 1600 1449452247697 
1 SEND 1600 1449452247697 
1 SEND 1600 1449452247698 
1 SEND 1600 1449452247699 
1 SEND 1600 1449452247700 
1 SEND 1600 1449452247702 
1 SEND 1600 1449452248009 
1 SEND 1600 1449452248010 
1 SEND 1600 1449452248010 
1 SEND 1600 1449452248011 
1 SEND 1700 1449452248474 
1 SEND 1700 1449452248474 
1 SEND 1700 1449452248475 
1 SEND 1700 1449452248476 
1 SEND 1700 1449452248476 
1 SEND 1700 1449452248482 
1 SEND 1700 1449452248483 
1 SEND 1800 1449452248483 
1 SEND 1700 1449452248484 
1 SEND 1800 1449452248487 
1 SEND 1800 1449452248487 
1 SEND 1800 1449452248487 
1 SEND 1700 1449452248488 
1 SEND 1800 1449452248493 
1 SEND 1800 1449452248502 
1 SEND 1800 1449452248502 
1 SEND 1800 1449452248503 
1 SEND 1800 1449452248504 
1 SEND 1800 1449452248505 
1 SEND 1900 1449452249156 
1 SEND 1900 1449452249158 
1 SEND 1900 1449452249158 
1 SEND 1900 1449452249158 
1 SEND 1900 1449452249158 
1 SEND 1900 1449452249160 
1 SEND 1900 1449452249160 
1 SEND 1900 1449452249160 
1 SEND 1900 1449452249160 
1 SEND 1900 1449452249161 
1 SEND 1700 1449452249666 
1 SEND 2000 1449452308019 
1 SEND 2000 1449452308019 
1 SEND 2000 1449452308020 
1 SEND 2000 1449452308023 
1 SEND 2000 1449452308023 
1 SEND 2000 1449452308024 
1 SEND 2000 1449452308026 
1 SEND 2000 1449452308026 
1 SEND 2000 1449452308027 
1 SEND 2000 1449452308027 
1 SEND 2100 1449452308885 
1 SEND 2200 1449452308886 
1 SEND 2200 1449452308894 
1 SEND 2200 1449452308896 
1 SEND 2100 1449452308896 
1 SEND 2200 1449452308897 
1 SEND 2200 1449452308897 
1 SEND 2100 1449452308897 
1 SEND 2200 1449452308907 
1 SEND 2100 1449452308907 
1 SEND 2100 1449452308907 
1 SEND 2100 1449452308908 
1 SEND 2200 1449452308910 
1 SEND 2200 1449452308910 
1 SEND 2100 1449452308911 
1 SEND 2100 1449452308912 
1 SEND 2100 1449452308912 
1 SEND 2200 1449452308913 
1 SEND 2100 1449452308922 
1 SEND 2200 1449452308923 
1 SEND 2300 1449452309793 
1 SEND 2300 1449452309793 
1 SEND 2300 1449452309795 
1 SEND 2300 1449452309796 
1 SEND 2300 1449452309796 
1 SEND 2300 1449452309796 
1 SEND 2300 1449452309796 
1 SEND 2300 1449452309797 
1 SEND 2300 1449452309797 
1 SEND 2300 1449452309797 
1 SEND 2400 1449452368258 
1 SEND 2400 1449452368259 
1 SEND 2400 1449452368260 
1 SEND 2400 1449452368261 
1 SEND 2400 1449452368261 
1 SEND 2400 1449452368263 
1 SEND 2400 1449452368263 
1 SEND 2400 1449452368264 
1 SEND 2400 1449452368264 
1 SEND 2400 1449452368264 
1 SEND 2500 1449452369156 
1 SEND 2500 1449452369158 
1 SEND 2600 1449452369158 
1 SEND 2500 1449452369158 
1 SEND 2500 1449452369159 
1 SEND 2500 1449452369159 
1 SEND 2500 1449452369159 
1 SEND 2500 1449452369161 
1 SEND 2500 1449452369161 
1 SEND 2600 1449452369161 
1 SEND 2600 1449452369161 
1 SEND 2600 1449452369163 
1 SEND 2600 1449452369163 
1 SEND 2600 1449452369166 
1 SEND 2600 1449452369167 
1 SEND 2600 1449452369167 
1 SEND 2500 1449452369168 
1 SEND 2500 1449452369168 
1 SEND 2600 1449452369169 
1 SEND 2600 1449452369174 
1 SEND 2700 1449452369945 
1 SEND 2700 1449452369946 
1 SEND 2700 1449452369948 
1 SEND 2700 1449452369948 
1 SEND 2700 1449452369948 
1 SEND 2700 1449452369948 
1 SEND 2700 1449452369948 
1 SEND 2700 1449452369948 
1 SEND 2700 1449452369948 
1 SEND 2700 1449452369948 
1 SEND 2800 1449452428496 
1 SEND 2800 1449452428496 
1 SEND 2800 1449452428497 
1 SEND 2800 1449452428497 
1 SEND 2800 1449452428498 
1 SEND 2800 1449452428502 
1 SEND 2800 1449452428752 
1 SEND 2800 1449452428752 
1 SEND 2800 1449452428752 
1 SEND 2800 1449452428808 
1 SEND 2900 1449452429204 
1 SEND 2900 1449452429204 
1 SEND 2900 1449452429204 
1 SEND 2900 1449452429204 
1 SEND 2900 1449452429206 
1 SEND 2900 1449452429206 
1 SEND 2900 1449452429215 
1 SEND 2900 1449452429217 
1 SEND 3000 1449452429219 
1 SEND 3000 1449452429219 
1 SEND 3000 1449452429219 
1 SEND 3000 1449452429220 
1 SEND 3000 1449452429220 
1 SEND 2900 1449452429220 
1 SEND 3000 1449452429221 
1 SEND 3000 1449452429221 
1 SEND 3000 1449452429221 
1 SEND 2900 1449452429222 
1 SEND 3000 1449452429222 
1 SEND 3000 1449452429222 
1 SEND 3100 1449452429910 
1 SEND 3100 1449452429910 
1 SEND 3100 1449452429911 
1 SEND 3100 1449452429912 
1 SEND 3100 1449452429912 
1 SEND 3100 1449452429912 
1 SEND 3100 1449452429913 
1 SEND 3100 1449452429913 
1 SEND 3100 1449452429913 
1 SEND 3100 1449452429913 
1 SEND 3200 1449452488759 
1 SEND 3200 1449452488765 
1 SEND 3200 1449452488765 
1 SEND 3200 1449452488765 
1 SEND 3200 1449452488765 
1 SEND 3200 1449452488765 
1 SEND 3200 1449452488978 
1 SEND 3200 1449452489024 
1 SEND 3200 1449452489025 
1 SEND 3200 1449452489081 
1 SEND 3300 1449452489475 
1 SEND 3300 1449452489477 
1 SEND 3300 1449452489478 
1 SEND 3300 1449452489478 
1 SEND 3300 1449452489479 
1 SEND 3300 1449452489489 
1 SEND 3300 1449452489489 
1 SEND 3300 1449452489490 
1 SEND 3400 1449452489490 
1 SEND 3400 1449452489491 
1 SEND 3400 1449452489491 
1 SEND 3400 1449452489492 
1 SEND 3300 1449452489492 
1 SEND 3400 1449452489492 
1 SEND 3400 1449452489493 
1 SEND 3400 1449452489493 
1 SEND 3400 1449452489494 
1 SEND 3300 1449452489494 
1 SEND 3400 1449452489496 
1 SEND 3400 1449452489496 
1 SEND 3500 1449452490096 
1 SEND 3500 1449452490096 
1 SEND 3500 1449452490098 
1 SEND 3500 1449452490098 
1 SEND 3500 1449452490098 
1 SEND 3500 1449452490099 
1 SEND 3500 1449452490100 
1 SEND 3500 1449452490101 
1 SEND 3500 1449452490101 
1 SEND 3500 1449452490101 
1 SEND 3600 1449452549023 
1 SEND 3600 1449452549026 
1 SEND 3600 1449452549026 
1 SEND 3600 1449452549027 
1 SEND 3600 1449452549027 
1 SEND 3600 1449452549027 
1 SEND 3600 1449452549028 
1 SEND 3600 1449452549028 
1 SEND 3600 1449452549430 
1 SEND 3600 1449452549433 
1 SEND 3700 1449452549768 
1 SEND 3700 1449452549768 
1 SEND 3700 1449452549769 
1 SEND 3700 1449452549769 
1 SEND 3700 1449452549769 
1 SEND 3700 1449452549769 
1 SEND 3700 1449452549770 
1 SEND 3700 1449452549770 
1 SEND 3700 1449452549771 
1 SEND 3800 1449452549775 
1 SEND 3800 1449452549775 
1 SEND 3800 1449452549775 
1 SEND 3700 1449452549775 
1 SEND 3800 1449452549775 
1 SEND 3800 1449452549775 
1 SEND 3800 1449452549775 
1 SEND 3800 1449452549778 
1 SEND 3800 1449452549778 
1 SEND 3800 1449452549780 
1 SEND 3800 1449452549790 
1 SEND 3900 1449452550567 
1 SEND 3900 1449452550568 
1 SEND 3900 1449452550570 
1 SEND 3900 1449452550570 
1 SEND 3900 1449452550570 
1 SEND 3900 1449452550570 
1 SEND 3900 1449452550571 
1 SEND 3900 1449452550572 
1 SEND 3900 1449452550572 
1 SEND 3900 1449452550572 
1 SEND 4000 1449452609248 
1 SEND 4000 1449452609250 
1 SEND 4000 1449452609251 
1 SEND 4000 1449452609251 
1 SEND 4000 1449452609255 
1 SEND 4000 1449452609256 
1 SEND 4000 1449452609256 
1 SEND 4000 1449452609257 
1 SEND 4000 1449452609675 
1 SEND 4000 1449452609678 
1 SEND 4100 1449452610014 
1 SEND 4100 1449452610016 
1 SEND 4100 1449452610017 
1 SEND 4200 1449452610028 
1 SEND 4100 1449452610028 
1 SEND 4200 1449452610029 
1 SEND 4200 1449452610029 
1 SEND 4100 1449452610030 
1 SEND 4100 1449452610030 
1 SEND 4100 1449452610031 
1 SEND 4200 1449452610031 
1 SEND 4200 1449452610032 
1 SEND 4100 1449452610032 
1 SEND 4200 1449452610034 
1 SEND 4100 1449452610034 
1 SEND 4200 1449452610034 
1 SEND 4100 1449452610034 
1 SEND 4200 1449452610035 
1 SEND 4200 1449452610035 
1 SEND 4200 1449452610037 
1 SEND 4300 1449452610764 
1 SEND 4300 1449452610764 
1 SEND 4300 1449452610766 
1 SEND 4300 1449452610767 
1 SEND 4300 1449452610768 
1 SEND 4300 1449452610768 
1 SEND 4300 1449452610769 
1 SEND 4300 1449452610769 
1 SEND 4300 1449452610769 
1 SEND 4300 1449452610772 
