8 RECEIVE 200 1449452013252 
8 RECEIVE 100 1449452013357 
8 RECEIVE 300 1449452015902 
8 RECEIVE 0 1449452051168 
8 RECEIVE 500 1449452078127 
8 RECEIVE 600 1449452080886 
8 RECEIVE 700 1449452084859 
8 RECEIVE 400 1449452109857 
8 RECEIVE 900 1449452140143 
8 RECEIVE 1000 1449452140342 
8 RECEIVE 1100 1449452142900 
8 RECEIVE 800 1449452166878 
8 RECEIVE 1300 1449452200918 
8 RECEIVE 1400 1449452201548 
8 RECEIVE 1500 1449452204607 
8 RECEIVE 1200 1449452229707 
8 RECEIVE 1700 1449452259381 
8 RECEIVE 1800 1449452260721 
8 RECEIVE 1900 1449452263210 
8 RECEIVE 1600 1449452291261 
8 RECEIVE 2100 1449452321920 
8 RECEIVE 2200 1449452322641 
8 RECEIVE 2300 1449452325617 
8 RECEIVE 2000 1449452350843 
8 RECEIVE 2600 1449452381393 
8 RECEIVE 2500 1449452382933 
8 RECEIVE 2700 1449452386551 
8 RECEIVE 2400 1449452411409 
8 RECEIVE 3000 1449452440003 
8 RECEIVE 2900 1449452440645 
8 RECEIVE 3100 1449452445289 
8 RECEIVE 2800 1449452472858 
8 RECEIVE 3300 1449452499716 
8 RECEIVE 3400 1449452502183 
8 RECEIVE 3500 1449452504267 
8 RECEIVE 3200 1449452530721 
8 RECEIVE 3700 1449452560938 
8 RECEIVE 3800 1449452563264 
8 RECEIVE 3900 1449452566277 
8 RECEIVE 3600 1449452590884 
8 RECEIVE 4100 1449452622666 
8 RECEIVE 4200 1449452622770 
8 RECEIVE 4300 1449452625361 
8 RECEIVE 4000 1449452651308 
