Awaiting simulation instructions...

Awaiting simulation instructions...

Awaiting simulation instructions...

2 RECEIVE 100 1449459099467 

[Reducer0]: Got 89352 bytes.
2 RECEIVE 0 1449459130788 

[Reducer0]: Got 956280 bytes.
Awaiting simulation instructions...

Awaiting simulation instructions...

2 RECEIVE 300 1449459143947 

[Reducer0]: Got 91560 bytes.
2 RECEIVE 200 1449459167420 

[Reducer0]: Got 958064 bytes.
Awaiting simulation instructions...

Awaiting simulation instructions...

2 RECEIVE 500 1449459184908 

[Reducer0]: Got 91560 bytes.
2 RECEIVE 400 1449459206770 

[Reducer0]: Got 955224 bytes.
Awaiting simulation instructions...

Awaiting simulation instructions...

2 RECEIVE 700 1449459225599 

[Reducer0]: Got 91136 bytes.
2 RECEIVE 600 1449459246567 

[Reducer0]: Got 957304 bytes.
Awaiting simulation instructions...

Awaiting simulation instructions...

2 RECEIVE 900 1449459263743 

[Reducer0]: Got 91560 bytes.
2 RECEIVE 800 1449459288714 

[Reducer0]: Got 958488 bytes.
Awaiting simulation instructions...

Awaiting simulation instructions...

2 RECEIVE 1100 1449459303947 

[Reducer0]: Got 91560 bytes.
2 RECEIVE 1000 1449459330774 

[Reducer0]: Got 958312 bytes.
Awaiting simulation instructions...

Awaiting simulation instructions...

2 RECEIVE 1300 1449459344273 

[Reducer0]: Got 91560 bytes.
2 RECEIVE 1200 1449459368641 

[Reducer0]: Got 958488 bytes.
Awaiting simulation instructions...

Awaiting simulation instructions...

2 RECEIVE 1500 1449459385202 

[Reducer0]: Got 91560 bytes.
2 RECEIVE 1400 1449459408978 

[Reducer0]: Got 958488 bytes.
Awaiting simulation instructions...

Awaiting simulation instructions...

2 RECEIVE 1700 1449459425097 

[Reducer0]: Got 91560 bytes.
2 RECEIVE 1600 1449459450999 

[Reducer0]: Got 958488 bytes.
Awaiting simulation instructions...

Awaiting simulation instructions...

2 RECEIVE 1900 1449459466438 

[Reducer0]: Got 91136 bytes.
2 RECEIVE 1800 1449459486277 

[Reducer0]: Got 956000 bytes.
Awaiting simulation instructions...

Awaiting simulation instructions...

2 RECEIVE 2100 1449459503929 

[Reducer0]: Got 91560 bytes.
2 RECEIVE 2000 1449459529399 

[Reducer0]: Got 958488 bytes.
Slave finished all tasks and exited.
logger exit
