Awaiting simulation instructions...

Awaiting simulation instructions...

Awaiting simulation instructions...

9 RECEIVE 100 1449459099255 

[Reducer7]: Got 88488 bytes.
9 RECEIVE 0 1449459130332 

[Reducer7]: Got 957304 bytes.
Awaiting simulation instructions...

Awaiting simulation instructions...

9 RECEIVE 300 1449459144282 

[Reducer7]: Got 91136 bytes.
9 RECEIVE 200 1449459172268 

[Reducer7]: Got 959512 bytes.
Awaiting simulation instructions...

Awaiting simulation instructions...

9 RECEIVE 500 1449459186010 

[Reducer7]: Got 91136 bytes.
9 RECEIVE 400 1449459212078 

[Reducer7]: Got 958488 bytes.
Awaiting simulation instructions...

Awaiting simulation instructions...

9 RECEIVE 700 1449459225982 

[Reducer7]: Got 91136 bytes.
9 RECEIVE 600 1449459251074 

[Reducer7]: Got 958152 bytes.
Awaiting simulation instructions...

Awaiting simulation instructions...

9 RECEIVE 900 1449459264893 

[Reducer7]: Got 91560 bytes.
9 RECEIVE 800 1449459292653 

[Reducer7]: Got 958488 bytes.
Awaiting simulation instructions...

Awaiting simulation instructions...

9 RECEIVE 1100 1449459305164 

[Reducer7]: Got 91560 bytes.
9 RECEIVE 1000 1449459329213 

[Reducer7]: Got 958488 bytes.
Awaiting simulation instructions...

Awaiting simulation instructions...

9 RECEIVE 1300 1449459345392 

[Reducer7]: Got 91136 bytes.
9 RECEIVE 1200 1449459368932 

[Reducer7]: Got 958312 bytes.
Awaiting simulation instructions...

Awaiting simulation instructions...

9 RECEIVE 1500 1449459385672 

[Reducer7]: Got 91136 bytes.
9 RECEIVE 1400 1449459412340 

[Reducer7]: Got 958488 bytes.
Awaiting simulation instructions...

Awaiting simulation instructions...

9 RECEIVE 1700 1449459426470 

[Reducer7]: Got 91136 bytes.
9 RECEIVE 1600 1449459452056 

[Reducer7]: Got 958312 bytes.
Awaiting simulation instructions...

Awaiting simulation instructions...

9 RECEIVE 1900 1449459466246 

[Reducer7]: Got 91136 bytes.
9 RECEIVE 1800 1449459492872 

[Reducer7]: Got 958488 bytes.
Awaiting simulation instructions...

Awaiting simulation instructions...

9 RECEIVE 2100 1449459505193 

[Reducer7]: Got 91560 bytes.
9 RECEIVE 2000 1449459532930 

[Reducer7]: Got 958488 bytes.
Slave finished all tasks and exited.
logger exit
