Awaiting simulation instructions...

Awaiting simulation instructions...

Awaiting simulation instructions...

7 RECEIVE 100 1449459100948 

[Reducer5]: Got 89512 bytes.
7 RECEIVE 0 1449459132216 

[Reducer5]: Got 959088 bytes.
Awaiting simulation instructions...

Awaiting simulation instructions...

7 RECEIVE 300 1449459144255 

[Reducer5]: Got 91560 bytes.
7 RECEIVE 200 1449459166179 

[Reducer5]: Got 955856 bytes.
Awaiting simulation instructions...

Awaiting simulation instructions...

7 RECEIVE 500 1449459185168 

[Reducer5]: Got 91560 bytes.
7 RECEIVE 400 1449459211336 

[Reducer5]: Got 958152 bytes.
Awaiting simulation instructions...

Awaiting simulation instructions...

7 RECEIVE 700 1449459225524 

[Reducer5]: Got 91136 bytes.
7 RECEIVE 600 1449459250687 

[Reducer5]: Got 958152 bytes.
Awaiting simulation instructions...

Awaiting simulation instructions...

7 RECEIVE 900 1449459264691 

[Reducer5]: Got 91560 bytes.
7 RECEIVE 800 1449459289111 

[Reducer5]: Got 958312 bytes.
Awaiting simulation instructions...

Awaiting simulation instructions...

7 RECEIVE 1100 1449459304168 

[Reducer5]: Got 91560 bytes.
7 RECEIVE 1000 1449459332424 

[Reducer5]: Got 958488 bytes.
Awaiting simulation instructions...

Awaiting simulation instructions...

7 RECEIVE 1300 1449459344664 

[Reducer5]: Got 91560 bytes.
7 RECEIVE 1200 1449459371551 

[Reducer5]: Got 958312 bytes.
Awaiting simulation instructions...

Awaiting simulation instructions...

7 RECEIVE 1500 1449459385117 

[Reducer5]: Got 91560 bytes.
7 RECEIVE 1400 1449459409546 

[Reducer5]: Got 958312 bytes.
Awaiting simulation instructions...

Awaiting simulation instructions...

7 RECEIVE 1700 1449459425616 

[Reducer5]: Got 91560 bytes.
7 RECEIVE 1600 1449459451406 

[Reducer5]: Got 957304 bytes.
Awaiting simulation instructions...

Awaiting simulation instructions...

7 RECEIVE 1900 1449459466229 

[Reducer5]: Got 91560 bytes.
7 RECEIVE 1800 1449459489385 

[Reducer5]: Got 958312 bytes.
Awaiting simulation instructions...

Awaiting simulation instructions...

7 RECEIVE 2100 1449459504657 

[Reducer5]: Got 91560 bytes.
7 RECEIVE 2000 1449459533250 

[Reducer5]: Got 958488 bytes.
Slave finished all tasks and exited.
logger exit
