Awaiting simulation instructions...

Awaiting simulation instructions...

Awaiting simulation instructions...

Awaiting simulation instructions...

9 RECEIVE 200 1449445941773 

[Reducer7]: Got 88504 bytes.
9 RECEIVE 100 1449445944313 

[Reducer7]: Got 92424 bytes.
9 RECEIVE 0 1449445973467 

[Reducer7]: Got 957304 bytes.
Awaiting simulation instructions...

Awaiting simulation instructions...

Awaiting simulation instructions...

9 RECEIVE 400 1449446007825 

[Reducer7]: Got 91560 bytes.
9 RECEIVE 500 1449446009142 

[Reducer7]: Got 91560 bytes.
9 RECEIVE 300 1449446035853 

[Reducer7]: Got 958488 bytes.
Awaiting simulation instructions...

Awaiting simulation instructions...

Awaiting simulation instructions...

9 RECEIVE 700 1449446067955 

[Reducer7]: Got 91136 bytes.
9 RECEIVE 800 1449446069207 

[Reducer7]: Got 91136 bytes.
9 RECEIVE 600 1449446096118 

[Reducer7]: Got 957304 bytes.
Awaiting simulation instructions...

Awaiting simulation instructions...

Awaiting simulation instructions...

9 RECEIVE 1100 1449446128993 

[Reducer7]: Got 91136 bytes.
9 RECEIVE 1000 1449446146489 

[Reducer7]: Got 93696 bytes.
9 RECEIVE 900 1449446156129 

[Reducer7]: Got 958152 bytes.
Awaiting simulation instructions...

Awaiting simulation instructions...

Awaiting simulation instructions...

9 RECEIVE 1300 1449446187846 

[Reducer7]: Got 91136 bytes.
9 RECEIVE 1400 1449446190152 

[Reducer7]: Got 90112 bytes.
9 RECEIVE 1200 1449446215393 

[Reducer7]: Got 957464 bytes.
Awaiting simulation instructions...

Awaiting simulation instructions...

Awaiting simulation instructions...

9 RECEIVE 1700 1449446248193 

[Reducer7]: Got 91136 bytes.
9 RECEIVE 1600 1449446248563 

[Reducer7]: Got 90112 bytes.
9 RECEIVE 1500 1449446276618 

[Reducer7]: Got 958152 bytes.
Awaiting simulation instructions...

Awaiting simulation instructions...

Awaiting simulation instructions...

9 RECEIVE 1900 1449446308605 

[Reducer7]: Got 91560 bytes.
9 RECEIVE 2000 1449446310776 

[Reducer7]: Got 90112 bytes.
9 RECEIVE 1800 1449446336777 

[Reducer7]: Got 958312 bytes.
Awaiting simulation instructions...

Awaiting simulation instructions...

Awaiting simulation instructions...

[Reducer7]: Got 91136 bytes.
9 RECEIVE 2300 1449446369103 

9 RECEIVE 2200 1449446369494 

[Reducer7]: Got 91136 bytes.
9 RECEIVE 2100 1449446392483 

[Reducer7]: Got 960904 bytes.
Awaiting simulation instructions...

Awaiting simulation instructions...

Awaiting simulation instructions...

9 RECEIVE 2500 1449446428991 

[Reducer7]: Got 91560 bytes.
9 RECEIVE 2600 1449446429661 

[Reducer7]: Got 91560 bytes.
9 RECEIVE 2400 1449446456881 

[Reducer7]: Got 958312 bytes.
Awaiting simulation instructions...

Awaiting simulation instructions...

Awaiting simulation instructions...

9 RECEIVE 2800 1449446487810 

[Reducer7]: Got 91560 bytes.
9 RECEIVE 2900 1449446490723 

[Reducer7]: Got 91560 bytes.
9 RECEIVE 2700 1449446517467 

[Reducer7]: Got 957304 bytes.
Awaiting simulation instructions...

Awaiting simulation instructions...

Awaiting simulation instructions...

9 RECEIVE 3100 1449446550668 

[Reducer7]: Got 91560 bytes.
9 RECEIVE 3200 1449446551441 

[Reducer7]: Got 91560 bytes.
9 RECEIVE 3000 1449446572617 

[Reducer7]: Got 958824 bytes.
Slave finished all tasks and exited.
logger exit
