2 RECEIVE 100 1449452451016 
2 RECEIVE 200 1449452468926 
2 RECEIVE 300 1449452480141 
2 RECEIVE 0 1449452500352 
2 RECEIVE 500 1449452514516 
2 RECEIVE 600 1449452531418 
2 RECEIVE 700 1449452547582 
2 RECEIVE 400 1449452553753 
2 RECEIVE 900 1449452574648 
2 RECEIVE 1000 1449452590037 
2 RECEIVE 1100 1449452609028 
2 RECEIVE 800 1449452614536 
2 RECEIVE 1300 1449452633928 
2 RECEIVE 1400 1449452649171 
2 RECEIVE 1500 1449452664943 
2 RECEIVE 1200 1449452674591 
2 RECEIVE 1700 1449452693901 
2 RECEIVE 1800 1449452710090 
2 RECEIVE 1900 1449452729224 
2 RECEIVE 1600 1449452734572 
2 RECEIVE 2100 1449452754991 
2 RECEIVE 2200 1449452770902 
2 RECEIVE 2300 1449452786755 
2 RECEIVE 2000 1449452794399 
2 RECEIVE 2500 1449452813956 
2 RECEIVE 2600 1449452829444 
2 RECEIVE 2700 1449452845959 
2 RECEIVE 2400 1449452857314 
2 RECEIVE 2900 1449452875241 
2 RECEIVE 3000 1449452891088 
2 RECEIVE 3100 1449452908802 
2 RECEIVE 2800 1449452916016 
2 RECEIVE 3300 1449452935601 
2 RECEIVE 3400 1449452951413 
2 RECEIVE 3500 1449452968815 
2 RECEIVE 3200 1449452976867 
2 RECEIVE 3700 1449452995360 
2 RECEIVE 3800 1449453011212 
2 RECEIVE 3900 1449453029648 
2 RECEIVE 3600 1449453036753 
2 RECEIVE 4100 1449453055422 
2 RECEIVE 4200 1449453071483 
2 RECEIVE 4300 1449453088665 
2 RECEIVE 4000 1449453096307 
