5 RECEIVE 100 1449452453286 
5 RECEIVE 200 1449452464134 
5 RECEIVE 300 1449452482160 
5 RECEIVE 0 1449452496661 
5 RECEIVE 500 1449452516667 
5 RECEIVE 600 1449452531530 
5 RECEIVE 700 1449452547070 
5 RECEIVE 400 1449452560118 
5 RECEIVE 900 1449452574495 
5 RECEIVE 1000 1449452590475 
5 RECEIVE 1100 1449452606946 
5 RECEIVE 800 1449452618460 
5 RECEIVE 1300 1449452635952 
5 RECEIVE 1400 1449452649961 
5 RECEIVE 1500 1449452665634 
5 RECEIVE 1200 1449452673136 
5 RECEIVE 1700 1449452694936 
5 RECEIVE 1800 1449452710187 
5 RECEIVE 1900 1449452726813 
5 RECEIVE 1600 1449452739098 
5 RECEIVE 2100 1449452755352 
5 RECEIVE 2200 1449452771505 
5 RECEIVE 2300 1449452787291 
5 RECEIVE 2000 1449452801122 
5 RECEIVE 2500 1449452814355 
5 RECEIVE 2600 1449452829609 
5 RECEIVE 2700 1449452846409 
5 RECEIVE 2400 1449452861116 
5 RECEIVE 2900 1449452875176 
5 RECEIVE 3000 1449452891334 
5 RECEIVE 3100 1449452908233 
5 RECEIVE 2800 1449452921877 
5 RECEIVE 3300 1449452938202 
5 RECEIVE 3400 1449452951710 
5 RECEIVE 3500 1449452969062 
5 RECEIVE 3200 1449452980261 
5 RECEIVE 3700 1449452995340 
5 RECEIVE 3800 1449453011786 
5 RECEIVE 3900 1449453028745 
5 RECEIVE 3600 1449453042214 
5 RECEIVE 4100 1449453055685 
5 RECEIVE 4200 1449453071580 
5 RECEIVE 4300 1449453088820 
5 RECEIVE 4000 1449453097102 
