Awaiting simulation instructions...

Awaiting simulation instructions...

Awaiting simulation instructions...

4 RECEIVE 100 1449454809507 

[Reducer2]: Got 90376 bytes.
4 RECEIVE 0 1449454838579 

[Reducer2]: Got 959176 bytes.
Awaiting simulation instructions...

Awaiting simulation instructions...

4 RECEIVE 300 1449454852410 

[Reducer2]: Got 91560 bytes.
4 RECEIVE 200 1449454879426 

[Reducer2]: Got 957112 bytes.
Awaiting simulation instructions...

Awaiting simulation instructions...

4 RECEIVE 500 1449454893816 

[Reducer2]: Got 91136 bytes.
4 RECEIVE 400 1449454916296 

[Reducer2]: Got 957448 bytes.
Awaiting simulation instructions...

Awaiting simulation instructions...

4 RECEIVE 700 1449454934108 

[Reducer2]: Got 91560 bytes.
4 RECEIVE 600 1449454955069 

[Reducer2]: Got 959672 bytes.
Awaiting simulation instructions...

Awaiting simulation instructions...

4 RECEIVE 900 1449454973276 

[Reducer2]: Got 91560 bytes.
4 RECEIVE 800 1449454995346 

[Reducer2]: Got 956600 bytes.
Awaiting simulation instructions...

Awaiting simulation instructions...

4 RECEIVE 1100 1449455012196 

[Reducer2]: Got 91560 bytes.
4 RECEIVE 1000 1449455037319 

[Reducer2]: Got 957464 bytes.
Awaiting simulation instructions...

Awaiting simulation instructions...

4 RECEIVE 1300 1449455054073 

[Reducer2]: Got 91560 bytes.
4 RECEIVE 1200 1449455079231 

[Reducer2]: Got 958488 bytes.
Awaiting simulation instructions...

Awaiting simulation instructions...

4 RECEIVE 1500 1449455094480 

[Reducer2]: Got 91136 bytes.
4 RECEIVE 1400 1449455117233 

[Reducer2]: Got 958312 bytes.
Awaiting simulation instructions...

Awaiting simulation instructions...

4 RECEIVE 1700 1449455134826 

[Reducer2]: Got 91560 bytes.
4 RECEIVE 1600 1449455156962 

[Reducer2]: Got 959672 bytes.
Awaiting simulation instructions...

Awaiting simulation instructions...

4 RECEIVE 1900 1449455172962 

[Reducer2]: Got 91560 bytes.
4 RECEIVE 1800 1449455198003 

[Reducer2]: Got 958488 bytes.
Awaiting simulation instructions...

Awaiting simulation instructions...

4 RECEIVE 2100 1449455214049 

[Reducer2]: Got 91560 bytes.
4 RECEIVE 2000 1449455238566 

[Reducer2]: Got 958312 bytes.
Slave finished all tasks and exited.
logger exit
