Awaiting simulation instructions...

Awaiting simulation instructions...

Awaiting simulation instructions...

6 RECEIVE 100 1449454809919 

[Reducer4]: Got 90112 bytes.
6 RECEIVE 0 1449454839944 

[Reducer4]: Got 957304 bytes.
Awaiting simulation instructions...

Awaiting simulation instructions...

6 RECEIVE 300 1449454853512 

[Reducer4]: Got 91136 bytes.
6 RECEIVE 200 1449454877390 

[Reducer4]: Got 958312 bytes.
Awaiting simulation instructions...

Awaiting simulation instructions...

6 RECEIVE 500 1449454894159 

[Reducer4]: Got 91136 bytes.
6 RECEIVE 400 1449454920898 

[Reducer4]: Got 958152 bytes.
Awaiting simulation instructions...

Awaiting simulation instructions...

6 RECEIVE 700 1449454934739 

[Reducer4]: Got 91136 bytes.
6 RECEIVE 600 1449454960687 

[Reducer4]: Got 958488 bytes.
Awaiting simulation instructions...

Awaiting simulation instructions...

6 RECEIVE 900 1449454974151 

[Reducer4]: Got 91560 bytes.
6 RECEIVE 800 1449455001028 

[Reducer4]: Got 957464 bytes.
Awaiting simulation instructions...

Awaiting simulation instructions...

6 RECEIVE 1100 1449455012656 

[Reducer4]: Got 91560 bytes.
6 RECEIVE 1000 1449455038259 

[Reducer4]: Got 957464 bytes.
Awaiting simulation instructions...

Awaiting simulation instructions...

6 RECEIVE 1300 1449455054820 

[Reducer4]: Got 91560 bytes.
6 RECEIVE 1200 1449455081310 

[Reducer4]: Got 958488 bytes.
Awaiting simulation instructions...

Awaiting simulation instructions...

6 RECEIVE 1500 1449455094388 

[Reducer4]: Got 91560 bytes.
6 RECEIVE 1400 1449455121394 

[Reducer4]: Got 958488 bytes.
Awaiting simulation instructions...

Awaiting simulation instructions...

6 RECEIVE 1700 1449455135975 

[Reducer4]: Got 91136 bytes.
6 RECEIVE 1600 1449455161481 

[Reducer4]: Got 957464 bytes.
Awaiting simulation instructions...

Awaiting simulation instructions...

6 RECEIVE 1900 1449455174226 

[Reducer4]: Got 91560 bytes.
6 RECEIVE 1800 1449455201583 

[Reducer4]: Got 958488 bytes.
Awaiting simulation instructions...

Awaiting simulation instructions...

6 RECEIVE 2100 1449455213819 

[Reducer4]: Got 91560 bytes.
6 RECEIVE 2000 1449455238233 

[Reducer4]: Got 958312 bytes.
Slave finished all tasks and exited.
logger exit
