Awaiting simulation instructions...

Awaiting simulation instructions...

Awaiting simulation instructions...

3 RECEIVE 100 1449454807783 

[Reducer1]: Got 88504 bytes.
3 RECEIVE 0 1449454840060 

[Reducer1]: Got 957304 bytes.
Awaiting simulation instructions...

Awaiting simulation instructions...

3 RECEIVE 300 1449454852792 

[Reducer1]: Got 91136 bytes.
3 RECEIVE 200 1449454878864 

[Reducer1]: Got 957112 bytes.
Awaiting simulation instructions...

Awaiting simulation instructions...

3 RECEIVE 500 1449454893111 

[Reducer1]: Got 91560 bytes.
3 RECEIVE 400 1449454915615 

[Reducer1]: Got 958968 bytes.
Awaiting simulation instructions...

Awaiting simulation instructions...

3 RECEIVE 700 1449454933300 

[Reducer1]: Got 91560 bytes.
3 RECEIVE 600 1449454957832 

[Reducer1]: Got 958312 bytes.
Awaiting simulation instructions...

Awaiting simulation instructions...

3 RECEIVE 900 1449454974134 

[Reducer1]: Got 91560 bytes.
3 RECEIVE 800 1449454999069 

[Reducer1]: Got 958312 bytes.
Awaiting simulation instructions...

Awaiting simulation instructions...

3 RECEIVE 1100 1449455012378 

[Reducer1]: Got 91560 bytes.
3 RECEIVE 1000 1449455038579 

[Reducer1]: Got 957288 bytes.
Awaiting simulation instructions...

Awaiting simulation instructions...

3 RECEIVE 1300 1449455054864 

[Reducer1]: Got 91560 bytes.
3 RECEIVE 1200 1449455078086 

[Reducer1]: Got 958312 bytes.
Awaiting simulation instructions...

Awaiting simulation instructions...

3 RECEIVE 1500 1449455094128 

[Reducer1]: Got 91560 bytes.
3 RECEIVE 1400 1449455117543 

[Reducer1]: Got 958488 bytes.
Awaiting simulation instructions...

Awaiting simulation instructions...

3 RECEIVE 1700 1449455135628 

[Reducer1]: Got 91136 bytes.
3 RECEIVE 1600 1449455155925 

[Reducer1]: Got 956248 bytes.
Awaiting simulation instructions...

Awaiting simulation instructions...

3 RECEIVE 1900 1449455172819 

[Reducer1]: Got 91560 bytes.
3 RECEIVE 1800 1449455196995 

[Reducer1]: Got 958312 bytes.
Awaiting simulation instructions...

Awaiting simulation instructions...

3 RECEIVE 2100 1449455213365 

[Reducer1]: Got 91560 bytes.
3 RECEIVE 2000 1449455234790 

[Reducer1]: Got 957624 bytes.
Slave finished all tasks and exited.
logger exit
