Awaiting simulation instructions...

Awaiting simulation instructions...

Awaiting simulation instructions...

9 RECEIVE 100 1449454809309 

[Reducer7]: Got 89352 bytes.
9 RECEIVE 0 1449454838647 

[Reducer7]: Got 959176 bytes.
Awaiting simulation instructions...

Awaiting simulation instructions...

9 RECEIVE 300 1449454853546 

[Reducer7]: Got 91136 bytes.
9 RECEIVE 200 1449454880341 

[Reducer7]: Got 958488 bytes.
Awaiting simulation instructions...

Awaiting simulation instructions...

9 RECEIVE 500 1449454894046 

[Reducer7]: Got 91136 bytes.
9 RECEIVE 400 1449454919525 

[Reducer7]: Got 959336 bytes.
Awaiting simulation instructions...

Awaiting simulation instructions...

9 RECEIVE 700 1449454933686 

[Reducer7]: Got 91560 bytes.
9 RECEIVE 600 1449454959164 

[Reducer7]: Got 958488 bytes.
Awaiting simulation instructions...

Awaiting simulation instructions...

9 RECEIVE 900 1449454974792 

[Reducer7]: Got 91560 bytes.
9 RECEIVE 800 1449454998710 

[Reducer7]: Got 957288 bytes.
Awaiting simulation instructions...

Awaiting simulation instructions...

9 RECEIVE 1100 1449455013833 

[Reducer7]: Got 91136 bytes.
9 RECEIVE 1000 1449455040922 

[Reducer7]: Got 958488 bytes.
Awaiting simulation instructions...

Awaiting simulation instructions...

9 RECEIVE 1300 1449455054688 

[Reducer7]: Got 91560 bytes.
9 RECEIVE 1200 1449455078863 

[Reducer7]: Got 958488 bytes.
Awaiting simulation instructions...

Awaiting simulation instructions...

9 RECEIVE 1500 1449455094036 

[Reducer7]: Got 91560 bytes.
9 RECEIVE 1400 1449455120773 

[Reducer7]: Got 958312 bytes.
Awaiting simulation instructions...

Awaiting simulation instructions...

9 RECEIVE 1700 1449455136002 

[Reducer7]: Got 91136 bytes.
9 RECEIVE 1600 1449455161771 

[Reducer7]: Got 958488 bytes.
Awaiting simulation instructions...

Awaiting simulation instructions...

9 RECEIVE 1900 1449455174291 

[Reducer7]: Got 91560 bytes.
9 RECEIVE 1800 1449455201902 

[Reducer7]: Got 958488 bytes.
Awaiting simulation instructions...

Awaiting simulation instructions...

9 RECEIVE 2100 1449455214995 

[Reducer7]: Got 91136 bytes.
9 RECEIVE 2000 1449455242009 

[Reducer7]: Got 958488 bytes.
Slave finished all tasks and exited.
logger exit
