11 RECEIVE 100 1449441835834 
11 RECEIVE 200 1449441837676 
11 RECEIVE 0 1449441865018 
11 RECEIVE 400 1449441901568 
11 RECEIVE 500 1449441901605 
11 RECEIVE 300 1449441929410 
11 RECEIVE 700 1449441962611 
11 RECEIVE 800 1449441962871 
11 RECEIVE 600 1449441989724 
11 RECEIVE 1000 1449442022028 
11 RECEIVE 1100 1449442022939 
11 RECEIVE 900 1449442050084 
11 RECEIVE 1400 1449442081697 
11 RECEIVE 1300 1449442082051 
11 RECEIVE 1200 1449442109305 
11 RECEIVE 1700 1449442143566 
11 RECEIVE 1600 1449442143685 
11 RECEIVE 1500 1449442169996 
11 RECEIVE 1900 1449442202563 
11 RECEIVE 2000 1449442204254 
11 RECEIVE 1800 1449442230567 
11 RECEIVE 2200 1449442263595 
11 RECEIVE 2300 1449442263834 
11 RECEIVE 2100 1449442291125 
11 RECEIVE 2600 1449442322317 
11 RECEIVE 2500 1449442323342 
11 RECEIVE 2400 1449442351390 
11 RECEIVE 2800 1449442385625 
11 RECEIVE 2900 1449442385870 
11 RECEIVE 2700 1449442411593 
11 RECEIVE 3100 1449442442603 
11 RECEIVE 3200 1449442445155 
11 RECEIVE 3000 1449442469810 
