3 RECEIVE 200 1449441837344 
3 RECEIVE 100 1449441838762 
3 RECEIVE 0 1449441866298 
3 RECEIVE 400 1449441898521 
3 RECEIVE 500 1449441900744 
3 RECEIVE 300 1449441922425 
3 RECEIVE 700 1449441959439 
3 RECEIVE 800 1449441959621 
3 RECEIVE 600 1449441987500 
3 RECEIVE 1000 1449442020109 
3 RECEIVE 1100 1449442023427 
3 RECEIVE 900 1449442044746 
3 RECEIVE 1300 1449442079825 
3 RECEIVE 1400 1449442081129 
3 RECEIVE 1200 1449442109665 
3 RECEIVE 1600 1449442140368 
3 RECEIVE 1700 1449442143800 
3 RECEIVE 1500 1449442164373 
3 RECEIVE 1900 1449442202246 
3 RECEIVE 2000 1449442202966 
3 RECEIVE 1800 1449442226253 
3 RECEIVE 2300 1449442263530 
3 RECEIVE 2200 1449442263975 
3 RECEIVE 2100 1449442290244 
3 RECEIVE 2500 1449442320438 
3 RECEIVE 2600 1449442321744 
3 RECEIVE 2400 1449442341307 
3 RECEIVE 2800 1449442383299 
3 RECEIVE 2900 1449442385237 
3 RECEIVE 2700 1449442409524 
3 RECEIVE 3100 1449442441886 
3 RECEIVE 3200 1449442445172 
3 RECEIVE 3000 1449442470130 
