10 RECEIVE 200 1449441835013 
10 RECEIVE 100 1449441837843 
10 RECEIVE 0 1449441869067 
10 RECEIVE 400 1449441901098 
10 RECEIVE 500 1449441902100 
10 RECEIVE 300 1449441929090 
10 RECEIVE 700 1449441961866 
10 RECEIVE 800 1449441962135 
10 RECEIVE 600 1449441988605 
10 RECEIVE 1000 1449442020389 
10 RECEIVE 1100 1449442021086 
10 RECEIVE 900 1449442049710 
10 RECEIVE 1300 1449442080065 
10 RECEIVE 1400 1449442080438 
10 RECEIVE 1200 1449442108907 
10 RECEIVE 1600 1449442142950 
10 RECEIVE 1700 1449442143603 
10 RECEIVE 1500 1449442169695 
10 RECEIVE 2000 1449442203783 
10 RECEIVE 1900 1449442204162 
10 RECEIVE 1800 1449442230877 
10 RECEIVE 2200 1449442261667 
10 RECEIVE 2300 1449442263163 
10 RECEIVE 2100 1449442290815 
10 RECEIVE 2600 1449442321922 
10 RECEIVE 2500 1449442322804 
10 RECEIVE 2400 1449442351063 
10 RECEIVE 2800 1449442382877 
10 RECEIVE 2900 1449442385367 
10 RECEIVE 2700 1449442411282 
10 RECEIVE 3100 1449442444767 
10 RECEIVE 3200 1449442445313 
10 RECEIVE 3000 1449442471158 
