8 RECEIVE 100 1449441833531 
8 RECEIVE 200 1449441835353 
8 RECEIVE 0 1449441868672 
8 RECEIVE 500 1449441900935 
8 RECEIVE 400 1449441901881 
8 RECEIVE 300 1449441928780 
8 RECEIVE 700 1449441962536 
8 RECEIVE 800 1449441962888 
8 RECEIVE 600 1449441989380 
8 RECEIVE 1000 1449442023109 
8 RECEIVE 1100 1449442023126 
8 RECEIVE 900 1449442049090 
8 RECEIVE 1300 1449442081983 
8 RECEIVE 1400 1449442082442 
8 RECEIVE 1200 1449442106977 
8 RECEIVE 1600 1449442141124 
8 RECEIVE 1700 1449442142007 
8 RECEIVE 1500 1449442168025 
8 RECEIVE 1900 1449442201457 
8 RECEIVE 2000 1449442204237 
8 RECEIVE 1800 1449442229918 
8 RECEIVE 2200 1449442260824 
8 RECEIVE 2300 1449442261226 
8 RECEIVE 2100 1449442289870 
8 RECEIVE 2600 1449442322567 
8 RECEIVE 2500 1449442323733 
8 RECEIVE 2400 1449442350412 
8 RECEIVE 2800 1449442383982 
8 RECEIVE 2900 1449442384305 
8 RECEIVE 2700 1449442411009 
8 RECEIVE 3100 1449442443394 
8 RECEIVE 3200 1449442444509 
8 RECEIVE 3000 1449442471788 
