6 RECEIVE 200 1449441834993 
6 RECEIVE 100 1449441836329 
6 RECEIVE 0 1449441865464 
6 RECEIVE 500 1449441899516 
6 RECEIVE 400 1449441900503 
6 RECEIVE 300 1449441927928 
6 RECEIVE 700 1449441960916 
6 RECEIVE 800 1449441962728 
6 RECEIVE 600 1449441988188 
6 RECEIVE 1100 1449442020821 
6 RECEIVE 1000 1449442022560 
6 RECEIVE 900 1449442047900 
6 RECEIVE 1400 1449442080620 
6 RECEIVE 1300 1449442082970 
6 RECEIVE 1200 1449442110285 
6 RECEIVE 1600 1449442140761 
6 RECEIVE 1700 1449442143856 
6 RECEIVE 1500 1449442169375 
6 RECEIVE 1900 1449442201295 
6 RECEIVE 2000 1449442203429 
6 RECEIVE 1800 1449442227969 
6 RECEIVE 2300 1449442263464 
6 RECEIVE 2200 1449442263642 
6 RECEIVE 2100 1449442289095 
6 RECEIVE 2500 1449442320639 
6 RECEIVE 2600 1449442323855 
6 RECEIVE 2400 1449442349830 
6 RECEIVE 2900 1449442384145 
6 RECEIVE 2800 1449442384717 
6 RECEIVE 2700 1449442407362 
6 RECEIVE 3100 1449442442402 
6 RECEIVE 3200 1449442444575 
6 RECEIVE 3000 1449442470827 
