5 RECEIVE 100 1449441835660 
5 RECEIVE 200 1449441837518 
5 RECEIVE 0 1449441865077 
5 RECEIVE 400 1449441899764 
5 RECEIVE 500 1449441901709 
5 RECEIVE 300 1449441927530 
5 RECEIVE 700 1449441960552 
5 RECEIVE 800 1449441962220 
5 RECEIVE 600 1449441988072 
5 RECEIVE 1100 1449442023230 
5 RECEIVE 1000 1449442023276 
5 RECEIVE 900 1449442048143 
5 RECEIVE 1400 1449442082175 
5 RECEIVE 1300 1449442082624 
5 RECEIVE 1200 1449442109762 
5 RECEIVE 1600 1449442140588 
5 RECEIVE 1700 1449442143006 
5 RECEIVE 1500 1449442168161 
5 RECEIVE 2000 1449442203965 
5 RECEIVE 1900 1449442204271 
5 RECEIVE 1800 1449442224557 
5 RECEIVE 2200 1449442261486 
5 RECEIVE 2300 1449442262681 
5 RECEIVE 2100 1449442288105 
5 RECEIVE 2500 1449442321108 
5 RECEIVE 2600 1449442323809 
5 RECEIVE 2400 1449442348870 
5 RECEIVE 2800 1449442384431 
5 RECEIVE 2900 1449442385717 
5 RECEIVE 2700 1449442410387 
5 RECEIVE 3200 1449442442921 
5 RECEIVE 3100 1449442443903 
5 RECEIVE 3000 1449442470508 
