2 RECEIVE 100 1449441834528 
2 RECEIVE 200 1449441837021 
2 RECEIVE 0 1449441869343 
2 RECEIVE 400 1449441899148 
2 RECEIVE 500 1449441900292 
2 RECEIVE 300 1449441923093 
2 RECEIVE 700 1449441959179 
2 RECEIVE 800 1449441959803 
2 RECEIVE 600 1449441985837 
2 RECEIVE 1000 1449442019947 
2 RECEIVE 1100 1449442021636 
2 RECEIVE 900 1449442042683 
2 RECEIVE 1300 1449442079594 
2 RECEIVE 1400 1449442081321 
2 RECEIVE 1200 1449442106211 
2 RECEIVE 1700 1449442140942 
2 RECEIVE 1600 1449442141776 
2 RECEIVE 1500 1449442165837 
2 RECEIVE 1900 1449442201016 
2 RECEIVE 2000 1449442202706 
2 RECEIVE 1800 1449442228250 
2 RECEIVE 2300 1449442261888 
2 RECEIVE 2200 1449442263229 
2 RECEIVE 2100 1449442285363 
2 RECEIVE 2500 1449442320262 
2 RECEIVE 2600 1449442323629 
2 RECEIVE 2400 1449442349578 
2 RECEIVE 2800 1449442385394 
2 RECEIVE 2900 1449442385547 
2 RECEIVE 2700 1449442409727 
2 RECEIVE 3100 1449442442211 
2 RECEIVE 3200 1449442444592 
2 RECEIVE 3000 1449442469500 
