11 RECEIVE 100 1449448266944 
11 RECEIVE 0 1449448297950 
11 RECEIVE 300 1449448311047 
11 RECEIVE 200 1449448338428 
11 RECEIVE 500 1449448351147 
11 RECEIVE 400 1449448378082 
11 RECEIVE 700 1449448391672 
11 RECEIVE 600 1449448418900 
11 RECEIVE 900 1449448432396 
11 RECEIVE 800 1449448458839 
11 RECEIVE 1100 1449448472619 
11 RECEIVE 1000 1449448499289 
11 RECEIVE 1300 1449448513152 
11 RECEIVE 1200 1449448539349 
11 RECEIVE 1500 1449448553226 
11 RECEIVE 1400 1449448579344 
11 RECEIVE 1700 1449448590671 
11 RECEIVE 1600 1449448618728 
11 RECEIVE 1900 1449448633378 
11 RECEIVE 1800 1449448659490 
11 RECEIVE 2100 1449448672993 
11 RECEIVE 2000 1449448698902 
