6 RECEIVE 100 1449448264594 
6 RECEIVE 0 1449448296605 
6 RECEIVE 300 1449448310887 
6 RECEIVE 200 1449448337454 
6 RECEIVE 500 1449448351407 
6 RECEIVE 400 1449448376471 
6 RECEIVE 700 1449448390527 
6 RECEIVE 600 1449448417916 
6 RECEIVE 900 1449448431295 
6 RECEIVE 800 1449448457840 
6 RECEIVE 1100 1449448472704 
6 RECEIVE 1000 1449448496709 
6 RECEIVE 1300 1449448512953 
6 RECEIVE 1200 1449448537100 
6 RECEIVE 1500 1449448552009 
6 RECEIVE 1400 1449448576890 
6 RECEIVE 1700 1449448591254 
6 RECEIVE 1600 1449448619755 
6 RECEIVE 1900 1449448632095 
6 RECEIVE 1800 1449448657405 
6 RECEIVE 2100 1449448671630 
6 RECEIVE 2000 1449448696846 
