4 RECEIVE 100 1449448265223 
4 RECEIVE 0 1449448296197 
4 RECEIVE 300 1449448309968 
4 RECEIVE 200 1449448336739 
4 RECEIVE 500 1449448350187 
4 RECEIVE 400 1449448376141 
4 RECEIVE 700 1449448391189 
4 RECEIVE 600 1449448414746 
4 RECEIVE 900 1449448431965 
4 RECEIVE 800 1449448457540 
4 RECEIVE 1100 1449448472563 
4 RECEIVE 1000 1449448497698 
4 RECEIVE 1300 1449448513208 
4 RECEIVE 1200 1449448538050 
4 RECEIVE 1500 1449448552584 
4 RECEIVE 1400 1449448573071 
4 RECEIVE 1700 1449448591058 
4 RECEIVE 1600 1449448619435 
4 RECEIVE 1900 1449448631904 
4 RECEIVE 1800 1449448658123 
4 RECEIVE 2100 1449448673306 
4 RECEIVE 2000 1449448697195 
