3 RECEIVE 100 1449448265659 
3 RECEIVE 0 1449448296992 
3 RECEIVE 300 1449448309265 
3 RECEIVE 200 1449448337780 
3 RECEIVE 500 1449448350005 
3 RECEIVE 400 1449448372654 
3 RECEIVE 700 1449448390035 
3 RECEIVE 600 1449448413971 
3 RECEIVE 900 1449448430978 
3 RECEIVE 800 1449448456861 
3 RECEIVE 1100 1449448472342 
3 RECEIVE 1000 1449448496253 
3 RECEIVE 1300 1449448512369 
3 RECEIVE 1200 1449448536674 
3 RECEIVE 1500 1449448553025 
3 RECEIVE 1400 1449448576144 
3 RECEIVE 1700 1449448590122 
3 RECEIVE 1600 1449448617068 
3 RECEIVE 1900 1449448632374 
3 RECEIVE 1800 1449448657065 
3 RECEIVE 2100 1449448672901 
3 RECEIVE 2000 1449448696178 
