10 RECEIVE 100 1449448266255 
10 RECEIVE 0 1449448294453 
10 RECEIVE 300 1449448310802 
10 RECEIVE 200 1449448335324 
10 RECEIVE 500 1449448351608 
10 RECEIVE 400 1449448378393 
10 RECEIVE 700 1449448390949 
10 RECEIVE 600 1449448416336 
10 RECEIVE 900 1449448432137 
10 RECEIVE 800 1449448458509 
10 RECEIVE 1100 1449448472141 
10 RECEIVE 1000 1449448498424 
10 RECEIVE 1300 1449448512264 
10 RECEIVE 1200 1449448537721 
10 RECEIVE 1500 1449448553292 
10 RECEIVE 1400 1449448579023 
10 RECEIVE 1700 1449448590862 
10 RECEIVE 1600 1449448617457 
10 RECEIVE 1900 1449448633334 
10 RECEIVE 1800 1449448658433 
10 RECEIVE 2100 1449448673202 
10 RECEIVE 2000 1449448700250 
