7 RECEIVE 100 1449448265490 
7 RECEIVE 0 1449448297293 
7 RECEIVE 300 1449448310227 
7 RECEIVE 200 1449448336187 
7 RECEIVE 500 1449448351691 
7 RECEIVE 400 1449448377152 
7 RECEIVE 700 1449448391425 
7 RECEIVE 600 1449448415715 
7 RECEIVE 900 1449448431754 
7 RECEIVE 800 1449448453170 
7 RECEIVE 1100 1449448471603 
7 RECEIVE 1000 1449448497445 
7 RECEIVE 1300 1449448511513 
7 RECEIVE 1200 1449448537410 
7 RECEIVE 1500 1449448552191 
7 RECEIVE 1400 1449448574447 
7 RECEIVE 1700 1449448591781 
7 RECEIVE 1600 1449448617777 
7 RECEIVE 1900 1449448632949 
7 RECEIVE 1800 1449448660021 
7 RECEIVE 2100 1449448671817 
7 RECEIVE 2000 1449448697932 
