5 RECEIVE 100 1449448264751 
5 RECEIVE 0 1449448294104 
5 RECEIVE 300 1449448310370 
5 RECEIVE 200 1449448336002 
5 RECEIVE 500 1449448350791 
5 RECEIVE 400 1449448376783 
5 RECEIVE 700 1449448391284 
5 RECEIVE 600 1449448415085 
5 RECEIVE 900 1449448432510 
5 RECEIVE 800 1449448457171 
5 RECEIVE 1100 1449448471421 
5 RECEIVE 1000 1449448497048 
5 RECEIVE 1300 1449448512560 
5 RECEIVE 1200 1449448538671 
5 RECEIVE 1500 1449448552450 
5 RECEIVE 1400 1449448576557 
5 RECEIVE 1700 1449448590475 
5 RECEIVE 1600 1449448618873 
5 RECEIVE 1900 1449448632738 
5 RECEIVE 1800 1449448657725 
5 RECEIVE 2100 1449448672918 
5 RECEIVE 2000 1449448697534 
