8 RECEIVE 100 1449448266396 
8 RECEIVE 0 1449448298542 
8 RECEIVE 300 1449448310552 
8 RECEIVE 200 1449448337095 
8 RECEIVE 500 1449448350580 
8 RECEIVE 400 1449448377481 
8 RECEIVE 700 1449448391311 
8 RECEIVE 600 1449448418246 
8 RECEIVE 900 1449448431572 
8 RECEIVE 800 1449448456551 
8 RECEIVE 1100 1449448471144 
8 RECEIVE 1000 1449448498667 
8 RECEIVE 1300 1449448512936 
8 RECEIVE 1200 1449448538351 
8 RECEIVE 1500 1449448551682 
8 RECEIVE 1400 1449448579663 
8 RECEIVE 1700 1449448591734 
8 RECEIVE 1600 1449448618098 
8 RECEIVE 1900 1449448632595 
8 RECEIVE 1800 1449448656745 
8 RECEIVE 2100 1449448672874 
8 RECEIVE 2000 1449448698232 
