9 RECEIVE 100 1449448267043 
9 RECEIVE 0 1449448295364 
9 RECEIVE 300 1449448311001 
9 RECEIVE 200 1449448338087 
9 RECEIVE 500 1449448350379 
9 RECEIVE 400 1449448377782 
9 RECEIVE 700 1449448390709 
9 RECEIVE 600 1449448418580 
9 RECEIVE 900 1449448431535 
9 RECEIVE 800 1449448458189 
9 RECEIVE 1100 1449448471326 
9 RECEIVE 1000 1449448493287 
9 RECEIVE 1300 1449448513028 
9 RECEIVE 1200 1449448539039 
9 RECEIVE 1500 1449448553348 
9 RECEIVE 1400 1449448578712 
9 RECEIVE 1700 1449448591533 
9 RECEIVE 1600 1449448618418 
9 RECEIVE 1900 1449448633361 
9 RECEIVE 1800 1449448658772 
9 RECEIVE 2100 1449448672101 
9 RECEIVE 2000 1449448699859 
