Awaiting simulation instructions...

Awaiting simulation instructions...

Awaiting simulation instructions...

5 RECEIVE 100 1449434830459 

[Reducer3]: Got 89352 bytes.
[Reducer3]: Got 185944 bytes.
5 RECEIVE 0 1449434835185 

Awaiting simulation instructions...

Awaiting simulation instructions...

5 RECEIVE 300 1449434873841 

[Reducer3]: Got 91560 bytes.
5 RECEIVE 200 1449434874769 

[Reducer3]: Got 183048 bytes.
Awaiting simulation instructions...

Awaiting simulation instructions...

5 RECEIVE 400 1449434912665 

[Reducer3]: Got 185680 bytes.
5 RECEIVE 500 1449434915134 

[Reducer3]: Got 91136 bytes.
Awaiting simulation instructions...

Awaiting simulation instructions...

5 RECEIVE 600 1449434952997 

[Reducer3]: Got 186104 bytes.
[Reducer3]: Got 91560 bytes.
5 RECEIVE 700 1449434954253 

Awaiting simulation instructions...

Awaiting simulation instructions...

5 RECEIVE 800 1449434992795 

[Reducer3]: Got 186104 bytes.
5 RECEIVE 900 1449434995112 

[Reducer3]: Got 91560 bytes.
Awaiting simulation instructions...

Awaiting simulation instructions...

5 RECEIVE 1000 1449435033403 

[Reducer3]: Got 186104 bytes.
5 RECEIVE 1100 1449435035934 

[Reducer3]: Got 91560 bytes.
Awaiting simulation instructions...

Awaiting simulation instructions...

5 RECEIVE 1300 1449435073904 

[Reducer3]: Got 91560 bytes.
5 RECEIVE 1200 1449435075489 

[Reducer3]: Got 186104 bytes.
Awaiting simulation instructions...

Awaiting simulation instructions...

5 RECEIVE 1400 1449435113787 

[Reducer3]: Got 186104 bytes.
5 RECEIVE 1500 1449435116345 

[Reducer3]: Got 91560 bytes.
Awaiting simulation instructions...

Awaiting simulation instructions...

5 RECEIVE 1600 1449435154520 

[Reducer3]: Got 186280 bytes.
[Reducer3]: Got 91560 bytes.
5 RECEIVE 1700 1449435154747 

Awaiting simulation instructions...

Awaiting simulation instructions...

5 RECEIVE 1800 1449435192116 

[Reducer3]: Got 184056 bytes.
5 RECEIVE 1900 1449435195110 

[Reducer3]: Got 91560 bytes.
Awaiting simulation instructions...

Awaiting simulation instructions...

5 RECEIVE 2000 1449435234166 

[Reducer3]: Got 185680 bytes.
5 RECEIVE 2100 1449435235889 

[Reducer3]: Got 91560 bytes.
Slave finished all tasks and exited.
logger exit
