Awaiting simulation instructions...

Awaiting simulation instructions...

Awaiting simulation instructions...

6 RECEIVE 100 1449434830173 

[Reducer4]: Got 89352 bytes.
6 RECEIVE 0 1449434835517 

[Reducer4]: Got 186704 bytes.
Awaiting simulation instructions...

Awaiting simulation instructions...

6 RECEIVE 200 1449434872636 

[Reducer4]: Got 185680 bytes.
6 RECEIVE 300 1449434873244 

[Reducer4]: Got 91560 bytes.
Awaiting simulation instructions...

Awaiting simulation instructions...

[Reducer4]: Got 185680 bytes.
6 RECEIVE 400 1449434913203 

[Reducer4]: Got 91560 bytes.
6 RECEIVE 500 1449434915161 

Awaiting simulation instructions...

Awaiting simulation instructions...

6 RECEIVE 600 1449434953154 

[Reducer4]: Got 186104 bytes.
6 RECEIVE 700 1449434953889 

[Reducer4]: Got 91560 bytes.
Awaiting simulation instructions...

Awaiting simulation instructions...

6 RECEIVE 800 1449434992638 

[Reducer4]: Got 186104 bytes.
[Reducer4]: Got 91560 bytes.
6 RECEIVE 900 1449434994835 

Awaiting simulation instructions...

Awaiting simulation instructions...

6 RECEIVE 1000 1449435032053 

[Reducer4]: Got 185944 bytes.
6 RECEIVE 1100 1449435036247 

[Reducer4]: Got 91560 bytes.
Awaiting simulation instructions...

Awaiting simulation instructions...

6 RECEIVE 1300 1449435074691 

[Reducer4]: Got 91560 bytes.
6 RECEIVE 1200 1449435075646 

[Reducer4]: Got 186104 bytes.
Awaiting simulation instructions...

Awaiting simulation instructions...

6 RECEIVE 1400 1449435113630 

[Reducer4]: Got 186104 bytes.
6 RECEIVE 1500 1449435114917 

[Reducer4]: Got 91560 bytes.
Awaiting simulation instructions...

Awaiting simulation instructions...

6 RECEIVE 1600 1449435151592 

[Reducer4]: Got 184408 bytes.
6 RECEIVE 1700 1449435155285 

[Reducer4]: Got 91560 bytes.
Awaiting simulation instructions...

Awaiting simulation instructions...

6 RECEIVE 1800 1449435192293 

[Reducer4]: Got 186104 bytes.
6 RECEIVE 1900 1449435195292 

[Reducer4]: Got 91560 bytes.
Awaiting simulation instructions...

Awaiting simulation instructions...

[Reducer4]: Got 186280 bytes.
6 RECEIVE 2000 1449435234327 

6 RECEIVE 2100 1449435235132 

[Reducer4]: Got 94032 bytes.
Slave finished all tasks and exited.
logger exit
