Awaiting simulation instructions...

Awaiting simulation instructions...

Awaiting simulation instructions...

8 RECEIVE 100 1449434830808 

[Reducer6]: Got 89352 bytes.
8 RECEIVE 0 1449434835727 

[Reducer6]: Got 186704 bytes.
Awaiting simulation instructions...

Awaiting simulation instructions...

8 RECEIVE 200 1449434872479 

[Reducer6]: Got 186104 bytes.
8 RECEIVE 300 1449434873984 

[Reducer6]: Got 91560 bytes.
Awaiting simulation instructions...

Awaiting simulation instructions...

8 RECEIVE 400 1449434913049 

[Reducer6]: Got 186968 bytes.
8 RECEIVE 500 1449434914312 

[Reducer6]: Got 91560 bytes.
Awaiting simulation instructions...

Awaiting simulation instructions...

[Reducer6]: Got 186280 bytes.
8 RECEIVE 600 1449434953662 

8 RECEIVE 700 1449434954981 

[Reducer6]: Got 91560 bytes.
Awaiting simulation instructions...

Awaiting simulation instructions...

8 RECEIVE 800 1449434993137 

[Reducer6]: Got 186104 bytes.
8 RECEIVE 900 1449434995762 

[Reducer6]: Got 91560 bytes.
Awaiting simulation instructions...

Awaiting simulation instructions...

8 RECEIVE 1000 1449435033246 

[Reducer6]: Got 186104 bytes.
8 RECEIVE 1100 1449435036201 

[Reducer6]: Got 91560 bytes.
Awaiting simulation instructions...

Awaiting simulation instructions...

8 RECEIVE 1300 1449435074375 

[Reducer6]: Got 91560 bytes.
8 RECEIVE 1200 1449435076116 

[Reducer6]: Got 186280 bytes.
Awaiting simulation instructions...

Awaiting simulation instructions...

8 RECEIVE 1400 1449435114443 

[Reducer6]: Got 185944 bytes.
8 RECEIVE 1500 1449435115234 

[Reducer6]: Got 91560 bytes.
Awaiting simulation instructions...

Awaiting simulation instructions...

8 RECEIVE 1700 1449435154928 

[Reducer6]: Got 91560 bytes.
[Reducer6]: Got 186280 bytes.
8 RECEIVE 1600 1449435156837 

Awaiting simulation instructions...

Awaiting simulation instructions...

8 RECEIVE 1900 1449435196031 

[Reducer6]: Got 91560 bytes.
8 RECEIVE 1800 1449435196874 

[Reducer6]: Got 186104 bytes.
Awaiting simulation instructions...

Awaiting simulation instructions...

8 RECEIVE 2100 1449435236071 

[Reducer6]: Got 91560 bytes.
8 RECEIVE 2000 1449435237038 

[Reducer6]: Got 186280 bytes.
Slave finished all tasks and exited.
logger exit
