Awaiting simulation instructions...

Awaiting simulation instructions...

Awaiting simulation instructions...

9 RECEIVE 100 1449434830299 

[Reducer7]: Got 89352 bytes.
9 RECEIVE 0 1449434834937 

[Reducer7]: Got 186104 bytes.
Awaiting simulation instructions...

Awaiting simulation instructions...

9 RECEIVE 200 1449434872788 

[Reducer7]: Got 185680 bytes.
9 RECEIVE 300 1449434874648 

[Reducer7]: Got 91560 bytes.
Awaiting simulation instructions...

Awaiting simulation instructions...

9 RECEIVE 500 1449434913725 

[Reducer7]: Got 91560 bytes.
9 RECEIVE 400 1449434914537 

[Reducer7]: Got 184072 bytes.
Awaiting simulation instructions...

Awaiting simulation instructions...

9 RECEIVE 600 1449434953339 

[Reducer7]: Got 186104 bytes.
9 RECEIVE 700 1449434954799 

[Reducer7]: Got 91560 bytes.
Awaiting simulation instructions...

Awaiting simulation instructions...

9 RECEIVE 800 1449434994705 

[Reducer7]: Got 185944 bytes.
9 RECEIVE 900 1449434995628 

[Reducer7]: Got 91560 bytes.
Awaiting simulation instructions...

Awaiting simulation instructions...

9 RECEIVE 1000 1449435033716 

[Reducer7]: Got 186280 bytes.
9 RECEIVE 1100 1449435035156 

[Reducer7]: Got 91560 bytes.
Awaiting simulation instructions...

Awaiting simulation instructions...

9 RECEIVE 1300 1449435074480 

[Reducer7]: Got 91560 bytes.
9 RECEIVE 1200 1449435076340 

[Reducer7]: Got 185944 bytes.
Awaiting simulation instructions...

Awaiting simulation instructions...

9 RECEIVE 1500 1449435116163 

[Reducer7]: Got 91560 bytes.
9 RECEIVE 1400 1449435116667 

[Reducer7]: Got 185944 bytes.
Awaiting simulation instructions...

Awaiting simulation instructions...

9 RECEIVE 1600 1449435153304 

[Reducer7]: Got 186280 bytes.
9 RECEIVE 1700 1449435155629 

[Reducer7]: Got 91560 bytes.
Awaiting simulation instructions...

Awaiting simulation instructions...

[Reducer7]: Got 91560 bytes.
9 RECEIVE 1900 1449435196473 

9 RECEIVE 1800 1449435197089 

[Reducer7]: Got 186280 bytes.
Awaiting simulation instructions...

Awaiting simulation instructions...

9 RECEIVE 2100 1449435236272 

[Reducer7]: Got 91560 bytes.
9 RECEIVE 2000 1449435236871 

[Reducer7]: Got 186280 bytes.
Slave finished all tasks and exited.
logger exit
