Awaiting simulation instructions...

Awaiting simulation instructions...

Awaiting simulation instructions...

4 RECEIVE 100 1449434829943 

[Reducer2]: Got 89352 bytes.
4 RECEIVE 0 1449434835356 

[Reducer2]: Got 186704 bytes.
Awaiting simulation instructions...

Awaiting simulation instructions...

4 RECEIVE 300 1449434873071 

[Reducer2]: Got 91560 bytes.
[Reducer2]: Got 183048 bytes.
4 RECEIVE 200 1449434874933 

Awaiting simulation instructions...

Awaiting simulation instructions...

4 RECEIVE 400 1449434912556 

[Reducer2]: Got 184904 bytes.
[Reducer2]: Got 91560 bytes.
4 RECEIVE 500 1449434914523 

Awaiting simulation instructions...

Awaiting simulation instructions...

4 RECEIVE 600 1449434951269 

[Reducer2]: Got 186280 bytes.
4 RECEIVE 700 1449434955527 

[Reducer2]: Got 91560 bytes.
Awaiting simulation instructions...

Awaiting simulation instructions...

4 RECEIVE 800 1449434990603 

[Reducer2]: Got 187128 bytes.
4 RECEIVE 900 1449434994555 

[Reducer2]: Got 91560 bytes.
Awaiting simulation instructions...

Awaiting simulation instructions...

4 RECEIVE 1000 1449435034094 

[Reducer2]: Got 185944 bytes.
4 RECEIVE 1100 1449435035578 

[Reducer2]: Got 91560 bytes.
Awaiting simulation instructions...

Awaiting simulation instructions...

4 RECEIVE 1300 1449435075292 

[Reducer2]: Got 91560 bytes.
[Reducer2]: Got 186280 bytes.
4 RECEIVE 1200 1449435075959 

Awaiting simulation instructions...

Awaiting simulation instructions...

4 RECEIVE 1400 1449435113944 

[Reducer2]: Got 186104 bytes.
4 RECEIVE 1500 1449435115465 

[Reducer2]: Got 91560 bytes.
Awaiting simulation instructions...

Awaiting simulation instructions...

4 RECEIVE 1600 1449435154080 

[Reducer2]: Got 186104 bytes.
4 RECEIVE 1700 1449435156194 

[Reducer2]: Got 91560 bytes.
Awaiting simulation instructions...

Awaiting simulation instructions...

4 RECEIVE 1800 1449435193926 

[Reducer2]: Got 186104 bytes.
4 RECEIVE 1900 1449435194928 

[Reducer2]: Got 91560 bytes.
Awaiting simulation instructions...

Awaiting simulation instructions...

4 RECEIVE 2000 1449435234000 

[Reducer2]: Got 186280 bytes.
4 RECEIVE 2100 1449435235382 

[Reducer2]: Got 91560 bytes.
Slave finished all tasks and exited.
logger exit
