Awaiting simulation instructions...

Awaiting simulation instructions...

Awaiting simulation instructions...

7 RECEIVE 100 1449434829826 

[Reducer5]: Got 89352 bytes.
7 RECEIVE 0 1449434835839 

[Reducer5]: Got 186704 bytes.
Awaiting simulation instructions...

Awaiting simulation instructions...

7 RECEIVE 200 1449434872265 

[Reducer5]: Got 187304 bytes.
7 RECEIVE 300 1449434874566 

[Reducer5]: Got 91560 bytes.
Awaiting simulation instructions...

Awaiting simulation instructions...

7 RECEIVE 500 1449434914608 

[Reducer5]: Got 91560 bytes.
7 RECEIVE 400 1449434915677 

[Reducer5]: Got 186280 bytes.
Awaiting simulation instructions...

Awaiting simulation instructions...

7 RECEIVE 600 1449434953506 

[Reducer5]: Got 186280 bytes.
7 RECEIVE 700 1449434955364 

[Reducer5]: Got 91560 bytes.
Awaiting simulation instructions...

Awaiting simulation instructions...

7 RECEIVE 800 1449434992951 

[Reducer5]: Got 186104 bytes.
7 RECEIVE 900 1449434994958 

[Reducer5]: Got 91560 bytes.
Awaiting simulation instructions...

Awaiting simulation instructions...

7 RECEIVE 1000 1449435029759 

[Reducer5]: Got 188152 bytes.
7 RECEIVE 1100 1449435035338 

[Reducer5]: Got 91560 bytes.
Awaiting simulation instructions...

Awaiting simulation instructions...

7 RECEIVE 1300 1449435074890 

[Reducer5]: Got 91560 bytes.
7 RECEIVE 1200 1449435075803 

[Reducer5]: Got 186104 bytes.
Awaiting simulation instructions...

Awaiting simulation instructions...

7 RECEIVE 1400 1449435114100 

[Reducer5]: Got 186104 bytes.
7 RECEIVE 1500 1449435116107 

[Reducer5]: Got 91560 bytes.
Awaiting simulation instructions...

Awaiting simulation instructions...

7 RECEIVE 1600 1449435152323 

[Reducer5]: Got 186104 bytes.
7 RECEIVE 1700 1449435155467 

[Reducer5]: Got 91560 bytes.
Awaiting simulation instructions...

Awaiting simulation instructions...

7 RECEIVE 1900 1449435195629 

[Reducer5]: Got 91560 bytes.
7 RECEIVE 1800 1449435196687 

[Reducer5]: Got 186280 bytes.
Awaiting simulation instructions...

Awaiting simulation instructions...

7 RECEIVE 2000 1449435233834 

[Reducer5]: Got 186104 bytes.
7 RECEIVE 2100 1449435235668 

[Reducer5]: Got 91560 bytes.
Slave finished all tasks and exited.
logger exit
