Awaiting simulation instructions...

Awaiting simulation instructions...

Awaiting simulation instructions...

3 RECEIVE 100 1449434831109 

[Reducer1]: Got 89352 bytes.
3 RECEIVE 0 1449434834364 

[Reducer1]: Got 186104 bytes.
Awaiting simulation instructions...

Awaiting simulation instructions...

3 RECEIVE 300 1449434874315 

[Reducer1]: Got 91560 bytes.
3 RECEIVE 200 1449434875431 

[Reducer1]: Got 185696 bytes.
Awaiting simulation instructions...

Awaiting simulation instructions...

3 RECEIVE 400 1449434909883 

[Reducer1]: Got 188488 bytes.
3 RECEIVE 500 1449434914790 

[Reducer1]: Got 91560 bytes.
Awaiting simulation instructions...

Awaiting simulation instructions...

3 RECEIVE 700 1449434954435 

[Reducer1]: Got 91560 bytes.
3 RECEIVE 600 1449434955794 

[Reducer1]: Got 186280 bytes.
Awaiting simulation instructions...

Awaiting simulation instructions...

3 RECEIVE 800 1449434993867 

[Reducer1]: Got 185944 bytes.
3 RECEIVE 900 1449434995293 

[Reducer1]: Got 91560 bytes.
Awaiting simulation instructions...

Awaiting simulation instructions...

3 RECEIVE 1000 1449435033911 

[Reducer1]: Got 185944 bytes.
3 RECEIVE 1100 1449435034877 

[Reducer1]: Got 91560 bytes.
Awaiting simulation instructions...

Awaiting simulation instructions...

3 RECEIVE 1200 1449435073467 

[Reducer1]: Got 185944 bytes.
3 RECEIVE 1300 1449435074858 

[Reducer1]: Got 92584 bytes.
Awaiting simulation instructions...

Awaiting simulation instructions...

3 RECEIVE 1400 1449435108629 

[Reducer1]: Got 184712 bytes.
3 RECEIVE 1500 1449435114677 

[Reducer1]: Got 91560 bytes.
Awaiting simulation instructions...

Awaiting simulation instructions...

3 RECEIVE 1700 1449435156032 

[Reducer1]: Got 91560 bytes.
3 RECEIVE 1600 1449435156681 

[Reducer1]: Got 186280 bytes.
Awaiting simulation instructions...

Awaiting simulation instructions...

3 RECEIVE 1800 1449435193585 

[Reducer1]: Got 186280 bytes.
3 RECEIVE 1900 1449435196539 

[Reducer1]: Got 91560 bytes.
Awaiting simulation instructions...

Awaiting simulation instructions...

3 RECEIVE 2000 1449435232533 

[Reducer1]: Got 187976 bytes.
[Reducer1]: Got 91560 bytes.
3 RECEIVE 2100 1449435236454 

Slave finished all tasks and exited.
logger exit
