Awaiting simulation instructions...

Awaiting simulation instructions...

Awaiting simulation instructions...

11 RECEIVE 100 1449434831273 

[Reducer9]: Got 89352 bytes.
[Reducer9]: Got 186104 bytes.
11 RECEIVE 0 1449434834975 

Awaiting simulation instructions...

Awaiting simulation instructions...

11 RECEIVE 300 1449434873456 

[Reducer9]: Got 91560 bytes.
[Reducer9]: Got 184672 bytes.
11 RECEIVE 200 1449434875289 

Awaiting simulation instructions...

Awaiting simulation instructions...

11 RECEIVE 500 1449434915246 

[Reducer9]: Got 91560 bytes.
11 RECEIVE 400 1449434915513 

[Reducer9]: Got 185944 bytes.
Awaiting simulation instructions...

Awaiting simulation instructions...

11 RECEIVE 700 1449434954071 

[Reducer9]: Got 91560 bytes.
11 RECEIVE 600 1449434955941 

[Reducer9]: Got 186280 bytes.
Awaiting simulation instructions...

Awaiting simulation instructions...

11 RECEIVE 900 1449434995885 

[Reducer9]: Got 91560 bytes.
11 RECEIVE 800 1449434996200 

[Reducer9]: Got 186280 bytes.
Awaiting simulation instructions...

Awaiting simulation instructions...

[Reducer9]: Got 91560 bytes.
11 RECEIVE 1100 1449435036116 

11 RECEIVE 1000 1449435036454 

[Reducer9]: Got 186952 bytes.
Awaiting simulation instructions...

Awaiting simulation instructions...

11 RECEIVE 1300 1449435075377 

[Reducer9]: Got 91136 bytes.
11 RECEIVE 1200 1449435076667 

[Reducer9]: Got 185944 bytes.
Awaiting simulation instructions...

Awaiting simulation instructions...

11 RECEIVE 1500 1449435115569 

[Reducer9]: Got 91560 bytes.
11 RECEIVE 1400 1449435116811 

[Reducer9]: Got 185944 bytes.
Awaiting simulation instructions...

Awaiting simulation instructions...

11 RECEIVE 1700 1449435156299 

[Reducer9]: Got 91560 bytes.
11 RECEIVE 1600 1449435157003 

[Reducer9]: Got 186280 bytes.
Awaiting simulation instructions...

Awaiting simulation instructions...

11 RECEIVE 1900 1449435196556 

[Reducer9]: Got 91560 bytes.
11 RECEIVE 1800 1449435197187 

[Reducer9]: Got 186280 bytes.
Awaiting simulation instructions...

Awaiting simulation instructions...

11 RECEIVE 2100 1449435236760 

[Reducer9]: Got 91560 bytes.
11 RECEIVE 2000 1449435237571 

[Reducer9]: Got 187128 bytes.
Slave finished all tasks and exited.
logger exit
