Awaiting simulation instructions...

Awaiting simulation instructions...

Awaiting simulation instructions...

9 RECEIVE 100 1449432928196 

[Reducer7]: Got 90376 bytes.
9 RECEIVE 0 1449432960462 

[Reducer7]: Got 958152 bytes.
Awaiting simulation instructions...

Awaiting simulation instructions...

9 RECEIVE 300 1449432974255 

[Reducer7]: Got 91560 bytes.
9 RECEIVE 200 1449433001367 

[Reducer7]: Got 958488 bytes.
Awaiting simulation instructions...

Awaiting simulation instructions...

9 RECEIVE 500 1449433014251 

[Reducer7]: Got 91560 bytes.
9 RECEIVE 400 1449433041798 

[Reducer7]: Got 958152 bytes.
Awaiting simulation instructions...

Awaiting simulation instructions...

9 RECEIVE 700 1449433054667 

[Reducer7]: Got 91560 bytes.
9 RECEIVE 600 1449433081027 

[Reducer7]: Got 957040 bytes.
Awaiting simulation instructions...

Awaiting simulation instructions...

9 RECEIVE 900 1449433096080 

[Reducer7]: Got 91136 bytes.
9 RECEIVE 800 1449433122528 

[Reducer7]: Got 957464 bytes.
Awaiting simulation instructions...

Awaiting simulation instructions...

9 RECEIVE 1100 1449433135573 

[Reducer7]: Got 91560 bytes.
9 RECEIVE 1000 1449433161207 

[Reducer7]: Got 958152 bytes.
Awaiting simulation instructions...

Awaiting simulation instructions...

[Reducer7]: Got 91560 bytes.
9 RECEIVE 1300 1449433175039 

9 RECEIVE 1200 1449433200834 

[Reducer7]: Got 958152 bytes.
Awaiting simulation instructions...

Awaiting simulation instructions...

9 RECEIVE 1500 1449433214245 

[Reducer7]: Got 91560 bytes.
9 RECEIVE 1400 1449433239848 

[Reducer7]: Got 958312 bytes.
Awaiting simulation instructions...

Awaiting simulation instructions...

9 RECEIVE 1700 1449433253726 

[Reducer7]: Got 91560 bytes.
9 RECEIVE 1600 1449433281785 

[Reducer7]: Got 958312 bytes.
Awaiting simulation instructions...

Awaiting simulation instructions...

9 RECEIVE 1900 1449433296593 

[Reducer7]: Got 91136 bytes.
9 RECEIVE 1800 1449433322014 

[Reducer7]: Got 958152 bytes.
Awaiting simulation instructions...

Awaiting simulation instructions...

9 RECEIVE 2100 1449433335779 

[Reducer7]: Got 91560 bytes.
9 RECEIVE 2000 1449433358133 

[Reducer7]: Got 958152 bytes.
Slave finished all tasks and exited.
logger exit
