Awaiting simulation instructions...

Awaiting simulation instructions...

Awaiting simulation instructions...

2 RECEIVE 100 1449432928515 

[Reducer0]: Got 89512 bytes.
2 RECEIVE 0 1449432957260 

[Reducer0]: Got 958152 bytes.
Awaiting simulation instructions...

Awaiting simulation instructions...

2 RECEIVE 300 1449432974209 

[Reducer0]: Got 91560 bytes.
2 RECEIVE 200 1449432996448 

[Reducer0]: Got 960360 bytes.
Awaiting simulation instructions...

Awaiting simulation instructions...

2 RECEIVE 500 1449433013118 

[Reducer0]: Got 91560 bytes.
2 RECEIVE 400 1449433040119 

[Reducer0]: Got 958312 bytes.
Awaiting simulation instructions...

Awaiting simulation instructions...

2 RECEIVE 700 1449433054487 

[Reducer0]: Got 91560 bytes.
2 RECEIVE 600 1449433073368 

[Reducer0]: Got 957944 bytes.
Awaiting simulation instructions...

Awaiting simulation instructions...

2 RECEIVE 900 1449433096365 

[Reducer0]: Got 91136 bytes.
2 RECEIVE 800 1449433116343 

[Reducer0]: Got 957624 bytes.
Awaiting simulation instructions...

Awaiting simulation instructions...

2 RECEIVE 1100 1449433135537 

[Reducer0]: Got 91560 bytes.
2 RECEIVE 1000 1449433160702 

[Reducer0]: Got 958064 bytes.
Awaiting simulation instructions...

Awaiting simulation instructions...

2 RECEIVE 1300 1449433174656 

[Reducer0]: Got 91560 bytes.
2 RECEIVE 1200 1449433195697 

[Reducer0]: Got 959512 bytes.
Awaiting simulation instructions...

Awaiting simulation instructions...

2 RECEIVE 1500 1449433215423 

[Reducer0]: Got 91560 bytes.
2 RECEIVE 1400 1449433237773 

[Reducer0]: Got 959336 bytes.
Awaiting simulation instructions...

Awaiting simulation instructions...

2 RECEIVE 1700 1449433253353 

[Reducer0]: Got 90536 bytes.
2 RECEIVE 1600 1449433277897 

[Reducer0]: Got 958488 bytes.
Awaiting simulation instructions...

Awaiting simulation instructions...

2 RECEIVE 1900 1449433296086 

[Reducer0]: Got 91560 bytes.
2 RECEIVE 1800 1449433317902 

[Reducer0]: Got 958152 bytes.
Awaiting simulation instructions...

Awaiting simulation instructions...

2 RECEIVE 2100 1449433335394 

[Reducer0]: Got 91560 bytes.
2 RECEIVE 2000 1449433360260 

[Reducer0]: Got 958488 bytes.
Slave finished all tasks and exited.
logger exit
