Awaiting simulation instructions...

Awaiting simulation instructions...

Awaiting simulation instructions...

3 RECEIVE 100 1449448265659 

[Reducer1]: Got 89352 bytes.
3 RECEIVE 0 1449448296992 

[Reducer1]: Got 958376 bytes.
Awaiting simulation instructions...

Awaiting simulation instructions...

[Reducer1]: Got 91560 bytes.
3 RECEIVE 300 1449448309265 

3 RECEIVE 200 1449448337780 

[Reducer1]: Got 957304 bytes.
Awaiting simulation instructions...

Awaiting simulation instructions...

3 RECEIVE 500 1449448350005 

[Reducer1]: Got 91560 bytes.
3 RECEIVE 400 1449448372654 

[Reducer1]: Got 958152 bytes.
Awaiting simulation instructions...

Awaiting simulation instructions...

3 RECEIVE 700 1449448390035 

[Reducer1]: Got 91560 bytes.
3 RECEIVE 600 1449448413971 

[Reducer1]: Got 959512 bytes.
Awaiting simulation instructions...

Awaiting simulation instructions...

3 RECEIVE 900 1449448430978 

[Reducer1]: Got 91560 bytes.
3 RECEIVE 800 1449448456861 

[Reducer1]: Got 958312 bytes.
Awaiting simulation instructions...

Awaiting simulation instructions...

3 RECEIVE 1100 1449448472342 

[Reducer1]: Got 91560 bytes.
3 RECEIVE 1000 1449448496253 

[Reducer1]: Got 956440 bytes.
Awaiting simulation instructions...

Awaiting simulation instructions...

3 RECEIVE 1300 1449448512369 

[Reducer1]: Got 91560 bytes.
3 RECEIVE 1200 1449448536674 

[Reducer1]: Got 958312 bytes.
Awaiting simulation instructions...

Awaiting simulation instructions...

3 RECEIVE 1500 1449448553025 

[Reducer1]: Got 91560 bytes.
3 RECEIVE 1400 1449448576144 

[Reducer1]: Got 958488 bytes.
Awaiting simulation instructions...

Awaiting simulation instructions...

3 RECEIVE 1700 1449448590122 

[Reducer1]: Got 90536 bytes.
3 RECEIVE 1600 1449448617068 

[Reducer1]: Got 958312 bytes.
Awaiting simulation instructions...

Awaiting simulation instructions...

3 RECEIVE 1900 1449448632374 

[Reducer1]: Got 91560 bytes.
3 RECEIVE 1800 1449448657065 

[Reducer1]: Got 957288 bytes.
Awaiting simulation instructions...

Awaiting simulation instructions...

3 RECEIVE 2100 1449448672901 

[Reducer1]: Got 91560 bytes.
3 RECEIVE 2000 1449448696178 

[Reducer1]: Got 958312 bytes.
Slave finished all tasks and exited.
logger exit
