Awaiting simulation instructions...

Awaiting simulation instructions...

Awaiting simulation instructions...

2 RECEIVE 100 1449448266309 

[Reducer0]: Got 89352 bytes.
2 RECEIVE 0 1449448295024 

[Reducer0]: Got 957624 bytes.
Awaiting simulation instructions...

Awaiting simulation instructions...

2 RECEIVE 300 1449448309485 

[Reducer0]: Got 91560 bytes.
2 RECEIVE 200 1449448334693 

[Reducer0]: Got 959336 bytes.
Awaiting simulation instructions...

Awaiting simulation instructions...

2 RECEIVE 500 1449448351654 

[Reducer0]: Got 91136 bytes.
2 RECEIVE 400 1449448374591 

[Reducer0]: Got 958312 bytes.
Awaiting simulation instructions...

Awaiting simulation instructions...

2 RECEIVE 700 1449448391578 

[Reducer0]: Got 91560 bytes.
2 RECEIVE 600 1449448417422 

[Reducer0]: Got 958488 bytes.
Awaiting simulation instructions...

Awaiting simulation instructions...

2 RECEIVE 900 1449448430776 

[Reducer0]: Got 91560 bytes.
2 RECEIVE 800 1449448455690 

[Reducer0]: Got 957464 bytes.
Awaiting simulation instructions...

Awaiting simulation instructions...

2 RECEIVE 1100 1449448472037 

[Reducer0]: Got 91560 bytes.
2 RECEIVE 1000 1449448495895 

[Reducer0]: Got 958312 bytes.
Awaiting simulation instructions...

Awaiting simulation instructions...

2 RECEIVE 1300 1449448511985 

[Reducer0]: Got 91560 bytes.
[Reducer0]: Got 959816 bytes.
2 RECEIVE 1200 1449448529836 

Awaiting simulation instructions...

Awaiting simulation instructions...

2 RECEIVE 1500 1449448552649 

[Reducer0]: Got 91560 bytes.
2 RECEIVE 1400 1449448573429 

[Reducer0]: Got 957624 bytes.
Awaiting simulation instructions...

Awaiting simulation instructions...

[Reducer0]: Got 90536 bytes.
2 RECEIVE 1700 1449448590289 

2 RECEIVE 1600 1449448607574 

[Reducer0]: Got 959816 bytes.
Awaiting simulation instructions...

Awaiting simulation instructions...

2 RECEIVE 1900 1449448631721 

[Reducer0]: Got 91560 bytes.
2 RECEIVE 1800 1449448652914 

[Reducer0]: Got 957096 bytes.
Awaiting simulation instructions...

Awaiting simulation instructions...

2 RECEIVE 2100 1449448673156 

[Reducer0]: Got 91560 bytes.
2 RECEIVE 2000 1449448696478 

[Reducer0]: Got 958312 bytes.
Slave finished all tasks and exited.
logger exit
