Awaiting simulation instructions...

Awaiting simulation instructions...

Awaiting simulation instructions...

4 RECEIVE 100 1449452192044 

[Reducer2]: Got 89352 bytes.
4 RECEIVE 0 1449452223543 

[Reducer2]: Got 958912 bytes.
Awaiting simulation instructions...

Awaiting simulation instructions...

[Reducer2]: Got 91560 bytes.
4 RECEIVE 300 1449452236341 

4 RECEIVE 200 1449452262238 

[Reducer2]: Got 955240 bytes.
Awaiting simulation instructions...

Awaiting simulation instructions...

4 RECEIVE 500 1449452276556 

[Reducer2]: Got 91560 bytes.
4 RECEIVE 400 1449452303785 

[Reducer2]: Got 958312 bytes.
Awaiting simulation instructions...

Awaiting simulation instructions...

4 RECEIVE 700 1449452316537 

[Reducer2]: Got 91560 bytes.
4 RECEIVE 600 1449452344558 

[Reducer2]: Got 958488 bytes.
Awaiting simulation instructions...

Awaiting simulation instructions...

4 RECEIVE 900 1449452356516 

[Reducer2]: Got 91560 bytes.
4 RECEIVE 800 1449452384913 

[Reducer2]: Got 958488 bytes.
Awaiting simulation instructions...

Awaiting simulation instructions...

4 RECEIVE 1100 1449452396032 

[Reducer2]: Got 91560 bytes.
4 RECEIVE 1000 1449452419846 

[Reducer2]: Got 958312 bytes.
Awaiting simulation instructions...

Awaiting simulation instructions...

4 RECEIVE 1300 1449452438679 

[Reducer2]: Got 91560 bytes.
4 RECEIVE 1200 1449452461101 

[Reducer2]: Got 962408 bytes.
Awaiting simulation instructions...

Awaiting simulation instructions...

4 RECEIVE 1500 1449452478292 

[Reducer2]: Got 91560 bytes.
4 RECEIVE 1400 1449452502920 

[Reducer2]: Got 958312 bytes.
Awaiting simulation instructions...

Awaiting simulation instructions...

[Reducer2]: Got 91560 bytes.
4 RECEIVE 1700 1449452517831 

[Reducer2]: Got 958312 bytes.
4 RECEIVE 1600 1449452542693 

Awaiting simulation instructions...

Awaiting simulation instructions...

4 RECEIVE 1900 1449452558420 

[Reducer2]: Got 91560 bytes.
4 RECEIVE 1800 1449452583226 

[Reducer2]: Got 958488 bytes.
Awaiting simulation instructions...

Awaiting simulation instructions...

4 RECEIVE 2100 1449452598867 

[Reducer2]: Got 91560 bytes.
4 RECEIVE 2000 1449452626169 

[Reducer2]: Got 958488 bytes.
Slave finished all tasks and exited.
logger exit
