Awaiting simulation instructions...

Awaiting simulation instructions...

Awaiting simulation instructions...

10 RECEIVE 100 1449452190889 

[Reducer8]: Got 89352 bytes.
10 RECEIVE 0 1449452222117 

[Reducer8]: Got 958152 bytes.
Awaiting simulation instructions...

Awaiting simulation instructions...

10 RECEIVE 300 1449452235894 

[Reducer8]: Got 91560 bytes.
[Reducer8]: Got 955256 bytes.
10 RECEIVE 200 1449452263642 

Awaiting simulation instructions...

Awaiting simulation instructions...

[Reducer8]: Got 91560 bytes.
10 RECEIVE 500 1449452276796 

10 RECEIVE 400 1449452302973 

[Reducer8]: Got 958152 bytes.
Awaiting simulation instructions...

Awaiting simulation instructions...

10 RECEIVE 700 1449452317354 

[Reducer8]: Got 91560 bytes.
10 RECEIVE 600 1449452343481 

[Reducer8]: Got 956280 bytes.
Awaiting simulation instructions...

Awaiting simulation instructions...

10 RECEIVE 900 1449452356776 

[Reducer8]: Got 91560 bytes.
10 RECEIVE 800 1449452383925 

[Reducer8]: Got 957464 bytes.
Awaiting simulation instructions...

Awaiting simulation instructions...

10 RECEIVE 1100 1449452397567 

[Reducer8]: Got 91560 bytes.
10 RECEIVE 1000 1449452425083 

[Reducer8]: Got 958488 bytes.
Awaiting simulation instructions...

Awaiting simulation instructions...

10 RECEIVE 1300 1449452438764 

[Reducer8]: Got 91560 bytes.
10 RECEIVE 1200 1449452464474 

[Reducer8]: Got 958152 bytes.
Awaiting simulation instructions...

Awaiting simulation instructions...

10 RECEIVE 1500 1449452478532 

[Reducer8]: Got 91560 bytes.
10 RECEIVE 1400 1449452503977 

[Reducer8]: Got 957304 bytes.
Awaiting simulation instructions...

Awaiting simulation instructions...

10 RECEIVE 1700 1449452518569 

[Reducer8]: Got 91560 bytes.
10 RECEIVE 1600 1449452544409 

[Reducer8]: Got 957304 bytes.
Awaiting simulation instructions...

Awaiting simulation instructions...

10 RECEIVE 1900 1449452559216 

[Reducer8]: Got 91560 bytes.
10 RECEIVE 1800 1449452585931 

[Reducer8]: Got 959512 bytes.
Awaiting simulation instructions...

Awaiting simulation instructions...

10 RECEIVE 2100 1449452599049 

[Reducer8]: Got 91560 bytes.
10 RECEIVE 2000 1449452624618 

[Reducer8]: Got 956280 bytes.
Slave finished all tasks and exited.
logger exit
