Awaiting simulation instructions...

Awaiting simulation instructions...

Awaiting simulation instructions...

6 RECEIVE 100 1449452189957 

[Reducer4]: Got 90536 bytes.
6 RECEIVE 0 1449452223232 

[Reducer4]: Got 958152 bytes.
Awaiting simulation instructions...

Awaiting simulation instructions...

6 RECEIVE 300 1449452234918 

[Reducer4]: Got 92584 bytes.
6 RECEIVE 200 1449452262935 

[Reducer4]: Got 955256 bytes.
Awaiting simulation instructions...

Awaiting simulation instructions...

6 RECEIVE 500 1449452277046 

[Reducer4]: Got 91560 bytes.
6 RECEIVE 400 1449452302877 

[Reducer4]: Got 956880 bytes.
Awaiting simulation instructions...

Awaiting simulation instructions...

6 RECEIVE 700 1449452317582 

[Reducer4]: Got 91560 bytes.
6 RECEIVE 600 1449452342453 

[Reducer4]: Got 958488 bytes.
Awaiting simulation instructions...

Awaiting simulation instructions...

6 RECEIVE 900 1449452356958 

[Reducer4]: Got 91560 bytes.
6 RECEIVE 800 1449452384594 

[Reducer4]: Got 958488 bytes.
Awaiting simulation instructions...

Awaiting simulation instructions...

6 RECEIVE 1100 1449452396846 

[Reducer4]: Got 91560 bytes.
6 RECEIVE 1000 1449452424083 

[Reducer4]: Got 958488 bytes.
Awaiting simulation instructions...

Awaiting simulation instructions...

6 RECEIVE 1300 1449452437913 

[Reducer4]: Got 91560 bytes.
6 RECEIVE 1200 1449452462816 

[Reducer4]: Got 958312 bytes.
Awaiting simulation instructions...

Awaiting simulation instructions...

6 RECEIVE 1500 1449452477603 

[Reducer4]: Got 91560 bytes.
6 RECEIVE 1400 1449452504374 

[Reducer4]: Got 958152 bytes.
Awaiting simulation instructions...

Awaiting simulation instructions...

6 RECEIVE 1700 1449452517245 

[Reducer4]: Got 91560 bytes.
6 RECEIVE 1600 1449452543352 

[Reducer4]: Got 958488 bytes.
Awaiting simulation instructions...

Awaiting simulation instructions...

6 RECEIVE 1900 1449452557790 

[Reducer4]: Got 92584 bytes.
6 RECEIVE 1800 1449452582586 

[Reducer4]: Got 958312 bytes.
Awaiting simulation instructions...

Awaiting simulation instructions...

6 RECEIVE 2100 1449452599314 

[Reducer4]: Got 91560 bytes.
6 RECEIVE 2000 1449452623891 

[Reducer4]: Got 958488 bytes.
Slave finished all tasks and exited.
logger exit
