Awaiting simulation instructions...

Awaiting simulation instructions...

Awaiting simulation instructions...

7 RECEIVE 100 1449452191880 

[Reducer5]: Got 89352 bytes.
7 RECEIVE 0 1449452221603 

[Reducer5]: Got 958312 bytes.
Awaiting simulation instructions...

Awaiting simulation instructions...

7 RECEIVE 300 1449452235997 

[Reducer5]: Got 91560 bytes.
7 RECEIVE 200 1449452261762 

[Reducer5]: Got 955840 bytes.
Awaiting simulation instructions...

Awaiting simulation instructions...

7 RECEIVE 500 1449452277253 

[Reducer5]: Got 91560 bytes.
7 RECEIVE 400 1449452302489 

[Reducer5]: Got 958488 bytes.
Awaiting simulation instructions...

Awaiting simulation instructions...

7 RECEIVE 700 1449452317420 

[Reducer5]: Got 91560 bytes.
[Reducer5]: Got 958312 bytes.
7 RECEIVE 600 1449452342763 

Awaiting simulation instructions...

Awaiting simulation instructions...

7 RECEIVE 900 1449452356334 

[Reducer5]: Got 91560 bytes.
7 RECEIVE 800 1449452381840 

[Reducer5]: Got 958488 bytes.
Awaiting simulation instructions...

Awaiting simulation instructions...

7 RECEIVE 1100 1449452397230 

[Reducer5]: Got 91560 bytes.
[Reducer5]: Got 958488 bytes.
7 RECEIVE 1000 1449452421911 

Awaiting simulation instructions...

Awaiting simulation instructions...

7 RECEIVE 1300 1449452438662 

[Reducer5]: Got 91560 bytes.
7 RECEIVE 1200 1449452463514 

[Reducer5]: Got 958488 bytes.
Awaiting simulation instructions...

Awaiting simulation instructions...

7 RECEIVE 1500 1449452477727 

[Reducer5]: Got 91560 bytes.
7 RECEIVE 1400 1449452503230 

[Reducer5]: Got 958312 bytes.
Awaiting simulation instructions...

Awaiting simulation instructions...

7 RECEIVE 1700 1449452518692 

[Reducer5]: Got 91560 bytes.
7 RECEIVE 1600 1449452543042 

[Reducer5]: Got 958488 bytes.
Awaiting simulation instructions...

Awaiting simulation instructions...

7 RECEIVE 1900 1449452559388 

[Reducer5]: Got 91560 bytes.
7 RECEIVE 1800 1449452582036 

[Reducer5]: Got 957464 bytes.
Awaiting simulation instructions...

Awaiting simulation instructions...

[Reducer5]: Got 91560 bytes.
7 RECEIVE 2100 1449452599134 

7 RECEIVE 2000 1449452622136 

[Reducer5]: Got 960184 bytes.
Slave finished all tasks and exited.
logger exit
