Awaiting simulation instructions...

Awaiting simulation instructions...

Awaiting simulation instructions...

11 RECEIVE 100 1449452190285 

[Reducer9]: Got 90376 bytes.
[Reducer9]: Got 958912 bytes.
11 RECEIVE 0 1449452223819 

Awaiting simulation instructions...

Awaiting simulation instructions...

11 RECEIVE 300 1449452235684 

[Reducer9]: Got 91560 bytes.
[Reducer9]: Got 956280 bytes.
11 RECEIVE 200 1449452263400 

Awaiting simulation instructions...

Awaiting simulation instructions...

11 RECEIVE 500 1449452277216 

[Reducer9]: Got 91560 bytes.
11 RECEIVE 400 1449452303862 

[Reducer9]: Got 958152 bytes.
Awaiting simulation instructions...

Awaiting simulation instructions...

11 RECEIVE 700 1449452316930 

[Reducer9]: Got 91560 bytes.
[Reducer9]: Got 957304 bytes.
11 RECEIVE 600 1449452343810 

Awaiting simulation instructions...

Awaiting simulation instructions...

[Reducer9]: Got 91560 bytes.
11 RECEIVE 900 1449452357792 

11 RECEIVE 800 1449452384245 

[Reducer9]: Got 958488 bytes.
Awaiting simulation instructions...

Awaiting simulation instructions...

11 RECEIVE 1100 1449452397584 

[Reducer9]: Got 91560 bytes.
11 RECEIVE 1000 1449452422570 

[Reducer9]: Got 958312 bytes.
Awaiting simulation instructions...

Awaiting simulation instructions...

11 RECEIVE 1300 1449452438859 

[Reducer9]: Got 91560 bytes.
11 RECEIVE 1200 1449452464784 

[Reducer9]: Got 958152 bytes.
Awaiting simulation instructions...

Awaiting simulation instructions...

11 RECEIVE 1500 1449452478743 

[Reducer9]: Got 91136 bytes.
11 RECEIVE 1400 1449452504830 

[Reducer9]: Got 958152 bytes.
Awaiting simulation instructions...

Awaiting simulation instructions...

11 RECEIVE 1700 1449452518807 

[Reducer9]: Got 91560 bytes.
11 RECEIVE 1600 1449452545185 

[Reducer9]: Got 958152 bytes.
Awaiting simulation instructions...

Awaiting simulation instructions...

[Reducer9]: Got 91560 bytes.
11 RECEIVE 1900 1449452559415 

11 RECEIVE 1800 1449452584605 

[Reducer9]: Got 957304 bytes.
Awaiting simulation instructions...

Awaiting simulation instructions...

11 RECEIVE 2100 1449452597820 

[Reducer9]: Got 91560 bytes.
11 RECEIVE 2000 1449452625248 

[Reducer9]: Got 957304 bytes.
Slave finished all tasks and exited.
logger exit
