Awaiting simulation instructions...

Awaiting simulation instructions...

Awaiting simulation instructions...

5 RECEIVE 100 1449452190035 

[Reducer3]: Got 90112 bytes.
5 RECEIVE 0 1449452222854 

[Reducer3]: Got 958152 bytes.
Awaiting simulation instructions...

Awaiting simulation instructions...

5 RECEIVE 300 1449452236504 

[Reducer3]: Got 91560 bytes.
5 RECEIVE 200 1449452261907 

[Reducer3]: Got 955168 bytes.
Awaiting simulation instructions...

Awaiting simulation instructions...

5 RECEIVE 500 1449452277112 

[Reducer3]: Got 91560 bytes.
5 RECEIVE 400 1449452302101 

[Reducer3]: Got 958312 bytes.
Awaiting simulation instructions...

Awaiting simulation instructions...

5 RECEIVE 700 1449452317648 

[Reducer3]: Got 91560 bytes.
5 RECEIVE 600 1449452341814 

[Reducer3]: Got 958312 bytes.
Awaiting simulation instructions...

Awaiting simulation instructions...

5 RECEIVE 900 1449452357765 

[Reducer3]: Got 91560 bytes.
5 RECEIVE 800 1449452382170 

[Reducer3]: Got 958312 bytes.
Awaiting simulation instructions...

Awaiting simulation instructions...

5 RECEIVE 1100 1449452396310 

[Reducer3]: Got 91560 bytes.
5 RECEIVE 1000 1449452420583 

[Reducer3]: Got 958312 bytes.
Awaiting simulation instructions...

Awaiting simulation instructions...

5 RECEIVE 1300 1449452437615 

[Reducer3]: Got 91560 bytes.
5 RECEIVE 1200 1449452463146 

[Reducer3]: Got 958312 bytes.
Awaiting simulation instructions...

Awaiting simulation instructions...

5 RECEIVE 1500 1449452479030 

[Reducer3]: Got 91560 bytes.
5 RECEIVE 1400 1449452502283 

[Reducer3]: Got 956616 bytes.
Awaiting simulation instructions...

Awaiting simulation instructions...

5 RECEIVE 1700 1449452517965 

[Reducer3]: Got 91560 bytes.
5 RECEIVE 1600 1449452543662 

[Reducer3]: Got 958488 bytes.
Awaiting simulation instructions...

Awaiting simulation instructions...

5 RECEIVE 1900 1449452558199 

[Reducer3]: Got 91560 bytes.
5 RECEIVE 1800 1449452585422 

[Reducer3]: Got 958488 bytes.
Awaiting simulation instructions...

Awaiting simulation instructions...

5 RECEIVE 2100 1449452598319 

[Reducer3]: Got 91560 bytes.
5 RECEIVE 2000 1449452625801 

[Reducer3]: Got 959512 bytes.
Slave finished all tasks and exited.
logger exit
