Awaiting simulation instructions...

Awaiting simulation instructions...

Awaiting simulation instructions...

8 RECEIVE 100 1449452192369 

[Reducer6]: Got 89528 bytes.
8 RECEIVE 0 1449452224095 

[Reducer6]: Got 958912 bytes.
Awaiting simulation instructions...

Awaiting simulation instructions...

8 RECEIVE 300 1449452236618 

[Reducer6]: Got 91560 bytes.
8 RECEIVE 200 1449452262518 

[Reducer6]: Got 958312 bytes.
Awaiting simulation instructions...

Awaiting simulation instructions...

[Reducer6]: Got 91560 bytes.
8 RECEIVE 500 1449452276374 

8 RECEIVE 400 1449452303281 

[Reducer6]: Got 958240 bytes.
Awaiting simulation instructions...

Awaiting simulation instructions...

8 RECEIVE 700 1449452317743 

[Reducer6]: Got 91560 bytes.
8 RECEIVE 600 1449452341455 

[Reducer6]: Got 958312 bytes.
Awaiting simulation instructions...

Awaiting simulation instructions...

8 RECEIVE 900 1449452357838 

[Reducer6]: Got 91560 bytes.
8 RECEIVE 800 1449452383226 

[Reducer6]: Got 958488 bytes.
Awaiting simulation instructions...

Awaiting simulation instructions...

8 RECEIVE 1100 1449452397698 

[Reducer6]: Got 91560 bytes.
8 RECEIVE 1000 1449452422250 

[Reducer6]: Got 958312 bytes.
Awaiting simulation instructions...

Awaiting simulation instructions...

8 RECEIVE 1300 1449452438211 

[Reducer6]: Got 91560 bytes.
8 RECEIVE 1200 1449452463766 

[Reducer6]: Got 958488 bytes.
Awaiting simulation instructions...

Awaiting simulation instructions...

8 RECEIVE 1500 1449452477928 

[Reducer6]: Got 91560 bytes.
8 RECEIVE 1400 1449452503579 

[Reducer6]: Got 958152 bytes.
Awaiting simulation instructions...

Awaiting simulation instructions...

8 RECEIVE 1700 1449452518222 

[Reducer6]: Got 91560 bytes.
[Reducer6]: Got 958152 bytes.
8 RECEIVE 1600 1449452544060 

Awaiting simulation instructions...

Awaiting simulation instructions...

8 RECEIVE 1900 1449452558680 

[Reducer6]: Got 91560 bytes.
8 RECEIVE 1800 1449452583965 

[Reducer6]: Got 956280 bytes.
Awaiting simulation instructions...

Awaiting simulation instructions...

8 RECEIVE 2100 1449452599268 

[Reducer6]: Got 91560 bytes.
8 RECEIVE 2000 1449452622524 

[Reducer6]: Got 959336 bytes.
Slave finished all tasks and exited.
logger exit
