Awaiting simulation instructions...

Awaiting simulation instructions...

Awaiting simulation instructions...

2 RECEIVE 100 1449452192689 

[Reducer0]: Got 90112 bytes.
2 RECEIVE 0 1449452220246 

[Reducer0]: Got 959400 bytes.
Awaiting simulation instructions...

Awaiting simulation instructions...

2 RECEIVE 300 1449452235182 

[Reducer0]: Got 91560 bytes.
2 RECEIVE 200 1449452258446 

[Reducer0]: Got 959512 bytes.
Awaiting simulation instructions...

Awaiting simulation instructions...

2 RECEIVE 500 1449452276299 

[Reducer0]: Got 91560 bytes.
2 RECEIVE 400 1449452301423 

[Reducer0]: Got 956616 bytes.
Awaiting simulation instructions...

Awaiting simulation instructions...

2 RECEIVE 700 1449452316076 

[Reducer0]: Got 91560 bytes.
2 RECEIVE 600 1449452344228 

[Reducer0]: Got 958152 bytes.
Awaiting simulation instructions...

Awaiting simulation instructions...

2 RECEIVE 900 1449452357101 

[Reducer0]: Got 91560 bytes.
[Reducer0]: Got 957944 bytes.
2 RECEIVE 800 1449452376051 

Awaiting simulation instructions...

Awaiting simulation instructions...

[Reducer0]: Got 92584 bytes.
2 RECEIVE 1100 1449452396517 

2 RECEIVE 1000 1449452423763 

[Reducer0]: Got 958488 bytes.
Awaiting simulation instructions...

Awaiting simulation instructions...

2 RECEIVE 1300 1449452437319 

[Reducer0]: Got 91560 bytes.
2 RECEIVE 1200 1449452462448 

[Reducer0]: Got 958312 bytes.
Awaiting simulation instructions...

Awaiting simulation instructions...

2 RECEIVE 1500 1449452477363 

[Reducer0]: Got 91560 bytes.
2 RECEIVE 1400 1449452499501 

[Reducer0]: Got 957304 bytes.
Awaiting simulation instructions...

Awaiting simulation instructions...

2 RECEIVE 1700 1449452518001 

[Reducer0]: Got 91560 bytes.
2 RECEIVE 1600 1449452540628 

[Reducer0]: Got 961208 bytes.
Awaiting simulation instructions...

Awaiting simulation instructions...

2 RECEIVE 1900 1449452559198 

[Reducer0]: Got 91560 bytes.
2 RECEIVE 1800 1449452582916 

[Reducer0]: Got 957288 bytes.
Awaiting simulation instructions...

Awaiting simulation instructions...

2 RECEIVE 2100 1449452597638 

[Reducer0]: Got 91560 bytes.
2 RECEIVE 2000 1449452622853 

[Reducer0]: Got 958312 bytes.
Slave finished all tasks and exited.
logger exit
