7 RECEIVE 100 1449434829826 
7 RECEIVE 0 1449434835839 
7 RECEIVE 200 1449434872265 
7 RECEIVE 300 1449434874566 
7 RECEIVE 500 1449434914608 
7 RECEIVE 400 1449434915677 
7 RECEIVE 600 1449434953506 
7 RECEIVE 700 1449434955364 
7 RECEIVE 800 1449434992951 
7 RECEIVE 900 1449434994958 
7 RECEIVE 1000 1449435029759 
7 RECEIVE 1100 1449435035338 
7 RECEIVE 1300 1449435074890 
7 RECEIVE 1200 1449435075803 
7 RECEIVE 1400 1449435114100 
7 RECEIVE 1500 1449435116107 
7 RECEIVE 1600 1449435152323 
7 RECEIVE 1700 1449435155467 
7 RECEIVE 1900 1449435195629 
7 RECEIVE 1800 1449435196687 
7 RECEIVE 2000 1449435233834 
7 RECEIVE 2100 1449435235668 
