2 RECEIVE 100 1449434831771 
2 RECEIVE 0 1449434836000 
2 RECEIVE 200 1449434868913 
2 RECEIVE 300 1449434874143 
2 RECEIVE 400 1449434908292 
2 RECEIVE 500 1449434914952 
2 RECEIVE 600 1449434950050 
2 RECEIVE 700 1449434955182 
2 RECEIVE 800 1449434993488 
2 RECEIVE 900 1449434994198 
2 RECEIVE 1000 1449435033560 
2 RECEIVE 1100 1449435034695 
2 RECEIVE 1200 1449435068505 
2 RECEIVE 1300 1449435073722 
2 RECEIVE 1400 1449435114257 
2 RECEIVE 1500 1449435115838 
2 RECEIVE 1700 1449435155811 
2 RECEIVE 1600 1449435156524 
2 RECEIVE 1800 1449435193429 
2 RECEIVE 1900 1449435196233 
2 RECEIVE 2000 1449435232328 
2 RECEIVE 2100 1449435235583 
