8 RECEIVE 100 1449434830808 
8 RECEIVE 0 1449434835727 
8 RECEIVE 200 1449434872479 
8 RECEIVE 300 1449434873984 
8 RECEIVE 400 1449434913049 
8 RECEIVE 500 1449434914312 
8 RECEIVE 600 1449434953662 
8 RECEIVE 700 1449434954981 
8 RECEIVE 800 1449434993137 
8 RECEIVE 900 1449434995762 
8 RECEIVE 1000 1449435033246 
8 RECEIVE 1100 1449435036201 
8 RECEIVE 1300 1449435074375 
8 RECEIVE 1200 1449435076116 
8 RECEIVE 1400 1449435114443 
8 RECEIVE 1500 1449435115234 
8 RECEIVE 1700 1449435154928 
8 RECEIVE 1600 1449435156837 
8 RECEIVE 1900 1449435196031 
8 RECEIVE 1800 1449435196874 
8 RECEIVE 2100 1449435236071 
8 RECEIVE 2000 1449435237038 
