5 RECEIVE 100 1449434830459 
5 RECEIVE 0 1449434835185 
5 RECEIVE 300 1449434873841 
5 RECEIVE 200 1449434874769 
5 RECEIVE 400 1449434912665 
5 RECEIVE 500 1449434915134 
5 RECEIVE 600 1449434952997 
5 RECEIVE 700 1449434954253 
5 RECEIVE 800 1449434992795 
5 RECEIVE 900 1449434995112 
5 RECEIVE 1000 1449435033403 
5 RECEIVE 1100 1449435035934 
5 RECEIVE 1300 1449435073904 
5 RECEIVE 1200 1449435075489 
5 RECEIVE 1400 1449435113787 
5 RECEIVE 1500 1449435116345 
5 RECEIVE 1600 1449435154520 
5 RECEIVE 1700 1449435154747 
5 RECEIVE 1800 1449435192116 
5 RECEIVE 1900 1449435195110 
5 RECEIVE 2000 1449435234166 
5 RECEIVE 2100 1449435235889 
