4 RECEIVE 100 1449434829943 
4 RECEIVE 0 1449434835356 
4 RECEIVE 300 1449434873071 
4 RECEIVE 200 1449434874933 
4 RECEIVE 400 1449434912556 
4 RECEIVE 500 1449434914523 
4 RECEIVE 600 1449434951269 
4 RECEIVE 700 1449434955527 
4 RECEIVE 800 1449434990603 
4 RECEIVE 900 1449434994555 
4 RECEIVE 1000 1449435034094 
4 RECEIVE 1100 1449435035578 
4 RECEIVE 1300 1449435075292 
4 RECEIVE 1200 1449435075959 
4 RECEIVE 1400 1449435113944 
4 RECEIVE 1500 1449435115465 
4 RECEIVE 1600 1449435154080 
4 RECEIVE 1700 1449435156194 
4 RECEIVE 1800 1449435193926 
4 RECEIVE 1900 1449435194928 
4 RECEIVE 2000 1449435234000 
4 RECEIVE 2100 1449435235382 
