11 RECEIVE 100 1449434831273 
11 RECEIVE 0 1449434834975 
11 RECEIVE 300 1449434873456 
11 RECEIVE 200 1449434875289 
11 RECEIVE 500 1449434915246 
11 RECEIVE 400 1449434915513 
11 RECEIVE 700 1449434954071 
11 RECEIVE 600 1449434955941 
11 RECEIVE 900 1449434995885 
11 RECEIVE 800 1449434996200 
11 RECEIVE 1100 1449435036116 
11 RECEIVE 1000 1449435036454 
11 RECEIVE 1300 1449435075377 
11 RECEIVE 1200 1449435076667 
11 RECEIVE 1500 1449435115569 
11 RECEIVE 1400 1449435116811 
11 RECEIVE 1700 1449435156299 
11 RECEIVE 1600 1449435157003 
11 RECEIVE 1900 1449435196556 
11 RECEIVE 1800 1449435197187 
11 RECEIVE 2100 1449435236760 
11 RECEIVE 2000 1449435237571 
