3 RECEIVE 100 1449434831109 
3 RECEIVE 0 1449434834364 
3 RECEIVE 300 1449434874315 
3 RECEIVE 200 1449434875431 
3 RECEIVE 400 1449434909883 
3 RECEIVE 500 1449434914790 
3 RECEIVE 700 1449434954435 
3 RECEIVE 600 1449434955794 
3 RECEIVE 800 1449434993867 
3 RECEIVE 900 1449434995293 
3 RECEIVE 1000 1449435033911 
3 RECEIVE 1100 1449435034877 
3 RECEIVE 1200 1449435073467 
3 RECEIVE 1300 1449435074858 
3 RECEIVE 1400 1449435108629 
3 RECEIVE 1500 1449435114677 
3 RECEIVE 1700 1449435156032 
3 RECEIVE 1600 1449435156681 
3 RECEIVE 1800 1449435193585 
3 RECEIVE 1900 1449435196539 
3 RECEIVE 2000 1449435232533 
3 RECEIVE 2100 1449435236454 
