1 SEND 100 1449434825428 
1 SEND 100 1449434825437 
1 SEND 100 1449434825440 
1 SEND 100 1449434825450 
1 SEND 100 1449434825454 
1 SEND 100 1449434825457 
1 SEND 100 1449434825457 
1 SEND 100 1449434825457 
1 SEND 0 1449434825458 
1 SEND 0 1449434825458 
1 SEND 0 1449434825458 
1 SEND 0 1449434825458 
1 SEND 0 1449434825459 
1 SEND 0 1449434825459 
1 SEND 100 1449434825459 
1 SEND 0 1449434825459 
1 SEND 100 1449434825460 
1 SEND 0 1449434825465 
1 SEND 0 1449434825470 
1 SEND 0 1449434825477 
1 SEND 200 1449434865359 
1 SEND 200 1449434865360 
1 SEND 200 1449434865363 
1 SEND 200 1449434865366 
1 SEND 200 1449434865367 
1 SEND 200 1449434865367 
1 SEND 200 1449434865367 
1 SEND 200 1449434865378 
1 SEND 200 1449434865378 
1 SEND 200 1449434865436 
1 SEND 300 1449434866558 
1 SEND 300 1449434866559 
1 SEND 300 1449434866560 
1 SEND 300 1449434866560 
1 SEND 300 1449434866560 
1 SEND 300 1449434866561 
1 SEND 300 1449434866561 
1 SEND 300 1449434866568 
1 SEND 300 1449434866569 
1 SEND 300 1449434866571 
1 SEND 400 1449434905614 
1 SEND 400 1449434905614 
1 SEND 400 1449434905614 
1 SEND 400 1449434905615 
1 SEND 400 1449434905626 
1 SEND 400 1449434905626 
1 SEND 400 1449434905627 
1 SEND 400 1449434905627 
1 SEND 400 1449434905695 
1 SEND 400 1449434905832 
1 SEND 500 1449434907050 
1 SEND 500 1449434907050 
1 SEND 500 1449434907052 
1 SEND 500 1449434907052 
1 SEND 500 1449434907052 
1 SEND 500 1449434907052 
1 SEND 500 1449434907052 
1 SEND 500 1449434907052 
1 SEND 500 1449434907053 
1 SEND 500 1449434907062 
1 SEND 600 1449434945882 
1 SEND 600 1449434945891 
1 SEND 600 1449434945955 
1 SEND 600 1449434945958 
1 SEND 600 1449434945965 
1 SEND 600 1449434945970 
1 SEND 600 1449434945970 
1 SEND 600 1449434946012 
1 SEND 600 1449434946015 
1 SEND 600 1449434946015 
1 SEND 700 1449434947422 
1 SEND 700 1449434947424 
1 SEND 700 1449434947429 
1 SEND 700 1449434947429 
1 SEND 700 1449434947429 
1 SEND 700 1449434947430 
1 SEND 700 1449434947433 
1 SEND 700 1449434947433 
1 SEND 700 1449434947436 
1 SEND 700 1449434947437 
1 SEND 800 1449434986139 
1 SEND 800 1449434986145 
1 SEND 800 1449434986147 
1 SEND 800 1449434986148 
1 SEND 800 1449434986155 
1 SEND 800 1449434986165 
1 SEND 800 1449434986166 
1 SEND 800 1449434986214 
1 SEND 800 1449434986433 
1 SEND 800 1449434986480 
1 SEND 900 1449434987639 
1 SEND 900 1449434987640 
1 SEND 900 1449434987640 
1 SEND 900 1449434987640 
1 SEND 900 1449434987640 
1 SEND 900 1449434987640 
1 SEND 900 1449434987647 
1 SEND 900 1449434987650 
1 SEND 900 1449434987652 
1 SEND 900 1449434987652 
1 SEND 1000 1449435026377 
1 SEND 1000 1449435026378 
1 SEND 1000 1449435026380 
1 SEND 1000 1449435026380 
1 SEND 1000 1449435026380 
1 SEND 1000 1449435026380 
1 SEND 1000 1449435026380 
1 SEND 1000 1449435026380 
1 SEND 1000 1449435026386 
1 SEND 1000 1449435026854 
1 SEND 1100 1449435027990 
1 SEND 1100 1449435027990 
1 SEND 1100 1449435027993 
1 SEND 1100 1449435027994 
1 SEND 1100 1449435027994 
1 SEND 1100 1449435027994 
1 SEND 1100 1449435027994 
1 SEND 1100 1449435027996 
1 SEND 1100 1449435027998 
1 SEND 1100 1449435028001 
1 SEND 1200 1449435066587 
1 SEND 1200 1449435066647 
1 SEND 1200 1449435066647 
1 SEND 1200 1449435066648 
1 SEND 1200 1449435066649 
1 SEND 1200 1449435066650 
1 SEND 1200 1449435066650 
1 SEND 1200 1449435066650 
1 SEND 1200 1449435066650 
1 SEND 1200 1449435066653 
1 SEND 1300 1449435067492 
1 SEND 1300 1449435067495 
1 SEND 1300 1449435067495 
1 SEND 1300 1449435067495 
1 SEND 1300 1449435067495 
1 SEND 1300 1449435067497 
1 SEND 1300 1449435067497 
1 SEND 1300 1449435067498 
1 SEND 1300 1449435067498 
1 SEND 1300 1449435067500 
1 SEND 1400 1449435106731 
1 SEND 1400 1449435106796 
1 SEND 1400 1449435106798 
1 SEND 1400 1449435106798 
1 SEND 1400 1449435106802 
1 SEND 1400 1449435106803 
1 SEND 1400 1449435106803 
1 SEND 1400 1449435106804 
1 SEND 1400 1449435106804 
1 SEND 1400 1449435106804 
1 SEND 1500 1449435108297 
1 SEND 1500 1449435108297 
1 SEND 1500 1449435108299 
1 SEND 1500 1449435108300 
1 SEND 1500 1449435108301 
1 SEND 1500 1449435108301 
1 SEND 1500 1449435108301 
1 SEND 1500 1449435108302 
1 SEND 1500 1449435108302 
1 SEND 1500 1449435108302 
1 SEND 1600 1449435146948 
1 SEND 1600 1449435146953 
1 SEND 1600 1449435146956 
1 SEND 1600 1449435146956 
1 SEND 1600 1449435146959 
1 SEND 1600 1449435147012 
1 SEND 1600 1449435147129 
1 SEND 1600 1449435147130 
1 SEND 1600 1449435147130 
1 SEND 1600 1449435147233 
1 SEND 1700 1449435148342 
1 SEND 1700 1449435148344 
1 SEND 1700 1449435148344 
1 SEND 1700 1449435148344 
1 SEND 1700 1449435148344 
1 SEND 1700 1449435148344 
1 SEND 1700 1449435148345 
1 SEND 1700 1449435148345 
1 SEND 1700 1449435148346 
1 SEND 1700 1449435148348 
1 SEND 1800 1449435187128 
1 SEND 1800 1449435187130 
1 SEND 1800 1449435187131 
1 SEND 1800 1449435187132 
1 SEND 1800 1449435187133 
1 SEND 1800 1449435187133 
1 SEND 1800 1449435187303 
1 SEND 1800 1449435187434 
1 SEND 1800 1449435187436 
1 SEND 1800 1449435187436 
1 SEND 1900 1449435188583 
1 SEND 1900 1449435188586 
1 SEND 1900 1449435188588 
1 SEND 1900 1449435188588 
1 SEND 1900 1449435188588 
1 SEND 1900 1449435188591 
1 SEND 1900 1449435188591 
1 SEND 1900 1449435188591 
1 SEND 1900 1449435188591 
1 SEND 1900 1449435188591 
1 SEND 2000 1449435227340 
1 SEND 2000 1449435227340 
1 SEND 2000 1449435227341 
1 SEND 2000 1449435227342 
1 SEND 2000 1449435227342 
1 SEND 2000 1449435227342 
1 SEND 2000 1449435227343 
1 SEND 2000 1449435227455 
1 SEND 2000 1449435227651 
1 SEND 2000 1449435228502 
1 SEND 2100 1449435228820 
1 SEND 2100 1449435228823 
1 SEND 2100 1449435228824 
1 SEND 2100 1449435228824 
1 SEND 2100 1449435228824 
1 SEND 2100 1449435228824 
1 SEND 2100 1449435228825 
1 SEND 2100 1449435228825 
1 SEND 2100 1449435228830 
1 SEND 2100 1449435228830 
