Awaiting simulation instructions...

Awaiting simulation instructions...

Awaiting simulation instructions...

Awaiting simulation instructions...

Awaiting simulation instructions...

10 RECEIVE 100 1449447514490 

[Reducer8]: Got 90112 bytes.
10 RECEIVE 200 1449447526042 

[Reducer8]: Got 183048 bytes.
10 RECEIVE 300 1449447539533 

[Reducer8]: Got 378864 bytes.
10 RECEIVE 0 1449447560102 

[Reducer8]: Got 958064 bytes.
Awaiting simulation instructions...

Awaiting simulation instructions...

Awaiting simulation instructions...

Awaiting simulation instructions...

10 RECEIVE 500 1449447576927 

[Reducer8]: Got 91560 bytes.
[Reducer8]: Got 185256 bytes.
10 RECEIVE 600 1449447590953 

10 RECEIVE 700 1449447608038 

[Reducer8]: Got 377416 bytes.
[Reducer8]: Got 956792 bytes.
10 RECEIVE 400 1449447619309 

Awaiting simulation instructions...

Awaiting simulation instructions...

Awaiting simulation instructions...

Awaiting simulation instructions...

10 RECEIVE 900 1449447635473 

[Reducer8]: Got 91136 bytes.
10 RECEIVE 1000 1449447650443 

[Reducer8]: Got 185256 bytes.
[Reducer8]: Got 377416 bytes.
10 RECEIVE 1100 1449447666735 

10 RECEIVE 800 1449447680087 

[Reducer8]: Got 953384 bytes.
Awaiting simulation instructions...

Awaiting simulation instructions...

Awaiting simulation instructions...

Awaiting simulation instructions...

[Reducer8]: Got 91136 bytes.
10 RECEIVE 1400 1449447696993 

10 RECEIVE 1300 1449447697404 

[Reducer8]: Got 90112 bytes.
10 RECEIVE 1500 1449447728078 

[Reducer8]: Got 376392 bytes.
[Reducer8]: Got 953384 bytes.
10 RECEIVE 1200 1449447740561 

Awaiting simulation instructions...

Awaiting simulation instructions...

Awaiting simulation instructions...

Awaiting simulation instructions...

10 RECEIVE 1700 1449447755701 

[Reducer8]: Got 89352 bytes.
10 RECEIVE 1800 1449447770470 

[Reducer8]: Got 185256 bytes.
10 RECEIVE 1900 1449447787149 

[Reducer8]: Got 375368 bytes.
10 RECEIVE 1600 1449447796451 

[Reducer8]: Got 874328 bytes.
Awaiting simulation instructions...

Awaiting simulation instructions...

Awaiting simulation instructions...

Awaiting simulation instructions...

10 RECEIVE 2100 1449447818283 

[Reducer8]: Got 90112 bytes.
10 RECEIVE 2200 1449447831386 

[Reducer8]: Got 184232 bytes.
10 RECEIVE 2300 1449447849727 

[Reducer8]: Got 377416 bytes.
10 RECEIVE 2000 1449447861777 

[Reducer8]: Got 956616 bytes.
Awaiting simulation instructions...

Awaiting simulation instructions...

Awaiting simulation instructions...

Awaiting simulation instructions...

[Reducer8]: Got 88488 bytes.
10 RECEIVE 2500 1449447876515 

10 RECEIVE 2600 1449447892858 

[Reducer8]: Got 186280 bytes.
10 RECEIVE 2700 1449447908294 

[Reducer8]: Got 375368 bytes.
10 RECEIVE 2400 1449447920942 

[Reducer8]: Got 954408 bytes.
Awaiting simulation instructions...

Awaiting simulation instructions...

Awaiting simulation instructions...

Awaiting simulation instructions...

10 RECEIVE 2900 1449447938090 

[Reducer8]: Got 91136 bytes.
10 RECEIVE 3000 1449447953130 

[Reducer8]: Got 185256 bytes.
10 RECEIVE 3100 1449447971046 

[Reducer8]: Got 377416 bytes.
[Reducer8]: Got 862160 bytes.
10 RECEIVE 2800 1449447978272 

Awaiting simulation instructions...

Awaiting simulation instructions...

Awaiting simulation instructions...

Awaiting simulation instructions...

10 RECEIVE 3300 1449447997165 

[Reducer8]: Got 89352 bytes.
10 RECEIVE 3400 1449448012769 

[Reducer8]: Got 184232 bytes.
10 RECEIVE 3500 1449448027579 

[Reducer8]: Got 377416 bytes.
[Reducer8]: Got 957288 bytes.
10 RECEIVE 3200 1449448041136 

Awaiting simulation instructions...

Awaiting simulation instructions...

Awaiting simulation instructions...

Awaiting simulation instructions...

10 RECEIVE 3700 1449448057280 

[Reducer8]: Got 89512 bytes.
[Reducer8]: Got 184232 bytes.
10 RECEIVE 3800 1449448073693 

10 RECEIVE 3900 1449448090635 

[Reducer8]: Got 376392 bytes.
10 RECEIVE 3600 1449448101920 

[Reducer8]: Got 954408 bytes.
Awaiting simulation instructions...

Awaiting simulation instructions...

Awaiting simulation instructions...

Awaiting simulation instructions...

10 RECEIVE 4100 1449448119309 

[Reducer8]: Got 91136 bytes.
10 RECEIVE 4200 1449448132332 

[Reducer8]: Got 184232 bytes.
10 RECEIVE 4300 1449448150092 

[Reducer8]: Got 378264 bytes.
10 RECEIVE 4000 1449448163410 

[Reducer8]: Got 951496 bytes.
Slave finished all tasks and exited.
logger exit
