Awaiting simulation instructions...

Awaiting simulation instructions...

Awaiting simulation instructions...

Awaiting simulation instructions...

Awaiting simulation instructions...

6 RECEIVE 100 1449447512695 

[Reducer4]: Got 90112 bytes.
6 RECEIVE 200 1449447517292 

[Reducer4]: Got 186968 bytes.
6 RECEIVE 300 1449447541746 

[Reducer4]: Got 375968 bytes.
6 RECEIVE 0 1449447556265 

[Reducer4]: Got 956280 bytes.
Awaiting simulation instructions...

Awaiting simulation instructions...

Awaiting simulation instructions...

Awaiting simulation instructions...

[Reducer4]: Got 91560 bytes.
6 RECEIVE 500 1449447576993 

6 RECEIVE 600 1449447590700 

[Reducer4]: Got 184232 bytes.
[Reducer4]: Got 377416 bytes.
6 RECEIVE 700 1449447608009 

6 RECEIVE 400 1449447618917 

[Reducer4]: Got 946448 bytes.
Awaiting simulation instructions...

Awaiting simulation instructions...

Awaiting simulation instructions...

Awaiting simulation instructions...

6 RECEIVE 900 1449447634839 

[Reducer4]: Got 88488 bytes.
6 RECEIVE 1000 1449447650248 

[Reducer4]: Got 184232 bytes.
6 RECEIVE 1100 1449447666889 

[Reducer4]: Got 377416 bytes.
6 RECEIVE 800 1449447679118 

[Reducer4]: Got 957040 bytes.
Awaiting simulation instructions...

Awaiting simulation instructions...

Awaiting simulation instructions...

Awaiting simulation instructions...

6 RECEIVE 1300 1449447695900 

[Reducer4]: Got 90536 bytes.
6 RECEIVE 1400 1449447711250 

[Reducer4]: Got 184232 bytes.
6 RECEIVE 1500 1449447727674 

[Reducer4]: Got 376392 bytes.
6 RECEIVE 1200 1449447738509 

[Reducer4]: Got 957040 bytes.
Awaiting simulation instructions...

Awaiting simulation instructions...

Awaiting simulation instructions...

Awaiting simulation instructions...

[Reducer4]: Got 89512 bytes.
6 RECEIVE 1700 1449447754977 

6 RECEIVE 1800 1449447770940 

[Reducer4]: Got 183384 bytes.
6 RECEIVE 1900 1449447791148 

[Reducer4]: Got 377416 bytes.
6 RECEIVE 1600 1449447798066 

[Reducer4]: Got 958312 bytes.
Awaiting simulation instructions...

Awaiting simulation instructions...

Awaiting simulation instructions...

Awaiting simulation instructions...

6 RECEIVE 2100 1449447820013 

[Reducer4]: Got 91560 bytes.
6 RECEIVE 2200 1449447832374 

[Reducer4]: Got 187128 bytes.
6 RECEIVE 2300 1449447845619 

[Reducer4]: Got 378264 bytes.
6 RECEIVE 2000 1449447860774 

[Reducer4]: Got 955592 bytes.
Awaiting simulation instructions...

Awaiting simulation instructions...

Awaiting simulation instructions...

Awaiting simulation instructions...

6 RECEIVE 2500 1449447876684 

[Reducer4]: Got 90112 bytes.
6 RECEIVE 2600 1449447892450 

[Reducer4]: Got 184232 bytes.
6 RECEIVE 2700 1449447908074 

[Reducer4]: Got 377416 bytes.
6 RECEIVE 2400 1449447919255 

[Reducer4]: Got 955592 bytes.
Awaiting simulation instructions...

Awaiting simulation instructions...

Awaiting simulation instructions...

Awaiting simulation instructions...

6 RECEIVE 2900 1449447938136 

[Reducer4]: Got 91560 bytes.
6 RECEIVE 3000 1449447952515 

[Reducer4]: Got 186280 bytes.
[Reducer4]: Got 376392 bytes.
6 RECEIVE 3100 1449447968942 

6 RECEIVE 2800 1449447981583 

[Reducer4]: Got 951512 bytes.
Awaiting simulation instructions...

Awaiting simulation instructions...

Awaiting simulation instructions...

Awaiting simulation instructions...

6 RECEIVE 3300 1449447997618 

[Reducer4]: Got 91136 bytes.
6 RECEIVE 3400 1449448011185 

[Reducer4]: Got 183384 bytes.
[Reducer4]: Got 377416 bytes.
6 RECEIVE 3500 1449448027331 

6 RECEIVE 3200 1449448042106 

[Reducer4]: Got 956440 bytes.
Awaiting simulation instructions...

Awaiting simulation instructions...

Awaiting simulation instructions...

Awaiting simulation instructions...

6 RECEIVE 3700 1449448059323 

[Reducer4]: Got 90112 bytes.
6 RECEIVE 3800 1449448073387 

[Reducer4]: Got 185256 bytes.
6 RECEIVE 3900 1449448090329 

[Reducer4]: Got 377416 bytes.
6 RECEIVE 3600 1449448102696 

[Reducer4]: Got 957304 bytes.
Awaiting simulation instructions...

Awaiting simulation instructions...

Awaiting simulation instructions...

Awaiting simulation instructions...

6 RECEIVE 4100 1449448119469 

[Reducer4]: Got 91136 bytes.
6 RECEIVE 4200 1449448132506 

[Reducer4]: Got 186280 bytes.
[Reducer4]: Got 375368 bytes.
6 RECEIVE 4300 1449448149438 

6 RECEIVE 4000 1449448158451 

[Reducer4]: Got 886512 bytes.
Slave finished all tasks and exited.
logger exit
