Awaiting simulation instructions...

Awaiting simulation instructions...

Awaiting simulation instructions...

Awaiting simulation instructions...

Awaiting simulation instructions...

5 RECEIVE 100 1449447514049 

[Reducer3]: Got 90112 bytes.
5 RECEIVE 200 1449447525763 

[Reducer3]: Got 184072 bytes.
5 RECEIVE 300 1449447530448 

[Reducer3]: Got 376568 bytes.
5 RECEIVE 0 1449447556633 

[Reducer3]: Got 956280 bytes.
Awaiting simulation instructions...

Awaiting simulation instructions...

Awaiting simulation instructions...

Awaiting simulation instructions...

5 RECEIVE 500 1449447575726 

[Reducer3]: Got 91560 bytes.
5 RECEIVE 600 1449447590827 

[Reducer3]: Got 184232 bytes.
5 RECEIVE 700 1449447607712 

[Reducer3]: Got 377416 bytes.
5 RECEIVE 400 1449447618567 

[Reducer3]: Got 954392 bytes.
Awaiting simulation instructions...

Awaiting simulation instructions...

Awaiting simulation instructions...

Awaiting simulation instructions...

5 RECEIVE 900 1449447634474 

[Reducer3]: Got 89512 bytes.
5 RECEIVE 1000 1449447650541 

[Reducer3]: Got 184232 bytes.
5 RECEIVE 1100 1449447666063 

[Reducer3]: Got 375368 bytes.
5 RECEIVE 800 1449447678759 

[Reducer3]: Got 956616 bytes.
Awaiting simulation instructions...

Awaiting simulation instructions...

Awaiting simulation instructions...

Awaiting simulation instructions...

5 RECEIVE 1300 1449447695070 

[Reducer3]: Got 90536 bytes.
5 RECEIVE 1400 1449447710811 

[Reducer3]: Got 183384 bytes.
5 RECEIVE 1500 1449447727290 

[Reducer3]: Got 374520 bytes.
5 RECEIVE 1200 1449447739951 

[Reducer3]: Got 954408 bytes.
Awaiting simulation instructions...

Awaiting simulation instructions...

Awaiting simulation instructions...

Awaiting simulation instructions...

5 RECEIVE 1700 1449447755960 

[Reducer3]: Got 91136 bytes.
5 RECEIVE 1800 1449447770645 

[Reducer3]: Got 185256 bytes.
5 RECEIVE 1900 1449447786517 

[Reducer3]: Got 377416 bytes.
5 RECEIVE 1600 1449447800560 

[Reducer3]: Got 957464 bytes.
Awaiting simulation instructions...

Awaiting simulation instructions...

Awaiting simulation instructions...

Awaiting simulation instructions...

5 RECEIVE 2100 1449447817268 

[Reducer3]: Got 89512 bytes.
5 RECEIVE 2200 1449447831562 

[Reducer3]: Got 185256 bytes.
[Reducer3]: Got 378264 bytes.
5 RECEIVE 2300 1449447845658 

5 RECEIVE 2000 1449447859794 

[Reducer3]: Got 958312 bytes.
Awaiting simulation instructions...

Awaiting simulation instructions...

Awaiting simulation instructions...

Awaiting simulation instructions...

5 RECEIVE 2500 1449447877691 

[Reducer3]: Got 90112 bytes.
5 RECEIVE 2600 1449447891999 

[Reducer3]: Got 185256 bytes.
5 RECEIVE 2700 1449447907621 

[Reducer3]: Got 374520 bytes.
5 RECEIVE 2400 1449447916619 

[Reducer3]: Got 884640 bytes.
Awaiting simulation instructions...

Awaiting simulation instructions...

Awaiting simulation instructions...

Awaiting simulation instructions...

5 RECEIVE 2900 1449447938304 

[Reducer3]: Got 91136 bytes.
5 RECEIVE 3000 1449447952446 

[Reducer3]: Got 185080 bytes.
5 RECEIVE 3100 1449447968509 

[Reducer3]: Got 376392 bytes.
5 RECEIVE 2800 1449447982493 

[Reducer3]: Got 951672 bytes.
Awaiting simulation instructions...

Awaiting simulation instructions...

Awaiting simulation instructions...

Awaiting simulation instructions...

5 RECEIVE 3300 1449447995459 

[Reducer3]: Got 89512 bytes.
5 RECEIVE 3400 1449448011469 

[Reducer3]: Got 186280 bytes.
5 RECEIVE 3500 1449448027177 

[Reducer3]: Got 378264 bytes.
5 RECEIVE 3200 1449448035734 

[Reducer3]: Got 886088 bytes.
Awaiting simulation instructions...

Awaiting simulation instructions...

Awaiting simulation instructions...

Awaiting simulation instructions...

5 RECEIVE 3700 1449448058083 

[Reducer3]: Got 89512 bytes.
5 RECEIVE 3800 1449448073494 

[Reducer3]: Got 183384 bytes.
5 RECEIVE 3900 1449448090492 

[Reducer3]: Got 376392 bytes.
5 RECEIVE 3600 1449448101174 

[Reducer3]: Got 958312 bytes.
Awaiting simulation instructions...

Awaiting simulation instructions...

Awaiting simulation instructions...

Awaiting simulation instructions...

[Reducer3]: Got 91136 bytes.
5 RECEIVE 4100 1449448119442 

5 RECEIVE 4200 1449448133019 

[Reducer3]: Got 184232 bytes.
5 RECEIVE 4300 1449448149111 

[Reducer3]: Got 373496 bytes.
5 RECEIVE 4000 1449448161901 

[Reducer3]: Got 951512 bytes.
Slave finished all tasks and exited.
logger exit
