Awaiting simulation instructions...

Awaiting simulation instructions...

Awaiting simulation instructions...

Awaiting simulation instructions...

Awaiting simulation instructions...

4 RECEIVE 100 1449447514545 

[Reducer2]: Got 90112 bytes.
[Reducer2]: Got 184784 bytes.
4 RECEIVE 200 1449447528891 

4 RECEIVE 300 1449447538658 

[Reducer2]: Got 378864 bytes.
4 RECEIVE 0 1449447560607 

[Reducer2]: Got 951248 bytes.
Awaiting simulation instructions...

Awaiting simulation instructions...

Awaiting simulation instructions...

Awaiting simulation instructions...

4 RECEIVE 500 1449447576109 

[Reducer2]: Got 91560 bytes.
4 RECEIVE 600 1449447590749 

[Reducer2]: Got 185256 bytes.
4 RECEIVE 700 1449447607548 

[Reducer2]: Got 376392 bytes.
[Reducer2]: Got 959752 bytes.
4 RECEIVE 400 1449447615088 

Awaiting simulation instructions...

Awaiting simulation instructions...

Awaiting simulation instructions...

Awaiting simulation instructions...

4 RECEIVE 900 1449447634309 

[Reducer2]: Got 90536 bytes.
4 RECEIVE 1000 1449447650736 

[Reducer2]: Got 183384 bytes.
4 RECEIVE 1100 1449447666389 

[Reducer2]: Got 377416 bytes.
4 RECEIVE 800 1449447677799 

[Reducer2]: Got 955416 bytes.
Awaiting simulation instructions...

Awaiting simulation instructions...

Awaiting simulation instructions...

Awaiting simulation instructions...

4 RECEIVE 1300 1449447694501 

[Reducer2]: Got 88488 bytes.
4 RECEIVE 1400 1449447710693 

[Reducer2]: Got 185256 bytes.
4 RECEIVE 1500 1449447726953 

[Reducer2]: Got 376392 bytes.
4 RECEIVE 1200 1449447735365 

[Reducer2]: Got 958152 bytes.
Awaiting simulation instructions...

Awaiting simulation instructions...

Awaiting simulation instructions...

Awaiting simulation instructions...

4 RECEIVE 1700 1449447754135 

[Reducer2]: Got 90536 bytes.
4 RECEIVE 1800 1449447770538 

[Reducer2]: Got 185256 bytes.
4 RECEIVE 1900 1449447786400 

[Reducer2]: Got 376392 bytes.
4 RECEIVE 1600 1449447797611 

[Reducer2]: Got 954392 bytes.
Awaiting simulation instructions...

Awaiting simulation instructions...

Awaiting simulation instructions...

Awaiting simulation instructions...

4 RECEIVE 2100 1449447815368 

[Reducer2]: Got 90536 bytes.
4 RECEIVE 2200 1449447831669 

[Reducer2]: Got 187128 bytes.
4 RECEIVE 2300 1449447846286 

[Reducer2]: Got 376392 bytes.
[Reducer2]: Got 957464 bytes.
4 RECEIVE 2000 1449447856315 

Awaiting simulation instructions...

Awaiting simulation instructions...

Awaiting simulation instructions...

Awaiting simulation instructions...

4 RECEIVE 2500 1449447876070 

[Reducer2]: Got 89512 bytes.
4 RECEIVE 2600 1449447892066 

[Reducer2]: Got 182360 bytes.
4 RECEIVE 2700 1449447908420 

[Reducer2]: Got 378264 bytes.
4 RECEIVE 2400 1449447918664 

[Reducer2]: Got 958312 bytes.
Awaiting simulation instructions...

Awaiting simulation instructions...

Awaiting simulation instructions...

Awaiting simulation instructions...

4 RECEIVE 2900 1449447938437 

[Reducer2]: Got 91136 bytes.
4 RECEIVE 3000 1449447952134 

[Reducer2]: Got 185080 bytes.
4 RECEIVE 3100 1449447968691 

[Reducer2]: Got 376392 bytes.
4 RECEIVE 2800 1449447980070 

[Reducer2]: Got 955416 bytes.
Awaiting simulation instructions...

Awaiting simulation instructions...

Awaiting simulation instructions...

Awaiting simulation instructions...

4 RECEIVE 3300 1449447994990 

[Reducer2]: Got 89512 bytes.
4 RECEIVE 3400 1449448010724 

[Reducer2]: Got 185080 bytes.
4 RECEIVE 3500 1449448026927 

[Reducer2]: Got 373920 bytes.
4 RECEIVE 3200 1449448041825 

[Reducer2]: Got 956440 bytes.
Awaiting simulation instructions...

Awaiting simulation instructions...

Awaiting simulation instructions...

Awaiting simulation instructions...

4 RECEIVE 3700 1449448056786 

[Reducer2]: Got 89512 bytes.
[Reducer2]: Got 183384 bytes.
4 RECEIVE 3800 1449448073061 

4 RECEIVE 3900 1449448090194 

[Reducer2]: Got 376392 bytes.
4 RECEIVE 3600 1449448098006 

[Reducer2]: Got 958152 bytes.
Awaiting simulation instructions...

Awaiting simulation instructions...

Awaiting simulation instructions...

Awaiting simulation instructions...

4 RECEIVE 4100 1449448116708 

[Reducer2]: Got 89512 bytes.
4 RECEIVE 4200 1449448132812 

[Reducer2]: Got 185256 bytes.
4 RECEIVE 4300 1449448149861 

[Reducer2]: Got 378264 bytes.
[Reducer2]: Got 883880 bytes.
4 RECEIVE 4000 1449448158948 

Slave finished all tasks and exited.
logger exit
