Awaiting simulation instructions...

Awaiting simulation instructions...

Awaiting simulation instructions...

Awaiting simulation instructions...

Awaiting simulation instructions...

3 RECEIVE 100 1449447514509 

[Reducer1]: Got 90112 bytes.
3 RECEIVE 200 1449447519321 

[Reducer1]: Got 184920 bytes.
[Reducer1]: Got 369152 bytes.
3 RECEIVE 300 1449447541162 

3 RECEIVE 0 1449447560369 

[Reducer1]: Got 954144 bytes.
Awaiting simulation instructions...

Awaiting simulation instructions...

Awaiting simulation instructions...

Awaiting simulation instructions...

3 RECEIVE 500 1449447576043 

[Reducer1]: Got 91136 bytes.
[Reducer1]: Got 185080 bytes.
3 RECEIVE 600 1449447590443 

[Reducer1]: Got 376392 bytes.
3 RECEIVE 700 1449447607298 

3 RECEIVE 400 1449447618325 

[Reducer1]: Got 957288 bytes.
Awaiting simulation instructions...

Awaiting simulation instructions...

Awaiting simulation instructions...

Awaiting simulation instructions...

3 RECEIVE 900 1449447633859 

[Reducer1]: Got 90536 bytes.
3 RECEIVE 1000 1449447649973 

[Reducer1]: Got 185080 bytes.
3 RECEIVE 1100 1449447669705 

[Reducer1]: Got 377416 bytes.
3 RECEIVE 800 1449447677334 

[Reducer1]: Got 959336 bytes.
Awaiting simulation instructions...

Awaiting simulation instructions...

Awaiting simulation instructions...

Awaiting simulation instructions...

3 RECEIVE 1300 1449447694859 

[Reducer1]: Got 88488 bytes.
3 RECEIVE 1400 1449447710556 

[Reducer1]: Got 186104 bytes.
3 RECEIVE 1500 1449447727156 

[Reducer1]: Got 377416 bytes.
3 RECEIVE 1200 1449447737200 

[Reducer1]: Got 958664 bytes.
Awaiting simulation instructions...

Awaiting simulation instructions...

Awaiting simulation instructions...

Awaiting simulation instructions...

3 RECEIVE 1700 1449447754307 

[Reducer1]: Got 90536 bytes.
3 RECEIVE 1800 1449447770247 

[Reducer1]: Got 184232 bytes.
3 RECEIVE 1900 1449447786890 

[Reducer1]: Got 375368 bytes.
3 RECEIVE 1600 1449447796022 

[Reducer1]: Got 957464 bytes.
Awaiting simulation instructions...

Awaiting simulation instructions...

Awaiting simulation instructions...

Awaiting simulation instructions...

3 RECEIVE 2100 1449447815148 

[Reducer1]: Got 90536 bytes.
[Reducer1]: Got 186104 bytes.
3 RECEIVE 2200 1449447830791 

3 RECEIVE 2300 1449447845319 

[Reducer1]: Got 376392 bytes.
3 RECEIVE 2000 1449447861661 

[Reducer1]: Got 953720 bytes.
Awaiting simulation instructions...

Awaiting simulation instructions...

Awaiting simulation instructions...

Awaiting simulation instructions...

3 RECEIVE 2500 1449447875400 

[Reducer1]: Got 90536 bytes.
3 RECEIVE 2600 1449447891741 

[Reducer1]: Got 183384 bytes.
3 RECEIVE 2700 1449447907305 

[Reducer1]: Got 376392 bytes.
3 RECEIVE 2400 1449447918460 

[Reducer1]: Got 958312 bytes.
Awaiting simulation instructions...

Awaiting simulation instructions...

Awaiting simulation instructions...

Awaiting simulation instructions...

3 RECEIVE 2900 1449447935577 

[Reducer1]: Got 89512 bytes.
3 RECEIVE 3000 1449447951789 

[Reducer1]: Got 185080 bytes.
3 RECEIVE 3100 1449447968355 

[Reducer1]: Got 376392 bytes.
3 RECEIVE 2800 1449447976696 

[Reducer1]: Got 955416 bytes.
Awaiting simulation instructions...

Awaiting simulation instructions...

Awaiting simulation instructions...

Awaiting simulation instructions...

3 RECEIVE 3300 1449447995336 

[Reducer1]: Got 89512 bytes.
3 RECEIVE 3400 1449448010577 

[Reducer1]: Got 185080 bytes.
3 RECEIVE 3500 1449448028234 

[Reducer1]: Got 376392 bytes.
3 RECEIVE 3200 1449448037650 

[Reducer1]: Got 958488 bytes.
Awaiting simulation instructions...

Awaiting simulation instructions...

Awaiting simulation instructions...

Awaiting simulation instructions...

3 RECEIVE 3700 1449448056551 

[Reducer1]: Got 89512 bytes.
3 RECEIVE 3800 1449448073247 

[Reducer1]: Got 185256 bytes.
3 RECEIVE 3900 1449448093403 

[Reducer1]: Got 376392 bytes.
3 RECEIVE 3600 1449448101038 

[Reducer1]: Got 957288 bytes.
Awaiting simulation instructions...

Awaiting simulation instructions...

Awaiting simulation instructions...

Awaiting simulation instructions...

3 RECEIVE 4100 1449448116507 

[Reducer1]: Got 89512 bytes.
3 RECEIVE 4200 1449448131999 

[Reducer1]: Got 184056 bytes.
3 RECEIVE 4300 1449448149255 

[Reducer1]: Got 374520 bytes.
3 RECEIVE 4000 1449448160495 

[Reducer1]: Got 957288 bytes.
Slave finished all tasks and exited.
logger exit
