Awaiting simulation instructions...

Awaiting simulation instructions...

Awaiting simulation instructions...

Awaiting simulation instructions...

Awaiting simulation instructions...

8 RECEIVE 100 1449447511012 

[Reducer6]: Got 88488 bytes.
8 RECEIVE 200 1449447525907 

[Reducer6]: Got 184072 bytes.
[Reducer6]: Got 374184 bytes.
8 RECEIVE 300 1449447538051 

8 RECEIVE 0 1449447556963 

[Reducer6]: Got 956280 bytes.
Awaiting simulation instructions...

Awaiting simulation instructions...

Awaiting simulation instructions...

Awaiting simulation instructions...

8 RECEIVE 500 1449447574869 

[Reducer6]: Got 89512 bytes.
8 RECEIVE 600 1449447590610 

[Reducer6]: Got 185256 bytes.
8 RECEIVE 700 1449447607865 

[Reducer6]: Got 374520 bytes.
8 RECEIVE 400 1449447619677 

[Reducer6]: Got 955592 bytes.
Awaiting simulation instructions...

Awaiting simulation instructions...

Awaiting simulation instructions...

Awaiting simulation instructions...

8 RECEIVE 900 1449447635711 

[Reducer6]: Got 91136 bytes.
8 RECEIVE 1000 1449447650892 

[Reducer6]: Got 184232 bytes.
8 RECEIVE 1100 1449447666246 

[Reducer6]: Got 378264 bytes.
8 RECEIVE 800 1449447680542 

[Reducer6]: Got 955592 bytes.
Awaiting simulation instructions...

Awaiting simulation instructions...

Awaiting simulation instructions...

Awaiting simulation instructions...

8 RECEIVE 1300 1449447696197 

[Reducer6]: Got 88488 bytes.
8 RECEIVE 1400 1449447711075 

[Reducer6]: Got 184232 bytes.
8 RECEIVE 1500 1449447727865 

[Reducer6]: Got 377416 bytes.
8 RECEIVE 1200 1449447740232 

[Reducer6]: Got 952360 bytes.
Awaiting simulation instructions...

Awaiting simulation instructions...

Awaiting simulation instructions...

Awaiting simulation instructions...

8 RECEIVE 1700 1449447755798 

[Reducer6]: Got 88064 bytes.
8 RECEIVE 1800 1449447770753 

[Reducer6]: Got 185256 bytes.
8 RECEIVE 1900 1449447786842 

[Reducer6]: Got 377416 bytes.
8 RECEIVE 1600 1449447801441 

[Reducer6]: Got 953720 bytes.
Awaiting simulation instructions...

Awaiting simulation instructions...

Awaiting simulation instructions...

Awaiting simulation instructions...

8 RECEIVE 2100 1449447815617 

[Reducer6]: Got 91384 bytes.
8 RECEIVE 2200 1449447831444 

[Reducer6]: Got 186104 bytes.
8 RECEIVE 2300 1449447846277 

[Reducer6]: Got 379288 bytes.
8 RECEIVE 2000 1449447861327 

[Reducer6]: Got 956616 bytes.
Awaiting simulation instructions...

Awaiting simulation instructions...

Awaiting simulation instructions...

Awaiting simulation instructions...

8 RECEIVE 2500 1449447876338 

[Reducer6]: Got 89512 bytes.
[Reducer6]: Got 182360 bytes.
8 RECEIVE 2600 1449447892896 

8 RECEIVE 2700 1449447907929 

[Reducer6]: Got 376392 bytes.
[Reducer6]: Got 956616 bytes.
8 RECEIVE 2400 1449447921902 

Awaiting simulation instructions...

Awaiting simulation instructions...

Awaiting simulation instructions...

Awaiting simulation instructions...

8 RECEIVE 2900 1449447936893 

[Reducer6]: Got 89512 bytes.
8 RECEIVE 3000 1449447952846 

[Reducer6]: Got 184232 bytes.
8 RECEIVE 3100 1449447969344 

[Reducer6]: Got 378264 bytes.
8 RECEIVE 2800 1449447981709 

[Reducer6]: Got 952360 bytes.
Awaiting simulation instructions...

Awaiting simulation instructions...

Awaiting simulation instructions...

Awaiting simulation instructions...

8 RECEIVE 3300 1449447995777 

[Reducer6]: Got 89512 bytes.
8 RECEIVE 3400 1449448010851 

[Reducer6]: Got 186280 bytes.
8 RECEIVE 3500 1449448028118 

[Reducer6]: Got 378264 bytes.
8 RECEIVE 3200 1449448039604 

[Reducer6]: Got 955592 bytes.
Awaiting simulation instructions...

Awaiting simulation instructions...

Awaiting simulation instructions...

Awaiting simulation instructions...

8 RECEIVE 3700 1449448057739 

[Reducer6]: Got 89512 bytes.
8 RECEIVE 3800 1449448073286 

[Reducer6]: Got 185080 bytes.
8 RECEIVE 3900 1449448090088 

[Reducer6]: Got 377416 bytes.
8 RECEIVE 3600 1449448101639 

[Reducer6]: Got 930552 bytes.
Awaiting simulation instructions...

Awaiting simulation instructions...

Awaiting simulation instructions...

Awaiting simulation instructions...

8 RECEIVE 4100 1449448119170 

[Reducer6]: Got 91136 bytes.
8 RECEIVE 4200 1449448132410 

[Reducer6]: Got 184232 bytes.
8 RECEIVE 4300 1449448150339 

[Reducer6]: Got 378264 bytes.
[Reducer6]: Got 942136 bytes.
8 RECEIVE 4000 1449448160845 

Slave finished all tasks and exited.
logger exit
