Awaiting simulation instructions...

Awaiting simulation instructions...

Awaiting simulation instructions...

5 RECEIVE 100 1449455730151 

[Reducer3]: Got 90376 bytes.
5 RECEIVE 0 1449455759533 

[Reducer3]: Got 959176 bytes.
Awaiting simulation instructions...

Awaiting simulation instructions...

5 RECEIVE 300 1449455774589 

[Reducer3]: Got 91136 bytes.
5 RECEIVE 200 1449455801085 

[Reducer3]: Got 958488 bytes.
Awaiting simulation instructions...

Awaiting simulation instructions...

5 RECEIVE 500 1449455813851 

[Reducer3]: Got 91560 bytes.
5 RECEIVE 400 1449455839064 

[Reducer3]: Got 957784 bytes.
Awaiting simulation instructions...

Awaiting simulation instructions...

5 RECEIVE 700 1449455853519 

[Reducer3]: Got 91560 bytes.
5 RECEIVE 600 1449455879170 

[Reducer3]: Got 958488 bytes.
Awaiting simulation instructions...

Awaiting simulation instructions...

5 RECEIVE 900 1449455894232 

[Reducer3]: Got 91560 bytes.
5 RECEIVE 800 1449455921808 

[Reducer3]: Got 958488 bytes.
Awaiting simulation instructions...

Awaiting simulation instructions...

5 RECEIVE 1100 1449455935227 

[Reducer3]: Got 91560 bytes.
5 RECEIVE 1000 1449455955351 

[Reducer3]: Got 957096 bytes.
Awaiting simulation instructions...

Awaiting simulation instructions...

5 RECEIVE 1300 1449455974358 

[Reducer3]: Got 91560 bytes.
5 RECEIVE 1200 1449455998701 

[Reducer3]: Got 958488 bytes.
Awaiting simulation instructions...

Awaiting simulation instructions...

5 RECEIVE 1500 1449456014502 

[Reducer3]: Got 91560 bytes.
5 RECEIVE 1400 1449456037404 

[Reducer3]: Got 958488 bytes.
Awaiting simulation instructions...

Awaiting simulation instructions...

5 RECEIVE 1700 1449456054782 

[Reducer3]: Got 91560 bytes.
5 RECEIVE 1600 1449456078065 

[Reducer3]: Got 958312 bytes.
Awaiting simulation instructions...

Awaiting simulation instructions...

5 RECEIVE 1900 1449456093752 

[Reducer3]: Got 91560 bytes.
5 RECEIVE 1800 1449456121696 

[Reducer3]: Got 958488 bytes.
Awaiting simulation instructions...

Awaiting simulation instructions...

5 RECEIVE 2100 1449456134087 

[Reducer3]: Got 91560 bytes.
5 RECEIVE 2000 1449456158296 

[Reducer3]: Got 957288 bytes.
Slave finished all tasks and exited.
logger exit
