Awaiting simulation instructions...

Awaiting simulation instructions...

Awaiting simulation instructions...

11 RECEIVE 100 1449455730103 

[Reducer9]: Got 89528 bytes.
11 RECEIVE 0 1449455757245 

[Reducer9]: Got 958152 bytes.
Awaiting simulation instructions...

Awaiting simulation instructions...

11 RECEIVE 300 1449455773806 

[Reducer9]: Got 91560 bytes.
11 RECEIVE 200 1449455797518 

[Reducer9]: Got 958968 bytes.
Awaiting simulation instructions...

Awaiting simulation instructions...

11 RECEIVE 500 1449455814014 

[Reducer9]: Got 91560 bytes.
11 RECEIVE 400 1449455841655 

[Reducer9]: Got 958152 bytes.
Awaiting simulation instructions...

Awaiting simulation instructions...

11 RECEIVE 700 1449455854938 

[Reducer9]: Got 91136 bytes.
11 RECEIVE 600 1449455881887 

[Reducer9]: Got 958488 bytes.
Awaiting simulation instructions...

Awaiting simulation instructions...

11 RECEIVE 900 1449455894497 

[Reducer9]: Got 91560 bytes.
11 RECEIVE 800 1449455919178 

[Reducer9]: Got 958488 bytes.
Awaiting simulation instructions...

Awaiting simulation instructions...

11 RECEIVE 1100 1449455934547 

[Reducer9]: Got 91560 bytes.
11 RECEIVE 1000 1449455961833 

[Reducer9]: Got 958488 bytes.
Awaiting simulation instructions...

Awaiting simulation instructions...

11 RECEIVE 1300 1449455973962 

[Reducer9]: Got 91560 bytes.
11 RECEIVE 1200 1449456001029 

[Reducer9]: Got 958488 bytes.
Awaiting simulation instructions...

Awaiting simulation instructions...

11 RECEIVE 1500 1449456014351 

[Reducer9]: Got 91560 bytes.
11 RECEIVE 1400 1449456042445 

[Reducer9]: Got 958488 bytes.
Awaiting simulation instructions...

Awaiting simulation instructions...

11 RECEIVE 1700 1449456054942 

[Reducer9]: Got 91560 bytes.
11 RECEIVE 1600 1449456080770 

[Reducer9]: Got 958064 bytes.
Awaiting simulation instructions...

Awaiting simulation instructions...

11 RECEIVE 1900 1449456094155 

[Reducer9]: Got 91560 bytes.
11 RECEIVE 1800 1449456120948 

[Reducer9]: Got 958488 bytes.
Awaiting simulation instructions...

Awaiting simulation instructions...

11 RECEIVE 2100 1449456133953 

[Reducer9]: Got 91560 bytes.
11 RECEIVE 2000 1449456161390 

[Reducer9]: Got 958488 bytes.
Slave finished all tasks and exited.
logger exit
