Awaiting simulation instructions...

Awaiting simulation instructions...

Awaiting simulation instructions...

2 RECEIVE 100 1449455730647 

[Reducer0]: Got 87480 bytes.
2 RECEIVE 0 1449455759988 

[Reducer0]: Got 955416 bytes.
Awaiting simulation instructions...

Awaiting simulation instructions...

2 RECEIVE 300 1449455774543 

[Reducer0]: Got 91136 bytes.
2 RECEIVE 200 1449455794366 

[Reducer0]: Got 958120 bytes.
Awaiting simulation instructions...

Awaiting simulation instructions...

2 RECEIVE 500 1449455813216 

[Reducer0]: Got 91560 bytes.
2 RECEIVE 400 1449455839364 

[Reducer0]: Got 957288 bytes.
Awaiting simulation instructions...

Awaiting simulation instructions...

2 RECEIVE 700 1449455854048 

[Reducer0]: Got 91560 bytes.
2 RECEIVE 600 1449455875333 

[Reducer0]: Got 958152 bytes.
Awaiting simulation instructions...

Awaiting simulation instructions...

2 RECEIVE 900 1449455893531 

[Reducer0]: Got 91560 bytes.
2 RECEIVE 800 1449455917472 

[Reducer0]: Got 958312 bytes.
Awaiting simulation instructions...

Awaiting simulation instructions...

2 RECEIVE 1100 1449455934831 

[Reducer0]: Got 91560 bytes.
2 RECEIVE 1000 1449455959493 

[Reducer0]: Got 958312 bytes.
Awaiting simulation instructions...

Awaiting simulation instructions...

2 RECEIVE 1300 1449455974341 

[Reducer0]: Got 91560 bytes.
2 RECEIVE 1200 1449455996985 

[Reducer0]: Got 958312 bytes.
Awaiting simulation instructions...

Awaiting simulation instructions...

2 RECEIVE 1500 1449456013345 

[Reducer0]: Got 91560 bytes.
2 RECEIVE 1400 1449456037850 

[Reducer0]: Got 958488 bytes.
Awaiting simulation instructions...

Awaiting simulation instructions...

2 RECEIVE 1700 1449456053467 

[Reducer0]: Got 91560 bytes.
2 RECEIVE 1600 1449456077687 

[Reducer0]: Got 958312 bytes.
Awaiting simulation instructions...

Awaiting simulation instructions...

2 RECEIVE 1900 1449456093342 

[Reducer0]: Got 91560 bytes.
2 RECEIVE 1800 1449456120162 

[Reducer0]: Got 958312 bytes.
Awaiting simulation instructions...

Awaiting simulation instructions...

2 RECEIVE 2100 1449456134652 

[Reducer0]: Got 91560 bytes.
2 RECEIVE 2000 1449456157928 

[Reducer0]: Got 957464 bytes.
Slave finished all tasks and exited.
logger exit
