Awaiting simulation instructions...

Awaiting simulation instructions...

Awaiting simulation instructions...

3 RECEIVE 100 1449455731486 

[Reducer1]: Got 90112 bytes.
3 RECEIVE 0 1449455760153 

[Reducer1]: Got 959176 bytes.
Awaiting simulation instructions...

Awaiting simulation instructions...

3 RECEIVE 300 1449455774606 

[Reducer1]: Got 91136 bytes.
3 RECEIVE 200 1449455795676 

[Reducer1]: Got 957120 bytes.
Awaiting simulation instructions...

Awaiting simulation instructions...

3 RECEIVE 500 1449455813340 

[Reducer1]: Got 91560 bytes.
3 RECEIVE 400 1449455839694 

[Reducer1]: Got 958312 bytes.
Awaiting simulation instructions...

Awaiting simulation instructions...

3 RECEIVE 700 1449455854021 

[Reducer1]: Got 91560 bytes.
3 RECEIVE 600 1449455878241 

[Reducer1]: Got 958312 bytes.
Awaiting simulation instructions...

Awaiting simulation instructions...

3 RECEIVE 900 1449455894091 

[Reducer1]: Got 91560 bytes.
3 RECEIVE 800 1449455917821 

[Reducer1]: Got 958312 bytes.
Awaiting simulation instructions...

Awaiting simulation instructions...

3 RECEIVE 1100 1449455934681 

[Reducer1]: Got 91560 bytes.
3 RECEIVE 1000 1449455959169 

[Reducer1]: Got 957288 bytes.
Awaiting simulation instructions...

Awaiting simulation instructions...

3 RECEIVE 1300 1449455974606 

[Reducer1]: Got 91560 bytes.
3 RECEIVE 1200 1449455997654 

[Reducer1]: Got 958312 bytes.
Awaiting simulation instructions...

Awaiting simulation instructions...

3 RECEIVE 1500 1449456013488 

[Reducer1]: Got 91560 bytes.
3 RECEIVE 1400 1449456041166 

[Reducer1]: Got 957288 bytes.
Awaiting simulation instructions...

Awaiting simulation instructions...

3 RECEIVE 1700 1449456053431 

[Reducer1]: Got 91560 bytes.
3 RECEIVE 1600 1449456081876 

[Reducer1]: Got 958488 bytes.
Awaiting simulation instructions...

Awaiting simulation instructions...

3 RECEIVE 1900 1449456094405 

[Reducer1]: Got 91560 bytes.
3 RECEIVE 1800 1449456117467 

[Reducer1]: Got 958488 bytes.
Awaiting simulation instructions...

Awaiting simulation instructions...

3 RECEIVE 2100 1449456133461 

[Reducer1]: Got 91560 bytes.
3 RECEIVE 2000 1449456159305 

[Reducer1]: Got 958312 bytes.
Slave finished all tasks and exited.
logger exit
