Awaiting simulation instructions...

Awaiting simulation instructions...

Awaiting simulation instructions...

Awaiting simulation instructions...

Awaiting simulation instructions...

10 RECEIVE 100 1449461539359 

[Reducer8]: Got 90376 bytes.
10 RECEIVE 200 1449461542726 

[Reducer8]: Got 185944 bytes.
10 RECEIVE 300 1449461561390 

[Reducer8]: Got 376056 bytes.
10 RECEIVE 0 1449461582174 

[Reducer8]: Got 890680 bytes.
Awaiting simulation instructions...

Awaiting simulation instructions...

Awaiting simulation instructions...

Awaiting simulation instructions...

10 RECEIVE 500 1449461602168 

[Reducer8]: Got 90112 bytes.
10 RECEIVE 600 1449461616313 

[Reducer8]: Got 184232 bytes.
10 RECEIVE 700 1449461633612 

[Reducer8]: Got 378264 bytes.
10 RECEIVE 400 1449461644905 

[Reducer8]: Got 957288 bytes.
Awaiting simulation instructions...

Awaiting simulation instructions...

Awaiting simulation instructions...

Awaiting simulation instructions...

10 RECEIVE 900 1449461660530 

[Reducer8]: Got 91136 bytes.
10 RECEIVE 1000 1449461675097 

[Reducer8]: Got 185256 bytes.
10 RECEIVE 1100 1449461691508 

[Reducer8]: Got 377416 bytes.
10 RECEIVE 800 1449461703050 

[Reducer8]: Got 958488 bytes.
Awaiting simulation instructions...

Awaiting simulation instructions...

Awaiting simulation instructions...

Awaiting simulation instructions...

10 RECEIVE 1300 1449461719445 

[Reducer8]: Got 89512 bytes.
10 RECEIVE 1400 1449461721902 

[Reducer8]: Got 91136 bytes.
10 RECEIVE 1500 1449461753380 

[Reducer8]: Got 375368 bytes.
10 RECEIVE 1200 1449461765597 

[Reducer8]: Got 954392 bytes.
Awaiting simulation instructions...

Awaiting simulation instructions...

Awaiting simulation instructions...

Awaiting simulation instructions...

10 RECEIVE 1700 1449461780515 

[Reducer8]: Got 91136 bytes.
10 RECEIVE 1800 1449461794972 

[Reducer8]: Got 184232 bytes.
10 RECEIVE 1900 1449461811730 

[Reducer8]: Got 377416 bytes.
10 RECEIVE 1600 1449461826077 

[Reducer8]: Got 955416 bytes.
Awaiting simulation instructions...

Awaiting simulation instructions...

Awaiting simulation instructions...

Awaiting simulation instructions...

10 RECEIVE 2100 1449461841132 

[Reducer8]: Got 91136 bytes.
10 RECEIVE 2200 1449461855168 

[Reducer8]: Got 183384 bytes.
10 RECEIVE 2300 1449461871529 

[Reducer8]: Got 375368 bytes.
10 RECEIVE 2000 1449461886346 

[Reducer8]: Got 956440 bytes.
Awaiting simulation instructions...

Awaiting simulation instructions...

Awaiting simulation instructions...

Awaiting simulation instructions...

10 RECEIVE 2500 1449461902045 

[Reducer8]: Got 91136 bytes.
10 RECEIVE 2600 1449461916014 

[Reducer8]: Got 184232 bytes.
10 RECEIVE 2700 1449461927934 

[Reducer8]: Got 364808 bytes.
10 RECEIVE 2400 1449461946684 

[Reducer8]: Got 955416 bytes.
Awaiting simulation instructions...

Awaiting simulation instructions...

Awaiting simulation instructions...

Awaiting simulation instructions...

10 RECEIVE 2900 1449461962298 

[Reducer8]: Got 91136 bytes.
10 RECEIVE 3000 1449461976826 

[Reducer8]: Got 184232 bytes.
10 RECEIVE 3100 1449461993740 

[Reducer8]: Got 378264 bytes.
10 RECEIVE 2800 1449462006433 

[Reducer8]: Got 956440 bytes.
Awaiting simulation instructions...

Awaiting simulation instructions...

Awaiting simulation instructions...

Awaiting simulation instructions...

10 RECEIVE 3300 1449462022055 

[Reducer8]: Got 91136 bytes.
10 RECEIVE 3400 1449462035828 

[Reducer8]: Got 184232 bytes.
10 RECEIVE 3500 1449462052803 

[Reducer8]: Got 376392 bytes.
10 RECEIVE 3200 1449462066624 

[Reducer8]: Got 956440 bytes.
Awaiting simulation instructions...

Awaiting simulation instructions...

Awaiting simulation instructions...

Awaiting simulation instructions...

10 RECEIVE 3700 1449462083141 

[Reducer8]: Got 91136 bytes.
10 RECEIVE 3800 1449462097895 

[Reducer8]: Got 184232 bytes.
10 RECEIVE 3900 1449462115338 

[Reducer8]: Got 378264 bytes.
10 RECEIVE 3600 1449462125984 

[Reducer8]: Got 952360 bytes.
Awaiting simulation instructions...

Awaiting simulation instructions...

Awaiting simulation instructions...

Awaiting simulation instructions...

10 RECEIVE 4100 1449462141237 

[Reducer8]: Got 87040 bytes.
10 RECEIVE 4200 1449462156054 

[Reducer8]: Got 182360 bytes.
10 RECEIVE 4300 1449462172295 

[Reducer8]: Got 378264 bytes.
10 RECEIVE 4000 1449462184408 

[Reducer8]: Got 952520 bytes.
Slave finished all tasks and exited.
logger exit
