Awaiting simulation instructions...

Awaiting simulation instructions...

Awaiting simulation instructions...

Awaiting simulation instructions...

Awaiting simulation instructions...

5 RECEIVE 100 1449461539974 

[Reducer3]: Got 90376 bytes.
5 RECEIVE 200 1449461551301 

[Reducer3]: Got 186704 bytes.
5 RECEIVE 300 1449461564099 

[Reducer3]: Got 373072 bytes.
5 RECEIVE 0 1449461585692 

[Reducer3]: Got 952272 bytes.
Awaiting simulation instructions...

Awaiting simulation instructions...

Awaiting simulation instructions...

Awaiting simulation instructions...

5 RECEIVE 500 1449461601672 

[Reducer3]: Got 91136 bytes.
5 RECEIVE 600 1449461615836 

[Reducer3]: Got 184232 bytes.
5 RECEIVE 700 1449461633592 

[Reducer3]: Got 383264 bytes.
5 RECEIVE 400 1449461641084 

[Reducer3]: Got 954832 bytes.
Awaiting simulation instructions...

Awaiting simulation instructions...

Awaiting simulation instructions...

Awaiting simulation instructions...

5 RECEIVE 900 1449461659390 

[Reducer3]: Got 89512 bytes.
5 RECEIVE 1000 1449461674247 

[Reducer3]: Got 184232 bytes.
5 RECEIVE 1100 1449461691133 

[Reducer3]: Got 376392 bytes.
5 RECEIVE 800 1449461704551 

[Reducer3]: Got 957040 bytes.
Awaiting simulation instructions...

Awaiting simulation instructions...

Awaiting simulation instructions...

Awaiting simulation instructions...

5 RECEIVE 1300 1449461719237 

[Reducer3]: Got 89512 bytes.
5 RECEIVE 1400 1449461734710 

[Reducer3]: Got 184232 bytes.
5 RECEIVE 1500 1449461752234 

[Reducer3]: Got 368728 bytes.
5 RECEIVE 1200 1449461763644 

[Reducer3]: Got 953720 bytes.
Awaiting simulation instructions...

Awaiting simulation instructions...

Awaiting simulation instructions...

Awaiting simulation instructions...

5 RECEIVE 1700 1449461779539 

[Reducer3]: Got 89512 bytes.
5 RECEIVE 1800 1449461794884 

[Reducer3]: Got 186280 bytes.
5 RECEIVE 1900 1449461810564 

[Reducer3]: Got 378264 bytes.
5 RECEIVE 1600 1449461821270 

[Reducer3]: Got 957800 bytes.
Awaiting simulation instructions...

Awaiting simulation instructions...

Awaiting simulation instructions...

Awaiting simulation instructions...

5 RECEIVE 2100 1449461839265 

[Reducer3]: Got 89512 bytes.
5 RECEIVE 2200 1449461854954 

[Reducer3]: Got 183384 bytes.
5 RECEIVE 2300 1449461870609 

[Reducer3]: Got 375368 bytes.
5 RECEIVE 2000 1449461884502 

[Reducer3]: Got 958312 bytes.
Awaiting simulation instructions...

Awaiting simulation instructions...

Awaiting simulation instructions...

Awaiting simulation instructions...

5 RECEIVE 2500 1449461899661 

[Reducer3]: Got 89512 bytes.
5 RECEIVE 2600 1449461915703 

[Reducer3]: Got 184232 bytes.
5 RECEIVE 2700 1449461932100 

[Reducer3]: Got 378264 bytes.
5 RECEIVE 2400 1449461942358 

[Reducer3]: Got 955928 bytes.
Awaiting simulation instructions...

Awaiting simulation instructions...

Awaiting simulation instructions...

Awaiting simulation instructions...

5 RECEIVE 2900 1449461960301 

[Reducer3]: Got 88064 bytes.
5 RECEIVE 3000 1449461976292 

[Reducer3]: Got 184232 bytes.
[Reducer3]: Got 375368 bytes.
5 RECEIVE 3100 1449461993184 

5 RECEIVE 2800 1449462004816 

[Reducer3]: Got 951672 bytes.
Awaiting simulation instructions...

Awaiting simulation instructions...

Awaiting simulation instructions...

Awaiting simulation instructions...

5 RECEIVE 3300 1449462019613 

[Reducer3]: Got 89512 bytes.
5 RECEIVE 3400 1449462035686 

[Reducer3]: Got 189448 bytes.
5 RECEIVE 3500 1449462051921 

[Reducer3]: Got 375368 bytes.
5 RECEIVE 3200 1449462065656 

[Reducer3]: Got 955592 bytes.
Awaiting simulation instructions...

Awaiting simulation instructions...

Awaiting simulation instructions...

Awaiting simulation instructions...

5 RECEIVE 3700 1449462080859 

[Reducer3]: Got 89512 bytes.
5 RECEIVE 3800 1449462098142 

[Reducer3]: Got 184232 bytes.
[Reducer3]: Got 377416 bytes.
5 RECEIVE 3900 1449462114361 

5 RECEIVE 3600 1449462122791 

[Reducer3]: Got 953704 bytes.
Awaiting simulation instructions...

Awaiting simulation instructions...

Awaiting simulation instructions...

Awaiting simulation instructions...

5 RECEIVE 4100 1449462140182 

[Reducer3]: Got 89512 bytes.
5 RECEIVE 4200 1449462156083 

[Reducer3]: Got 184232 bytes.
[Reducer3]: Got 377416 bytes.
5 RECEIVE 4300 1449462172334 

5 RECEIVE 4000 1449462182005 

[Reducer3]: Got 950984 bytes.
Slave finished all tasks and exited.
logger exit
