Awaiting simulation instructions...

Awaiting simulation instructions...

Awaiting simulation instructions...

Awaiting simulation instructions...

Awaiting simulation instructions...

6 RECEIVE 100 1449461534998 

[Reducer4]: Got 89512 bytes.
6 RECEIVE 200 1449461551869 

[Reducer4]: Got 182784 bytes.
6 RECEIVE 300 1449461569313 

[Reducer4]: Got 373920 bytes.
6 RECEIVE 0 1449461583151 

[Reducer4]: Got 956440 bytes.
Awaiting simulation instructions...

Awaiting simulation instructions...

Awaiting simulation instructions...

Awaiting simulation instructions...

6 RECEIVE 500 1449461601932 

[Reducer4]: Got 91136 bytes.
6 RECEIVE 600 1449461615719 

[Reducer4]: Got 184232 bytes.
6 RECEIVE 700 1449461636082 

[Reducer4]: Got 377416 bytes.
6 RECEIVE 400 1449461644469 

[Reducer4]: Got 958312 bytes.
Awaiting simulation instructions...

Awaiting simulation instructions...

Awaiting simulation instructions...

Awaiting simulation instructions...

6 RECEIVE 900 1449461660353 

[Reducer4]: Got 90112 bytes.
6 RECEIVE 1000 1449461674111 

[Reducer4]: Got 184232 bytes.
6 RECEIVE 1100 1449461691902 

[Reducer4]: Got 377416 bytes.
6 RECEIVE 800 1449461702662 

[Reducer4]: Got 958064 bytes.
Awaiting simulation instructions...

Awaiting simulation instructions...

Awaiting simulation instructions...

Awaiting simulation instructions...

6 RECEIVE 1300 1449461719704 

[Reducer4]: Got 89512 bytes.
6 RECEIVE 1400 1449461735062 

[Reducer4]: Got 184232 bytes.
6 RECEIVE 1500 1449461750890 

[Reducer4]: Got 375368 bytes.
6 RECEIVE 1200 1449461760675 

[Reducer4]: Got 953848 bytes.
Awaiting simulation instructions...

Awaiting simulation instructions...

Awaiting simulation instructions...

Awaiting simulation instructions...

6 RECEIVE 1700 1449461780753 

[Reducer4]: Got 90112 bytes.
6 RECEIVE 1800 1449461795457 

[Reducer4]: Got 184232 bytes.
6 RECEIVE 1900 1449461810419 

[Reducer4]: Got 379288 bytes.
6 RECEIVE 1600 1449461825058 

[Reducer4]: Got 954392 bytes.
Awaiting simulation instructions...

Awaiting simulation instructions...

Awaiting simulation instructions...

Awaiting simulation instructions...

6 RECEIVE 2100 1449461839734 

[Reducer4]: Got 89512 bytes.
6 RECEIVE 2200 1449461855315 

[Reducer4]: Got 184232 bytes.
6 RECEIVE 2300 1449461870529 

[Reducer4]: Got 375368 bytes.
6 RECEIVE 2000 1449461882166 

[Reducer4]: Got 872032 bytes.
Awaiting simulation instructions...

Awaiting simulation instructions...

Awaiting simulation instructions...

Awaiting simulation instructions...

6 RECEIVE 2500 1449461900014 

[Reducer4]: Got 89512 bytes.
6 RECEIVE 2600 1449461916369 

[Reducer4]: Got 185256 bytes.
6 RECEIVE 2700 1449461931265 

[Reducer4]: Got 376392 bytes.
6 RECEIVE 2400 1449461940701 

[Reducer4]: Got 956776 bytes.
Awaiting simulation instructions...

Awaiting simulation instructions...

Awaiting simulation instructions...

Awaiting simulation instructions...

6 RECEIVE 2900 1449461960591 

[Reducer4]: Got 89512 bytes.
6 RECEIVE 3000 1449461977055 

[Reducer4]: Got 184232 bytes.
6 RECEIVE 3100 1449461993155 

[Reducer4]: Got 377416 bytes.
6 RECEIVE 2800 1449462001764 

[Reducer4]: Got 953704 bytes.
Awaiting simulation instructions...

Awaiting simulation instructions...

Awaiting simulation instructions...

Awaiting simulation instructions...

6 RECEIVE 3300 1449462022192 

[Reducer4]: Got 91136 bytes.
[Reducer4]: Got 185256 bytes.
6 RECEIVE 3400 1449462035413 

6 RECEIVE 3500 1449462051873 

[Reducer4]: Got 377416 bytes.
6 RECEIVE 3200 1449462063522 

[Reducer4]: Got 958312 bytes.
Awaiting simulation instructions...

Awaiting simulation instructions...

Awaiting simulation instructions...

Awaiting simulation instructions...

6 RECEIVE 3700 1449462081403 

[Reducer4]: Got 89512 bytes.
6 RECEIVE 3800 1449462097366 

[Reducer4]: Got 186104 bytes.
6 RECEIVE 3900 1449462114293 

[Reducer4]: Got 376392 bytes.
6 RECEIVE 3600 1449462124322 

[Reducer4]: Got 956280 bytes.
Awaiting simulation instructions...

Awaiting simulation instructions...

Awaiting simulation instructions...

Awaiting simulation instructions...

6 RECEIVE 4100 1449462141280 

[Reducer4]: Got 89512 bytes.
6 RECEIVE 4200 1449462156006 

[Reducer4]: Got 183384 bytes.
6 RECEIVE 4300 1449462172053 

[Reducer4]: Got 376392 bytes.
6 RECEIVE 4000 1449462179755 

[Reducer4]: Got 955048 bytes.
Slave finished all tasks and exited.
logger exit
