Awaiting simulation instructions...

Awaiting simulation instructions...

Awaiting simulation instructions...

Awaiting simulation instructions...

Awaiting simulation instructions...

7 RECEIVE 100 1449461534661 

[Reducer5]: Got 90376 bytes.
7 RECEIVE 200 1449461543364 

[Reducer5]: Got 184920 bytes.
7 RECEIVE 300 1449461564070 

[Reducer5]: Got 379712 bytes.
7 RECEIVE 0 1449461584384 

[Reducer5]: Got 958152 bytes.
Awaiting simulation instructions...

Awaiting simulation instructions...

Awaiting simulation instructions...

Awaiting simulation instructions...

7 RECEIVE 500 1449461601745 

[Reducer5]: Got 91136 bytes.
7 RECEIVE 600 1449461615913 

[Reducer5]: Got 183384 bytes.
7 RECEIVE 700 1449461632754 

[Reducer5]: Got 377416 bytes.
7 RECEIVE 400 1449461644517 

[Reducer5]: Got 956440 bytes.
Awaiting simulation instructions...

Awaiting simulation instructions...

Awaiting simulation instructions...

Awaiting simulation instructions...

7 RECEIVE 900 1449461660399 

[Reducer5]: Got 90112 bytes.
7 RECEIVE 1000 1449461674677 

[Reducer5]: Got 184232 bytes.
7 RECEIVE 1100 1449461691576 

[Reducer5]: Got 376392 bytes.
7 RECEIVE 800 1449461702614 

[Reducer5]: Got 958064 bytes.
Awaiting simulation instructions...

Awaiting simulation instructions...

Awaiting simulation instructions...

Awaiting simulation instructions...

7 RECEIVE 1300 1449461719426 

[Reducer5]: Got 89512 bytes.
7 RECEIVE 1400 1449461734739 

[Reducer5]: Got 184232 bytes.
7 RECEIVE 1500 1449461750860 

[Reducer5]: Got 378264 bytes.
7 RECEIVE 1200 1449461763053 

[Reducer5]: Got 956016 bytes.
Awaiting simulation instructions...

Awaiting simulation instructions...

Awaiting simulation instructions...

Awaiting simulation instructions...

7 RECEIVE 1700 1449461781490 

[Reducer5]: Got 91136 bytes.
7 RECEIVE 1800 1449461795428 

[Reducer5]: Got 184232 bytes.
7 RECEIVE 1900 1449461814022 

[Reducer5]: Got 376816 bytes.
7 RECEIVE 1600 1449461825320 

[Reducer5]: Got 955416 bytes.
Awaiting simulation instructions...

Awaiting simulation instructions...

Awaiting simulation instructions...

Awaiting simulation instructions...

7 RECEIVE 2100 1449461839294 

[Reducer5]: Got 89512 bytes.
7 RECEIVE 2200 1449461854643 

[Reducer5]: Got 182360 bytes.
7 RECEIVE 2300 1449461870567 

[Reducer5]: Got 375368 bytes.
7 RECEIVE 2000 1449461877098 

[Reducer5]: Got 956704 bytes.
Awaiting simulation instructions...

Awaiting simulation instructions...

Awaiting simulation instructions...

Awaiting simulation instructions...

7 RECEIVE 2500 1449461900256 

[Reducer5]: Got 87040 bytes.
7 RECEIVE 2600 1449461915838 

[Reducer5]: Got 185256 bytes.
[Reducer5]: Got 377416 bytes.
7 RECEIVE 2700 1449461931294 

7 RECEIVE 2400 1449461946241 

[Reducer5]: Got 947592 bytes.
Awaiting simulation instructions...

Awaiting simulation instructions...

Awaiting simulation instructions...

Awaiting simulation instructions...

7 RECEIVE 2900 1449461960487 

[Reducer5]: Got 89512 bytes.
7 RECEIVE 3000 1449461977015 

[Reducer5]: Got 184232 bytes.
7 RECEIVE 3100 1449461993223 

[Reducer5]: Got 375368 bytes.
7 RECEIVE 2800 1449462002374 

[Reducer5]: Got 955928 bytes.
Awaiting simulation instructions...

Awaiting simulation instructions...

Awaiting simulation instructions...

Awaiting simulation instructions...

7 RECEIVE 3300 1449462020632 

[Reducer5]: Got 89512 bytes.
[Reducer5]: Got 184232 bytes.
7 RECEIVE 3400 1449462035548 

7 RECEIVE 3500 1449462051689 

[Reducer5]: Got 375368 bytes.
7 RECEIVE 3200 1449462058531 

[Reducer5]: Got 956248 bytes.
Awaiting simulation instructions...

Awaiting simulation instructions...

Awaiting simulation instructions...

Awaiting simulation instructions...

7 RECEIVE 3700 1449462081260 

[Reducer5]: Got 89512 bytes.
7 RECEIVE 3800 1449462097289 

[Reducer5]: Got 185080 bytes.
7 RECEIVE 3900 1449462114313 

[Reducer5]: Got 377416 bytes.
7 RECEIVE 3600 1449462123643 

[Reducer5]: Got 954904 bytes.
Awaiting simulation instructions...

Awaiting simulation instructions...

Awaiting simulation instructions...

Awaiting simulation instructions...

7 RECEIVE 4100 1449462141256 

[Reducer5]: Got 88488 bytes.
7 RECEIVE 4200 1449462156485 

[Reducer5]: Got 184232 bytes.
7 RECEIVE 4300 1449462173034 

[Reducer5]: Got 376392 bytes.
7 RECEIVE 4000 1449462180424 

[Reducer5]: Got 957624 bytes.
Slave finished all tasks and exited.
logger exit
