Awaiting simulation instructions...

Awaiting simulation instructions...

Awaiting simulation instructions...

Awaiting simulation instructions...

Awaiting simulation instructions...

11 RECEIVE 100 1449461543153 

[Reducer9]: Got 86456 bytes.
11 RECEIVE 200 1449461550266 

[Reducer9]: Got 185080 bytes.
11 RECEIVE 300 1449461562849 

[Reducer9]: Got 378952 bytes.
11 RECEIVE 0 1449461583248 

[Reducer9]: Got 957304 bytes.
Awaiting simulation instructions...

Awaiting simulation instructions...

Awaiting simulation instructions...

Awaiting simulation instructions...

11 RECEIVE 500 1449461602068 

[Reducer9]: Got 90112 bytes.
11 RECEIVE 600 1449461615884 

[Reducer9]: Got 184232 bytes.
11 RECEIVE 700 1449461633088 

[Reducer9]: Got 378264 bytes.
11 RECEIVE 400 1449461644944 

[Reducer9]: Got 954568 bytes.
Awaiting simulation instructions...

Awaiting simulation instructions...

Awaiting simulation instructions...

Awaiting simulation instructions...

11 RECEIVE 900 1449461660564 

[Reducer9]: Got 90112 bytes.
11 RECEIVE 1000 1449461674696 

[Reducer9]: Got 184232 bytes.
11 RECEIVE 1100 1449461691931 

[Reducer9]: Got 377416 bytes.
11 RECEIVE 800 1449461705340 

[Reducer9]: Got 953544 bytes.
Awaiting simulation instructions...

Awaiting simulation instructions...

Awaiting simulation instructions...

Awaiting simulation instructions...

11 RECEIVE 1300 1449461721688 

[Reducer9]: Got 91136 bytes.
11 RECEIVE 1400 1449461734984 

[Reducer9]: Got 185256 bytes.
11 RECEIVE 1500 1449461751035 

[Reducer9]: Got 377416 bytes.
11 RECEIVE 1200 1449461765335 

[Reducer9]: Got 957288 bytes.
Awaiting simulation instructions...

Awaiting simulation instructions...

Awaiting simulation instructions...

Awaiting simulation instructions...

11 RECEIVE 1700 1449461781728 

[Reducer9]: Got 91136 bytes.
11 RECEIVE 1800 1449461795383 

[Reducer9]: Got 184232 bytes.
11 RECEIVE 1900 1449461811209 

[Reducer9]: Got 378264 bytes.
11 RECEIVE 1600 1449461826310 

[Reducer9]: Got 954392 bytes.
Awaiting simulation instructions...

Awaiting simulation instructions...

Awaiting simulation instructions...

Awaiting simulation instructions...

11 RECEIVE 2100 1449461839925 

[Reducer9]: Got 86456 bytes.
11 RECEIVE 2200 1449461854759 

[Reducer9]: Got 183384 bytes.
11 RECEIVE 2300 1449461871253 

[Reducer9]: Got 378264 bytes.
11 RECEIVE 2000 1449461885628 

[Reducer9]: Got 958312 bytes.
Awaiting simulation instructions...

Awaiting simulation instructions...

Awaiting simulation instructions...

Awaiting simulation instructions...

11 RECEIVE 2500 1449461902222 

[Reducer9]: Got 91136 bytes.
11 RECEIVE 2600 1449461915956 

[Reducer9]: Got 184232 bytes.
11 RECEIVE 2700 1449461932420 

[Reducer9]: Got 379288 bytes.
11 RECEIVE 2400 1449461945619 

[Reducer9]: Got 955416 bytes.
Awaiting simulation instructions...

Awaiting simulation instructions...

Awaiting simulation instructions...

Awaiting simulation instructions...

11 RECEIVE 2900 1449461962764 

[Reducer9]: Got 91136 bytes.
11 RECEIVE 3000 1449461976632 

[Reducer9]: Got 184232 bytes.
11 RECEIVE 3100 1449461994126 

[Reducer9]: Got 379288 bytes.
11 RECEIVE 2800 1449462006423 

[Reducer9]: Got 958312 bytes.
Awaiting simulation instructions...

Awaiting simulation instructions...

Awaiting simulation instructions...

Awaiting simulation instructions...

11 RECEIVE 3300 1449462021524 

[Reducer9]: Got 91136 bytes.
11 RECEIVE 3400 1449462036016 

[Reducer9]: Got 184232 bytes.
11 RECEIVE 3500 1449462052619 

[Reducer9]: Got 377416 bytes.
11 RECEIVE 3200 1449462066469 

[Reducer9]: Got 957288 bytes.
Awaiting simulation instructions...

Awaiting simulation instructions...

Awaiting simulation instructions...

Awaiting simulation instructions...

11 RECEIVE 3700 1449462083124 

[Reducer9]: Got 91136 bytes.
11 RECEIVE 3800 1449462097681 

[Reducer9]: Got 184232 bytes.
11 RECEIVE 3900 1449462112801 

[Reducer9]: Got 374520 bytes.
11 RECEIVE 3600 1449462126922 

[Reducer9]: Got 954392 bytes.
Awaiting simulation instructions...

Awaiting simulation instructions...

Awaiting simulation instructions...

Awaiting simulation instructions...

11 RECEIVE 4100 1449462141389 

[Reducer9]: Got 88064 bytes.
11 RECEIVE 4200 1449462156103 

[Reducer9]: Got 185256 bytes.
11 RECEIVE 4300 1449462172169 

[Reducer9]: Got 378264 bytes.
11 RECEIVE 4000 1449462185357 

[Reducer9]: Got 948600 bytes.
Slave finished all tasks and exited.
logger exit
