Awaiting simulation instructions...

Awaiting simulation instructions...

Awaiting simulation instructions...

Awaiting simulation instructions...

Awaiting simulation instructions...

4 RECEIVE 100 1449461537661 

[Reducer2]: Got 90112 bytes.
4 RECEIVE 200 1449461550704 

[Reducer2]: Got 186704 bytes.
4 RECEIVE 300 1449461561574 

[Reducer2]: Got 375208 bytes.
4 RECEIVE 0 1449461583219 

[Reducer2]: Got 956280 bytes.
Awaiting simulation instructions...

Awaiting simulation instructions...

Awaiting simulation instructions...

Awaiting simulation instructions...

4 RECEIVE 500 1449461599110 

[Reducer2]: Got 90536 bytes.
4 RECEIVE 600 1449461616562 

[Reducer2]: Got 183384 bytes.
4 RECEIVE 700 1449461633078 

[Reducer2]: Got 377416 bytes.
4 RECEIVE 400 1449461641995 

[Reducer2]: Got 950064 bytes.
Awaiting simulation instructions...

Awaiting simulation instructions...

Awaiting simulation instructions...

Awaiting simulation instructions...

4 RECEIVE 900 1449461658504 

[Reducer2]: Got 89512 bytes.
4 RECEIVE 1000 1449461674306 

[Reducer2]: Got 183384 bytes.
4 RECEIVE 1100 1449461690940 

[Reducer2]: Got 377416 bytes.
4 RECEIVE 800 1449461703185 

[Reducer2]: Got 956616 bytes.
Awaiting simulation instructions...

Awaiting simulation instructions...

Awaiting simulation instructions...

Awaiting simulation instructions...

4 RECEIVE 1300 1449461720202 

[Reducer2]: Got 91136 bytes.
4 RECEIVE 1400 1449461735159 

[Reducer2]: Got 184232 bytes.
4 RECEIVE 1500 1449461751933 

[Reducer2]: Got 378264 bytes.
4 RECEIVE 1200 1449461763198 

[Reducer2]: Got 958488 bytes.
Awaiting simulation instructions...

Awaiting simulation instructions...

Awaiting simulation instructions...

Awaiting simulation instructions...

4 RECEIVE 1700 1449461779009 

[Reducer2]: Got 89512 bytes.
4 RECEIVE 1800 1449461795224 

[Reducer2]: Got 188848 bytes.
4 RECEIVE 1900 1449461810679 

[Reducer2]: Got 378264 bytes.
4 RECEIVE 1600 1449461819427 

[Reducer2]: Got 960696 bytes.
Awaiting simulation instructions...

Awaiting simulation instructions...

Awaiting simulation instructions...

Awaiting simulation instructions...

4 RECEIVE 2100 1449461839751 

[Reducer2]: Got 89512 bytes.
4 RECEIVE 2200 1449461854730 

[Reducer2]: Got 184232 bytes.
4 RECEIVE 2300 1449461878705 

[Reducer2]: Got 361912 bytes.
4 RECEIVE 2000 1449461883591 

[Reducer2]: Got 957288 bytes.
Awaiting simulation instructions...

Awaiting simulation instructions...

Awaiting simulation instructions...

Awaiting simulation instructions...

4 RECEIVE 2500 1449461899146 

[Reducer2]: Got 89512 bytes.
[Reducer2]: Got 185080 bytes.
4 RECEIVE 2600 1449461915554 

4 RECEIVE 2700 1449461935055 

[Reducer2]: Got 378264 bytes.
4 RECEIVE 2400 1449461941515 

[Reducer2]: Got 953880 bytes.
Awaiting simulation instructions...

Awaiting simulation instructions...

Awaiting simulation instructions...

Awaiting simulation instructions...

4 RECEIVE 2900 1449461959849 

[Reducer2]: Got 89512 bytes.
4 RECEIVE 3000 1449461976408 

[Reducer2]: Got 184232 bytes.
4 RECEIVE 3100 1449461993262 

[Reducer2]: Got 375368 bytes.
4 RECEIVE 2800 1449462003064 

[Reducer2]: Got 956776 bytes.
Awaiting simulation instructions...

Awaiting simulation instructions...

Awaiting simulation instructions...

Awaiting simulation instructions...

4 RECEIVE 3300 1449462019396 

[Reducer2]: Got 89512 bytes.
4 RECEIVE 3400 1449462035129 

[Reducer2]: Got 185256 bytes.
4 RECEIVE 3500 1449462051960 

[Reducer2]: Got 377416 bytes.
4 RECEIVE 3200 1449462065946 

[Reducer2]: Got 955592 bytes.
Awaiting simulation instructions...

Awaiting simulation instructions...

Awaiting simulation instructions...

Awaiting simulation instructions...

4 RECEIVE 3700 1449462081040 

[Reducer2]: Got 89512 bytes.
4 RECEIVE 3900 1449462114400 

[Reducer2]: Got 377416 bytes.
4 RECEIVE 3800 1449462118696 

[Reducer2]: Got 187336 bytes.
4 RECEIVE 3600 1449462123178 

[Reducer2]: Got 958552 bytes.
Awaiting simulation instructions...

Awaiting simulation instructions...

Awaiting simulation instructions...

Awaiting simulation instructions...

4 RECEIVE 4100 1449462143210 

[Reducer2]: Got 91136 bytes.
4 RECEIVE 4200 1449462156702 

[Reducer2]: Got 185256 bytes.
4 RECEIVE 4300 1449462172092 

[Reducer2]: Got 378264 bytes.
4 RECEIVE 4000 1449462181267 

[Reducer2]: Got 957448 bytes.
Slave finished all tasks and exited.
logger exit
