Awaiting simulation instructions...

Awaiting simulation instructions...

Awaiting simulation instructions...

Awaiting simulation instructions...

Awaiting simulation instructions...

9 RECEIVE 100 1449461538352 

[Reducer7]: Got 89512 bytes.
9 RECEIVE 200 1449461549261 

[Reducer7]: Got 186968 bytes.
9 RECEIVE 300 1449461565460 

[Reducer7]: Got 373920 bytes.
9 RECEIVE 0 1449461583723 

[Reducer7]: Got 946480 bytes.
Awaiting simulation instructions...

Awaiting simulation instructions...

Awaiting simulation instructions...

Awaiting simulation instructions...

9 RECEIVE 500 1449461602085 

[Reducer7]: Got 90112 bytes.
9 RECEIVE 600 1449461616099 

[Reducer7]: Got 184232 bytes.
9 RECEIVE 700 1449461633010 

[Reducer7]: Got 378264 bytes.
9 RECEIVE 400 1449461644571 

[Reducer7]: Got 955416 bytes.
Awaiting simulation instructions...

Awaiting simulation instructions...

Awaiting simulation instructions...

Awaiting simulation instructions...

9 RECEIVE 900 1449461660807 

[Reducer7]: Got 91136 bytes.
9 RECEIVE 1000 1449461675039 

[Reducer7]: Got 185256 bytes.
9 RECEIVE 1100 1449461691690 

[Reducer7]: Got 377416 bytes.
9 RECEIVE 800 1449461705427 

[Reducer7]: Got 955416 bytes.
Awaiting simulation instructions...

Awaiting simulation instructions...

Awaiting simulation instructions...

Awaiting simulation instructions...

9 RECEIVE 1300 1449461720018 

[Reducer7]: Got 89512 bytes.
9 RECEIVE 1400 1449461735315 

[Reducer7]: Got 184232 bytes.
9 RECEIVE 1500 1449461751962 

[Reducer7]: Got 376392 bytes.
9 RECEIVE 1200 1449461765267 

[Reducer7]: Got 957288 bytes.
Awaiting simulation instructions...

Awaiting simulation instructions...

Awaiting simulation instructions...

Awaiting simulation instructions...

9 RECEIVE 1700 1449461781473 

[Reducer7]: Got 91136 bytes.
9 RECEIVE 1800 1449461795069 

[Reducer7]: Got 184232 bytes.
9 RECEIVE 1900 1449461810860 

[Reducer7]: Got 378264 bytes.
9 RECEIVE 1600 1449461825465 

[Reducer7]: Got 957288 bytes.
Awaiting simulation instructions...

Awaiting simulation instructions...

Awaiting simulation instructions...

Awaiting simulation instructions...

9 RECEIVE 2100 1449461841851 

[Reducer7]: Got 91136 bytes.
9 RECEIVE 2200 1449461854798 

[Reducer7]: Got 183384 bytes.
9 RECEIVE 2300 1449461871471 

[Reducer7]: Got 378264 bytes.
9 RECEIVE 2000 1449461885734 

[Reducer7]: Got 952520 bytes.
Awaiting simulation instructions...

Awaiting simulation instructions...

Awaiting simulation instructions...

Awaiting simulation instructions...

9 RECEIVE 2500 1449461900844 

[Reducer7]: Got 88064 bytes.
9 RECEIVE 2600 1449461915927 

[Reducer7]: Got 184232 bytes.
9 RECEIVE 2700 1449461931651 

[Reducer7]: Got 378264 bytes.
9 RECEIVE 2400 1449461945755 

[Reducer7]: Got 956440 bytes.
Awaiting simulation instructions...

Awaiting simulation instructions...

Awaiting simulation instructions...

Awaiting simulation instructions...

9 RECEIVE 2900 1449461961203 

[Reducer7]: Got 89512 bytes.
9 RECEIVE 3000 1449461976515 

[Reducer7]: Got 185256 bytes.
9 RECEIVE 3100 1449461994029 

[Reducer7]: Got 379288 bytes.
9 RECEIVE 2800 1449462006392 

[Reducer7]: Got 950648 bytes.
Awaiting simulation instructions...

Awaiting simulation instructions...

Awaiting simulation instructions...

Awaiting simulation instructions...

9 RECEIVE 3300 1449462021580 

[Reducer7]: Got 91136 bytes.
9 RECEIVE 3400 1449462035730 

[Reducer7]: Got 184232 bytes.
9 RECEIVE 3500 1449462052359 

[Reducer7]: Got 377416 bytes.
9 RECEIVE 3200 1449462061628 

[Reducer7]: Got 884888 bytes.
Awaiting simulation instructions...

Awaiting simulation instructions...

Awaiting simulation instructions...

Awaiting simulation instructions...

9 RECEIVE 3700 1449462082371 

[Reducer7]: Got 89512 bytes.
9 RECEIVE 3800 1449462097700 

[Reducer7]: Got 184232 bytes.
9 RECEIVE 3900 1449462115376 

[Reducer7]: Got 378264 bytes.
9 RECEIVE 3600 1449462126902 

[Reducer7]: Got 954392 bytes.
Awaiting simulation instructions...

Awaiting simulation instructions...

Awaiting simulation instructions...

Awaiting simulation instructions...

9 RECEIVE 4100 1449462141134 

[Reducer7]: Got 88488 bytes.
9 RECEIVE 4200 1449462156504 

[Reducer7]: Got 183384 bytes.
9 RECEIVE 4300 1449462172130 

[Reducer7]: Got 378264 bytes.
9 RECEIVE 4000 1449462187287 

[Reducer7]: Got 948216 bytes.
Slave finished all tasks and exited.
logger exit
