Awaiting simulation instructions...

Awaiting simulation instructions...

Awaiting simulation instructions...

Awaiting simulation instructions...

Awaiting simulation instructions...

3 RECEIVE 100 1449461539992 

[Reducer1]: Got 89352 bytes.
3 RECEIVE 200 1449461542959 

[Reducer1]: Got 184072 bytes.
3 RECEIVE 300 1449461568602 

[Reducer1]: Got 368128 bytes.
3 RECEIVE 0 1449461583045 

[Reducer1]: Got 957288 bytes.
Awaiting simulation instructions...

Awaiting simulation instructions...

Awaiting simulation instructions...

Awaiting simulation instructions...

3 RECEIVE 500 1449461601501 

[Reducer1]: Got 91136 bytes.
3 RECEIVE 600 1449461615874 

[Reducer1]: Got 185256 bytes.
3 RECEIVE 700 1449461632405 

[Reducer1]: Got 374520 bytes.
3 RECEIVE 400 1449461643740 

[Reducer1]: Got 955952 bytes.
Awaiting simulation instructions...

Awaiting simulation instructions...

Awaiting simulation instructions...

Awaiting simulation instructions...

3 RECEIVE 900 1449461658355 

[Reducer1]: Got 89512 bytes.
3 RECEIVE 1000 1449461674014 

[Reducer1]: Got 183384 bytes.
3 RECEIVE 1100 1449461690834 

[Reducer1]: Got 375368 bytes.
3 RECEIVE 800 1449461702148 

[Reducer1]: Got 958312 bytes.
Awaiting simulation instructions...

Awaiting simulation instructions...

Awaiting simulation instructions...

Awaiting simulation instructions...

3 RECEIVE 1300 1449461718731 

[Reducer1]: Got 88488 bytes.
3 RECEIVE 1400 1449461734603 

[Reducer1]: Got 185256 bytes.
3 RECEIVE 1500 1449461750831 

[Reducer1]: Got 376392 bytes.
3 RECEIVE 1200 1449461762740 

[Reducer1]: Got 957288 bytes.
Awaiting simulation instructions...

Awaiting simulation instructions...

Awaiting simulation instructions...

Awaiting simulation instructions...

3 RECEIVE 1700 1449461778886 

[Reducer1]: Got 89512 bytes.
3 RECEIVE 1800 1449461794646 

[Reducer1]: Got 184232 bytes.
3 RECEIVE 1900 1449461810217 

[Reducer1]: Got 373496 bytes.
3 RECEIVE 1600 1449461819078 

[Reducer1]: Got 954128 bytes.
Awaiting simulation instructions...

Awaiting simulation instructions...

Awaiting simulation instructions...

Awaiting simulation instructions...

3 RECEIVE 2100 1449461840807 

[Reducer1]: Got 91136 bytes.
3 RECEIVE 2200 1449461854604 

[Reducer1]: Got 184232 bytes.
3 RECEIVE 2300 1449461871049 

[Reducer1]: Got 374520 bytes.
3 RECEIVE 2000 1449461882389 

[Reducer1]: Got 956440 bytes.
Awaiting simulation instructions...

Awaiting simulation instructions...

Awaiting simulation instructions...

Awaiting simulation instructions...

3 RECEIVE 2500 1449461899499 

[Reducer1]: Got 89512 bytes.
3 RECEIVE 2600 1449461915467 

[Reducer1]: Got 182184 bytes.
3 RECEIVE 2700 1449461933053 

[Reducer1]: Got 363784 bytes.
3 RECEIVE 2400 1449461939313 

[Reducer1]: Got 957944 bytes.
Awaiting simulation instructions...

Awaiting simulation instructions...

Awaiting simulation instructions...

Awaiting simulation instructions...

3 RECEIVE 2900 1449461959946 

[Reducer1]: Got 87040 bytes.
3 RECEIVE 3000 1449461976065 

[Reducer1]: Got 185080 bytes.
3 RECEIVE 3100 1449461993769 

[Reducer1]: Got 379288 bytes.
3 RECEIVE 2800 1449462000704 

[Reducer1]: Got 956920 bytes.
Awaiting simulation instructions...

Awaiting simulation instructions...

Awaiting simulation instructions...

Awaiting simulation instructions...

3 RECEIVE 3300 1449462019234 

[Reducer1]: Got 89512 bytes.
[Reducer1]: Got 184232 bytes.
3 RECEIVE 3400 1449462035315 

3 RECEIVE 3500 1449462051805 

[Reducer1]: Got 376392 bytes.
3 RECEIVE 3200 1449462064249 

[Reducer1]: Got 955416 bytes.
Awaiting simulation instructions...

Awaiting simulation instructions...

Awaiting simulation instructions...

Awaiting simulation instructions...

3 RECEIVE 3700 1449462080765 

[Reducer1]: Got 89512 bytes.
3 RECEIVE 3800 1449462097132 

[Reducer1]: Got 184056 bytes.
3 RECEIVE 3900 1449462114255 

[Reducer1]: Got 376392 bytes.
3 RECEIVE 3600 1449462122606 

[Reducer1]: Got 953880 bytes.
Awaiting simulation instructions...

Awaiting simulation instructions...

Awaiting simulation instructions...

Awaiting simulation instructions...

3 RECEIVE 4100 1449462140010 

[Reducer1]: Got 89512 bytes.
3 RECEIVE 4200 1449462155712 

[Reducer1]: Got 184056 bytes.
3 RECEIVE 4300 1449462175185 

[Reducer1]: Got 368728 bytes.
3 RECEIVE 4000 1449462185463 

[Reducer1]: Got 961208 bytes.
Slave finished all tasks and exited.
logger exit
