Awaiting simulation instructions...

Awaiting simulation instructions...

Awaiting simulation instructions...

Awaiting simulation instructions...

Awaiting simulation instructions...

8 RECEIVE 100 1449461534964 

[Reducer6]: Got 90376 bytes.
8 RECEIVE 200 1449461549666 

[Reducer6]: Got 184920 bytes.
8 RECEIVE 300 1449461563747 

[Reducer6]: Got 379712 bytes.
8 RECEIVE 0 1449461583335 

[Reducer6]: Got 953384 bytes.
Awaiting simulation instructions...

Awaiting simulation instructions...

Awaiting simulation instructions...

Awaiting simulation instructions...

8 RECEIVE 500 1449461602214 

[Reducer6]: Got 90112 bytes.
8 RECEIVE 600 1449461616499 

[Reducer6]: Got 183384 bytes.
8 RECEIVE 700 1449461633039 

[Reducer6]: Got 378264 bytes.
8 RECEIVE 400 1449461642266 

[Reducer6]: Got 949040 bytes.
Awaiting simulation instructions...

Awaiting simulation instructions...

Awaiting simulation instructions...

Awaiting simulation instructions...

8 RECEIVE 900 1449461659518 

[Reducer6]: Got 89512 bytes.
8 RECEIVE 1000 1449461674873 

[Reducer6]: Got 185256 bytes.
8 RECEIVE 1100 1449461691537 

[Reducer6]: Got 377416 bytes.
8 RECEIVE 800 1449461705389 

[Reducer6]: Got 955416 bytes.
Awaiting simulation instructions...

Awaiting simulation instructions...

Awaiting simulation instructions...

Awaiting simulation instructions...

8 RECEIVE 1300 1449461720122 

[Reducer6]: Got 89512 bytes.
8 RECEIVE 1400 1449461734926 

[Reducer6]: Got 184232 bytes.
[Reducer6]: Got 377416 bytes.
8 RECEIVE 1500 1449461751761 

8 RECEIVE 1200 1449461761267 

[Reducer6]: Got 951512 bytes.
Awaiting simulation instructions...

Awaiting simulation instructions...

Awaiting simulation instructions...

Awaiting simulation instructions...

8 RECEIVE 1700 1449461779921 

[Reducer6]: Got 89512 bytes.
8 RECEIVE 1800 1449461795316 

[Reducer6]: Got 184232 bytes.
8 RECEIVE 1900 1449461810908 

[Reducer6]: Got 378264 bytes.
8 RECEIVE 1600 1449461825552 

[Reducer6]: Got 955416 bytes.
Awaiting simulation instructions...

Awaiting simulation instructions...

Awaiting simulation instructions...

Awaiting simulation instructions...

8 RECEIVE 2100 1449461840824 

[Reducer6]: Got 91136 bytes.
8 RECEIVE 2200 1449461855286 

[Reducer6]: Got 184232 bytes.
8 RECEIVE 2300 1449461871185 

[Reducer6]: Got 377416 bytes.
8 RECEIVE 2000 1449461885715 

[Reducer6]: Got 955416 bytes.
Awaiting simulation instructions...

Awaiting simulation instructions...

Awaiting simulation instructions...

Awaiting simulation instructions...

8 RECEIVE 2500 1449461900998 

[Reducer6]: Got 89512 bytes.
8 RECEIVE 2600 1449461916111 

[Reducer6]: Got 184232 bytes.
[Reducer6]: Got 377416 bytes.
8 RECEIVE 2700 1449461932304 

8 RECEIVE 2400 1449461945648 

[Reducer6]: Got 957288 bytes.
Awaiting simulation instructions...

Awaiting simulation instructions...

Awaiting simulation instructions...

Awaiting simulation instructions...

8 RECEIVE 2900 1449461961307 

[Reducer6]: Got 89512 bytes.
8 RECEIVE 3000 1449461976603 

[Reducer6]: Got 184232 bytes.
8 RECEIVE 3100 1449461993951 

[Reducer6]: Got 379288 bytes.
8 RECEIVE 2800 1449462005755 

[Reducer6]: Got 951512 bytes.
Awaiting simulation instructions...

Awaiting simulation instructions...

Awaiting simulation instructions...

Awaiting simulation instructions...

8 RECEIVE 3300 1449462019877 

[Reducer6]: Got 88488 bytes.
8 RECEIVE 3400 1449462035451 

[Reducer6]: Got 184232 bytes.
8 RECEIVE 3500 1449462052561 

[Reducer6]: Got 369576 bytes.
8 RECEIVE 3200 1449462067003 

[Reducer6]: Got 955416 bytes.
Awaiting simulation instructions...

Awaiting simulation instructions...

Awaiting simulation instructions...

Awaiting simulation instructions...

8 RECEIVE 3700 1449462082335 

[Reducer6]: Got 89512 bytes.
8 RECEIVE 3800 1449462097536 

[Reducer6]: Got 185256 bytes.
8 RECEIVE 3900 1449462115557 

[Reducer6]: Got 377416 bytes.
8 RECEIVE 3600 1449462124138 

[Reducer6]: Got 956280 bytes.
Awaiting simulation instructions...

Awaiting simulation instructions...

Awaiting simulation instructions...

Awaiting simulation instructions...

8 RECEIVE 4100 1449462141150 

[Reducer6]: Got 88488 bytes.
8 RECEIVE 4200 1449462156151 

[Reducer6]: Got 182360 bytes.
8 RECEIVE 4300 1449462174169 

[Reducer6]: Got 374520 bytes.
8 RECEIVE 4000 1449462181676 

[Reducer6]: Got 948088 bytes.
Slave finished all tasks and exited.
logger exit
