4 RECEIVE 100 1449461537661 
4 RECEIVE 200 1449461550704 
4 RECEIVE 300 1449461561574 
4 RECEIVE 0 1449461583219 
4 RECEIVE 500 1449461599110 
4 RECEIVE 600 1449461616562 
4 RECEIVE 700 1449461633078 
4 RECEIVE 400 1449461641995 
4 RECEIVE 900 1449461658504 
4 RECEIVE 1000 1449461674306 
4 RECEIVE 1100 1449461690940 
4 RECEIVE 800 1449461703185 
4 RECEIVE 1300 1449461720202 
4 RECEIVE 1400 1449461735159 
4 RECEIVE 1500 1449461751933 
4 RECEIVE 1200 1449461763198 
4 RECEIVE 1700 1449461779009 
4 RECEIVE 1800 1449461795224 
4 RECEIVE 1900 1449461810679 
4 RECEIVE 1600 1449461819427 
4 RECEIVE 2100 1449461839751 
4 RECEIVE 2200 1449461854730 
4 RECEIVE 2300 1449461878705 
4 RECEIVE 2000 1449461883591 
4 RECEIVE 2500 1449461899146 
4 RECEIVE 2600 1449461915554 
4 RECEIVE 2700 1449461935055 
4 RECEIVE 2400 1449461941515 
4 RECEIVE 2900 1449461959849 
4 RECEIVE 3000 1449461976408 
4 RECEIVE 3100 1449461993262 
4 RECEIVE 2800 1449462003064 
4 RECEIVE 3300 1449462019396 
4 RECEIVE 3400 1449462035129 
4 RECEIVE 3500 1449462051960 
4 RECEIVE 3200 1449462065946 
4 RECEIVE 3700 1449462081040 
4 RECEIVE 3900 1449462114400 
4 RECEIVE 3800 1449462118696 
4 RECEIVE 3600 1449462123178 
4 RECEIVE 4100 1449462143210 
4 RECEIVE 4200 1449462156702 
4 RECEIVE 4300 1449462172092 
4 RECEIVE 4000 1449462181267 
