9 RECEIVE 100 1449461538352 
9 RECEIVE 200 1449461549261 
9 RECEIVE 300 1449461565460 
9 RECEIVE 0 1449461583723 
9 RECEIVE 500 1449461602085 
9 RECEIVE 600 1449461616099 
9 RECEIVE 700 1449461633010 
9 RECEIVE 400 1449461644571 
9 RECEIVE 900 1449461660807 
9 RECEIVE 1000 1449461675039 
9 RECEIVE 1100 1449461691690 
9 RECEIVE 800 1449461705427 
9 RECEIVE 1300 1449461720018 
9 RECEIVE 1400 1449461735315 
9 RECEIVE 1500 1449461751962 
9 RECEIVE 1200 1449461765267 
9 RECEIVE 1700 1449461781473 
9 RECEIVE 1800 1449461795069 
9 RECEIVE 1900 1449461810860 
9 RECEIVE 1600 1449461825465 
9 RECEIVE 2100 1449461841851 
9 RECEIVE 2200 1449461854798 
9 RECEIVE 2300 1449461871471 
9 RECEIVE 2000 1449461885734 
9 RECEIVE 2500 1449461900844 
9 RECEIVE 2600 1449461915927 
9 RECEIVE 2700 1449461931651 
9 RECEIVE 2400 1449461945755 
9 RECEIVE 2900 1449461961203 
9 RECEIVE 3000 1449461976515 
9 RECEIVE 3100 1449461994029 
9 RECEIVE 2800 1449462006392 
9 RECEIVE 3300 1449462021580 
9 RECEIVE 3400 1449462035730 
9 RECEIVE 3500 1449462052359 
9 RECEIVE 3200 1449462061628 
9 RECEIVE 3700 1449462082371 
9 RECEIVE 3800 1449462097700 
9 RECEIVE 3900 1449462115376 
9 RECEIVE 3600 1449462126902 
9 RECEIVE 4100 1449462141134 
9 RECEIVE 4200 1449462156504 
9 RECEIVE 4300 1449462172130 
9 RECEIVE 4000 1449462187287 
