6 RECEIVE 100 1449461534998 
6 RECEIVE 200 1449461551869 
6 RECEIVE 300 1449461569313 
6 RECEIVE 0 1449461583151 
6 RECEIVE 500 1449461601932 
6 RECEIVE 600 1449461615719 
6 RECEIVE 700 1449461636082 
6 RECEIVE 400 1449461644469 
6 RECEIVE 900 1449461660353 
6 RECEIVE 1000 1449461674111 
6 RECEIVE 1100 1449461691902 
6 RECEIVE 800 1449461702662 
6 RECEIVE 1300 1449461719704 
6 RECEIVE 1400 1449461735062 
6 RECEIVE 1500 1449461750890 
6 RECEIVE 1200 1449461760675 
6 RECEIVE 1700 1449461780753 
6 RECEIVE 1800 1449461795457 
6 RECEIVE 1900 1449461810419 
6 RECEIVE 1600 1449461825058 
6 RECEIVE 2100 1449461839734 
6 RECEIVE 2200 1449461855315 
6 RECEIVE 2300 1449461870529 
6 RECEIVE 2000 1449461882166 
6 RECEIVE 2500 1449461900014 
6 RECEIVE 2600 1449461916369 
6 RECEIVE 2700 1449461931265 
6 RECEIVE 2400 1449461940701 
6 RECEIVE 2900 1449461960591 
6 RECEIVE 3000 1449461977055 
6 RECEIVE 3100 1449461993155 
6 RECEIVE 2800 1449462001764 
6 RECEIVE 3300 1449462022192 
6 RECEIVE 3400 1449462035413 
6 RECEIVE 3500 1449462051873 
6 RECEIVE 3200 1449462063522 
6 RECEIVE 3700 1449462081403 
6 RECEIVE 3800 1449462097366 
6 RECEIVE 3900 1449462114293 
6 RECEIVE 3600 1449462124322 
6 RECEIVE 4100 1449462141280 
6 RECEIVE 4200 1449462156006 
6 RECEIVE 4300 1449462172053 
6 RECEIVE 4000 1449462179755 
