8 RECEIVE 100 1449461534964 
8 RECEIVE 200 1449461549666 
8 RECEIVE 300 1449461563747 
8 RECEIVE 0 1449461583335 
8 RECEIVE 500 1449461602214 
8 RECEIVE 600 1449461616499 
8 RECEIVE 700 1449461633039 
8 RECEIVE 400 1449461642266 
8 RECEIVE 900 1449461659518 
8 RECEIVE 1000 1449461674873 
8 RECEIVE 1100 1449461691537 
8 RECEIVE 800 1449461705389 
8 RECEIVE 1300 1449461720122 
8 RECEIVE 1400 1449461734926 
8 RECEIVE 1500 1449461751761 
8 RECEIVE 1200 1449461761267 
8 RECEIVE 1700 1449461779921 
8 RECEIVE 1800 1449461795316 
8 RECEIVE 1900 1449461810908 
8 RECEIVE 1600 1449461825552 
8 RECEIVE 2100 1449461840824 
8 RECEIVE 2200 1449461855286 
8 RECEIVE 2300 1449461871185 
8 RECEIVE 2000 1449461885715 
8 RECEIVE 2500 1449461900998 
8 RECEIVE 2600 1449461916111 
8 RECEIVE 2700 1449461932304 
8 RECEIVE 2400 1449461945648 
8 RECEIVE 2900 1449461961307 
8 RECEIVE 3000 1449461976603 
8 RECEIVE 3100 1449461993951 
8 RECEIVE 2800 1449462005755 
8 RECEIVE 3300 1449462019877 
8 RECEIVE 3400 1449462035451 
8 RECEIVE 3500 1449462052561 
8 RECEIVE 3200 1449462067003 
8 RECEIVE 3700 1449462082335 
8 RECEIVE 3800 1449462097536 
8 RECEIVE 3900 1449462115557 
8 RECEIVE 3600 1449462124138 
8 RECEIVE 4100 1449462141150 
8 RECEIVE 4200 1449462156151 
8 RECEIVE 4300 1449462174169 
8 RECEIVE 4000 1449462181676 
