1 SEND 0 1449461527389 
1 SEND 100 1449461527389 
1 SEND 0 1449461527390 
1 SEND 100 1449461527392 
1 SEND 100 1449461527389 
1 SEND 100 1449461527406 
1 SEND 0 1449461527406 
1 SEND 100 1449461527406 
1 SEND 100 1449461527410 
1 SEND 0 1449461527410 
1 SEND 100 1449461527410 
1 SEND 100 1449461527410 
1 SEND 0 1449461527410 
1 SEND 0 1449461527411 
1 SEND 0 1449461527411 
1 SEND 0 1449461527410 
1 SEND 0 1449461527412 
1 SEND 100 1449461527412 
1 SEND 0 1449461527414 
1 SEND 200 1449461527417 
1 SEND 200 1449461527417 
1 SEND 200 1449461527418 
1 SEND 200 1449461527422 
1 SEND 200 1449461527422 
1 SEND 200 1449461527422 
1 SEND 200 1449461527422 
1 SEND 200 1449461527422 
1 SEND 200 1449461527426 
1 SEND 200 1449461527426 
1 SEND 300 1449461527484 
1 SEND 300 1449461527488 
1 SEND 300 1449461527490 
1 SEND 300 1449461527490 
1 SEND 300 1449461527490 
1 SEND 300 1449461527490 
1 SEND 300 1449461527490 
1 SEND 300 1449461527491 
1 SEND 300 1449461527491 
1 SEND 300 1449461527491 
1 SEND 100 1449461528387 
1 SEND 400 1449461587555 
1 SEND 400 1449461587555 
1 SEND 400 1449461587557 
1 SEND 400 1449461587559 
1 SEND 400 1449461587559 
1 SEND 400 1449461587559 
1 SEND 400 1449461587561 
1 SEND 400 1449461587561 
1 SEND 400 1449461587563 
1 SEND 400 1449461587563 
1 SEND 500 1449461588452 
1 SEND 500 1449461588452 
1 SEND 500 1449461588453 
1 SEND 600 1449461588455 
1 SEND 600 1449461588455 
1 SEND 600 1449461588455 
1 SEND 600 1449461588455 
1 SEND 500 1449461588455 
1 SEND 500 1449461588455 
1 SEND 600 1449461588455 
1 SEND 500 1449461588456 
1 SEND 600 1449461588456 
1 SEND 600 1449461588456 
1 SEND 500 1449461588459 
1 SEND 600 1449461588459 
1 SEND 500 1449461588459 
1 SEND 500 1449461588459 
1 SEND 600 1449461588460 
1 SEND 500 1449461588461 
1 SEND 600 1449461588461 
1 SEND 700 1449461589311 
1 SEND 700 1449461589311 
1 SEND 700 1449461589311 
1 SEND 700 1449461589311 
1 SEND 700 1449461589313 
1 SEND 700 1449461589313 
1 SEND 700 1449461589314 
1 SEND 700 1449461589314 
1 SEND 700 1449461589314 
1 SEND 700 1449461589316 
1 SEND 800 1449461647800 
1 SEND 800 1449461647802 
1 SEND 800 1449461647802 
1 SEND 800 1449461647802 
1 SEND 800 1449461647802 
1 SEND 800 1449461647802 
1 SEND 800 1449461647802 
1 SEND 800 1449461648087 
1 SEND 800 1449461648089 
1 SEND 800 1449461648089 
1 SEND 900 1449461648486 
1 SEND 900 1449461648486 
1 SEND 900 1449461648487 
1 SEND 900 1449461648489 
1 SEND 1000 1449461648491 
1 SEND 1000 1449461648491 
1 SEND 1000 1449461648491 
1 SEND 900 1449461648491 
1 SEND 900 1449461648491 
1 SEND 900 1449461648491 
1 SEND 1000 1449461648491 
1 SEND 1000 1449461648491 
1 SEND 900 1449461648491 
1 SEND 900 1449461648492 
1 SEND 900 1449461648494 
1 SEND 1000 1449461648498 
1 SEND 1000 1449461648499 
1 SEND 1000 1449461648502 
1 SEND 1000 1449461648504 
1 SEND 1000 1449461648505 
1 SEND 1100 1449461649281 
1 SEND 1100 1449461649282 
1 SEND 1100 1449461649282 
1 SEND 1100 1449461649282 
1 SEND 1100 1449461649285 
1 SEND 1100 1449461649287 
1 SEND 1100 1449461649287 
1 SEND 1100 1449461649287 
1 SEND 1100 1449461649288 
1 SEND 1100 1449461649288 
1 SEND 1200 1449461708021 
1 SEND 1200 1449461708023 
1 SEND 1200 1449461708023 
1 SEND 1200 1449461708023 
1 SEND 1200 1449461708023 
1 SEND 1200 1449461708023 
1 SEND 1200 1449461708025 
1 SEND 1200 1449461708285 
1 SEND 1200 1449461708287 
1 SEND 1200 1449461708356 
1 SEND 1300 1449461708692 
1 SEND 1300 1449461708692 
1 SEND 1300 1449461708713 
1 SEND 1300 1449461708713 
1 SEND 1300 1449461708713 
1 SEND 1300 1449461708713 
1 SEND 1400 1449461708715 
1 SEND 1300 1449461708715 
1 SEND 1300 1449461708715 
1 SEND 1300 1449461708716 
1 SEND 1400 1449461708723 
1 SEND 1400 1449461708726 
1 SEND 1400 1449461708726 
1 SEND 1300 1449461708726 
1 SEND 1400 1449461708726 
1 SEND 1400 1449461708728 
1 SEND 1400 1449461708728 
1 SEND 1400 1449461708728 
1 SEND 1400 1449461708730 
1 SEND 1400 1449461708730 
1 SEND 1500 1449461709482 
1 SEND 1500 1449461709482 
1 SEND 1500 1449461709482 
1 SEND 1500 1449461709482 
1 SEND 1500 1449461709483 
1 SEND 1500 1449461709486 
1 SEND 1500 1449461709486 
1 SEND 1500 1449461709486 
1 SEND 1500 1449461709486 
1 SEND 1500 1449461710678 
1 SEND 1600 1449461768218 
1 SEND 1600 1449461768218 
1 SEND 1600 1449461768219 
1 SEND 1600 1449461768221 
1 SEND 1600 1449461768379 
1 SEND 1600 1449461768428 
1 SEND 1600 1449461768428 
1 SEND 1600 1449461768428 
1 SEND 1600 1449461768430 
1 SEND 1600 1449461768433 
1 SEND 1700 1449461768744 
1 SEND 1700 1449461768744 
1 SEND 1700 1449461768745 
1 SEND 1800 1449461768747 
1 SEND 1700 1449461768747 
1 SEND 1700 1449461768749 
1 SEND 1800 1449461768749 
1 SEND 1700 1449461768749 
1 SEND 1700 1449461768749 
1 SEND 1700 1449461768749 
1 SEND 1700 1449461768750 
1 SEND 1800 1449461768750 
1 SEND 1800 1449461768750 
1 SEND 1800 1449461768755 
1 SEND 1800 1449461768755 
1 SEND 1800 1449461768755 
1 SEND 1800 1449461768755 
1 SEND 1800 1449461768756 
1 SEND 1700 1449461768756 
1 SEND 1800 1449461768756 
1 SEND 1900 1449461769319 
1 SEND 1900 1449461769321 
1 SEND 1900 1449461769321 
1 SEND 1900 1449461769322 
1 SEND 1900 1449461769322 
1 SEND 1900 1449461769323 
1 SEND 1900 1449461769324 
1 SEND 1900 1449461769324 
1 SEND 1900 1449461769324 
1 SEND 1900 1449461769324 
1 SEND 2000 1449461828405 
1 SEND 2000 1449461828407 
1 SEND 2000 1449461828407 
1 SEND 2000 1449461828407 
1 SEND 2000 1449461828407 
1 SEND 2000 1449461828472 
1 SEND 2000 1449461828662 
1 SEND 2000 1449461828662 
1 SEND 2000 1449461828663 
1 SEND 2000 1449461828663 
1 SEND 2100 1449461829027 
1 SEND 2200 1449461829027 
1 SEND 2100 1449461829027 
1 SEND 2100 1449461829027 
1 SEND 2100 1449461829027 
1 SEND 2100 1449461829028 
1 SEND 2100 1449461829028 
1 SEND 2100 1449461829030 
1 SEND 2200 1449461829030 
1 SEND 2200 1449461829030 
1 SEND 2100 1449461829031 
1 SEND 2100 1449461829031 
1 SEND 2200 1449461829031 
1 SEND 2200 1449461829031 
1 SEND 2100 1449461829031 
1 SEND 2200 1449461829031 
1 SEND 2200 1449461829033 
1 SEND 2200 1449461829033 
1 SEND 2200 1449461829034 
1 SEND 2200 1449461829034 
1 SEND 2300 1449461829679 
1 SEND 2300 1449461829681 
1 SEND 2300 1449461829681 
1 SEND 2300 1449461829681 
1 SEND 2300 1449461829682 
1 SEND 2300 1449461829685 
1 SEND 2300 1449461829685 
1 SEND 2300 1449461829686 
1 SEND 2300 1449461829686 
1 SEND 2300 1449461829688 
1 SEND 2400 1449461888593 
1 SEND 2400 1449461888593 
1 SEND 2400 1449461888594 
1 SEND 2400 1449461888595 
1 SEND 2400 1449461888595 
1 SEND 2400 1449461888849 
1 SEND 2400 1449461888849 
1 SEND 2400 1449461888852 
1 SEND 2400 1449461888852 
1 SEND 2400 1449461888852 
1 SEND 2500 1449461889083 
1 SEND 2500 1449461889084 
1 SEND 2500 1449461889084 
1 SEND 2500 1449461889085 
1 SEND 2600 1449461889086 
1 SEND 2500 1449461889094 
1 SEND 2500 1449461889104 
1 SEND 2500 1449461889106 
1 SEND 2600 1449461889106 
1 SEND 2600 1449461889107 
1 SEND 2500 1449461889107 
1 SEND 2600 1449461889109 
1 SEND 2500 1449461889110 
1 SEND 2500 1449461889110 
1 SEND 2600 1449461889110 
1 SEND 2600 1449461889112 
1 SEND 2600 1449461889112 
1 SEND 2600 1449461889112 
1 SEND 2600 1449461889112 
1 SEND 2600 1449461889117 
1 SEND 2700 1449461889801 
1 SEND 2700 1449461889801 
1 SEND 2700 1449461889803 
1 SEND 2700 1449461889803 
1 SEND 2700 1449461889804 
1 SEND 2700 1449461889804 
1 SEND 2700 1449461889804 
1 SEND 2700 1449461889804 
1 SEND 2700 1449461889805 
1 SEND 2700 1449461889806 
1 SEND 2800 1449461948769 
1 SEND 2800 1449461948769 
1 SEND 2800 1449461948769 
1 SEND 2800 1449461948770 
1 SEND 2800 1449461948770 
1 SEND 2800 1449461948770 
1 SEND 2800 1449461948773 
1 SEND 2800 1449461949073 
1 SEND 2800 1449461949073 
1 SEND 2800 1449461949074 
1 SEND 2900 1449461949359 
1 SEND 2900 1449461949359 
1 SEND 2900 1449461949359 
1 SEND 2900 1449461949361 
1 SEND 2900 1449461949361 
1 SEND 2900 1449461949363 
1 SEND 3000 1449461949370 
1 SEND 3000 1449461949370 
1 SEND 2900 1449461949371 
1 SEND 2900 1449461949371 
1 SEND 2900 1449461949374 
1 SEND 3000 1449461949375 
1 SEND 2900 1449461949376 
1 SEND 3000 1449461949376 
1 SEND 3000 1449461949376 
1 SEND 3000 1449461949376 
1 SEND 3000 1449461949376 
1 SEND 3000 1449461949376 
1 SEND 3000 1449461949376 
1 SEND 3000 1449461949378 
1 SEND 3100 1449461950164 
1 SEND 3100 1449461950164 
1 SEND 3100 1449461950164 
1 SEND 3100 1449461950164 
1 SEND 3100 1449461950166 
1 SEND 3100 1449461950166 
1 SEND 3100 1449461950168 
1 SEND 3100 1449461950168 
1 SEND 3100 1449461950169 
1 SEND 3100 1449461950173 
1 SEND 3200 1449462008917 
1 SEND 3200 1449462008919 
1 SEND 3200 1449462008919 
1 SEND 3200 1449462008919 
1 SEND 3200 1449462008919 
1 SEND 3200 1449462008983 
1 SEND 3200 1449462008985 
1 SEND 3200 1449462009174 
1 SEND 3200 1449462009174 
1 SEND 3200 1449462009176 
1 SEND 3300 1449462009497 
1 SEND 3300 1449462009497 
1 SEND 3300 1449462009497 
1 SEND 3300 1449462009500 
1 SEND 3400 1449462009503 
1 SEND 3300 1449462009503 
1 SEND 3300 1449462009503 
1 SEND 3300 1449462009505 
1 SEND 3400 1449462009505 
1 SEND 3400 1449462009505 
1 SEND 3400 1449462009507 
1 SEND 3300 1449462009507 
1 SEND 3400 1449462009507 
1 SEND 3400 1449462009508 
1 SEND 3400 1449462009508 
1 SEND 3300 1449462009508 
1 SEND 3400 1449462009508 
1 SEND 3300 1449462009508 
1 SEND 3400 1449462009511 
1 SEND 3400 1449462009511 
1 SEND 3500 1449462010203 
1 SEND 3500 1449462010203 
1 SEND 3500 1449462010203 
1 SEND 3500 1449462010203 
1 SEND 3500 1449462010203 
1 SEND 3500 1449462010205 
1 SEND 3500 1449462010205 
1 SEND 3500 1449462010207 
1 SEND 3500 1449462010208 
1 SEND 3500 1449462010208 
1 SEND 3600 1449462069071 
1 SEND 3600 1449462069071 
1 SEND 3600 1449462069072 
1 SEND 3600 1449462069072 
1 SEND 3600 1449462069072 
1 SEND 3600 1449462069073 
1 SEND 3600 1449462069074 
1 SEND 3600 1449462069074 
1 SEND 3600 1449462069468 
1 SEND 3600 1449462069470 
1 SEND 3700 1449462069718 
1 SEND 3700 1449462069718 
1 SEND 3700 1449462069719 
1 SEND 3700 1449462069719 
1 SEND 3700 1449462069722 
1 SEND 3700 1449462069722 
1 SEND 3800 1449462069726 
1 SEND 3800 1449462069726 
1 SEND 3800 1449462069726 
1 SEND 3800 1449462069726 
1 SEND 3700 1449462069727 
1 SEND 3700 1449462069727 
1 SEND 3700 1449462069730 
1 SEND 3700 1449462069730 
1 SEND 3800 1449462069732 
1 SEND 3800 1449462069732 
1 SEND 3800 1449462069733 
1 SEND 3800 1449462069733 
1 SEND 3800 1449462069733 
1 SEND 3800 1449462069749 
1 SEND 3900 1449462070537 
1 SEND 3900 1449462070537 
1 SEND 3900 1449462070537 
1 SEND 3900 1449462070538 
1 SEND 3900 1449462070538 
1 SEND 3900 1449462070539 
1 SEND 3900 1449462070540 
1 SEND 3900 1449462070542 
1 SEND 3900 1449462070542 
1 SEND 3900 1449462070544 
1 SEND 4000 1449462129219 
1 SEND 4000 1449462129219 
1 SEND 4000 1449462129220 
1 SEND 4000 1449462129221 
1 SEND 4000 1449462129222 
1 SEND 4000 1449462129224 
1 SEND 4000 1449462129381 
1 SEND 4000 1449462129477 
1 SEND 4000 1449462129479 
1 SEND 4100 1449462129727 
1 SEND 4100 1449462129727 
1 SEND 4100 1449462129730 
1 SEND 4200 1449462129732 
1 SEND 4200 1449462129732 
1 SEND 4100 1449462129732 
1 SEND 4100 1449462129732 
1 SEND 4100 1449462129732 
1 SEND 4100 1449462129732 
1 SEND 4100 1449462129733 
1 SEND 4100 1449462129733 
1 SEND 4200 1449462129737 
1 SEND 4200 1449462129737 
1 SEND 4200 1449462129737 
1 SEND 4200 1449462129737 
1 SEND 4200 1449462129737 
1 SEND 4200 1449462129739 
1 SEND 4200 1449462129739 
1 SEND 4100 1449462129752 
1 SEND 4200 1449462129753 
1 SEND 4300 1449462130470 
1 SEND 4300 1449462130470 
1 SEND 4300 1449462130470 
1 SEND 4300 1449462130470 
1 SEND 4300 1449462130470 
1 SEND 4300 1449462130470 
1 SEND 4300 1449462130470 
1 SEND 4300 1449462130470 
1 SEND 4300 1449462130474 
1 SEND 4000 1449462130474 
1 SEND 4300 1449462131666 
