10 RECEIVE 100 1449461539359 
10 RECEIVE 200 1449461542726 
10 RECEIVE 300 1449461561390 
10 RECEIVE 0 1449461582174 
10 RECEIVE 500 1449461602168 
10 RECEIVE 600 1449461616313 
10 RECEIVE 700 1449461633612 
10 RECEIVE 400 1449461644905 
10 RECEIVE 900 1449461660530 
10 RECEIVE 1000 1449461675097 
10 RECEIVE 1100 1449461691508 
10 RECEIVE 800 1449461703050 
10 RECEIVE 1300 1449461719445 
10 RECEIVE 1400 1449461721902 
10 RECEIVE 1500 1449461753380 
10 RECEIVE 1200 1449461765597 
10 RECEIVE 1700 1449461780515 
10 RECEIVE 1800 1449461794972 
10 RECEIVE 1900 1449461811730 
10 RECEIVE 1600 1449461826077 
10 RECEIVE 2100 1449461841132 
10 RECEIVE 2200 1449461855168 
10 RECEIVE 2300 1449461871529 
10 RECEIVE 2000 1449461886346 
10 RECEIVE 2500 1449461902045 
10 RECEIVE 2600 1449461916014 
10 RECEIVE 2700 1449461927934 
10 RECEIVE 2400 1449461946684 
10 RECEIVE 2900 1449461962298 
10 RECEIVE 3000 1449461976826 
10 RECEIVE 3100 1449461993740 
10 RECEIVE 2800 1449462006433 
10 RECEIVE 3300 1449462022055 
10 RECEIVE 3400 1449462035828 
10 RECEIVE 3500 1449462052803 
10 RECEIVE 3200 1449462066624 
10 RECEIVE 3700 1449462083141 
10 RECEIVE 3800 1449462097895 
10 RECEIVE 3900 1449462115338 
10 RECEIVE 3600 1449462125984 
10 RECEIVE 4100 1449462141237 
10 RECEIVE 4200 1449462156054 
10 RECEIVE 4300 1449462172295 
10 RECEIVE 4000 1449462184408 
