5 RECEIVE 100 1449461539974 
5 RECEIVE 200 1449461551301 
5 RECEIVE 300 1449461564099 
5 RECEIVE 0 1449461585692 
5 RECEIVE 500 1449461601672 
5 RECEIVE 600 1449461615836 
5 RECEIVE 700 1449461633592 
5 RECEIVE 400 1449461641084 
5 RECEIVE 900 1449461659390 
5 RECEIVE 1000 1449461674247 
5 RECEIVE 1100 1449461691133 
5 RECEIVE 800 1449461704551 
5 RECEIVE 1300 1449461719237 
5 RECEIVE 1400 1449461734710 
5 RECEIVE 1500 1449461752234 
5 RECEIVE 1200 1449461763644 
5 RECEIVE 1700 1449461779539 
5 RECEIVE 1800 1449461794884 
5 RECEIVE 1900 1449461810564 
5 RECEIVE 1600 1449461821270 
5 RECEIVE 2100 1449461839265 
5 RECEIVE 2200 1449461854954 
5 RECEIVE 2300 1449461870609 
5 RECEIVE 2000 1449461884502 
5 RECEIVE 2500 1449461899661 
5 RECEIVE 2600 1449461915703 
5 RECEIVE 2700 1449461932100 
5 RECEIVE 2400 1449461942358 
5 RECEIVE 2900 1449461960301 
5 RECEIVE 3000 1449461976292 
5 RECEIVE 3100 1449461993184 
5 RECEIVE 2800 1449462004816 
5 RECEIVE 3300 1449462019613 
5 RECEIVE 3400 1449462035686 
5 RECEIVE 3500 1449462051921 
5 RECEIVE 3200 1449462065656 
5 RECEIVE 3700 1449462080859 
5 RECEIVE 3800 1449462098142 
5 RECEIVE 3900 1449462114361 
5 RECEIVE 3600 1449462122791 
5 RECEIVE 4100 1449462140182 
5 RECEIVE 4200 1449462156083 
5 RECEIVE 4300 1449462172334 
5 RECEIVE 4000 1449462182005 
