3 RECEIVE 100 1449461539992 
3 RECEIVE 200 1449461542959 
3 RECEIVE 300 1449461568602 
3 RECEIVE 0 1449461583045 
3 RECEIVE 500 1449461601501 
3 RECEIVE 600 1449461615874 
3 RECEIVE 700 1449461632405 
3 RECEIVE 400 1449461643740 
3 RECEIVE 900 1449461658355 
3 RECEIVE 1000 1449461674014 
3 RECEIVE 1100 1449461690834 
3 RECEIVE 800 1449461702148 
3 RECEIVE 1300 1449461718731 
3 RECEIVE 1400 1449461734603 
3 RECEIVE 1500 1449461750831 
3 RECEIVE 1200 1449461762740 
3 RECEIVE 1700 1449461778886 
3 RECEIVE 1800 1449461794646 
3 RECEIVE 1900 1449461810217 
3 RECEIVE 1600 1449461819078 
3 RECEIVE 2100 1449461840807 
3 RECEIVE 2200 1449461854604 
3 RECEIVE 2300 1449461871049 
3 RECEIVE 2000 1449461882389 
3 RECEIVE 2500 1449461899499 
3 RECEIVE 2600 1449461915467 
3 RECEIVE 2700 1449461933053 
3 RECEIVE 2400 1449461939313 
3 RECEIVE 2900 1449461959946 
3 RECEIVE 3000 1449461976065 
3 RECEIVE 3100 1449461993769 
3 RECEIVE 2800 1449462000704 
3 RECEIVE 3300 1449462019234 
3 RECEIVE 3400 1449462035315 
3 RECEIVE 3500 1449462051805 
3 RECEIVE 3200 1449462064249 
3 RECEIVE 3700 1449462080765 
3 RECEIVE 3800 1449462097132 
3 RECEIVE 3900 1449462114255 
3 RECEIVE 3600 1449462122606 
3 RECEIVE 4100 1449462140010 
3 RECEIVE 4200 1449462155712 
3 RECEIVE 4300 1449462175185 
3 RECEIVE 4000 1449462185463 
