8 RECEIVE 100 1449449134146 
8 RECEIVE 200 1449449150715 
8 RECEIVE 300 1449449160796 
8 RECEIVE 0 1449449184082 
8 RECEIVE 500 1449449199745 
8 RECEIVE 600 1449449214308 
8 RECEIVE 700 1449449231448 
8 RECEIVE 400 1449449242586 
8 RECEIVE 900 1449449258395 
8 RECEIVE 1000 1449449273932 
8 RECEIVE 1100 1449449290899 
8 RECEIVE 800 1449449299639 
8 RECEIVE 1300 1449449319108 
8 RECEIVE 1500 1449449346239 
8 RECEIVE 1400 1449449355128 
8 RECEIVE 1200 1449449364258 
8 RECEIVE 1700 1449449379146 
8 RECEIVE 1800 1449449393572 
8 RECEIVE 1900 1449449408887 
8 RECEIVE 1600 1449449422177 
8 RECEIVE 2100 1449449436924 
8 RECEIVE 2200 1449449452558 
8 RECEIVE 2300 1449449470060 
8 RECEIVE 2000 1449449484686 
8 RECEIVE 2500 1449449498483 
8 RECEIVE 2600 1449449512760 
8 RECEIVE 2700 1449449530788 
8 RECEIVE 2400 1449449544277 
8 RECEIVE 2900 1449449559664 
8 RECEIVE 3000 1449449572557 
8 RECEIVE 3100 1449449590022 
8 RECEIVE 2800 1449449604732 
8 RECEIVE 3300 1449449619758 
8 RECEIVE 3400 1449449634211 
8 RECEIVE 3500 1449449651034 
8 RECEIVE 3200 1449449664458 
8 RECEIVE 3700 1449449678978 
8 RECEIVE 3800 1449449693579 
8 RECEIVE 3900 1449449710797 
8 RECEIVE 3600 1449449724752 
8 RECEIVE 4100 1449449738846 
8 RECEIVE 4200 1449449752798 
8 RECEIVE 4300 1449449769042 
8 RECEIVE 4000 1449449784367 
