1 SEND 0 1449449126016 
1 SEND 100 1449449126017 
1 SEND 0 1449449126017 
1 SEND 100 1449449126023 
1 SEND 0 1449449126024 
1 SEND 100 1449449126024 
1 SEND 0 1449449126024 
1 SEND 0 1449449126024 
1 SEND 100 1449449126024 
1 SEND 100 1449449126025 
1 SEND 100 1449449126025 
1 SEND 0 1449449126025 
1 SEND 0 1449449126027 
1 SEND 100 1449449126033 
1 SEND 100 1449449126035 
1 SEND 0 1449449126035 
1 SEND 100 1449449126035 
1 SEND 0 1449449126035 
1 SEND 100 1449449126036 
1 SEND 0 1449449126036 
1 SEND 200 1449449126069 
1 SEND 200 1449449126075 
1 SEND 200 1449449126076 
1 SEND 200 1449449126076 
1 SEND 200 1449449126076 
1 SEND 200 1449449126079 
1 SEND 200 1449449126079 
1 SEND 200 1449449126079 
1 SEND 200 1449449126079 
1 SEND 200 1449449126079 
1 SEND 300 1449449126146 
1 SEND 300 1449449126146 
1 SEND 300 1449449126151 
1 SEND 300 1449449126151 
1 SEND 300 1449449126154 
1 SEND 300 1449449126154 
1 SEND 300 1449449126154 
1 SEND 300 1449449126154 
1 SEND 300 1449449126157 
1 SEND 300 1449449126157 
1 SEND 400 1449449186207 
1 SEND 400 1449449186212 
1 SEND 400 1449449186212 
1 SEND 400 1449449186212 
1 SEND 400 1449449186213 
1 SEND 400 1449449186213 
1 SEND 400 1449449186214 
1 SEND 400 1449449186214 
1 SEND 400 1449449186217 
1 SEND 400 1449449186217 
1 SEND 500 1449449187090 
1 SEND 500 1449449187090 
1 SEND 600 1449449187090 
1 SEND 500 1449449187091 
1 SEND 500 1449449187091 
1 SEND 600 1449449187095 
1 SEND 600 1449449187095 
1 SEND 600 1449449187097 
1 SEND 500 1449449187097 
1 SEND 500 1449449187097 
1 SEND 500 1449449187097 
1 SEND 500 1449449187105 
1 SEND 500 1449449187105 
1 SEND 600 1449449187105 
1 SEND 600 1449449187105 
1 SEND 600 1449449187105 
1 SEND 600 1449449187107 
1 SEND 500 1449449187107 
1 SEND 600 1449449187107 
1 SEND 600 1449449187107 
1 SEND 700 1449449188008 
1 SEND 700 1449449188008 
1 SEND 700 1449449188009 
1 SEND 700 1449449188009 
1 SEND 700 1449449188012 
1 SEND 700 1449449188012 
1 SEND 700 1449449188012 
1 SEND 700 1449449188012 
1 SEND 700 1449449188014 
1 SEND 700 1449449188014 
1 SEND 800 1449449246449 
1 SEND 800 1449449246449 
1 SEND 800 1449449246450 
1 SEND 800 1449449246451 
1 SEND 800 1449449246453 
1 SEND 800 1449449246455 
1 SEND 800 1449449246624 
1 SEND 800 1449449246626 
1 SEND 800 1449449246627 
1 SEND 800 1449449246690 
1 SEND 900 1449449247084 
1 SEND 900 1449449247084 
1 SEND 1000 1449449247092 
1 SEND 1000 1449449247092 
1 SEND 900 1449449247092 
1 SEND 900 1449449247092 
1 SEND 900 1449449247093 
1 SEND 900 1449449247093 
1 SEND 900 1449449247094 
1 SEND 900 1449449247094 
1 SEND 900 1449449247096 
1 SEND 900 1449449247096 
1 SEND 1000 1449449247096 
1 SEND 1000 1449449247096 
1 SEND 1000 1449449247098 
1 SEND 1000 1449449247099 
1 SEND 1000 1449449247099 
1 SEND 1000 1449449247100 
1 SEND 1000 1449449247101 
1 SEND 1000 1449449247101 
1 SEND 1100 1449449247761 
1 SEND 1100 1449449247765 
1 SEND 1100 1449449247767 
1 SEND 1100 1449449247767 
1 SEND 1100 1449449247767 
1 SEND 1100 1449449247769 
1 SEND 1100 1449449247769 
1 SEND 1100 1449449247769 
1 SEND 1100 1449449247769 
1 SEND 1100 1449449247785 
1 SEND 1200 1449449306659 
1 SEND 1200 1449449306661 
1 SEND 1200 1449449306661 
1 SEND 1200 1449449306664 
1 SEND 1200 1449449306728 
1 SEND 1200 1449449306728 
1 SEND 1200 1449449306824 
1 SEND 1200 1449449306824 
1 SEND 1200 1449449306825 
1 SEND 1300 1449449307273 
1 SEND 1300 1449449307276 
1 SEND 1400 1449449307283 
1 SEND 1300 1449449307284 
1 SEND 1300 1449449307285 
1 SEND 1400 1449449307287 
1 SEND 1300 1449449307302 
1 SEND 1400 1449449307302 
1 SEND 1400 1449449307302 
1 SEND 1300 1449449307302 
1 SEND 1400 1449449307305 
1 SEND 1300 1449449307305 
1 SEND 1300 1449449307307 
1 SEND 1300 1449449307307 
1 SEND 1400 1449449307307 
1 SEND 1300 1449449307307 
1 SEND 1400 1449449307307 
1 SEND 1400 1449449307307 
1 SEND 1400 1449449307309 
1 SEND 1500 1449449307731 
1 SEND 1500 1449449307731 
1 SEND 1500 1449449307731 
1 SEND 1500 1449449307733 
1 SEND 1500 1449449307733 
1 SEND 1500 1449449307734 
1 SEND 1500 1449449307734 
1 SEND 1500 1449449307734 
1 SEND 1500 1449449307734 
1 SEND 1500 1449449307736 
1 SEND 1200 1449449309793 
1 SEND 1400 1449449310487 
1 SEND 1600 1449449366863 
1 SEND 1600 1449449366863 
1 SEND 1600 1449449366871 
1 SEND 1600 1449449366871 
1 SEND 1600 1449449366871 
1 SEND 1600 1449449366977 
1 SEND 1600 1449449366978 
1 SEND 1600 1449449366986 
1 SEND 1600 1449449367115 
1 SEND 1600 1449449367119 
1 SEND 1700 1449449367539 
1 SEND 1700 1449449367539 
1 SEND 1800 1449449367542 
1 SEND 1800 1449449367542 
1 SEND 1700 1449449367543 
1 SEND 1700 1449449367543 
1 SEND 1800 1449449367543 
1 SEND 1700 1449449367543 
1 SEND 1700 1449449367545 
1 SEND 1800 1449449367545 
1 SEND 1700 1449449367545 
1 SEND 1700 1449449367545 
1 SEND 1800 1449449367546 
1 SEND 1800 1449449367546 
1 SEND 1700 1449449367547 
1 SEND 1800 1449449367552 
1 SEND 1800 1449449367552 
1 SEND 1800 1449449367554 
1 SEND 1800 1449449367555 
1 SEND 1900 1449449368021 
1 SEND 1900 1449449368021 
1 SEND 1900 1449449368021 
1 SEND 1900 1449449368022 
1 SEND 1900 1449449368022 
1 SEND 1900 1449449368023 
1 SEND 1900 1449449368024 
1 SEND 1900 1449449368024 
1 SEND 1900 1449449368025 
1 SEND 1900 1449449369218 
1 SEND 1700 1449449370311 
1 SEND 2000 1449449427055 
1 SEND 2000 1449449427055 
1 SEND 2000 1449449427055 
1 SEND 2000 1449449427057 
1 SEND 2000 1449449427059 
1 SEND 2000 1449449427217 
1 SEND 2000 1449449427219 
1 SEND 2000 1449449427264 
1 SEND 2000 1449449427266 
1 SEND 2000 1449449427266 
1 SEND 2100 1449449427598 
1 SEND 2100 1449449427598 
1 SEND 2100 1449449427598 
1 SEND 2100 1449449427599 
1 SEND 2100 1449449427599 
1 SEND 2200 1449449427599 
1 SEND 2200 1449449427599 
1 SEND 2100 1449449427599 
1 SEND 2100 1449449427599 
1 SEND 2100 1449449427600 
1 SEND 2200 1449449427602 
1 SEND 2200 1449449427602 
1 SEND 2200 1449449427602 
1 SEND 2100 1449449427603 
1 SEND 2100 1449449427603 
1 SEND 2200 1449449427603 
1 SEND 2200 1449449427603 
1 SEND 2200 1449449427605 
1 SEND 2200 1449449427605 
1 SEND 2200 1449449427605 
1 SEND 2300 1449449428232 
1 SEND 2300 1449449428232 
1 SEND 2300 1449449428232 
1 SEND 2300 1449449428234 
1 SEND 2300 1449449428234 
1 SEND 2300 1449449428234 
1 SEND 2300 1449449428236 
1 SEND 2300 1449449428236 
1 SEND 2300 1449449428237 
1 SEND 2300 1449449429630 
1 SEND 2400 1449449487236 
1 SEND 2400 1449449487236 
1 SEND 2400 1449449487237 
1 SEND 2400 1449449487237 
1 SEND 2400 1449449487237 
1 SEND 2400 1449449487494 
1 SEND 2400 1449449487494 
1 SEND 2400 1449449487494 
1 SEND 2400 1449449487502 
1 SEND 2400 1449449487505 
1 SEND 2500 1449449487728 
1 SEND 2500 1449449487728 
1 SEND 2500 1449449487729 
1 SEND 2500 1449449487729 
1 SEND 2500 1449449487732 
1 SEND 2500 1449449487732 
1 SEND 2600 1449449487733 
1 SEND 2500 1449449487734 
1 SEND 2500 1449449487734 
1 SEND 2600 1449449487734 
1 SEND 2600 1449449487734 
1 SEND 2500 1449449487734 
1 SEND 2600 1449449487734 
1 SEND 2600 1449449487734 
1 SEND 2600 1449449487734 
1 SEND 2600 1449449487734 
1 SEND 2600 1449449487736 
1 SEND 2600 1449449487736 
1 SEND 2600 1449449487742 
1 SEND 2500 1449449487742 
1 SEND 2700 1449449488456 
1 SEND 2700 1449449488456 
1 SEND 2700 1449449488456 
1 SEND 2700 1449449488458 
1 SEND 2700 1449449488458 
1 SEND 2700 1449449488458 
1 SEND 2700 1449449488458 
1 SEND 2700 1449449488458 
1 SEND 2700 1449449488458 
1 SEND 2700 1449449488460 
1 SEND 2800 1449449547402 
1 SEND 2800 1449449547402 
1 SEND 2800 1449449547404 
1 SEND 2800 1449449547406 
1 SEND 2800 1449449547563 
1 SEND 2800 1449449547563 
1 SEND 2800 1449449547565 
1 SEND 2800 1449449547621 
1 SEND 2800 1449449547621 
1 SEND 2800 1449449547621 
1 SEND 2900 1449449547845 
1 SEND 2900 1449449547846 
1 SEND 2900 1449449547849 
1 SEND 2900 1449449547860 
1 SEND 3000 1449449547860 
1 SEND 2900 1449449547860 
1 SEND 2900 1449449547860 
1 SEND 2900 1449449547860 
1 SEND 2900 1449449547861 
1 SEND 2900 1449449547861 
1 SEND 3000 1449449547861 
1 SEND 3000 1449449547863 
1 SEND 2900 1449449547863 
1 SEND 3000 1449449547863 
1 SEND 3000 1449449547863 
1 SEND 3000 1449449547863 
1 SEND 3000 1449449547864 
1 SEND 3000 1449449547866 
1 SEND 3000 1449449547866 
1 SEND 3000 1449449547866 
1 SEND 3100 1449449548515 
1 SEND 3100 1449449548515 
1 SEND 3100 1449449548515 
1 SEND 3100 1449449548518 
1 SEND 3100 1449449548518 
1 SEND 3100 1449449548518 
1 SEND 3100 1449449548518 
1 SEND 3100 1449449548520 
1 SEND 3100 1449449548520 
1 SEND 3100 1449449548520 
1 SEND 3200 1449449607553 
1 SEND 3200 1449449607553 
1 SEND 3200 1449449607557 
1 SEND 3200 1449449607558 
1 SEND 3200 1449449607667 
1 SEND 3200 1449449607667 
1 SEND 3200 1449449607667 
1 SEND 3200 1449449607670 
1 SEND 3200 1449449607763 
1 SEND 3200 1449449607764 
1 SEND 3300 1449449607987 
1 SEND 3300 1449449607987 
1 SEND 3300 1449449607988 
1 SEND 3300 1449449607988 
1 SEND 3400 1449449607991 
1 SEND 3400 1449449607991 
1 SEND 3300 1449449607992 
1 SEND 3300 1449449607992 
1 SEND 3300 1449449607994 
1 SEND 3300 1449449607994 
1 SEND 3300 1449449607995 
1 SEND 3300 1449449607995 
1 SEND 3400 1449449607995 
1 SEND 3400 1449449607995 
1 SEND 3400 1449449607997 
1 SEND 3400 1449449607997 
1 SEND 3400 1449449607997 
1 SEND 3400 1449449607997 
1 SEND 3400 1449449607997 
1 SEND 3400 1449449607999 
1 SEND 3500 1449449608642 
1 SEND 3500 1449449608642 
1 SEND 3500 1449449608642 
1 SEND 3500 1449449608644 
1 SEND 3500 1449449608644 
1 SEND 3500 1449449608647 
1 SEND 3500 1449449608647 
1 SEND 3500 1449449608647 
1 SEND 3500 1449449608647 
1 SEND 3500 1449449608649 
1 SEND 3600 1449449667711 
1 SEND 3600 1449449667711 
1 SEND 3600 1449449667712 
1 SEND 3600 1449449667712 
1 SEND 3600 1449449667716 
1 SEND 3600 1449449667922 
1 SEND 3600 1449449667922 
1 SEND 3600 1449449667922 
1 SEND 3600 1449449667922 
1 SEND 3600 1449449667977 
1 SEND 3700 1449449668187 
1 SEND 3700 1449449668187 
1 SEND 3700 1449449668188 
1 SEND 3700 1449449668188 
1 SEND 3700 1449449668191 
1 SEND 3800 1449449668195 
1 SEND 3800 1449449668195 
1 SEND 3700 1449449668195 
1 SEND 3800 1449449668195 
1 SEND 3700 1449449668198 
1 SEND 3700 1449449668198 
1 SEND 3700 1449449668198 
1 SEND 3700 1449449668198 
1 SEND 3800 1449449668201 
1 SEND 3800 1449449668202 
1 SEND 3800 1449449668203 
1 SEND 3800 1449449668203 
1 SEND 3800 1449449668205 
1 SEND 3800 1449449668205 
1 SEND 3800 1449449668205 
1 SEND 3900 1449449668838 
1 SEND 3900 1449449668838 
1 SEND 3900 1449449668840 
1 SEND 3900 1449449668840 
1 SEND 3900 1449449668840 
1 SEND 3900 1449449668840 
1 SEND 3900 1449449668840 
1 SEND 3900 1449449668840 
1 SEND 3900 1449449668842 
1 SEND 3900 1449449668842 
1 SEND 4000 1449449727863 
1 SEND 4000 1449449727863 
1 SEND 4000 1449449727865 
1 SEND 4000 1449449727866 
1 SEND 4000 1449449727866 
1 SEND 4000 1449449727956 
1 SEND 4000 1449449727958 
1 SEND 4000 1449449728120 
1 SEND 4000 1449449728127 
1 SEND 4000 1449449728129 
1 SEND 4100 1449449728330 
1 SEND 4100 1449449728330 
1 SEND 4100 1449449728331 
1 SEND 4200 1449449728334 
1 SEND 4200 1449449728334 
1 SEND 4100 1449449728334 
1 SEND 4100 1449449728334 
1 SEND 4100 1449449728334 
1 SEND 4100 1449449728335 
1 SEND 4100 1449449728335 
1 SEND 4200 1449449728335 
1 SEND 4200 1449449728339 
1 SEND 4200 1449449728339 
1 SEND 4200 1449449728339 
1 SEND 4100 1449449728339 
1 SEND 4200 1449449728340 
1 SEND 4200 1449449728341 
1 SEND 4200 1449449728342 
1 SEND 4200 1449449728343 
1 SEND 4300 1449449729016 
1 SEND 4300 1449449729016 
1 SEND 4300 1449449729019 
1 SEND 4300 1449449729019 
1 SEND 4300 1449449729020 
1 SEND 4300 1449449729020 
1 SEND 4300 1449449729020 
1 SEND 4300 1449449729023 
1 SEND 4300 1449449729023 
1 SEND 4100 1449449731272 
1 SEND 4300 1449449732025 
