7 RECEIVE 100 1449449138303 
7 RECEIVE 200 1449449149543 
7 RECEIVE 300 1449449164389 
7 RECEIVE 0 1449449181450 
7 RECEIVE 500 1449449199575 
7 RECEIVE 600 1449449214104 
7 RECEIVE 700 1449449231112 
7 RECEIVE 400 1449449242247 
7 RECEIVE 900 1449449259204 
7 RECEIVE 1000 1449449274137 
7 RECEIVE 1100 1449449290860 
7 RECEIVE 800 1449449303220 
7 RECEIVE 1300 1449449318627 
7 RECEIVE 1400 1449449331457 
7 RECEIVE 1500 1449449347048 
7 RECEIVE 1200 1449449361805 
7 RECEIVE 1700 1449449378704 
7 RECEIVE 1800 1449449392840 
7 RECEIVE 1900 1449449409513 
7 RECEIVE 1600 1449449424941 
7 RECEIVE 2100 1449449439525 
7 RECEIVE 2200 1449449453088 
7 RECEIVE 2300 1449449470128 
7 RECEIVE 2000 1449449481757 
7 RECEIVE 2500 1449449498127 
7 RECEIVE 2600 1449449512927 
7 RECEIVE 2700 1449449531020 
7 RECEIVE 2400 1449449544461 
7 RECEIVE 2900 1449449558979 
7 RECEIVE 3000 1449449573018 
7 RECEIVE 3100 1449449589533 
7 RECEIVE 2800 1449449605023 
7 RECEIVE 3300 1449449619994 
7 RECEIVE 3400 1449449633450 
7 RECEIVE 3500 1449449651422 
7 RECEIVE 3200 1449449664497 
7 RECEIVE 3700 1449449679053 
7 RECEIVE 3800 1449449693647 
7 RECEIVE 3900 1449449711391 
7 RECEIVE 3600 1449449725189 
7 RECEIVE 4100 1449449740035 
7 RECEIVE 4200 1449449752408 
7 RECEIVE 4000 1449449782931 
7 RECEIVE 4300 1449449785095 
