Awaiting simulation instructions...

Awaiting simulation instructions...

Awaiting simulation instructions...

7 RECEIVE 100 1449453446321 

[Reducer5]: Got 92248 bytes.
7 RECEIVE 0 1449453477563 

[Reducer5]: Got 958912 bytes.
Awaiting simulation instructions...

Awaiting simulation instructions...

7 RECEIVE 300 1449453490675 

[Reducer5]: Got 91560 bytes.
7 RECEIVE 200 1449453515865 

[Reducer5]: Got 956616 bytes.
Awaiting simulation instructions...

Awaiting simulation instructions...

7 RECEIVE 500 1449453529505 

[Reducer5]: Got 91560 bytes.
7 RECEIVE 400 1449453556303 

[Reducer5]: Got 957288 bytes.
Awaiting simulation instructions...

Awaiting simulation instructions...

7 RECEIVE 700 1449453570786 

[Reducer5]: Got 91560 bytes.
7 RECEIVE 600 1449453596433 

[Reducer5]: Got 958312 bytes.
Awaiting simulation instructions...

Awaiting simulation instructions...

7 RECEIVE 900 1449453609970 

[Reducer5]: Got 91136 bytes.
7 RECEIVE 800 1449453638318 

[Reducer5]: Got 958152 bytes.
Awaiting simulation instructions...

Awaiting simulation instructions...

7 RECEIVE 1100 1449453651205 

[Reducer5]: Got 91560 bytes.
[Reducer5]: Got 958152 bytes.
7 RECEIVE 1000 1449453677035 

Awaiting simulation instructions...

Awaiting simulation instructions...

7 RECEIVE 1300 1449453690429 

[Reducer5]: Got 91560 bytes.
7 RECEIVE 1200 1449453718780 

[Reducer5]: Got 958488 bytes.
Awaiting simulation instructions...

Awaiting simulation instructions...

7 RECEIVE 1500 1449453730732 

[Reducer5]: Got 91560 bytes.
[Reducer5]: Got 958488 bytes.
7 RECEIVE 1400 1449453758357 

Awaiting simulation instructions...

Awaiting simulation instructions...

7 RECEIVE 1700 1449453771834 

[Reducer5]: Got 91560 bytes.
7 RECEIVE 1600 1449453796511 

[Reducer5]: Got 958152 bytes.
Awaiting simulation instructions...

Awaiting simulation instructions...

7 RECEIVE 1900 1449453812400 

[Reducer5]: Got 91560 bytes.
7 RECEIVE 1800 1449453839332 

[Reducer5]: Got 958488 bytes.
Awaiting simulation instructions...

Awaiting simulation instructions...

7 RECEIVE 2100 1449453851734 

[Reducer5]: Got 91560 bytes.
7 RECEIVE 2000 1449453875916 

[Reducer5]: Got 958312 bytes.
Slave finished all tasks and exited.
logger exit
