Awaiting simulation instructions...

Awaiting simulation instructions...

Awaiting simulation instructions...

8 RECEIVE 100 1449453445480 

[Reducer6]: Got 89352 bytes.
8 RECEIVE 0 1449453477255 

[Reducer6]: Got 958152 bytes.
Awaiting simulation instructions...

Awaiting simulation instructions...

8 RECEIVE 300 1449453489408 

[Reducer6]: Got 91560 bytes.
8 RECEIVE 200 1449453517262 

[Reducer6]: Got 958064 bytes.
Awaiting simulation instructions...

Awaiting simulation instructions...

[Reducer6]: Got 91560 bytes.
8 RECEIVE 500 1449453530048 

8 RECEIVE 400 1449453557331 

[Reducer6]: Got 958488 bytes.
Awaiting simulation instructions...

Awaiting simulation instructions...

8 RECEIVE 700 1449453569806 

[Reducer6]: Got 91560 bytes.
8 RECEIVE 600 1449453594776 

[Reducer6]: Got 958488 bytes.
Awaiting simulation instructions...

Awaiting simulation instructions...

8 RECEIVE 900 1449453609002 

[Reducer6]: Got 89512 bytes.
8 RECEIVE 800 1449453637301 

[Reducer6]: Got 958488 bytes.
Awaiting simulation instructions...

Awaiting simulation instructions...

8 RECEIVE 1100 1449453650822 

[Reducer6]: Got 91560 bytes.
8 RECEIVE 1000 1449453677335 

[Reducer6]: Got 958152 bytes.
Awaiting simulation instructions...

Awaiting simulation instructions...

8 RECEIVE 1300 1449453690715 

[Reducer6]: Got 91560 bytes.
8 RECEIVE 1200 1449453716842 

[Reducer6]: Got 959336 bytes.
Awaiting simulation instructions...

Awaiting simulation instructions...

8 RECEIVE 1500 1449453730454 

[Reducer6]: Got 91560 bytes.
8 RECEIVE 1400 1449453754358 

[Reducer6]: Got 958064 bytes.
Awaiting simulation instructions...

Awaiting simulation instructions...

8 RECEIVE 1700 1449453771919 

[Reducer6]: Got 91560 bytes.
[Reducer6]: Got 958152 bytes.
8 RECEIVE 1600 1449453796830 

Awaiting simulation instructions...

Awaiting simulation instructions...

[Reducer6]: Got 91560 bytes.
8 RECEIVE 1900 1449453812493 

8 RECEIVE 1800 1449453835740 

[Reducer6]: Got 958312 bytes.
Awaiting simulation instructions...

Awaiting simulation instructions...

8 RECEIVE 2100 1449453852163 

[Reducer6]: Got 91560 bytes.
8 RECEIVE 2000 1449453878939 

[Reducer6]: Got 958312 bytes.
Slave finished all tasks and exited.
logger exit
