Awaiting simulation instructions...

Awaiting simulation instructions...

Awaiting simulation instructions...

11 RECEIVE 100 1449453444812 

[Reducer9]: Got 89528 bytes.
11 RECEIVE 0 1449453476344 

[Reducer9]: Got 958152 bytes.
Awaiting simulation instructions...

Awaiting simulation instructions...

11 RECEIVE 300 1449453490272 

[Reducer9]: Got 91560 bytes.
11 RECEIVE 200 1449453516836 

[Reducer9]: Got 957304 bytes.
Awaiting simulation instructions...

Awaiting simulation instructions...

[Reducer9]: Got 91560 bytes.
11 RECEIVE 500 1449453530342 

11 RECEIVE 400 1449453557971 

[Reducer9]: Got 958488 bytes.
Awaiting simulation instructions...

Awaiting simulation instructions...

11 RECEIVE 700 1449453570313 

[Reducer9]: Got 91560 bytes.
11 RECEIVE 600 1449453597151 

[Reducer9]: Got 958488 bytes.
Awaiting simulation instructions...

Awaiting simulation instructions...

11 RECEIVE 900 1449453609352 

[Reducer9]: Got 91136 bytes.
11 RECEIVE 800 1449453636506 

[Reducer9]: Got 958488 bytes.
Awaiting simulation instructions...

Awaiting simulation instructions...

11 RECEIVE 1100 1449453651464 

[Reducer9]: Got 91560 bytes.
11 RECEIVE 1000 1449453678353 

[Reducer9]: Got 958152 bytes.
Awaiting simulation instructions...

Awaiting simulation instructions...

11 RECEIVE 1300 1449453690829 

[Reducer9]: Got 91560 bytes.
11 RECEIVE 1200 1449453717502 

[Reducer9]: Got 958488 bytes.
Awaiting simulation instructions...

Awaiting simulation instructions...

11 RECEIVE 1500 1449453731106 

[Reducer9]: Got 91560 bytes.
11 RECEIVE 1400 1449453758677 

[Reducer9]: Got 958488 bytes.
Awaiting simulation instructions...

Awaiting simulation instructions...

11 RECEIVE 1700 1449453772147 

[Reducer9]: Got 91560 bytes.
11 RECEIVE 1600 1449453799216 

[Reducer9]: Got 958488 bytes.
Awaiting simulation instructions...

Awaiting simulation instructions...

11 RECEIVE 1900 1449453812427 

[Reducer9]: Got 91560 bytes.
[Reducer9]: Got 957304 bytes.
11 RECEIVE 1800 1449453838114 

Awaiting simulation instructions...

Awaiting simulation instructions...

11 RECEIVE 2100 1449453852001 

[Reducer9]: Got 91560 bytes.
11 RECEIVE 2000 1449453879572 

[Reducer9]: Got 958488 bytes.
Slave finished all tasks and exited.
logger exit
