Awaiting simulation instructions...

Awaiting simulation instructions...

Awaiting simulation instructions...

3 RECEIVE 100 1449453443775 

[Reducer1]: Got 90376 bytes.
3 RECEIVE 0 1449453472806 

[Reducer1]: Got 958152 bytes.
Awaiting simulation instructions...

Awaiting simulation instructions...

3 RECEIVE 300 1449453489255 

[Reducer1]: Got 91560 bytes.
3 RECEIVE 200 1449453516562 

[Reducer1]: Got 955240 bytes.
Awaiting simulation instructions...

Awaiting simulation instructions...

3 RECEIVE 500 1449453529532 

[Reducer1]: Got 91560 bytes.
3 RECEIVE 400 1449453552997 

[Reducer1]: Got 959336 bytes.
Awaiting simulation instructions...

Awaiting simulation instructions...

3 RECEIVE 700 1449453570982 

[Reducer1]: Got 91560 bytes.
3 RECEIVE 600 1449453593390 

[Reducer1]: Got 958664 bytes.
Awaiting simulation instructions...

Awaiting simulation instructions...

3 RECEIVE 900 1449453609696 

[Reducer1]: Got 91560 bytes.
[Reducer1]: Got 958488 bytes.
3 RECEIVE 800 1449453636768 

Awaiting simulation instructions...

Awaiting simulation instructions...

3 RECEIVE 1100 1449453649815 

[Reducer1]: Got 91560 bytes.
3 RECEIVE 1000 1449453675949 

[Reducer1]: Got 956616 bytes.
Awaiting simulation instructions...

Awaiting simulation instructions...

3 RECEIVE 1300 1449453690115 

[Reducer1]: Got 91560 bytes.
3 RECEIVE 1200 1449453713515 

[Reducer1]: Got 958312 bytes.
Awaiting simulation instructions...

Awaiting simulation instructions...

3 RECEIVE 1500 1449453731404 

[Reducer1]: Got 91560 bytes.
3 RECEIVE 1400 1449453754968 

[Reducer1]: Got 958312 bytes.
Awaiting simulation instructions...

Awaiting simulation instructions...

3 RECEIVE 1700 1449453770653 

[Reducer1]: Got 91560 bytes.
[Reducer1]: Got 959336 bytes.
3 RECEIVE 1600 1449453794591 

Awaiting simulation instructions...

Awaiting simulation instructions...

3 RECEIVE 1900 1449453811190 

[Reducer1]: Got 91560 bytes.
3 RECEIVE 1800 1449453835449 

[Reducer1]: Got 959336 bytes.
Awaiting simulation instructions...

Awaiting simulation instructions...

3 RECEIVE 2100 1449453852566 

[Reducer1]: Got 91560 bytes.
3 RECEIVE 2000 1449453876837 

[Reducer1]: Got 958488 bytes.
Slave finished all tasks and exited.
logger exit
