Awaiting simulation instructions...

Awaiting simulation instructions...

Awaiting simulation instructions...

9 RECEIVE 100 1449453445165 

[Reducer7]: Got 89352 bytes.
9 RECEIVE 0 1449453473475 

[Reducer7]: Got 958648 bytes.
Awaiting simulation instructions...

Awaiting simulation instructions...

9 RECEIVE 300 1449453490546 

[Reducer7]: Got 91560 bytes.
9 RECEIVE 200 1449453515369 

[Reducer7]: Got 958312 bytes.
Awaiting simulation instructions...

Awaiting simulation instructions...

9 RECEIVE 500 1449453528957 

[Reducer7]: Got 91560 bytes.
9 RECEIVE 400 1449453557012 

[Reducer7]: Got 957464 bytes.
Awaiting simulation instructions...

Awaiting simulation instructions...

9 RECEIVE 700 1449453570909 

[Reducer7]: Got 91560 bytes.
9 RECEIVE 600 1449453596831 

[Reducer7]: Got 958488 bytes.
Awaiting simulation instructions...

Awaiting simulation instructions...

9 RECEIVE 900 1449453609592 

[Reducer7]: Got 91136 bytes.
9 RECEIVE 800 1449453637989 

[Reducer7]: Got 958152 bytes.
Awaiting simulation instructions...

Awaiting simulation instructions...

9 RECEIVE 1100 1449453651081 

[Reducer7]: Got 91560 bytes.
9 RECEIVE 1000 1449453677665 

[Reducer7]: Got 958152 bytes.
Awaiting simulation instructions...

Awaiting simulation instructions...

9 RECEIVE 1300 1449453690295 

[Reducer7]: Got 91560 bytes.
9 RECEIVE 1200 1449453717192 

[Reducer7]: Got 958312 bytes.
Awaiting simulation instructions...

Awaiting simulation instructions...

9 RECEIVE 1500 1449453731431 

[Reducer7]: Got 91560 bytes.
9 RECEIVE 1400 1449453755327 

[Reducer7]: Got 958488 bytes.
Awaiting simulation instructions...

Awaiting simulation instructions...

9 RECEIVE 1700 1449453771256 

[Reducer7]: Got 91560 bytes.
9 RECEIVE 1600 1449453798574 

[Reducer7]: Got 959336 bytes.
Awaiting simulation instructions...

Awaiting simulation instructions...

9 RECEIVE 1900 1449453811028 

[Reducer7]: Got 91560 bytes.
9 RECEIVE 1800 1449453838686 

[Reducer7]: Got 958488 bytes.
Awaiting simulation instructions...

Awaiting simulation instructions...

9 RECEIVE 2100 1449453852631 

[Reducer7]: Got 91560 bytes.
9 RECEIVE 2000 1449453876517 

[Reducer7]: Got 959512 bytes.
Slave finished all tasks and exited.
logger exit
