11 RECEIVE 200 1449445004273 
11 RECEIVE 100 1449445007277 
11 RECEIVE 0 1449445037297 
11 RECEIVE 500 1449445070037 
11 RECEIVE 400 1449445070391 
11 RECEIVE 300 1449445097305 
11 RECEIVE 800 1449445130619 
11 RECEIVE 700 1449445131602 
11 RECEIVE 600 1449445158976 
11 RECEIVE 1000 1449445192605 
11 RECEIVE 1100 1449445192623 
11 RECEIVE 900 1449445219046 
11 RECEIVE 1300 1449445250526 
11 RECEIVE 1400 1449445251414 
11 RECEIVE 1200 1449445279478 
11 RECEIVE 1600 1449445311748 
11 RECEIVE 1700 1449445312852 
11 RECEIVE 1500 1449445338892 
11 RECEIVE 1900 1449445373348 
11 RECEIVE 2000 1449445373773 
11 RECEIVE 1800 1449445399351 
11 RECEIVE 2300 1449445432399 
11 RECEIVE 2200 1449445432531 
11 RECEIVE 2100 1449445459043 
11 RECEIVE 2600 1449445491177 
11 RECEIVE 2500 1449445492244 
11 RECEIVE 2400 1449445520620 
11 RECEIVE 2900 1449445552442 
11 RECEIVE 2800 1449445553398 
11 RECEIVE 2700 1449445579310 
11 RECEIVE 3100 1449445610771 
11 RECEIVE 3200 1449445613687 
11 RECEIVE 3000 1449445640870 
