1 SEND 0 1449444997410 
1 SEND 0 1449444997417 
1 SEND 0 1449444997419 
1 SEND 0 1449444997421 
1 SEND 100 1449444997422 
1 SEND 0 1449444997423 
1 SEND 0 1449444997425 
1 SEND 0 1449444997425 
1 SEND 100 1449444997429 
1 SEND 100 1449444997429 
1 SEND 100 1449444997473 
1 SEND 100 1449444997473 
1 SEND 100 1449444997474 
1 SEND 0 1449444997474 
1 SEND 100 1449444997474 
1 SEND 0 1449444997477 
1 SEND 100 1449444997478 
1 SEND 100 1449444997480 
1 SEND 100 1449444997480 
1 SEND 0 1449444997480 
1 SEND 200 1449444997615 
1 SEND 200 1449444997619 
1 SEND 200 1449444997624 
1 SEND 200 1449444997630 
1 SEND 200 1449444997634 
1 SEND 200 1449444997637 
1 SEND 200 1449444997639 
1 SEND 200 1449444997665 
1 SEND 200 1449444997665 
1 SEND 200 1449444997665 
1 SEND 300 1449445057720 
1 SEND 300 1449445057776 
1 SEND 300 1449445057794 
1 SEND 300 1449445057795 
1 SEND 300 1449445057803 
1 SEND 300 1449445057803 
1 SEND 300 1449445057803 
1 SEND 300 1449445057805 
1 SEND 300 1449445057816 
1 SEND 300 1449445057824 
1 SEND 400 1449445058834 
1 SEND 500 1449445058837 
1 SEND 400 1449445058840 
1 SEND 400 1449445058840 
1 SEND 400 1449445058840 
1 SEND 500 1449445058840 
1 SEND 500 1449445058840 
1 SEND 400 1449445058841 
1 SEND 500 1449445058844 
1 SEND 400 1449445058844 
1 SEND 400 1449445058846 
1 SEND 500 1449445058847 
1 SEND 500 1449445058850 
1 SEND 500 1449445058851 
1 SEND 500 1449445058851 
1 SEND 500 1449445058853 
1 SEND 500 1449445058856 
1 SEND 400 1449445058860 
1 SEND 400 1449445058861 
1 SEND 400 1449445058861 
1 SEND 600 1449445118048 
1 SEND 600 1449445118061 
1 SEND 600 1449445118070 
1 SEND 600 1449445118074 
1 SEND 600 1449445118115 
1 SEND 600 1449445118118 
1 SEND 600 1449445118168 
1 SEND 600 1449445118170 
1 SEND 600 1449445118301 
1 SEND 600 1449445118316 
1 SEND 700 1449445119373 
1 SEND 700 1449445119378 
1 SEND 700 1449445119384 
1 SEND 800 1449445119388 
1 SEND 800 1449445119403 
1 SEND 700 1449445119406 
1 SEND 700 1449445119429 
1 SEND 800 1449445119429 
1 SEND 800 1449445119429 
1 SEND 700 1449445119429 
1 SEND 800 1449445119433 
1 SEND 700 1449445119434 
1 SEND 700 1449445119434 
1 SEND 700 1449445119434 
1 SEND 800 1449445119434 
1 SEND 800 1449445119436 
1 SEND 800 1449445119436 
1 SEND 800 1449445119436 
1 SEND 800 1449445119438 
1 SEND 700 1449445119439 
1 SEND 900 1449445178301 
1 SEND 900 1449445178302 
1 SEND 900 1449445178306 
1 SEND 900 1449445178307 
1 SEND 900 1449445178307 
1 SEND 900 1449445178307 
1 SEND 900 1449445178308 
1 SEND 900 1449445178316 
1 SEND 900 1449445178317 
1 SEND 900 1449445178317 
1 SEND 1000 1449445179749 
1 SEND 1000 1449445179749 
1 SEND 1000 1449445179751 
1 SEND 1000 1449445179754 
1 SEND 1000 1449445179755 
1 SEND 1100 1449445179755 
1 SEND 1100 1449445179755 
1 SEND 1100 1449445179755 
1 SEND 1100 1449445179766 
1 SEND 1000 1449445179766 
1 SEND 1100 1449445179766 
1 SEND 1000 1449445179769 
1 SEND 1100 1449445179770 
1 SEND 1100 1449445179770 
1 SEND 1100 1449445179770 
1 SEND 1000 1449445179770 
1 SEND 1100 1449445179771 
1 SEND 1000 1449445179772 
1 SEND 1000 1449445179772 
1 SEND 1100 1449445179772 
1 SEND 1200 1449445238547 
1 SEND 1200 1449445238551 
1 SEND 1200 1449445238552 
1 SEND 1200 1449445238593 
1 SEND 1200 1449445238616 
1 SEND 1200 1449445238723 
1 SEND 1200 1449445238724 
1 SEND 1200 1449445238724 
1 SEND 1200 1449445238724 
1 SEND 1200 1449445238724 
1 SEND 1300 1449445239665 
1 SEND 1300 1449445239667 
1 SEND 1300 1449445239670 
1 SEND 1300 1449445239671 
1 SEND 1300 1449445239671 
1 SEND 1300 1449445239671 
1 SEND 1400 1449445239672 
1 SEND 1300 1449445239672 
1 SEND 1400 1449445239674 
1 SEND 1400 1449445239686 
1 SEND 1400 1449445239688 
1 SEND 1300 1449445239688 
1 SEND 1400 1449445239690 
1 SEND 1400 1449445239691 
1 SEND 1400 1449445239691 
1 SEND 1300 1449445239692 
1 SEND 1300 1449445239692 
1 SEND 1400 1449445239692 
1 SEND 1400 1449445239696 
1 SEND 1400 1449445239696 
1 SEND 1500 1449445298786 
1 SEND 1500 1449445298787 
1 SEND 1500 1449445298787 
1 SEND 1500 1449445298789 
1 SEND 1500 1449445298791 
1 SEND 1500 1449445298793 
1 SEND 1500 1449445298793 
1 SEND 1500 1449445298793 
1 SEND 1500 1449445298793 
1 SEND 1500 1449445299101 
1 SEND 1600 1449445300256 
1 SEND 1600 1449445300260 
1 SEND 1600 1449445300262 
1 SEND 1600 1449445300262 
1 SEND 1600 1449445300264 
1 SEND 1700 1449445300265 
1 SEND 1600 1449445300266 
1 SEND 1600 1449445300279 
1 SEND 1700 1449445300279 
1 SEND 1700 1449445300279 
1 SEND 1700 1449445300279 
1 SEND 1700 1449445300279 
1 SEND 1600 1449445300280 
1 SEND 1600 1449445300279 
1 SEND 1700 1449445300281 
1 SEND 1700 1449445300283 
1 SEND 1700 1449445300283 
1 SEND 1600 1449445300284 
1 SEND 1700 1449445300285 
1 SEND 1700 1449445300289 
1 SEND 1800 1449445359073 
1 SEND 1800 1449445359074 
1 SEND 1800 1449445359074 
1 SEND 1800 1449445359075 
1 SEND 1800 1449445359075 
1 SEND 1800 1449445359076 
1 SEND 1800 1449445359078 
1 SEND 1800 1449445359079 
1 SEND 1800 1449445359079 
1 SEND 1800 1449445359398 
1 SEND 1900 1449445360619 
1 SEND 1900 1449445360619 
1 SEND 2000 1449445360629 
1 SEND 2000 1449445360629 
1 SEND 1900 1449445360630 
1 SEND 1900 1449445360630 
1 SEND 1900 1449445360630 
1 SEND 2000 1449445360630 
1 SEND 2000 1449445360630 
1 SEND 1900 1449445360632 
1 SEND 1900 1449445360633 
1 SEND 2000 1449445360633 
1 SEND 1900 1449445360633 
1 SEND 2000 1449445360636 
1 SEND 1900 1449445360637 
1 SEND 2000 1449445360640 
1 SEND 2000 1449445360640 
1 SEND 1900 1449445360642 
1 SEND 2000 1449445360644 
1 SEND 2000 1449445360646 
1 SEND 2100 1449445419343 
1 SEND 2100 1449445419348 
1 SEND 2100 1449445419411 
1 SEND 2100 1449445419412 
1 SEND 2100 1449445419470 
1 SEND 2100 1449445419475 
1 SEND 2100 1449445419507 
1 SEND 2100 1449445419516 
1 SEND 2100 1449445419528 
1 SEND 2100 1449445419529 
1 SEND 2200 1449445420641 
1 SEND 2200 1449445420642 
1 SEND 2200 1449445420644 
1 SEND 2300 1449445420644 
1 SEND 2300 1449445420644 
1 SEND 2200 1449445420645 
1 SEND 2200 1449445420645 
1 SEND 2200 1449445420646 
1 SEND 2200 1449445420646 
1 SEND 2200 1449445420652 
1 SEND 2300 1449445420652 
1 SEND 2300 1449445420653 
1 SEND 2200 1449445420656 
1 SEND 2200 1449445420656 
1 SEND 2300 1449445420658 
1 SEND 2300 1449445420659 
1 SEND 2300 1449445420662 
1 SEND 2300 1449445420663 
1 SEND 2300 1449445420666 
1 SEND 2300 1449445420668 
1 SEND 2400 1449445479655 
1 SEND 2400 1449445479659 
1 SEND 2400 1449445479660 
1 SEND 2400 1449445479661 
1 SEND 2400 1449445479660 
1 SEND 2400 1449445479662 
1 SEND 2400 1449445479664 
1 SEND 2400 1449445479773 
1 SEND 2400 1449445480013 
1 SEND 2400 1449445480015 
1 SEND 2600 1449445481219 
1 SEND 2500 1449445481219 
1 SEND 2600 1449445481221 
1 SEND 2600 1449445481221 
1 SEND 2500 1449445481221 
1 SEND 2600 1449445481221 
1 SEND 2500 1449445481221 
1 SEND 2500 1449445481221 
1 SEND 2600 1449445481222 
1 SEND 2500 1449445481224 
1 SEND 2500 1449445481224 
1 SEND 2500 1449445481224 
1 SEND 2500 1449445481224 
1 SEND 2600 1449445481225 
1 SEND 2600 1449445481224 
1 SEND 2600 1449445481225 
1 SEND 2500 1449445481224 
1 SEND 2600 1449445481225 
1 SEND 2600 1449445481226 
1 SEND 2500 1449445481226 
1 SEND 2700 1449445539898 
1 SEND 2700 1449445539901 
1 SEND 2700 1449445539902 
1 SEND 2700 1449445539903 
1 SEND 2700 1449445539904 
1 SEND 2700 1449445539904 
1 SEND 2700 1449445540164 
1 SEND 2700 1449445540167 
1 SEND 2700 1449445540170 
1 SEND 2700 1449445540172 
1 SEND 2800 1449445541531 
1 SEND 2800 1449445541534 
1 SEND 2800 1449445541534 
1 SEND 2800 1449445541534 
1 SEND 2800 1449445541534 
1 SEND 2800 1449445541534 
1 SEND 2800 1449445541538 
1 SEND 2900 1449445541538 
1 SEND 2800 1449445541539 
1 SEND 2900 1449445541539 
1 SEND 2900 1449445541540 
1 SEND 2800 1449445541539 
1 SEND 2900 1449445541540 
1 SEND 2900 1449445541542 
1 SEND 2900 1449445541542 
1 SEND 2900 1449445541543 
1 SEND 2900 1449445541543 
1 SEND 2900 1449445541551 
1 SEND 2800 1449445541551 
1 SEND 2900 1449445541551 
1 SEND 3000 1449445600235 
1 SEND 3000 1449445600242 
1 SEND 3000 1449445600243 
1 SEND 3000 1449445600243 
1 SEND 3000 1449445600243 
1 SEND 3000 1449445600243 
1 SEND 3000 1449445600244 
1 SEND 3000 1449445600301 
1 SEND 3000 1449445600597 
1 SEND 3000 1449445600598 
1 SEND 3100 1449445601657 
1 SEND 3100 1449445601657 
1 SEND 3100 1449445601660 
1 SEND 3100 1449445601660 
1 SEND 3200 1449445601660 
1 SEND 3100 1449445601660 
1 SEND 3100 1449445601660 
1 SEND 3200 1449445601660 
1 SEND 3200 1449445601661 
1 SEND 3200 1449445601661 
1 SEND 3100 1449445601661 
1 SEND 3100 1449445601662 
1 SEND 3200 1449445601662 
1 SEND 3200 1449445601663 
1 SEND 3100 1449445601663 
1 SEND 3200 1449445601665 
1 SEND 3100 1449445601670 
1 SEND 3200 1449445601670 
1 SEND 3200 1449445601670 
1 SEND 3200 1449445601672 
