4 RECEIVE 100 1449445003654 
4 RECEIVE 200 1449445005155 
4 RECEIVE 0 1449445036967 
4 RECEIVE 400 1449445069072 
4 RECEIVE 500 1449445070650 
4 RECEIVE 300 1449445096688 
4 RECEIVE 700 1449445128427 
4 RECEIVE 800 1449445129680 
4 RECEIVE 600 1449445158316 
4 RECEIVE 1000 1449445189241 
4 RECEIVE 1100 1449445190403 
4 RECEIVE 900 1449445217544 
4 RECEIVE 1300 1449445250373 
4 RECEIVE 1400 1449445251291 
4 RECEIVE 1200 1449445278287 
4 RECEIVE 1600 1449445311532 
4 RECEIVE 1700 1449445311627 
4 RECEIVE 1500 1449445337874 
4 RECEIVE 1900 1449445372414 
4 RECEIVE 2000 1449445373282 
4 RECEIVE 1800 1449445394883 
4 RECEIVE 2200 1449445429792 
4 RECEIVE 2300 1449445431776 
4 RECEIVE 2100 1449445453217 
4 RECEIVE 2500 1449445491926 
4 RECEIVE 2600 1449445493241 
4 RECEIVE 2400 1449445517203 
4 RECEIVE 2800 1449445551258 
4 RECEIVE 2900 1449445553437 
4 RECEIVE 2700 1449445579873 
4 RECEIVE 3100 1449445610369 
4 RECEIVE 3200 1449445611118 
4 RECEIVE 3000 1449445637986 
