5 RECEIVE 200 1449445002375 
5 RECEIVE 100 1449445003159 
5 RECEIVE 0 1449445035319 
5 RECEIVE 400 1449445067628 
5 RECEIVE 500 1449445071422 
5 RECEIVE 300 1449445097047 
5 RECEIVE 700 1449445128987 
5 RECEIVE 800 1449445131405 
5 RECEIVE 600 1449445158035 
5 RECEIVE 1000 1449445189731 
5 RECEIVE 1100 1449445192241 
5 RECEIVE 900 1449445217234 
5 RECEIVE 1300 1449445248962 
5 RECEIVE 1400 1449445249430 
5 RECEIVE 1200 1449445275095 
5 RECEIVE 1600 1449445310594 
5 RECEIVE 1700 1449445311437 
5 RECEIVE 1500 1449445336817 
5 RECEIVE 1900 1449445371989 
5 RECEIVE 2000 1449445373690 
5 RECEIVE 1800 1449445397336 
5 RECEIVE 2200 1449445430087 
5 RECEIVE 2300 1449445432475 
5 RECEIVE 2100 1449445457879 
5 RECEIVE 2600 1449445493663 
5 RECEIVE 2500 1449445493916 
5 RECEIVE 2400 1449445513034 
5 RECEIVE 2900 1449445553191 
5 RECEIVE 2800 1449445553738 
5 RECEIVE 2700 1449445576974 
5 RECEIVE 3200 1449445610590 
5 RECEIVE 3100 1449445613500 
5 RECEIVE 3000 1449445638306 
