9 RECEIVE 100 1449445002628 
9 RECEIVE 200 1449445005795 
9 RECEIVE 0 1449445034243 
9 RECEIVE 500 1449445068285 
9 RECEIVE 400 1449445068674 
9 RECEIVE 300 1449445098314 
9 RECEIVE 800 1449445130646 
9 RECEIVE 700 1449445131223 
9 RECEIVE 600 1449445156299 
9 RECEIVE 1100 1449445191417 
9 RECEIVE 1000 1449445191897 
9 RECEIVE 900 1449445218465 
9 RECEIVE 1300 1449445249694 
9 RECEIVE 1400 1449445250677 
9 RECEIVE 1200 1449445278965 
9 RECEIVE 1700 1449445312576 
9 RECEIVE 1600 1449445312949 
9 RECEIVE 1500 1449445339258 
9 RECEIVE 2000 1449445370845 
9 RECEIVE 1900 1449445372632 
9 RECEIVE 1800 1449445399561 
9 RECEIVE 2200 1449445430787 
9 RECEIVE 2300 1449445431468 
9 RECEIVE 2100 1449445459953 
9 RECEIVE 2600 1449445493384 
9 RECEIVE 2500 1449445494122 
9 RECEIVE 2400 1449445519869 
9 RECEIVE 2800 1449445550203 
9 RECEIVE 2900 1449445553266 
9 RECEIVE 2700 1449445580549 
9 RECEIVE 3100 1449445613733 
9 RECEIVE 3200 1449445613939 
9 RECEIVE 3000 1449445639033 
