10 RECEIVE 100 1449445005637 
10 RECEIVE 200 1449445007568 
10 RECEIVE 0 1449445038351 
10 RECEIVE 400 1449445070762 
10 RECEIVE 500 1449445071242 
10 RECEIVE 300 1449445097421 
10 RECEIVE 800 1449445130446 
10 RECEIVE 700 1449445130915 
10 RECEIVE 600 1449445155960 
10 RECEIVE 1000 1449445190677 
10 RECEIVE 1100 1449445192539 
10 RECEIVE 900 1449445218785 
10 RECEIVE 1300 1449445250849 
10 RECEIVE 1400 1449445251470 
10 RECEIVE 1200 1449445278538 
10 RECEIVE 1600 1449445311352 
10 RECEIVE 1700 1449445312670 
10 RECEIVE 1500 1449445338388 
10 RECEIVE 2000 1449445372605 
10 RECEIVE 1900 1449445372814 
10 RECEIVE 1800 1449445399989 
10 RECEIVE 2200 1449445431228 
10 RECEIVE 2300 1449445432305 
10 RECEIVE 2100 1449445460263 
10 RECEIVE 2500 1449445493850 
10 RECEIVE 2600 1449445493979 
10 RECEIVE 2400 1449445520310 
10 RECEIVE 2800 1449445551421 
10 RECEIVE 2900 1449445553293 
10 RECEIVE 2700 1449445577594 
10 RECEIVE 3100 1449445611906 
10 RECEIVE 3200 1449445612156 
10 RECEIVE 3000 1449445639363 
