Awaiting simulation instructions...

Awaiting simulation instructions...

Awaiting simulation instructions...

Awaiting simulation instructions...

Awaiting simulation instructions...

3 RECEIVE 100 1449449134853 

[Reducer1]: Got 90376 bytes.
3 RECEIVE 200 1449449142923 

[Reducer1]: Got 185944 bytes.
3 RECEIVE 300 1449449161610 

[Reducer1]: Got 379112 bytes.
3 RECEIVE 0 1449449179947 

[Reducer1]: Got 957304 bytes.
Awaiting simulation instructions...

Awaiting simulation instructions...

Awaiting simulation instructions...

Awaiting simulation instructions...

3 RECEIVE 500 1449449199823 

[Reducer1]: Got 91560 bytes.
3 RECEIVE 600 1449449213675 

[Reducer1]: Got 184232 bytes.
3 RECEIVE 700 1449449230986 

[Reducer1]: Got 376392 bytes.
3 RECEIVE 400 1449449242538 

[Reducer1]: Got 958064 bytes.
Awaiting simulation instructions...

Awaiting simulation instructions...

Awaiting simulation instructions...

Awaiting simulation instructions...

3 RECEIVE 900 1449449257480 

[Reducer1]: Got 89512 bytes.
3 RECEIVE 1000 1449449273395 

[Reducer1]: Got 184056 bytes.
3 RECEIVE 1100 1449449292180 

[Reducer1]: Got 376392 bytes.
3 RECEIVE 800 1449449299135 

[Reducer1]: Got 956000 bytes.
Awaiting simulation instructions...

Awaiting simulation instructions...

Awaiting simulation instructions...

Awaiting simulation instructions...

3 RECEIVE 1300 1449449316239 

[Reducer1]: Got 89512 bytes.
3 RECEIVE 1400 1449449330781 

[Reducer1]: Got 186104 bytes.
3 RECEIVE 1500 1449449346844 

[Reducer1]: Got 376392 bytes.
3 RECEIVE 1200 1449449359535 

[Reducer1]: Got 958312 bytes.
Awaiting simulation instructions...

Awaiting simulation instructions...

Awaiting simulation instructions...

Awaiting simulation instructions...

3 RECEIVE 1700 1449449376821 

[Reducer1]: Got 89512 bytes.
3 RECEIVE 1800 1449449392428 

[Reducer1]: Got 186104 bytes.
3 RECEIVE 1900 1449449411959 

[Reducer1]: Got 376392 bytes.
3 RECEIVE 1600 1449449420828 

[Reducer1]: Got 956440 bytes.
Awaiting simulation instructions...

Awaiting simulation instructions...

Awaiting simulation instructions...

Awaiting simulation instructions...

3 RECEIVE 2100 1449449438822 

[Reducer1]: Got 90112 bytes.
3 RECEIVE 2200 1449449452136 

[Reducer1]: Got 185256 bytes.
3 RECEIVE 2300 1449449472388 

[Reducer1]: Got 376392 bytes.
3 RECEIVE 2000 1449449480574 

[Reducer1]: Got 956440 bytes.
Awaiting simulation instructions...

Awaiting simulation instructions...

Awaiting simulation instructions...

Awaiting simulation instructions...

3 RECEIVE 2500 1449449496930 

[Reducer1]: Got 89512 bytes.
3 RECEIVE 2600 1449449512954 

[Reducer1]: Got 186280 bytes.
3 RECEIVE 2700 1449449530393 

[Reducer1]: Got 374520 bytes.
3 RECEIVE 2400 1449449541117 

[Reducer1]: Got 959336 bytes.
Awaiting simulation instructions...

Awaiting simulation instructions...

Awaiting simulation instructions...

Awaiting simulation instructions...

3 RECEIVE 2900 1449449556819 

[Reducer1]: Got 89512 bytes.
3 RECEIVE 3000 1449449572088 

[Reducer1]: Got 183208 bytes.
3 RECEIVE 3100 1449449589130 

[Reducer1]: Got 376392 bytes.
3 RECEIVE 2800 1449449604440 

[Reducer1]: Got 954392 bytes.
Awaiting simulation instructions...

Awaiting simulation instructions...

Awaiting simulation instructions...

Awaiting simulation instructions...

3 RECEIVE 3300 1449449617516 

[Reducer1]: Got 89512 bytes.
3 RECEIVE 3400 1449449633230 

[Reducer1]: Got 185256 bytes.
[Reducer1]: Got 374944 bytes.
3 RECEIVE 3500 1449449651495 

3 RECEIVE 3200 1449449658610 

[Reducer1]: Got 955576 bytes.
Awaiting simulation instructions...

Awaiting simulation instructions...

Awaiting simulation instructions...

Awaiting simulation instructions...

3 RECEIVE 3700 1449449677710 

[Reducer1]: Got 89512 bytes.
3 RECEIVE 3800 1449449693081 

[Reducer1]: Got 184056 bytes.
3 RECEIVE 3900 1449449710681 

[Reducer1]: Got 379288 bytes.
3 RECEIVE 3600 1449449721315 

[Reducer1]: Got 958312 bytes.
Awaiting simulation instructions...

Awaiting simulation instructions...

Awaiting simulation instructions...

Awaiting simulation instructions...

3 RECEIVE 4100 1449449737100 

[Reducer1]: Got 89512 bytes.
3 RECEIVE 4200 1449449752223 

[Reducer1]: Got 185256 bytes.
3 RECEIVE 4300 1449449769281 

[Reducer1]: Got 378264 bytes.
3 RECEIVE 4000 1449449785216 

[Reducer1]: Got 955416 bytes.
Slave finished all tasks and exited.
logger exit
