Awaiting simulation instructions...

Awaiting simulation instructions...

Awaiting simulation instructions...

Awaiting simulation instructions...

Awaiting simulation instructions...

11 RECEIVE 100 1449449138030 

[Reducer9]: Got 90112 bytes.
11 RECEIVE 200 1449449152182 

[Reducer9]: Got 183808 bytes.
11 RECEIVE 300 1449449155604 

[Reducer9]: Got 377080 bytes.
11 RECEIVE 0 1449449182642 

[Reducer9]: Got 956440 bytes.
Awaiting simulation instructions...

Awaiting simulation instructions...

Awaiting simulation instructions...

Awaiting simulation instructions...

11 RECEIVE 500 1449449200507 

[Reducer9]: Got 90112 bytes.
11 RECEIVE 600 1449449214279 

[Reducer9]: Got 184232 bytes.
11 RECEIVE 700 1449449231073 

[Reducer9]: Got 377416 bytes.
11 RECEIVE 400 1449449243207 

[Reducer9]: Got 958312 bytes.
Awaiting simulation instructions...

Awaiting simulation instructions...

Awaiting simulation instructions...

Awaiting simulation instructions...

11 RECEIVE 900 1449449260674 

[Reducer9]: Got 91136 bytes.
11 RECEIVE 1000 1449449274403 

[Reducer9]: Got 184232 bytes.
11 RECEIVE 1100 1449449290523 

[Reducer9]: Got 377416 bytes.
11 RECEIVE 800 1449449304441 

[Reducer9]: Got 956440 bytes.
Awaiting simulation instructions...

Awaiting simulation instructions...

Awaiting simulation instructions...

Awaiting simulation instructions...

11 RECEIVE 1300 1449449318283 

[Reducer9]: Got 91136 bytes.
11 RECEIVE 1400 1449449331192 

[Reducer9]: Got 184232 bytes.
11 RECEIVE 1500 1449449346508 

[Reducer9]: Got 376392 bytes.
11 RECEIVE 1200 1449449361843 

[Reducer9]: Got 955592 bytes.
Awaiting simulation instructions...

Awaiting simulation instructions...

Awaiting simulation instructions...

Awaiting simulation instructions...

11 RECEIVE 1700 1449449377656 

[Reducer9]: Got 89512 bytes.
11 RECEIVE 1800 1449449393328 

[Reducer9]: Got 184232 bytes.
11 RECEIVE 1900 1449449409705 

[Reducer9]: Got 378264 bytes.
11 RECEIVE 1600 1449449422361 

[Reducer9]: Got 956440 bytes.
Awaiting simulation instructions...

Awaiting simulation instructions...

Awaiting simulation instructions...

Awaiting simulation instructions...

11 RECEIVE 2100 1449449438417 

[Reducer9]: Got 91136 bytes.
11 RECEIVE 2200 1449449452852 

[Reducer9]: Got 185256 bytes.
11 RECEIVE 2300 1449449471595 

[Reducer9]: Got 372472 bytes.
11 RECEIVE 2000 1449449484501 

[Reducer9]: Got 952520 bytes.
Awaiting simulation instructions...

Awaiting simulation instructions...

Awaiting simulation instructions...

Awaiting simulation instructions...

11 RECEIVE 2500 1449449499201 

[Reducer9]: Got 91136 bytes.
11 RECEIVE 2600 1449449513457 

[Reducer9]: Got 185256 bytes.
[Reducer9]: Got 379288 bytes.
11 RECEIVE 2700 1449449530865 

11 RECEIVE 2400 1449449544200 

[Reducer9]: Got 951496 bytes.
Awaiting simulation instructions...

Awaiting simulation instructions...

Awaiting simulation instructions...

Awaiting simulation instructions...

11 RECEIVE 2900 1449449559054 

[Reducer9]: Got 91136 bytes.
11 RECEIVE 3000 1449449573124 

[Reducer9]: Got 184232 bytes.
11 RECEIVE 3100 1449449589562 

[Reducer9]: Got 374520 bytes.
11 RECEIVE 2800 1449449604169 

[Reducer9]: Got 954392 bytes.
Awaiting simulation instructions...

Awaiting simulation instructions...

Awaiting simulation instructions...

Awaiting simulation instructions...

11 RECEIVE 3300 1449449618261 

[Reducer9]: Got 89512 bytes.
11 RECEIVE 3400 1449449633823 

[Reducer9]: Got 183384 bytes.
[Reducer9]: Got 376392 bytes.
11 RECEIVE 3500 1449449651111 

11 RECEIVE 3200 1449449664438 

[Reducer9]: Got 957288 bytes.
Awaiting simulation instructions...

Awaiting simulation instructions...

Awaiting simulation instructions...

Awaiting simulation instructions...

11 RECEIVE 3700 1449449680174 

[Reducer9]: Got 91136 bytes.
11 RECEIVE 3800 1449449694001 

[Reducer9]: Got 184232 bytes.
11 RECEIVE 3900 1449449711096 

[Reducer9]: Got 378264 bytes.
11 RECEIVE 3600 1449449718932 

[Reducer9]: Got 850312 bytes.
Awaiting simulation instructions...

Awaiting simulation instructions...

Awaiting simulation instructions...

Awaiting simulation instructions...

11 RECEIVE 4100 1449449738696 

[Reducer9]: Got 91136 bytes.
11 RECEIVE 4200 1449449752456 

[Reducer9]: Got 185256 bytes.
11 RECEIVE 4300 1449449768965 

[Reducer9]: Got 374520 bytes.
11 RECEIVE 4000 1449449785507 

[Reducer9]: Got 957288 bytes.
Slave finished all tasks and exited.
logger exit
