Awaiting simulation instructions...

Awaiting simulation instructions...

Awaiting simulation instructions...

Awaiting simulation instructions...

Awaiting simulation instructions...

2 RECEIVE 100 1449449137336 

[Reducer0]: Got 90112 bytes.
2 RECEIVE 200 1449449152114 

[Reducer0]: Got 183048 bytes.
2 RECEIVE 300 1449449163801 

[Reducer0]: Got 379712 bytes.
2 RECEIVE 0 1449449181604 

[Reducer0]: Got 957288 bytes.
Awaiting simulation instructions...

Awaiting simulation instructions...

Awaiting simulation instructions...

Awaiting simulation instructions...

2 RECEIVE 500 1449449199197 

[Reducer0]: Got 91560 bytes.
2 RECEIVE 600 1449449213331 

[Reducer0]: Got 186952 bytes.
2 RECEIVE 700 1449449230486 

[Reducer0]: Got 377416 bytes.
2 RECEIVE 400 1449449236863 

[Reducer0]: Got 955544 bytes.
Awaiting simulation instructions...

Awaiting simulation instructions...

Awaiting simulation instructions...

Awaiting simulation instructions...

2 RECEIVE 900 1449449257444 

[Reducer0]: Got 89512 bytes.
2 RECEIVE 1000 1449449273610 

[Reducer0]: Got 186104 bytes.
2 RECEIVE 1100 1449449290341 

[Reducer0]: Got 375368 bytes.
2 RECEIVE 800 1449449297960 

[Reducer0]: Got 958120 bytes.
Awaiting simulation instructions...

Awaiting simulation instructions...

Awaiting simulation instructions...

Awaiting simulation instructions...

2 RECEIVE 1300 1449449316067 

[Reducer0]: Got 89512 bytes.
2 RECEIVE 1400 1449449330624 

[Reducer0]: Got 185080 bytes.
2 RECEIVE 1500 1449449346796 

[Reducer0]: Got 378264 bytes.
2 RECEIVE 1200 1449449359041 

[Reducer0]: Got 957464 bytes.
Awaiting simulation instructions...

Awaiting simulation instructions...

Awaiting simulation instructions...

Awaiting simulation instructions...

2 RECEIVE 1700 1449449376944 

[Reducer0]: Got 89512 bytes.
2 RECEIVE 1800 1449449392380 

[Reducer0]: Got 186104 bytes.
2 RECEIVE 1900 1449449409109 

[Reducer0]: Got 377416 bytes.
2 RECEIVE 1600 1449449420314 

[Reducer0]: Got 957288 bytes.
Awaiting simulation instructions...

Awaiting simulation instructions...

Awaiting simulation instructions...

Awaiting simulation instructions...

2 RECEIVE 2100 1449449436905 

[Reducer0]: Got 89512 bytes.
2 RECEIVE 2200 1449449452117 

[Reducer0]: Got 185256 bytes.
2 RECEIVE 2300 1449449469619 

[Reducer0]: Got 377416 bytes.
2 RECEIVE 2000 1449449481108 

[Reducer0]: Got 958312 bytes.
Awaiting simulation instructions...

Awaiting simulation instructions...

Awaiting simulation instructions...

Awaiting simulation instructions...

2 RECEIVE 2500 1449449497150 

[Reducer0]: Got 89512 bytes.
2 RECEIVE 2600 1449449513100 

[Reducer0]: Got 184232 bytes.
[Reducer0]: Got 375368 bytes.
2 RECEIVE 2700 1449449530019 

2 RECEIVE 2400 1449449541165 

[Reducer0]: Got 958312 bytes.
Awaiting simulation instructions...

Awaiting simulation instructions...

Awaiting simulation instructions...

Awaiting simulation instructions...

2 RECEIVE 2900 1449449556990 

[Reducer0]: Got 89512 bytes.
2 RECEIVE 3000 1449449572440 

[Reducer0]: Got 185256 bytes.
2 RECEIVE 3100 1449449589169 

[Reducer0]: Got 373496 bytes.
2 RECEIVE 2800 1449449601447 

[Reducer0]: Got 958488 bytes.
Awaiting simulation instructions...

Awaiting simulation instructions...

Awaiting simulation instructions...

Awaiting simulation instructions...

2 RECEIVE 3300 1449449617620 

[Reducer0]: Got 89512 bytes.
2 RECEIVE 3400 1449449633163 

[Reducer0]: Got 185080 bytes.
2 RECEIVE 3500 1449449650255 

[Reducer0]: Got 375368 bytes.
2 RECEIVE 3200 1449449657380 

[Reducer0]: Got 958968 bytes.
Awaiting simulation instructions...

Awaiting simulation instructions...

Awaiting simulation instructions...

Awaiting simulation instructions...

2 RECEIVE 3700 1449449677827 

[Reducer0]: Got 89512 bytes.
2 RECEIVE 3800 1449449693148 

[Reducer0]: Got 184232 bytes.
2 RECEIVE 3900 1449449710556 

[Reducer0]: Got 377416 bytes.
2 RECEIVE 3600 1449449723555 

[Reducer0]: Got 955416 bytes.
Awaiting simulation instructions...

Awaiting simulation instructions...

Awaiting simulation instructions...

Awaiting simulation instructions...

2 RECEIVE 4100 1449449737213 

[Reducer0]: Got 89512 bytes.
2 RECEIVE 4200 1449449752032 

[Reducer0]: Got 185080 bytes.
2 RECEIVE 4300 1449449769446 

[Reducer0]: Got 378264 bytes.
2 RECEIVE 4000 1449449780729 

[Reducer0]: Got 922536 bytes.
Slave finished all tasks and exited.
logger exit
