Awaiting simulation instructions...

Awaiting simulation instructions...

Awaiting simulation instructions...

Awaiting simulation instructions...

Awaiting simulation instructions...

9 RECEIVE 100 1449449137997 

[Reducer7]: Got 90112 bytes.
9 RECEIVE 200 1449449149938 

[Reducer7]: Got 186704 bytes.
9 RECEIVE 300 1449449168664 

[Reducer7]: Got 370176 bytes.
9 RECEIVE 0 1449449183414 

[Reducer7]: Got 957304 bytes.
Awaiting simulation instructions...

Awaiting simulation instructions...

Awaiting simulation instructions...

Awaiting simulation instructions...

9 RECEIVE 500 1449449200524 

[Reducer7]: Got 90112 bytes.
9 RECEIVE 600 1449449214259 

[Reducer7]: Got 185256 bytes.
9 RECEIVE 700 1449449231343 

[Reducer7]: Got 377416 bytes.
9 RECEIVE 400 1449449242674 

[Reducer7]: Got 957040 bytes.
Awaiting simulation instructions...

Awaiting simulation instructions...

Awaiting simulation instructions...

Awaiting simulation instructions...

9 RECEIVE 900 1449449259395 

[Reducer7]: Got 91136 bytes.
9 RECEIVE 1000 1449449274284 

[Reducer7]: Got 184232 bytes.
9 RECEIVE 1100 1449449290937 

[Reducer7]: Got 378264 bytes.
9 RECEIVE 800 1449449298795 

[Reducer7]: Got 956600 bytes.
Awaiting simulation instructions...

Awaiting simulation instructions...

Awaiting simulation instructions...

Awaiting simulation instructions...

9 RECEIVE 1300 1449449319125 

[Reducer7]: Got 91136 bytes.
9 RECEIVE 1400 1449449331427 

[Reducer7]: Got 184232 bytes.
9 RECEIVE 1500 1449449347613 

[Reducer7]: Got 379288 bytes.
9 RECEIVE 1200 1449449360640 

[Reducer7]: Got 956440 bytes.
Awaiting simulation instructions...

Awaiting simulation instructions...

Awaiting simulation instructions...

Awaiting simulation instructions...

9 RECEIVE 1700 1449449379128 

[Reducer7]: Got 91136 bytes.
9 RECEIVE 1800 1449449393269 

[Reducer7]: Got 184232 bytes.
9 RECEIVE 1900 1449449409571 

[Reducer7]: Got 378264 bytes.
9 RECEIVE 1600 1449449418919 

[Reducer7]: Got 882168 bytes.
Awaiting simulation instructions...

Awaiting simulation instructions...

Awaiting simulation instructions...

Awaiting simulation instructions...

9 RECEIVE 2100 1449449438977 

[Reducer7]: Got 91136 bytes.
9 RECEIVE 2200 1449449452448 

[Reducer7]: Got 185256 bytes.
9 RECEIVE 2300 1449449470234 

[Reducer7]: Got 379288 bytes.
9 RECEIVE 2000 1449449484705 

[Reducer7]: Got 957288 bytes.
Awaiting simulation instructions...

Awaiting simulation instructions...

Awaiting simulation instructions...

Awaiting simulation instructions...

9 RECEIVE 2500 1449449499106 

[Reducer7]: Got 91136 bytes.
9 RECEIVE 2600 1449449512731 

[Reducer7]: Got 186280 bytes.
[Reducer7]: Got 375368 bytes.
9 RECEIVE 2700 1449449530596 

9 RECEIVE 2400 1449449544229 

[Reducer7]: Got 949624 bytes.
Awaiting simulation instructions...

Awaiting simulation instructions...

Awaiting simulation instructions...

Awaiting simulation instructions...

9 RECEIVE 2900 1449449557213 

[Reducer7]: Got 87040 bytes.
9 RECEIVE 3000 1449449572595 

[Reducer7]: Got 184232 bytes.
9 RECEIVE 3100 1449449590379 

[Reducer7]: Got 378264 bytes.
9 RECEIVE 2800 1449449601592 

[Reducer7]: Got 952696 bytes.
Awaiting simulation instructions...

Awaiting simulation instructions...

Awaiting simulation instructions...

Awaiting simulation instructions...

9 RECEIVE 3300 1449449620749 

[Reducer7]: Got 90112 bytes.
9 RECEIVE 3400 1449449633951 

[Reducer7]: Got 184232 bytes.
9 RECEIVE 3500 1449449651257 

[Reducer7]: Got 375368 bytes.
9 RECEIVE 3200 1449449662529 

[Reducer7]: Got 953720 bytes.
Awaiting simulation instructions...

Awaiting simulation instructions...

Awaiting simulation instructions...

Awaiting simulation instructions...

9 RECEIVE 3700 1449449679473 

[Reducer7]: Got 91136 bytes.
9 RECEIVE 3800 1449449694030 

[Reducer7]: Got 184232 bytes.
9 RECEIVE 3900 1449449710913 

[Reducer7]: Got 379288 bytes.
9 RECEIVE 3600 1449449723884 

[Reducer7]: Got 925432 bytes.
Awaiting simulation instructions...

Awaiting simulation instructions...

Awaiting simulation instructions...

Awaiting simulation instructions...

[Reducer7]: Got 91136 bytes.
9 RECEIVE 4100 1449449738752 

9 RECEIVE 4200 1449449752994 

[Reducer7]: Got 184232 bytes.
9 RECEIVE 4300 1449449770051 

[Reducer7]: Got 379288 bytes.
9 RECEIVE 4000 1449449784494 

[Reducer7]: Got 958488 bytes.
Slave finished all tasks and exited.
logger exit
