Awaiting simulation instructions...

Awaiting simulation instructions...

Awaiting simulation instructions...

Awaiting simulation instructions...

Awaiting simulation instructions...

6 RECEIVE 100 1449449134882 

[Reducer4]: Got 89352 bytes.
6 RECEIVE 200 1449449148079 

[Reducer4]: Got 186104 bytes.
6 RECEIVE 300 1449449163617 

[Reducer4]: Got 378864 bytes.
6 RECEIVE 0 1449449184320 

[Reducer4]: Got 955168 bytes.
Awaiting simulation instructions...

Awaiting simulation instructions...

Awaiting simulation instructions...

Awaiting simulation instructions...

6 RECEIVE 500 1449449199415 

[Reducer4]: Got 91136 bytes.
6 RECEIVE 600 1449449214143 

[Reducer4]: Got 184232 bytes.
6 RECEIVE 700 1449449230515 

[Reducer4]: Got 378264 bytes.
6 RECEIVE 400 1449449241792 

[Reducer4]: Got 958664 bytes.
Awaiting simulation instructions...

Awaiting simulation instructions...

Awaiting simulation instructions...

Awaiting simulation instructions...

6 RECEIVE 900 1449449258634 

[Reducer4]: Got 89512 bytes.
6 RECEIVE 1000 1449449273961 

[Reducer4]: Got 184232 bytes.
6 RECEIVE 1100 1449449290986 

[Reducer4]: Got 378264 bytes.
6 RECEIVE 800 1449449303683 

[Reducer4]: Got 956440 bytes.
Awaiting simulation instructions...

Awaiting simulation instructions...

Awaiting simulation instructions...

Awaiting simulation instructions...

6 RECEIVE 1300 1449449316764 

[Reducer4]: Got 89512 bytes.
6 RECEIVE 1400 1449449331300 

[Reducer4]: Got 184232 bytes.
6 RECEIVE 1500 1449449347096 

[Reducer4]: Got 379288 bytes.
6 RECEIVE 1200 1449449361834 

[Reducer4]: Got 955592 bytes.
Awaiting simulation instructions...

Awaiting simulation instructions...

Awaiting simulation instructions...

Awaiting simulation instructions...

6 RECEIVE 1700 1449449378006 

[Reducer4]: Got 89512 bytes.
6 RECEIVE 1800 1449449392331 

[Reducer4]: Got 185080 bytes.
6 RECEIVE 1900 1449449409426 

[Reducer4]: Got 378264 bytes.
6 RECEIVE 1600 1449449424669 

[Reducer4]: Got 955416 bytes.
Awaiting simulation instructions...

Awaiting simulation instructions...

Awaiting simulation instructions...

Awaiting simulation instructions...

6 RECEIVE 2100 1449449438470 

[Reducer4]: Got 90112 bytes.
6 RECEIVE 2200 1449449452638 

[Reducer4]: Got 185256 bytes.
6 RECEIVE 2300 1449449469648 

[Reducer4]: Got 378264 bytes.
6 RECEIVE 2000 1449449484172 

[Reducer4]: Got 953720 bytes.
Awaiting simulation instructions...

Awaiting simulation instructions...

Awaiting simulation instructions...

Awaiting simulation instructions...

6 RECEIVE 2500 1449449497972 

[Reducer4]: Got 89512 bytes.
6 RECEIVE 2600 1449449512644 

[Reducer4]: Got 185256 bytes.
6 RECEIVE 2700 1449449530519 

[Reducer4]: Got 376392 bytes.
6 RECEIVE 2400 1449449544626 

[Reducer4]: Got 955416 bytes.
Awaiting simulation instructions...

Awaiting simulation instructions...

Awaiting simulation instructions...

Awaiting simulation instructions...

6 RECEIVE 2900 1449449559358 

[Reducer4]: Got 91136 bytes.
6 RECEIVE 3000 1449449572989 

[Reducer4]: Got 184232 bytes.
6 RECEIVE 3100 1449449589774 

[Reducer4]: Got 378264 bytes.
6 RECEIVE 2800 1449449604100 

[Reducer4]: Got 951496 bytes.
Awaiting simulation instructions...

Awaiting simulation instructions...

Awaiting simulation instructions...

Awaiting simulation instructions...

6 RECEIVE 3300 1449449619947 

[Reducer4]: Got 90112 bytes.
6 RECEIVE 3400 1449449633539 

[Reducer4]: Got 184232 bytes.
6 RECEIVE 3500 1449449650620 

[Reducer4]: Got 377416 bytes.
6 RECEIVE 3200 1449449663120 

[Reducer4]: Got 949624 bytes.
Awaiting simulation instructions...

Awaiting simulation instructions...

Awaiting simulation instructions...

Awaiting simulation instructions...

6 RECEIVE 3700 1449449678048 

[Reducer4]: Got 89512 bytes.
6 RECEIVE 3800 1449449693521 

[Reducer4]: Got 181336 bytes.
6 RECEIVE 3900 1449449711314 

[Reducer4]: Got 379288 bytes.
6 RECEIVE 3600 1449449725354 

[Reducer4]: Got 955416 bytes.
Awaiting simulation instructions...

Awaiting simulation instructions...

Awaiting simulation instructions...

Awaiting simulation instructions...

6 RECEIVE 4100 1449449737906 

[Reducer4]: Got 89512 bytes.
6 RECEIVE 4200 1449449752368 

[Reducer4]: Got 185256 bytes.
6 RECEIVE 4300 1449449770089 

[Reducer4]: Got 379288 bytes.
6 RECEIVE 4000 1449449778975 

[Reducer4]: Got 869560 bytes.
Slave finished all tasks and exited.
logger exit
