Awaiting simulation instructions...

Awaiting simulation instructions...

Awaiting simulation instructions...

Awaiting simulation instructions...

Awaiting simulation instructions...

5 RECEIVE 100 1449449136441 

[Reducer3]: Got 89512 bytes.
5 RECEIVE 200 1449449149224 

[Reducer3]: Got 186968 bytes.
5 RECEIVE 300 1449449165545 

[Reducer3]: Got 373920 bytes.
5 RECEIVE 0 1449449179802 

[Reducer3]: Got 956280 bytes.
Awaiting simulation instructions...

Awaiting simulation instructions...

Awaiting simulation instructions...

Awaiting simulation instructions...

5 RECEIVE 500 1449449197926 

[Reducer3]: Got 90536 bytes.
5 RECEIVE 600 1449449213636 

[Reducer3]: Got 185256 bytes.
5 RECEIVE 700 1449449230783 

[Reducer3]: Got 377416 bytes.
5 RECEIVE 400 1449449243052 

[Reducer3]: Got 957112 bytes.
Awaiting simulation instructions...

Awaiting simulation instructions...

Awaiting simulation instructions...

Awaiting simulation instructions...

5 RECEIVE 900 1449449259674 

[Reducer3]: Got 91136 bytes.
5 RECEIVE 1000 1449449273748 

[Reducer3]: Got 184232 bytes.
5 RECEIVE 1100 1449449290696 

[Reducer3]: Got 378264 bytes.
5 RECEIVE 800 1449449302542 

[Reducer3]: Got 956440 bytes.
Awaiting simulation instructions...

Awaiting simulation instructions...

Awaiting simulation instructions...

Awaiting simulation instructions...

5 RECEIVE 1300 1449449318082 

[Reducer3]: Got 91136 bytes.
5 RECEIVE 1400 1449449330918 

[Reducer3]: Got 184056 bytes.
[Reducer3]: Got 376392 bytes.
5 RECEIVE 1500 1449449346431 

5 RECEIVE 1200 1449449358537 

[Reducer3]: Got 873056 bytes.
Awaiting simulation instructions...

Awaiting simulation instructions...

Awaiting simulation instructions...

Awaiting simulation instructions...

5 RECEIVE 1800 1449449392772 

[Reducer3]: Got 184232 bytes.
5 RECEIVE 1900 1449449409186 

[Reducer3]: Got 378264 bytes.
5 RECEIVE 1700 1449449411668 

[Reducer3]: Got 91824 bytes.
5 RECEIVE 1600 1449449423719 

[Reducer3]: Got 954568 bytes.
Awaiting simulation instructions...

Awaiting simulation instructions...

Awaiting simulation instructions...

Awaiting simulation instructions...

5 RECEIVE 2100 1449449438584 

[Reducer3]: Got 90112 bytes.
5 RECEIVE 2200 1449449453029 

[Reducer3]: Got 185256 bytes.
5 RECEIVE 2300 1449449469417 

[Reducer3]: Got 376392 bytes.
5 RECEIVE 2000 1449449484424 

[Reducer3]: Got 952520 bytes.
Awaiting simulation instructions...

Awaiting simulation instructions...

Awaiting simulation instructions...

Awaiting simulation instructions...

5 RECEIVE 2500 1449449497327 

[Reducer3]: Got 88488 bytes.
5 RECEIVE 2600 1449449512838 

[Reducer3]: Got 184232 bytes.
5 RECEIVE 2700 1449449530192 

[Reducer3]: Got 378264 bytes.
5 RECEIVE 2400 1449449539633 

[Reducer3]: Got 926632 bytes.
Awaiting simulation instructions...

Awaiting simulation instructions...

Awaiting simulation instructions...

Awaiting simulation instructions...

5 RECEIVE 2900 1449449558904 

[Reducer3]: Got 91136 bytes.
5 RECEIVE 3000 1449449572226 

[Reducer3]: Got 185256 bytes.
5 RECEIVE 3100 1449449589927 

[Reducer3]: Got 378264 bytes.
5 RECEIVE 2800 1449449600594 

[Reducer3]: Got 959336 bytes.
Awaiting simulation instructions...

Awaiting simulation instructions...

Awaiting simulation instructions...

Awaiting simulation instructions...

5 RECEIVE 3300 1449449617896 

[Reducer3]: Got 89512 bytes.
5 RECEIVE 3400 1449449633674 

[Reducer3]: Got 184232 bytes.
[Reducer3]: Got 376392 bytes.
5 RECEIVE 3500 1449449650408 

5 RECEIVE 3200 1449449664419 

[Reducer3]: Got 956440 bytes.
Awaiting simulation instructions...

Awaiting simulation instructions...

Awaiting simulation instructions...

Awaiting simulation instructions...

5 RECEIVE 3700 1449449677847 

[Reducer3]: Got 89512 bytes.
5 RECEIVE 3800 1449449693472 

[Reducer3]: Got 183384 bytes.
5 RECEIVE 3900 1449449710337 

[Reducer3]: Got 376392 bytes.
5 RECEIVE 3600 1449449720588 

[Reducer3]: Got 957624 bytes.
Awaiting simulation instructions...

Awaiting simulation instructions...

Awaiting simulation instructions...

Awaiting simulation instructions...

5 RECEIVE 4200 1449449752651 

[Reducer3]: Got 185256 bytes.
[Reducer3]: Got 378264 bytes.
5 RECEIVE 4300 1449449769753 

5 RECEIVE 4100 1449449771589 

[Reducer3]: Got 92848 bytes.
5 RECEIVE 4000 1449449780952 

[Reducer3]: Got 957288 bytes.
Slave finished all tasks and exited.
logger exit
