Awaiting simulation instructions...

Awaiting simulation instructions...

Awaiting simulation instructions...

Awaiting simulation instructions...

Awaiting simulation instructions...

7 RECEIVE 100 1449449138303 

[Reducer5]: Got 89352 bytes.
7 RECEIVE 200 1449449149543 

[Reducer5]: Got 185944 bytes.
7 RECEIVE 300 1449449164389 

[Reducer5]: Got 374944 bytes.
7 RECEIVE 0 1449449181450 

[Reducer5]: Got 957288 bytes.
Awaiting simulation instructions...

Awaiting simulation instructions...

Awaiting simulation instructions...

Awaiting simulation instructions...

7 RECEIVE 500 1449449199575 

[Reducer5]: Got 90112 bytes.
7 RECEIVE 600 1449449214104 

[Reducer5]: Got 184232 bytes.
[Reducer5]: Got 377416 bytes.
7 RECEIVE 700 1449449231112 

7 RECEIVE 400 1449449242247 

[Reducer5]: Got 958064 bytes.
Awaiting simulation instructions...

Awaiting simulation instructions...

Awaiting simulation instructions...

Awaiting simulation instructions...

7 RECEIVE 900 1449449259204 

[Reducer5]: Got 91136 bytes.
7 RECEIVE 1000 1449449274137 

[Reducer5]: Got 184232 bytes.
7 RECEIVE 1100 1449449290860 

[Reducer5]: Got 378264 bytes.
7 RECEIVE 800 1449449303220 

[Reducer5]: Got 950488 bytes.
Awaiting simulation instructions...

Awaiting simulation instructions...

Awaiting simulation instructions...

Awaiting simulation instructions...

7 RECEIVE 1300 1449449318627 

[Reducer5]: Got 91136 bytes.
7 RECEIVE 1400 1449449331457 

[Reducer5]: Got 184232 bytes.
7 RECEIVE 1500 1449449347048 

[Reducer5]: Got 379288 bytes.
7 RECEIVE 1200 1449449361805 

[Reducer5]: Got 956440 bytes.
Awaiting simulation instructions...

Awaiting simulation instructions...

Awaiting simulation instructions...

Awaiting simulation instructions...

7 RECEIVE 1700 1449449378704 

[Reducer5]: Got 91136 bytes.
7 RECEIVE 1800 1449449392840 

[Reducer5]: Got 185256 bytes.
7 RECEIVE 1900 1449449409513 

[Reducer5]: Got 379288 bytes.
7 RECEIVE 1600 1449449424941 

[Reducer5]: Got 954392 bytes.
Awaiting simulation instructions...

Awaiting simulation instructions...

Awaiting simulation instructions...

Awaiting simulation instructions...

7 RECEIVE 2100 1449449439525 

[Reducer5]: Got 91136 bytes.
7 RECEIVE 2200 1449449453088 

[Reducer5]: Got 185256 bytes.
7 RECEIVE 2300 1449449470128 

[Reducer5]: Got 378264 bytes.
7 RECEIVE 2000 1449449481757 

[Reducer5]: Got 952696 bytes.
Awaiting simulation instructions...

Awaiting simulation instructions...

Awaiting simulation instructions...

Awaiting simulation instructions...

7 RECEIVE 2500 1449449498127 

[Reducer5]: Got 89512 bytes.
7 RECEIVE 2600 1449449512927 

[Reducer5]: Got 185256 bytes.
7 RECEIVE 2700 1449449531020 

[Reducer5]: Got 379288 bytes.
7 RECEIVE 2400 1449449544461 

[Reducer5]: Got 957288 bytes.
Awaiting simulation instructions...

Awaiting simulation instructions...

Awaiting simulation instructions...

Awaiting simulation instructions...

7 RECEIVE 2900 1449449558979 

[Reducer5]: Got 91136 bytes.
7 RECEIVE 3000 1449449573018 

[Reducer5]: Got 183384 bytes.
7 RECEIVE 3100 1449449589533 

[Reducer5]: Got 378264 bytes.
7 RECEIVE 2800 1449449605023 

[Reducer5]: Got 955416 bytes.
Awaiting simulation instructions...

Awaiting simulation instructions...

Awaiting simulation instructions...

Awaiting simulation instructions...

7 RECEIVE 3300 1449449619994 

[Reducer5]: Got 90112 bytes.
7 RECEIVE 3400 1449449633450 

[Reducer5]: Got 185256 bytes.
7 RECEIVE 3500 1449449651422 

[Reducer5]: Got 379288 bytes.
7 RECEIVE 3200 1449449664497 

[Reducer5]: Got 952520 bytes.
Awaiting simulation instructions...

Awaiting simulation instructions...

Awaiting simulation instructions...

Awaiting simulation instructions...

7 RECEIVE 3700 1449449679053 

[Reducer5]: Got 91136 bytes.
7 RECEIVE 3800 1449449693647 

[Reducer5]: Got 183384 bytes.
7 RECEIVE 3900 1449449711391 

[Reducer5]: Got 379288 bytes.
7 RECEIVE 3600 1449449725189 

[Reducer5]: Got 954392 bytes.
Awaiting simulation instructions...

Awaiting simulation instructions...

Awaiting simulation instructions...

Awaiting simulation instructions...

7 RECEIVE 4100 1449449740035 

[Reducer5]: Got 91136 bytes.
7 RECEIVE 4200 1449449752408 

[Reducer5]: Got 184232 bytes.
7 RECEIVE 4000 1449449782931 

[Reducer5]: Got 954392 bytes.
7 RECEIVE 4300 1449449785095 

[Reducer5]: Got 383384 bytes.
Slave finished all tasks and exited.
logger exit
