Awaiting simulation instructions...

Awaiting simulation instructions...

Awaiting simulation instructions...

Awaiting simulation instructions...

Awaiting simulation instructions...

8 RECEIVE 100 1449449134146 

[Reducer6]: Got 88488 bytes.
8 RECEIVE 200 1449449150715 

[Reducer6]: Got 186704 bytes.
8 RECEIVE 300 1449449160796 

[Reducer6]: Got 378088 bytes.
8 RECEIVE 0 1449449184082 

[Reducer6]: Got 957040 bytes.
Awaiting simulation instructions...

Awaiting simulation instructions...

Awaiting simulation instructions...

Awaiting simulation instructions...

8 RECEIVE 500 1449449199745 

[Reducer6]: Got 90112 bytes.
8 RECEIVE 600 1449449214308 

[Reducer6]: Got 184232 bytes.
8 RECEIVE 700 1449449231448 

[Reducer6]: Got 374520 bytes.
8 RECEIVE 400 1449449242586 

[Reducer6]: Got 957112 bytes.
Awaiting simulation instructions...

Awaiting simulation instructions...

Awaiting simulation instructions...

Awaiting simulation instructions...

8 RECEIVE 900 1449449258395 

[Reducer6]: Got 89512 bytes.
8 RECEIVE 1000 1449449273932 

[Reducer6]: Got 184232 bytes.
8 RECEIVE 1100 1449449290899 

[Reducer6]: Got 378264 bytes.
8 RECEIVE 800 1449449299639 

[Reducer6]: Got 957624 bytes.
Awaiting simulation instructions...

Awaiting simulation instructions...

Awaiting simulation instructions...

Awaiting simulation instructions...

8 RECEIVE 1300 1449449319108 

[Reducer6]: Got 91136 bytes.
8 RECEIVE 1500 1449449346239 

[Reducer6]: Got 376392 bytes.
8 RECEIVE 1400 1449449355128 

[Reducer6]: Got 187480 bytes.
8 RECEIVE 1200 1449449364258 

[Reducer6]: Got 961560 bytes.
Awaiting simulation instructions...

Awaiting simulation instructions...

Awaiting simulation instructions...

Awaiting simulation instructions...

8 RECEIVE 1700 1449449379146 

[Reducer6]: Got 91136 bytes.
8 RECEIVE 1800 1449449393572 

[Reducer6]: Got 184232 bytes.
8 RECEIVE 1900 1449449408887 

[Reducer6]: Got 377416 bytes.
8 RECEIVE 1600 1449449422177 

[Reducer6]: Got 958488 bytes.
Awaiting simulation instructions...

Awaiting simulation instructions...

Awaiting simulation instructions...

Awaiting simulation instructions...

8 RECEIVE 2100 1449449436924 

[Reducer6]: Got 89512 bytes.
8 RECEIVE 2200 1449449452558 

[Reducer6]: Got 186280 bytes.
8 RECEIVE 2300 1449449470060 

[Reducer6]: Got 379288 bytes.
8 RECEIVE 2000 1449449484686 

[Reducer6]: Got 957288 bytes.
Awaiting simulation instructions...

Awaiting simulation instructions...

Awaiting simulation instructions...

Awaiting simulation instructions...

8 RECEIVE 2500 1449449498483 

[Reducer6]: Got 89512 bytes.
8 RECEIVE 2600 1449449512760 

[Reducer6]: Got 186280 bytes.
8 RECEIVE 2700 1449449530788 

[Reducer6]: Got 378264 bytes.
8 RECEIVE 2400 1449449544277 

[Reducer6]: Got 954392 bytes.
Awaiting simulation instructions...

Awaiting simulation instructions...

Awaiting simulation instructions...

Awaiting simulation instructions...

8 RECEIVE 2900 1449449559664 

[Reducer6]: Got 91136 bytes.
8 RECEIVE 3000 1449449572557 

[Reducer6]: Got 184232 bytes.
8 RECEIVE 3100 1449449590022 

[Reducer6]: Got 378264 bytes.
8 RECEIVE 2800 1449449604732 

[Reducer6]: Got 956440 bytes.
Awaiting simulation instructions...

Awaiting simulation instructions...

Awaiting simulation instructions...

Awaiting simulation instructions...

8 RECEIVE 3300 1449449619758 

[Reducer6]: Got 90112 bytes.
8 RECEIVE 3400 1449449634211 

[Reducer6]: Got 181336 bytes.
8 RECEIVE 3500 1449449651034 

[Reducer6]: Got 377416 bytes.
8 RECEIVE 3200 1449449664458 

[Reducer6]: Got 952520 bytes.
Awaiting simulation instructions...

Awaiting simulation instructions...

Awaiting simulation instructions...

Awaiting simulation instructions...

8 RECEIVE 3700 1449449678978 

[Reducer6]: Got 91136 bytes.
8 RECEIVE 3800 1449449693579 

[Reducer6]: Got 183384 bytes.
8 RECEIVE 3900 1449449710797 

[Reducer6]: Got 378264 bytes.
8 RECEIVE 3600 1449449724752 

[Reducer6]: Got 956440 bytes.
Awaiting simulation instructions...

Awaiting simulation instructions...

Awaiting simulation instructions...

Awaiting simulation instructions...

8 RECEIVE 4100 1449449738846 

[Reducer6]: Got 91136 bytes.
8 RECEIVE 4200 1449449752798 

[Reducer6]: Got 183384 bytes.
8 RECEIVE 4300 1449449769042 

[Reducer6]: Got 375368 bytes.
8 RECEIVE 4000 1449449784367 

[Reducer6]: Got 958312 bytes.
Slave finished all tasks and exited.
logger exit
