Awaiting simulation instructions...

Awaiting simulation instructions...

Awaiting simulation instructions...

10 RECEIVE 100 1449434828793 

[Reducer8]: Got 88680 bytes.
[Reducer8]: Got 185944 bytes.
10 RECEIVE 0 1449434834006 

Awaiting simulation instructions...

Awaiting simulation instructions...

10 RECEIVE 300 1449434874592 

[Reducer8]: Got 91560 bytes.
10 RECEIVE 200 1449434875145 

[Reducer8]: Got 185944 bytes.
Awaiting simulation instructions...

Awaiting simulation instructions...

10 RECEIVE 500 1449434913926 

[Reducer8]: Got 91560 bytes.
10 RECEIVE 400 1449434915327 

[Reducer8]: Got 186104 bytes.
Awaiting simulation instructions...

Awaiting simulation instructions...

10 RECEIVE 700 1449434954617 

[Reducer8]: Got 91560 bytes.
10 RECEIVE 600 1449434955638 

[Reducer8]: Got 186280 bytes.
Awaiting simulation instructions...

Awaiting simulation instructions...

10 RECEIVE 900 1449434995408 

[Reducer8]: Got 91560 bytes.
10 RECEIVE 800 1449434996044 

[Reducer8]: Got 186280 bytes.
Awaiting simulation instructions...

Awaiting simulation instructions...

10 RECEIVE 1000 1449435034277 

[Reducer8]: Got 185944 bytes.
10 RECEIVE 1100 1449435036332 

[Reducer8]: Got 91136 bytes.
Awaiting simulation instructions...

Awaiting simulation instructions...

10 RECEIVE 1300 1449435075072 

[Reducer8]: Got 91560 bytes.
10 RECEIVE 1200 1449435076513 

[Reducer8]: Got 184920 bytes.
Awaiting simulation instructions...

Awaiting simulation instructions...

10 RECEIVE 1500 1449435116362 

[Reducer8]: Got 91560 bytes.
10 RECEIVE 1400 1449435116523 

[Reducer8]: Got 185944 bytes.
Awaiting simulation instructions...

Awaiting simulation instructions...

10 RECEIVE 1600 1449435154179 

[Reducer8]: Got 186280 bytes.
10 RECEIVE 1700 1449435156384 

[Reducer8]: Got 91560 bytes.
Awaiting simulation instructions...

Awaiting simulation instructions...

10 RECEIVE 1800 1449435194131 

[Reducer8]: Got 185944 bytes.
10 RECEIVE 1900 1449435195656 

[Reducer8]: Got 91560 bytes.
Awaiting simulation instructions...

Awaiting simulation instructions...

10 RECEIVE 2000 1449435234707 

[Reducer8]: Got 185944 bytes.
10 RECEIVE 2100 1449435236714 

[Reducer8]: Got 91560 bytes.
Slave finished all tasks and exited.
logger exit
