8 RECEIVE 100 1449458058772 
8 RECEIVE 0 1449458088737 
8 RECEIVE 300 1449458101997 
8 RECEIVE 200 1449458127017 
8 RECEIVE 500 1449458142679 
8 RECEIVE 400 1449458168936 
8 RECEIVE 700 1449458183635 
8 RECEIVE 600 1449458207355 
8 RECEIVE 900 1449458224153 
8 RECEIVE 800 1449458245972 
8 RECEIVE 1100 1449458263889 
8 RECEIVE 1000 1449458288497 
8 RECEIVE 1300 1449458304235 
8 RECEIVE 1200 1449458325959 
8 RECEIVE 1500 1449458344358 
8 RECEIVE 1400 1449458367889 
8 RECEIVE 1700 1449458383682 
8 RECEIVE 1600 1449458409667 
8 RECEIVE 1900 1449458423315 
8 RECEIVE 1800 1449458450661 
8 RECEIVE 2100 1449458464244 
8 RECEIVE 2000 1449458484139 
