4 RECEIVE 100 1449458058864 
4 RECEIVE 0 1449458088156 
4 RECEIVE 300 1449458101417 
4 RECEIVE 200 1449458127172 
4 RECEIVE 500 1449458141988 
4 RECEIVE 400 1449458165901 
4 RECEIVE 700 1449458182481 
4 RECEIVE 600 1449458204457 
4 RECEIVE 900 1449458222683 
4 RECEIVE 800 1449458244615 
4 RECEIVE 1100 1449458263688 
4 RECEIVE 1000 1449458287200 
4 RECEIVE 1300 1449458302753 
4 RECEIVE 1200 1449458329544 
4 RECEIVE 1500 1449458343788 
4 RECEIVE 1400 1449458364112 
4 RECEIVE 1700 1449458382930 
4 RECEIVE 1600 1449458408976 
4 RECEIVE 1900 1449458424057 
4 RECEIVE 1800 1449458443754 
4 RECEIVE 2100 1449458462915 
4 RECEIVE 2000 1449458490103 
