1 SEND 100 1449458052530 
1 SEND 0 1449458052533 
1 SEND 100 1449458052533 
1 SEND 0 1449458052533 
1 SEND 0 1449458052533 
1 SEND 100 1449458052533 
1 SEND 100 1449458052537 
1 SEND 0 1449458052541 
1 SEND 0 1449458052541 
1 SEND 100 1449458052541 
1 SEND 100 1449458052541 
1 SEND 0 1449458052542 
1 SEND 100 1449458052545 
1 SEND 0 1449458052545 
1 SEND 0 1449458052545 
1 SEND 100 1449458052545 
1 SEND 100 1449458052547 
1 SEND 0 1449458052547 
1 SEND 100 1449458052547 
1 SEND 0 1449458052548 
1 SEND 200 1449458092576 
1 SEND 200 1449458092576 
1 SEND 200 1449458092580 
1 SEND 200 1449458092580 
1 SEND 200 1449458092580 
1 SEND 200 1449458092585 
1 SEND 200 1449458092654 
1 SEND 200 1449458092660 
1 SEND 200 1449458092664 
1 SEND 200 1449458092804 
1 SEND 300 1449458093630 
1 SEND 300 1449458093630 
1 SEND 300 1449458093630 
1 SEND 300 1449458093630 
1 SEND 300 1449458093631 
1 SEND 300 1449458093633 
1 SEND 300 1449458093633 
1 SEND 300 1449458093633 
1 SEND 300 1449458093634 
1 SEND 300 1449458093634 
1 SEND 400 1449458132714 
1 SEND 400 1449458132714 
1 SEND 400 1449458132714 
1 SEND 400 1449458132717 
1 SEND 400 1449458132852 
1 SEND 400 1449458132863 
1 SEND 400 1449458132864 
1 SEND 400 1449458132864 
1 SEND 400 1449458132866 
1 SEND 400 1449458132866 
1 SEND 500 1449458133845 
1 SEND 500 1449458133845 
1 SEND 500 1449458133846 
1 SEND 500 1449458133846 
1 SEND 500 1449458133846 
1 SEND 500 1449458133849 
1 SEND 500 1449458133849 
1 SEND 500 1449458133852 
1 SEND 500 1449458133852 
1 SEND 500 1449458133852 
1 SEND 600 1449458172830 
1 SEND 600 1449458172830 
1 SEND 600 1449458172832 
1 SEND 600 1449458172833 
1 SEND 600 1449458172833 
1 SEND 600 1449458172834 
1 SEND 600 1449458172836 
1 SEND 600 1449458173129 
1 SEND 600 1449458173134 
1 SEND 700 1449458174054 
1 SEND 700 1449458174054 
1 SEND 700 1449458174056 
1 SEND 700 1449458174056 
1 SEND 700 1449458174056 
1 SEND 700 1449458174058 
1 SEND 700 1449458174058 
1 SEND 700 1449458174058 
1 SEND 700 1449458174058 
1 SEND 700 1449458174058 
1 SEND 600 1449458175234 
1 SEND 800 1449458212946 
1 SEND 800 1449458212946 
1 SEND 800 1449458212948 
1 SEND 800 1449458212948 
1 SEND 800 1449458212949 
1 SEND 800 1449458213154 
1 SEND 800 1449458213156 
1 SEND 800 1449458213201 
1 SEND 800 1449458213203 
1 SEND 800 1449458213204 
1 SEND 900 1449458214157 
1 SEND 900 1449458214162 
1 SEND 900 1449458214163 
1 SEND 900 1449458214163 
1 SEND 900 1449458214163 
1 SEND 900 1449458214163 
1 SEND 900 1449458214163 
1 SEND 900 1449458214164 
1 SEND 900 1449458214164 
1 SEND 900 1449458214180 
1 SEND 1000 1449458253056 
1 SEND 1000 1449458253056 
1 SEND 1000 1449458253057 
1 SEND 1000 1449458253058 
1 SEND 1000 1449458253061 
1 SEND 1000 1449458253062 
1 SEND 1000 1449458253264 
1 SEND 1000 1449458253264 
1 SEND 1000 1449458253266 
1 SEND 1000 1449458253354 
1 SEND 1100 1449458254365 
1 SEND 1100 1449458254365 
1 SEND 1100 1449458254373 
1 SEND 1100 1449458254373 
1 SEND 1100 1449458254373 
1 SEND 1100 1449458254373 
1 SEND 1100 1449458254374 
1 SEND 1100 1449458254374 
1 SEND 1100 1449458254374 
1 SEND 1100 1449458254390 
1 SEND 1200 1449458293166 
1 SEND 1200 1449458293169 
1 SEND 1200 1449458293171 
1 SEND 1200 1449458293172 
1 SEND 1200 1449458293172 
1 SEND 1200 1449458293181 
1 SEND 1200 1449458293213 
1 SEND 1200 1449458293235 
1 SEND 1200 1449458293235 
1 SEND 1200 1449458293433 
1 SEND 1300 1449458294457 
1 SEND 1300 1449458294457 
1 SEND 1300 1449458294460 
1 SEND 1300 1449458294460 
1 SEND 1300 1449458294460 
1 SEND 1300 1449458294462 
1 SEND 1300 1449458294462 
1 SEND 1300 1449458294462 
1 SEND 1300 1449458294463 
1 SEND 1300 1449458294463 
1 SEND 1400 1449458333273 
1 SEND 1400 1449458333273 
1 SEND 1400 1449458333274 
1 SEND 1400 1449458333274 
1 SEND 1400 1449458333275 
1 SEND 1400 1449458333275 
1 SEND 1400 1449458333275 
1 SEND 1400 1449458333276 
1 SEND 1400 1449458333606 
1 SEND 1400 1449458333658 
1 SEND 1500 1449458334742 
1 SEND 1500 1449458334742 
1 SEND 1500 1449458334742 
1 SEND 1500 1449458334742 
1 SEND 1500 1449458334744 
1 SEND 1500 1449458334745 
1 SEND 1500 1449458334745 
1 SEND 1500 1449458334746 
1 SEND 1500 1449458334746 
1 SEND 1500 1449458334747 
1 SEND 1600 1449458373382 
1 SEND 1600 1449458373382 
1 SEND 1600 1449458373382 
1 SEND 1600 1449458373383 
1 SEND 1600 1449458373383 
1 SEND 1600 1449458373384 
1 SEND 1600 1449458373384 
1 SEND 1600 1449458373385 
1 SEND 1600 1449458373387 
1 SEND 1600 1449458373387 
1 SEND 1700 1449458374866 
1 SEND 1700 1449458374866 
1 SEND 1700 1449458374868 
1 SEND 1700 1449458374868 
1 SEND 1700 1449458374868 
1 SEND 1700 1449458374868 
1 SEND 1700 1449458374868 
1 SEND 1700 1449458374868 
1 SEND 1700 1449458374870 
1 SEND 1700 1449458374873 
1 SEND 1800 1449458413464 
1 SEND 1800 1449458413465 
1 SEND 1800 1449458413465 
1 SEND 1800 1449458413467 
1 SEND 1800 1449458413469 
1 SEND 1800 1449458413626 
1 SEND 1800 1449458413626 
1 SEND 1800 1449458413626 
1 SEND 1800 1449458413648 
1 SEND 1800 1449458413671 
1 SEND 1900 1449458414707 
1 SEND 1900 1449458414707 
1 SEND 1900 1449458414710 
1 SEND 1900 1449458414710 
1 SEND 1900 1449458414710 
1 SEND 1900 1449458414710 
1 SEND 1900 1449458414710 
1 SEND 1900 1449458414710 
1 SEND 1900 1449458414712 
1 SEND 1900 1449458414720 
1 SEND 2000 1449458453563 
1 SEND 2000 1449458453563 
1 SEND 2000 1449458453563 
1 SEND 2000 1449458453566 
1 SEND 2000 1449458453566 
1 SEND 2000 1449458453569 
1 SEND 2000 1449458453723 
1 SEND 2000 1449458453724 
1 SEND 2000 1449458453724 
1 SEND 2000 1449458453828 
1 SEND 2100 1449458454853 
1 SEND 2100 1449458454853 
1 SEND 2100 1449458454854 
1 SEND 2100 1449458454854 
1 SEND 2100 1449458454856 
1 SEND 2100 1449458454859 
1 SEND 2100 1449458454859 
1 SEND 2100 1449458454859 
1 SEND 2100 1449458454859 
1 SEND 2100 1449458454875 
