11 RECEIVE 100 1449458057975 
11 RECEIVE 0 1449458087787 
11 RECEIVE 300 1449458102062 
11 RECEIVE 200 1449458127618 
11 RECEIVE 500 1449458142822 
11 RECEIVE 400 1449458169275 
11 RECEIVE 700 1449458183890 
11 RECEIVE 600 1449458210351 
11 RECEIVE 900 1449458223651 
11 RECEIVE 800 1449458249807 
11 RECEIVE 1100 1449458263164 
11 RECEIVE 1000 1449458289641 
11 RECEIVE 1300 1449458304181 
11 RECEIVE 1200 1449458325620 
11 RECEIVE 1500 1449458343948 
11 RECEIVE 1400 1449458370810 
11 RECEIVE 1700 1449458384327 
11 RECEIVE 1600 1449458407146 
11 RECEIVE 1900 1449458423640 
11 RECEIVE 1800 1449458448343 
11 RECEIVE 2100 1449458464072 
11 RECEIVE 2000 1449458489271 
