5 RECEIVE 100 1449458056972 
5 RECEIVE 0 1449458089377 
5 RECEIVE 300 1449458101897 
5 RECEIVE 200 1449458128482 
5 RECEIVE 500 1449458142390 
5 RECEIVE 400 1449458168092 
5 RECEIVE 700 1449458182546 
5 RECEIVE 600 1449458204797 
5 RECEIVE 900 1449458223035 
5 RECEIVE 800 1449458244983 
5 RECEIVE 1100 1449458264107 
5 RECEIVE 1000 1449458284032 
5 RECEIVE 1300 1449458302770 
5 RECEIVE 1200 1449458329864 
5 RECEIVE 1500 1449458344302 
5 RECEIVE 1400 1449458364433 
5 RECEIVE 1700 1449458383015 
5 RECEIVE 1600 1449458409296 
5 RECEIVE 1900 1449458422881 
5 RECEIVE 1800 1449458444113 
5 RECEIVE 2100 1449458463126 
5 RECEIVE 2000 1449458486911 
