3 RECEIVE 100 1449458057369 
3 RECEIVE 0 1449458087244 
3 RECEIVE 300 1449458102118 
3 RECEIVE 200 1449458129004 
3 RECEIVE 500 1449458141394 
3 RECEIVE 400 1449458162343 
3 RECEIVE 700 1449458182718 
3 RECEIVE 600 1449458204059 
3 RECEIVE 900 1449458224325 
3 RECEIVE 800 1449458244255 
3 RECEIVE 1100 1449458262567 
3 RECEIVE 1000 1449458284382 
3 RECEIVE 1300 1449458304086 
3 RECEIVE 1200 1449458327306 
3 RECEIVE 1500 1449458343559 
3 RECEIVE 1400 1449458367560 
3 RECEIVE 1700 1449458384179 
3 RECEIVE 1600 1449458405304 
3 RECEIVE 1900 1449458422537 
3 RECEIVE 1800 1449458449691 
3 RECEIVE 2100 1449458463162 
3 RECEIVE 2000 1449458487279 
