Awaiting simulation instructions...

Awaiting simulation instructions...

Awaiting simulation instructions...

Awaiting simulation instructions...

Awaiting simulation instructions...

10 RECEIVE 100 1449452456797 

[Reducer8]: Got 89352 bytes.
10 RECEIVE 200 1449452465814 

[Reducer8]: Got 184072 bytes.
10 RECEIVE 300 1449452479365 

[Reducer8]: Got 376056 bytes.
10 RECEIVE 0 1449452499627 

[Reducer8]: Got 956440 bytes.
Awaiting simulation instructions...

Awaiting simulation instructions...

Awaiting simulation instructions...

Awaiting simulation instructions...

10 RECEIVE 500 1449452517519 

[Reducer8]: Got 90112 bytes.
10 RECEIVE 600 1449452531054 

[Reducer8]: Got 185256 bytes.
10 RECEIVE 700 1449452548042 

[Reducer8]: Got 377416 bytes.
10 RECEIVE 400 1449452560883 

[Reducer8]: Got 954408 bytes.
Awaiting simulation instructions...

Awaiting simulation instructions...

Awaiting simulation instructions...

Awaiting simulation instructions...

10 RECEIVE 900 1449452576330 

[Reducer8]: Got 91136 bytes.
10 RECEIVE 1000 1449452590222 

[Reducer8]: Got 184232 bytes.
10 RECEIVE 1100 1449452607551 

[Reducer8]: Got 378264 bytes.
10 RECEIVE 800 1449452620856 

[Reducer8]: Got 955592 bytes.
Awaiting simulation instructions...

Awaiting simulation instructions...

Awaiting simulation instructions...

Awaiting simulation instructions...

10 RECEIVE 1400 1449452636937 

[Reducer8]: Got 91136 bytes.
10 RECEIVE 1300 1449452637306 

[Reducer8]: Got 91136 bytes.
10 RECEIVE 1500 1449452665869 

[Reducer8]: Got 374944 bytes.
10 RECEIVE 1200 1449452673572 

[Reducer8]: Got 956776 bytes.
Awaiting simulation instructions...

Awaiting simulation instructions...

Awaiting simulation instructions...

Awaiting simulation instructions...

10 RECEIVE 1700 1449452695134 

[Reducer8]: Got 89512 bytes.
10 RECEIVE 1800 1449452710500 

[Reducer8]: Got 185256 bytes.
10 RECEIVE 1900 1449452727398 

[Reducer8]: Got 379288 bytes.
10 RECEIVE 1600 1449452740867 

[Reducer8]: Got 956440 bytes.
Awaiting simulation instructions...

Awaiting simulation instructions...

Awaiting simulation instructions...

Awaiting simulation instructions...

10 RECEIVE 2100 1449452756302 

[Reducer8]: Got 89512 bytes.
10 RECEIVE 2200 1449452771282 

[Reducer8]: Got 185256 bytes.
10 RECEIVE 2300 1449452787349 

[Reducer8]: Got 378264 bytes.
10 RECEIVE 2000 1449452795858 

[Reducer8]: Got 956600 bytes.
Awaiting simulation instructions...

Awaiting simulation instructions...

Awaiting simulation instructions...

Awaiting simulation instructions...

10 RECEIVE 2500 1449452814582 

[Reducer8]: Got 89512 bytes.
10 RECEIVE 2600 1449452830129 

[Reducer8]: Got 185256 bytes.
10 RECEIVE 2700 1449452846727 

[Reducer8]: Got 379288 bytes.
10 RECEIVE 2400 1449452861145 

[Reducer8]: Got 954568 bytes.
Awaiting simulation instructions...

Awaiting simulation instructions...

Awaiting simulation instructions...

Awaiting simulation instructions...

10 RECEIVE 2900 1449452877983 

[Reducer8]: Got 91136 bytes.
10 RECEIVE 3000 1449452891513 

[Reducer8]: Got 184232 bytes.
10 RECEIVE 3100 1449452908033 

[Reducer8]: Got 377840 bytes.
10 RECEIVE 2800 1449452921208 

[Reducer8]: Got 954568 bytes.
Awaiting simulation instructions...

Awaiting simulation instructions...

Awaiting simulation instructions...

Awaiting simulation instructions...

10 RECEIVE 3300 1449452936441 

[Reducer8]: Got 88488 bytes.
10 RECEIVE 3400 1449452952357 

[Reducer8]: Got 184232 bytes.
10 RECEIVE 3500 1449452969169 

[Reducer8]: Got 378264 bytes.
10 RECEIVE 3200 1449452981280 

[Reducer8]: Got 956440 bytes.
Awaiting simulation instructions...

Awaiting simulation instructions...

Awaiting simulation instructions...

Awaiting simulation instructions...

10 RECEIVE 3700 1449452996572 

[Reducer8]: Got 89512 bytes.
10 RECEIVE 3800 1449453011503 

[Reducer8]: Got 185256 bytes.
10 RECEIVE 3900 1449453029246 

[Reducer8]: Got 378264 bytes.
10 RECEIVE 3600 1449453040081 

[Reducer8]: Got 955416 bytes.
Awaiting simulation instructions...

Awaiting simulation instructions...

Awaiting simulation instructions...

Awaiting simulation instructions...

10 RECEIVE 4100 1449453056307 

[Reducer8]: Got 89512 bytes.
10 RECEIVE 4200 1449453071874 

[Reducer8]: Got 185256 bytes.
10 RECEIVE 4300 1449453089145 

[Reducer8]: Got 378264 bytes.
10 RECEIVE 4000 1449453102277 

[Reducer8]: Got 955416 bytes.
Slave finished all tasks and exited.
logger exit
