Awaiting simulation instructions...

Awaiting simulation instructions...

Awaiting simulation instructions...

Awaiting simulation instructions...

Awaiting simulation instructions...

4 RECEIVE 100 1449452454938 

[Reducer2]: Got 89512 bytes.
4 RECEIVE 200 1449452467749 

[Reducer2]: Got 184056 bytes.
4 RECEIVE 300 1449452479200 

[Reducer2]: Got 376056 bytes.
4 RECEIVE 0 1449452498270 

[Reducer2]: Got 957288 bytes.
Awaiting simulation instructions...

Awaiting simulation instructions...

Awaiting simulation instructions...

Awaiting simulation instructions...

4 RECEIVE 500 1449452517675 

[Reducer2]: Got 90112 bytes.
4 RECEIVE 600 1449452531360 

[Reducer2]: Got 184232 bytes.
4 RECEIVE 700 1449452546992 

[Reducer2]: Got 377416 bytes.
4 RECEIVE 400 1449452557899 

[Reducer2]: Got 956968 bytes.
Awaiting simulation instructions...

Awaiting simulation instructions...

Awaiting simulation instructions...

Awaiting simulation instructions...

4 RECEIVE 900 1449452576170 

[Reducer2]: Got 91136 bytes.
4 RECEIVE 1000 1449452590514 

[Reducer2]: Got 185256 bytes.
4 RECEIVE 1100 1449452607056 

[Reducer2]: Got 377416 bytes.
4 RECEIVE 800 1449452618053 

[Reducer2]: Got 956616 bytes.
Awaiting simulation instructions...

Awaiting simulation instructions...

Awaiting simulation instructions...

Awaiting simulation instructions...

4 RECEIVE 1300 1449452635281 

[Reducer2]: Got 89512 bytes.
4 RECEIVE 1400 1449452649785 

[Reducer2]: Got 185256 bytes.
4 RECEIVE 1500 1449452665059 

[Reducer2]: Got 377416 bytes.
4 RECEIVE 1200 1449452672467 

[Reducer2]: Got 955048 bytes.
Awaiting simulation instructions...

Awaiting simulation instructions...

Awaiting simulation instructions...

Awaiting simulation instructions...

4 RECEIVE 1700 1449452694823 

[Reducer2]: Got 89512 bytes.
4 RECEIVE 1800 1449452710148 

[Reducer2]: Got 184232 bytes.
4 RECEIVE 1900 1449452726774 

[Reducer2]: Got 377416 bytes.
4 RECEIVE 1600 1449452738943 

[Reducer2]: Got 957304 bytes.
Awaiting simulation instructions...

Awaiting simulation instructions...

Awaiting simulation instructions...

Awaiting simulation instructions...

4 RECEIVE 2100 1449452755506 

[Reducer2]: Got 89512 bytes.
4 RECEIVE 2200 1449452771398 

[Reducer2]: Got 184232 bytes.
4 RECEIVE 2300 1449452787055 

[Reducer2]: Got 378264 bytes.
4 RECEIVE 2000 1449452800725 

[Reducer2]: Got 957464 bytes.
Awaiting simulation instructions...

Awaiting simulation instructions...

Awaiting simulation instructions...

Awaiting simulation instructions...

4 RECEIVE 2500 1449452814258 

[Reducer2]: Got 89512 bytes.
4 RECEIVE 2600 1449452829551 

[Reducer2]: Got 184232 bytes.
4 RECEIVE 2700 1449452849210 

[Reducer2]: Got 374520 bytes.
4 RECEIVE 2400 1449452858061 

[Reducer2]: Got 958488 bytes.
Awaiting simulation instructions...

Awaiting simulation instructions...

Awaiting simulation instructions...

Awaiting simulation instructions...

4 RECEIVE 2900 1449452875196 

[Reducer2]: Got 89512 bytes.
4 RECEIVE 3000 1449452890942 

[Reducer2]: Got 184232 bytes.
4 RECEIVE 3100 1449452908204 

[Reducer2]: Got 377416 bytes.
4 RECEIVE 2800 1449452921887 

[Reducer2]: Got 956440 bytes.
Awaiting simulation instructions...

Awaiting simulation instructions...

Awaiting simulation instructions...

Awaiting simulation instructions...

4 RECEIVE 3300 1449452935267 

[Reducer2]: Got 89512 bytes.
4 RECEIVE 3400 1449452951490 

[Reducer2]: Got 185080 bytes.
4 RECEIVE 3500 1449452968699 

[Reducer2]: Got 374520 bytes.
4 RECEIVE 3200 1449452980553 

[Reducer2]: Got 938040 bytes.
Awaiting simulation instructions...

Awaiting simulation instructions...

Awaiting simulation instructions...

Awaiting simulation instructions...

4 RECEIVE 3700 1449452995529 

[Reducer2]: Got 89512 bytes.
4 RECEIVE 3800 1449453011512 

[Reducer2]: Got 185256 bytes.
4 RECEIVE 3900 1449453028304 

[Reducer2]: Got 377416 bytes.
4 RECEIVE 3600 1449453040411 

[Reducer2]: Got 954408 bytes.
Awaiting simulation instructions...

Awaiting simulation instructions...

Awaiting simulation instructions...

Awaiting simulation instructions...

4 RECEIVE 4100 1449453055546 

[Reducer2]: Got 89512 bytes.
4 RECEIVE 4200 1449453071365 

[Reducer2]: Got 184232 bytes.
4 RECEIVE 4300 1449453088464 

[Reducer2]: Got 376392 bytes.
4 RECEIVE 4000 1449453097540 

[Reducer2]: Got 955928 bytes.
Slave finished all tasks and exited.
logger exit
